000 (2435219.000.000) 05/21 08:21:13 Job submitted from host: <144.92.180.28:9618?addrs=144.92.180.28-9618+[2607-f388-101c-1000--370]-9618&noUDP&sock=2512_99fe_3>
...
001 (2435219.000.000) 05/21 08:21:49 Job executing on host: <144.92.180.235:9618?addrs=144.92.180.235-9618+[2607-f388-101c-1000--629]-9618&noUDP&sock=2728_c273_3>
...
006 (2435219.000.000) 05/21 08:21:57 Image size of job updated: 232588
	107  -  MemoryUsage of job (MB)
	109388  -  ResidentSetSize of job (KB)
...
006 (2435219.000.000) 05/21 08:41:57 Image size of job updated: 460948
	439  -  MemoryUsage of job (MB)
	448744  -  ResidentSetSize of job (KB)
...
006 (2435219.000.000) 05/21 09:01:58 Image size of job updated: 540280
	516  -  MemoryUsage of job (MB)
	528076  -  ResidentSetSize of job (KB)
...
005 (2435219.000.000) 05/21 10:01:10 Job terminated.
	(1) Normal termination (return value 0)
		Usr 0 01:08:04, Sys 0 00:02:13  -  Run Remote Usage
		Usr 0 00:00:00, Sys 0 00:00:00  -  Run Local Usage
		Usr 0 01:08:04, Sys 0 00:02:13  -  Total Remote Usage
		Usr 0 00:00:00, Sys 0 00:00:00  -  Total Local Usage
	196979616  -  Run Bytes Sent By Job
	180511  -  Run Bytes Received By Job
	196979616  -  Total Bytes Sent By Job
	180511  -  Total Bytes Received By Job
	Partitionable Resources :     Usage  Request Allocated 
	   Cpus                 :      0.65        1         1 
	   Disk (KB)            : 192599     2048000  18993874 
	   Memory (MB)          :    516        1992      2048 
...
