000 (2435221.000.000) 05/21 08:21:14 Job submitted from host: <144.92.180.28:9618?addrs=144.92.180.28-9618+[2607-f388-101c-1000--370]-9618&noUDP&sock=2512_99fe_3>
...
001 (2435221.000.000) 05/21 08:21:49 Job executing on host: <128.104.227.23:9618?addrs=128.104.227.23-9618+[2607-f388-101c-1000--629]-9618&noUDP&sock=2996_95d4_48>
...
006 (2435221.000.000) 05/21 08:21:57 Image size of job updated: 225392
	107  -  MemoryUsage of job (MB)
	109412  -  ResidentSetSize of job (KB)
...
006 (2435221.000.000) 05/21 08:41:57 Image size of job updated: 380288
	370  -  MemoryUsage of job (MB)
	378256  -  ResidentSetSize of job (KB)
...
006 (2435221.000.000) 05/21 09:01:58 Image size of job updated: 505556
	492  -  MemoryUsage of job (MB)
	503512  -  ResidentSetSize of job (KB)
...
006 (2435221.000.000) 05/21 09:42:00 Image size of job updated: 534804
	521  -  MemoryUsage of job (MB)
	533280  -  ResidentSetSize of job (KB)
...
006 (2435221.000.000) 05/21 10:02:00 Image size of job updated: 535580
	521  -  MemoryUsage of job (MB)
	533380  -  ResidentSetSize of job (KB)
...
006 (2435221.000.000) 05/21 10:22:00 Image size of job updated: 535636
	521  -  MemoryUsage of job (MB)
	533492  -  ResidentSetSize of job (KB)
...
005 (2435221.000.000) 05/21 10:30:50 Job terminated.
	(1) Normal termination (return value 0)
		Usr 0 01:28:44, Sys 0 00:02:52  -  Run Remote Usage
		Usr 0 00:00:00, Sys 0 00:00:00  -  Run Local Usage
		Usr 0 01:28:44, Sys 0 00:02:52  -  Total Remote Usage
		Usr 0 00:00:00, Sys 0 00:00:00  -  Total Local Usage
	276372672  -  Run Bytes Sent By Job
	180511  -  Run Bytes Received By Job
	276372672  -  Total Bytes Sent By Job
	180511  -  Total Bytes Received By Job
	Partitionable Resources :     Usage  Request Allocated 
	   Cpus                 :      0.86        1         1 
	   Disk (KB)            : 270131     2048000  18999671 
	   Memory (MB)          :    521        1992      2048 
...
