000 (2435223.000.000) 05/21 08:21:15 Job submitted from host: <144.92.180.28:9618?addrs=144.92.180.28-9618+[2607-f388-101c-1000--370]-9618&noUDP&sock=2512_99fe_3>
...
001 (2435223.000.000) 05/21 08:21:49 Job executing on host: <144.92.180.241:9618?addrs=144.92.180.241-9618+[2607-f388-101c-1000--629]-9618&noUDP&sock=2717_36e8_3>
...
006 (2435223.000.000) 05/21 08:21:57 Image size of job updated: 229948
	107  -  MemoryUsage of job (MB)
	109316  -  ResidentSetSize of job (KB)
...
006 (2435223.000.000) 05/21 08:41:57 Image size of job updated: 485232
	473  -  MemoryUsage of job (MB)
	483880  -  ResidentSetSize of job (KB)
...
006 (2435223.000.000) 05/21 09:01:58 Image size of job updated: 511984
	499  -  MemoryUsage of job (MB)
	510668  -  ResidentSetSize of job (KB)
...
006 (2435223.000.000) 05/21 09:21:59 Image size of job updated: 515160
	504  -  MemoryUsage of job (MB)
	515160  -  ResidentSetSize of job (KB)
...
006 (2435223.000.000) 05/21 10:02:00 Image size of job updated: 517308
	504  -  MemoryUsage of job (MB)
	515436  -  ResidentSetSize of job (KB)
...
005 (2435223.000.000) 05/21 10:23:59 Job terminated.
	(1) Normal termination (return value 0)
		Usr 0 01:27:26, Sys 0 00:02:06  -  Run Remote Usage
		Usr 0 00:00:00, Sys 0 00:00:00  -  Run Local Usage
		Usr 0 01:27:26, Sys 0 00:02:06  -  Total Remote Usage
		Usr 0 00:00:00, Sys 0 00:00:00  -  Total Local Usage
	262921216  -  Run Bytes Sent By Job
	180511  -  Run Bytes Received By Job
	262921216  -  Total Bytes Sent By Job
	180511  -  Total Bytes Received By Job
	Partitionable Resources :     Usage  Request Allocated 
	   Cpus                 :      0.80        1         1 
	   Disk (KB)            : 256995     2048000  18992204 
	   Memory (MB)          :    504        1992      2048 
...
