********** for MC *********
All files added.
Initializing chain.
from Init DATA
Coming in: 
nentries:29793839
Running over 29793839 events.
Finished entry 0/29793838
Finished entry 1000000/29793838
Finished entry 2000000/29793838
Finished entry 3000000/29793838
Finished entry 4000000/29793838
Finished entry 5000000/29793838
Finished entry 6000000/29793838
Finished entry 7000000/29793838
Finished entry 8000000/29793838
Finished entry 9000000/29793838
Finished entry 10000000/29793838
Finished entry 11000000/29793838
Finished entry 12000000/29793838
Finished entry 13000000/29793838
Finished entry 14000000/29793838
Finished entry 15000000/29793838
Finished entry 16000000/29793838
Finished entry 17000000/29793838
Finished entry 18000000/29793838
Finished entry 19000000/29793838
Finished entry 20000000/29793838
Finished entry 21000000/29793838
Finished entry 22000000/29793838
Finished entry 23000000/29793838
Finished entry 24000000/29793838
Finished entry 25000000/29793838
Finished entry 26000000/29793838
Finished entry 27000000/29793838
Finished entry 28000000/29793838
Finished entry 29000000/29793838
nVLooseTau = 10317
nTightTau  = 922
Real time 2:39:06, CP time 4366.270
