000 (3216944.000.000) 06/04 17:01:14 Job submitted from host: <144.92.181.244:9618?addrs=144.92.181.244-9618+[2607-f388-101c-1000--371]-9618&noUDP&sock=482422_f1bf_3>
...
001 (3216944.000.000) 06/04 17:08:36 Job executing on host: <128.104.227.54:9618?addrs=128.104.227.54-9618+[2607-f388-101c-1000--629]-9618&noUDP&sock=2819_2d91_48>
...
006 (3216944.000.000) 06/04 17:08:45 Image size of job updated: 224220
	106  -  MemoryUsage of job (MB)
	107944  -  ResidentSetSize of job (KB)
...
006 (3216944.000.000) 06/04 17:28:46 Image size of job updated: 308136
	300  -  MemoryUsage of job (MB)
	306572  -  ResidentSetSize of job (KB)
...
006 (3216944.000.000) 06/04 17:48:47 Image size of job updated: 308152
	300  -  MemoryUsage of job (MB)
	306592  -  ResidentSetSize of job (KB)
...
006 (3216944.000.000) 06/04 18:08:48 Image size of job updated: 319340
	311  -  MemoryUsage of job (MB)
	318108  -  ResidentSetSize of job (KB)
...
006 (3216944.000.000) 06/04 18:28:48 Image size of job updated: 319612
	311  -  MemoryUsage of job (MB)
	318108  -  ResidentSetSize of job (KB)
...
005 (3216944.000.000) 06/04 19:53:46 Job terminated.
	(1) Normal termination (return value 0)
		Usr 0 00:58:44, Sys 0 00:02:53  -  Run Remote Usage
		Usr 0 00:00:00, Sys 0 00:00:00  -  Run Local Usage
		Usr 0 00:58:44, Sys 0 00:02:53  -  Total Remote Usage
		Usr 0 00:00:00, Sys 0 00:00:00  -  Total Local Usage
	14734  -  Run Bytes Sent By Job
	163670  -  Run Bytes Received By Job
	14734  -  Total Bytes Sent By Job
	163670  -  Total Bytes Received By Job
	Partitionable Resources :    Usage  Request Allocated 
	   Cpus                 :     0.42        1         1 
	   Disk (KB)            :   235     2048000  18985400 
	   Memory (MB)          :   311        1992      2048 
...
