000 (3216979.000.000) 06/04 17:02:08 Job submitted from host: <144.92.181.244:9618?addrs=144.92.181.244-9618+[2607-f388-101c-1000--371]-9618&noUDP&sock=482422_f1bf_3>
...
001 (3216979.000.000) 06/04 17:13:13 Job executing on host: <144.92.180.152:9618?addrs=144.92.180.152-9618+[2607-f388-101c-1000--629]-9618&noUDP&sock=2692_110a_3>
...
006 (3216979.000.000) 06/04 17:13:21 Image size of job updated: 225124
	106  -  MemoryUsage of job (MB)
	107772  -  ResidentSetSize of job (KB)
...
006 (3216979.000.000) 06/04 17:33:21 Image size of job updated: 308352
	299  -  MemoryUsage of job (MB)
	306088  -  ResidentSetSize of job (KB)
...
006 (3216979.000.000) 06/04 18:13:23 Image size of job updated: 308352
	300  -  MemoryUsage of job (MB)
	306456  -  ResidentSetSize of job (KB)
...
006 (3216979.000.000) 06/04 18:33:24 Image size of job updated: 321012
	313  -  MemoryUsage of job (MB)
	320020  -  ResidentSetSize of job (KB)
...
005 (3216979.000.000) 06/04 19:10:37 Job terminated.
	(1) Normal termination (return value 0)
		Usr 0 00:45:53, Sys 0 00:01:44  -  Run Remote Usage
		Usr 0 00:00:00, Sys 0 00:00:00  -  Run Local Usage
		Usr 0 00:45:53, Sys 0 00:01:44  -  Total Remote Usage
		Usr 0 00:00:00, Sys 0 00:00:00  -  Total Local Usage
	14335  -  Run Bytes Sent By Job
	163670  -  Run Bytes Received By Job
	14335  -  Total Bytes Sent By Job
	163670  -  Total Bytes Received By Job
	Partitionable Resources :    Usage  Request Allocated 
	   Cpus                 :     0.45        1         1 
	   Disk (KB)            :   234     2048000  18990007 
	   Memory (MB)          :   313        1992      2048 
...
