000 (3216973.000.000) 06/04 17:02:04 Job submitted from host: <144.92.181.244:9618?addrs=144.92.181.244-9618+[2607-f388-101c-1000--371]-9618&noUDP&sock=482422_f1bf_3>
...
001 (3216973.000.000) 06/04 17:13:13 Job executing on host: <128.104.227.113:9618?addrs=128.104.227.113-9618+[2607-f388-101c-1000--62]-9618&noUDP&sock=3478_327a_3>
...
006 (3216973.000.000) 06/04 17:13:22 Image size of job updated: 227328
	106  -  MemoryUsage of job (MB)
	107944  -  ResidentSetSize of job (KB)
...
006 (3216973.000.000) 06/04 17:33:23 Image size of job updated: 319372
	311  -  MemoryUsage of job (MB)
	318036  -  ResidentSetSize of job (KB)
...
006 (3216973.000.000) 06/04 18:53:25 Image size of job updated: 319916
	313  -  MemoryUsage of job (MB)
	319752  -  ResidentSetSize of job (KB)
...
005 (3216973.000.000) 06/04 20:04:41 Job terminated.
	(1) Normal termination (return value 0)
		Usr 0 00:55:09, Sys 0 00:02:09  -  Run Remote Usage
		Usr 0 00:00:00, Sys 0 00:00:00  -  Run Local Usage
		Usr 0 00:55:09, Sys 0 00:02:09  -  Total Remote Usage
		Usr 0 00:00:00, Sys 0 00:00:00  -  Total Local Usage
	14734  -  Run Bytes Sent By Job
	163670  -  Run Bytes Received By Job
	14734  -  Total Bytes Sent By Job
	163670  -  Total Bytes Received By Job
	Partitionable Resources :    Usage  Request Allocated 
	   Cpus                 :     0.14        1         1 
	   Disk (KB)            :   236     2048000  18993441 
	   Memory (MB)          :   313        1992      2048 
...
