000 (3216962.000.000) 06/04 17:01:57 Job submitted from host: <144.92.181.244:9618?addrs=144.92.181.244-9618+[2607-f388-101c-1000--371]-9618&noUDP&sock=482422_f1bf_3>
...
001 (3216962.000.000) 06/04 17:11:10 Job executing on host: <144.92.180.156:9618?addrs=144.92.180.156-9618+[2607-f388-101c-1000--629]-9618&noUDP&sock=2665_8bfb_3>
...
006 (3216962.000.000) 06/04 17:11:19 Image size of job updated: 225324
	106  -  MemoryUsage of job (MB)
	107848  -  ResidentSetSize of job (KB)
...
006 (3216962.000.000) 06/04 17:31:20 Image size of job updated: 312132
	304  -  MemoryUsage of job (MB)
	311032  -  ResidentSetSize of job (KB)
...
006 (3216962.000.000) 06/04 17:51:21 Image size of job updated: 322504
	313  -  MemoryUsage of job (MB)
	320352  -  ResidentSetSize of job (KB)
...
006 (3216962.000.000) 06/04 18:31:21 Image size of job updated: 324436
	315  -  MemoryUsage of job (MB)
	322484  -  ResidentSetSize of job (KB)
...
005 (3216962.000.000) 06/04 18:58:59 Job terminated.
	(1) Normal termination (return value 0)
		Usr 0 00:44:36, Sys 0 00:01:47  -  Run Remote Usage
		Usr 0 00:00:00, Sys 0 00:00:00  -  Run Local Usage
		Usr 0 00:44:36, Sys 0 00:01:47  -  Total Remote Usage
		Usr 0 00:00:00, Sys 0 00:00:00  -  Total Local Usage
	14354  -  Run Bytes Sent By Job
	163670  -  Run Bytes Received By Job
	14354  -  Total Bytes Sent By Job
	163670  -  Total Bytes Received By Job
	Partitionable Resources :    Usage  Request Allocated 
	   Cpus                 :     0.02        1         1 
	   Disk (KB)            :   234     2048000  18987912 
	   Memory (MB)          :   315        1992      2048 
...
