********** for MC *********
All files added.
Initializing chain.
from Init DATA
Coming in: 
nentries:31348218
Running over 31348218 events.
Finished entry 0/31348217
Finished entry 1000000/31348217
Finished entry 2000000/31348217
Finished entry 3000000/31348217
Finished entry 4000000/31348217
Finished entry 5000000/31348217
Finished entry 6000000/31348217
Finished entry 7000000/31348217
Finished entry 8000000/31348217
Finished entry 9000000/31348217
Finished entry 10000000/31348217
Finished entry 11000000/31348217
Finished entry 12000000/31348217
Finished entry 13000000/31348217
Finished entry 14000000/31348217
Finished entry 15000000/31348217
Finished entry 16000000/31348217
Finished entry 17000000/31348217
Finished entry 18000000/31348217
Finished entry 19000000/31348217
Finished entry 20000000/31348217
Finished entry 21000000/31348217
Finished entry 22000000/31348217
Finished entry 23000000/31348217
Finished entry 24000000/31348217
Finished entry 25000000/31348217
Finished entry 26000000/31348217
Finished entry 27000000/31348217
Finished entry 28000000/31348217
Finished entry 29000000/31348217
Finished entry 30000000/31348217
Finished entry 31000000/31348217
nVLooseTau = 12172
nTightTau  = 1037
Real time 2:22:12, CP time 3780.110
