000 (3216975.000.000) 06/04 17:02:05 Job submitted from host: <144.92.181.244:9618?addrs=144.92.181.244-9618+[2607-f388-101c-1000--371]-9618&noUDP&sock=482422_f1bf_3>
...
001 (3216975.000.000) 06/04 17:13:12 Job executing on host: <144.92.180.239:9618?addrs=144.92.180.239-9618+[2607-f388-101c-1000--629]-9618&noUDP&sock=2743_0c5e_3>
...
006 (3216975.000.000) 06/04 17:13:21 Image size of job updated: 225480
	106  -  MemoryUsage of job (MB)
	107872  -  ResidentSetSize of job (KB)
...
006 (3216975.000.000) 06/04 17:33:22 Image size of job updated: 374672
	303  -  MemoryUsage of job (MB)
	309512  -  ResidentSetSize of job (KB)
...
006 (3216975.000.000) 06/04 18:13:23 Image size of job updated: 374672
	303  -  MemoryUsage of job (MB)
	310180  -  ResidentSetSize of job (KB)
...
006 (3216975.000.000) 06/04 18:53:23 Image size of job updated: 374672
	314  -  MemoryUsage of job (MB)
	321436  -  ResidentSetSize of job (KB)
...
005 (3216975.000.000) 06/04 19:37:33 Job terminated.
	(1) Normal termination (return value 0)
		Usr 0 00:52:57, Sys 0 00:01:34  -  Run Remote Usage
		Usr 0 00:00:00, Sys 0 00:00:00  -  Run Local Usage
		Usr 0 00:52:57, Sys 0 00:01:34  -  Total Remote Usage
		Usr 0 00:00:00, Sys 0 00:00:00  -  Total Local Usage
	14587  -  Run Bytes Sent By Job
	163670  -  Run Bytes Received By Job
	14587  -  Total Bytes Sent By Job
	163670  -  Total Bytes Received By Job
	Partitionable Resources :    Usage  Request Allocated 
	   Cpus                 :     0.43        1         1 
	   Disk (KB)            :   236     2048000  18996553 
	   Memory (MB)          :   314        1992      2048 
...
