000 (3216923.000.000) 06/04 17:01:02 Job submitted from host: <144.92.181.244:9618?addrs=144.92.181.244-9618+[2607-f388-101c-1000--371]-9618&noUDP&sock=482422_f1bf_3>
...
001 (3216923.000.000) 06/04 17:01:34 Job executing on host: <144.92.180.121:9618?addrs=144.92.180.121-9618+[2607-f388-101c-1000--629]-9618&noUDP&sock=3175_5d48_3>
...
006 (3216923.000.000) 06/04 17:01:42 Image size of job updated: 227268
	106  -  MemoryUsage of job (MB)
	107732  -  ResidentSetSize of job (KB)
...
006 (3216923.000.000) 06/04 17:21:42 Image size of job updated: 427732
	305  -  MemoryUsage of job (MB)
	311676  -  ResidentSetSize of job (KB)
...
006 (3216923.000.000) 06/04 17:41:43 Image size of job updated: 427732
	313  -  MemoryUsage of job (MB)
	319984  -  ResidentSetSize of job (KB)
...
006 (3216923.000.000) 06/04 18:01:44 Image size of job updated: 427732
	324  -  MemoryUsage of job (MB)
	331080  -  ResidentSetSize of job (KB)
...
006 (3216923.000.000) 06/04 18:21:44 Image size of job updated: 427732
	326  -  MemoryUsage of job (MB)
	332812  -  ResidentSetSize of job (KB)
...
006 (3216923.000.000) 06/04 18:41:44 Image size of job updated: 427732
	339  -  MemoryUsage of job (MB)
	346796  -  ResidentSetSize of job (KB)
...
005 (3216923.000.000) 06/04 18:57:59 Job terminated.
	(1) Normal termination (return value 0)
		Usr 0 00:45:23, Sys 0 00:02:19  -  Run Remote Usage
		Usr 0 00:00:00, Sys 0 00:00:00  -  Run Local Usage
		Usr 0 00:45:23, Sys 0 00:02:19  -  Total Remote Usage
		Usr 0 00:00:00, Sys 0 00:00:00  -  Total Local Usage
	14308  -  Run Bytes Sent By Job
	163670  -  Run Bytes Received By Job
	14308  -  Total Bytes Sent By Job
	163670  -  Total Bytes Received By Job
	Partitionable Resources :    Usage  Request Allocated 
	   Cpus                 :     0.53        1         1 
	   Disk (KB)            :   234     2048000  18352277 
	   Memory (MB)          :   339        1992      2048 
...
