000 (3216930.000.000) 06/04 17:01:06 Job submitted from host: <144.92.181.244:9618?addrs=144.92.181.244-9618+[2607-f388-101c-1000--371]-9618&noUDP&sock=482422_f1bf_3>
...
001 (3216930.000.000) 06/04 17:02:48 Job executing on host: <144.92.180.239:9618?addrs=144.92.180.239-9618+[2607-f388-101c-1000--629]-9618&noUDP&sock=2743_0c5e_3>
...
006 (3216930.000.000) 06/04 17:02:56 Image size of job updated: 225968
	106  -  MemoryUsage of job (MB)
	107980  -  ResidentSetSize of job (KB)
...
006 (3216930.000.000) 06/04 17:22:56 Image size of job updated: 324376
	317  -  MemoryUsage of job (MB)
	324292  -  ResidentSetSize of job (KB)
...
006 (3216930.000.000) 06/04 18:42:59 Image size of job updated: 330876
	323  -  MemoryUsage of job (MB)
	330092  -  ResidentSetSize of job (KB)
...
005 (3216930.000.000) 06/04 19:33:18 Job terminated.
	(1) Normal termination (return value 0)
		Usr 0 00:54:30, Sys 0 00:01:41  -  Run Remote Usage
		Usr 0 00:00:00, Sys 0 00:00:00  -  Run Local Usage
		Usr 0 00:54:30, Sys 0 00:01:41  -  Total Remote Usage
		Usr 0 00:00:00, Sys 0 00:00:00  -  Total Local Usage
	14690  -  Run Bytes Sent By Job
	163670  -  Run Bytes Received By Job
	14690  -  Total Bytes Sent By Job
	163670  -  Total Bytes Received By Job
	Partitionable Resources :    Usage  Request Allocated 
	   Cpus                 :     0.37        1         1 
	   Disk (KB)            :   236     2048000  18996553 
	   Memory (MB)          :   323        1992      2048 
...
