000 (3216950.000.000) 06/04 17:01:17 Job submitted from host: <144.92.181.244:9618?addrs=144.92.181.244-9618+[2607-f388-101c-1000--371]-9618&noUDP&sock=482422_f1bf_3>
...
001 (3216950.000.000) 06/04 17:10:01 Job executing on host: <144.92.181.76:9618?addrs=144.92.181.76-9618+[2607-f388-101c-1000--629]-9618&noUDP&sock=3622_f81e_3>
...
006 (3216950.000.000) 06/04 17:10:09 Image size of job updated: 225972
	106  -  MemoryUsage of job (MB)
	107772  -  ResidentSetSize of job (KB)
...
006 (3216950.000.000) 06/04 17:30:09 Image size of job updated: 319004
	310  -  MemoryUsage of job (MB)
	317112  -  ResidentSetSize of job (KB)
...
005 (3216950.000.000) 06/04 19:22:09 Job terminated.
	(1) Normal termination (return value 0)
		Usr 0 01:02:47, Sys 0 00:03:43  -  Run Remote Usage
		Usr 0 00:00:00, Sys 0 00:00:00  -  Run Local Usage
		Usr 0 01:02:47, Sys 0 00:03:43  -  Total Remote Usage
		Usr 0 00:00:00, Sys 0 00:00:00  -  Total Local Usage
	16798  -  Run Bytes Sent By Job
	163670  -  Run Bytes Received By Job
	16798  -  Total Bytes Sent By Job
	163670  -  Total Bytes Received By Job
	Partitionable Resources :    Usage  Request Allocated 
	   Cpus                 :     0.62        1         1 
	   Disk (KB)            :   236     2048000  18496249 
	   Memory (MB)          :   310        1992      2048 
...
