000 (3216956.000.000) 06/04 17:01:54 Job submitted from host: <144.92.181.244:9618?addrs=144.92.181.244-9618+[2607-f388-101c-1000--371]-9618&noUDP&sock=482422_f1bf_3>
...
001 (3216956.000.000) 06/04 17:11:10 Job executing on host: <144.92.180.245:9618?addrs=144.92.180.245-9618+[2607-f388-101c-1000--629]-9618&noUDP&sock=5653_10f7_6>
...
006 (3216956.000.000) 06/04 17:11:18 Image size of job updated: 184208
	106  -  MemoryUsage of job (MB)
	107716  -  ResidentSetSize of job (KB)
...
006 (3216956.000.000) 06/04 17:31:18 Image size of job updated: 329316
	320  -  MemoryUsage of job (MB)
	326976  -  ResidentSetSize of job (KB)
...
006 (3216956.000.000) 06/04 17:51:19 Image size of job updated: 338608
	329  -  MemoryUsage of job (MB)
	336136  -  ResidentSetSize of job (KB)
...
005 (3216956.000.000) 06/04 18:48:32 Job terminated.
	(1) Normal termination (return value 0)
		Usr 0 00:39:23, Sys 0 00:01:17  -  Run Remote Usage
		Usr 0 00:00:00, Sys 0 00:00:00  -  Run Local Usage
		Usr 0 00:39:23, Sys 0 00:01:17  -  Total Remote Usage
		Usr 0 00:00:00, Sys 0 00:00:00  -  Total Local Usage
	14315  -  Run Bytes Sent By Job
	163670  -  Run Bytes Received By Job
	14315  -  Total Bytes Sent By Job
	163670  -  Total Bytes Received By Job
	Partitionable Resources :    Usage  Request Allocated 
	   Cpus                 :     0.39        1         1 
	   Disk (KB)            :   236     2048000  18997690 
	   Memory (MB)          :   329        1992      2048 
...
