000 (3216960.000.000) 06/04 17:01:56 Job submitted from host: <144.92.181.244:9618?addrs=144.92.181.244-9618+[2607-f388-101c-1000--371]-9618&noUDP&sock=482422_f1bf_3>
...
001 (3216960.000.000) 06/04 17:11:10 Job executing on host: <144.92.180.147:9618?addrs=144.92.180.147-9618+[2607-f388-101c-1000--629]-9618&noUDP&sock=2759_05e2_3>
...
006 (3216960.000.000) 06/04 17:11:19 Image size of job updated: 163708
	53  -  MemoryUsage of job (MB)
	54216  -  ResidentSetSize of job (KB)
...
006 (3216960.000.000) 06/04 17:31:20 Image size of job updated: 318804
	311  -  MemoryUsage of job (MB)
	317540  -  ResidentSetSize of job (KB)
...
006 (3216960.000.000) 06/04 17:51:22 Image size of job updated: 319652
	311  -  MemoryUsage of job (MB)
	317540  -  ResidentSetSize of job (KB)
...
006 (3216960.000.000) 06/04 18:31:22 Image size of job updated: 330828
	323  -  MemoryUsage of job (MB)
	330052  -  ResidentSetSize of job (KB)
...
006 (3216960.000.000) 06/04 19:51:25 Image size of job updated: 331488
	323  -  MemoryUsage of job (MB)
	330724  -  ResidentSetSize of job (KB)
...
005 (3216960.000.000) 06/04 20:07:51 Job terminated.
	(1) Normal termination (return value 0)
		Usr 0 01:11:08, Sys 0 00:02:40  -  Run Remote Usage
		Usr 0 00:00:00, Sys 0 00:00:00  -  Run Local Usage
		Usr 0 01:11:08, Sys 0 00:02:40  -  Total Remote Usage
		Usr 0 00:00:00, Sys 0 00:00:00  -  Total Local Usage
	14889  -  Run Bytes Sent By Job
	163670  -  Run Bytes Received By Job
	14889  -  Total Bytes Sent By Job
	163670  -  Total Bytes Received By Job
	Partitionable Resources :    Usage  Request Allocated 
	   Cpus                 :     0.28        1         1 
	   Disk (KB)            :   235     2048000  18988674 
	   Memory (MB)          :   323        1992      2048 
...
