000 (3216965.000.000) 06/04 17:01:59 Job submitted from host: <144.92.181.244:9618?addrs=144.92.181.244-9618+[2607-f388-101c-1000--371]-9618&noUDP&sock=482422_f1bf_3>
...
001 (3216965.000.000) 06/04 17:11:11 Job executing on host: <144.92.180.245:9618?addrs=144.92.180.245-9618+[2607-f388-101c-1000--629]-9618&noUDP&sock=5653_10f7_6>
...
006 (3216965.000.000) 06/04 17:11:19 Image size of job updated: 156088
	110  -  MemoryUsage of job (MB)
	112296  -  ResidentSetSize of job (KB)
...
005 (3216965.000.000) 06/04 17:26:47 Job terminated.
	(1) Normal termination (return value 0)
		Usr 0 00:05:55, Sys 0 00:00:17  -  Run Remote Usage
		Usr 0 00:00:00, Sys 0 00:00:00  -  Run Local Usage
		Usr 0 00:05:55, Sys 0 00:00:17  -  Total Remote Usage
		Usr 0 00:00:00, Sys 0 00:00:00  -  Total Local Usage
	14319  -  Run Bytes Sent By Job
	163670  -  Run Bytes Received By Job
	14319  -  Total Bytes Sent By Job
	163670  -  Total Bytes Received By Job
	Partitionable Resources :    Usage  Request Allocated 
	   Cpus                 :     0.49        1         1 
	   Disk (KB)            :   236     2048000  18997690 
	   Memory (MB)          :   110        1992      2048 
...
