********** for MC *********
All files added.
Initializing chain.
from Init DATA
Coming in: 
nentries:36379936
Running over 36379936 events.
Finished entry 0/36379935
Finished entry 1000000/36379935
Finished entry 2000000/36379935
Finished entry 3000000/36379935
Finished entry 4000000/36379935
Finished entry 5000000/36379935
Finished entry 6000000/36379935
Finished entry 7000000/36379935
Finished entry 8000000/36379935
Finished entry 9000000/36379935
Finished entry 10000000/36379935
Finished entry 11000000/36379935
Finished entry 12000000/36379935
Finished entry 13000000/36379935
Finished entry 14000000/36379935
Finished entry 15000000/36379935
Finished entry 16000000/36379935
Finished entry 17000000/36379935
Finished entry 18000000/36379935
Finished entry 19000000/36379935
Finished entry 20000000/36379935
Finished entry 21000000/36379935
Finished entry 22000000/36379935
Finished entry 23000000/36379935
Finished entry 24000000/36379935
Finished entry 25000000/36379935
Finished entry 26000000/36379935
Finished entry 27000000/36379935
Finished entry 28000000/36379935
Finished entry 29000000/36379935
Finished entry 30000000/36379935
Finished entry 31000000/36379935
Finished entry 32000000/36379935
Finished entry 33000000/36379935
Finished entry 34000000/36379935
Finished entry 35000000/36379935
Finished entry 36000000/36379935
nVLooseTau = 14339
nTightTau  = 1230
Real time 2:56:39, CP time 4453.930
