000 (3216945.000.000) 06/04 17:01:14 Job submitted from host: <144.92.181.244:9618?addrs=144.92.181.244-9618+[2607-f388-101c-1000--371]-9618&noUDP&sock=482422_f1bf_3>
...
001 (3216945.000.000) 06/04 17:08:36 Job executing on host: <128.104.227.42:9618?addrs=128.104.227.42-9618+[2607-f388-101c-1000--629]-9618&noUDP&sock=2891_9063_48>
...
006 (3216945.000.000) 06/04 17:08:45 Image size of job updated: 225076
	106  -  MemoryUsage of job (MB)
	107924  -  ResidentSetSize of job (KB)
...
006 (3216945.000.000) 06/04 17:28:46 Image size of job updated: 317624
	310  -  MemoryUsage of job (MB)
	317384  -  ResidentSetSize of job (KB)
...
006 (3216945.000.000) 06/04 17:48:47 Image size of job updated: 320700
	311  -  MemoryUsage of job (MB)
	318360  -  ResidentSetSize of job (KB)
...
006 (3216945.000.000) 06/04 18:48:47 Image size of job updated: 323792
	311  -  MemoryUsage of job (MB)
	318360  -  ResidentSetSize of job (KB)
...
006 (3216945.000.000) 06/04 19:48:50 Image size of job updated: 340076
	311  -  MemoryUsage of job (MB)
	318360  -  ResidentSetSize of job (KB)
...
005 (3216945.000.000) 06/04 19:56:59 Job terminated.
	(1) Normal termination (return value 0)
		Usr 0 01:02:13, Sys 0 00:02:49  -  Run Remote Usage
		Usr 0 00:00:00, Sys 0 00:00:00  -  Run Local Usage
		Usr 0 01:02:13, Sys 0 00:02:49  -  Total Remote Usage
		Usr 0 00:00:00, Sys 0 00:00:00  -  Total Local Usage
	14727  -  Run Bytes Sent By Job
	163670  -  Run Bytes Received By Job
	14727  -  Total Bytes Sent By Job
	163670  -  Total Bytes Received By Job
	Partitionable Resources :    Usage  Request Allocated 
	   Cpus                 :     0.02        1         1 
	   Disk (KB)            :   234     2048000  18993579 
	   Memory (MB)          :   311        1992      2048 
...
