000 (3216939.000.000) 06/04 17:01:11 Job submitted from host: <144.92.181.244:9618?addrs=144.92.181.244-9618+[2607-f388-101c-1000--371]-9618&noUDP&sock=482422_f1bf_3>
...
001 (3216939.000.000) 06/04 17:04:42 Job executing on host: <128.104.227.96:9618?addrs=128.104.227.96-9618+[2607-f388-101c-1000--629]-9618&noUDP&sock=3653_3b8d_3>
...
006 (3216939.000.000) 06/04 17:04:50 Image size of job updated: 225404
	106  -  MemoryUsage of job (MB)
	107816  -  ResidentSetSize of job (KB)
...
006 (3216939.000.000) 06/04 17:24:50 Image size of job updated: 420280
	318  -  MemoryUsage of job (MB)
	324764  -  ResidentSetSize of job (KB)
...
006 (3216939.000.000) 06/04 18:24:52 Image size of job updated: 420280
	318  -  MemoryUsage of job (MB)
	325320  -  ResidentSetSize of job (KB)
...
005 (3216939.000.000) 06/04 19:01:47 Job terminated.
	(1) Normal termination (return value 0)
		Usr 0 00:41:32, Sys 0 00:01:24  -  Run Remote Usage
		Usr 0 00:00:00, Sys 0 00:00:00  -  Run Local Usage
		Usr 0 00:41:32, Sys 0 00:01:24  -  Total Remote Usage
		Usr 0 00:00:00, Sys 0 00:00:00  -  Total Local Usage
	14391  -  Run Bytes Sent By Job
	163670  -  Run Bytes Received By Job
	14391  -  Total Bytes Sent By Job
	163670  -  Total Bytes Received By Job
	Partitionable Resources :    Usage  Request Allocated 
	   Cpus                 :     0.45        1         1 
	   Disk (KB)            :   236     2048000  18988527 
	   Memory (MB)          :   318        1992      2048 
...
