********** for MC *********
All files added.
Initializing chain.
from Init DATA
Coming in: 
nentries:23337568
Running over 23337568 events.
Finished entry 0/23337567
Finished entry 1000000/23337567
Finished entry 2000000/23337567
Finished entry 3000000/23337567
Finished entry 4000000/23337567
Finished entry 5000000/23337567
Finished entry 6000000/23337567
Finished entry 7000000/23337567
Finished entry 8000000/23337567
Finished entry 9000000/23337567
Finished entry 10000000/23337567
Finished entry 11000000/23337567
Finished entry 12000000/23337567
Finished entry 13000000/23337567
Finished entry 14000000/23337567
Finished entry 15000000/23337567
Finished entry 16000000/23337567
Finished entry 17000000/23337567
Finished entry 18000000/23337567
Finished entry 19000000/23337567
Finished entry 20000000/23337567
Finished entry 21000000/23337567
Finished entry 22000000/23337567
Finished entry 23000000/23337567
nVLooseTau = 8072
nTightTau  = 699
Real time 1:52:55, CP time 2701.430
