000 (3216951.000.000) 06/04 17:01:18 Job submitted from host: <144.92.181.244:9618?addrs=144.92.181.244-9618+[2607-f388-101c-1000--371]-9618&noUDP&sock=482422_f1bf_3>
...
001 (3216951.000.000) 06/04 17:10:00 Job executing on host: <144.92.181.84:9618?addrs=144.92.181.84-9618+[2607-f388-101c-1000--629]-9618&noUDP&sock=3669_3511_3>
...
006 (3216951.000.000) 06/04 17:10:09 Image size of job updated: 201508
	106  -  MemoryUsage of job (MB)
	107856  -  ResidentSetSize of job (KB)
...
006 (3216951.000.000) 06/04 17:30:09 Image size of job updated: 400928
	310  -  MemoryUsage of job (MB)
	316464  -  ResidentSetSize of job (KB)
...
005 (3216951.000.000) 06/04 19:56:55 Job terminated.
	(1) Normal termination (return value 0)
		Usr 0 01:20:04, Sys 0 00:03:16  -  Run Remote Usage
		Usr 0 00:00:00, Sys 0 00:00:00  -  Run Local Usage
		Usr 0 01:20:04, Sys 0 00:03:16  -  Total Remote Usage
		Usr 0 00:00:00, Sys 0 00:00:00  -  Total Local Usage
	15127  -  Run Bytes Sent By Job
	163670  -  Run Bytes Received By Job
	15127  -  Total Bytes Sent By Job
	163670  -  Total Bytes Received By Job
	Partitionable Resources :    Usage  Request Allocated 
	   Cpus                 :     0.66        1         1 
	   Disk (KB)            :   237     2048000  18513741 
	   Memory (MB)          :   310        1992      2048 
...
