000 (3216946.000.000) 06/04 17:01:15 Job submitted from host: <144.92.181.244:9618?addrs=144.92.181.244-9618+[2607-f388-101c-1000--371]-9618&noUDP&sock=482422_f1bf_3>
...
001 (3216946.000.000) 06/04 17:10:01 Job executing on host: <128.104.227.113:9618?addrs=128.104.227.113-9618+[2607-f388-101c-1000--62]-9618&noUDP&sock=3478_327a_3>
...
006 (3216946.000.000) 06/04 17:10:10 Image size of job updated: 226208
	106  -  MemoryUsage of job (MB)
	107868  -  ResidentSetSize of job (KB)
...
006 (3216946.000.000) 06/04 17:30:11 Image size of job updated: 310124
	303  -  MemoryUsage of job (MB)
	309844  -  ResidentSetSize of job (KB)
...
006 (3216946.000.000) 06/04 17:50:12 Image size of job updated: 315428
	308  -  MemoryUsage of job (MB)
	314864  -  ResidentSetSize of job (KB)
...
006 (3216946.000.000) 06/04 19:30:13 Image size of job updated: 324536
	315  -  MemoryUsage of job (MB)
	321956  -  ResidentSetSize of job (KB)
...
005 (3216946.000.000) 06/04 19:40:08 Job terminated.
	(1) Normal termination (return value 0)
		Usr 0 00:50:30, Sys 0 00:01:57  -  Run Remote Usage
		Usr 0 00:00:00, Sys 0 00:00:00  -  Run Local Usage
		Usr 0 00:50:30, Sys 0 00:01:57  -  Total Remote Usage
		Usr 0 00:00:00, Sys 0 00:00:00  -  Total Local Usage
	14587  -  Run Bytes Sent By Job
	163670  -  Run Bytes Received By Job
	14587  -  Total Bytes Sent By Job
	163670  -  Total Bytes Received By Job
	Partitionable Resources :    Usage  Request Allocated 
	   Cpus                 :     0.25        1         1 
	   Disk (KB)            :   234     2048000  18993441 
	   Memory (MB)          :   315        1992      2048 
...
