000 (3216938.000.000) 06/04 17:01:10 Job submitted from host: <144.92.181.244:9618?addrs=144.92.181.244-9618+[2607-f388-101c-1000--371]-9618&noUDP&sock=482422_f1bf_3>
...
001 (3216938.000.000) 06/04 17:04:41 Job executing on host: <128.104.227.42:9618?addrs=128.104.227.42-9618+[2607-f388-101c-1000--629]-9618&noUDP&sock=2891_9063_48>
...
006 (3216938.000.000) 06/04 17:04:50 Image size of job updated: 109568
	106  -  MemoryUsage of job (MB)
	107924  -  ResidentSetSize of job (KB)
...
006 (3216938.000.000) 06/04 17:24:51 Image size of job updated: 316940
	308  -  MemoryUsage of job (MB)
	315176  -  ResidentSetSize of job (KB)
...
006 (3216938.000.000) 06/04 18:24:52 Image size of job updated: 318908
	311  -  MemoryUsage of job (MB)
	318000  -  ResidentSetSize of job (KB)
...
006 (3216938.000.000) 06/04 19:04:54 Image size of job updated: 338896
	330  -  MemoryUsage of job (MB)
	337604  -  ResidentSetSize of job (KB)
...
006 (3216938.000.000) 06/04 19:44:54 Image size of job updated: 338896
	330  -  MemoryUsage of job (MB)
	337700  -  ResidentSetSize of job (KB)
...
005 (3216938.000.000) 06/04 19:51:17 Job terminated.
	(1) Normal termination (return value 0)
		Usr 0 00:58:47, Sys 0 00:02:57  -  Run Remote Usage
		Usr 0 00:00:00, Sys 0 00:00:00  -  Run Local Usage
		Usr 0 00:58:47, Sys 0 00:02:57  -  Total Remote Usage
		Usr 0 00:00:00, Sys 0 00:00:00  -  Total Local Usage
	14721  -  Run Bytes Sent By Job
	163670  -  Run Bytes Received By Job
	14721  -  Total Bytes Sent By Job
	163670  -  Total Bytes Received By Job
	Partitionable Resources :    Usage  Request Allocated 
	   Cpus                 :     0.41        1         1 
	   Disk (KB)            :   234     2048000  18993579 
	   Memory (MB)          :   330        1992      2048 
...
