000 (3216933.000.000) 06/04 17:01:08 Job submitted from host: <144.92.181.244:9618?addrs=144.92.181.244-9618+[2607-f388-101c-1000--371]-9618&noUDP&sock=482422_f1bf_3>
...
001 (3216933.000.000) 06/04 17:03:15 Job executing on host: <128.104.227.54:9618?addrs=128.104.227.54-9618+[2607-f388-101c-1000--629]-9618&noUDP&sock=2819_2d91_48>
...
006 (3216933.000.000) 06/04 17:03:24 Image size of job updated: 224312
	106  -  MemoryUsage of job (MB)
	107848  -  ResidentSetSize of job (KB)
...
006 (3216933.000.000) 06/04 17:23:25 Image size of job updated: 326356
	319  -  MemoryUsage of job (MB)
	326228  -  ResidentSetSize of job (KB)
...
006 (3216933.000.000) 06/04 18:03:26 Image size of job updated: 332872
	325  -  MemoryUsage of job (MB)
	331980  -  ResidentSetSize of job (KB)
...
005 (3216933.000.000) 06/04 18:59:00 Job terminated.
	(1) Normal termination (return value 0)
		Usr 0 00:38:56, Sys 0 00:01:58  -  Run Remote Usage
		Usr 0 00:00:00, Sys 0 00:00:00  -  Run Local Usage
		Usr 0 00:38:56, Sys 0 00:01:58  -  Total Remote Usage
		Usr 0 00:00:00, Sys 0 00:00:00  -  Total Local Usage
	14354  -  Run Bytes Sent By Job
	163670  -  Run Bytes Received By Job
	14354  -  Total Bytes Sent By Job
	163670  -  Total Bytes Received By Job
	Partitionable Resources :    Usage  Request Allocated 
	   Cpus                 :     0.31        1         1 
	   Disk (KB)            :   236     2048000  18985400 
	   Memory (MB)          :   325        1992      2048 
...
