000 (3216968.000.000) 06/04 17:02:00 Job submitted from host: <144.92.181.244:9618?addrs=144.92.181.244-9618+[2607-f388-101c-1000--371]-9618&noUDP&sock=482422_f1bf_3>
...
001 (3216968.000.000) 06/04 17:12:15 Job executing on host: <144.92.181.65:9618?addrs=144.92.181.65-9618+[2607-f388-101c-1000--629]-9618&noUDP&sock=2654_0071_3>
...
006 (3216968.000.000) 06/04 17:12:24 Image size of job updated: 224856
	106  -  MemoryUsage of job (MB)
	107828  -  ResidentSetSize of job (KB)
...
006 (3216968.000.000) 06/04 17:32:25 Image size of job updated: 405188
	318  -  MemoryUsage of job (MB)
	324936  -  ResidentSetSize of job (KB)
...
005 (3216968.000.000) 06/04 19:01:52 Job terminated.
	(1) Normal termination (return value 0)
		Usr 0 00:48:17, Sys 0 00:01:37  -  Run Remote Usage
		Usr 0 00:00:00, Sys 0 00:00:00  -  Run Local Usage
		Usr 0 00:48:17, Sys 0 00:01:37  -  Total Remote Usage
		Usr 0 00:00:00, Sys 0 00:00:00  -  Total Local Usage
	14391  -  Run Bytes Sent By Job
	163670  -  Run Bytes Received By Job
	14391  -  Total Bytes Sent By Job
	163670  -  Total Bytes Received By Job
	Partitionable Resources :    Usage  Request Allocated 
	   Cpus                 :     0.47        1         1 
	   Disk (KB)            :   236     2048000  18996674 
	   Memory (MB)          :   318        1992      2048 
...
