000 (3216961.000.000) 06/04 17:01:57 Job submitted from host: <144.92.181.244:9618?addrs=144.92.181.244-9618+[2607-f388-101c-1000--371]-9618&noUDP&sock=482422_f1bf_3>
...
001 (3216961.000.000) 06/04 17:11:10 Job executing on host: <144.92.181.4:9618?addrs=144.92.181.4-9618+[2607-f388-101c-1000--629]-9618&noUDP&sock=2742_5cc6_3>
...
006 (3216961.000.000) 06/04 17:11:19 Image size of job updated: 180404
	106  -  MemoryUsage of job (MB)
	108196  -  ResidentSetSize of job (KB)
...
006 (3216961.000.000) 06/04 17:31:20 Image size of job updated: 314444
	307  -  MemoryUsage of job (MB)
	313912  -  ResidentSetSize of job (KB)
...
006 (3216961.000.000) 06/04 17:51:21 Image size of job updated: 331300
	323  -  MemoryUsage of job (MB)
	329912  -  ResidentSetSize of job (KB)
...
006 (3216961.000.000) 06/04 18:31:21 Image size of job updated: 331300
	323  -  MemoryUsage of job (MB)
	330080  -  ResidentSetSize of job (KB)
...
005 (3216961.000.000) 06/04 20:08:46 Job terminated.
	(1) Normal termination (return value 0)
		Usr 0 01:02:00, Sys 0 00:04:06  -  Run Remote Usage
		Usr 0 00:00:00, Sys 0 00:00:00  -  Run Local Usage
		Usr 0 01:02:00, Sys 0 00:04:06  -  Total Remote Usage
		Usr 0 00:00:00, Sys 0 00:00:00  -  Total Local Usage
	14622  -  Run Bytes Sent By Job
	163670  -  Run Bytes Received By Job
	14622  -  Total Bytes Sent By Job
	163670  -  Total Bytes Received By Job
	Partitionable Resources :    Usage  Request Allocated 
	   Cpus                 :     0.34        1         1 
	   Disk (KB)            :   234     2048000  18992046 
	   Memory (MB)          :   323        1992      2048 
...
