000 (3216955.000.000) 06/04 17:01:53 Job submitted from host: <144.92.181.244:9618?addrs=144.92.181.244-9618+[2607-f388-101c-1000--371]-9618&noUDP&sock=482422_f1bf_3>
...
001 (3216955.000.000) 06/04 17:11:10 Job executing on host: <128.104.227.113:9618?addrs=128.104.227.113-9618+[2607-f388-101c-1000--62]-9618&noUDP&sock=3478_327a_3>
...
006 (3216955.000.000) 06/04 17:11:19 Image size of job updated: 226112
	106  -  MemoryUsage of job (MB)
	107920  -  ResidentSetSize of job (KB)
...
006 (3216955.000.000) 06/04 17:31:19 Image size of job updated: 329280
	322  -  MemoryUsage of job (MB)
	328768  -  ResidentSetSize of job (KB)
...
006 (3216955.000.000) 06/04 17:51:19 Image size of job updated: 341932
	334  -  MemoryUsage of job (MB)
	341848  -  ResidentSetSize of job (KB)
...
005 (3216955.000.000) 06/04 20:16:53 Job terminated.
	(1) Normal termination (return value 0)
		Usr 0 00:57:30, Sys 0 00:02:07  -  Run Remote Usage
		Usr 0 00:00:00, Sys 0 00:00:00  -  Run Local Usage
		Usr 0 00:57:30, Sys 0 00:02:07  -  Total Remote Usage
		Usr 0 00:00:00, Sys 0 00:00:00  -  Total Local Usage
	14824  -  Run Bytes Sent By Job
	163670  -  Run Bytes Received By Job
	14824  -  Total Bytes Sent By Job
	163670  -  Total Bytes Received By Job
	Partitionable Resources :    Usage  Request Allocated 
	   Cpus                 :     0.40        1         1 
	   Disk (KB)            :   237     2048000  18993441 
	   Memory (MB)          :   334        1992      2048 
...
