000 (5990915.000.000) 06/26 03:08:25 Job submitted from host: <144.92.181.245:9618?addrs=144.92.181.245-9618+[2607-f388-101c-1000--372]-9618&noUDP&sock=3375869_eb73_3>
...
001 (5990915.000.000) 06/26 03:10:03 Job executing on host: <128.104.227.67:9618?addrs=128.104.227.67-9618+[2607-f388-101c-1000--629]-9618&noUDP&sock=3353_7524_3>
...
006 (5990915.000.000) 06/26 03:10:12 Image size of job updated: 338872
	228  -  MemoryUsage of job (MB)
	232724  -  ResidentSetSize of job (KB)
...
005 (5990915.000.000) 06/26 03:10:21 Job terminated.
	(1) Normal termination (return value 0)
		Usr 0 00:00:11, Sys 0 00:00:01  -  Run Remote Usage
		Usr 0 00:00:00, Sys 0 00:00:00  -  Run Local Usage
		Usr 0 00:00:11, Sys 0 00:00:01  -  Total Remote Usage
		Usr 0 00:00:00, Sys 0 00:00:00  -  Total Local Usage
	63875  -  Run Bytes Sent By Job
	8650348  -  Run Bytes Received By Job
	63875  -  Total Bytes Sent By Job
	8650348  -  Total Bytes Received By Job
	Partitionable Resources :    Usage  Request Allocated 
	   Cpus                 :        0        1         1 
	   Disk (KB)            :     8570  2048000  18994652 
	   Memory (MB)          :      228     1992      2048 
...
