000 (5990871.000.000) 06/26 03:07:56 Job submitted from host: <144.92.181.245:9618?addrs=144.92.181.245-9618+[2607-f388-101c-1000--372]-9618&noUDP&sock=3375869_eb73_3>
...
001 (5990871.000.000) 06/26 03:09:31 Job executing on host: <128.104.227.38:9618?addrs=128.104.227.38-9618+[2607-f388-101c-1000--629]-9618&noUDP&sock=3274_4528_3>
...
006 (5990871.000.000) 06/26 03:09:39 Image size of job updated: 309308
	199  -  MemoryUsage of job (MB)
	203420  -  ResidentSetSize of job (KB)
...
005 (5990871.000.000) 06/26 03:11:44 Job terminated.
	(1) Normal termination (return value 0)
		Usr 0 00:01:27, Sys 0 00:00:03  -  Run Remote Usage
		Usr 0 00:00:00, Sys 0 00:00:00  -  Run Local Usage
		Usr 0 00:01:27, Sys 0 00:00:03  -  Total Remote Usage
		Usr 0 00:00:00, Sys 0 00:00:00  -  Total Local Usage
	65005  -  Run Bytes Sent By Job
	8650426  -  Run Bytes Received By Job
	65005  -  Total Bytes Sent By Job
	8650426  -  Total Bytes Received By Job
	Partitionable Resources :    Usage  Request Allocated 
	   Cpus                 :     0.71        1         1 
	   Disk (KB)            :  8571     2048000  18996680 
	   Memory (MB)          :   199        1992      2048 
...
