000 (5990844.000.000) 06/26 03:07:38 Job submitted from host: <144.92.181.245:9618?addrs=144.92.181.245-9618+[2607-f388-101c-1000--372]-9618&noUDP&sock=3375869_eb73_3>
...
001 (5990844.000.000) 06/26 03:08:17 Job executing on host: <144.92.181.69:9618?addrs=144.92.181.69-9618+[2607-f388-101c-1000--629]-9618&noUDP&sock=2424_3da8_3>
...
006 (5990844.000.000) 06/26 03:08:25 Image size of job updated: 307184
	195  -  MemoryUsage of job (MB)
	198668  -  ResidentSetSize of job (KB)
...
005 (5990844.000.000) 06/26 03:10:25 Job terminated.
	(1) Normal termination (return value 0)
		Usr 0 00:01:33, Sys 0 00:00:05  -  Run Remote Usage
		Usr 0 00:00:00, Sys 0 00:00:00  -  Run Local Usage
		Usr 0 00:01:33, Sys 0 00:00:05  -  Total Remote Usage
		Usr 0 00:00:00, Sys 0 00:00:00  -  Total Local Usage
	133659  -  Run Bytes Sent By Job
	8650390  -  Run Bytes Received By Job
	133659  -  Total Bytes Sent By Job
	8650390  -  Total Bytes Received By Job
	Partitionable Resources :    Usage  Request Allocated 
	   Cpus                 :        0        1         1 
	   Disk (KB)            :     8638  2048000  18505026 
	   Memory (MB)          :      195     1992      2048 
...
