000 (5990897.000.000) 06/26 03:08:12 Job submitted from host: <144.92.181.245:9618?addrs=144.92.181.245-9618+[2607-f388-101c-1000--372]-9618&noUDP&sock=3375869_eb73_3>
...
001 (5990897.000.000) 06/26 03:09:35 Job executing on host: <144.92.180.212:9618?addrs=144.92.180.212-9618+[2607-f388-101c-1000--629]-9618&noUDP&sock=3180_cb41_3>
...
006 (5990897.000.000) 06/26 03:09:44 Image size of job updated: 281980
	193  -  MemoryUsage of job (MB)
	196652  -  ResidentSetSize of job (KB)
...
005 (5990897.000.000) 06/26 03:11:07 Job terminated.
	(1) Normal termination (return value 0)
		Usr 0 00:00:35, Sys 0 00:00:02  -  Run Remote Usage
		Usr 0 00:00:00, Sys 0 00:00:00  -  Run Local Usage
		Usr 0 00:00:35, Sys 0 00:00:02  -  Total Remote Usage
		Usr 0 00:00:00, Sys 0 00:00:00  -  Total Local Usage
	63153  -  Run Bytes Sent By Job
	8650375  -  Run Bytes Received By Job
	63153  -  Total Bytes Sent By Job
	8650375  -  Total Bytes Received By Job
	Partitionable Resources :    Usage  Request Allocated 
	   Cpus                 :     0.61        1         1 
	   Disk (KB)            :  8571     2048000  18987120 
	   Memory (MB)          :   193        1992      2048 
...
