000 (5990941.000.000) 06/26 03:08:52 Job submitted from host: <144.92.181.245:9618?addrs=144.92.181.245-9618+[2607-f388-101c-1000--372]-9618&noUDP&sock=3375869_eb73_3>
...
001 (5990941.000.000) 06/26 03:11:11 Job executing on host: <144.92.181.147:9618?addrs=144.92.181.147-9618+[2607-f388-101c-1000--629]-9618&noUDP&sock=3089_6023_3>
...
006 (5990941.000.000) 06/26 03:11:20 Image size of job updated: 364480
	252  -  MemoryUsage of job (MB)
	257220  -  ResidentSetSize of job (KB)
...
005 (5990941.000.000) 06/26 03:13:37 Job terminated.
	(1) Normal termination (return value 0)
		Usr 0 00:01:51, Sys 0 00:00:05  -  Run Remote Usage
		Usr 0 00:00:00, Sys 0 00:00:00  -  Run Local Usage
		Usr 0 00:01:51, Sys 0 00:00:05  -  Total Remote Usage
		Usr 0 00:00:00, Sys 0 00:00:00  -  Total Local Usage
	55087  -  Run Bytes Sent By Job
	8650365  -  Run Bytes Received By Job
	55087  -  Total Bytes Sent By Job
	8650365  -  Total Bytes Received By Job
	Partitionable Resources :    Usage  Request Allocated 
	   Cpus                 :     0.80        1         1 
	   Disk (KB)            :  8564     2048000  18986159 
	   Memory (MB)          :   252        1992      2048 
...
