000 (5990956.000.000) 06/26 03:09:01 Job submitted from host: <144.92.181.245:9618?addrs=144.92.181.245-9618+[2607-f388-101c-1000--372]-9618&noUDP&sock=3375869_eb73_3>
...
001 (5990956.000.000) 06/26 03:11:13 Job executing on host: <144.92.180.197:9618?addrs=144.92.180.197-9618+[2607-f388-101c-1000--629]-9618&noUDP&sock=3199_d38e_3>
...
006 (5990956.000.000) 06/26 03:11:21 Image size of job updated: 32984
	8  -  MemoryUsage of job (MB)
	7844  -  ResidentSetSize of job (KB)
...
006 (5990956.000.000) 06/26 03:14:31 Image size of job updated: 32984
	9  -  MemoryUsage of job (MB)
	8740  -  ResidentSetSize of job (KB)
...
005 (5990956.000.000) 06/26 03:14:32 Job terminated.
	(1) Normal termination (return value 0)
		Usr 0 00:02:23, Sys 0 00:00:05  -  Run Remote Usage
		Usr 0 00:00:00, Sys 0 00:00:00  -  Run Local Usage
		Usr 0 00:02:23, Sys 0 00:00:05  -  Total Remote Usage
		Usr 0 00:00:00, Sys 0 00:00:00  -  Total Local Usage
	55170  -  Run Bytes Sent By Job
	8650365  -  Run Bytes Received By Job
	55170  -  Total Bytes Sent By Job
	8650365  -  Total Bytes Received By Job
	Partitionable Resources :    Usage  Request Allocated 
	   Cpus                 :     0.78        1         1 
	   Disk (KB)            :  8564     2048000  18512253 
	   Memory (MB)          :     9        1992      2048 
...
