000 (5990918.000.000) 06/26 03:08:27 Job submitted from host: <144.92.181.245:9618?addrs=144.92.181.245-9618+[2607-f388-101c-1000--372]-9618&noUDP&sock=3375869_eb73_3>
...
001 (5990918.000.000) 06/26 03:10:05 Job executing on host: <128.104.227.116:9618?addrs=128.104.227.116-9618+[2607-f388-101c-1000--65]-9618&noUDP&sock=3863_4671_3>
...
006 (5990918.000.000) 06/26 03:10:13 Image size of job updated: 246140
	196  -  MemoryUsage of job (MB)
	199956  -  ResidentSetSize of job (KB)
...
005 (5990918.000.000) 06/26 03:12:44 Job terminated.
	(1) Normal termination (return value 0)
		Usr 0 00:01:43, Sys 0 00:00:03  -  Run Remote Usage
		Usr 0 00:00:00, Sys 0 00:00:00  -  Run Local Usage
		Usr 0 00:01:43, Sys 0 00:00:03  -  Total Remote Usage
		Usr 0 00:00:00, Sys 0 00:00:00  -  Total Local Usage
	65476  -  Run Bytes Sent By Job
	8650363  -  Run Bytes Received By Job
	65476  -  Total Bytes Sent By Job
	8650363  -  Total Bytes Received By Job
	Partitionable Resources :    Usage  Request Allocated 
	   Cpus                 :     0.62        1         1 
	   Disk (KB)            :  8574     2048000  18998868 
	   Memory (MB)          :   196        1992      2048 
...
