000 (5990882.000.000) 06/26 03:08:03 Job submitted from host: <144.92.181.245:9618?addrs=144.92.181.245-9618+[2607-f388-101c-1000--372]-9618&noUDP&sock=3375869_eb73_3>
...
001 (5990882.000.000) 06/26 03:09:33 Job executing on host: <128.104.227.59:9618?addrs=128.104.227.59-9618+[2607-f388-101c-1000--629]-9618&noUDP&sock=3561_20d7_3>
...
006 (5990882.000.000) 06/26 03:09:42 Image size of job updated: 315288
	203  -  MemoryUsage of job (MB)
	207240  -  ResidentSetSize of job (KB)
...
005 (5990882.000.000) 06/26 03:14:13 Job terminated.
	(1) Normal termination (return value 0)
		Usr 0 00:03:10, Sys 0 00:00:09  -  Run Remote Usage
		Usr 0 00:00:00, Sys 0 00:00:00  -  Run Local Usage
		Usr 0 00:03:10, Sys 0 00:00:09  -  Total Remote Usage
		Usr 0 00:00:00, Sys 0 00:00:00  -  Total Local Usage
	64645  -  Run Bytes Sent By Job
	8650390  -  Run Bytes Received By Job
	64645  -  Total Bytes Sent By Job
	8650390  -  Total Bytes Received By Job
	Partitionable Resources :    Usage  Request Allocated 
	   Cpus                 :     0.72        1         1 
	   Disk (KB)            :  8573     2048000  18996480 
	   Memory (MB)          :   203        1992      2048 
...
