000 (5990884.000.000) 06/26 03:08:04 Job submitted from host: <144.92.181.245:9618?addrs=144.92.181.245-9618+[2607-f388-101c-1000--372]-9618&noUDP&sock=3375869_eb73_3>
...
001 (5990884.000.000) 06/26 03:09:33 Job executing on host: <144.92.181.241:9618?addrs=144.92.181.241-9618+[2607-f388-101c-1000--217]-9618&noUDP&sock=2417_707f_3>
...
006 (5990884.000.000) 06/26 03:09:42 Image size of job updated: 315624
	205  -  MemoryUsage of job (MB)
	209076  -  ResidentSetSize of job (KB)
...
005 (5990884.000.000) 06/26 03:16:32 Job terminated.
	(1) Normal termination (return value 0)
		Usr 0 00:04:58, Sys 0 00:00:10  -  Run Remote Usage
		Usr 0 00:00:00, Sys 0 00:00:00  -  Run Local Usage
		Usr 0 00:04:58, Sys 0 00:00:10  -  Total Remote Usage
		Usr 0 00:00:00, Sys 0 00:00:00  -  Total Local Usage
	66848  -  Run Bytes Sent By Job
	8650390  -  Run Bytes Received By Job
	66848  -  Total Bytes Sent By Job
	8650390  -  Total Bytes Received By Job
	Partitionable Resources :    Usage  Request Allocated 
	   Cpus                 :     0.77        1         1 
	   Disk (KB)            :  8573     2048000  18507741 
	   Memory (MB)          :   205        1992      2048 
...
