000 (5990933.000.000) 06/26 03:08:37 Job submitted from host: <144.92.181.245:9618?addrs=144.92.181.245-9618+[2607-f388-101c-1000--372]-9618&noUDP&sock=3375869_eb73_3>
...
001 (5990933.000.000) 06/26 03:11:11 Job executing on host: <144.92.180.34:9618?addrs=144.92.180.34-9618+[2607-f388-101c-1000--629]-9618&noUDP&sock=2306_4d7b_3>
...
006 (5990933.000.000) 06/26 03:11:19 Image size of job updated: 213784
	201  -  MemoryUsage of job (MB)
	205824  -  ResidentSetSize of job (KB)
...
005 (5990933.000.000) 06/26 03:14:06 Job terminated.
	(1) Normal termination (return value 0)
		Usr 0 00:01:51, Sys 0 00:00:04  -  Run Remote Usage
		Usr 0 00:00:00, Sys 0 00:00:00  -  Run Local Usage
		Usr 0 00:01:51, Sys 0 00:00:04  -  Total Remote Usage
		Usr 0 00:00:00, Sys 0 00:00:00  -  Total Local Usage
	64811  -  Run Bytes Sent By Job
	8650360  -  Run Bytes Received By Job
	64811  -  Total Bytes Sent By Job
	8650360  -  Total Bytes Received By Job
	Partitionable Resources :    Usage  Request Allocated 
	   Cpus                 :     0.74        1         1 
	   Disk (KB)            :  8571     2048000  18354075 
	   Memory (MB)          :   201        1992      2048 
...
