000 (5990909.000.000) 06/26 03:08:22 Job submitted from host: <144.92.181.245:9618?addrs=144.92.181.245-9618+[2607-f388-101c-1000--372]-9618&noUDP&sock=3375869_eb73_3>
...
001 (5990909.000.000) 06/26 03:09:51 Job executing on host: <144.92.181.236:9618?addrs=144.92.181.236-9618+[2607-f388-101c-1000--629]-9618&noUDP&sock=2430_5b3a_3>
...
006 (5990909.000.000) 06/26 03:10:00 Image size of job updated: 200864
	196  -  MemoryUsage of job (MB)
	200048  -  ResidentSetSize of job (KB)
...
005 (5990909.000.000) 06/26 03:10:02 Job terminated.
	(1) Normal termination (return value 0)
		Usr 0 00:00:06, Sys 0 00:00:01  -  Run Remote Usage
		Usr 0 00:00:00, Sys 0 00:00:00  -  Run Local Usage
		Usr 0 00:00:06, Sys 0 00:00:01  -  Total Remote Usage
		Usr 0 00:00:00, Sys 0 00:00:00  -  Total Local Usage
	64619  -  Run Bytes Sent By Job
	8650360  -  Run Bytes Received By Job
	64619  -  Total Bytes Sent By Job
	8650360  -  Total Bytes Received By Job
	Partitionable Resources :    Usage  Request Allocated 
	   Cpus                 :     0.69        1         1 
	   Disk (KB)            :  8573     2048000  18510640 
	   Memory (MB)          :   196        1992      2048 
...
