000 (5990879.000.000) 06/26 03:08:01 Job submitted from host: <144.92.181.245:9618?addrs=144.92.181.245-9618+[2607-f388-101c-1000--372]-9618&noUDP&sock=3375869_eb73_3>
...
001 (5990879.000.000) 06/26 03:09:33 Job executing on host: <128.104.227.27:9618?addrs=128.104.227.27-9618+[2607-f388-101c-1000--629]-9618&noUDP&sock=3349_b6c3_3>
...
006 (5990879.000.000) 06/26 03:09:41 Image size of job updated: 313580
	202  -  MemoryUsage of job (MB)
	205980  -  ResidentSetSize of job (KB)
...
006 (5990879.000.000) 06/26 03:10:04 Image size of job updated: 313580
	202  -  MemoryUsage of job (MB)
	206000  -  ResidentSetSize of job (KB)
...
005 (5990879.000.000) 06/26 03:10:04 Job terminated.
	(1) Normal termination (return value 0)
		Usr 0 00:00:19, Sys 0 00:00:01  -  Run Remote Usage
		Usr 0 00:00:00, Sys 0 00:00:00  -  Run Local Usage
		Usr 0 00:00:19, Sys 0 00:00:01  -  Total Remote Usage
		Usr 0 00:00:00, Sys 0 00:00:00  -  Total Local Usage
	52959  -  Run Bytes Sent By Job
	8650378  -  Run Bytes Received By Job
	52959  -  Total Bytes Sent By Job
	8650378  -  Total Bytes Received By Job
	Partitionable Resources :    Usage  Request Allocated 
	   Cpus                 :                 1         1 
	   Disk (KB)            :     8551  2048000  18998925 
	   Memory (MB)          :      202     1992      2048 
...
