000 (5990907.000.000) 06/26 03:08:20 Job submitted from host: <144.92.181.245:9618?addrs=144.92.181.245-9618+[2607-f388-101c-1000--372]-9618&noUDP&sock=3375869_eb73_3>
...
001 (5990907.000.000) 06/26 03:09:48 Job executing on host: <128.104.227.81:9618?addrs=128.104.227.81-9618+[2607-f388-101c-1000--629]-9618&noUDP&sock=3239_4358_3>
...
006 (5990907.000.000) 06/26 03:09:57 Image size of job updated: 314300
	202  -  MemoryUsage of job (MB)
	206468  -  ResidentSetSize of job (KB)
...
005 (5990907.000.000) 06/26 03:11:12 Job terminated.
	(1) Normal termination (return value 0)
		Usr 0 00:00:51, Sys 0 00:00:02  -  Run Remote Usage
		Usr 0 00:00:00, Sys 0 00:00:00  -  Run Local Usage
		Usr 0 00:00:51, Sys 0 00:00:02  -  Total Remote Usage
		Usr 0 00:00:00, Sys 0 00:00:00  -  Total Local Usage
	64450  -  Run Bytes Sent By Job
	8650351  -  Run Bytes Received By Job
	64450  -  Total Bytes Sent By Job
	8650351  -  Total Bytes Received By Job
	Partitionable Resources :    Usage  Request Allocated 
	   Cpus                 :     0.36        1         1 
	   Disk (KB)            :  8571     2048000  18994791 
	   Memory (MB)          :   202        1992      2048 
...
