000 (5990875.000.000) 06/26 03:07:58 Job submitted from host: <144.92.181.245:9618?addrs=144.92.181.245-9618+[2607-f388-101c-1000--372]-9618&noUDP&sock=3375869_eb73_3>
...
001 (5990875.000.000) 06/26 03:09:32 Job executing on host: <144.92.180.39:9618?addrs=144.92.180.39-9618+[2607-f388-101c-1000--629]-9618&noUDP&sock=2460_ef11_3>
...
006 (5990875.000.000) 06/26 03:09:40 Image size of job updated: 208368
	202  -  MemoryUsage of job (MB)
	206080  -  ResidentSetSize of job (KB)
...
005 (5990875.000.000) 06/26 03:10:17 Job terminated.
	(1) Normal termination (return value 0)
		Usr 0 00:00:28, Sys 0 00:00:01  -  Run Remote Usage
		Usr 0 00:00:00, Sys 0 00:00:00  -  Run Local Usage
		Usr 0 00:00:28, Sys 0 00:00:01  -  Total Remote Usage
		Usr 0 00:00:00, Sys 0 00:00:00  -  Total Local Usage
	56449  -  Run Bytes Sent By Job
	8650378  -  Run Bytes Received By Job
	56449  -  Total Bytes Sent By Job
	8650378  -  Total Bytes Received By Job
	Partitionable Resources :    Usage  Request Allocated 
	   Cpus                 :     0.70        1         1 
	   Disk (KB)            :  8565     2048000  18345259 
	   Memory (MB)          :   202        1992      2048 
...
