000 (5990962.000.000) 06/26 03:09:06 Job submitted from host: <144.92.181.245:9618?addrs=144.92.181.245-9618+[2607-f388-101c-1000--372]-9618&noUDP&sock=3375869_eb73_3>
...
001 (5990962.000.000) 06/26 03:11:13 Job executing on host: <144.92.181.241:9618?addrs=144.92.181.241-9618+[2607-f388-101c-1000--217]-9618&noUDP&sock=2417_707f_3>
...
006 (5990962.000.000) 06/26 03:11:21 Image size of job updated: 283248
	233  -  MemoryUsage of job (MB)
	237852  -  ResidentSetSize of job (KB)
...
006 (5990962.000.000) 06/26 03:16:05 Image size of job updated: 283248
	233  -  MemoryUsage of job (MB)
	237876  -  ResidentSetSize of job (KB)
...
005 (5990962.000.000) 06/26 03:16:05 Job terminated.
	(1) Normal termination (return value 0)
		Usr 0 00:03:46, Sys 0 00:00:08  -  Run Remote Usage
		Usr 0 00:00:00, Sys 0 00:00:00  -  Run Local Usage
		Usr 0 00:03:46, Sys 0 00:00:08  -  Total Remote Usage
		Usr 0 00:00:00, Sys 0 00:00:00  -  Total Local Usage
	59786  -  Run Bytes Sent By Job
	8650365  -  Run Bytes Received By Job
	59786  -  Total Bytes Sent By Job
	8650365  -  Total Bytes Received By Job
	Partitionable Resources :    Usage  Request Allocated 
	   Cpus                 :     0.78        1         1 
	   Disk (KB)            :  8566     2048000  18507741 
	   Memory (MB)          :   233        1992      2048 
...
