000 (5990936.000.000) 06/26 03:08:39 Job submitted from host: <144.92.181.245:9618?addrs=144.92.181.245-9618+[2607-f388-101c-1000--372]-9618&noUDP&sock=3375869_eb73_3>
...
001 (5990936.000.000) 06/26 03:11:11 Job executing on host: <144.92.180.39:9618?addrs=144.92.180.39-9618+[2607-f388-101c-1000--629]-9618&noUDP&sock=2460_ef11_3>
...
006 (5990936.000.000) 06/26 03:11:18 Image size of job updated: 17592
	0  -  MemoryUsage of job (MB)
	0  -  ResidentSetSize of job (KB)
...
005 (5990936.000.000) 06/26 03:11:18 Job terminated.
	(1) Normal termination (return value 0)
		Usr 0 00:00:04, Sys 0 00:00:00  -  Run Remote Usage
		Usr 0 00:00:00, Sys 0 00:00:00  -  Run Local Usage
		Usr 0 00:00:04, Sys 0 00:00:00  -  Total Remote Usage
		Usr 0 00:00:00, Sys 0 00:00:00  -  Total Local Usage
	62580  -  Run Bytes Sent By Job
	8650351  -  Run Bytes Received By Job
	62580  -  Total Bytes Sent By Job
	8650351  -  Total Bytes Received By Job
	Partitionable Resources :    Usage  Request Allocated 
	   Cpus                 :        0        1         1 
	   Disk (KB)            :     8571  2048000  18345259 
	   Memory (MB)          :        0     1992      2048 
...
