All files added.
Initializing chain.
.... MC file ..... 
Coming in: 
nentries:410104
Running over 410104 events.
Finished entry 0/410103
Finished entry 20000/410103
Finished entry 40000/410103
Finished entry 60000/410103
Finished entry 80000/410103
Finished entry 100000/410103
Finished entry 120000/410103
Finished entry 140000/410103
Finished entry 160000/410103
Finished entry 180000/410103
Finished entry 200000/410103
Finished entry 220000/410103
Finished entry 240000/410103
Finished entry 260000/410103
Finished entry 280000/410103
Finished entry 300000/410103
Finished entry 320000/410103
Finished entry 340000/410103
Finished entry 360000/410103
Finished entry 380000/410103
Finished entry 400000/410103
Finished entry 410103/410103
All events checked.
*******************************************
******************Jithin's original*************************
    Initial entries 410104.000000
   Passing smikking 0.000000
Inspected genWeightd 243854.000000   % change= 40.538498
   METFiltersPassed 402125.572852   % change= -64.904235
    SingleTrgPassed 325631.621525   % change= 19.022404
     GoodMuonPassed 291479.005463   % change= 10.488114
      GoodTauPassed 24134.510494   % change= 91.719983
         opp charge 19285.316702   % change= 20.092364
         after sf 1 0.000000   % change= 20.092364
         after sf 2 0.000000   % change= 20.092364
         after sf 3 0.000000   % change= 20.092364
         after sf 4 15622.373128   % change= 20.092364
 PassedThirdLepVeto 15495.155565   % change= 19.653093
     PassedBjetVeto 14207.230004   % change= 8.311795
       DeltaRPassed 14031.152471   % change= 1.239352
      Total change :96.578636
*******************************************
*******************************************
Number of events inspected: 410104
Number of events inspected (minus negative gen. weights): 243854.000000
 Outpt written to ZZTo2L2Q_01.root
Real time 0:03:35, CP time 176.110
