000 (5990901.000.000) 06/26 03:08:16 Job submitted from host: <144.92.181.245:9618?addrs=144.92.181.245-9618+[2607-f388-101c-1000--372]-9618&noUDP&sock=3375869_eb73_3>
...
001 (5990901.000.000) 06/26 03:09:35 Job executing on host: <144.92.181.236:9618?addrs=144.92.181.236-9618+[2607-f388-101c-1000--629]-9618&noUDP&sock=2430_5b3a_3>
...
006 (5990901.000.000) 06/26 03:09:43 Image size of job updated: 252976
	193  -  MemoryUsage of job (MB)
	197328  -  ResidentSetSize of job (KB)
...
005 (5990901.000.000) 06/26 03:09:56 Job terminated.
	(1) Normal termination (return value 0)
		Usr 0 00:00:13, Sys 0 00:00:01  -  Run Remote Usage
		Usr 0 00:00:00, Sys 0 00:00:00  -  Run Local Usage
		Usr 0 00:00:13, Sys 0 00:00:01  -  Total Remote Usage
		Usr 0 00:00:00, Sys 0 00:00:00  -  Total Local Usage
	64004  -  Run Bytes Sent By Job
	8650375  -  Run Bytes Received By Job
	64004  -  Total Bytes Sent By Job
	8650375  -  Total Bytes Received By Job
	Partitionable Resources :    Usage  Request Allocated 
	   Cpus                 :     0.73        1         1 
	   Disk (KB)            :  8572     2048000  18510640 
	   Memory (MB)          :   193        1992      2048 
...
