000 (5990887.000.000) 06/26 03:08:07 Job submitted from host: <144.92.181.245:9618?addrs=144.92.181.245-9618+[2607-f388-101c-1000--372]-9618&noUDP&sock=3375869_eb73_3>
...
001 (5990887.000.000) 06/26 03:09:34 Job executing on host: <144.92.181.232:9618?addrs=144.92.181.232-9618+[2607-f388-101c-1000--629]-9618&noUDP&sock=2463_fdda_3>
...
006 (5990887.000.000) 06/26 03:09:43 Image size of job updated: 220224
	192  -  MemoryUsage of job (MB)
	196204  -  ResidentSetSize of job (KB)
...
005 (5990887.000.000) 06/26 03:11:16 Job terminated.
	(1) Normal termination (return value 0)
		Usr 0 00:01:20, Sys 0 00:00:03  -  Run Remote Usage
		Usr 0 00:00:00, Sys 0 00:00:00  -  Run Local Usage
		Usr 0 00:01:20, Sys 0 00:00:03  -  Total Remote Usage
		Usr 0 00:00:00, Sys 0 00:00:00  -  Total Local Usage
	68036  -  Run Bytes Sent By Job
	8650369  -  Run Bytes Received By Job
	68036  -  Total Bytes Sent By Job
	8650369  -  Total Bytes Received By Job
	Partitionable Resources :    Usage  Request Allocated 
	   Cpus                 :     0.85        1         1 
	   Disk (KB)            :  8576     2048000  18504861 
	   Memory (MB)          :   192        1992      2048 
...
