000 (5990895.000.000) 06/26 03:08:11 Job submitted from host: <144.92.181.245:9618?addrs=144.92.181.245-9618+[2607-f388-101c-1000--372]-9618&noUDP&sock=3375869_eb73_3>
...
001 (5990895.000.000) 06/26 03:09:30 Job executing on host: <144.92.181.86:9618?addrs=144.92.181.86-9618+[2607-f388-101c-1000--629]-9618&noUDP&sock=2458_8fe1_3>
...
006 (5990895.000.000) 06/26 03:09:39 Image size of job updated: 195628
	188  -  MemoryUsage of job (MB)
	192440  -  ResidentSetSize of job (KB)
...
005 (5990895.000.000) 06/26 03:10:27 Job terminated.
	(1) Normal termination (return value 0)
		Usr 0 00:00:44, Sys 0 00:00:02  -  Run Remote Usage
		Usr 0 00:00:00, Sys 0 00:00:00  -  Run Local Usage
		Usr 0 00:00:44, Sys 0 00:00:02  -  Total Remote Usage
		Usr 0 00:00:00, Sys 0 00:00:00  -  Total Local Usage
	63919  -  Run Bytes Sent By Job
	8650375  -  Run Bytes Received By Job
	63919  -  Total Bytes Sent By Job
	8650375  -  Total Bytes Received By Job
	Partitionable Resources :    Usage  Request Allocated 
	   Cpus                 :     0.09        1         1 
	   Disk (KB)            :  8572     2048000  18498388 
	   Memory (MB)          :   188        1992      2048 
...
