All files added.
Initializing chain.
.... DATA file ..... 
Coming in: 
nentries:1319045
Running over 1319045 events.
Finished entry 0/1319044
Finished entry 60000/1319044
Finished entry 120000/1319044
Finished entry 180000/1319044
Finished entry 240000/1319044
Finished entry 300000/1319044
Finished entry 360000/1319044
Finished entry 420000/1319044
Finished entry 480000/1319044
Finished entry 540000/1319044
Finished entry 600000/1319044
Finished entry 660000/1319044
Finished entry 720000/1319044
Finished entry 780000/1319044
Finished entry 840000/1319044
Finished entry 900000/1319044
Finished entry 960000/1319044
Finished entry 1020000/1319044
Finished entry 1080000/1319044
Finished entry 1140000/1319044
Finished entry 1200000/1319044
Finished entry 1260000/1319044
Finished entry 1319044/1319044
All events checked.
*******************************************
******************Jithin's original*************************
    Initial entries 1319045.000000
   Passing smikking 0.000000
Inspected genWeightd 1319045.000000   % change= 0.000000
   METFiltersPassed 1309871.000000   % change= 0.695503
    SingleTrgPassed 1073034.000000   % change= 18.080941
     GoodMuonPassed 758233.000000   % change= 29.337467
      GoodTauPassed 32218.000000   % change= 95.750910
         opp charge 26735.000000   % change= 17.018437
         after sf 1 0.000000   % change= 17.018437
         after sf 2 0.000000   % change= 17.018437
         after sf 3 0.000000   % change= 17.018437
         after sf 4 26735.000000   % change= 17.018437
 PassedThirdLepVeto 26507.000000   % change= 0.852815
     PassedBjetVeto 24807.000000   % change= 6.413400
       DeltaRPassed 24732.000000   % change= 0.302334
      Total change :98.125007
*******************************************
*******************************************
Number of events inspected: 1319045
Number of events inspected (minus negative gen. weights): 1319045.000000
 Outpt written to SingleMuon_EraD_00.root
Real time 0:03:32, CP time 172.130
