000 (5990874.000.000) 06/26 03:07:57 Job submitted from host: <144.92.181.245:9618?addrs=144.92.181.245-9618+[2607-f388-101c-1000--372]-9618&noUDP&sock=3375869_eb73_3>
...
001 (5990874.000.000) 06/26 03:09:31 Job executing on host: <144.92.181.147:9618?addrs=144.92.181.147-9618+[2607-f388-101c-1000--629]-9618&noUDP&sock=3089_6023_3>
...
006 (5990874.000.000) 06/26 03:09:40 Image size of job updated: 311628
	200  -  MemoryUsage of job (MB)
	204260  -  ResidentSetSize of job (KB)
...
005 (5990874.000.000) 06/26 03:10:19 Job terminated.
	(1) Normal termination (return value 0)
		Usr 0 00:00:27, Sys 0 00:00:01  -  Run Remote Usage
		Usr 0 00:00:00, Sys 0 00:00:00  -  Run Local Usage
		Usr 0 00:00:27, Sys 0 00:00:01  -  Total Remote Usage
		Usr 0 00:00:00, Sys 0 00:00:00  -  Total Local Usage
	55819  -  Run Bytes Sent By Job
	8650378  -  Run Bytes Received By Job
	55819  -  Total Bytes Sent By Job
	8650378  -  Total Bytes Received By Job
	Partitionable Resources :    Usage  Request Allocated 
	   Cpus                 :                 1         1 
	   Disk (KB)            :     8553  2048000  18986159 
	   Memory (MB)          :      200     1992      2048 
...
