000 (5990862.000.000) 06/26 03:07:50 Job submitted from host: <144.92.181.245:9618?addrs=144.92.181.245-9618+[2607-f388-101c-1000--372]-9618&noUDP&sock=3375869_eb73_3>
...
001 (5990862.000.000) 06/26 03:09:17 Job executing on host: <128.104.227.108:9618?addrs=128.104.227.108-9618+[2607-f388-101c-1000--57]-9618&noUDP&sock=3848_fc85_3>
...
006 (5990862.000.000) 06/26 03:09:25 Image size of job updated: 298556
	188  -  MemoryUsage of job (MB)
	192300  -  ResidentSetSize of job (KB)
...
005 (5990862.000.000) 06/26 03:10:18 Job terminated.
	(1) Normal termination (return value 0)
		Usr 0 00:00:41, Sys 0 00:00:02  -  Run Remote Usage
		Usr 0 00:00:00, Sys 0 00:00:00  -  Run Local Usage
		Usr 0 00:00:41, Sys 0 00:00:02  -  Total Remote Usage
		Usr 0 00:00:00, Sys 0 00:00:00  -  Total Local Usage
	64086  -  Run Bytes Sent By Job
	8650420  -  Run Bytes Received By Job
	64086  -  Total Bytes Sent By Job
	8650420  -  Total Bytes Received By Job
	Partitionable Resources :    Usage  Request Allocated 
	   Cpus                 :        0        1         1 
	   Disk (KB)            :     8571  2048000  18993683 
	   Memory (MB)          :      188     1992      2048 
...
