000 (5990911.000.000) 06/26 03:08:23 Job submitted from host: <144.92.181.245:9618?addrs=144.92.181.245-9618+[2607-f388-101c-1000--372]-9618&noUDP&sock=3375869_eb73_3>
...
001 (5990911.000.000) 06/26 03:09:57 Job executing on host: <128.104.227.69:9618?addrs=128.104.227.69-9618+[2607-f388-101c-1000--629]-9618&noUDP&sock=3277_53f1_3>
...
006 (5990911.000.000) 06/26 03:10:06 Image size of job updated: 341244
	228  -  MemoryUsage of job (MB)
	233244  -  ResidentSetSize of job (KB)
...
005 (5990911.000.000) 06/26 03:11:07 Job terminated.
	(1) Normal termination (return value 0)
		Usr 0 00:00:31, Sys 0 00:00:01  -  Run Remote Usage
		Usr 0 00:00:00, Sys 0 00:00:00  -  Run Local Usage
		Usr 0 00:00:31, Sys 0 00:00:01  -  Total Remote Usage
		Usr 0 00:00:00, Sys 0 00:00:00  -  Total Local Usage
	64103  -  Run Bytes Sent By Job
	8650348  -  Run Bytes Received By Job
	64103  -  Total Bytes Sent By Job
	8650348  -  Total Bytes Received By Job
	Partitionable Resources :    Usage  Request Allocated 
	   Cpus                 :     0.78        1         1 
	   Disk (KB)            :  8573     2048000  18986977 
	   Memory (MB)          :   228        1992      2048 
...
