000 (5990836.000.000) 06/26 03:07:33 Job submitted from host: <144.92.181.245:9618?addrs=144.92.181.245-9618+[2607-f388-101c-1000--372]-9618&noUDP&sock=3375869_eb73_3>
...
001 (5990836.000.000) 06/26 03:08:16 Job executing on host: <128.104.227.114:9618?addrs=128.104.227.114-9618+[2607-f388-101c-1000--63]-9618&noUDP&sock=3942_766c_3>
...
006 (5990836.000.000) 06/26 03:08:25 Image size of job updated: 298292
	187  -  MemoryUsage of job (MB)
	191280  -  ResidentSetSize of job (KB)
...
005 (5990836.000.000) 06/26 03:09:22 Job terminated.
	(1) Normal termination (return value 0)
		Usr 0 00:00:44, Sys 0 00:00:02  -  Run Remote Usage
		Usr 0 00:00:00, Sys 0 00:00:00  -  Run Local Usage
		Usr 0 00:00:44, Sys 0 00:00:02  -  Total Remote Usage
		Usr 0 00:00:00, Sys 0 00:00:00  -  Total Local Usage
	119914  -  Run Bytes Sent By Job
	8650390  -  Run Bytes Received By Job
	119914  -  Total Bytes Sent By Job
	8650390  -  Total Bytes Received By Job
	Partitionable Resources :    Usage  Request Allocated 
	   Cpus                 :     0.72        1         1 
	   Disk (KB)            :  8625     2048000  18990104 
	   Memory (MB)          :   187        1992      2048 
...
