000 (5990898.000.000) 06/26 03:08:13 Job submitted from host: <144.92.181.245:9618?addrs=144.92.181.245-9618+[2607-f388-101c-1000--372]-9618&noUDP&sock=3375869_eb73_3>
...
001 (5990898.000.000) 06/26 03:09:30 Job executing on host: <128.104.227.44:9618?addrs=128.104.227.44-9618+[2607-f388-101c-1000--629]-9618&noUDP&sock=3238_93c0_3>
...
006 (5990898.000.000) 06/26 03:09:39 Image size of job updated: 301288
	191  -  MemoryUsage of job (MB)
	194804  -  ResidentSetSize of job (KB)
...
005 (5990898.000.000) 06/26 03:11:12 Job terminated.
	(1) Normal termination (return value 0)
		Usr 0 00:00:57, Sys 0 00:00:03  -  Run Remote Usage
		Usr 0 00:00:00, Sys 0 00:00:00  -  Run Local Usage
		Usr 0 00:00:57, Sys 0 00:00:03  -  Total Remote Usage
		Usr 0 00:00:00, Sys 0 00:00:00  -  Total Local Usage
	64152  -  Run Bytes Sent By Job
	8650375  -  Run Bytes Received By Job
	64152  -  Total Bytes Sent By Job
	8650375  -  Total Bytes Received By Job
	Partitionable Resources :    Usage  Request Allocated 
	   Cpus                 :     0.65        1         1 
	   Disk (KB)            :  8573     2048000  18989398 
	   Memory (MB)          :   191        1992      2048 
...
