000 (5990952.000.000) 06/26 03:08:59 Job submitted from host: <144.92.181.245:9618?addrs=144.92.181.245-9618+[2607-f388-101c-1000--372]-9618&noUDP&sock=3375869_eb73_3>
...
001 (5990952.000.000) 06/26 03:11:13 Job executing on host: <144.92.180.39:9618?addrs=144.92.180.39-9618+[2607-f388-101c-1000--629]-9618&noUDP&sock=2460_ef11_3>
...
006 (5990952.000.000) 06/26 03:11:22 Image size of job updated: 319444
	244  -  MemoryUsage of job (MB)
	249496  -  ResidentSetSize of job (KB)
...
005 (5990952.000.000) 06/26 03:13:36 Job terminated.
	(1) Normal termination (return value 0)
		Usr 0 00:01:51, Sys 0 00:00:03  -  Run Remote Usage
		Usr 0 00:00:00, Sys 0 00:00:00  -  Run Local Usage
		Usr 0 00:01:51, Sys 0 00:00:03  -  Total Remote Usage
		Usr 0 00:00:00, Sys 0 00:00:00  -  Total Local Usage
	55089  -  Run Bytes Sent By Job
	8650365  -  Run Bytes Received By Job
	55089  -  Total Bytes Sent By Job
	8650365  -  Total Bytes Received By Job
	Partitionable Resources :    Usage  Request Allocated 
	   Cpus                 :     0.81        1         1 
	   Disk (KB)            :  8564     2048000  18345259 
	   Memory (MB)          :   244        1992      2048 
...
