000 (5990965.000.000) 06/26 03:09:07 Job submitted from host: <144.92.181.245:9618?addrs=144.92.181.245-9618+[2607-f388-101c-1000--372]-9618&noUDP&sock=3375869_eb73_3>
...
001 (5990965.000.000) 06/26 03:11:13 Job executing on host: <128.104.227.44:9618?addrs=128.104.227.44-9618+[2607-f388-101c-1000--629]-9618&noUDP&sock=3238_93c0_3>
...
006 (5990965.000.000) 06/26 03:11:22 Image size of job updated: 268424
	260  -  MemoryUsage of job (MB)
	265576  -  ResidentSetSize of job (KB)
...
005 (5990965.000.000) 06/26 03:14:52 Job terminated.
	(1) Normal termination (return value 0)
		Usr 0 00:02:40, Sys 0 00:00:08  -  Run Remote Usage
		Usr 0 00:00:00, Sys 0 00:00:00  -  Run Local Usage
		Usr 0 00:02:40, Sys 0 00:00:08  -  Total Remote Usage
		Usr 0 00:00:00, Sys 0 00:00:00  -  Total Local Usage
	55233  -  Run Bytes Sent By Job
	8650365  -  Run Bytes Received By Job
	55233  -  Total Bytes Sent By Job
	8650365  -  Total Bytes Received By Job
	Partitionable Resources :    Usage  Request Allocated 
	   Cpus                 :     0.88        1         1 
	   Disk (KB)            :  8564     2048000  18989398 
	   Memory (MB)          :   260        1992      2048 
...
