000 (5990940.000.000) 06/26 03:08:51 Job submitted from host: <144.92.181.245:9618?addrs=144.92.181.245-9618+[2607-f388-101c-1000--372]-9618&noUDP&sock=3375869_eb73_3>
...
001 (5990940.000.000) 06/26 03:11:11 Job executing on host: <144.92.180.115:9618?addrs=144.92.180.115-9618+[2607-f388-101c-1000--629]-9618&noUDP&sock=3372_7d70_3>
...
006 (5990940.000.000) 06/26 03:11:21 Image size of job updated: 372128
	259  -  MemoryUsage of job (MB)
	264564  -  ResidentSetSize of job (KB)
...
005 (5990940.000.000) 06/26 03:15:01 Job terminated.
	(1) Normal termination (return value 0)
		Usr 0 00:02:59, Sys 0 00:00:05  -  Run Remote Usage
		Usr 0 00:00:00, Sys 0 00:00:00  -  Run Local Usage
		Usr 0 00:02:59, Sys 0 00:00:05  -  Total Remote Usage
		Usr 0 00:00:00, Sys 0 00:00:00  -  Total Local Usage
	55224  -  Run Bytes Sent By Job
	8650365  -  Run Bytes Received By Job
	55224  -  Total Bytes Sent By Job
	8650365  -  Total Bytes Received By Job
	Partitionable Resources :    Usage  Request Allocated 
	   Cpus                 :     0.64        1         1 
	   Disk (KB)            :  8564     2048000  18352029 
	   Memory (MB)          :   259        1992      2048 
...
