000 (5990886.000.000) 06/26 03:08:06 Job submitted from host: <144.92.181.245:9618?addrs=144.92.181.245-9618+[2607-f388-101c-1000--372]-9618&noUDP&sock=3375869_eb73_3>
...
001 (5990886.000.000) 06/26 03:09:34 Job executing on host: <144.92.180.59:9618?addrs=144.92.180.59-9618+[2607-f388-101c-1000--629]-9618&noUDP&sock=3331_5e0e_3>
...
006 (5990886.000.000) 06/26 03:09:43 Image size of job updated: 312324
	200  -  MemoryUsage of job (MB)
	204752  -  ResidentSetSize of job (KB)
...
005 (5990886.000.000) 06/26 03:13:08 Job terminated.
	(1) Normal termination (return value 0)
		Usr 0 00:02:37, Sys 0 00:00:07  -  Run Remote Usage
		Usr 0 00:00:00, Sys 0 00:00:00  -  Run Local Usage
		Usr 0 00:02:37, Sys 0 00:00:07  -  Total Remote Usage
		Usr 0 00:00:00, Sys 0 00:00:00  -  Total Local Usage
	67955  -  Run Bytes Sent By Job
	8650390  -  Run Bytes Received By Job
	67955  -  Total Bytes Sent By Job
	8650390  -  Total Bytes Received By Job
	Partitionable Resources :    Usage  Request Allocated 
	   Cpus                 :     0.79        1         1 
	   Disk (KB)            :  8576     2048000  18518293 
	   Memory (MB)          :   200        1992      2048 
...
