000 (5990951.000.000) 06/26 03:08:58 Job submitted from host: <144.92.181.245:9618?addrs=144.92.181.245-9618+[2607-f388-101c-1000--372]-9618&noUDP&sock=3375869_eb73_3>
...
001 (5990951.000.000) 06/26 03:11:11 Job executing on host: <144.92.181.86:9618?addrs=144.92.181.86-9618+[2607-f388-101c-1000--629]-9618&noUDP&sock=2458_8fe1_3>
...
006 (5990951.000.000) 06/26 03:11:20 Image size of job updated: 363396
	250  -  MemoryUsage of job (MB)
	255776  -  ResidentSetSize of job (KB)
...
005 (5990951.000.000) 06/26 03:17:20 Job terminated.
	(1) Normal termination (return value 0)
		Usr 0 00:05:13, Sys 0 00:00:10  -  Run Remote Usage
		Usr 0 00:00:00, Sys 0 00:00:00  -  Run Local Usage
		Usr 0 00:05:13, Sys 0 00:00:10  -  Total Remote Usage
		Usr 0 00:00:00, Sys 0 00:00:00  -  Total Local Usage
	57371  -  Run Bytes Sent By Job
	8650365  -  Run Bytes Received By Job
	57371  -  Total Bytes Sent By Job
	8650365  -  Total Bytes Received By Job
	Partitionable Resources :    Usage  Request Allocated 
	   Cpus                 :     0.89        1         1 
	   Disk (KB)            :  8566     2048000  18498388 
	   Memory (MB)          :   250        1992      2048 
...
