000 (5990949.000.000) 06/26 03:08:57 Job submitted from host: <144.92.181.245:9618?addrs=144.92.181.245-9618+[2607-f388-101c-1000--372]-9618&noUDP&sock=3375869_eb73_3>
...
001 (5990949.000.000) 06/26 03:11:11 Job executing on host: <144.92.181.69:9618?addrs=144.92.181.69-9618+[2607-f388-101c-1000--629]-9618&noUDP&sock=2424_3da8_3>
...
006 (5990949.000.000) 06/26 03:11:20 Image size of job updated: 358044
	245  -  MemoryUsage of job (MB)
	250536  -  ResidentSetSize of job (KB)
...
005 (5990949.000.000) 06/26 03:16:17 Job terminated.
	(1) Normal termination (return value 0)
		Usr 0 00:04:18, Sys 0 00:00:09  -  Run Remote Usage
		Usr 0 00:00:00, Sys 0 00:00:00  -  Run Local Usage
		Usr 0 00:04:18, Sys 0 00:00:09  -  Total Remote Usage
		Usr 0 00:00:00, Sys 0 00:00:00  -  Total Local Usage
	58835  -  Run Bytes Sent By Job
	8650365  -  Run Bytes Received By Job
	58835  -  Total Bytes Sent By Job
	8650365  -  Total Bytes Received By Job
	Partitionable Resources :    Usage  Request Allocated 
	   Cpus                 :     0.88        1         1 
	   Disk (KB)            :  8565     2048000  18505026 
	   Memory (MB)          :   245        1992      2048 
...
