000 (5990889.000.000) 06/26 03:08:08 Job submitted from host: <144.92.181.245:9618?addrs=144.92.181.245-9618+[2607-f388-101c-1000--372]-9618&noUDP&sock=3375869_eb73_3>
...
001 (5990889.000.000) 06/26 03:09:35 Job executing on host: <144.92.181.86:9618?addrs=144.92.181.86-9618+[2607-f388-101c-1000--629]-9618&noUDP&sock=2458_8fe1_3>
...
006 (5990889.000.000) 06/26 03:09:43 Image size of job updated: 311364
	200  -  MemoryUsage of job (MB)
	203904  -  ResidentSetSize of job (KB)
...
005 (5990889.000.000) 06/26 03:14:40 Job terminated.
	(1) Normal termination (return value 0)
		Usr 0 00:03:56, Sys 0 00:00:09  -  Run Remote Usage
		Usr 0 00:00:00, Sys 0 00:00:00  -  Run Local Usage
		Usr 0 00:03:56, Sys 0 00:00:09  -  Total Remote Usage
		Usr 0 00:00:00, Sys 0 00:00:00  -  Total Local Usage
	67577  -  Run Bytes Sent By Job
	8650345  -  Run Bytes Received By Job
	67577  -  Total Bytes Sent By Job
	8650345  -  Total Bytes Received By Job
	Partitionable Resources :    Usage  Request Allocated 
	   Cpus                 :     0.86        1         1 
	   Disk (KB)            :  8576     2048000  18498388 
	   Memory (MB)          :   200        1992      2048 
...
