000 (5990867.000.000) 06/26 03:07:53 Job submitted from host: <144.92.181.245:9618?addrs=144.92.181.245-9618+[2607-f388-101c-1000--372]-9618&noUDP&sock=3375869_eb73_3>
...
001 (5990867.000.000) 06/26 03:09:30 Job executing on host: <128.104.227.81:9618?addrs=128.104.227.81-9618+[2607-f388-101c-1000--629]-9618&noUDP&sock=3239_4358_3>
...
006 (5990867.000.000) 06/26 03:09:39 Image size of job updated: 309332
	197  -  MemoryUsage of job (MB)
	200928  -  ResidentSetSize of job (KB)
...
006 (5990867.000.000) 06/26 03:09:46 Image size of job updated: 309332
	197  -  MemoryUsage of job (MB)
	200932  -  ResidentSetSize of job (KB)
...
005 (5990867.000.000) 06/26 03:09:47 Job terminated.
	(1) Normal termination (return value 0)
		Usr 0 00:00:07, Sys 0 00:00:01  -  Run Remote Usage
		Usr 0 00:00:00, Sys 0 00:00:00  -  Run Local Usage
		Usr 0 00:00:07, Sys 0 00:00:01  -  Total Remote Usage
		Usr 0 00:00:00, Sys 0 00:00:00  -  Total Local Usage
	62599  -  Run Bytes Sent By Job
	8650387  -  Run Bytes Received By Job
	62599  -  Total Bytes Sent By Job
	8650387  -  Total Bytes Received By Job
	Partitionable Resources :    Usage  Request Allocated 
	   Cpus                 :        0        1         1 
	   Disk (KB)            :     8569  2048000  18994791 
	   Memory (MB)          :      197     1992      2048 
...
