000 (5990894.000.000) 06/26 03:08:10 Job submitted from host: <144.92.181.245:9618?addrs=144.92.181.245-9618+[2607-f388-101c-1000--372]-9618&noUDP&sock=3375869_eb73_3>
...
001 (5990894.000.000) 06/26 03:09:35 Job executing on host: <144.92.180.212:9618?addrs=144.92.180.212-9618+[2607-f388-101c-1000--629]-9618&noUDP&sock=3180_cb41_3>
...
006 (5990894.000.000) 06/26 03:09:43 Image size of job updated: 218800
	192  -  MemoryUsage of job (MB)
	195972  -  ResidentSetSize of job (KB)
...
005 (5990894.000.000) 06/26 03:10:21 Job terminated.
	(1) Normal termination (return value 0)
		Usr 0 00:00:26, Sys 0 00:00:02  -  Run Remote Usage
		Usr 0 00:00:00, Sys 0 00:00:00  -  Run Local Usage
		Usr 0 00:00:26, Sys 0 00:00:02  -  Total Remote Usage
		Usr 0 00:00:00, Sys 0 00:00:00  -  Total Local Usage
	62133  -  Run Bytes Sent By Job
	8650375  -  Run Bytes Received By Job
	62133  -  Total Bytes Sent By Job
	8650375  -  Total Bytes Received By Job
	Partitionable Resources :    Usage  Request Allocated 
	   Cpus                 :     0.43        1         1 
	   Disk (KB)            :  8570     2048000  18987120 
	   Memory (MB)          :   192        1992      2048 
...
