000 (5990863.000.000) 06/26 03:07:51 Job submitted from host: <144.92.181.245:9618?addrs=144.92.181.245-9618+[2607-f388-101c-1000--372]-9618&noUDP&sock=3375869_eb73_3>
...
001 (5990863.000.000) 06/26 03:09:17 Job executing on host: <144.92.180.205:9618?addrs=144.92.180.205-9618+[2607-f388-101c-1000--629]-9618&noUDP&sock=3137_4caf_3>
...
006 (5990863.000.000) 06/26 03:09:26 Image size of job updated: 300884
	189  -  MemoryUsage of job (MB)
	192728  -  ResidentSetSize of job (KB)
...
005 (5990863.000.000) 06/26 03:10:26 Job terminated.
	(1) Normal termination (return value 0)
		Usr 0 00:00:42, Sys 0 00:00:02  -  Run Remote Usage
		Usr 0 00:00:00, Sys 0 00:00:00  -  Run Local Usage
		Usr 0 00:00:42, Sys 0 00:00:02  -  Total Remote Usage
		Usr 0 00:00:00, Sys 0 00:00:00  -  Total Local Usage
	64109  -  Run Bytes Sent By Job
	8650417  -  Run Bytes Received By Job
	64109  -  Total Bytes Sent By Job
	8650417  -  Total Bytes Received By Job
	Partitionable Resources :    Usage  Request Allocated 
	   Cpus                 :     0.56        1         1 
	   Disk (KB)            :  8572     2048000  18989235 
	   Memory (MB)          :   189        1992      2048 
...
