000 (5990842.000.000) 06/26 03:07:37 Job submitted from host: <144.92.181.245:9618?addrs=144.92.181.245-9618+[2607-f388-101c-1000--372]-9618&noUDP&sock=3375869_eb73_3>
...
001 (5990842.000.000) 06/26 03:08:15 Job executing on host: <144.92.180.205:9618?addrs=144.92.180.205-9618+[2607-f388-101c-1000--629]-9618&noUDP&sock=3137_4caf_3>
...
006 (5990842.000.000) 06/26 03:08:23 Image size of job updated: 260544
	191  -  MemoryUsage of job (MB)
	195556  -  ResidentSetSize of job (KB)
...
005 (5990842.000.000) 06/26 03:08:38 Job terminated.
	(1) Normal termination (return value 0)
		Usr 0 00:00:13, Sys 0 00:00:01  -  Run Remote Usage
		Usr 0 00:00:00, Sys 0 00:00:00  -  Run Local Usage
		Usr 0 00:00:13, Sys 0 00:00:01  -  Total Remote Usage
		Usr 0 00:00:00, Sys 0 00:00:00  -  Total Local Usage
	118998  -  Run Bytes Sent By Job
	8650405  -  Run Bytes Received By Job
	118998  -  Total Bytes Sent By Job
	8650405  -  Total Bytes Received By Job
	Partitionable Resources :    Usage  Request Allocated 
	   Cpus                 :     0.06        1         1 
	   Disk (KB)            :  8624     2048000  18989235 
	   Memory (MB)          :   191        1992      2048 
...
