000 (5990892.000.000) 06/26 03:08:09 Job submitted from host: <144.92.181.245:9618?addrs=144.92.181.245-9618+[2607-f388-101c-1000--372]-9618&noUDP&sock=3375869_eb73_3>
...
001 (5990892.000.000) 06/26 03:09:30 Job executing on host: <144.92.180.153:9618?addrs=144.92.180.153-9618+[2607-f388-101c-1000--629]-9618&noUDP&sock=3504_07f1_3>
...
006 (5990892.000.000) 06/26 03:09:38 Image size of job updated: 298128
	188  -  MemoryUsage of job (MB)
	192296  -  ResidentSetSize of job (KB)
...
005 (5990892.000.000) 06/26 03:10:17 Job terminated.
	(1) Normal termination (return value 0)
		Usr 0 00:00:25, Sys 0 00:00:01  -  Run Remote Usage
		Usr 0 00:00:00, Sys 0 00:00:00  -  Run Local Usage
		Usr 0 00:00:25, Sys 0 00:00:01  -  Total Remote Usage
		Usr 0 00:00:00, Sys 0 00:00:00  -  Total Local Usage
	62228  -  Run Bytes Sent By Job
	8650375  -  Run Bytes Received By Job
	62228  -  Total Bytes Sent By Job
	8650375  -  Total Bytes Received By Job
	Partitionable Resources :    Usage  Request Allocated 
	   Cpus                 :     0.59        1         1 
	   Disk (KB)            :  8571     2048000  19009917 
	   Memory (MB)          :   188        1992      2048 
...
