000 (5990908.000.000) 06/26 03:08:21 Job submitted from host: <144.92.181.245:9618?addrs=144.92.181.245-9618+[2607-f388-101c-1000--372]-9618&noUDP&sock=3375869_eb73_3>
...
001 (5990908.000.000) 06/26 03:09:49 Job executing on host: <128.104.227.114:9618?addrs=128.104.227.114-9618+[2607-f388-101c-1000--63]-9618&noUDP&sock=3942_766c_3>
...
006 (5990908.000.000) 06/26 03:09:58 Image size of job updated: 305324
	194  -  MemoryUsage of job (MB)
	197924  -  ResidentSetSize of job (KB)
...
005 (5990908.000.000) 06/26 03:11:41 Job terminated.
	(1) Normal termination (return value 0)
		Usr 0 00:01:12, Sys 0 00:00:03  -  Run Remote Usage
		Usr 0 00:00:00, Sys 0 00:00:00  -  Run Local Usage
		Usr 0 00:01:12, Sys 0 00:00:03  -  Total Remote Usage
		Usr 0 00:00:00, Sys 0 00:00:00  -  Total Local Usage
	64519  -  Run Bytes Sent By Job
	8650393  -  Run Bytes Received By Job
	64519  -  Total Bytes Sent By Job
	8650393  -  Total Bytes Received By Job
	Partitionable Resources :    Usage  Request Allocated 
	   Cpus                 :     0.70        1         1 
	   Disk (KB)            :  8573     2048000  18990104 
	   Memory (MB)          :   194        1992      2048 
...
