000 (5990961.000.000) 06/26 03:09:05 Job submitted from host: <144.92.181.245:9618?addrs=144.92.181.245-9618+[2607-f388-101c-1000--372]-9618&noUDP&sock=3375869_eb73_3>
...
001 (5990961.000.000) 06/26 03:11:13 Job executing on host: <144.92.180.212:9618?addrs=144.92.180.212-9618+[2607-f388-101c-1000--629]-9618&noUDP&sock=3180_cb41_3>
...
006 (5990961.000.000) 06/26 03:11:22 Image size of job updated: 295524
	224  -  MemoryUsage of job (MB)
	228792  -  ResidentSetSize of job (KB)
...
005 (5990961.000.000) 06/26 03:14:39 Job terminated.
	(1) Normal termination (return value 0)
		Usr 0 00:02:24, Sys 0 00:00:05  -  Run Remote Usage
		Usr 0 00:00:00, Sys 0 00:00:00  -  Run Local Usage
		Usr 0 00:02:24, Sys 0 00:00:05  -  Total Remote Usage
		Usr 0 00:00:00, Sys 0 00:00:00  -  Total Local Usage
	55060  -  Run Bytes Sent By Job
	8650365  -  Run Bytes Received By Job
	55060  -  Total Bytes Sent By Job
	8650365  -  Total Bytes Received By Job
	Partitionable Resources :    Usage  Request Allocated 
	   Cpus                 :     0.86        1         1 
	   Disk (KB)            :  8564     2048000  18987120 
	   Memory (MB)          :   224        1992      2048 
...
