000 (5990873.000.000) 06/26 03:07:57 Job submitted from host: <144.92.181.245:9618?addrs=144.92.181.245-9618+[2607-f388-101c-1000--372]-9618&noUDP&sock=3375869_eb73_3>
...
001 (5990873.000.000) 06/26 03:09:32 Job executing on host: <144.92.180.69:9618?addrs=144.92.180.69-9618+[2607-f388-101c-1000--629]-9618&noUDP&sock=3036_059e_3>
...
006 (5990873.000.000) 06/26 03:09:40 Image size of job updated: 312364
	201  -  MemoryUsage of job (MB)
	205436  -  ResidentSetSize of job (KB)
...
005 (5990873.000.000) 06/26 03:10:25 Job terminated.
	(1) Normal termination (return value 0)
		Usr 0 00:00:31, Sys 0 00:00:01  -  Run Remote Usage
		Usr 0 00:00:00, Sys 0 00:00:00  -  Run Local Usage
		Usr 0 00:00:31, Sys 0 00:00:01  -  Total Remote Usage
		Usr 0 00:00:00, Sys 0 00:00:00  -  Total Local Usage
	56348  -  Run Bytes Sent By Job
	8650378  -  Run Bytes Received By Job
	56348  -  Total Bytes Sent By Job
	8650378  -  Total Bytes Received By Job
	Partitionable Resources :    Usage  Request Allocated 
	   Cpus                 :     0.69        1         1 
	   Disk (KB)            :  8565     2048000  18982061 
	   Memory (MB)          :   201        1992      2048 
...
