000 (5990859.000.000) 06/26 03:07:48 Job submitted from host: <144.92.181.245:9618?addrs=144.92.181.245-9618+[2607-f388-101c-1000--372]-9618&noUDP&sock=3375869_eb73_3>
...
001 (5990859.000.000) 06/26 03:08:45 Job executing on host: <128.104.227.103:9618?addrs=128.104.227.103-9618+[2607-f388-101c-1000--52]-9618&noUDP&sock=3904_65d3_3>
...
006 (5990859.000.000) 06/26 03:08:54 Image size of job updated: 306680
	195  -  MemoryUsage of job (MB)
	199000  -  ResidentSetSize of job (KB)
...
005 (5990859.000.000) 06/26 03:09:32 Job terminated.
	(1) Normal termination (return value 0)
		Usr 0 00:00:29, Sys 0 00:00:01  -  Run Remote Usage
		Usr 0 00:00:00, Sys 0 00:00:00  -  Run Local Usage
		Usr 0 00:00:29, Sys 0 00:00:01  -  Total Remote Usage
		Usr 0 00:00:00, Sys 0 00:00:00  -  Total Local Usage
	120395  -  Run Bytes Sent By Job
	8650396  -  Run Bytes Received By Job
	120395  -  Total Bytes Sent By Job
	8650396  -  Total Bytes Received By Job
	Partitionable Resources :    Usage  Request Allocated 
	   Cpus                 :     0.68        1         1 
	   Disk (KB)            :  8628     2048000  18994846 
	   Memory (MB)          :   195        1992      2048 
...
