000 (2933202.000.000) 07/16 10:48:56 Job submitted from host: <144.92.180.28:9618?addrs=144.92.180.28-9618+[2607-f388-101c-1000--370]-9618&noUDP&sock=4165887_8e8e_6>
...
001 (2933202.000.000) 07/16 10:53:27 Job executing on host: <144.92.180.234:9618?addrs=144.92.180.234-9618+[2607-f388-101c-1000--629]-9618&noUDP&sock=3103_fa77_3>
...
006 (2933202.000.000) 07/16 10:53:35 Image size of job updated: 349304
	238  -  MemoryUsage of job (MB)
	243460  -  ResidentSetSize of job (KB)
...
005 (2933202.000.000) 07/16 10:57:29 Job terminated.
	(1) Normal termination (return value 0)
		Usr 0 00:02:52, Sys 0 00:00:07  -  Run Remote Usage
		Usr 0 00:00:00, Sys 0 00:00:00  -  Run Local Usage
		Usr 0 00:02:52, Sys 0 00:00:07  -  Total Remote Usage
		Usr 0 00:00:00, Sys 0 00:00:00  -  Total Local Usage
	123505  -  Run Bytes Sent By Job
	71714592  -  Run Bytes Received By Job
	123505  -  Total Bytes Sent By Job
	71714592  -  Total Bytes Received By Job
	Partitionable Resources :    Usage  Request Allocated 
	   Cpus                 :     0.71        1         1 
	   Disk (KB)            : 70216     2048000  18989574 
	   Memory (MB)          :   238        1992      2048 
...
