000 (2933210.000.000) 07/16 10:49:01 Job submitted from host: <144.92.180.28:9618?addrs=144.92.180.28-9618+[2607-f388-101c-1000--370]-9618&noUDP&sock=4165887_8e8e_6>
...
001 (2933210.000.000) 07/16 10:53:38 Job executing on host: <128.104.227.62:9618?addrs=128.104.227.62-9618+[2607-f388-101c-1000--629]-9618&noUDP&sock=3257_9c0c_3>
...
006 (2933210.000.000) 07/16 10:53:47 Image size of job updated: 228028
	219  -  MemoryUsage of job (MB)
	224248  -  ResidentSetSize of job (KB)
...
005 (2933210.000.000) 07/16 11:00:49 Job terminated.
	(1) Normal termination (return value 0)
		Usr 0 00:04:16, Sys 0 00:00:10  -  Run Remote Usage
		Usr 0 00:00:00, Sys 0 00:00:00  -  Run Local Usage
		Usr 0 00:04:16, Sys 0 00:00:10  -  Total Remote Usage
		Usr 0 00:00:00, Sys 0 00:00:00  -  Total Local Usage
	123948  -  Run Bytes Sent By Job
	71714592  -  Run Bytes Received By Job
	123948  -  Total Bytes Sent By Job
	71714592  -  Total Bytes Received By Job
	Partitionable Resources :    Usage  Request Allocated 
	   Cpus                 :     0.80        1         1 
	   Disk (KB)            : 70217     2048000  18992694 
	   Memory (MB)          :   219        1992      2048 
...
