000 (2933169.000.000) 07/16 10:48:37 Job submitted from host: <144.92.180.28:9618?addrs=144.92.180.28-9618+[2607-f388-101c-1000--370]-9618&noUDP&sock=4165887_8e8e_6>
...
001 (2933169.000.000) 07/16 10:52:49 Job executing on host: <128.104.227.45:9618?addrs=128.104.227.45-9618+[2607-f388-101c-1000--629]-9618&noUDP&sock=3354_24bc_3>
...
006 (2933169.000.000) 07/16 10:52:58 Image size of job updated: 273644
	206  -  MemoryUsage of job (MB)
	210724  -  ResidentSetSize of job (KB)
...
005 (2933169.000.000) 07/16 10:58:22 Job terminated.
	(1) Normal termination (return value 0)
		Usr 0 00:02:30, Sys 0 00:00:05  -  Run Remote Usage
		Usr 0 00:00:00, Sys 0 00:00:00  -  Run Local Usage
		Usr 0 00:02:30, Sys 0 00:00:05  -  Total Remote Usage
		Usr 0 00:00:00, Sys 0 00:00:00  -  Total Local Usage
	155392  -  Run Bytes Sent By Job
	71714584  -  Run Bytes Received By Job
	155392  -  Total Bytes Sent By Job
	71714584  -  Total Bytes Received By Job
	Partitionable Resources :    Usage  Request Allocated 
	   Cpus                 :     0.69        1         1 
	   Disk (KB)            : 70246     2048000  18990918 
	   Memory (MB)          :   206        1992      2048 
...
