000 (2933144.000.000) 07/16 10:48:28 Job submitted from host: <144.92.180.28:9618?addrs=144.92.180.28-9618+[2607-f388-101c-1000--370]-9618&noUDP&sock=4165887_8e8e_6>
...
001 (2933144.000.000) 07/16 10:52:22 Job executing on host: <128.104.227.45:9618?addrs=128.104.227.45-9618+[2607-f388-101c-1000--629]-9618&noUDP&sock=3354_24bc_3>
...
006 (2933144.000.000) 07/16 10:52:30 Image size of job updated: 197976
	193  -  MemoryUsage of job (MB)
	197600  -  ResidentSetSize of job (KB)
...
005 (2933144.000.000) 07/16 10:56:21 Job terminated.
	(1) Normal termination (return value 0)
		Usr 0 00:01:15, Sys 0 00:00:03  -  Run Remote Usage
		Usr 0 00:00:00, Sys 0 00:00:00  -  Run Local Usage
		Usr 0 00:01:15, Sys 0 00:00:03  -  Total Remote Usage
		Usr 0 00:00:00, Sys 0 00:00:00  -  Total Local Usage
	142718  -  Run Bytes Sent By Job
	71714584  -  Run Bytes Received By Job
	142718  -  Total Bytes Sent By Job
	71714584  -  Total Bytes Received By Job
	Partitionable Resources :    Usage  Request Allocated 
	   Cpus                 :     0.56        1         1 
	   Disk (KB)            : 70235     2048000  18990918 
	   Memory (MB)          :   193        1992      2048 
...
