000 (2933149.000.000) 07/16 10:48:29 Job submitted from host: <144.92.180.28:9618?addrs=144.92.180.28-9618+[2607-f388-101c-1000--370]-9618&noUDP&sock=4165887_8e8e_6>
...
001 (2933149.000.000) 07/16 10:52:26 Job executing on host: <128.104.227.45:9618?addrs=128.104.227.45-9618+[2607-f388-101c-1000--629]-9618&noUDP&sock=3354_24bc_3>
...
006 (2933149.000.000) 07/16 10:52:35 Image size of job updated: 213760
	189  -  MemoryUsage of job (MB)
	193148  -  ResidentSetSize of job (KB)
...
005 (2933149.000.000) 07/16 10:54:33 Job terminated.
	(1) Normal termination (return value 0)
		Usr 0 00:00:27, Sys 0 00:00:02  -  Run Remote Usage
		Usr 0 00:00:00, Sys 0 00:00:00  -  Run Local Usage
		Usr 0 00:00:27, Sys 0 00:00:02  -  Total Remote Usage
		Usr 0 00:00:00, Sys 0 00:00:00  -  Total Local Usage
	106148  -  Run Bytes Sent By Job
	71714592  -  Run Bytes Received By Job
	106148  -  Total Bytes Sent By Job
	71714592  -  Total Bytes Received By Job
	Partitionable Resources :    Usage  Request Allocated 
	   Cpus                 :     0.24        1         1 
	   Disk (KB)            : 70199     2048000  18990918 
	   Memory (MB)          :   189        1992      2048 
...
