000 (2933127.000.000) 07/16 10:48:21 Job submitted from host: <144.92.180.28:9618?addrs=144.92.180.28-9618+[2607-f388-101c-1000--370]-9618&noUDP&sock=4165887_8e8e_6>
...
001 (2933127.000.000) 07/16 10:50:59 Job executing on host: <144.92.181.163:9618?addrs=144.92.181.163-9618+[2607-f388-101c-1000--629]-9618&noUDP&sock=3013_3ef1_3>
...
006 (2933127.000.000) 07/16 10:51:08 Image size of job updated: 309560
	196  -  MemoryUsage of job (MB)
	200348  -  ResidentSetSize of job (KB)
...
005 (2933127.000.000) 07/16 10:54:43 Job terminated.
	(1) Normal termination (return value 0)
		Usr 0 00:01:47, Sys 0 00:00:05  -  Run Remote Usage
		Usr 0 00:00:00, Sys 0 00:00:00  -  Run Local Usage
		Usr 0 00:01:47, Sys 0 00:00:05  -  Total Remote Usage
		Usr 0 00:00:00, Sys 0 00:00:00  -  Total Local Usage
	143558  -  Run Bytes Sent By Job
	71714656  -  Run Bytes Received By Job
	143558  -  Total Bytes Sent By Job
	71714656  -  Total Bytes Received By Job
	Partitionable Resources :    Usage  Request Allocated 
	   Cpus                 :     0.64        1         1 
	   Disk (KB)            : 70234     2048000  18982406 
	   Memory (MB)          :   196        1992      2048 
...
