000 (2933175.000.000) 07/16 10:48:39 Job submitted from host: <144.92.180.28:9618?addrs=144.92.180.28-9618+[2607-f388-101c-1000--370]-9618&noUDP&sock=4165887_8e8e_6>
...
001 (2933175.000.000) 07/16 10:52:59 Job executing on host: <144.92.181.163:9618?addrs=144.92.181.163-9618+[2607-f388-101c-1000--629]-9618&noUDP&sock=3013_3ef1_3>
...
006 (2933175.000.000) 07/16 10:53:08 Image size of job updated: 201860
	197  -  MemoryUsage of job (MB)
	201516  -  ResidentSetSize of job (KB)
...
005 (2933175.000.000) 07/16 10:57:36 Job terminated.
	(1) Normal termination (return value 0)
		Usr 0 00:02:48, Sys 0 00:00:07  -  Run Remote Usage
		Usr 0 00:00:00, Sys 0 00:00:00  -  Run Local Usage
		Usr 0 00:02:48, Sys 0 00:00:07  -  Total Remote Usage
		Usr 0 00:00:00, Sys 0 00:00:00  -  Total Local Usage
	155470  -  Run Bytes Sent By Job
	71714576  -  Run Bytes Received By Job
	155470  -  Total Bytes Sent By Job
	71714576  -  Total Bytes Received By Job
	Partitionable Resources :    Usage  Request Allocated 
	   Cpus                 :     0.68        1         1 
	   Disk (KB)            : 70248     2048000  18982406 
	   Memory (MB)          :   197        1992      2048 
...
