000 (2933157.000.000) 07/16 10:48:33 Job submitted from host: <144.92.180.28:9618?addrs=144.92.180.28-9618+[2607-f388-101c-1000--370]-9618&noUDP&sock=4165887_8e8e_6>
...
001 (2933157.000.000) 07/16 10:52:42 Job executing on host: <144.92.180.234:9618?addrs=144.92.180.234-9618+[2607-f388-101c-1000--629]-9618&noUDP&sock=3103_fa77_3>
...
006 (2933157.000.000) 07/16 10:52:51 Image size of job updated: 25452
	23  -  MemoryUsage of job (MB)
	23516  -  ResidentSetSize of job (KB)
...
006 (2933157.000.000) 07/16 10:56:15 Image size of job updated: 199352
	23  -  MemoryUsage of job (MB)
	23516  -  ResidentSetSize of job (KB)
...
005 (2933157.000.000) 07/16 10:56:15 Job terminated.
	(1) Normal termination (return value 0)
		Usr 0 00:01:37, Sys 0 00:00:04  -  Run Remote Usage
		Usr 0 00:00:00, Sys 0 00:00:00  -  Run Local Usage
		Usr 0 00:01:37, Sys 0 00:00:04  -  Total Remote Usage
		Usr 0 00:00:00, Sys 0 00:00:00  -  Total Local Usage
	108991  -  Run Bytes Sent By Job
	71714592  -  Run Bytes Received By Job
	108991  -  Total Bytes Sent By Job
	71714592  -  Total Bytes Received By Job
	Partitionable Resources :    Usage  Request Allocated 
	   Cpus                 :     0.52        1         1 
	   Disk (KB)            : 70200     2048000  18989574 
	   Memory (MB)          :    23        1992      2048 
...
