000 (2933146.000.000) 07/16 10:48:28 Job submitted from host: <144.92.180.28:9618?addrs=144.92.180.28-9618+[2607-f388-101c-1000--370]-9618&noUDP&sock=4165887_8e8e_6>
...
001 (2933146.000.000) 07/16 10:52:21 Job executing on host: <128.104.227.111:9618?addrs=128.104.227.111-9618+[2607-f388-101c-1000--60]-9618&noUDP&sock=3903_b63b_3>
...
006 (2933146.000.000) 07/16 10:52:30 Image size of job updated: 253512
	201  -  MemoryUsage of job (MB)
	205564  -  ResidentSetSize of job (KB)
...
005 (2933146.000.000) 07/16 10:56:36 Job terminated.
	(1) Normal termination (return value 0)
		Usr 0 00:02:42, Sys 0 00:00:05  -  Run Remote Usage
		Usr 0 00:00:00, Sys 0 00:00:00  -  Run Local Usage
		Usr 0 00:02:42, Sys 0 00:00:05  -  Total Remote Usage
		Usr 0 00:00:00, Sys 0 00:00:00  -  Total Local Usage
	153130  -  Run Bytes Sent By Job
	71714560  -  Run Bytes Received By Job
	153130  -  Total Bytes Sent By Job
	71714560  -  Total Bytes Received By Job
	Partitionable Resources :    Usage  Request Allocated 
	   Cpus                 :     0.69        1         1 
	   Disk (KB)            : 70245     2048000  18994917 
	   Memory (MB)          :   201        1992      2048 
...
