000 (2933154.000.000) 07/16 10:48:32 Job submitted from host: <144.92.180.28:9618?addrs=144.92.180.28-9618+[2607-f388-101c-1000--370]-9618&noUDP&sock=4165887_8e8e_6>
...
001 (2933154.000.000) 07/16 10:52:37 Job executing on host: <128.104.227.111:9618?addrs=128.104.227.111-9618+[2607-f388-101c-1000--60]-9618&noUDP&sock=3903_b63b_3>
...
006 (2933154.000.000) 07/16 10:52:45 Image size of job updated: 301480
	189  -  MemoryUsage of job (MB)
	193408  -  ResidentSetSize of job (KB)
...
005 (2933154.000.000) 07/16 10:53:45 Job terminated.
	(1) Normal termination (return value 0)
		Usr 0 00:00:37, Sys 0 00:00:02  -  Run Remote Usage
		Usr 0 00:00:00, Sys 0 00:00:00  -  Run Local Usage
		Usr 0 00:00:37, Sys 0 00:00:02  -  Total Remote Usage
		Usr 0 00:00:00, Sys 0 00:00:00  -  Total Local Usage
	86712  -  Run Bytes Sent By Job
	71714592  -  Run Bytes Received By Job
	86712  -  Total Bytes Sent By Job
	71714592  -  Total Bytes Received By Job
	Partitionable Resources :    Usage  Request Allocated 
	   Cpus                 :     0.59        1         1 
	   Disk (KB)            : 70181     2048000  18994917 
	   Memory (MB)          :   189        1992      2048 
...
