000 (2933095.000.000) 07/16 10:48:11 Job submitted from host: <144.92.180.28:9618?addrs=144.92.180.28-9618+[2607-f388-101c-1000--370]-9618&noUDP&sock=4165887_8e8e_6>
...
001 (2933095.000.000) 07/16 10:48:55 Job executing on host: <128.104.227.45:9618?addrs=128.104.227.45-9618+[2607-f388-101c-1000--629]-9618&noUDP&sock=3354_24bc_3>
...
006 (2933095.000.000) 07/16 10:49:04 Image size of job updated: 200732
	190  -  MemoryUsage of job (MB)
	194104  -  ResidentSetSize of job (KB)
...
005 (2933095.000.000) 07/16 10:55:07 Job terminated.
	(1) Normal termination (return value 0)
		Usr 0 00:02:03, Sys 0 00:00:06  -  Run Remote Usage
		Usr 0 00:00:00, Sys 0 00:00:00  -  Run Local Usage
		Usr 0 00:02:03, Sys 0 00:00:06  -  Total Remote Usage
		Usr 0 00:00:00, Sys 0 00:00:00  -  Total Local Usage
	152093  -  Run Bytes Sent By Job
	71714608  -  Run Bytes Received By Job
	152093  -  Total Bytes Sent By Job
	71714608  -  Total Bytes Received By Job
	Partitionable Resources :    Usage  Request Allocated 
	   Cpus                 :     0.34        1         1 
	   Disk (KB)            : 70244     2048000  18990918 
	   Memory (MB)          :   190        1992      2048 
...
