000 (2933130.000.000) 07/16 10:48:23 Job submitted from host: <144.92.180.28:9618?addrs=144.92.180.28-9618+[2607-f388-101c-1000--370]-9618&noUDP&sock=4165887_8e8e_6>
...
001 (2933130.000.000) 07/16 10:51:35 Job executing on host: <144.92.181.246:9618?addrs=144.92.181.246-9618+[2607-f388-101c-1000--629]-9618&noUDP&sock=3159_63c4_3>
...
006 (2933130.000.000) 07/16 10:51:44 Image size of job updated: 311280
	199  -  MemoryUsage of job (MB)
	203580  -  ResidentSetSize of job (KB)
...
005 (2933130.000.000) 07/16 10:52:23 Job terminated.
	(1) Normal termination (return value 0)
		Usr 0 00:00:29, Sys 0 00:00:01  -  Run Remote Usage
		Usr 0 00:00:00, Sys 0 00:00:00  -  Run Local Usage
		Usr 0 00:00:29, Sys 0 00:00:01  -  Total Remote Usage
		Usr 0 00:00:00, Sys 0 00:00:00  -  Total Local Usage
	71394  -  Run Bytes Sent By Job
	71714592  -  Run Bytes Received By Job
	71394  -  Total Bytes Sent By Job
	71714592  -  Total Bytes Received By Job
	Partitionable Resources :    Usage  Request Allocated 
	   Cpus                 :     0.04        1         1 
	   Disk (KB)            : 70164     2048000  18988325 
	   Memory (MB)          :   199        1992      2048 
...
