000 (2933171.000.000) 07/16 10:48:37 Job submitted from host: <144.92.180.28:9618?addrs=144.92.180.28-9618+[2607-f388-101c-1000--370]-9618&noUDP&sock=4165887_8e8e_6>
...
001 (2933171.000.000) 07/16 10:52:51 Job executing on host: <144.92.181.163:9618?addrs=144.92.181.163-9618+[2607-f388-101c-1000--629]-9618&noUDP&sock=3013_3ef1_3>
...
006 (2933171.000.000) 07/16 10:53:00 Image size of job updated: 222528
	218  -  MemoryUsage of job (MB)
	222400  -  ResidentSetSize of job (KB)
...
006 (2933171.000.000) 07/16 10:53:02 Image size of job updated: 552224
	218  -  MemoryUsage of job (MB)
	222400  -  ResidentSetSize of job (KB)
...
005 (2933171.000.000) 07/16 10:53:02 Job terminated.
	(1) Normal termination (return value 0)
		Usr 0 00:00:04, Sys 0 00:00:00  -  Run Remote Usage
		Usr 0 00:00:00, Sys 0 00:00:00  -  Run Local Usage
		Usr 0 00:00:04, Sys 0 00:00:00  -  Total Remote Usage
		Usr 0 00:00:00, Sys 0 00:00:00  -  Total Local Usage
	145375  -  Run Bytes Sent By Job
	71714568  -  Run Bytes Received By Job
	145375  -  Total Bytes Sent By Job
	71714568  -  Total Bytes Received By Job
	Partitionable Resources :    Usage  Request Allocated 
	   Cpus                 :     0.54        1         1 
	   Disk (KB)            : 70238     2048000  18982406 
	   Memory (MB)          :   218        1992      2048 
...
