000 (2933103.000.000) 07/16 10:48:13 Job submitted from host: <144.92.180.28:9618?addrs=144.92.180.28-9618+[2607-f388-101c-1000--370]-9618&noUDP&sock=4165887_8e8e_6>
...
001 (2933103.000.000) 07/16 10:49:00 Job executing on host: <128.104.227.45:9618?addrs=128.104.227.45-9618+[2607-f388-101c-1000--629]-9618&noUDP&sock=3354_24bc_3>
...
006 (2933103.000.000) 07/16 10:49:07 Image size of job updated: 8936
	1  -  MemoryUsage of job (MB)
	24  -  ResidentSetSize of job (KB)
...
005 (2933103.000.000) 07/16 10:49:07 Job terminated.
	(1) Normal termination (return value 0)
		Usr 0 00:00:02, Sys 0 00:00:00  -  Run Remote Usage
		Usr 0 00:00:00, Sys 0 00:00:00  -  Run Local Usage
		Usr 0 00:00:02, Sys 0 00:00:00  -  Total Remote Usage
		Usr 0 00:00:00, Sys 0 00:00:00  -  Total Local Usage
	111080  -  Run Bytes Sent By Job
	71714616  -  Run Bytes Received By Job
	111080  -  Total Bytes Sent By Job
	71714616  -  Total Bytes Received By Job
	Partitionable Resources :    Usage  Request Allocated 
	   Cpus                 :     0.09        1         1 
	   Disk (KB)            : 70202     2048000  18990918 
	   Memory (MB)          :     1        1992      2048 
...
