000 (2686773.000.000) 06/25 19:32:11 Job submitted from host: <144.92.180.28:9618?addrs=144.92.180.28-9618+[2607-f388-101c-1000--370]-9618&noUDP&sock=2477537_e346_3>
...
001 (2686773.000.000) 06/25 21:12:47 Job executing on host: <128.104.227.10:9618?addrs=128.104.227.10-9618+[2607-f388-101c-1000--629]-9618&noUDP&sock=3398_52e7_3>
...
006 (2686773.000.000) 06/25 21:12:56 Image size of job updated: 142132
	57  -  MemoryUsage of job (MB)
	57624  -  ResidentSetSize of job (KB)
...
005 (2686773.000.000) 06/25 21:13:25 Job terminated.
	(1) Normal termination (return value 0)
		Usr 0 00:00:03, Sys 0 00:00:00  -  Run Remote Usage
		Usr 0 00:00:00, Sys 0 00:00:00  -  Run Local Usage
		Usr 0 00:00:03, Sys 0 00:00:00  -  Total Remote Usage
		Usr 0 00:00:00, Sys 0 00:00:00  -  Total Local Usage
	35799  -  Run Bytes Sent By Job
	8650387  -  Run Bytes Received By Job
	35799  -  Total Bytes Sent By Job
	8650387  -  Total Bytes Received By Job
	Partitionable Resources :    Usage  Request Allocated 
	   Cpus                 :     0.06        1         1 
	   Disk (KB)            :  8543     2048000  18999726 
	   Memory (MB)          :    57        1992      2048 
...
