000 (2686689.000.000) 06/25 19:31:39 Job submitted from host: <144.92.180.28:9618?addrs=144.92.180.28-9618+[2607-f388-101c-1000--370]-9618&noUDP&sock=2477537_e346_3>
...
001 (2686689.000.000) 06/25 20:58:04 Job executing on host: <144.92.181.87:9618?addrs=144.92.181.87-9618+[2607-f388-101c-1000--629]-9618&noUDP&sock=2451_c2b7_3>
...
006 (2686689.000.000) 06/25 20:58:13 Image size of job updated: 305508
	195  -  MemoryUsage of job (MB)
	198700  -  ResidentSetSize of job (KB)
...
005 (2686689.000.000) 06/25 21:01:24 Job terminated.
	(1) Normal termination (return value 0)
		Usr 0 00:01:47, Sys 0 00:00:07  -  Run Remote Usage
		Usr 0 00:00:00, Sys 0 00:00:00  -  Run Local Usage
		Usr 0 00:01:47, Sys 0 00:00:07  -  Total Remote Usage
		Usr 0 00:00:00, Sys 0 00:00:00  -  Total Local Usage
	126373  -  Run Bytes Sent By Job
	8650390  -  Run Bytes Received By Job
	126373  -  Total Bytes Sent By Job
	8650390  -  Total Bytes Received By Job
	Partitionable Resources :    Usage  Request Allocated 
	   Cpus                 :     0.71        1         1 
	   Disk (KB)            :  8631     2048000  18514405 
	   Memory (MB)          :   195        1992      2048 
...
