000 (2686739.000.000) 06/25 19:31:58 Job submitted from host: <144.92.180.28:9618?addrs=144.92.180.28-9618+[2607-f388-101c-1000--370]-9618&noUDP&sock=2477537_e346_3>
...
001 (2686739.000.000) 06/25 21:09:17 Job executing on host: <128.104.227.104:9618?addrs=128.104.227.104-9618+[2607-f388-101c-1000--53]-9618&noUDP&sock=3049_f059_3>
...
006 (2686739.000.000) 06/25 21:09:26 Image size of job updated: 302656
	192  -  MemoryUsage of job (MB)
	195896  -  ResidentSetSize of job (KB)
...
005 (2686739.000.000) 06/25 21:09:55 Job terminated.
	(1) Normal termination (return value 0)
		Usr 0 00:00:23, Sys 0 00:00:01  -  Run Remote Usage
		Usr 0 00:00:00, Sys 0 00:00:00  -  Run Local Usage
		Usr 0 00:00:23, Sys 0 00:00:01  -  Total Remote Usage
		Usr 0 00:00:00, Sys 0 00:00:00  -  Total Local Usage
	62120  -  Run Bytes Sent By Job
	8650375  -  Run Bytes Received By Job
	62120  -  Total Bytes Sent By Job
	8650375  -  Total Bytes Received By Job
	Partitionable Resources :    Usage  Request Allocated 
	   Cpus                 :        0        1         1 
	   Disk (KB)            :     8569  2048000  18993517 
	   Memory (MB)          :      192     1992      2048 
...
