000 (2686749.000.000) 06/25 19:32:02 Job submitted from host: <144.92.180.28:9618?addrs=144.92.180.28-9618+[2607-f388-101c-1000--370]-9618&noUDP&sock=2477537_e346_3>
...
001 (2686749.000.000) 06/25 21:10:40 Job executing on host: <128.104.227.127:9618?addrs=128.104.227.127-9618+[2607-f388-101c-1000--74]-9618&noUDP&sock=3293_4d75_3>
...
006 (2686749.000.000) 06/25 21:10:49 Image size of job updated: 305160
	192  -  MemoryUsage of job (MB)
	196432  -  ResidentSetSize of job (KB)
...
005 (2686749.000.000) 06/25 21:11:02 Job terminated.
	(1) Normal termination (return value 0)
		Usr 0 00:00:09, Sys 0 00:00:00  -  Run Remote Usage
		Usr 0 00:00:00, Sys 0 00:00:00  -  Run Local Usage
		Usr 0 00:00:09, Sys 0 00:00:00  -  Total Remote Usage
		Usr 0 00:00:00, Sys 0 00:00:00  -  Total Local Usage
	61978  -  Run Bytes Sent By Job
	8650372  -  Run Bytes Received By Job
	61978  -  Total Bytes Sent By Job
	8650372  -  Total Bytes Received By Job
	Partitionable Resources :    Usage  Request Allocated 
	   Cpus                 :     0.03        1         1 
	   Disk (KB)            :  8568     2048000  19010182 
	   Memory (MB)          :   192        1992      2048 
...
