000 (2686744.000.000) 06/25 19:32:00 Job submitted from host: <144.92.180.28:9618?addrs=144.92.180.28-9618+[2607-f388-101c-1000--370]-9618&noUDP&sock=2477537_e346_3>
...
001 (2686744.000.000) 06/25 21:09:57 Job executing on host: <128.104.227.104:9618?addrs=128.104.227.104-9618+[2607-f388-101c-1000--53]-9618&noUDP&sock=3049_f059_3>
...
006 (2686744.000.000) 06/25 21:10:05 Image size of job updated: 300936
	190  -  MemoryUsage of job (MB)
	194300  -  ResidentSetSize of job (KB)
...
005 (2686744.000.000) 06/25 21:12:14 Job terminated.
	(1) Normal termination (return value 0)
		Usr 0 00:00:57, Sys 0 00:00:03  -  Run Remote Usage
		Usr 0 00:00:00, Sys 0 00:00:00  -  Run Local Usage
		Usr 0 00:00:57, Sys 0 00:00:03  -  Total Remote Usage
		Usr 0 00:00:00, Sys 0 00:00:00  -  Total Local Usage
	63953  -  Run Bytes Sent By Job
	8650375  -  Run Bytes Received By Job
	63953  -  Total Bytes Sent By Job
	8650375  -  Total Bytes Received By Job
	Partitionable Resources :    Usage  Request Allocated 
	   Cpus                 :     0.12        1         1 
	   Disk (KB)            :  8570     2048000  18993517 
	   Memory (MB)          :   190        1992      2048 
...
