All files added.
Initializing chain.
****************** wjet sample found
.... MC file ..... 
Coming in: 
nentries:52913
Running over 52913 events.
Finished entry 0/52912
Finished entry 2000/52912
Finished entry 4000/52912
Finished entry 6000/52912
Finished entry 8000/52912
Finished entry 10000/52912
Finished entry 12000/52912
Finished entry 14000/52912
Finished entry 16000/52912
Finished entry 18000/52912
Finished entry 20000/52912
Finished entry 22000/52912
Finished entry 24000/52912
Finished entry 26000/52912
Finished entry 28000/52912
Finished entry 30000/52912
Finished entry 32000/52912
Finished entry 34000/52912
Finished entry 36000/52912
Finished entry 38000/52912
Finished entry 40000/52912
Finished entry 42000/52912
Finished entry 44000/52912
Finished entry 46000/52912
Finished entry 48000/52912
Finished entry 50000/52912
Finished entry 52000/52912
Finished entry 52912/52912
All events checked.
*******************************************
******************Jithin's original*************************
    Initial entries 52913.000000
   Passing smikking 0.000000
Inspected genWeightd 52909.000000   % change= 0.007560
   METFiltersPassed 49826.971804   % change= 5.825149
    SingleTrgPassed 39225.018704   % change= 21.277538
     GoodMuonPassed 33482.936923   % change= 14.638825
      GoodTauPassed 813.364106   % change= 97.570810
         opp charge 648.935396   % change= 20.215880
         after sf 1 0.000000   % change= 20.215880
         after sf 2 0.000000   % change= 20.215880
         after sf 3 0.000000   % change= 20.215880
         after sf 4 529.861469   % change= 20.215880
 PassedThirdLepVeto 529.861469   % change= 18.349119
     PassedBjetVeto 526.039256   % change= 0.721361
       DeltaRPassed 524.093693   % change= 0.369851
      Total change :99.009518
*******************************************
*******************************************
Number of events inspected: 52913
Number of events inspected (minus negative gen. weights): 52909.000000
 Outpt written to WJetsToLNu_TuneCP5_03.root
Real time 0:00:23, CP time 13.760
