000 (2686794.000.000) 06/25 19:32:30 Job submitted from host: <144.92.180.28:9618?addrs=144.92.180.28-9618+[2607-f388-101c-1000--370]-9618&noUDP&sock=2477537_e346_3>
...
001 (2686794.000.000) 06/25 21:17:31 Job executing on host: <144.92.180.239:9618?addrs=144.92.180.239-9618+[2607-f388-101c-1000--629]-9618&noUDP&sock=2995_e63c_3>
...
006 (2686794.000.000) 06/25 21:17:40 Image size of job updated: 197192
	91  -  MemoryUsage of job (MB)
	92992  -  ResidentSetSize of job (KB)
...
006 (2686794.000.000) 06/25 21:21:39 Image size of job updated: 197192
	92  -  MemoryUsage of job (MB)
	93288  -  ResidentSetSize of job (KB)
...
005 (2686794.000.000) 06/25 21:21:40 Job terminated.
	(1) Normal termination (return value 0)
		Usr 0 00:02:36, Sys 0 00:00:03  -  Run Remote Usage
		Usr 0 00:00:00, Sys 0 00:00:00  -  Run Local Usage
		Usr 0 00:02:36, Sys 0 00:00:03  -  Total Remote Usage
		Usr 0 00:00:00, Sys 0 00:00:00  -  Total Local Usage
	55293  -  Run Bytes Sent By Job
	8650365  -  Run Bytes Received By Job
	55293  -  Total Bytes Sent By Job
	8650365  -  Total Bytes Received By Job
	Partitionable Resources :    Usage  Request Allocated 
	   Cpus                 :     0.21        1         1 
	   Disk (KB)            :  8562     2048000  18996553 
	   Memory (MB)          :    92        1992      2048 
...
