000 (2686799.000.000) 06/25 19:32:32 Job submitted from host: <144.92.180.28:9618?addrs=144.92.180.28-9618+[2607-f388-101c-1000--370]-9618&noUDP&sock=2477537_e346_3>
...
001 (2686799.000.000) 06/25 21:18:53 Job executing on host: <144.92.181.152:9618?addrs=144.92.181.152-9618+[2607-f388-101c-1000--629]-9618&noUDP&sock=3134_3de6_3>
...
006 (2686799.000.000) 06/25 21:19:02 Image size of job updated: 339076
	226  -  MemoryUsage of job (MB)
	230580  -  ResidentSetSize of job (KB)
...
005 (2686799.000.000) 06/25 21:21:32 Job terminated.
	(1) Normal termination (return value 0)
		Usr 0 00:01:11, Sys 0 00:00:02  -  Run Remote Usage
		Usr 0 00:00:00, Sys 0 00:00:00  -  Run Local Usage
		Usr 0 00:01:11, Sys 0 00:00:02  -  Total Remote Usage
		Usr 0 00:00:00, Sys 0 00:00:00  -  Total Local Usage
	55270  -  Run Bytes Sent By Job
	8650365  -  Run Bytes Received By Job
	55270  -  Total Bytes Sent By Job
	8650365  -  Total Bytes Received By Job
	Partitionable Resources :    Usage  Request Allocated 
	   Cpus                 :     0.76        1         1 
	   Disk (KB)            :  8564     2048000  18988138 
	   Memory (MB)          :   226        1992      2048 
...
