000 (2686687.000.000) 06/25 19:31:38 Job submitted from host: <144.92.180.28:9618?addrs=144.92.180.28-9618+[2607-f388-101c-1000--370]-9618&noUDP&sock=2477537_e346_3>
...
001 (2686687.000.000) 06/25 20:56:19 Job executing on host: <144.92.180.39:9618?addrs=144.92.180.39-9618+[2607-f388-101c-1000--629]-9618&noUDP&sock=2460_ef11_3>
...
006 (2686687.000.000) 06/25 20:56:28 Image size of job updated: 304364
	191  -  MemoryUsage of job (MB)
	195552  -  ResidentSetSize of job (KB)
...
005 (2686687.000.000) 06/25 20:56:46 Job terminated.
	(1) Normal termination (return value 0)
		Usr 0 00:00:14, Sys 0 00:00:01  -  Run Remote Usage
		Usr 0 00:00:00, Sys 0 00:00:00  -  Run Local Usage
		Usr 0 00:00:14, Sys 0 00:00:01  -  Total Remote Usage
		Usr 0 00:00:00, Sys 0 00:00:00  -  Total Local Usage
	117953  -  Run Bytes Sent By Job
	8650405  -  Run Bytes Received By Job
	117953  -  Total Bytes Sent By Job
	8650405  -  Total Bytes Received By Job
	Partitionable Resources :    Usage  Request Allocated 
	   Cpus                 :        0        1         1 
	   Disk (KB)            :     8623  2048000  18345259 
	   Memory (MB)          :      191     1992      2048 
...
