000 (2686699.000.000) 06/25 19:31:43 Job submitted from host: <144.92.180.28:9618?addrs=144.92.180.28-9618+[2607-f388-101c-1000--370]-9618&noUDP&sock=2477537_e346_3>
...
001 (2686699.000.000) 06/25 20:58:45 Job executing on host: <144.92.180.39:9618?addrs=144.92.180.39-9618+[2607-f388-101c-1000--629]-9618&noUDP&sock=2460_ef11_3>
...
006 (2686699.000.000) 06/25 20:58:54 Image size of job updated: 302572
	192  -  MemoryUsage of job (MB)
	195724  -  ResidentSetSize of job (KB)
...
005 (2686699.000.000) 06/25 20:59:43 Job terminated.
	(1) Normal termination (return value 0)
		Usr 0 00:00:35, Sys 0 00:00:02  -  Run Remote Usage
		Usr 0 00:00:00, Sys 0 00:00:00  -  Run Local Usage
		Usr 0 00:00:35, Sys 0 00:00:02  -  Total Remote Usage
		Usr 0 00:00:00, Sys 0 00:00:00  -  Total Local Usage
	119635  -  Run Bytes Sent By Job
	8650411  -  Run Bytes Received By Job
	119635  -  Total Bytes Sent By Job
	8650411  -  Total Bytes Received By Job
	Partitionable Resources :    Usage  Request Allocated 
	   Cpus                 :     0.06        1         1 
	   Disk (KB)            :  8625     2048000  18345259 
	   Memory (MB)          :   192        1992      2048 
...
