All files added.
Initializing chain.
****************** dyjet sample found
.... MC file ..... 
Coming in: 
nentries:216691
Running over 216691 events.
Finished entry 0/216690
Finished entry 10000/216690
Finished entry 20000/216690
Finished entry 30000/216690
Finished entry 40000/216690
Finished entry 50000/216690
Finished entry 60000/216690
Finished entry 70000/216690
Finished entry 80000/216690
Finished entry 90000/216690
Finished entry 100000/216690
Finished entry 110000/216690
Finished entry 120000/216690
Finished entry 130000/216690
Finished entry 140000/216690
Finished entry 150000/216690
Finished entry 160000/216690
Finished entry 170000/216690
Finished entry 180000/216690
Finished entry 190000/216690
Finished entry 200000/216690
Finished entry 210000/216690
Finished entry 216690/216690
All events checked.
*******************************************
******************Jithin's original*************************
    Initial entries 216691.000000
   Passing smikking 0.000000
Inspected genWeightd 216689.000000   % change= 0.000923
   METFiltersPassed 48612.136336   % change= 77.565942
    SingleTrgPassed 31510.986645   % change= 35.178766
     GoodMuonPassed 26135.886030   % change= 17.057862
      GoodTauPassed 8908.768762   % change= 65.913653
         opp charge 8795.383940   % change= 1.272733
         after sf 1 0.000000   % change= 1.272733
         after sf 2 0.000000   % change= 1.272733
         after sf 3 0.000000   % change= 1.272733
         after sf 4 7656.167886   % change= 1.272733
 PassedThirdLepVeto 6992.809193   % change= 20.494554
     PassedBjetVeto 6743.282548   % change= 3.568332
       DeltaRPassed 6738.138883   % change= 0.076278
      Total change :96.890439
*******************************************
*******************************************
Number of events inspected: 216691
Number of events inspected (minus negative gen. weights): 216689.000000
 Outpt written to DY1JetsToLL_M-50_TuneCP5_03.root
Real time 0:03:01, CP time 47.270
