000 (2686705.000.000) 06/25 19:31:45 Job submitted from host: <144.92.180.28:9618?addrs=144.92.180.28-9618+[2607-f388-101c-1000--370]-9618&noUDP&sock=2477537_e346_3>
...
001 (2686705.000.000) 06/25 20:59:45 Job executing on host: <144.92.180.39:9618?addrs=144.92.180.39-9618+[2607-f388-101c-1000--629]-9618&noUDP&sock=2460_ef11_3>
...
006 (2686705.000.000) 06/25 20:59:53 Image size of job updated: 306328
	195  -  MemoryUsage of job (MB)
	198792  -  ResidentSetSize of job (KB)
...
005 (2686705.000.000) 06/25 21:00:45 Job terminated.
	(1) Normal termination (return value 0)
		Usr 0 00:00:36, Sys 0 00:00:02  -  Run Remote Usage
		Usr 0 00:00:00, Sys 0 00:00:00  -  Run Local Usage
		Usr 0 00:00:36, Sys 0 00:00:02  -  Total Remote Usage
		Usr 0 00:00:00, Sys 0 00:00:00  -  Total Local Usage
	119314  -  Run Bytes Sent By Job
	8650396  -  Run Bytes Received By Job
	119314  -  Total Bytes Sent By Job
	8650396  -  Total Bytes Received By Job
	Partitionable Resources :    Usage  Request Allocated 
	   Cpus                 :        0        1         1 
	   Disk (KB)            :     8624  2048000  18345259 
	   Memory (MB)          :      195     1992      2048 
...
