000 (2686795.000.000) 06/25 19:32:30 Job submitted from host: <144.92.180.28:9618?addrs=144.92.180.28-9618+[2607-f388-101c-1000--370]-9618&noUDP&sock=2477537_e346_3>
...
001 (2686795.000.000) 06/25 21:17:40 Job executing on host: <128.104.227.10:9618?addrs=128.104.227.10-9618+[2607-f388-101c-1000--629]-9618&noUDP&sock=3398_52e7_3>
...
006 (2686795.000.000) 06/25 21:17:48 Image size of job updated: 361876
	249  -  MemoryUsage of job (MB)
	254696  -  ResidentSetSize of job (KB)
...
005 (2686795.000.000) 06/25 21:18:01 Job terminated.
	(1) Normal termination (return value 0)
		Usr 0 00:00:13, Sys 0 00:00:01  -  Run Remote Usage
		Usr 0 00:00:00, Sys 0 00:00:00  -  Run Local Usage
		Usr 0 00:00:13, Sys 0 00:00:01  -  Total Remote Usage
		Usr 0 00:00:00, Sys 0 00:00:00  -  Total Local Usage
	54432  -  Run Bytes Sent By Job
	8650365  -  Run Bytes Received By Job
	54432  -  Total Bytes Sent By Job
	8650365  -  Total Bytes Received By Job
	Partitionable Resources :    Usage  Request Allocated 
	   Cpus                 :        0        1         1 
	   Disk (KB)            :     8561  2048000  18999726 
	   Memory (MB)          :      249     1992      2048 
...
