000 (2686683.000.000) 06/25 19:31:37 Job submitted from host: <144.92.180.28:9618?addrs=144.92.180.28-9618+[2607-f388-101c-1000--370]-9618&noUDP&sock=2477537_e346_3>
...
001 (2686683.000.000) 06/25 20:55:14 Job executing on host: <128.104.227.104:9618?addrs=128.104.227.104-9618+[2607-f388-101c-1000--53]-9618&noUDP&sock=3049_f059_3>
...
006 (2686683.000.000) 06/25 20:55:22 Image size of job updated: 299900
	188  -  MemoryUsage of job (MB)
	191836  -  ResidentSetSize of job (KB)
...
005 (2686683.000.000) 06/25 20:58:15 Job terminated.
	(1) Normal termination (return value 0)
		Usr 0 00:00:45, Sys 0 00:00:02  -  Run Remote Usage
		Usr 0 00:00:00, Sys 0 00:00:00  -  Run Local Usage
		Usr 0 00:00:45, Sys 0 00:00:02  -  Total Remote Usage
		Usr 0 00:00:00, Sys 0 00:00:00  -  Total Local Usage
	119581  -  Run Bytes Sent By Job
	8650390  -  Run Bytes Received By Job
	119581  -  Total Bytes Sent By Job
	8650390  -  Total Bytes Received By Job
	Partitionable Resources :    Usage  Request Allocated 
	   Cpus                 :     0.01        1         1 
	   Disk (KB)            :  8625     2048000  18993517 
	   Memory (MB)          :   188        1992      2048 
...
