000 (2686736.000.000) 06/25 19:31:57 Job submitted from host: <144.92.180.28:9618?addrs=144.92.180.28-9618+[2607-f388-101c-1000--370]-9618&noUDP&sock=2477537_e346_3>
...
001 (2686736.000.000) 06/25 21:09:05 Job executing on host: <144.92.180.243:9618?addrs=144.92.180.243-9618+[2607-f388-101c-1000--629]-9618&noUDP&sock=3048_40c1_3>
...
006 (2686736.000.000) 06/25 21:09:13 Image size of job updated: 299648
	188  -  MemoryUsage of job (MB)
	192252  -  ResidentSetSize of job (KB)
...
005 (2686736.000.000) 06/25 21:09:45 Job terminated.
	(1) Normal termination (return value 0)
		Usr 0 00:00:21, Sys 0 00:00:01  -  Run Remote Usage
		Usr 0 00:00:00, Sys 0 00:00:00  -  Run Local Usage
		Usr 0 00:00:21, Sys 0 00:00:01  -  Total Remote Usage
		Usr 0 00:00:00, Sys 0 00:00:00  -  Total Local Usage
	62123  -  Run Bytes Sent By Job
	8650375  -  Run Bytes Received By Job
	62123  -  Total Bytes Sent By Job
	8650375  -  Total Bytes Received By Job
	Partitionable Resources :    Usage  Request Allocated 
	   Cpus                 :        0        1         1 
	   Disk (KB)            :     8568  2048000  18990910 
	   Memory (MB)          :      188     1992      2048 
...
