000 (2686802.000.000) 06/25 19:32:33 Job submitted from host: <144.92.180.28:9618?addrs=144.92.180.28-9618+[2607-f388-101c-1000--370]-9618&noUDP&sock=2477537_e346_3>
...
001 (2686802.000.000) 06/25 21:18:59 Job executing on host: <128.104.227.104:9618?addrs=128.104.227.104-9618+[2607-f388-101c-1000--53]-9618&noUDP&sock=3049_f059_3>
...
006 (2686802.000.000) 06/25 21:19:08 Image size of job updated: 330768
	219  -  MemoryUsage of job (MB)
	223972  -  ResidentSetSize of job (KB)
...
005 (2686802.000.000) 06/25 21:22:12 Job terminated.
	(1) Normal termination (return value 0)
		Usr 0 00:02:00, Sys 0 00:00:05  -  Run Remote Usage
		Usr 0 00:00:00, Sys 0 00:00:00  -  Run Local Usage
		Usr 0 00:02:00, Sys 0 00:00:05  -  Total Remote Usage
		Usr 0 00:00:00, Sys 0 00:00:00  -  Total Local Usage
	55217  -  Run Bytes Sent By Job
	8650365  -  Run Bytes Received By Job
	55217  -  Total Bytes Sent By Job
	8650365  -  Total Bytes Received By Job
	Partitionable Resources :    Usage  Request Allocated 
	   Cpus                 :     0.70        1         1 
	   Disk (KB)            :  8562     2048000  18993517 
	   Memory (MB)          :   219        1992      2048 
...
