000 (2686787.000.000) 06/25 19:32:28 Job submitted from host: <144.92.180.28:9618?addrs=144.92.180.28-9618+[2607-f388-101c-1000--370]-9618&noUDP&sock=2477537_e346_3>
...
001 (2686787.000.000) 06/25 21:15:48 Job executing on host: <128.104.227.103:9618?addrs=128.104.227.103-9618+[2607-f388-101c-1000--52]-9618&noUDP&sock=3904_65d3_3>
...
006 (2686787.000.000) 06/25 21:15:56 Image size of job updated: 349144
	238  -  MemoryUsage of job (MB)
	243168  -  ResidentSetSize of job (KB)
...
005 (2686787.000.000) 06/25 21:20:11 Job terminated.
	(1) Normal termination (return value 0)
		Usr 0 00:02:57, Sys 0 00:00:07  -  Run Remote Usage
		Usr 0 00:00:00, Sys 0 00:00:00  -  Run Local Usage
		Usr 0 00:02:57, Sys 0 00:00:07  -  Total Remote Usage
		Usr 0 00:00:00, Sys 0 00:00:00  -  Total Local Usage
	55285  -  Run Bytes Sent By Job
	8650365  -  Run Bytes Received By Job
	55285  -  Total Bytes Sent By Job
	8650365  -  Total Bytes Received By Job
	Partitionable Resources :    Usage  Request Allocated 
	   Cpus                 :     0.72        1         1 
	   Disk (KB)            :  8562     2048000  18994846 
	   Memory (MB)          :   238        1992      2048 
...
