000 (2686712.000.000) 06/25 19:31:48 Job submitted from host: <144.92.180.28:9618?addrs=144.92.180.28-9618+[2607-f388-101c-1000--370]-9618&noUDP&sock=2477537_e346_3>
...
001 (2686712.000.000) 06/25 21:00:47 Job executing on host: <144.92.180.39:9618?addrs=144.92.180.39-9618+[2607-f388-101c-1000--629]-9618&noUDP&sock=2460_ef11_3>
...
006 (2686712.000.000) 06/25 21:00:56 Image size of job updated: 307500
	197  -  MemoryUsage of job (MB)
	201100  -  ResidentSetSize of job (KB)
...
005 (2686712.000.000) 06/25 21:01:08 Job terminated.
	(1) Normal termination (return value 0)
		Usr 0 00:00:09, Sys 0 00:00:01  -  Run Remote Usage
		Usr 0 00:00:00, Sys 0 00:00:00  -  Run Local Usage
		Usr 0 00:00:09, Sys 0 00:00:01  -  Total Remote Usage
		Usr 0 00:00:00, Sys 0 00:00:00  -  Total Local Usage
	62599  -  Run Bytes Sent By Job
	8650387  -  Run Bytes Received By Job
	62599  -  Total Bytes Sent By Job
	8650387  -  Total Bytes Received By Job
	Partitionable Resources :    Usage  Request Allocated 
	   Cpus                 :     0.06        1         1 
	   Disk (KB)            :  8569     2048000  18345259 
	   Memory (MB)          :   197        1992      2048 
...
