000 (2686723.000.000) 06/25 19:31:52 Job submitted from host: <144.92.180.28:9618?addrs=144.92.180.28-9618+[2607-f388-101c-1000--370]-9618&noUDP&sock=2477537_e346_3>
...
001 (2686723.000.000) 06/25 21:02:40 Job executing on host: <144.92.180.39:9618?addrs=144.92.180.39-9618+[2607-f388-101c-1000--629]-9618&noUDP&sock=2460_ef11_3>
...
006 (2686723.000.000) 06/25 21:02:49 Image size of job updated: 311636
	199  -  MemoryUsage of job (MB)
	203568  -  ResidentSetSize of job (KB)
...
005 (2686723.000.000) 06/25 21:03:16 Job terminated.
	(1) Normal termination (return value 0)
		Usr 0 00:00:18, Sys 0 00:00:01  -  Run Remote Usage
		Usr 0 00:00:00, Sys 0 00:00:00  -  Run Local Usage
		Usr 0 00:00:18, Sys 0 00:00:01  -  Total Remote Usage
		Usr 0 00:00:00, Sys 0 00:00:00  -  Total Local Usage
	53149  -  Run Bytes Sent By Job
	8650378  -  Run Bytes Received By Job
	53149  -  Total Bytes Sent By Job
	8650378  -  Total Bytes Received By Job
	Partitionable Resources :    Usage  Request Allocated 
	   Cpus                 :        0        1         1 
	   Disk (KB)            :     8560  2048000  18345259 
	   Memory (MB)          :      199     1992      2048 
...
