000 (2686703.000.000) 06/25 19:31:45 Job submitted from host: <144.92.180.28:9618?addrs=144.92.180.28-9618+[2607-f388-101c-1000--370]-9618&noUDP&sock=2477537_e346_3>
...
001 (2686703.000.000) 06/25 20:59:25 Job executing on host: <128.104.227.127:9618?addrs=128.104.227.127-9618+[2607-f388-101c-1000--74]-9618&noUDP&sock=3293_4d75_3>
...
006 (2686703.000.000) 06/25 20:59:34 Image size of job updated: 307180
	194  -  MemoryUsage of job (MB)
	198264  -  ResidentSetSize of job (KB)
...
005 (2686703.000.000) 06/25 21:00:07 Job terminated.
	(1) Normal termination (return value 0)
		Usr 0 00:00:18, Sys 0 00:00:00  -  Run Remote Usage
		Usr 0 00:00:00, Sys 0 00:00:00  -  Run Local Usage
		Usr 0 00:00:18, Sys 0 00:00:00  -  Total Remote Usage
		Usr 0 00:00:00, Sys 0 00:00:00  -  Total Local Usage
	119078  -  Run Bytes Sent By Job
	8650396  -  Run Bytes Received By Job
	119078  -  Total Bytes Sent By Job
	8650396  -  Total Bytes Received By Job
	Partitionable Resources :    Usage  Request Allocated 
	   Cpus                 :     0.49        1         1 
	   Disk (KB)            :  8626     2048000  19010182 
	   Memory (MB)          :   194        1992      2048 
...
