All files added.
Initializing chain.
****************** wjet sample found
.... MC file ..... 
Coming in: 
nentries:137608
Running over 137608 events.
Finished entry 0/137607
Finished entry 6000/137607
Finished entry 12000/137607
Finished entry 18000/137607
Finished entry 24000/137607
Finished entry 30000/137607
Finished entry 36000/137607
Finished entry 42000/137607
Finished entry 48000/137607
Finished entry 54000/137607
Finished entry 60000/137607
Finished entry 66000/137607
Finished entry 72000/137607
Finished entry 78000/137607
Finished entry 84000/137607
Finished entry 90000/137607
Finished entry 96000/137607
Finished entry 102000/137607
Finished entry 108000/137607
Finished entry 114000/137607
Finished entry 120000/137607
Finished entry 126000/137607
Finished entry 132000/137607
Finished entry 137607/137607
All events checked.
*******************************************
******************Jithin's original*************************
    Initial entries 137608.000000
   Passing smikking 0.000000
Inspected genWeightd 137600.000000   % change= 0.005814
   METFiltersPassed 133451.861604   % change= 3.014635
    SingleTrgPassed 104738.126839   % change= 21.516174
     GoodMuonPassed 90191.413592   % change= 13.888651
      GoodTauPassed 3063.272195   % change= 96.603588
         opp charge 2484.520837   % change= 18.893240
         after sf 1 0.000000   % change= 18.893240
         after sf 2 0.000000   % change= 18.893240
         after sf 3 0.000000   % change= 18.893240
         after sf 4 2065.032329   % change= 18.893240
 PassedThirdLepVeto 2063.082569   % change= 16.962557
     PassedBjetVeto 2038.257677   % change= 1.203291
       DeltaRPassed 2034.789454   % change= 0.170156
      Total change :98.521315
*******************************************
*******************************************
Number of events inspected: 137608
Number of events inspected (minus negative gen. weights): 137600.000000
 Outpt written to W2JetsToLNu_TuneCP5_00.root
Real time 0:01:07, CP time 31.830
