000 (2686806.000.000) 06/25 19:32:35 Job submitted from host: <144.92.180.28:9618?addrs=144.92.180.28-9618+[2607-f388-101c-1000--370]-9618&noUDP&sock=2477537_e346_3>
...
001 (2686806.000.000) 06/25 21:20:13 Job executing on host: <128.104.227.103:9618?addrs=128.104.227.103-9618+[2607-f388-101c-1000--52]-9618&noUDP&sock=3904_65d3_3>
...
006 (2686806.000.000) 06/25 21:20:22 Image size of job updated: 335008
	224  -  MemoryUsage of job (MB)
	228796  -  ResidentSetSize of job (KB)
...
005 (2686806.000.000) 06/25 21:23:24 Job terminated.
	(1) Normal termination (return value 0)
		Usr 0 00:02:12, Sys 0 00:00:06  -  Run Remote Usage
		Usr 0 00:00:00, Sys 0 00:00:00  -  Run Local Usage
		Usr 0 00:02:12, Sys 0 00:00:06  -  Total Remote Usage
		Usr 0 00:00:00, Sys 0 00:00:00  -  Total Local Usage
	55060  -  Run Bytes Sent By Job
	8650365  -  Run Bytes Received By Job
	55060  -  Total Bytes Sent By Job
	8650365  -  Total Bytes Received By Job
	Partitionable Resources :    Usage  Request Allocated 
	   Cpus                 :        0        1         1 
	   Disk (KB)            :     8562  2048000  18994846 
	   Memory (MB)          :      224     1992      2048 
...
