000 (2686708.000.000) 06/25 19:31:46 Job submitted from host: <144.92.180.28:9618?addrs=144.92.180.28-9618+[2607-f388-101c-1000--370]-9618&noUDP&sock=2477537_e346_3>
...
001 (2686708.000.000) 06/25 21:00:12 Job executing on host: <128.104.227.104:9618?addrs=128.104.227.104-9618+[2607-f388-101c-1000--53]-9618&noUDP&sock=3049_f059_3>
...
006 (2686708.000.000) 06/25 21:00:20 Image size of job updated: 300432
	189  -  MemoryUsage of job (MB)
	192776  -  ResidentSetSize of job (KB)
...
005 (2686708.000.000) 06/25 21:01:13 Job terminated.
	(1) Normal termination (return value 0)
		Usr 0 00:00:38, Sys 0 00:00:01  -  Run Remote Usage
		Usr 0 00:00:00, Sys 0 00:00:00  -  Run Local Usage
		Usr 0 00:00:38, Sys 0 00:00:01  -  Total Remote Usage
		Usr 0 00:00:00, Sys 0 00:00:00  -  Total Local Usage
	64109  -  Run Bytes Sent By Job
	8650417  -  Run Bytes Received By Job
	64109  -  Total Bytes Sent By Job
	8650417  -  Total Bytes Received By Job
	Partitionable Resources :    Usage  Request Allocated 
	   Cpus                 :     0.05        1         1 
	   Disk (KB)            :  8571     2048000  18993517 
	   Memory (MB)          :   189        1992      2048 
...
