000 (2686698.000.000) 06/25 19:31:43 Job submitted from host: <144.92.180.28:9618?addrs=144.92.180.28-9618+[2607-f388-101c-1000--370]-9618&noUDP&sock=2477537_e346_3>
...
001 (2686698.000.000) 06/25 20:58:40 Job executing on host: <128.104.227.103:9618?addrs=128.104.227.103-9618+[2607-f388-101c-1000--52]-9618&noUDP&sock=3904_65d3_3>
...
006 (2686698.000.000) 06/25 20:58:49 Image size of job updated: 300012
	191  -  MemoryUsage of job (MB)
	194876  -  ResidentSetSize of job (KB)
...
005 (2686698.000.000) 06/25 20:59:33 Job terminated.
	(1) Normal termination (return value 0)
		Usr 0 00:00:31, Sys 0 00:00:01  -  Run Remote Usage
		Usr 0 00:00:00, Sys 0 00:00:00  -  Run Local Usage
		Usr 0 00:00:31, Sys 0 00:00:01  -  Total Remote Usage
		Usr 0 00:00:00, Sys 0 00:00:00  -  Total Local Usage
	119283  -  Run Bytes Sent By Job
	8650411  -  Run Bytes Received By Job
	119283  -  Total Bytes Sent By Job
	8650411  -  Total Bytes Received By Job
	Partitionable Resources :    Usage  Request Allocated 
	   Cpus                 :        0        1         1 
	   Disk (KB)            :     8625  2048000  18994846 
	   Memory (MB)          :      191     1992      2048 
...
