000 (2686725.000.000) 06/25 19:31:53 Job submitted from host: <144.92.180.28:9618?addrs=144.92.180.28-9618+[2607-f388-101c-1000--370]-9618&noUDP&sock=2477537_e346_3>
...
001 (2686725.000.000) 06/25 21:02:57 Job executing on host: <128.104.227.103:9618?addrs=128.104.227.103-9618+[2607-f388-101c-1000--52]-9618&noUDP&sock=3904_65d3_3>
...
006 (2686725.000.000) 06/25 21:03:05 Image size of job updated: 308988
	199  -  MemoryUsage of job (MB)
	203324  -  ResidentSetSize of job (KB)
...
005 (2686725.000.000) 06/25 21:03:44 Job terminated.
	(1) Normal termination (return value 0)
		Usr 0 00:00:25, Sys 0 00:00:02  -  Run Remote Usage
		Usr 0 00:00:00, Sys 0 00:00:00  -  Run Local Usage
		Usr 0 00:00:25, Sys 0 00:00:02  -  Total Remote Usage
		Usr 0 00:00:00, Sys 0 00:00:00  -  Total Local Usage
	54539  -  Run Bytes Sent By Job
	8650378  -  Run Bytes Received By Job
	54539  -  Total Bytes Sent By Job
	8650378  -  Total Bytes Received By Job
	Partitionable Resources :    Usage  Request Allocated 
	   Cpus                 :     0.24        1         1 
	   Disk (KB)            :  8561     2048000  18994846 
	   Memory (MB)          :   199        1992      2048 
...
