000 (2686753.000.000) 06/25 19:32:03 Job submitted from host: <144.92.180.28:9618?addrs=144.92.180.28-9618+[2607-f388-101c-1000--370]-9618&noUDP&sock=2477537_e346_3>
...
001 (2686753.000.000) 06/25 21:10:57 Job executing on host: <144.92.180.243:9618?addrs=144.92.180.243-9618+[2607-f388-101c-1000--629]-9618&noUDP&sock=3048_40c1_3>
...
006 (2686753.000.000) 06/25 21:11:06 Image size of job updated: 304588
	194  -  MemoryUsage of job (MB)
	197936  -  ResidentSetSize of job (KB)
...
005 (2686753.000.000) 06/25 21:13:24 Job terminated.
	(1) Normal termination (return value 0)
		Usr 0 00:01:12, Sys 0 00:00:02  -  Run Remote Usage
		Usr 0 00:00:00, Sys 0 00:00:00  -  Run Local Usage
		Usr 0 00:01:12, Sys 0 00:00:02  -  Total Remote Usage
		Usr 0 00:00:00, Sys 0 00:00:00  -  Total Local Usage
	64519  -  Run Bytes Sent By Job
	8650393  -  Run Bytes Received By Job
	64519  -  Total Bytes Sent By Job
	8650393  -  Total Bytes Received By Job
	Partitionable Resources :    Usage  Request Allocated 
	   Cpus                 :     0.67        1         1 
	   Disk (KB)            :  8573     2048000  18990910 
	   Memory (MB)          :   194        1992      2048 
...
