All files added.
Initializing chain.
****************** wjet sample found
.... MC file ..... 
Coming in: 
nentries:108959
Running over 108959 events.
Finished entry 0/108958
Finished entry 5000/108958
Finished entry 10000/108958
Finished entry 15000/108958
Finished entry 20000/108958
Finished entry 25000/108958
Finished entry 30000/108958
Finished entry 35000/108958
Finished entry 40000/108958
Finished entry 45000/108958
Finished entry 50000/108958
Finished entry 55000/108958
Finished entry 60000/108958
Finished entry 65000/108958
Finished entry 70000/108958
Finished entry 75000/108958
Finished entry 80000/108958
Finished entry 85000/108958
Finished entry 90000/108958
Finished entry 95000/108958
Finished entry 100000/108958
Finished entry 105000/108958
Finished entry 108958/108958
All events checked.
*******************************************
******************Jithin's original*************************
    Initial entries 108959.000000
   Passing smikking 0.000000
Inspected genWeightd 108959.000000   % change= 0.000000
   METFiltersPassed 104881.915344   % change= 3.741852
    SingleTrgPassed 82584.674481   % change= 21.259376
     GoodMuonPassed 71604.042776   % change= 13.296210
      GoodTauPassed 2184.760072   % change= 96.948831
         opp charge 1878.867516   % change= 14.001197
         after sf 1 0.000000   % change= 14.001197
         after sf 2 0.000000   % change= 14.001197
         after sf 3 0.000000   % change= 14.001197
         after sf 4 1561.933795   % change= 14.001197
 PassedThirdLepVeto 1560.881004   % change= 16.924371
     PassedBjetVeto 1549.751205   % change= 0.713046
       DeltaRPassed 1547.392123   % change= 0.152223
      Total change :98.579840
*******************************************
*******************************************
Number of events inspected: 108959
Number of events inspected (minus negative gen. weights): 108959.000000
 Outpt written to W1JetsToLNu_TuneCP5_00.root
Real time 0:00:40, CP time 28.690
