000 (2686789.000.000) 06/25 19:32:28 Job submitted from host: <144.92.180.28:9618?addrs=144.92.180.28-9618+[2607-f388-101c-1000--370]-9618&noUDP&sock=2477537_e346_3>
...
001 (2686789.000.000) 06/25 21:16:06 Job executing on host: <128.104.227.127:9618?addrs=128.104.227.127-9618+[2607-f388-101c-1000--74]-9618&noUDP&sock=3293_4d75_3>
...
006 (2686789.000.000) 06/25 21:16:15 Image size of job updated: 357972
	244  -  MemoryUsage of job (MB)
	249556  -  ResidentSetSize of job (KB)
...
005 (2686789.000.000) 06/25 21:18:59 Job terminated.
	(1) Normal termination (return value 0)
		Usr 0 00:01:48, Sys 0 00:00:02  -  Run Remote Usage
		Usr 0 00:00:00, Sys 0 00:00:00  -  Run Local Usage
		Usr 0 00:01:48, Sys 0 00:00:02  -  Total Remote Usage
		Usr 0 00:00:00, Sys 0 00:00:00  -  Total Local Usage
	55311  -  Run Bytes Sent By Job
	8650365  -  Run Bytes Received By Job
	55311  -  Total Bytes Sent By Job
	8650365  -  Total Bytes Received By Job
	Partitionable Resources :    Usage  Request Allocated 
	   Cpus                 :     0.03        1         1 
	   Disk (KB)            :  8562     2048000  19010182 
	   Memory (MB)          :   244        1992      2048 
...
