000 (2686801.000.000) 06/25 19:32:33 Job submitted from host: <144.92.180.28:9618?addrs=144.92.180.28-9618+[2607-f388-101c-1000--370]-9618&noUDP&sock=2477537_e346_3>
...
001 (2686801.000.000) 06/25 21:18:57 Job executing on host: <128.104.227.72:9618?addrs=128.104.227.72-9618+[2607-f388-101c-1000--629]-9618&noUDP&sock=3282_c1ea_3>
...
006 (2686801.000.000) 06/25 21:19:06 Image size of job updated: 348992
	237  -  MemoryUsage of job (MB)
	242584  -  ResidentSetSize of job (KB)
...
005 (2686801.000.000) 06/25 21:22:42 Job terminated.
	(1) Normal termination (return value 0)
		Usr 0 00:02:19, Sys 0 00:00:04  -  Run Remote Usage
		Usr 0 00:00:00, Sys 0 00:00:00  -  Run Local Usage
		Usr 0 00:02:19, Sys 0 00:00:04  -  Total Remote Usage
		Usr 0 00:00:00, Sys 0 00:00:00  -  Total Local Usage
	55170  -  Run Bytes Sent By Job
	8650365  -  Run Bytes Received By Job
	55170  -  Total Bytes Sent By Job
	8650365  -  Total Bytes Received By Job
	Partitionable Resources :    Usage  Request Allocated 
	   Cpus                 :     0.72        1         1 
	   Disk (KB)            :  8564     2048000  18990454 
	   Memory (MB)          :   237        1992      2048 
...
