000 (2686715.000.000) 06/25 19:31:49 Job submitted from host: <144.92.180.28:9618?addrs=144.92.180.28-9618+[2607-f388-101c-1000--370]-9618&noUDP&sock=2477537_e346_3>
...
001 (2686715.000.000) 06/25 21:01:15 Job executing on host: <128.104.227.104:9618?addrs=128.104.227.104-9618+[2607-f388-101c-1000--53]-9618&noUDP&sock=3049_f059_3>
...
006 (2686715.000.000) 06/25 21:01:23 Image size of job updated: 307948
	196  -  MemoryUsage of job (MB)
	200016  -  ResidentSetSize of job (KB)
...
005 (2686715.000.000) 06/25 21:03:43 Job terminated.
	(1) Normal termination (return value 0)
		Usr 0 00:01:27, Sys 0 00:00:03  -  Run Remote Usage
		Usr 0 00:00:00, Sys 0 00:00:00  -  Run Local Usage
		Usr 0 00:01:27, Sys 0 00:00:03  -  Total Remote Usage
		Usr 0 00:00:00, Sys 0 00:00:00  -  Total Local Usage
	65007  -  Run Bytes Sent By Job
	8650438  -  Run Bytes Received By Job
	65007  -  Total Bytes Sent By Job
	8650438  -  Total Bytes Received By Job
	Partitionable Resources :    Usage  Request Allocated 
	   Cpus                 :     0.70        1         1 
	   Disk (KB)            :  8572     2048000  18993517 
	   Memory (MB)          :   196        1992      2048 
...
