000 (2686745.000.000) 06/25 19:32:00 Job submitted from host: <144.92.180.28:9618?addrs=144.92.180.28-9618+[2607-f388-101c-1000--370]-9618&noUDP&sock=2477537_e346_3>
...
001 (2686745.000.000) 06/25 21:10:08 Job executing on host: <128.104.227.10:9618?addrs=128.104.227.10-9618+[2607-f388-101c-1000--629]-9618&noUDP&sock=3398_52e7_3>
...
006 (2686745.000.000) 06/25 21:10:17 Image size of job updated: 306216
	195  -  MemoryUsage of job (MB)
	198672  -  ResidentSetSize of job (KB)
...
005 (2686745.000.000) 06/25 21:12:27 Job terminated.
	(1) Normal termination (return value 0)
		Usr 0 00:01:16, Sys 0 00:00:05  -  Run Remote Usage
		Usr 0 00:00:00, Sys 0 00:00:00  -  Run Local Usage
		Usr 0 00:01:16, Sys 0 00:00:05  -  Total Remote Usage
		Usr 0 00:00:00, Sys 0 00:00:00  -  Total Local Usage
	64626  -  Run Bytes Sent By Job
	8650375  -  Run Bytes Received By Job
	64626  -  Total Bytes Sent By Job
	8650375  -  Total Bytes Received By Job
	Partitionable Resources :    Usage  Request Allocated 
	   Cpus                 :        0        1         1 
	   Disk (KB)            :     8571  2048000  18999726 
	   Memory (MB)          :      195     1992      2048 
...
