000 (2686767.000.000) 06/25 19:32:09 Job submitted from host: <144.92.180.28:9618?addrs=144.92.180.28-9618+[2607-f388-101c-1000--370]-9618&noUDP&sock=2477537_e346_3>
...
001 (2686767.000.000) 06/25 21:12:29 Job executing on host: <128.104.227.10:9618?addrs=128.104.227.10-9618+[2607-f388-101c-1000--629]-9618&noUDP&sock=3398_52e7_3>
...
006 (2686767.000.000) 06/25 21:12:33 Image size of job updated: 1852
	0  -  MemoryUsage of job (MB)
	0  -  ResidentSetSize of job (KB)
...
005 (2686767.000.000) 06/25 21:12:34 Job terminated.
	(1) Normal termination (return value 0)
		Usr 0 00:00:01, Sys 0 00:00:00  -  Run Remote Usage
		Usr 0 00:00:00, Sys 0 00:00:00  -  Run Local Usage
		Usr 0 00:00:01, Sys 0 00:00:00  -  Total Remote Usage
		Usr 0 00:00:00, Sys 0 00:00:00  -  Total Local Usage
	6812  -  Run Bytes Sent By Job
	8650393  -  Run Bytes Received By Job
	6812  -  Total Bytes Sent By Job
	8650393  -  Total Bytes Received By Job
	Partitionable Resources :    Usage  Request Allocated 
	   Cpus                 :     0.06        1         1 
	   Disk (KB)            :  8515     2048000  18999726 
	   Memory (MB)          :     0        1992      2048 
...
