000 (2686695.000.000) 06/25 19:31:42 Job submitted from host: <144.92.180.28:9618?addrs=144.92.180.28-9618+[2607-f388-101c-1000--370]-9618&noUDP&sock=2477537_e346_3>
...
001 (2686695.000.000) 06/25 20:58:32 Job executing on host: <128.104.227.56:9618?addrs=128.104.227.56-9618+[2607-f388-101c-1000--629]-9618&noUDP&sock=3262_0a06_3>
...
006 (2686695.000.000) 06/25 20:58:40 Image size of job updated: 308628
	195  -  MemoryUsage of job (MB)
	198852  -  ResidentSetSize of job (KB)
...
005 (2686695.000.000) 06/25 20:59:21 Job terminated.
	(1) Normal termination (return value 0)
		Usr 0 00:00:28, Sys 0 00:00:01  -  Run Remote Usage
		Usr 0 00:00:00, Sys 0 00:00:00  -  Run Local Usage
		Usr 0 00:00:28, Sys 0 00:00:01  -  Total Remote Usage
		Usr 0 00:00:00, Sys 0 00:00:00  -  Total Local Usage
	119150  -  Run Bytes Sent By Job
	8650411  -  Run Bytes Received By Job
	119150  -  Total Bytes Sent By Job
	8650411  -  Total Bytes Received By Job
	Partitionable Resources :    Usage  Request Allocated 
	   Cpus                 :     0.67        1         1 
	   Disk (KB)            :  8626     2048000  18994571 
	   Memory (MB)          :   195        1992      2048 
...
