000 (2686792.000.000) 06/25 19:32:29 Job submitted from host: <144.92.180.28:9618?addrs=144.92.180.28-9618+[2607-f388-101c-1000--370]-9618&noUDP&sock=2477537_e346_3>
...
001 (2686792.000.000) 06/25 21:17:20 Job executing on host: <144.92.181.87:9618?addrs=144.92.181.87-9618+[2607-f388-101c-1000--629]-9618&noUDP&sock=2451_c2b7_3>
...
006 (2686792.000.000) 06/25 21:17:29 Image size of job updated: 374472
	261  -  MemoryUsage of job (MB)
	266772  -  ResidentSetSize of job (KB)
...
005 (2686792.000.000) 06/25 21:19:51 Job terminated.
	(1) Normal termination (return value 0)
		Usr 0 00:01:54, Sys 0 00:00:04  -  Run Remote Usage
		Usr 0 00:00:00, Sys 0 00:00:00  -  Run Local Usage
		Usr 0 00:01:54, Sys 0 00:00:04  -  Total Remote Usage
		Usr 0 00:00:00, Sys 0 00:00:00  -  Total Local Usage
	57671  -  Run Bytes Sent By Job
	8650365  -  Run Bytes Received By Job
	57671  -  Total Bytes Sent By Job
	8650365  -  Total Bytes Received By Job
	Partitionable Resources :    Usage  Request Allocated 
	   Cpus                 :        0        1         1 
	   Disk (KB)            :     8564  2048000  18514405 
	   Memory (MB)          :      261     1992      2048 
...
