All files added.
Initializing chain.
****************** dyjet sample found
.... MC file ..... 
Coming in: 
nentries:47731
Running over 47731 events.
Finished entry 0/47730
Finished entry 2000/47730
Finished entry 4000/47730
Finished entry 6000/47730
Finished entry 8000/47730
Finished entry 10000/47730
Finished entry 12000/47730
Finished entry 14000/47730
Finished entry 16000/47730
Finished entry 18000/47730
Finished entry 20000/47730
Finished entry 22000/47730
Finished entry 24000/47730
Finished entry 28000/47730
Finished entry 30000/47730
Finished entry 32000/47730
Finished entry 34000/47730
Finished entry 36000/47730
Finished entry 38000/47730
Finished entry 40000/47730
Finished entry 42000/47730
Finished entry 44000/47730
Finished entry 46000/47730
Finished entry 47730/47730
All events checked.
*******************************************
******************Jithin's original*************************
    Initial entries 47731.000000
   Passing smikking 0.000000
Inspected genWeightd 47713.000000   % change= 0.037711
   METFiltersPassed 8691.723233   % change= 81.783323
    SingleTrgPassed 5674.595609   % change= 34.712652
     GoodMuonPassed 4745.388257   % change= 16.374865
      GoodTauPassed 1693.689131   % change= 64.308734
         opp charge 1667.263623   % change= 1.560234
         after sf 1 0.000000   % change= 1.560234
         after sf 2 0.000000   % change= 1.560234
         after sf 3 0.000000   % change= 1.560234
         after sf 4 1508.304190   % change= 1.560234
 PassedThirdLepVeto 1323.882528   % change= 20.595489
     PassedBjetVeto 1256.870245   % change= 5.061800
       DeltaRPassed 1244.292762   % change= 1.000699
      Total change :97.393114
*******************************************
*******************************************
Number of events inspected: 47731
Number of events inspected (minus negative gen. weights): 47713.000000
 Outpt written to DY3JetsToLL_M-50_TuneCP5_ext1_00.root
Real time 0:00:25, CP time 15.680
