000 (2686700.000.000) 06/25 19:31:43 Job submitted from host: <144.92.180.28:9618?addrs=144.92.180.28-9618+[2607-f388-101c-1000--370]-9618&noUDP&sock=2477537_e346_3>
...
001 (2686700.000.000) 06/25 20:59:15 Job executing on host: <128.104.227.127:9618?addrs=128.104.227.127-9618+[2607-f388-101c-1000--74]-9618&noUDP&sock=3293_4d75_3>
...
006 (2686700.000.000) 06/25 20:59:23 Image size of job updated: 1448
	0  -  MemoryUsage of job (MB)
	0  -  ResidentSetSize of job (KB)
...
005 (2686700.000.000) 06/25 20:59:24 Job terminated.
	(1) Normal termination (return value 0)
		Usr 0 00:00:04, Sys 0 00:00:00  -  Run Remote Usage
		Usr 0 00:00:00, Sys 0 00:00:00  -  Run Local Usage
		Usr 0 00:00:04, Sys 0 00:00:00  -  Total Remote Usage
		Usr 0 00:00:00, Sys 0 00:00:00  -  Total Local Usage
	114117  -  Run Bytes Sent By Job
	8650411  -  Run Bytes Received By Job
	114117  -  Total Bytes Sent By Job
	8650411  -  Total Bytes Received By Job
	Partitionable Resources :    Usage  Request Allocated 
	   Cpus                 :        0        1         1 
	   Disk (KB)            :     8619  2048000  19010182 
	   Memory (MB)          :        0     1992      2048 
...
