000 (2686731.000.000) 06/25 19:31:55 Job submitted from host: <144.92.180.28:9618?addrs=144.92.180.28-9618+[2607-f388-101c-1000--370]-9618&noUDP&sock=2477537_e346_3>
...
001 (2686731.000.000) 06/25 21:04:23 Job executing on host: <144.92.180.39:9618?addrs=144.92.180.39-9618+[2607-f388-101c-1000--629]-9618&noUDP&sock=2460_ef11_3>
...
006 (2686731.000.000) 06/25 21:04:32 Image size of job updated: 312636
	201  -  MemoryUsage of job (MB)
	204916  -  ResidentSetSize of job (KB)
...
005 (2686731.000.000) 06/25 21:07:29 Job terminated.
	(1) Normal termination (return value 0)
		Usr 0 00:01:53, Sys 0 00:00:04  -  Run Remote Usage
		Usr 0 00:00:00, Sys 0 00:00:00  -  Run Local Usage
		Usr 0 00:01:53, Sys 0 00:00:04  -  Total Remote Usage
		Usr 0 00:00:00, Sys 0 00:00:00  -  Total Local Usage
	64635  -  Run Bytes Sent By Job
	8650390  -  Run Bytes Received By Job
	64635  -  Total Bytes Sent By Job
	8650390  -  Total Bytes Received By Job
	Partitionable Resources :    Usage  Request Allocated 
	   Cpus                 :     0.66        1         1 
	   Disk (KB)            :  8573     2048000  18345259 
	   Memory (MB)          :   201        1992      2048 
...
