000 (2686779.000.000) 06/25 19:32:14 Job submitted from host: <144.92.180.28:9618?addrs=144.92.180.28-9618+[2607-f388-101c-1000--370]-9618&noUDP&sock=2477537_e346_3>
...
001 (2686779.000.000) 06/25 21:13:27 Job executing on host: <128.104.227.10:9618?addrs=128.104.227.10-9618+[2607-f388-101c-1000--629]-9618&noUDP&sock=3398_52e7_3>
...
006 (2686779.000.000) 06/25 21:13:35 Image size of job updated: 308252
	198  -  MemoryUsage of job (MB)
	201860  -  ResidentSetSize of job (KB)
...
005 (2686779.000.000) 06/25 21:17:38 Job terminated.
	(1) Normal termination (return value 0)
		Usr 0 00:01:39, Sys 0 00:00:04  -  Run Remote Usage
		Usr 0 00:00:00, Sys 0 00:00:00  -  Run Local Usage
		Usr 0 00:01:39, Sys 0 00:00:04  -  Total Remote Usage
		Usr 0 00:00:00, Sys 0 00:00:00  -  Total Local Usage
	64705  -  Run Bytes Sent By Job
	8650360  -  Run Bytes Received By Job
	64705  -  Total Bytes Sent By Job
	8650360  -  Total Bytes Received By Job
	Partitionable Resources :    Usage  Request Allocated 
	   Cpus                 :     0.17        1         1 
	   Disk (KB)            :  8573     2048000  18999726 
	   Memory (MB)          :   198        1992      2048 
...
