All files added.
Initializing chain.
****************** dyjet sample found
.... MC file ..... 
Coming in: 
nentries:217955
Running over 217955 events.
Finished entry 0/217954
Finished entry 10000/217954
Finished entry 20000/217954
Finished entry 30000/217954
Finished entry 40000/217954
Finished entry 50000/217954
Finished entry 60000/217954
Finished entry 70000/217954
Finished entry 80000/217954
Finished entry 90000/217954
Finished entry 100000/217954
Finished entry 110000/217954
Finished entry 120000/217954
Finished entry 130000/217954
Finished entry 140000/217954
Finished entry 150000/217954
Finished entry 160000/217954
Finished entry 170000/217954
Finished entry 180000/217954
Finished entry 190000/217954
Finished entry 200000/217954
Finished entry 210000/217954
Finished entry 217954/217954
All events checked.
*******************************************
******************Jithin's original*************************
    Initial entries 217955.000000
   Passing smikking 0.000000
Inspected genWeightd 217955.000000   % change= 0.000000
   METFiltersPassed 49242.167470   % change= 77.407186
    SingleTrgPassed 32126.924487   % change= 34.757290
     GoodMuonPassed 26673.284824   % change= 16.975293
      GoodTauPassed 9134.602544   % change= 65.753740
         opp charge 9034.739350   % change= 1.093241
         after sf 1 0.000000   % change= 1.093241
         after sf 2 0.000000   % change= 1.093241
         after sf 3 0.000000   % change= 1.093241
         after sf 4 7801.490798   % change= 1.093241
 PassedThirdLepVeto 7169.571264   % change= 20.644404
     PassedBjetVeto 6914.180604   % change= 3.562147
       DeltaRPassed 6911.051847   % change= 0.045251
      Total change :96.829138
*******************************************
*******************************************
Number of events inspected: 217955
Number of events inspected (minus negative gen. weights): 217955.000000
 Outpt written to DY1JetsToLL_M-50_TuneCP5_01.root
Real time 0:01:31, CP time 57.200
