All files added.
Initializing chain.
****************** dyjet sample found
.... MC file ..... 
Coming in: 
nentries:20192
Running over 20192 events.
Finished entry 0/20191
Finished entry 1000/20191
Finished entry 2000/20191
Finished entry 3000/20191
Finished entry 4000/20191
Finished entry 5000/20191
Finished entry 6000/20191
Finished entry 7000/20191
Finished entry 8000/20191
Finished entry 9000/20191
Finished entry 10000/20191
Finished entry 11000/20191
Finished entry 12000/20191
Finished entry 13000/20191
Finished entry 14000/20191
Finished entry 15000/20191
Finished entry 16000/20191
Finished entry 17000/20191
Finished entry 18000/20191
Finished entry 19000/20191
Finished entry 20000/20191
Finished entry 20191/20191
All events checked.
*******************************************
******************Jithin's original*************************
    Initial entries 20192.000000
   Passing smikking 0.000000
Inspected genWeightd 20190.000000   % change= 0.009905
   METFiltersPassed 6221.439571   % change= 69.185540
    SingleTrgPassed 3931.583325   % change= 36.805891
     GoodMuonPassed 3240.721384   % change= 17.572105
      GoodTauPassed 1230.989731   % change= 62.014947
         opp charge 1221.112529   % change= 0.802379
         after sf 1 0.000000   % change= 0.802379
         after sf 2 0.000000   % change= 0.802379
         after sf 3 0.000000   % change= 0.802379
         after sf 4 994.276919   % change= 0.802379
 PassedThirdLepVeto 968.729814   % change= 20.668260
     PassedBjetVeto 940.728965   % change= 2.890470
       DeltaRPassed 940.728965   % change= 0.000000
      Total change :95.341081
*******************************************
*******************************************
Number of events inspected: 20192
Number of events inspected (minus negative gen. weights): 20190.000000
 Outpt written to DYJetsToLL_M-50_TuneCP5_v1_05.root
Real time 0:00:08, CP time 3.860
