000 (2686774.000.000) 06/25 19:32:12 Job submitted from host: <144.92.180.28:9618?addrs=144.92.180.28-9618+[2607-f388-101c-1000--370]-9618&noUDP&sock=2477537_e346_3>
...
001 (2686774.000.000) 06/25 21:12:57 Job executing on host: <128.104.227.104:9618?addrs=128.104.227.104-9618+[2607-f388-101c-1000--53]-9618&noUDP&sock=3049_f059_3>
...
006 (2686774.000.000) 06/25 21:13:02 Image size of job updated: 1716
	1  -  MemoryUsage of job (MB)
	4  -  ResidentSetSize of job (KB)
...
005 (2686774.000.000) 06/25 21:13:02 Job terminated.
	(1) Normal termination (return value 0)
		Usr 0 00:00:02, Sys 0 00:00:00  -  Run Remote Usage
		Usr 0 00:00:00, Sys 0 00:00:00  -  Run Local Usage
		Usr 0 00:00:02, Sys 0 00:00:00  -  Total Remote Usage
		Usr 0 00:00:00, Sys 0 00:00:00  -  Total Local Usage
	16491  -  Run Bytes Sent By Job
	8650390  -  Run Bytes Received By Job
	16491  -  Total Bytes Sent By Job
	8650390  -  Total Bytes Received By Job
	Partitionable Resources :    Usage  Request Allocated 
	   Cpus                 :        0        1         1 
	   Disk (KB)            :     8524  2048000  18993517 
	   Memory (MB)          :        1     1992      2048 
...
