000 (2686719.000.000) 06/25 19:31:50 Job submitted from host: <144.92.180.28:9618?addrs=144.92.180.28-9618+[2607-f388-101c-1000--370]-9618&noUDP&sock=2477537_e346_3>
...
001 (2686719.000.000) 06/25 21:01:29 Job executing on host: <128.104.227.103:9618?addrs=128.104.227.103-9618+[2607-f388-101c-1000--52]-9618&noUDP&sock=3904_65d3_3>
...
006 (2686719.000.000) 06/25 21:01:38 Image size of job updated: 310240
	200  -  MemoryUsage of job (MB)
	204240  -  ResidentSetSize of job (KB)
...
005 (2686719.000.000) 06/25 21:02:24 Job terminated.
	(1) Normal termination (return value 0)
		Usr 0 00:00:30, Sys 0 00:00:02  -  Run Remote Usage
		Usr 0 00:00:00, Sys 0 00:00:00  -  Run Local Usage
		Usr 0 00:00:30, Sys 0 00:00:02  -  Total Remote Usage
		Usr 0 00:00:00, Sys 0 00:00:00  -  Total Local Usage
	55819  -  Run Bytes Sent By Job
	8650378  -  Run Bytes Received By Job
	55819  -  Total Bytes Sent By Job
	8650378  -  Total Bytes Received By Job
	Partitionable Resources :    Usage  Request Allocated 
	   Cpus                 :     0.06        1         1 
	   Disk (KB)            :  8563     2048000  18994846 
	   Memory (MB)          :   200        1992      2048 
...
