000 (2686778.000.000) 06/25 19:32:13 Job submitted from host: <144.92.180.28:9618?addrs=144.92.180.28-9618+[2607-f388-101c-1000--370]-9618&noUDP&sock=2477537_e346_3>
...
001 (2686778.000.000) 06/25 21:13:26 Job executing on host: <144.92.180.243:9618?addrs=144.92.180.243-9618+[2607-f388-101c-1000--629]-9618&noUDP&sock=3048_40c1_3>
...
006 (2686778.000.000) 06/25 21:13:35 Image size of job updated: 314172
	202  -  MemoryUsage of job (MB)
	205896  -  ResidentSetSize of job (KB)
...
005 (2686778.000.000) 06/25 21:16:16 Job terminated.
	(1) Normal termination (return value 0)
		Usr 0 00:01:38, Sys 0 00:00:03  -  Run Remote Usage
		Usr 0 00:00:00, Sys 0 00:00:00  -  Run Local Usage
		Usr 0 00:01:38, Sys 0 00:00:03  -  Total Remote Usage
		Usr 0 00:00:00, Sys 0 00:00:00  -  Total Local Usage
	64811  -  Run Bytes Sent By Job
	8650360  -  Run Bytes Received By Job
	64811  -  Total Bytes Sent By Job
	8650360  -  Total Bytes Received By Job
	Partitionable Resources :    Usage  Request Allocated 
	   Cpus                 :     0.61        1         1 
	   Disk (KB)            :  8571     2048000  18990910 
	   Memory (MB)          :   202        1992      2048 
...
