000 (2686743.000.000) 06/25 19:32:00 Job submitted from host: <144.92.180.28:9618?addrs=144.92.180.28-9618+[2607-f388-101c-1000--370]-9618&noUDP&sock=2477537_e346_3>
...
001 (2686743.000.000) 06/25 21:09:54 Job executing on host: <128.104.227.72:9618?addrs=128.104.227.72-9618+[2607-f388-101c-1000--629]-9618&noUDP&sock=3282_c1ea_3>
...
006 (2686743.000.000) 06/25 21:10:02 Image size of job updated: 302384
	191  -  MemoryUsage of job (MB)
	194732  -  ResidentSetSize of job (KB)
...
005 (2686743.000.000) 06/25 21:11:26 Job terminated.
	(1) Normal termination (return value 0)
		Usr 0 00:00:55, Sys 0 00:00:02  -  Run Remote Usage
		Usr 0 00:00:00, Sys 0 00:00:00  -  Run Local Usage
		Usr 0 00:00:55, Sys 0 00:00:02  -  Total Remote Usage
		Usr 0 00:00:00, Sys 0 00:00:00  -  Total Local Usage
	64182  -  Run Bytes Sent By Job
	8650375  -  Run Bytes Received By Job
	64182  -  Total Bytes Sent By Job
	8650375  -  Total Bytes Received By Job
	Partitionable Resources :    Usage  Request Allocated 
	   Cpus                 :        0        1         1 
	   Disk (KB)            :     8571  2048000  18990454 
	   Memory (MB)          :      191     1992      2048 
...
