All files added.
Initializing chain.
****************** dyjet sample found
.... MC file ..... 
Coming in: 
nentries:132486
Running over 132486 events.
Finished entry 0/132485
Finished entry 6000/132485
Finished entry 12000/132485
Finished entry 18000/132485
Finished entry 24000/132485
Finished entry 30000/132485
Finished entry 36000/132485
Finished entry 42000/132485
Finished entry 48000/132485
Finished entry 54000/132485
Finished entry 60000/132485
Finished entry 66000/132485
Finished entry 72000/132485
Finished entry 78000/132485
Finished entry 84000/132485
Finished entry 90000/132485
Finished entry 96000/132485
Finished entry 102000/132485
Finished entry 108000/132485
Finished entry 114000/132485
Finished entry 120000/132485
Finished entry 126000/132485
Finished entry 132000/132485
Finished entry 132485/132485
All events checked.
*******************************************
******************Jithin's original*************************
    Initial entries 132486.000000
   Passing smikking 0.000000
Inspected genWeightd 132480.000000   % change= 0.004529
   METFiltersPassed 39987.455591   % change= 69.816232
    SingleTrgPassed 25483.782860   % change= 36.270557
     GoodMuonPassed 20937.538385   % change= 17.839755
      GoodTauPassed 7709.225823   % change= 63.179884
         opp charge 7644.675503   % change= 0.837313
         after sf 1 0.000000   % change= 0.837313
         after sf 2 0.000000   % change= 0.837313
         after sf 3 0.000000   % change= 0.837313
         after sf 4 6340.374856   % change= 0.837313
 PassedThirdLepVeto 6076.252189   % change= 20.516545
     PassedBjetVeto 5910.943307   % change= 2.720573
       DeltaRPassed 5906.445380   % change= 0.076095
      Total change :95.541834
*******************************************
*******************************************
Number of events inspected: 132486
Number of events inspected (minus negative gen. weights): 132480.000000
 Outpt written to DYJetsToLL_M-50_TuneCP5_v1_04.root
Real time 0:00:59, CP time 37.720
