000 (2686728.000.000) 06/25 19:31:54 Job submitted from host: <144.92.180.28:9618?addrs=144.92.180.28-9618+[2607-f388-101c-1000--370]-9618&noUDP&sock=2477537_e346_3>
...
001 (2686728.000.000) 06/25 21:03:43 Job executing on host: <128.104.227.56:9618?addrs=128.104.227.56-9618+[2607-f388-101c-1000--629]-9618&noUDP&sock=3262_0a06_3>
...
006 (2686728.000.000) 06/25 21:03:52 Image size of job updated: 322124
	208  -  MemoryUsage of job (MB)
	212328  -  ResidentSetSize of job (KB)
...
005 (2686728.000.000) 06/25 21:10:19 Job terminated.
	(1) Normal termination (return value 0)
		Usr 0 00:03:30, Sys 0 00:00:10  -  Run Remote Usage
		Usr 0 00:00:00, Sys 0 00:00:00  -  Run Local Usage
		Usr 0 00:03:30, Sys 0 00:00:10  -  Total Remote Usage
		Usr 0 00:00:00, Sys 0 00:00:00  -  Total Local Usage
	64702  -  Run Bytes Sent By Job
	8650390  -  Run Bytes Received By Job
	64702  -  Total Bytes Sent By Job
	8650390  -  Total Bytes Received By Job
	Partitionable Resources :    Usage  Request Allocated 
	   Cpus                 :     0.57        1         1 
	   Disk (KB)            :  8571     2048000  18994571 
	   Memory (MB)          :   208        1992      2048 
...
