All files added.
Initializing chain.
.... DATA file ..... 
Coming in: 
nentries:548770
Running over 548770 events.
Finished entry 0/548769
Finished entry 20000/548769
Finished entry 40000/548769
Finished entry 60000/548769
Finished entry 80000/548769
Finished entry 100000/548769
Finished entry 120000/548769
Finished entry 140000/548769
Finished entry 160000/548769
Finished entry 180000/548769
Finished entry 200000/548769
Finished entry 220000/548769
Finished entry 240000/548769
Finished entry 260000/548769
Finished entry 280000/548769
Finished entry 300000/548769
Finished entry 320000/548769
Finished entry 340000/548769
Finished entry 360000/548769
Finished entry 380000/548769
Finished entry 400000/548769
Finished entry 420000/548769
Finished entry 440000/548769
Finished entry 460000/548769
Finished entry 480000/548769
Finished entry 500000/548769
Finished entry 520000/548769
Finished entry 540000/548769
Finished entry 548769/548769
All events checked.
*******************************************
******************Jithin's original*************************
    Initial entries 548770.000000
   Passing smikking 0.000000
Inspected genWeightd 548770.000000   % change= 0.000000
   METFiltersPassed 545059.000000   % change= 0.676240
    SingleTrgPassed 446991.000000   % change= 17.992181
     GoodMuonPassed 313222.000000   % change= 29.926553
      GoodTauPassed 13082.000000   % change= 95.823410
         opp charge 10893.000000   % change= 16.732915
         after sf 1 0.000000   % change= 16.732915
         after sf 2 0.000000   % change= 16.732915
         after sf 3 0.000000   % change= 16.732915
         after sf 4 10893.000000   % change= 16.732915
 PassedThirdLepVeto 10816.000000   % change= 0.706876
     PassedBjetVeto 10161.000000   % change= 6.055843
       DeltaRPassed 10133.000000   % change= 0.275563
      Total change :98.153507
*******************************************
*******************************************
Number of events inspected: 548770
Number of events inspected (minus negative gen. weights): 548770.000000
 Outpt written to SingleMuon_EraC_05.root
Real time 0:02:30, CP time 118.370
