000 (2686756.000.000) 06/25 19:32:05 Job submitted from host: <144.92.180.28:9618?addrs=144.92.180.28-9618+[2607-f388-101c-1000--370]-9618&noUDP&sock=2477537_e346_3>
...
001 (2686756.000.000) 06/25 21:11:10 Job executing on host: <128.104.227.127:9618?addrs=128.104.227.127-9618+[2607-f388-101c-1000--74]-9618&noUDP&sock=3293_4d75_3>
...
006 (2686756.000.000) 06/25 21:11:19 Image size of job updated: 341164
	228  -  MemoryUsage of job (MB)
	233384  -  ResidentSetSize of job (KB)
...
005 (2686756.000.000) 06/25 21:11:41 Job terminated.
	(1) Normal termination (return value 0)
		Usr 0 00:00:17, Sys 0 00:00:00  -  Run Remote Usage
		Usr 0 00:00:00, Sys 0 00:00:00  -  Run Local Usage
		Usr 0 00:00:17, Sys 0 00:00:00  -  Total Remote Usage
		Usr 0 00:00:00, Sys 0 00:00:00  -  Total Local Usage
	64103  -  Run Bytes Sent By Job
	8650348  -  Run Bytes Received By Job
	64103  -  Total Bytes Sent By Job
	8650348  -  Total Bytes Received By Job
	Partitionable Resources :    Usage  Request Allocated 
	   Cpus                 :     0.64        1         1 
	   Disk (KB)            :  8572     2048000  19010182 
	   Memory (MB)          :   228        1992      2048 
...
