000 (6283681.000.000) 07/17 02:48:19 Job submitted from host: <144.92.181.245:9618?addrs=144.92.181.245-9618+[2607-f388-101c-1000--372]-9618&noUDP&sock=3375869_eb73_31>
...
001 (6283681.000.000) 07/17 02:55:29 Job executing on host: <144.92.181.229:9618?addrs=144.92.181.229-9618+[2607-f388-101c-1000--629]-9618&noUDP&sock=2250_e42e_3>
...
006 (6283681.000.000) 07/17 02:55:37 Image size of job updated: 285572
	196  -  MemoryUsage of job (MB)
	199980  -  ResidentSetSize of job (KB)
...
005 (6283681.000.000) 07/17 03:00:19 Job terminated.
	(1) Normal termination (return value 0)
		Usr 0 00:03:30, Sys 0 00:00:07  -  Run Remote Usage
		Usr 0 00:00:00, Sys 0 00:00:00  -  Run Local Usage
		Usr 0 00:03:30, Sys 0 00:00:07  -  Total Remote Usage
		Usr 0 00:00:00, Sys 0 00:00:00  -  Total Local Usage
	97609  -  Run Bytes Sent By Job
	71710520  -  Run Bytes Received By Job
	97609  -  Total Bytes Sent By Job
	71710520  -  Total Bytes Received By Job
	Partitionable Resources :    Usage  Request Allocated 
	   Cpus                 :     0.76        1         1 
	   Disk (KB)            : 70185     2048000  18357883 
	   Memory (MB)          :   196        1992      2048 
...
