000 (6283616.000.000) 07/17 02:47:39 Job submitted from host: <144.92.181.245:9618?addrs=144.92.181.245-9618+[2607-f388-101c-1000--372]-9618&noUDP&sock=3375869_eb73_31>
...
001 (6283616.000.000) 07/17 02:51:09 Job executing on host: <128.104.227.101:9618?addrs=128.104.227.101-9618+[2607-f388-101c-1000--50]-9618&noUDP&sock=3958_6ff0_3>
...
006 (6283616.000.000) 07/17 02:51:18 Image size of job updated: 302880
	192  -  MemoryUsage of job (MB)
	195992  -  ResidentSetSize of job (KB)
...
005 (6283616.000.000) 07/17 02:53:17 Job terminated.
	(1) Normal termination (return value 0)
		Usr 0 00:01:23, Sys 0 00:00:03  -  Run Remote Usage
		Usr 0 00:00:00, Sys 0 00:00:00  -  Run Local Usage
		Usr 0 00:01:23, Sys 0 00:00:03  -  Total Remote Usage
		Usr 0 00:00:00, Sys 0 00:00:00  -  Total Local Usage
	77625  -  Run Bytes Sent By Job
	71710560  -  Run Bytes Received By Job
	77625  -  Total Bytes Sent By Job
	71710560  -  Total Bytes Received By Job
	Partitionable Resources :    Usage  Request Allocated 
	   Cpus                 :     0.72        1         1 
	   Disk (KB)            : 70166     2048000  18995900 
	   Memory (MB)          :   192        1992      2048 
...
