000 (6283699.000.000) 07/17 02:48:30 Job submitted from host: <144.92.181.245:9618?addrs=144.92.181.245-9618+[2607-f388-101c-1000--372]-9618&noUDP&sock=3375869_eb73_31>
...
001 (6283699.000.000) 07/17 02:56:03 Job executing on host: <144.92.181.229:9618?addrs=144.92.181.229-9618+[2607-f388-101c-1000--629]-9618&noUDP&sock=2250_e42e_3>
...
006 (6283699.000.000) 07/17 02:56:12 Image size of job updated: 311516
	199  -  MemoryUsage of job (MB)
	202972  -  ResidentSetSize of job (KB)
...
005 (6283699.000.000) 07/17 02:59:25 Job terminated.
	(1) Normal termination (return value 0)
		Usr 0 00:02:22, Sys 0 00:00:05  -  Run Remote Usage
		Usr 0 00:00:00, Sys 0 00:00:00  -  Run Local Usage
		Usr 0 00:02:22, Sys 0 00:00:05  -  Total Remote Usage
		Usr 0 00:00:00, Sys 0 00:00:00  -  Total Local Usage
	84757  -  Run Bytes Sent By Job
	71710512  -  Run Bytes Received By Job
	84757  -  Total Bytes Sent By Job
	71710512  -  Total Bytes Received By Job
	Partitionable Resources :    Usage  Request Allocated 
	   Cpus                 :     0.72        1         1 
	   Disk (KB)            : 70173     2048000  18357883 
	   Memory (MB)          :   199        1992      2048 
...
