000 (6283630.000.000) 07/17 02:47:47 Job submitted from host: <144.92.181.245:9618?addrs=144.92.181.245-9618+[2607-f388-101c-1000--372]-9618&noUDP&sock=3375869_eb73_31>
...
001 (6283630.000.000) 07/17 02:53:24 Job executing on host: <144.92.180.169:9618?addrs=144.92.180.169-9618+[2607-f388-101c-1000--629]-9618&noUDP&sock=3086_515a_3>
...
006 (6283630.000.000) 07/17 02:53:33 Image size of job updated: 313976
	198  -  MemoryUsage of job (MB)
	202744  -  ResidentSetSize of job (KB)
...
005 (6283630.000.000) 07/17 02:54:39 Job terminated.
	(1) Normal termination (return value 0)
		Usr 0 00:00:53, Sys 0 00:00:02  -  Run Remote Usage
		Usr 0 00:00:00, Sys 0 00:00:00  -  Run Local Usage
		Usr 0 00:00:53, Sys 0 00:00:02  -  Total Remote Usage
		Usr 0 00:00:00, Sys 0 00:00:00  -  Total Local Usage
	79392  -  Run Bytes Sent By Job
	71710528  -  Run Bytes Received By Job
	79392  -  Total Bytes Sent By Job
	71710528  -  Total Bytes Received By Job
	Partitionable Resources :    Usage  Request Allocated 
	   Cpus                 :        0        1         1 
	   Disk (KB)            :    70167  2048000  18989020 
	   Memory (MB)          :      198     1992      2048 
...
