000 (6283626.000.000) 07/17 02:47:45 Job submitted from host: <144.92.181.245:9618?addrs=144.92.181.245-9618+[2607-f388-101c-1000--372]-9618&noUDP&sock=3375869_eb73_31>
...
001 (6283626.000.000) 07/17 02:52:53 Job executing on host: <144.92.180.58:9618?addrs=144.92.180.58-9618+[2607-f388-101c-1000--629]-9618&noUDP&sock=3216_7caa_3>
...
006 (6283626.000.000) 07/17 02:53:02 Image size of job updated: 168636
	53  -  MemoryUsage of job (MB)
	54236  -  ResidentSetSize of job (KB)
...
006 (6283626.000.000) 07/17 02:55:19 Image size of job updated: 168636
	54  -  MemoryUsage of job (MB)
	54516  -  ResidentSetSize of job (KB)
...
005 (6283626.000.000) 07/17 02:55:19 Job terminated.
	(1) Normal termination (return value 0)
		Usr 0 00:01:44, Sys 0 00:00:05  -  Run Remote Usage
		Usr 0 00:00:00, Sys 0 00:00:00  -  Run Local Usage
		Usr 0 00:01:44, Sys 0 00:00:05  -  Total Remote Usage
		Usr 0 00:00:00, Sys 0 00:00:00  -  Total Local Usage
	63513  -  Run Bytes Sent By Job
	71710568  -  Run Bytes Received By Job
	63513  -  Total Bytes Sent By Job
	71710568  -  Total Bytes Received By Job
	Partitionable Resources :    Usage  Request Allocated 
	   Cpus                 :        0        1         1 
	   Disk (KB)            :    70154  2048000  18517468 
	   Memory (MB)          :       54     1992      2048 
...
