000 (6283640.000.000) 07/17 02:47:53 Job submitted from host: <144.92.181.245:9618?addrs=144.92.181.245-9618+[2607-f388-101c-1000--372]-9618&noUDP&sock=3375869_eb73_31>
...
001 (6283640.000.000) 07/17 02:53:41 Job executing on host: <144.92.180.146:9618?addrs=144.92.180.146-9618+[2607-f388-101c-1000--629]-9618&noUDP&sock=3019_5c82_3>
...
006 (6283640.000.000) 07/17 02:53:49 Image size of job updated: 309020
	199  -  MemoryUsage of job (MB)
	202852  -  ResidentSetSize of job (KB)
...
005 (6283640.000.000) 07/17 02:54:21 Job terminated.
	(1) Normal termination (return value 0)
		Usr 0 00:00:25, Sys 0 00:00:02  -  Run Remote Usage
		Usr 0 00:00:00, Sys 0 00:00:00  -  Run Local Usage
		Usr 0 00:00:25, Sys 0 00:00:02  -  Total Remote Usage
		Usr 0 00:00:00, Sys 0 00:00:00  -  Total Local Usage
	54730  -  Run Bytes Sent By Job
	71710528  -  Run Bytes Received By Job
	54730  -  Total Bytes Sent By Job
	71710528  -  Total Bytes Received By Job
	Partitionable Resources :    Usage  Request Allocated 
	   Cpus                 :     0.67        1         1 
	   Disk (KB)            : 70145     2048000  18986148 
	   Memory (MB)          :   199        1992      2048 
...
