000 (6283641.000.000) 07/17 02:47:54 Job submitted from host: <144.92.181.245:9618?addrs=144.92.181.245-9618+[2607-f388-101c-1000--372]-9618&noUDP&sock=3375869_eb73_31>
...
001 (6283641.000.000) 07/17 02:53:46 Job executing on host: <128.104.227.112:9618?addrs=128.104.227.112-9618+[2607-f388-101c-1000--61]-9618&noUDP&sock=3924_1db8_3>
...
006 (6283641.000.000) 07/17 02:53:55 Image size of job updated: 313156
	199  -  MemoryUsage of job (MB)
	202800  -  ResidentSetSize of job (KB)
...
005 (6283641.000.000) 07/17 02:54:13 Job terminated.
	(1) Normal termination (return value 0)
		Usr 0 00:00:14, Sys 0 00:00:01  -  Run Remote Usage
		Usr 0 00:00:00, Sys 0 00:00:00  -  Run Local Usage
		Usr 0 00:00:14, Sys 0 00:00:01  -  Total Remote Usage
		Usr 0 00:00:00, Sys 0 00:00:00  -  Total Local Usage
	54450  -  Run Bytes Sent By Job
	71710528  -  Run Bytes Received By Job
	54450  -  Total Bytes Sent By Job
	71710528  -  Total Bytes Received By Job
	Partitionable Resources :    Usage  Request Allocated 
	   Cpus                 :        0        1         1 
	   Disk (KB)            :    70143  2048000  18999598 
	   Memory (MB)          :      199     1992      2048 
...
