000 (6283709.000.000) 07/17 02:48:42 Job submitted from host: <144.92.181.245:9618?addrs=144.92.181.245-9618+[2607-f388-101c-1000--372]-9618&noUDP&sock=3375869_eb73_31>
...
001 (6283709.000.000) 07/17 02:56:49 Job executing on host: <144.92.180.80:9618?addrs=144.92.180.80-9618+[2607-f388-101c-1000--629]-9618&noUDP&sock=3101_9b46_3>
...
006 (6283709.000.000) 07/17 02:56:58 Image size of job updated: 354548
	238  -  MemoryUsage of job (MB)
	243520  -  ResidentSetSize of job (KB)
...
005 (6283709.000.000) 07/17 03:00:28 Job terminated.
	(1) Normal termination (return value 0)
		Usr 0 00:02:43, Sys 0 00:00:07  -  Run Remote Usage
		Usr 0 00:00:00, Sys 0 00:00:00  -  Run Local Usage
		Usr 0 00:02:43, Sys 0 00:00:07  -  Total Remote Usage
		Usr 0 00:00:00, Sys 0 00:00:00  -  Total Local Usage
	92627  -  Run Bytes Sent By Job
	71710528  -  Run Bytes Received By Job
	92627  -  Total Bytes Sent By Job
	71710528  -  Total Bytes Received By Job
	Partitionable Resources :    Usage  Request Allocated 
	   Cpus                 :     0.80        1         1 
	   Disk (KB)            : 70180     2048000  18997074 
	   Memory (MB)          :   238        1992      2048 
...
