000 (6283623.000.000) 07/17 02:47:43 Job submitted from host: <144.92.181.245:9618?addrs=144.92.181.245-9618+[2607-f388-101c-1000--372]-9618&noUDP&sock=3375869_eb73_31>
...
001 (6283623.000.000) 07/17 02:51:57 Job executing on host: <144.92.180.80:9618?addrs=144.92.180.80-9618+[2607-f388-101c-1000--629]-9618&noUDP&sock=3101_9b46_3>
...
006 (6283623.000.000) 07/17 02:52:06 Image size of job updated: 226688
	115  -  MemoryUsage of job (MB)
	116744  -  ResidentSetSize of job (KB)
...
005 (6283623.000.000) 07/17 02:54:21 Job terminated.
	(1) Normal termination (return value 0)
		Usr 0 00:01:21, Sys 0 00:00:04  -  Run Remote Usage
		Usr 0 00:00:00, Sys 0 00:00:00  -  Run Local Usage
		Usr 0 00:01:21, Sys 0 00:00:04  -  Total Remote Usage
		Usr 0 00:00:00, Sys 0 00:00:00  -  Total Local Usage
	77529  -  Run Bytes Sent By Job
	71710544  -  Run Bytes Received By Job
	77529  -  Total Bytes Sent By Job
	71710544  -  Total Bytes Received By Job
	Partitionable Resources :    Usage  Request Allocated 
	   Cpus                 :     0.66        1         1 
	   Disk (KB)            : 70168     2048000  18997074 
	   Memory (MB)          :   115        1992      2048 
...
