000 (6283704.000.000) 07/17 02:48:38 Job submitted from host: <144.92.181.245:9618?addrs=144.92.181.245-9618+[2607-f388-101c-1000--372]-9618&noUDP&sock=3375869_eb73_31>
...
001 (6283704.000.000) 07/17 02:56:18 Job executing on host: <144.92.180.172:9618?addrs=144.92.180.172-9618+[2607-f388-101c-1000--629]-9618&noUDP&sock=3143_6a40_3>
...
006 (6283704.000.000) 07/17 02:56:26 Image size of job updated: 342108
	229  -  MemoryUsage of job (MB)
	233704  -  ResidentSetSize of job (KB)
...
005 (6283704.000.000) 07/17 03:00:38 Job terminated.
	(1) Normal termination (return value 0)
		Usr 0 00:03:30, Sys 0 00:00:10  -  Run Remote Usage
		Usr 0 00:00:00, Sys 0 00:00:00  -  Run Local Usage
		Usr 0 00:03:30, Sys 0 00:00:10  -  Total Remote Usage
		Usr 0 00:00:00, Sys 0 00:00:00  -  Total Local Usage
	92765  -  Run Bytes Sent By Job
	71710528  -  Run Bytes Received By Job
	92765  -  Total Bytes Sent By Job
	71710528  -  Total Bytes Received By Job
	Partitionable Resources :    Usage  Request Allocated 
	   Cpus                 :     0.86        1         1 
	   Disk (KB)            : 70183     2048000  18992051 
	   Memory (MB)          :   229        1992      2048 
...
