000 (6283643.000.000) 07/17 02:47:55 Job submitted from host: <144.92.181.245:9618?addrs=144.92.181.245-9618+[2607-f388-101c-1000--372]-9618&noUDP&sock=3375869_eb73_31>
...
001 (6283643.000.000) 07/17 02:53:51 Job executing on host: <144.92.180.175:9618?addrs=144.92.180.175-9618+[2607-f388-101c-1000--629]-9618&noUDP&sock=2996_95d4_3>
...
006 (6283643.000.000) 07/17 02:53:59 Image size of job updated: 313796
	199  -  MemoryUsage of job (MB)
	203248  -  ResidentSetSize of job (KB)
...
005 (6283643.000.000) 07/17 02:54:26 Job terminated.
	(1) Normal termination (return value 0)
		Usr 0 00:00:20, Sys 0 00:00:01  -  Run Remote Usage
		Usr 0 00:00:00, Sys 0 00:00:00  -  Run Local Usage
		Usr 0 00:00:20, Sys 0 00:00:01  -  Total Remote Usage
		Usr 0 00:00:00, Sys 0 00:00:00  -  Total Local Usage
	54695  -  Run Bytes Sent By Job
	71710528  -  Run Bytes Received By Job
	54695  -  Total Bytes Sent By Job
	71710528  -  Total Bytes Received By Job
	Partitionable Resources :    Usage  Request Allocated 
	   Cpus                 :        0        1         1 
	   Disk (KB)            :    70143  2048000  18989911 
	   Memory (MB)          :      199     1992      2048 
...
