000 (6283652.000.000) 07/17 02:48:01 Job submitted from host: <144.92.181.245:9618?addrs=144.92.181.245-9618+[2607-f388-101c-1000--372]-9618&noUDP&sock=3375869_eb73_31>
...
001 (6283652.000.000) 07/17 02:54:23 Job executing on host: <144.92.180.80:9618?addrs=144.92.180.80-9618+[2607-f388-101c-1000--629]-9618&noUDP&sock=3101_9b46_3>
...
006 (6283652.000.000) 07/17 02:54:31 Image size of job updated: 336084
	219  -  MemoryUsage of job (MB)
	224256  -  ResidentSetSize of job (KB)
...
005 (6283652.000.000) 07/17 02:54:36 Job terminated.
	(1) Normal termination (return value 0)
		Usr 0 00:00:08, Sys 0 00:00:01  -  Run Remote Usage
		Usr 0 00:00:00, Sys 0 00:00:00  -  Run Local Usage
		Usr 0 00:00:08, Sys 0 00:00:01  -  Total Remote Usage
		Usr 0 00:00:00, Sys 0 00:00:00  -  Total Local Usage
	76991  -  Run Bytes Sent By Job
	71710528  -  Run Bytes Received By Job
	76991  -  Total Bytes Sent By Job
	71710528  -  Total Bytes Received By Job
	Partitionable Resources :    Usage  Request Allocated 
	   Cpus                 :     0.04        1         1 
	   Disk (KB)            : 70167     2048000  18997074 
	   Memory (MB)          :   219        1992      2048 
...
