All files added.
Initializing chain.
from Init MC
.... MC file ..... 
Coming in: 
nentries:271025
Running over 271025 events.
Finished entry 0/271024
Finished entry 10000/271024
Finished entry 20000/271024
Finished entry 30000/271024
Finished entry 40000/271024
Finished entry 50000/271024
Finished entry 60000/271024
Finished entry 70000/271024
Finished entry 80000/271024
Finished entry 90000/271024
Finished entry 100000/271024
Finished entry 110000/271024
Finished entry 120000/271024
Finished entry 130000/271024
Finished entry 140000/271024
Finished entry 150000/271024
Finished entry 160000/271024
Finished entry 170000/271024
Finished entry 180000/271024
Finished entry 190000/271024
Finished entry 200000/271024
Finished entry 210000/271024
Finished entry 220000/271024
Finished entry 230000/271024
Finished entry 240000/271024
Finished entry 250000/271024
Finished entry 260000/271024
Finished entry 270000/271024
Finished entry 271024/271024
All events checked.
*******************************************
******************Jithin's original*************************
    Initial entries 271025.000000
   Passing smikking 0.000000
Inspected genWeightd 156345.000000   % change= 42.313440
   METFiltersPassed 264116.759918   % change= -68.932016
    SingleTrgPassed 170284.905399   % change= 35.526657
     GoodMuonPassed 143431.597398   % change= 15.769635
      GoodTauPassed 14037.580274   % change= 90.213049
         opp charge 13366.023336   % change= 4.783994
 PassedThirdLepVeto 4.255977   % change= 99.968158
     PassedBjetVeto 3.210089   % change= 24.574557
       DeltaRPassed 3.210089   % change= 0.000000
      Total change :99.998816
*******************************************
*******************************************
Number of events inspected: 271025
Number of events inspected (minus negative gen. weights): 156345.000000
 Outpt written to WWTo1L1Nu2Q_00.root
Real time 0:01:49, CP time 72.900
