000 (6283653.000.000) 07/17 02:48:01 Job submitted from host: <144.92.181.245:9618?addrs=144.92.181.245-9618+[2607-f388-101c-1000--372]-9618&noUDP&sock=3375869_eb73_31>
...
001 (6283653.000.000) 07/17 02:54:24 Job executing on host: <144.92.180.146:9618?addrs=144.92.180.146-9618+[2607-f388-101c-1000--629]-9618&noUDP&sock=3019_5c82_3>
...
006 (6283653.000.000) 07/17 02:54:32 Image size of job updated: 310248
	201  -  MemoryUsage of job (MB)
	205392  -  ResidentSetSize of job (KB)
...
005 (6283653.000.000) 07/17 02:58:42 Job terminated.
	(1) Normal termination (return value 0)
		Usr 0 00:02:58, Sys 0 00:00:09  -  Run Remote Usage
		Usr 0 00:00:00, Sys 0 00:00:00  -  Run Local Usage
		Usr 0 00:02:58, Sys 0 00:00:09  -  Total Remote Usage
		Usr 0 00:00:00, Sys 0 00:00:00  -  Total Local Usage
	85663  -  Run Bytes Sent By Job
	71710496  -  Run Bytes Received By Job
	85663  -  Total Bytes Sent By Job
	71710496  -  Total Bytes Received By Job
	Partitionable Resources :    Usage  Request Allocated 
	   Cpus                 :     0.73        1         1 
	   Disk (KB)            : 70176     2048000  18986148 
	   Memory (MB)          :   201        1992      2048 
...
