All files added.
Initializing chain.
from Init DATA
.... DATA file ..... 
Coming in: 
nentries:1454108
Running over 1454108 events.
Finished entry 0/1454107
Finished entry 70000/1454107
Finished entry 140000/1454107
Finished entry 210000/1454107
Finished entry 280000/1454107
Finished entry 350000/1454107
Finished entry 420000/1454107
Finished entry 490000/1454107
Finished entry 560000/1454107
Finished entry 630000/1454107
Finished entry 700000/1454107
Finished entry 770000/1454107
Finished entry 840000/1454107
Finished entry 910000/1454107
Finished entry 980000/1454107
Finished entry 1050000/1454107
Finished entry 1120000/1454107
Finished entry 1190000/1454107
Finished entry 1260000/1454107
Finished entry 1330000/1454107
Finished entry 1400000/1454107
Finished entry 1454107/1454107
All events checked.
*******************************************
******************Jithin's original*************************
    Initial entries 1454108.000000
   Passing smikking 0.000000
Inspected genWeightd 1454108.000000   % change= 0.000000
   METFiltersPassed 1449090.000000   % change= 0.345091
    SingleTrgPassed 1272608.000000   % change= 12.178816
     GoodMuonPassed 833434.000000   % change= 34.509763
      GoodTauPassed 18767.000000   % change= 97.748232
         opp charge 15070.000000   % change= 19.699472
 PassedThirdLepVeto 15016.000000   % change= 0.358328
     PassedBjetVeto 13709.000000   % change= 8.704049
       DeltaRPassed 13661.000000   % change= 0.350135
      Total change :99.060524
*******************************************
*******************************************
Number of events inspected: 1454108
Number of events inspected (minus negative gen. weights): 1454108.000000
 Outpt written to SingleElectron_EraE_00.root
Real time 0:06:30, CP time 339.060
