All files added.
Initializing chain.
from Init MC
.... MC file ..... 
Coming in: 
nentries:601944
Running over 601944 events.
Finished entry 0/601943
Finished entry 30000/601943
Finished entry 60000/601943
Finished entry 90000/601943
Finished entry 120000/601943
Finished entry 150000/601943
Finished entry 180000/601943
Finished entry 210000/601943
Finished entry 240000/601943
Finished entry 270000/601943
Finished entry 300000/601943
Finished entry 330000/601943
Finished entry 360000/601943
Finished entry 390000/601943
Finished entry 420000/601943
Finished entry 450000/601943
Finished entry 480000/601943
Finished entry 510000/601943
Finished entry 540000/601943
Finished entry 570000/601943
Finished entry 600000/601943
Finished entry 601943/601943
All events checked.
*******************************************
******************Jithin's original*************************
    Initial entries 601944.000000
   Passing smikking 0.000000
Inspected genWeightd 360076.000000   % change= 40.181146
   METFiltersPassed 591190.940996   % change= -64.185045
    SingleTrgPassed 403675.340669   % change= 31.718280
     GoodMuonPassed 353414.818383   % change= 12.450729
      GoodTauPassed 12246.121205   % change= 96.534916
         opp charge 9473.659393   % change= 22.639510
 PassedThirdLepVeto 2.503902   % change= 99.973570
     PassedBjetVeto 2.503902   % change= 0.000000
       DeltaRPassed 1.714953   % change= 31.508799
      Total change :99.999715
*******************************************
*******************************************
Number of events inspected: 601944
Number of events inspected (minus negative gen. weights): 360076.000000
 Outpt written to ZZTo2L2Q_02.root
Real time 0:04:01, CP time 171.400
