000 (6283673.000.000) 07/17 02:48:14 Job submitted from host: <144.92.181.245:9618?addrs=144.92.181.245-9618+[2607-f388-101c-1000--372]-9618&noUDP&sock=3375869_eb73_31>
...
001 (6283673.000.000) 07/17 02:55:23 Job executing on host: <128.104.227.111:9618?addrs=128.104.227.111-9618+[2607-f388-101c-1000--60]-9618&noUDP&sock=3903_b63b_3>
...
006 (6283673.000.000) 07/17 02:55:32 Image size of job updated: 314096
	201  -  MemoryUsage of job (MB)
	205052  -  ResidentSetSize of job (KB)
...
005 (6283673.000.000) 07/17 02:55:35 Job terminated.
	(1) Normal termination (return value 0)
		Usr 0 00:00:05, Sys 0 00:00:01  -  Run Remote Usage
		Usr 0 00:00:00, Sys 0 00:00:00  -  Run Local Usage
		Usr 0 00:00:05, Sys 0 00:00:01  -  Total Remote Usage
		Usr 0 00:00:00, Sys 0 00:00:00  -  Total Local Usage
	78873  -  Run Bytes Sent By Job
	71710512  -  Run Bytes Received By Job
	78873  -  Total Bytes Sent By Job
	71710512  -  Total Bytes Received By Job
	Partitionable Resources :    Usage  Request Allocated 
	   Cpus                 :        0        1         1 
	   Disk (KB)            :    70167  2048000  18994917 
	   Memory (MB)          :      201     1992      2048 
...
