000 (6283676.000.000) 07/17 02:48:16 Job submitted from host: <144.92.181.245:9618?addrs=144.92.181.245-9618+[2607-f388-101c-1000--372]-9618&noUDP&sock=3375869_eb73_31>
...
001 (6283676.000.000) 07/17 02:55:23 Job executing on host: <144.92.180.58:9618?addrs=144.92.180.58-9618+[2607-f388-101c-1000--629]-9618&noUDP&sock=3216_7caa_3>
...
006 (6283676.000.000) 07/17 02:55:31 Image size of job updated: 255460
	206  -  MemoryUsage of job (MB)
	210732  -  ResidentSetSize of job (KB)
...
005 (6283676.000.000) 07/17 03:01:22 Job terminated.
	(1) Normal termination (return value 0)
		Usr 0 00:04:33, Sys 0 00:00:12  -  Run Remote Usage
		Usr 0 00:00:00, Sys 0 00:00:00  -  Run Local Usage
		Usr 0 00:04:33, Sys 0 00:00:12  -  Total Remote Usage
		Usr 0 00:00:00, Sys 0 00:00:00  -  Total Local Usage
	91238  -  Run Bytes Sent By Job
	71710512  -  Run Bytes Received By Job
	91238  -  Total Bytes Sent By Job
	71710512  -  Total Bytes Received By Job
	Partitionable Resources :    Usage  Request Allocated 
	   Cpus                 :     0.81        1         1 
	   Disk (KB)            : 70178     2048000  18517468 
	   Memory (MB)          :   206        1992      2048 
...
