000 (6283679.000.000) 07/17 02:48:18 Job submitted from host: <144.92.181.245:9618?addrs=144.92.181.245-9618+[2607-f388-101c-1000--372]-9618&noUDP&sock=3375869_eb73_31>
...
001 (6283679.000.000) 07/17 02:55:27 Job executing on host: <144.92.181.227:9618?addrs=144.92.181.227-9618+[2607-f388-101c-1000--629]-9618&noUDP&sock=2176_222c_3>
...
006 (6283679.000.000) 07/17 02:55:35 Image size of job updated: 295564
	240  -  MemoryUsage of job (MB)
	245016  -  ResidentSetSize of job (KB)
...
005 (6283679.000.000) 07/17 02:56:05 Job terminated.
	(1) Normal termination (return value 0)
		Usr 0 00:00:28, Sys 0 00:00:01  -  Run Remote Usage
		Usr 0 00:00:00, Sys 0 00:00:00  -  Run Local Usage
		Usr 0 00:00:28, Sys 0 00:00:01  -  Total Remote Usage
		Usr 0 00:00:00, Sys 0 00:00:00  -  Total Local Usage
	76921  -  Run Bytes Sent By Job
	71710496  -  Run Bytes Received By Job
	76921  -  Total Bytes Sent By Job
	71710496  -  Total Bytes Received By Job
	Partitionable Resources :    Usage  Request Allocated 
	   Cpus                 :     0.32        1         1 
	   Disk (KB)            : 70165     2048000  18364509 
	   Memory (MB)          :   240        1992      2048 
...
