All files added.
Initializing chain.
from Init MC
****************** dyjet sample found
.... MC file ..... 
Coming in: 
nentries:512825
Running over 512825 events.
Finished entry 0/512824
Finished entry 20000/512824
Finished entry 40000/512824
Finished entry 60000/512824
Finished entry 80000/512824
Finished entry 100000/512824
Finished entry 120000/512824
Finished entry 140000/512824
Finished entry 160000/512824
Finished entry 180000/512824
Finished entry 200000/512824
Finished entry 220000/512824
Finished entry 240000/512824
Finished entry 260000/512824
Finished entry 280000/512824
Finished entry 300000/512824
Finished entry 320000/512824
Finished entry 340000/512824
Finished entry 360000/512824
Finished entry 380000/512824
Finished entry 400000/512824
Finished entry 420000/512824
Finished entry 440000/512824
Finished entry 460000/512824
Finished entry 480000/512824
Finished entry 500000/512824
Finished entry 512824/512824
All events checked.
*******************************************
******************Jithin's original*************************
    Initial entries 512825.000000
   Passing smikking 0.000000
Inspected genWeightd 512791.000000   % change= 0.006630
   METFiltersPassed 502767.862582   % change= 1.954624
    SingleTrgPassed 355791.189588   % change= 29.233506
     GoodMuonPassed 310912.828610   % change= 12.613680
      GoodTauPassed 8222.051643   % change= 97.355512
         opp charge 5508.429744   % change= 33.004194
 PassedThirdLepVeto 0.000000   % change= 100.000000
     PassedBjetVeto 0.000000   % change= -nan
       DeltaRPassed 0.000000   % change= -nan
      Total change :100.000000
*******************************************
*******************************************
Number of events inspected: 512825
Number of events inspected (minus negative gen. weights): 512791.000000
 Outpt written to DY2JetsToLL_M-50_TuneCP5_00.root
Real time 0:04:52, CP time 215.510
