000 (6283615.000.000) 07/17 02:47:38 Job submitted from host: <144.92.181.245:9618?addrs=144.92.181.245-9618+[2607-f388-101c-1000--372]-9618&noUDP&sock=3375869_eb73_31>
...
001 (6283615.000.000) 07/17 02:51:07 Job executing on host: <144.92.180.235:9618?addrs=144.92.180.235-9618+[2607-f388-101c-1000--629]-9618&noUDP&sock=2967_b195_3>
...
006 (6283615.000.000) 07/17 02:51:16 Image size of job updated: 307808
	192  -  MemoryUsage of job (MB)
	196044  -  ResidentSetSize of job (KB)
...
005 (6283615.000.000) 07/17 02:53:06 Job terminated.
	(1) Normal termination (return value 0)
		Usr 0 00:01:22, Sys 0 00:00:02  -  Run Remote Usage
		Usr 0 00:00:00, Sys 0 00:00:00  -  Run Local Usage
		Usr 0 00:01:22, Sys 0 00:00:02  -  Total Remote Usage
		Usr 0 00:00:00, Sys 0 00:00:00  -  Total Local Usage
	77566  -  Run Bytes Sent By Job
	71710560  -  Run Bytes Received By Job
	77566  -  Total Bytes Sent By Job
	71710560  -  Total Bytes Received By Job
	Partitionable Resources :    Usage  Request Allocated 
	   Cpus                 :     0.71        1         1 
	   Disk (KB)            : 70168     2048000  18993874 
	   Memory (MB)          :   192        1992      2048 
...
