000 (6283632.000.000) 07/17 02:47:48 Job submitted from host: <144.92.181.245:9618?addrs=144.92.181.245-9618+[2607-f388-101c-1000--372]-9618&noUDP&sock=3375869_eb73_31>
...
001 (6283632.000.000) 07/17 02:53:25 Job executing on host: <144.92.180.159:9618?addrs=144.92.180.159-9618+[2607-f388-101c-1000--629]-9618&noUDP&sock=3146_7909_3>
...
006 (6283632.000.000) 07/17 02:53:34 Image size of job updated: 309352
	198  -  MemoryUsage of job (MB)
	202380  -  ResidentSetSize of job (KB)
...
005 (6283632.000.000) 07/17 02:53:51 Job terminated.
	(1) Normal termination (return value 0)
		Usr 0 00:00:15, Sys 0 00:00:01  -  Run Remote Usage
		Usr 0 00:00:00, Sys 0 00:00:00  -  Run Local Usage
		Usr 0 00:00:15, Sys 0 00:00:01  -  Total Remote Usage
		Usr 0 00:00:00, Sys 0 00:00:00  -  Total Local Usage
	56528  -  Run Bytes Sent By Job
	71710608  -  Run Bytes Received By Job
	56528  -  Total Bytes Sent By Job
	71710608  -  Total Bytes Received By Job
	Partitionable Resources :    Usage  Request Allocated 
	   Cpus                 :     0.11        1         1 
	   Disk (KB)            : 70145     2048000  18988873 
	   Memory (MB)          :   198        1992      2048 
...
