000 (6283721.000.000) 07/17 02:48:49 Job submitted from host: <144.92.181.245:9618?addrs=144.92.181.245-9618+[2607-f388-101c-1000--372]-9618&noUDP&sock=3375869_eb73_31>
...
001 (6283721.000.000) 07/17 02:57:30 Job executing on host: <128.104.227.112:9618?addrs=128.104.227.112-9618+[2607-f388-101c-1000--61]-9618&noUDP&sock=3924_1db8_3>
...
006 (6283721.000.000) 07/17 02:57:39 Image size of job updated: 250568
	209  -  MemoryUsage of job (MB)
	213848  -  ResidentSetSize of job (KB)
...
005 (6283721.000.000) 07/17 02:59:38 Job terminated.
	(1) Normal termination (return value 0)
		Usr 0 00:01:35, Sys 0 00:00:03  -  Run Remote Usage
		Usr 0 00:00:00, Sys 0 00:00:00  -  Run Local Usage
		Usr 0 00:01:35, Sys 0 00:00:03  -  Total Remote Usage
		Usr 0 00:00:00, Sys 0 00:00:00  -  Total Local Usage
	91958  -  Run Bytes Sent By Job
	71710528  -  Run Bytes Received By Job
	91958  -  Total Bytes Sent By Job
	71710528  -  Total Bytes Received By Job
	Partitionable Resources :    Usage  Request Allocated 
	   Cpus                 :     0.78        1         1 
	   Disk (KB)            : 70181     2048000  18999598 
	   Memory (MB)          :   209        1992      2048 
...
