000 (6283600.000.000) 07/17 02:47:29 Job submitted from host: <144.92.181.245:9618?addrs=144.92.181.245-9618+[2607-f388-101c-1000--372]-9618&noUDP&sock=3375869_eb73_31>
...
001 (6283600.000.000) 07/17 02:48:05 Job executing on host: <128.104.227.101:9618?addrs=128.104.227.101-9618+[2607-f388-101c-1000--50]-9618&noUDP&sock=3958_6ff0_3>
...
006 (6283600.000.000) 07/17 02:48:14 Image size of job updated: 304544
	190  -  MemoryUsage of job (MB)
	193924  -  ResidentSetSize of job (KB)
...
005 (6283600.000.000) 07/17 02:51:06 Job terminated.
	(1) Normal termination (return value 0)
		Usr 0 00:01:58, Sys 0 00:00:03  -  Run Remote Usage
		Usr 0 00:00:00, Sys 0 00:00:00  -  Run Local Usage
		Usr 0 00:01:58, Sys 0 00:00:03  -  Total Remote Usage
		Usr 0 00:00:00, Sys 0 00:00:00  -  Total Local Usage
	77158  -  Run Bytes Sent By Job
	71710536  -  Run Bytes Received By Job
	77158  -  Total Bytes Sent By Job
	71710536  -  Total Bytes Received By Job
	Partitionable Resources :    Usage  Request Allocated 
	   Cpus                 :     0.68        1         1 
	   Disk (KB)            : 70165     2048000  18995900 
	   Memory (MB)          :   190        1992      2048 
...
