000 (6283617.000.000) 07/17 02:47:40 Job submitted from host: <144.92.181.245:9618?addrs=144.92.181.245-9618+[2607-f388-101c-1000--372]-9618&noUDP&sock=3375869_eb73_31>
...
001 (6283617.000.000) 07/17 02:51:09 Job executing on host: <144.92.180.110:9618?addrs=144.92.180.110-9618+[2607-f388-101c-1000--629]-9618&noUDP&sock=3434_0450_3>
...
006 (6283617.000.000) 07/17 02:51:18 Image size of job updated: 277232
	190  -  MemoryUsage of job (MB)
	194312  -  ResidentSetSize of job (KB)
...
005 (6283617.000.000) 07/17 02:53:22 Job terminated.
	(1) Normal termination (return value 0)
		Usr 0 00:01:27, Sys 0 00:00:05  -  Run Remote Usage
		Usr 0 00:00:00, Sys 0 00:00:00  -  Run Local Usage
		Usr 0 00:01:27, Sys 0 00:00:05  -  Total Remote Usage
		Usr 0 00:00:00, Sys 0 00:00:00  -  Total Local Usage
	77486  -  Run Bytes Sent By Job
	71710560  -  Run Bytes Received By Job
	77486  -  Total Bytes Sent By Job
	71710560  -  Total Bytes Received By Job
	Partitionable Resources :    Usage  Request Allocated 
	   Cpus                 :     0.69        1         1 
	   Disk (KB)            : 70167     2048000  18354912 
	   Memory (MB)          :   190        1992      2048 
...
