000 (6283708.000.000) 07/17 02:48:41 Job submitted from host: <144.92.181.245:9618?addrs=144.92.181.245-9618+[2607-f388-101c-1000--372]-9618&noUDP&sock=3375869_eb73_31>
...
001 (6283708.000.000) 07/17 02:56:36 Job executing on host: <144.92.180.58:9618?addrs=144.92.180.58-9618+[2607-f388-101c-1000--629]-9618&noUDP&sock=3216_7caa_3>
...
006 (6283708.000.000) 07/17 02:56:44 Image size of job updated: 345900
	232  -  MemoryUsage of job (MB)
	236588  -  ResidentSetSize of job (KB)
...
005 (6283708.000.000) 07/17 03:03:01 Job terminated.
	(1) Normal termination (return value 0)
		Usr 0 00:05:23, Sys 0 00:00:13  -  Run Remote Usage
		Usr 0 00:00:00, Sys 0 00:00:00  -  Run Local Usage
		Usr 0 00:05:23, Sys 0 00:00:13  -  Total Remote Usage
		Usr 0 00:00:00, Sys 0 00:00:00  -  Total Local Usage
	97863  -  Run Bytes Sent By Job
	71710528  -  Run Bytes Received By Job
	97863  -  Total Bytes Sent By Job
	71710528  -  Total Bytes Received By Job
	Partitionable Resources :    Usage  Request Allocated 
	   Cpus                 :     0.85        1         1 
	   Disk (KB)            : 70187     2048000  18517468 
	   Memory (MB)          :   232        1992      2048 
...
