All files added.
Initializing chain.
from Init MC
****************** dyjet sample found
.... MC file ..... 
Coming in: 
nentries:6921
Running over 6921 events.
Finished entry 0/6920
Finished entry 300/6920
Finished entry 600/6920
Finished entry 900/6920
Finished entry 1200/6920
Finished entry 1500/6920
Finished entry 1800/6920
Finished entry 2100/6920
Finished entry 2400/6920
Finished entry 2700/6920
Finished entry 3000/6920
Finished entry 3300/6920
Finished entry 3600/6920
Finished entry 3900/6920
Finished entry 4200/6920
Finished entry 4500/6920
Finished entry 4800/6920
Finished entry 5100/6920
Finished entry 5400/6920
Finished entry 5700/6920
Finished entry 6000/6920
Finished entry 6300/6920
Finished entry 6600/6920
Finished entry 6900/6920
Finished entry 6920/6920
All events checked.
*******************************************
******************Jithin's original*************************
    Initial entries 6921.000000
   Passing smikking 0.000000
Inspected genWeightd 6919.000000   % change= 0.028898
   METFiltersPassed 6693.613799   % change= 3.257497
    SingleTrgPassed 2627.217069   % change= 60.750394
     GoodMuonPassed 2093.536610   % change= 20.313527
      GoodTauPassed 51.084537   % change= 97.559893
         opp charge 29.504549   % change= 42.243678
 PassedThirdLepVeto 0.000000   % change= 100.000000
     PassedBjetVeto 0.000000   % change= -nan
       DeltaRPassed 0.000000   % change= -nan
      Total change :100.000000
*******************************************
*******************************************
Number of events inspected: 6921
Number of events inspected (minus negative gen. weights): 6919.000000
 Outpt written to DYJetsToLL_M-10to50_TuneCP5_03.root
Real time 0:00:06, CP time 3.710
