000 (6283674.000.000) 07/17 02:48:15 Job submitted from host: <144.92.181.245:9618?addrs=144.92.181.245-9618+[2607-f388-101c-1000--372]-9618&noUDP&sock=3375869_eb73_31>
...
001 (6283674.000.000) 07/17 02:55:22 Job executing on host: <144.92.180.157:9618?addrs=144.92.180.157-9618+[2607-f388-101c-1000--629]-9618&noUDP&sock=3034_a66e_3>
...
006 (6283674.000.000) 07/17 02:55:31 Image size of job updated: 313632
	201  -  MemoryUsage of job (MB)
	205560  -  ResidentSetSize of job (KB)
...
005 (6283674.000.000) 07/17 02:55:32 Job terminated.
	(1) Normal termination (return value 0)
		Usr 0 00:00:04, Sys 0 00:00:00  -  Run Remote Usage
		Usr 0 00:00:00, Sys 0 00:00:00  -  Run Local Usage
		Usr 0 00:00:04, Sys 0 00:00:00  -  Total Remote Usage
		Usr 0 00:00:00, Sys 0 00:00:00  -  Total Local Usage
	78494  -  Run Bytes Sent By Job
	71710512  -  Run Bytes Received By Job
	78494  -  Total Bytes Sent By Job
	71710512  -  Total Bytes Received By Job
	Partitionable Resources :    Usage  Request Allocated 
	   Cpus                 :        0        1         1 
	   Disk (KB)            :    70166  2048000  18989304 
	   Memory (MB)          :      201     1992      2048 
...
