000 (6283633.000.000) 07/17 02:47:49 Job submitted from host: <144.92.181.245:9618?addrs=144.92.181.245-9618+[2607-f388-101c-1000--372]-9618&noUDP&sock=3375869_eb73_31>
...
001 (6283633.000.000) 07/17 02:53:24 Job executing on host: <144.92.180.58:9618?addrs=144.92.180.58-9618+[2607-f388-101c-1000--629]-9618&noUDP&sock=3216_7caa_3>
...
006 (6283633.000.000) 07/17 02:53:33 Image size of job updated: 311992
	199  -  MemoryUsage of job (MB)
	203428  -  ResidentSetSize of job (KB)
...
005 (6283633.000.000) 07/17 02:54:18 Job terminated.
	(1) Normal termination (return value 0)
		Usr 0 00:00:39, Sys 0 00:00:03  -  Run Remote Usage
		Usr 0 00:00:00, Sys 0 00:00:00  -  Run Local Usage
		Usr 0 00:00:39, Sys 0 00:00:03  -  Total Remote Usage
		Usr 0 00:00:00, Sys 0 00:00:00  -  Total Local Usage
	58532  -  Run Bytes Sent By Job
	71710592  -  Run Bytes Received By Job
	58532  -  Total Bytes Sent By Job
	71710592  -  Total Bytes Received By Job
	Partitionable Resources :    Usage  Request Allocated 
	   Cpus                 :     0.80        1         1 
	   Disk (KB)            : 70149     2048000  18517468 
	   Memory (MB)          :   199        1992      2048 
...
