All files added.
Initializing chain.
from Init MC
.... MC file ..... 
Coming in: 
nentries:6459
Running over 6459 events.
Finished entry 0/6458
Finished entry 300/6458
Finished entry 600/6458
Finished entry 900/6458
Finished entry 1200/6458
Finished entry 1500/6458
Finished entry 1800/6458
Finished entry 2100/6458
Finished entry 2400/6458
Finished entry 2700/6458
Finished entry 3000/6458
Finished entry 3300/6458
Finished entry 3600/6458
Finished entry 3900/6458
Finished entry 4200/6458
Finished entry 4500/6458
Finished entry 4800/6458
Finished entry 5100/6458
Finished entry 5400/6458
Finished entry 5700/6458
Finished entry 6000/6458
Finished entry 6300/6458
Finished entry 6458/6458
All events checked.
*******************************************
******************Jithin's original*************************
    Initial entries 6459.000000
   Passing smikking 0.000000
Inspected genWeightd 6443.000000   % change= 0.247716
   METFiltersPassed 6166.266144   % change= 4.295109
    SingleTrgPassed 109.556776   % change= 98.223288
     GoodMuonPassed 36.406075   % change= 66.769672
      GoodTauPassed 0.563381   % change= 98.452509
         opp charge 0.563381   % change= 0.000000
 PassedThirdLepVeto 0.000000   % change= 100.000000
     PassedBjetVeto 0.000000   % change= -nan
       DeltaRPassed 0.000000   % change= -nan
      Total change :100.000000
*******************************************
*******************************************
Number of events inspected: 6459
Number of events inspected (minus negative gen. weights): 6443.000000
 Outpt written to EWKZ2Jets_ZToNuNu_TuneCP5_00.root
Real time 0:00:04, CP time 2.770
