000 (6283644.000.000) 07/17 02:47:55 Job submitted from host: <144.92.181.245:9618?addrs=144.92.181.245-9618+[2607-f388-101c-1000--372]-9618&noUDP&sock=3375869_eb73_31>
...
001 (6283644.000.000) 07/17 02:53:53 Job executing on host: <144.92.180.235:9618?addrs=144.92.180.235-9618+[2607-f388-101c-1000--629]-9618&noUDP&sock=2967_b195_3>
...
006 (6283644.000.000) 07/17 02:54:01 Image size of job updated: 313580
	199  -  MemoryUsage of job (MB)
	203248  -  ResidentSetSize of job (KB)
...
005 (6283644.000.000) 07/17 02:54:28 Job terminated.
	(1) Normal termination (return value 0)
		Usr 0 00:00:22, Sys 0 00:00:01  -  Run Remote Usage
		Usr 0 00:00:00, Sys 0 00:00:00  -  Run Local Usage
		Usr 0 00:00:22, Sys 0 00:00:01  -  Total Remote Usage
		Usr 0 00:00:00, Sys 0 00:00:00  -  Total Local Usage
	54988  -  Run Bytes Sent By Job
	71710528  -  Run Bytes Received By Job
	54988  -  Total Bytes Sent By Job
	71710528  -  Total Bytes Received By Job
	Partitionable Resources :    Usage  Request Allocated 
	   Cpus                 :     0.04        1         1 
	   Disk (KB)            : 70144     2048000  18993874 
	   Memory (MB)          :   199        1992      2048 
...
