000 (6283662.000.000) 07/17 02:48:07 Job submitted from host: <144.92.181.245:9618?addrs=144.92.181.245-9618+[2607-f388-101c-1000--372]-9618&noUDP&sock=3375869_eb73_31>
...
001 (6283662.000.000) 07/17 02:54:47 Job executing on host: <144.92.180.80:9618?addrs=144.92.180.80-9618+[2607-f388-101c-1000--629]-9618&noUDP&sock=3101_9b46_3>
...
006 (6283662.000.000) 07/17 02:54:55 Image size of job updated: 305036
	191  -  MemoryUsage of job (MB)
	195576  -  ResidentSetSize of job (KB)
...
005 (6283662.000.000) 07/17 02:56:47 Job terminated.
	(1) Normal termination (return value 0)
		Usr 0 00:01:12, Sys 0 00:00:03  -  Run Remote Usage
		Usr 0 00:00:00, Sys 0 00:00:00  -  Run Local Usage
		Usr 0 00:01:12, Sys 0 00:00:03  -  Total Remote Usage
		Usr 0 00:00:00, Sys 0 00:00:00  -  Total Local Usage
	58232  -  Run Bytes Sent By Job
	71710520  -  Run Bytes Received By Job
	58232  -  Total Bytes Sent By Job
	71710520  -  Total Bytes Received By Job
	Partitionable Resources :    Usage  Request Allocated 
	   Cpus                 :     0.64        1         1 
	   Disk (KB)            : 70147     2048000  18997074 
	   Memory (MB)          :   191        1992      2048 
...
