000 (6283689.000.000) 07/17 02:48:24 Job submitted from host: <144.92.181.245:9618?addrs=144.92.181.245-9618+[2607-f388-101c-1000--372]-9618&noUDP&sock=3375869_eb73_31>
...
001 (6283689.000.000) 07/17 02:55:47 Job executing on host: <128.104.227.111:9618?addrs=128.104.227.111-9618+[2607-f388-101c-1000--60]-9618&noUDP&sock=3903_b63b_3>
...
006 (6283689.000.000) 07/17 02:55:52 Image size of job updated: 1232
	1  -  MemoryUsage of job (MB)
	4  -  ResidentSetSize of job (KB)
...
005 (6283689.000.000) 07/17 02:55:52 Job terminated.
	(1) Normal termination (return value 0)
		Usr 0 00:00:02, Sys 0 00:00:00  -  Run Remote Usage
		Usr 0 00:00:00, Sys 0 00:00:00  -  Run Local Usage
		Usr 0 00:00:02, Sys 0 00:00:00  -  Total Remote Usage
		Usr 0 00:00:00, Sys 0 00:00:00  -  Total Local Usage
	24131  -  Run Bytes Sent By Job
	71710536  -  Run Bytes Received By Job
	24131  -  Total Bytes Sent By Job
	71710536  -  Total Bytes Received By Job
	Partitionable Resources :    Usage  Request Allocated 
	   Cpus                 :        0        1         1 
	   Disk (KB)            :    70114  2048000  18994917 
	   Memory (MB)          :        1     1992      2048 
...
