All files added.
Initializing chain.
from Init MC
.... MC file ..... 
Coming in: 
nentries:740476
Running over 740476 events.
Finished entry 0/740475
Finished entry 30000/740475
Finished entry 60000/740475
Finished entry 90000/740475
Finished entry 120000/740475
Finished entry 150000/740475
Finished entry 180000/740475
Finished entry 210000/740475
Finished entry 240000/740475
Finished entry 270000/740475
Finished entry 300000/740475
Finished entry 330000/740475
Finished entry 360000/740475
Finished entry 390000/740475
Finished entry 420000/740475
Finished entry 450000/740475
Finished entry 480000/740475
Finished entry 510000/740475
Finished entry 540000/740475
Finished entry 570000/740475
Finished entry 600000/740475
Finished entry 630000/740475
Finished entry 660000/740475
Finished entry 690000/740475
Finished entry 720000/740475
Finished entry 740475/740475
All events checked.
*******************************************
******************Jithin's original*************************
    Initial entries 740476.000000
   Passing smikking 0.000000
Inspected genWeightd 735348.000000   % change= 0.692528
   METFiltersPassed 727180.845141   % change= 1.110652
    SingleTrgPassed 426213.677192   % change= 41.388214
     GoodMuonPassed 373612.152671   % change= 12.341585
      GoodTauPassed 8268.457392   % change= 97.786887
         opp charge 6416.959798   % change= 22.392298
 PassedThirdLepVeto 1.321169   % change= 99.979411
     PassedBjetVeto 1.321169   % change= 0.000000
       DeltaRPassed 1.321169   % change= 0.000000
      Total change :99.999822
*******************************************
*******************************************
Number of events inspected: 740476
Number of events inspected (minus negative gen. weights): 735348.000000
 Outpt written to TTToSemiLeptonic_TuneCP5_02.root
Real time 0:06:17, CP time 236.330
