000 (6283605.000.000) 07/17 02:47:32 Job submitted from host: <144.92.181.245:9618?addrs=144.92.181.245-9618+[2607-f388-101c-1000--372]-9618&noUDP&sock=3375869_eb73_31>
...
001 (6283605.000.000) 07/17 02:49:33 Job executing on host: <144.92.180.172:9618?addrs=144.92.180.172-9618+[2607-f388-101c-1000--629]-9618&noUDP&sock=3143_6a40_3>
...
006 (6283605.000.000) 07/17 02:49:42 Image size of job updated: 299672
	189  -  MemoryUsage of job (MB)
	192764  -  ResidentSetSize of job (KB)
...
005 (6283605.000.000) 07/17 02:49:57 Job terminated.
	(1) Normal termination (return value 0)
		Usr 0 00:00:14, Sys 0 00:00:01  -  Run Remote Usage
		Usr 0 00:00:00, Sys 0 00:00:00  -  Run Local Usage
		Usr 0 00:00:14, Sys 0 00:00:01  -  Total Remote Usage
		Usr 0 00:00:00, Sys 0 00:00:00  -  Total Local Usage
	77038  -  Run Bytes Sent By Job
	71710536  -  Run Bytes Received By Job
	77038  -  Total Bytes Sent By Job
	71710536  -  Total Bytes Received By Job
	Partitionable Resources :    Usage  Request Allocated 
	   Cpus                 :        0        1         1 
	   Disk (KB)            :    70165  2048000  18992051 
	   Memory (MB)          :      189     1992      2048 
...
