All files added.
Initializing chain.
from Init MC
****************** dyjet sample found
.... MC file ..... 
Coming in: 
nentries:179829
Running over 179829 events.
Finished entry 0/179828
Finished entry 8000/179828
Finished entry 16000/179828
Finished entry 24000/179828
Finished entry 32000/179828
Finished entry 40000/179828
Finished entry 48000/179828
Finished entry 56000/179828
Finished entry 64000/179828
Finished entry 72000/179828
Finished entry 80000/179828
Finished entry 88000/179828
Finished entry 96000/179828
Finished entry 104000/179828
Finished entry 112000/179828
Finished entry 120000/179828
Finished entry 128000/179828
Finished entry 136000/179828
Finished entry 144000/179828
Finished entry 152000/179828
Finished entry 160000/179828
Finished entry 168000/179828
Finished entry 176000/179828
Finished entry 179828/179828
All events checked.
*******************************************
******************Jithin's original*************************
    Initial entries 179829.000000
   Passing smikking 0.000000
Inspected genWeightd 179827.000000   % change= 0.001112
   METFiltersPassed 175592.301527   % change= 2.354874
    SingleTrgPassed 124534.383362   % change= 29.077538
     GoodMuonPassed 109109.364241   % change= 12.386153
      GoodTauPassed 2420.912581   % change= 97.781205
         opp charge 1820.740408   % change= 24.791154
 PassedThirdLepVeto 0.000000   % change= 100.000000
     PassedBjetVeto 0.000000   % change= -nan
       DeltaRPassed 0.000000   % change= -nan
      Total change :100.000000
*******************************************
*******************************************
Number of events inspected: 179829
Number of events inspected (minus negative gen. weights): 179827.000000
 Outpt written to DY1JetsToLL_M-50_TuneCP5_04.root
Real time 0:01:32, CP time 67.840
