000 (6283637.000.000) 07/17 02:47:51 Job submitted from host: <144.92.181.245:9618?addrs=144.92.181.245-9618+[2607-f388-101c-1000--372]-9618&noUDP&sock=3375869_eb73_31>
...
001 (6283637.000.000) 07/17 02:53:29 Job executing on host: <144.92.180.110:9618?addrs=144.92.180.110-9618+[2607-f388-101c-1000--629]-9618&noUDP&sock=3434_0450_3>
...
006 (6283637.000.000) 07/17 02:53:38 Image size of job updated: 310796
	199  -  MemoryUsage of job (MB)
	203612  -  ResidentSetSize of job (KB)
...
005 (6283637.000.000) 07/17 02:54:22 Job terminated.
	(1) Normal termination (return value 0)
		Usr 0 00:00:30, Sys 0 00:00:02  -  Run Remote Usage
		Usr 0 00:00:00, Sys 0 00:00:00  -  Run Local Usage
		Usr 0 00:00:30, Sys 0 00:00:02  -  Total Remote Usage
		Usr 0 00:00:00, Sys 0 00:00:00  -  Total Local Usage
	55120  -  Run Bytes Sent By Job
	71710528  -  Run Bytes Received By Job
	55120  -  Total Bytes Sent By Job
	71710528  -  Total Bytes Received By Job
	Partitionable Resources :    Usage  Request Allocated 
	   Cpus                 :     0.62        1         1 
	   Disk (KB)            : 70144     2048000  18354912 
	   Memory (MB)          :   199        1992      2048 
...
