All files added.
Initializing chain.
from Init MC
****************** wjet sample found
.... MC file ..... 
Coming in: 
nentries:299981
Running over 299981 events.
Finished entry 0/299980
Finished entry 10000/299980
Finished entry 20000/299980
Finished entry 30000/299980
Finished entry 40000/299980
Finished entry 50000/299980
Finished entry 60000/299980
Finished entry 70000/299980
Finished entry 80000/299980
Finished entry 90000/299980
Finished entry 100000/299980
Finished entry 110000/299980
Finished entry 120000/299980
Finished entry 130000/299980
Finished entry 140000/299980
Finished entry 150000/299980
Finished entry 160000/299980
Finished entry 170000/299980
Finished entry 180000/299980
Finished entry 190000/299980
Finished entry 200000/299980
Finished entry 210000/299980
Finished entry 220000/299980
Finished entry 230000/299980
Finished entry 240000/299980
Finished entry 250000/299980
Finished entry 260000/299980
Finished entry 270000/299980
Finished entry 280000/299980
Finished entry 290000/299980
Finished entry 299980/299980
All events checked.
*******************************************
******************Jithin's original*************************
    Initial entries 299981.000000
   Passing smikking 0.000000
Inspected genWeightd 299919.000000   % change= 0.020668
   METFiltersPassed 291711.466467   % change= 2.736583
    SingleTrgPassed 177500.343049   % change= 39.152086
     GoodMuonPassed 146962.360673   % change= 17.204464
      GoodTauPassed 3411.423978   % change= 97.678709
         opp charge 2788.406161   % change= 18.262691
 PassedThirdLepVeto 0.000000   % change= 100.000000
     PassedBjetVeto 0.000000   % change= -nan
       DeltaRPassed 0.000000   % change= -nan
      Total change :100.000000
*******************************************
*******************************************
Number of events inspected: 299981
Number of events inspected (minus negative gen. weights): 299919.000000
 Outpt written to W3JetsToLNu_TuneCP5_01.root
Real time 0:02:13, CP time 81.930
