All files added.
Initializing chain.
from Init MC
.... MC file ..... 
Coming in: 
nentries:17557
Running over 17557 events.
Finished entry 0/17556
Finished entry 800/17556
Finished entry 1600/17556
Finished entry 2400/17556
Finished entry 3200/17556
Finished entry 4000/17556
Finished entry 4800/17556
Finished entry 5600/17556
Finished entry 6400/17556
Finished entry 7200/17556
Finished entry 8000/17556
Finished entry 8800/17556
Finished entry 9600/17556
Finished entry 10400/17556
Finished entry 11200/17556
Finished entry 12000/17556
Finished entry 12800/17556
Finished entry 13600/17556
Finished entry 14400/17556
Finished entry 15200/17556
Finished entry 16000/17556
Finished entry 16800/17556
Finished entry 17556/17556
All events checked.
*******************************************
******************Jithin's original*************************
    Initial entries 17557.000000
   Passing smikking 0.000000
Inspected genWeightd 15581.000000   % change= 11.254770
   METFiltersPassed 17241.078481   % change= -10.654505
    SingleTrgPassed 10600.282090   % change= 38.517291
     GoodMuonPassed 9134.336983   % change= 13.829303
      GoodTauPassed 1059.681979   % change= 88.398917
         opp charge 752.045941   % change= 29.030978
 PassedThirdLepVeto 0.000000   % change= 100.000000
     PassedBjetVeto 0.000000   % change= -nan
       DeltaRPassed 0.000000   % change= -nan
      Total change :100.000000
*******************************************
*******************************************
Number of events inspected: 17557
Number of events inspected (minus negative gen. weights): 15581.000000
 Outpt written to WWW_4F_TuneCP5_00.root
Real time 0:00:10, CP time 6.650
