All files added.
Initializing chain.
from Init MC
****************** dyjet sample found
.... MC file ..... 
Coming in: 
nentries:7006
Running over 7006 events.
Finished entry 0/7005
Finished entry 300/7005
Finished entry 600/7005
Finished entry 900/7005
Finished entry 1200/7005
Finished entry 1500/7005
Finished entry 1800/7005
Finished entry 2100/7005
Finished entry 2400/7005
Finished entry 2700/7005
Finished entry 3000/7005
Finished entry 3300/7005
Finished entry 3600/7005
Finished entry 3900/7005
Finished entry 4200/7005
Finished entry 4500/7005
Finished entry 4800/7005
Finished entry 5100/7005
Finished entry 5400/7005
Finished entry 5700/7005
Finished entry 6000/7005
Finished entry 6300/7005
Finished entry 6600/7005
Finished entry 6900/7005
Finished entry 7005/7005
All events checked.
*******************************************
******************Jithin's original*************************
    Initial entries 7006.000000
   Passing smikking 0.000000
Inspected genWeightd 7004.000000   % change= 0.028547
   METFiltersPassed 6763.715182   % change= 3.430680
    SingleTrgPassed 2530.026123   % change= 62.594136
     GoodMuonPassed 2070.927461   % change= 18.146005
      GoodTauPassed 42.175348   % change= 97.963456
         opp charge 23.422769   % change= 44.463365
 PassedThirdLepVeto 0.000000   % change= 100.000000
     PassedBjetVeto 0.000000   % change= -nan
       DeltaRPassed 0.000000   % change= -nan
      Total change :100.000000
*******************************************
*******************************************
Number of events inspected: 7006
Number of events inspected (minus negative gen. weights): 7004.000000
 Outpt written to DYJetsToLL_M-10to50_TuneCP5_02.root
Real time 0:00:05, CP time 3.780
