All files added.
Initializing chain.
from Init MC
.... MC file ..... 
Coming in: 
nentries:11892
Running over 11892 events.
Finished entry 0/11891
Finished entry 500/11891
Finished entry 1000/11891
Finished entry 1500/11891
Finished entry 2000/11891
Finished entry 2500/11891
Finished entry 3000/11891
Finished entry 3500/11891
Finished entry 4000/11891
Finished entry 4500/11891
Finished entry 5000/11891
Finished entry 5500/11891
Finished entry 6000/11891
Finished entry 6500/11891
Finished entry 7000/11891
Finished entry 7500/11891
Finished entry 8000/11891
Finished entry 8500/11891
Finished entry 9000/11891
Finished entry 9500/11891
Finished entry 10000/11891
Finished entry 10500/11891
Finished entry 11000/11891
Finished entry 11500/11891
Finished entry 11891/11891
All events checked.
*******************************************
******************Jithin's original*************************
    Initial entries 11892.000000
   Passing smikking 0.000000
Inspected genWeightd 10190.000000   % change= 14.312143
   METFiltersPassed 11628.349775   % change= -14.115307
    SingleTrgPassed 7148.009778   % change= 38.529457
     GoodMuonPassed 6393.476087   % change= 10.555857
      GoodTauPassed 565.044960   % change= 91.162164
         opp charge 365.559757   % change= 35.304306
 PassedThirdLepVeto 0.000000   % change= 100.000000
     PassedBjetVeto 0.000000   % change= -nan
       DeltaRPassed 0.000000   % change= -nan
      Total change :100.000000
*******************************************
*******************************************
Number of events inspected: 11892
Number of events inspected (minus negative gen. weights): 10190.000000
 Outpt written to ZZZ_TuneCP5_00.root
Real time 0:00:07, CP time 5.600
