000 (6283636.000.000) 07/17 02:47:51 Job submitted from host: <144.92.181.245:9618?addrs=144.92.181.245-9618+[2607-f388-101c-1000--372]-9618&noUDP&sock=3375869_eb73_31>
...
001 (6283636.000.000) 07/17 02:53:26 Job executing on host: <128.104.227.101:9618?addrs=128.104.227.101-9618+[2607-f388-101c-1000--50]-9618&noUDP&sock=3958_6ff0_3>
...
006 (6283636.000.000) 07/17 02:53:35 Image size of job updated: 314808
	201  -  MemoryUsage of job (MB)
	204864  -  ResidentSetSize of job (KB)
...
005 (6283636.000.000) 07/17 03:01:44 Job terminated.
	(1) Normal termination (return value 0)
		Usr 0 00:05:14, Sys 0 00:00:10  -  Run Remote Usage
		Usr 0 00:00:00, Sys 0 00:00:00  -  Run Local Usage
		Usr 0 00:05:14, Sys 0 00:00:10  -  Total Remote Usage
		Usr 0 00:00:00, Sys 0 00:00:00  -  Total Local Usage
	81490  -  Run Bytes Sent By Job
	71710520  -  Run Bytes Received By Job
	81490  -  Total Bytes Sent By Job
	71710520  -  Total Bytes Received By Job
	Partitionable Resources :    Usage  Request Allocated 
	   Cpus                 :     0.69        1         1 
	   Disk (KB)            : 70172     2048000  18995900 
	   Memory (MB)          :   201        1992      2048 
...
