000 (6283691.000.000) 07/17 02:48:25 Job submitted from host: <144.92.181.245:9618?addrs=144.92.181.245-9618+[2607-f388-101c-1000--372]-9618&noUDP&sock=3375869_eb73_31>
...
001 (6283691.000.000) 07/17 02:55:47 Job executing on host: <144.92.180.175:9618?addrs=144.92.180.175-9618+[2607-f388-101c-1000--629]-9618&noUDP&sock=2996_95d4_3>
...
006 (6283691.000.000) 07/17 02:55:56 Image size of job updated: 311104
	197  -  MemoryUsage of job (MB)
	201476  -  ResidentSetSize of job (KB)
...
005 (6283691.000.000) 07/17 02:56:04 Job terminated.
	(1) Normal termination (return value 0)
		Usr 0 00:00:09, Sys 0 00:00:01  -  Run Remote Usage
		Usr 0 00:00:00, Sys 0 00:00:00  -  Run Local Usage
		Usr 0 00:00:09, Sys 0 00:00:01  -  Total Remote Usage
		Usr 0 00:00:00, Sys 0 00:00:00  -  Total Local Usage
	35563  -  Run Bytes Sent By Job
	71710536  -  Run Bytes Received By Job
	35563  -  Total Bytes Sent By Job
	71710536  -  Total Bytes Received By Job
	Partitionable Resources :    Usage  Request Allocated 
	   Cpus                 :        0        1         1 
	   Disk (KB)            :    70125  2048000  18989911 
	   Memory (MB)          :      197     1992      2048 
...
