000 (6283695.000.000) 07/17 02:48:28 Job submitted from host: <144.92.181.245:9618?addrs=144.92.181.245-9618+[2607-f388-101c-1000--372]-9618&noUDP&sock=3375869_eb73_31>
...
001 (6283695.000.000) 07/17 02:55:55 Job executing on host: <128.104.227.111:9618?addrs=128.104.227.111-9618+[2607-f388-101c-1000--60]-9618&noUDP&sock=3903_b63b_3>
...
006 (6283695.000.000) 07/17 02:56:04 Image size of job updated: 315068
	201  -  MemoryUsage of job (MB)
	205320  -  ResidentSetSize of job (KB)
...
005 (6283695.000.000) 07/17 03:00:24 Job terminated.
	(1) Normal termination (return value 0)
		Usr 0 00:02:57, Sys 0 00:00:05  -  Run Remote Usage
		Usr 0 00:00:00, Sys 0 00:00:00  -  Run Local Usage
		Usr 0 00:02:57, Sys 0 00:00:05  -  Total Remote Usage
		Usr 0 00:00:00, Sys 0 00:00:00  -  Total Local Usage
	80474  -  Run Bytes Sent By Job
	71710488  -  Run Bytes Received By Job
	80474  -  Total Bytes Sent By Job
	71710488  -  Total Bytes Received By Job
	Partitionable Resources :    Usage  Request Allocated 
	   Cpus                 :     0.67        1         1 
	   Disk (KB)            : 70169     2048000  18994917 
	   Memory (MB)          :   201        1992      2048 
...
