000 (6283645.000.000) 07/17 02:47:56 Job submitted from host: <144.92.181.245:9618?addrs=144.92.181.245-9618+[2607-f388-101c-1000--372]-9618&noUDP&sock=3375869_eb73_31>
...
001 (6283645.000.000) 07/17 02:53:53 Job executing on host: <144.92.180.159:9618?addrs=144.92.180.159-9618+[2607-f388-101c-1000--629]-9618&noUDP&sock=3146_7909_3>
...
006 (6283645.000.000) 07/17 02:54:02 Image size of job updated: 312036
	199  -  MemoryUsage of job (MB)
	203460  -  ResidentSetSize of job (KB)
...
005 (6283645.000.000) 07/17 02:54:29 Job terminated.
	(1) Normal termination (return value 0)
		Usr 0 00:00:20, Sys 0 00:00:01  -  Run Remote Usage
		Usr 0 00:00:00, Sys 0 00:00:00  -  Run Local Usage
		Usr 0 00:00:20, Sys 0 00:00:01  -  Total Remote Usage
		Usr 0 00:00:00, Sys 0 00:00:00  -  Total Local Usage
	54631  -  Run Bytes Sent By Job
	71710528  -  Run Bytes Received By Job
	54631  -  Total Bytes Sent By Job
	71710528  -  Total Bytes Received By Job
	Partitionable Resources :    Usage  Request Allocated 
	   Cpus                 :     0.64        1         1 
	   Disk (KB)            : 70145     2048000  18988873 
	   Memory (MB)          :   199        1992      2048 
...
