000 (6283720.000.000) 07/17 02:48:48 Job submitted from host: <144.92.181.245:9618?addrs=144.92.181.245-9618+[2607-f388-101c-1000--372]-9618&noUDP&sock=3375869_eb73_31>
...
001 (6283720.000.000) 07/17 02:57:30 Job executing on host: <144.92.180.146:9618?addrs=144.92.180.146-9618+[2607-f388-101c-1000--629]-9618&noUDP&sock=3019_5c82_3>
...
006 (6283720.000.000) 07/17 02:57:38 Image size of job updated: 322412
	211  -  MemoryUsage of job (MB)
	216052  -  ResidentSetSize of job (KB)
...
005 (6283720.000.000) 07/17 03:01:23 Job terminated.
	(1) Normal termination (return value 0)
		Usr 0 00:03:06, Sys 0 00:00:05  -  Run Remote Usage
		Usr 0 00:00:00, Sys 0 00:00:00  -  Run Local Usage
		Usr 0 00:03:06, Sys 0 00:00:05  -  Total Remote Usage
		Usr 0 00:00:00, Sys 0 00:00:00  -  Total Local Usage
	92434  -  Run Bytes Sent By Job
	71710528  -  Run Bytes Received By Job
	92434  -  Total Bytes Sent By Job
	71710528  -  Total Bytes Received By Job
	Partitionable Resources :    Usage  Request Allocated 
	   Cpus                 :     0.83        1         1 
	   Disk (KB)            : 70182     2048000  18986148 
	   Memory (MB)          :   211        1992      2048 
...
