All files added.
Initializing chain.
from Init MC
****************** dyjet sample found
.... MC file ..... 
Coming in: 
nentries:834
Running over 834 events.
Finished entry 0/833
Finished entry 40/833
Finished entry 80/833
Finished entry 120/833
Finished entry 160/833
Finished entry 200/833
Finished entry 240/833
Finished entry 280/833
Finished entry 320/833
Finished entry 360/833
Finished entry 400/833
Finished entry 440/833
Finished entry 480/833
Finished entry 520/833
Finished entry 560/833
Finished entry 600/833
Finished entry 640/833
Finished entry 680/833
Finished entry 720/833
Finished entry 760/833
Finished entry 800/833
Finished entry 833/833
All events checked.
*******************************************
******************Jithin's original*************************
    Initial entries 834.000000
   Passing smikking 0.000000
Inspected genWeightd 834.000000   % change= 0.000000
   METFiltersPassed 798.951904   % change= 4.202410
    SingleTrgPassed 301.655145   % change= 62.243641
     GoodMuonPassed 234.287474   % change= 22.332678
      GoodTauPassed 4.269197   % change= 98.177796
         opp charge 0.000000   % change= 100.000000
 PassedThirdLepVeto 0.000000   % change= -nan
     PassedBjetVeto 0.000000   % change= -nan
       DeltaRPassed 0.000000   % change= -nan
      Total change :100.000000
*******************************************
*******************************************
Number of events inspected: 834
Number of events inspected (minus negative gen. weights): 834.000000
 Outpt written to DYJetsToLL_M-10to50_TuneCP5_04.root
Real time 0:00:02, CP time 2.020
