000 (6283612.000.000) 07/17 02:47:36 Job submitted from host: <144.92.181.245:9618?addrs=144.92.181.245-9618+[2607-f388-101c-1000--372]-9618&noUDP&sock=3375869_eb73_31>
...
001 (6283612.000.000) 07/17 02:51:01 Job executing on host: <144.92.180.146:9618?addrs=144.92.180.146-9618+[2607-f388-101c-1000--629]-9618&noUDP&sock=3019_5c82_3>
...
006 (6283612.000.000) 07/17 02:51:08 Image size of job updated: 1160
	0  -  MemoryUsage of job (MB)
	0  -  ResidentSetSize of job (KB)
...
005 (6283612.000.000) 07/17 02:51:08 Job terminated.
	(1) Normal termination (return value 0)
		Usr 0 00:00:03, Sys 0 00:00:00  -  Run Remote Usage
		Usr 0 00:00:00, Sys 0 00:00:00  -  Run Local Usage
		Usr 0 00:00:03, Sys 0 00:00:00  -  Total Remote Usage
		Usr 0 00:00:00, Sys 0 00:00:00  -  Total Local Usage
	66182  -  Run Bytes Sent By Job
	71710544  -  Run Bytes Received By Job
	66182  -  Total Bytes Sent By Job
	71710544  -  Total Bytes Received By Job
	Partitionable Resources :    Usage  Request Allocated 
	   Cpus                 :        0        1         1 
	   Disk (KB)            :    70154  2048000  18986148 
	   Memory (MB)          :        0     1992      2048 
...
