000 (6283678.000.000) 07/17 02:48:17 Job submitted from host: <144.92.181.245:9618?addrs=144.92.181.245-9618+[2607-f388-101c-1000--372]-9618&noUDP&sock=3375869_eb73_31>
...
001 (6283678.000.000) 07/17 02:55:26 Job executing on host: <144.92.181.229:9618?addrs=144.92.181.229-9618+[2607-f388-101c-1000--629]-9618&noUDP&sock=2250_e42e_3>
...
006 (6283678.000.000) 07/17 02:55:34 Image size of job updated: 246640
	217  -  MemoryUsage of job (MB)
	221936  -  ResidentSetSize of job (KB)
...
006 (6283678.000.000) 07/17 02:55:37 Image size of job updated: 246640
	217  -  MemoryUsage of job (MB)
	221952  -  ResidentSetSize of job (KB)
...
005 (6283678.000.000) 07/17 02:55:37 Job terminated.
	(1) Normal termination (return value 0)
		Usr 0 00:00:06, Sys 0 00:00:00  -  Run Remote Usage
		Usr 0 00:00:00, Sys 0 00:00:00  -  Run Local Usage
		Usr 0 00:00:06, Sys 0 00:00:00  -  Total Remote Usage
		Usr 0 00:00:00, Sys 0 00:00:00  -  Total Local Usage
	81874  -  Run Bytes Sent By Job
	71710496  -  Run Bytes Received By Job
	81874  -  Total Bytes Sent By Job
	71710496  -  Total Bytes Received By Job
	Partitionable Resources :    Usage  Request Allocated 
	   Cpus                 :     0.05        1         1 
	   Disk (KB)            : 70172     2048000  18357883 
	   Memory (MB)          :   217        1992      2048 
...
