000 (6283601.000.000) 07/17 02:47:30 Job submitted from host: <144.92.181.245:9618?addrs=144.92.181.245-9618+[2607-f388-101c-1000--372]-9618&noUDP&sock=3375869_eb73_31>
...
001 (6283601.000.000) 07/17 02:48:05 Job executing on host: <144.92.180.235:9618?addrs=144.92.180.235-9618+[2607-f388-101c-1000--629]-9618&noUDP&sock=2967_b195_3>
...
006 (6283601.000.000) 07/17 02:48:13 Image size of job updated: 302692
	189  -  MemoryUsage of job (MB)
	193396  -  ResidentSetSize of job (KB)
...
006 (6283601.000.000) 07/17 02:51:05 Image size of job updated: 302692
	189  -  MemoryUsage of job (MB)
	193400  -  ResidentSetSize of job (KB)
...
005 (6283601.000.000) 07/17 02:51:05 Job terminated.
	(1) Normal termination (return value 0)
		Usr 0 00:01:58, Sys 0 00:00:04  -  Run Remote Usage
		Usr 0 00:00:00, Sys 0 00:00:00  -  Run Local Usage
		Usr 0 00:01:58, Sys 0 00:00:04  -  Total Remote Usage
		Usr 0 00:00:00, Sys 0 00:00:00  -  Total Local Usage
	77425  -  Run Bytes Sent By Job
	71710536  -  Run Bytes Received By Job
	77425  -  Total Bytes Sent By Job
	71710536  -  Total Bytes Received By Job
	Partitionable Resources :    Usage  Request Allocated 
	   Cpus                 :     0.66        1         1 
	   Disk (KB)            : 70165     2048000  18993874 
	   Memory (MB)          :   189        1992      2048 
...
