000 (6283719.000.000) 07/17 02:48:48 Job submitted from host: <144.92.181.245:9618?addrs=144.92.181.245-9618+[2607-f388-101c-1000--372]-9618&noUDP&sock=3375869_eb73_31>
...
001 (6283719.000.000) 07/17 02:57:30 Job executing on host: <144.92.180.163:9618?addrs=144.92.180.163-9618+[2607-f388-101c-1000--629]-9618&noUDP&sock=3108_6870_3>
...
006 (6283719.000.000) 07/17 02:57:38 Image size of job updated: 326388
	216  -  MemoryUsage of job (MB)
	220424  -  ResidentSetSize of job (KB)
...
005 (6283719.000.000) 07/17 03:01:04 Job terminated.
	(1) Normal termination (return value 0)
		Usr 0 00:02:50, Sys 0 00:00:05  -  Run Remote Usage
		Usr 0 00:00:00, Sys 0 00:00:00  -  Run Local Usage
		Usr 0 00:02:50, Sys 0 00:00:05  -  Total Remote Usage
		Usr 0 00:00:00, Sys 0 00:00:00  -  Total Local Usage
	92402  -  Run Bytes Sent By Job
	71710528  -  Run Bytes Received By Job
	92402  -  Total Bytes Sent By Job
	71710528  -  Total Bytes Received By Job
	Partitionable Resources :    Usage  Request Allocated 
	   Cpus                 :     0.28        1         1 
	   Disk (KB)            : 70180     2048000  18991891 
	   Memory (MB)          :   216        1992      2048 
...
