000 (6283620.000.000) 07/17 02:47:41 Job submitted from host: <144.92.181.245:9618?addrs=144.92.181.245-9618+[2607-f388-101c-1000--372]-9618&noUDP&sock=3375869_eb73_31>
...
001 (6283620.000.000) 07/17 02:51:11 Job executing on host: <144.92.180.146:9618?addrs=144.92.180.146-9618+[2607-f388-101c-1000--629]-9618&noUDP&sock=3019_5c82_3>
...
006 (6283620.000.000) 07/17 02:51:20 Image size of job updated: 303920
	191  -  MemoryUsage of job (MB)
	195524  -  ResidentSetSize of job (KB)
...
005 (6283620.000.000) 07/17 02:53:29 Job terminated.
	(1) Normal termination (return value 0)
		Usr 0 00:01:30, Sys 0 00:00:03  -  Run Remote Usage
		Usr 0 00:00:00, Sys 0 00:00:00  -  Run Local Usage
		Usr 0 00:01:30, Sys 0 00:00:03  -  Total Remote Usage
		Usr 0 00:00:00, Sys 0 00:00:00  -  Total Local Usage
	77494  -  Run Bytes Sent By Job
	71710544  -  Run Bytes Received By Job
	77494  -  Total Bytes Sent By Job
	71710544  -  Total Bytes Received By Job
	Partitionable Resources :    Usage  Request Allocated 
	   Cpus                 :     0.69        1         1 
	   Disk (KB)            : 70168     2048000  18986148 
	   Memory (MB)          :   191        1992      2048 
...
