000 (6283599.000.000) 07/17 02:47:29 Job submitted from host: <144.92.181.245:9618?addrs=144.92.181.245-9618+[2607-f388-101c-1000--372]-9618&noUDP&sock=3375869_eb73_31>
...
001 (6283599.000.000) 07/17 02:48:05 Job executing on host: <128.104.227.112:9618?addrs=128.104.227.112-9618+[2607-f388-101c-1000--61]-9618&noUDP&sock=3924_1db8_3>
...
006 (6283599.000.000) 07/17 02:48:13 Image size of job updated: 304032
	190  -  MemoryUsage of job (MB)
	193792  -  ResidentSetSize of job (KB)
...
005 (6283599.000.000) 07/17 02:51:08 Job terminated.
	(1) Normal termination (return value 0)
		Usr 0 00:02:01, Sys 0 00:00:07  -  Run Remote Usage
		Usr 0 00:00:00, Sys 0 00:00:00  -  Run Local Usage
		Usr 0 00:02:01, Sys 0 00:00:07  -  Total Remote Usage
		Usr 0 00:00:00, Sys 0 00:00:00  -  Total Local Usage
	77252  -  Run Bytes Sent By Job
	71710536  -  Run Bytes Received By Job
	77252  -  Total Bytes Sent By Job
	71710536  -  Total Bytes Received By Job
	Partitionable Resources :    Usage  Request Allocated 
	   Cpus                 :     0.70        1         1 
	   Disk (KB)            : 70165     2048000  18999598 
	   Memory (MB)          :   190        1992      2048 
...
