000 (6283646.000.000) 07/17 02:47:57 Job submitted from host: <144.92.181.245:9618?addrs=144.92.181.245-9618+[2607-f388-101c-1000--372]-9618&noUDP&sock=3375869_eb73_31>
...
001 (6283646.000.000) 07/17 02:54:15 Job executing on host: <144.92.180.146:9618?addrs=144.92.180.146-9618+[2607-f388-101c-1000--629]-9618&noUDP&sock=3019_5c82_3>
...
006 (6283646.000.000) 07/17 02:54:24 Image size of job updated: 209452
	203  -  MemoryUsage of job (MB)
	206948  -  ResidentSetSize of job (KB)
...
005 (6283646.000.000) 07/17 03:00:13 Job terminated.
	(1) Normal termination (return value 0)
		Usr 0 00:03:52, Sys 0 00:00:08  -  Run Remote Usage
		Usr 0 00:00:00, Sys 0 00:00:00  -  Run Local Usage
		Usr 0 00:03:52, Sys 0 00:00:08  -  Total Remote Usage
		Usr 0 00:00:00, Sys 0 00:00:00  -  Total Local Usage
	82059  -  Run Bytes Sent By Job
	71710536  -  Run Bytes Received By Job
	82059  -  Total Bytes Sent By Job
	71710536  -  Total Bytes Received By Job
	Partitionable Resources :    Usage  Request Allocated 
	   Cpus                 :     0.71        1         1 
	   Disk (KB)            : 70172     2048000  18986148 
	   Memory (MB)          :   203        1992      2048 
...
