All files added.
Initializing chain.
from Init MC
.... MC file ..... 
Coming in: 
nentries:9926
Running over 9926 events.
Finished entry 0/9925
Finished entry 400/9925
Finished entry 800/9925
Finished entry 1200/9925
Finished entry 1600/9925
Finished entry 2000/9925
Finished entry 2400/9925
Finished entry 2800/9925
Finished entry 3200/9925
Finished entry 3600/9925
Finished entry 4000/9925
Finished entry 4400/9925
Finished entry 4800/9925
Finished entry 5200/9925
Finished entry 5600/9925
Finished entry 6000/9925
Finished entry 6400/9925
Finished entry 6800/9925
Finished entry 7200/9925
Finished entry 7600/9925
Finished entry 8000/9925
Finished entry 8400/9925
Finished entry 8800/9925
Finished entry 9200/9925
Finished entry 9600/9925
Finished entry 9925/9925
All events checked.
*******************************************
******************Jithin's original*************************
    Initial entries 9926.000000
   Passing smikking 0.000000
Inspected genWeightd 9920.000000   % change= 0.060447
   METFiltersPassed 9388.405220   % change= 5.358818
    SingleTrgPassed 110.847683   % change= 98.819313
     GoodMuonPassed 34.636067   % change= 68.753459
      GoodTauPassed 0.000000   % change= 100.000000
         opp charge 0.000000   % change= -nan
 PassedThirdLepVeto 0.000000   % change= -nan
     PassedBjetVeto 0.000000   % change= -nan
       DeltaRPassed 0.000000   % change= -nan
      Total change :100.000000
*******************************************
*******************************************
Number of events inspected: 9926
Number of events inspected (minus negative gen. weights): 9920.000000
 Outpt written to ZJetsToNuNu_HT-100To200_00.root
Real time 0:00:05, CP time 3.460
