All files added.
Initializing chain.
from Init MC
.... MC file ..... 
Coming in: 
nentries:740935
Running over 740935 events.
Finished entry 0/740934
Finished entry 30000/740934
Finished entry 60000/740934
Finished entry 90000/740934
Finished entry 120000/740934
Finished entry 150000/740934
Finished entry 180000/740934
Finished entry 210000/740934
Finished entry 240000/740934
Finished entry 270000/740934
Finished entry 300000/740934
Finished entry 330000/740934
Finished entry 360000/740934
Finished entry 390000/740934
Finished entry 420000/740934
Finished entry 450000/740934
Finished entry 480000/740934
Finished entry 510000/740934
Finished entry 540000/740934
Finished entry 570000/740934
Finished entry 600000/740934
Finished entry 630000/740934
Finished entry 660000/740934
Finished entry 690000/740934
Finished entry 720000/740934
Finished entry 740934/740934
All events checked.
*******************************************
******************Jithin's original*************************
    Initial entries 740935.000000
   Passing smikking 0.000000
Inspected genWeightd 735831.000000   % change= 0.688859
   METFiltersPassed 728455.283379   % change= 1.002366
    SingleTrgPassed 427419.510144   % change= 41.325223
     GoodMuonPassed 375303.503069   % change= 12.193175
      GoodTauPassed 8457.808489   % change= 97.746408
         opp charge 6448.517033   % change= 23.756644
 PassedThirdLepVeto 1.293866   % change= 99.979935
     PassedBjetVeto 1.293866   % change= 0.000000
       DeltaRPassed 1.293866   % change= 0.000000
      Total change :99.999825
*******************************************
*******************************************
Number of events inspected: 740935
Number of events inspected (minus negative gen. weights): 735831.000000
 Outpt written to TTToSemiLeptonic_TuneCP5_00.root
Real time 0:05:57, CP time 240.790
