000 (6283703.000.000) 07/17 02:48:38 Job submitted from host: <144.92.181.245:9618?addrs=144.92.181.245-9618+[2607-f388-101c-1000--372]-9618&noUDP&sock=3375869_eb73_31>
...
001 (6283703.000.000) 07/17 02:56:15 Job executing on host: <144.92.180.110:9618?addrs=144.92.180.110-9618+[2607-f388-101c-1000--629]-9618&noUDP&sock=3434_0450_3>
...
006 (6283703.000.000) 07/17 02:56:24 Image size of job updated: 363224
	251  -  MemoryUsage of job (MB)
	256212  -  ResidentSetSize of job (KB)
...
006 (6283703.000.000) 07/17 03:00:50 Image size of job updated: 363224
	251  -  MemoryUsage of job (MB)
	256216  -  ResidentSetSize of job (KB)
...
005 (6283703.000.000) 07/17 03:00:50 Job terminated.
	(1) Normal termination (return value 0)
		Usr 0 00:03:31, Sys 0 00:00:09  -  Run Remote Usage
		Usr 0 00:00:00, Sys 0 00:00:00  -  Run Local Usage
		Usr 0 00:03:31, Sys 0 00:00:09  -  Total Remote Usage
		Usr 0 00:00:00, Sys 0 00:00:00  -  Total Local Usage
	92862  -  Run Bytes Sent By Job
	71710528  -  Run Bytes Received By Job
	92862  -  Total Bytes Sent By Job
	71710528  -  Total Bytes Received By Job
	Partitionable Resources :    Usage  Request Allocated 
	   Cpus                 :     0.82        1         1 
	   Disk (KB)            : 70182     2048000  18354912 
	   Memory (MB)          :   251        1992      2048 
...
