000 (6283634.000.000) 07/17 02:47:49 Job submitted from host: <144.92.181.245:9618?addrs=144.92.181.245-9618+[2607-f388-101c-1000--372]-9618&noUDP&sock=3375869_eb73_31>
...
001 (6283634.000.000) 07/17 02:53:24 Job executing on host: <144.92.180.172:9618?addrs=144.92.180.172-9618+[2607-f388-101c-1000--629]-9618&noUDP&sock=3143_6a40_3>
...
006 (6283634.000.000) 07/17 02:53:33 Image size of job updated: 309300
	196  -  MemoryUsage of job (MB)
	200320  -  ResidentSetSize of job (KB)
...
005 (6283634.000.000) 07/17 02:56:04 Job terminated.
	(1) Normal termination (return value 0)
		Usr 0 00:01:50, Sys 0 00:00:05  -  Run Remote Usage
		Usr 0 00:00:00, Sys 0 00:00:00  -  Run Local Usage
		Usr 0 00:01:50, Sys 0 00:00:05  -  Total Remote Usage
		Usr 0 00:00:00, Sys 0 00:00:00  -  Total Local Usage
	78967  -  Run Bytes Sent By Job
	71710584  -  Run Bytes Received By Job
	78967  -  Total Bytes Sent By Job
	71710584  -  Total Bytes Received By Job
	Partitionable Resources :    Usage  Request Allocated 
	   Cpus                 :     0.28        1         1 
	   Disk (KB)            : 70169     2048000  18992051 
	   Memory (MB)          :   196        1992      2048 
...
