000 (6283631.000.000) 07/17 02:47:48 Job submitted from host: <144.92.181.245:9618?addrs=144.92.181.245-9618+[2607-f388-101c-1000--372]-9618&noUDP&sock=3375869_eb73_31>
...
001 (6283631.000.000) 07/17 02:53:24 Job executing on host: <144.92.180.146:9618?addrs=144.92.180.146-9618+[2607-f388-101c-1000--629]-9618&noUDP&sock=3019_5c82_3>
...
006 (6283631.000.000) 07/17 02:53:32 Image size of job updated: 204720
	198  -  MemoryUsage of job (MB)
	202308  -  ResidentSetSize of job (KB)
...
005 (6283631.000.000) 07/17 02:53:38 Job terminated.
	(1) Normal termination (return value 0)
		Usr 0 00:00:08, Sys 0 00:00:01  -  Run Remote Usage
		Usr 0 00:00:00, Sys 0 00:00:00  -  Run Local Usage
		Usr 0 00:00:08, Sys 0 00:00:01  -  Total Remote Usage
		Usr 0 00:00:00, Sys 0 00:00:00  -  Total Local Usage
	76551  -  Run Bytes Sent By Job
	71710536  -  Run Bytes Received By Job
	76551  -  Total Bytes Sent By Job
	71710536  -  Total Bytes Received By Job
	Partitionable Resources :    Usage  Request Allocated 
	   Cpus                 :     0.70        1         1 
	   Disk (KB)            : 70166     2048000  18986148 
	   Memory (MB)          :   198        1992      2048 
...
