000 (6283701.000.000) 07/17 02:48:31 Job submitted from host: <144.92.181.245:9618?addrs=144.92.181.245-9618+[2607-f388-101c-1000--372]-9618&noUDP&sock=3375869_eb73_31>
...
001 (6283701.000.000) 07/17 02:56:07 Job executing on host: <144.92.180.175:9618?addrs=144.92.180.175-9618+[2607-f388-101c-1000--629]-9618&noUDP&sock=2996_95d4_3>
...
006 (6283701.000.000) 07/17 02:56:15 Image size of job updated: 352212
	238  -  MemoryUsage of job (MB)
	243340  -  ResidentSetSize of job (KB)
...
005 (6283701.000.000) 07/17 02:56:25 Job terminated.
	(1) Normal termination (return value 0)
		Usr 0 00:00:10, Sys 0 00:00:01  -  Run Remote Usage
		Usr 0 00:00:00, Sys 0 00:00:00  -  Run Local Usage
		Usr 0 00:00:10, Sys 0 00:00:01  -  Total Remote Usage
		Usr 0 00:00:00, Sys 0 00:00:00  -  Total Local Usage
	76860  -  Run Bytes Sent By Job
	71710496  -  Run Bytes Received By Job
	76860  -  Total Bytes Sent By Job
	71710496  -  Total Bytes Received By Job
	Partitionable Resources :    Usage  Request Allocated 
	   Cpus                 :        0        1         1 
	   Disk (KB)            :    70165  2048000  18989911 
	   Memory (MB)          :      238     1992      2048 
...
