All files added.
Initializing chain.
from Init MC
.... MC file ..... 
Coming in: 
nentries:109580
Running over 109580 events.
Finished entry 0/109579
Finished entry 5000/109579
Finished entry 10000/109579
Finished entry 15000/109579
Finished entry 20000/109579
Finished entry 25000/109579
Finished entry 30000/109579
Finished entry 35000/109579
Finished entry 40000/109579
Finished entry 45000/109579
Finished entry 50000/109579
Finished entry 55000/109579
Finished entry 60000/109579
Finished entry 65000/109579
Finished entry 70000/109579
Finished entry 75000/109579
Finished entry 80000/109579
Finished entry 85000/109579
Finished entry 90000/109579
Finished entry 95000/109579
Finished entry 100000/109579
Finished entry 105000/109579
Finished entry 109579/109579
All events checked.
*******************************************
******************Jithin's original*************************
    Initial entries 109580.000000
   Passing smikking 0.000000
Inspected genWeightd 109580.000000   % change= 0.000000
   METFiltersPassed 105178.041588   % change= 4.017118
    SingleTrgPassed 1398.051324   % change= 98.670776
     GoodMuonPassed 547.465079   % change= 60.840845
      GoodTauPassed 17.069614   % change= 96.882063
         opp charge 7.591438   % change= 55.526597
 PassedThirdLepVeto 0.000000   % change= 100.000000
     PassedBjetVeto 0.000000   % change= -nan
       DeltaRPassed 0.000000   % change= -nan
      Total change :100.000000
*******************************************
*******************************************
Number of events inspected: 109580
Number of events inspected (minus negative gen. weights): 109580.000000
 Outpt written to TTToHadronic_TuneCP5_00.root
Real time 0:00:52, CP time 32.890
