000 (6283665.000.000) 07/17 02:48:09 Job submitted from host: <144.92.181.245:9618?addrs=144.92.181.245-9618+[2607-f388-101c-1000--372]-9618&noUDP&sock=3375869_eb73_31>
...
001 (6283665.000.000) 07/17 02:54:54 Job executing on host: <144.92.180.162:9618?addrs=144.92.180.162-9618+[2607-f388-101c-1000--629]-9618&noUDP&sock=2999_a49d_3>
...
006 (6283665.000.000) 07/17 02:55:02 Image size of job updated: 311504
	197  -  MemoryUsage of job (MB)
	201000  -  ResidentSetSize of job (KB)
...
005 (6283665.000.000) 07/17 02:55:18 Job terminated.
	(1) Normal termination (return value 0)
		Usr 0 00:00:14, Sys 0 00:00:01  -  Run Remote Usage
		Usr 0 00:00:00, Sys 0 00:00:00  -  Run Local Usage
		Usr 0 00:00:14, Sys 0 00:00:01  -  Total Remote Usage
		Usr 0 00:00:00, Sys 0 00:00:00  -  Total Local Usage
	59213  -  Run Bytes Sent By Job
	71710520  -  Run Bytes Received By Job
	59213  -  Total Bytes Sent By Job
	71710520  -  Total Bytes Received By Job
	Partitionable Resources :    Usage  Request Allocated 
	   Cpus                 :        0        1         1 
	   Disk (KB)            :    70148  2048000  18989782 
	   Memory (MB)          :      197     1992      2048 
...
