000 (6283828.000.000) 07/17 03:57:21 Job submitted from host: <144.92.181.245:9618?addrs=144.92.181.245-9618+[2607-f388-101c-1000--372]-9618&noUDP&sock=3375869_eb73_31>
...
001 (6283828.000.000) 07/17 04:02:57 Job executing on host: <128.104.227.111:9618?addrs=128.104.227.111-9618+[2607-f388-101c-1000--60]-9618&noUDP&sock=3903_b63b_3>
...
006 (6283828.000.000) 07/17 04:03:05 Image size of job updated: 342516
	228  -  MemoryUsage of job (MB)
	233092  -  ResidentSetSize of job (KB)
...
005 (6283828.000.000) 07/17 04:06:52 Job terminated.
	(1) Normal termination (return value 0)
		Usr 0 00:03:06, Sys 0 00:00:08  -  Run Remote Usage
		Usr 0 00:00:00, Sys 0 00:00:00  -  Run Local Usage
		Usr 0 00:03:06, Sys 0 00:00:08  -  Total Remote Usage
		Usr 0 00:00:00, Sys 0 00:00:00  -  Total Local Usage
	123904  -  Run Bytes Sent By Job
	71714680  -  Run Bytes Received By Job
	123904  -  Total Bytes Sent By Job
	71714680  -  Total Bytes Received By Job
	Partitionable Resources :    Usage  Request Allocated 
	   Cpus                 :     0.87        1         1 
	   Disk (KB)            : 70217     2048000  18994917 
	   Memory (MB)          :   228        1992      2048 
...
