000 (6283741.000.000) 07/17 03:56:22 Job submitted from host: <144.92.181.245:9618?addrs=144.92.181.245-9618+[2607-f388-101c-1000--372]-9618&noUDP&sock=3375869_eb73_31>
...
001 (6283741.000.000) 07/17 03:58:47 Job executing on host: <128.104.227.132:9618?addrs=128.104.227.132-9618+[2607-f388-101c-1000--79]-9618&noUDP&sock=3318_7353_3>
...
006 (6283741.000.000) 07/17 03:58:56 Image size of job updated: 305464
	190  -  MemoryUsage of job (MB)
	193764  -  ResidentSetSize of job (KB)
...
005 (6283741.000.000) 07/17 04:00:18 Job terminated.
	(1) Normal termination (return value 0)
		Usr 0 00:00:56, Sys 0 00:00:01  -  Run Remote Usage
		Usr 0 00:00:00, Sys 0 00:00:00  -  Run Local Usage
		Usr 0 00:00:56, Sys 0 00:00:01  -  Total Remote Usage
		Usr 0 00:00:00, Sys 0 00:00:00  -  Total Local Usage
	151853  -  Run Bytes Sent By Job
	71714712  -  Run Bytes Received By Job
	151853  -  Total Bytes Sent By Job
	71714712  -  Total Bytes Received By Job
	Partitionable Resources :    Usage  Request Allocated 
	   Cpus                 :     0.68        1         1 
	   Disk (KB)            : 70244     2048000  19009536 
	   Memory (MB)          :   190        1992      2048 
...
