000 (6283739.000.000) 07/17 03:56:20 Job submitted from host: <144.92.181.245:9618?addrs=144.92.181.245-9618+[2607-f388-101c-1000--372]-9618&noUDP&sock=3375869_eb73_31>
...
001 (6283739.000.000) 07/17 03:58:28 Job executing on host: <144.92.181.227:9618?addrs=144.92.181.227-9618+[2607-f388-101c-1000--629]-9618&noUDP&sock=2176_222c_3>
...
006 (6283739.000.000) 07/17 03:58:37 Image size of job updated: 305240
	191  -  MemoryUsage of job (MB)
	195188  -  ResidentSetSize of job (KB)
...
005 (6283739.000.000) 07/17 04:01:31 Job terminated.
	(1) Normal termination (return value 0)
		Usr 0 00:02:22, Sys 0 00:00:05  -  Run Remote Usage
		Usr 0 00:00:00, Sys 0 00:00:00  -  Run Local Usage
		Usr 0 00:02:22, Sys 0 00:00:05  -  Total Remote Usage
		Usr 0 00:00:00, Sys 0 00:00:00  -  Total Local Usage
	160173  -  Run Bytes Sent By Job
	71714712  -  Run Bytes Received By Job
	160173  -  Total Bytes Sent By Job
	71714712  -  Total Bytes Received By Job
	Partitionable Resources :    Usage  Request Allocated 
	   Cpus                 :     0.72        1         1 
	   Disk (KB)            : 70252     2048000  18364509 
	   Memory (MB)          :   191        1992      2048 
...
