000 (6283728.000.000) 07/17 03:56:14 Job submitted from host: <144.92.181.245:9618?addrs=144.92.181.245-9618+[2607-f388-101c-1000--372]-9618&noUDP&sock=3375869_eb73_31>
...
001 (6283728.000.000) 07/17 03:56:47 Job executing on host: <144.92.180.58:9618?addrs=144.92.180.58-9618+[2607-f388-101c-1000--629]-9618&noUDP&sock=3216_7caa_3>
...
006 (6283728.000.000) 07/17 03:56:55 Image size of job updated: 177652
	73  -  MemoryUsage of job (MB)
	74376  -  ResidentSetSize of job (KB)
...
006 (6283728.000.000) 07/17 04:01:58 Image size of job updated: 177652
	73  -  MemoryUsage of job (MB)
	74712  -  ResidentSetSize of job (KB)
...
005 (6283728.000.000) 07/17 04:01:58 Job terminated.
	(1) Normal termination (return value 0)
		Usr 0 00:04:06, Sys 0 00:00:07  -  Run Remote Usage
		Usr 0 00:00:00, Sys 0 00:00:00  -  Run Local Usage
		Usr 0 00:04:06, Sys 0 00:00:07  -  Total Remote Usage
		Usr 0 00:00:00, Sys 0 00:00:00  -  Total Local Usage
	154134  -  Run Bytes Sent By Job
	71714688  -  Run Bytes Received By Job
	154134  -  Total Bytes Sent By Job
	71714688  -  Total Bytes Received By Job
	Partitionable Resources :    Usage  Request Allocated 
	   Cpus                 :     0.83        1         1 
	   Disk (KB)            : 70244     2048000  18517468 
	   Memory (MB)          :    73        1992      2048 
...
