000 (6283747.000.000) 07/17 03:56:25 Job submitted from host: <144.92.181.245:9618?addrs=144.92.181.245-9618+[2607-f388-101c-1000--372]-9618&noUDP&sock=3375869_eb73_31>
...
001 (6283747.000.000) 07/17 03:59:25 Job executing on host: <144.92.180.103:9618?addrs=144.92.180.103-9618+[2607-f388-101c-1000--629]-9618&noUDP&sock=3428_e6be_3>
...
006 (6283747.000.000) 07/17 03:59:34 Image size of job updated: 304376
	190  -  MemoryUsage of job (MB)
	194512  -  ResidentSetSize of job (KB)
...
005 (6283747.000.000) 07/17 04:01:48 Job terminated.
	(1) Normal termination (return value 0)
		Usr 0 00:01:33, Sys 0 00:00:05  -  Run Remote Usage
		Usr 0 00:00:00, Sys 0 00:00:00  -  Run Local Usage
		Usr 0 00:01:33, Sys 0 00:00:05  -  Total Remote Usage
		Usr 0 00:00:00, Sys 0 00:00:00  -  Total Local Usage
	151422  -  Run Bytes Sent By Job
	71714696  -  Run Bytes Received By Job
	151422  -  Total Bytes Sent By Job
	71714696  -  Total Bytes Received By Job
	Partitionable Resources :    Usage  Request Allocated 
	   Cpus                 :     0.66        1         1 
	   Disk (KB)            : 70244     2048000  18356257 
	   Memory (MB)          :   190        1992      2048 
...
