000 (6283821.000.000) 07/17 03:57:11 Job submitted from host: <144.92.181.245:9618?addrs=144.92.181.245-9618+[2607-f388-101c-1000--372]-9618&noUDP&sock=3375869_eb73_31>
...
001 (6283821.000.000) 07/17 04:02:48 Job executing on host: <144.92.180.162:9618?addrs=144.92.180.162-9618+[2607-f388-101c-1000--629]-9618&noUDP&sock=2999_a49d_3>
...
006 (6283821.000.000) 07/17 04:02:57 Image size of job updated: 222320
	199  -  MemoryUsage of job (MB)
	203224  -  ResidentSetSize of job (KB)
...
005 (6283821.000.000) 07/17 04:07:12 Job terminated.
	(1) Normal termination (return value 0)
		Usr 0 00:02:50, Sys 0 00:00:08  -  Run Remote Usage
		Usr 0 00:00:00, Sys 0 00:00:00  -  Run Local Usage
		Usr 0 00:02:50, Sys 0 00:00:08  -  Total Remote Usage
		Usr 0 00:00:00, Sys 0 00:00:00  -  Total Local Usage
	155742  -  Run Bytes Sent By Job
	71714656  -  Run Bytes Received By Job
	155742  -  Total Bytes Sent By Job
	71714656  -  Total Bytes Received By Job
	Partitionable Resources :    Usage  Request Allocated 
	   Cpus                 :     0.72        1         1 
	   Disk (KB)            : 70246     2048000  18989782 
	   Memory (MB)          :   199        1992      2048 
...
