000 (6283813.000.000) 07/17 03:57:06 Job submitted from host: <144.92.181.245:9618?addrs=144.92.181.245-9618+[2607-f388-101c-1000--372]-9618&noUDP&sock=3375869_eb73_31>
...
001 (6283813.000.000) 07/17 04:02:44 Job executing on host: <144.92.181.227:9618?addrs=144.92.181.227-9618+[2607-f388-101c-1000--629]-9618&noUDP&sock=2176_222c_3>
...
006 (6283813.000.000) 07/17 04:02:51 Image size of job updated: 4024
	0  -  MemoryUsage of job (MB)
	0  -  ResidentSetSize of job (KB)
...
005 (6283813.000.000) 07/17 04:02:51 Job terminated.
	(1) Normal termination (return value 0)
		Usr 0 00:00:04, Sys 0 00:00:00  -  Run Remote Usage
		Usr 0 00:00:00, Sys 0 00:00:00  -  Run Local Usage
		Usr 0 00:00:04, Sys 0 00:00:00  -  Total Remote Usage
		Usr 0 00:00:00, Sys 0 00:00:00  -  Total Local Usage
	27486  -  Run Bytes Sent By Job
	71714688  -  Run Bytes Received By Job
	27486  -  Total Bytes Sent By Job
	71714688  -  Total Bytes Received By Job
	Partitionable Resources :    Usage  Request Allocated 
	   Cpus                 :     0.08        1         1 
	   Disk (KB)            : 70123     2048000  18364509 
	   Memory (MB)          :     0        1992      2048 
...
