000 (6283752.000.000) 07/17 03:56:28 Job submitted from host: <144.92.181.245:9618?addrs=144.92.181.245-9618+[2607-f388-101c-1000--372]-9618&noUDP&sock=3375869_eb73_31>
...
001 (6283752.000.000) 07/17 04:00:08 Job executing on host: <144.92.180.115:9618?addrs=144.92.180.115-9618+[2607-f388-101c-1000--629]-9618&noUDP&sock=3372_7d70_3>
...
006 (6283752.000.000) 07/17 04:00:17 Image size of job updated: 301464
	187  -  MemoryUsage of job (MB)
	191200  -  ResidentSetSize of job (KB)
...
005 (6283752.000.000) 07/17 04:00:52 Job terminated.
	(1) Normal termination (return value 0)
		Usr 0 00:00:30, Sys 0 00:00:01  -  Run Remote Usage
		Usr 0 00:00:00, Sys 0 00:00:00  -  Run Local Usage
		Usr 0 00:00:30, Sys 0 00:00:01  -  Total Remote Usage
		Usr 0 00:00:00, Sys 0 00:00:00  -  Total Local Usage
	151928  -  Run Bytes Sent By Job
	71714704  -  Run Bytes Received By Job
	151928  -  Total Bytes Sent By Job
	71714704  -  Total Bytes Received By Job
	Partitionable Resources :    Usage  Request Allocated 
	   Cpus                 :        0        1         1 
	   Disk (KB)            :    70242  2048000  18352029 
	   Memory (MB)          :      187     1992      2048 
...
