000 (6283782.000.000) 07/17 03:56:48 Job submitted from host: <144.92.181.245:9618?addrs=144.92.181.245-9618+[2607-f388-101c-1000--372]-9618&noUDP&sock=3375869_eb73_31>
...
001 (6283782.000.000) 07/17 04:01:36 Job executing on host: <144.92.180.175:9618?addrs=144.92.180.175-9618+[2607-f388-101c-1000--629]-9618&noUDP&sock=2996_95d4_3>
...
006 (6283782.000.000) 07/17 04:01:44 Image size of job updated: 301952
	189  -  MemoryUsage of job (MB)
	192580  -  ResidentSetSize of job (KB)
...
005 (6283782.000.000) 07/17 04:02:16 Job terminated.
	(1) Normal termination (return value 0)
		Usr 0 00:00:29, Sys 0 00:00:01  -  Run Remote Usage
		Usr 0 00:00:00, Sys 0 00:00:00  -  Run Local Usage
		Usr 0 00:00:29, Sys 0 00:00:01  -  Total Remote Usage
		Usr 0 00:00:00, Sys 0 00:00:00  -  Total Local Usage
	85391  -  Run Bytes Sent By Job
	71714672  -  Run Bytes Received By Job
	85391  -  Total Bytes Sent By Job
	71714672  -  Total Bytes Received By Job
	Partitionable Resources :    Usage  Request Allocated 
	   Cpus                 :     0.79        1         1 
	   Disk (KB)            : 70179     2048000  18989911 
	   Memory (MB)          :   189        1992      2048 
...
