000 (6283787.000.000) 07/17 03:56:51 Job submitted from host: <144.92.181.245:9618?addrs=144.92.181.245-9618+[2607-f388-101c-1000--372]-9618&noUDP&sock=3375869_eb73_31>
...
001 (6283787.000.000) 07/17 04:01:47 Job executing on host: <144.92.180.172:9618?addrs=144.92.180.172-9618+[2607-f388-101c-1000--629]-9618&noUDP&sock=3143_6a40_3>
...
006 (6283787.000.000) 07/17 04:01:55 Image size of job updated: 300780
	191  -  MemoryUsage of job (MB)
	194572  -  ResidentSetSize of job (KB)
...
005 (6283787.000.000) 07/17 04:03:48 Job terminated.
	(1) Normal termination (return value 0)
		Usr 0 00:01:20, Sys 0 00:00:04  -  Run Remote Usage
		Usr 0 00:00:00, Sys 0 00:00:00  -  Run Local Usage
		Usr 0 00:01:20, Sys 0 00:00:04  -  Total Remote Usage
		Usr 0 00:00:00, Sys 0 00:00:00  -  Total Local Usage
	98379  -  Run Bytes Sent By Job
	71714672  -  Run Bytes Received By Job
	98379  -  Total Bytes Sent By Job
	71714672  -  Total Bytes Received By Job
	Partitionable Resources :    Usage  Request Allocated 
	   Cpus                 :     0.72        1         1 
	   Disk (KB)            : 70192     2048000  18992051 
	   Memory (MB)          :   191        1992      2048 
...
