000 (6283829.000.000) 07/17 03:57:21 Job submitted from host: <144.92.181.245:9618?addrs=144.92.181.245-9618+[2607-f388-101c-1000--372]-9618&noUDP&sock=3375869_eb73_31>
...
001 (6283829.000.000) 07/17 04:02:58 Job executing on host: <144.92.180.115:9618?addrs=144.92.180.115-9618+[2607-f388-101c-1000--629]-9618&noUDP&sock=3372_7d70_3>
...
006 (6283829.000.000) 07/17 04:03:08 Image size of job updated: 351400
	237  -  MemoryUsage of job (MB)
	242264  -  ResidentSetSize of job (KB)
...
005 (6283829.000.000) 07/17 04:06:40 Job terminated.
	(1) Normal termination (return value 0)
		Usr 0 00:03:01, Sys 0 00:00:04  -  Run Remote Usage
		Usr 0 00:00:00, Sys 0 00:00:00  -  Run Local Usage
		Usr 0 00:03:01, Sys 0 00:00:04  -  Total Remote Usage
		Usr 0 00:00:00, Sys 0 00:00:00  -  Total Local Usage
	123365  -  Run Bytes Sent By Job
	71714680  -  Run Bytes Received By Job
	123365  -  Total Bytes Sent By Job
	71714680  -  Total Bytes Received By Job
	Partitionable Resources :    Usage  Request Allocated 
	   Cpus                 :     0.88        1         1 
	   Disk (KB)            : 70214     2048000  18352029 
	   Memory (MB)          :   237        1992      2048 
...
