All files added.
Initializing chain.
from Init DATA
.... DATA file ..... 
Coming in: 
nentries:1497335
Running over 1497335 events.
Finished entry 0/1497334
Finished entry 70000/1497334
Finished entry 140000/1497334
Finished entry 210000/1497334
Finished entry 280000/1497334
Finished entry 350000/1497334
Finished entry 420000/1497334
Finished entry 490000/1497334
Finished entry 560000/1497334
Finished entry 630000/1497334
Finished entry 700000/1497334
Finished entry 770000/1497334
Finished entry 840000/1497334
Finished entry 910000/1497334
Finished entry 980000/1497334
Finished entry 1050000/1497334
Finished entry 1120000/1497334
Finished entry 1190000/1497334
Finished entry 1260000/1497334
Finished entry 1330000/1497334
Finished entry 1400000/1497334
Finished entry 1470000/1497334
Finished entry 1497334/1497334
All events checked.
*******************************************
******************Jithin's original*************************
    Initial entries 1497335.000000
   Passing smikking 0.000000
Inspected genWeightd 1497335.000000   % change= 0.000000
   METFiltersPassed 1491101.000000   % change= 0.416340
    SingleTrgPassed 1287225.000000   % change= 13.672850
     GoodMuonPassed 841829.000000   % change= 34.601255
      GoodTauPassed 17501.000000   % change= 97.921074
         opp charge 13708.000000   % change= 21.673047
         after sf 1 13708.000000   % change= 21.673047
         after sf 2 0.000000   % change= 21.673047
         after sf 3 0.000000   % change= 21.673047
         after sf 4 14105.000000   % change= 21.673047
 PassedThirdLepVeto 13633.000000   % change= 0.547126
     PassedBjetVeto 12476.000000   % change= 8.486760
       DeltaRPassed 12426.000000   % change= 0.400769
      Total change :99.170126
*******************************************
*******************************************
Number of events inspected: 1497335
Number of events inspected (minus negative gen. weights): 1497335.000000
 Outpt written to SingleElectron_EraF_00.root
Real time 0:05:47, CP time 294.070
