000 (6283814.000.000) 07/17 03:57:07 Job submitted from host: <144.92.181.245:9618?addrs=144.92.181.245-9618+[2607-f388-101c-1000--372]-9618&noUDP&sock=3375869_eb73_31>
...
001 (6283814.000.000) 07/17 04:02:48 Job executing on host: <128.104.227.18:9618?addrs=128.104.227.18-9618+[2607-f388-101c-1000--629]-9618&noUDP&sock=3382_5963_3>
...
006 (6283814.000.000) 07/17 04:02:53 Image size of job updated: 1080
	0  -  MemoryUsage of job (MB)
	0  -  ResidentSetSize of job (KB)
...
005 (6283814.000.000) 07/17 04:02:53 Job terminated.
	(1) Normal termination (return value 0)
		Usr 0 00:00:01, Sys 0 00:00:00  -  Run Remote Usage
		Usr 0 00:00:00, Sys 0 00:00:00  -  Run Local Usage
		Usr 0 00:00:01, Sys 0 00:00:00  -  Total Remote Usage
		Usr 0 00:00:00, Sys 0 00:00:00  -  Total Local Usage
	9417  -  Run Bytes Sent By Job
	71714688  -  Run Bytes Received By Job
	9417  -  Total Bytes Sent By Job
	71714688  -  Total Bytes Received By Job
	Partitionable Resources :    Usage  Request Allocated 
	   Cpus                 :        0        1         1 
	   Disk (KB)            :    70103  2048000  18999133 
	   Memory (MB)          :        0     1992      2048 
...
