000 (6283788.000.000) 07/17 03:56:51 Job submitted from host: <144.92.181.245:9618?addrs=144.92.181.245-9618+[2607-f388-101c-1000--372]-9618&noUDP&sock=3375869_eb73_31>
...
001 (6283788.000.000) 07/17 04:01:48 Job executing on host: <144.92.180.167:9618?addrs=144.92.180.167-9618+[2607-f388-101c-1000--629]-9618&noUDP&sock=3068_f8a6_3>
...
006 (6283788.000.000) 07/17 04:01:56 Image size of job updated: 306292
	194  -  MemoryUsage of job (MB)
	198224  -  ResidentSetSize of job (KB)
...
005 (6283788.000.000) 07/17 04:04:42 Job terminated.
	(1) Normal termination (return value 0)
		Usr 0 00:01:50, Sys 0 00:00:06  -  Run Remote Usage
		Usr 0 00:00:00, Sys 0 00:00:00  -  Run Local Usage
		Usr 0 00:01:50, Sys 0 00:00:06  -  Total Remote Usage
		Usr 0 00:00:00, Sys 0 00:00:00  -  Total Local Usage
	108987  -  Run Bytes Sent By Job
	71714672  -  Run Bytes Received By Job
	108987  -  Total Bytes Sent By Job
	71714672  -  Total Bytes Received By Job
	Partitionable Resources :    Usage  Request Allocated 
	   Cpus                 :     0.67        1         1 
	   Disk (KB)            : 70202     2048000  18992802 
	   Memory (MB)          :   194        1992      2048 
...
