000 (6283789.000.000) 07/17 03:56:52 Job submitted from host: <144.92.181.245:9618?addrs=144.92.181.245-9618+[2607-f388-101c-1000--372]-9618&noUDP&sock=3375869_eb73_31>
...
001 (6283789.000.000) 07/17 04:01:51 Job executing on host: <144.92.180.103:9618?addrs=144.92.180.103-9618+[2607-f388-101c-1000--629]-9618&noUDP&sock=3428_e6be_3>
...
006 (6283789.000.000) 07/17 04:01:59 Image size of job updated: 272128
	159  -  MemoryUsage of job (MB)
	162620  -  ResidentSetSize of job (KB)
...
006 (6283789.000.000) 07/17 04:02:16 Image size of job updated: 272128
	162  -  MemoryUsage of job (MB)
	165084  -  ResidentSetSize of job (KB)
...
005 (6283789.000.000) 07/17 04:02:16 Job terminated.
	(1) Normal termination (return value 0)
		Usr 0 00:00:13, Sys 0 00:00:01  -  Run Remote Usage
		Usr 0 00:00:00, Sys 0 00:00:00  -  Run Local Usage
		Usr 0 00:00:13, Sys 0 00:00:01  -  Total Remote Usage
		Usr 0 00:00:00, Sys 0 00:00:00  -  Total Local Usage
	85750  -  Run Bytes Sent By Job
	71714672  -  Run Bytes Received By Job
	85750  -  Total Bytes Sent By Job
	71714672  -  Total Bytes Received By Job
	Partitionable Resources :    Usage  Request Allocated 
	   Cpus                 :        0        1         1 
	   Disk (KB)            :    70177  2048000  18356257 
	   Memory (MB)          :      162     1992      2048 
...
