000 (6283801.000.000) 07/17 03:56:59 Job submitted from host: <144.92.181.245:9618?addrs=144.92.181.245-9618+[2607-f388-101c-1000--372]-9618&noUDP&sock=3375869_eb73_31>
...
001 (6283801.000.000) 07/17 04:02:21 Job executing on host: <128.104.227.101:9618?addrs=128.104.227.101-9618+[2607-f388-101c-1000--50]-9618&noUDP&sock=3958_6ff0_3>
...
006 (6283801.000.000) 07/17 04:02:30 Image size of job updated: 261992
	205  -  MemoryUsage of job (MB)
	209632  -  ResidentSetSize of job (KB)
...
005 (6283801.000.000) 07/17 04:03:05 Job terminated.
	(1) Normal termination (return value 0)
		Usr 0 00:00:29, Sys 0 00:00:01  -  Run Remote Usage
		Usr 0 00:00:00, Sys 0 00:00:00  -  Run Local Usage
		Usr 0 00:00:29, Sys 0 00:00:01  -  Total Remote Usage
		Usr 0 00:00:00, Sys 0 00:00:00  -  Total Local Usage
	152588  -  Run Bytes Sent By Job
	71714664  -  Run Bytes Received By Job
	152588  -  Total Bytes Sent By Job
	71714664  -  Total Bytes Received By Job
	Partitionable Resources :    Usage  Request Allocated 
	   Cpus                 :     0.67        1         1 
	   Disk (KB)            : 70245     2048000  18995900 
	   Memory (MB)          :   205        1992      2048 
...
