000 (6283740.000.000) 07/17 03:56:21 Job submitted from host: <144.92.181.245:9618?addrs=144.92.181.245-9618+[2607-f388-101c-1000--372]-9618&noUDP&sock=3375869_eb73_31>
...
001 (6283740.000.000) 07/17 03:58:31 Job executing on host: <128.104.227.94:9618?addrs=128.104.227.94-9618+[2607-f388-101c-1000--629]-9618&noUDP&sock=3630_74e0_3>
...
006 (6283740.000.000) 07/17 03:58:40 Image size of job updated: 307284
	191  -  MemoryUsage of job (MB)
	195312  -  ResidentSetSize of job (KB)
...
005 (6283740.000.000) 07/17 04:00:32 Job terminated.
	(1) Normal termination (return value 0)
		Usr 0 00:01:21, Sys 0 00:00:02  -  Run Remote Usage
		Usr 0 00:00:00, Sys 0 00:00:00  -  Run Local Usage
		Usr 0 00:01:21, Sys 0 00:00:02  -  Total Remote Usage
		Usr 0 00:00:00, Sys 0 00:00:00  -  Total Local Usage
	151690  -  Run Bytes Sent By Job
	71714712  -  Run Bytes Received By Job
	151690  -  Total Bytes Sent By Job
	71714712  -  Total Bytes Received By Job
	Partitionable Resources :    Usage  Request Allocated 
	   Cpus                 :     0.69        1         1 
	   Disk (KB)            : 70244     2048000  18988614 
	   Memory (MB)          :   191        1992      2048 
...
