000 (6283757.000.000) 07/17 03:56:31 Job submitted from host: <144.92.181.245:9618?addrs=144.92.181.245-9618+[2607-f388-101c-1000--372]-9618&noUDP&sock=3375869_eb73_31>
...
001 (6283757.000.000) 07/17 04:00:34 Job executing on host: <128.104.227.103:9618?addrs=128.104.227.103-9618+[2607-f388-101c-1000--52]-9618&noUDP&sock=3904_65d3_3>
...
006 (6283757.000.000) 07/17 04:00:43 Image size of job updated: 309400
	198  -  MemoryUsage of job (MB)
	202724  -  ResidentSetSize of job (KB)
...
005 (6283757.000.000) 07/17 04:01:09 Job terminated.
	(1) Normal termination (return value 0)
		Usr 0 00:00:21, Sys 0 00:00:01  -  Run Remote Usage
		Usr 0 00:00:00, Sys 0 00:00:00  -  Run Local Usage
		Usr 0 00:00:21, Sys 0 00:00:01  -  Total Remote Usage
		Usr 0 00:00:00, Sys 0 00:00:00  -  Total Local Usage
	96262  -  Run Bytes Sent By Job
	71714744  -  Run Bytes Received By Job
	96262  -  Total Bytes Sent By Job
	71714744  -  Total Bytes Received By Job
	Partitionable Resources :    Usage  Request Allocated 
	   Cpus                 :        0        1         1 
	   Disk (KB)            :    70188  2048000  18994846 
	   Memory (MB)          :      198     1992      2048 
...
