000 (6283746.000.000) 07/17 03:56:25 Job submitted from host: <144.92.181.245:9618?addrs=144.92.181.245-9618+[2607-f388-101c-1000--372]-9618&noUDP&sock=3375869_eb73_31>
...
001 (6283746.000.000) 07/17 03:59:13 Job executing on host: <144.92.180.163:9618?addrs=144.92.180.163-9618+[2607-f388-101c-1000--629]-9618&noUDP&sock=3108_6870_3>
...
006 (6283746.000.000) 07/17 03:59:22 Image size of job updated: 302560
	189  -  MemoryUsage of job (MB)
	193388  -  ResidentSetSize of job (KB)
...
005 (6283746.000.000) 07/17 04:01:32 Job terminated.
	(1) Normal termination (return value 0)
		Usr 0 00:01:33, Sys 0 00:00:05  -  Run Remote Usage
		Usr 0 00:00:00, Sys 0 00:00:00  -  Run Local Usage
		Usr 0 00:01:33, Sys 0 00:00:05  -  Total Remote Usage
		Usr 0 00:00:00, Sys 0 00:00:00  -  Total Local Usage
	151172  -  Run Bytes Sent By Job
	71714696  -  Run Bytes Received By Job
	151172  -  Total Bytes Sent By Job
	71714696  -  Total Bytes Received By Job
	Partitionable Resources :    Usage  Request Allocated 
	   Cpus                 :     0.71        1         1 
	   Disk (KB)            : 70243     2048000  18991891 
	   Memory (MB)          :   189        1992      2048 
...
