000 (6283815.000.000) 07/17 03:57:07 Job submitted from host: <144.92.181.245:9618?addrs=144.92.181.245-9618+[2607-f388-101c-1000--372]-9618&noUDP&sock=3375869_eb73_31>
...
001 (6283815.000.000) 07/17 04:02:49 Job executing on host: <128.104.227.83:9618?addrs=128.104.227.83-9618+[2607-f388-101c-1000--629]-9618&noUDP&sock=4015_88d6_3>
...
006 (6283815.000.000) 07/17 04:02:57 Image size of job updated: 308572
	197  -  MemoryUsage of job (MB)
	200800  -  ResidentSetSize of job (KB)
...
005 (6283815.000.000) 07/17 04:03:05 Job terminated.
	(1) Normal termination (return value 0)
		Usr 0 00:00:08, Sys 0 00:00:01  -  Run Remote Usage
		Usr 0 00:00:00, Sys 0 00:00:00  -  Run Local Usage
		Usr 0 00:00:08, Sys 0 00:00:01  -  Total Remote Usage
		Usr 0 00:00:00, Sys 0 00:00:00  -  Total Local Usage
	40826  -  Run Bytes Sent By Job
	71714688  -  Run Bytes Received By Job
	40826  -  Total Bytes Sent By Job
	71714688  -  Total Bytes Received By Job
	Partitionable Resources :    Usage  Request Allocated 
	   Cpus                 :        0        1         1 
	   Disk (KB)            :    70134  2048000  18990084 
	   Memory (MB)          :      197     1992      2048 
...
