000 (6283834.000.000) 07/17 03:57:25 Job submitted from host: <144.92.181.245:9618?addrs=144.92.181.245-9618+[2607-f388-101c-1000--372]-9618&noUDP&sock=3375869_eb73_31>
...
001 (6283834.000.000) 07/17 04:03:08 Job executing on host: <128.104.227.101:9618?addrs=128.104.227.101-9618+[2607-f388-101c-1000--50]-9618&noUDP&sock=3958_6ff0_3>
...
006 (6283834.000.000) 07/17 04:03:17 Image size of job updated: 352436
	239  -  MemoryUsage of job (MB)
	243824  -  ResidentSetSize of job (KB)
...
005 (6283834.000.000) 07/17 04:07:14 Job terminated.
	(1) Normal termination (return value 0)
		Usr 0 00:03:12, Sys 0 00:00:06  -  Run Remote Usage
		Usr 0 00:00:00, Sys 0 00:00:00  -  Run Local Usage
		Usr 0 00:03:12, Sys 0 00:00:06  -  Total Remote Usage
		Usr 0 00:00:00, Sys 0 00:00:00  -  Total Local Usage
	123782  -  Run Bytes Sent By Job
	71714680  -  Run Bytes Received By Job
	123782  -  Total Bytes Sent By Job
	71714680  -  Total Bytes Received By Job
	Partitionable Resources :    Usage  Request Allocated 
	   Cpus                 :     0.85        1         1 
	   Disk (KB)            : 70215     2048000  18995900 
	   Memory (MB)          :   239        1992      2048 
...
