000 (6283797.000.000) 07/17 03:56:56 Job submitted from host: <144.92.181.245:9618?addrs=144.92.181.245-9618+[2607-f388-101c-1000--372]-9618&noUDP&sock=3375869_eb73_31>
...
001 (6283797.000.000) 07/17 04:02:19 Job executing on host: <144.92.180.110:9618?addrs=144.92.180.110-9618+[2607-f388-101c-1000--629]-9618&noUDP&sock=3434_0450_3>
...
006 (6283797.000.000) 07/17 04:02:28 Image size of job updated: 311836
	200  -  MemoryUsage of job (MB)
	204376  -  ResidentSetSize of job (KB)
...
005 (6283797.000.000) 07/17 04:02:30 Job terminated.
	(1) Normal termination (return value 0)
		Usr 0 00:00:06, Sys 0 00:00:01  -  Run Remote Usage
		Usr 0 00:00:00, Sys 0 00:00:00  -  Run Local Usage
		Usr 0 00:00:06, Sys 0 00:00:01  -  Total Remote Usage
		Usr 0 00:00:00, Sys 0 00:00:00  -  Total Local Usage
	139858  -  Run Bytes Sent By Job
	71714656  -  Run Bytes Received By Job
	139858  -  Total Bytes Sent By Job
	71714656  -  Total Bytes Received By Job
	Partitionable Resources :    Usage  Request Allocated 
	   Cpus                 :        0        1         1 
	   Disk (KB)            :    70230  2048000  18354912 
	   Memory (MB)          :      200     1992      2048 
...
