000 (6283841.000.000) 07/17 03:57:29 Job submitted from host: <144.92.181.245:9618?addrs=144.92.181.245-9618+[2607-f388-101c-1000--372]-9618&noUDP&sock=3375869_eb73_31>
...
001 (6283841.000.000) 07/17 04:03:52 Job executing on host: <144.92.180.163:9618?addrs=144.92.180.163-9618+[2607-f388-101c-1000--629]-9618&noUDP&sock=3108_6870_3>
...
006 (6283841.000.000) 07/17 04:04:01 Image size of job updated: 330156
	219  -  MemoryUsage of job (MB)
	223540  -  ResidentSetSize of job (KB)
...
005 (6283841.000.000) 07/17 04:09:41 Job terminated.
	(1) Normal termination (return value 0)
		Usr 0 00:04:41, Sys 0 00:00:13  -  Run Remote Usage
		Usr 0 00:00:00, Sys 0 00:00:00  -  Run Local Usage
		Usr 0 00:04:41, Sys 0 00:00:13  -  Total Remote Usage
		Usr 0 00:00:00, Sys 0 00:00:00  -  Total Local Usage
	123911  -  Run Bytes Sent By Job
	71714680  -  Run Bytes Received By Job
	123911  -  Total Bytes Sent By Job
	71714680  -  Total Bytes Received By Job
	Partitionable Resources :    Usage  Request Allocated 
	   Cpus                 :     0.79        1         1 
	   Disk (KB)            : 70217     2048000  18991891 
	   Memory (MB)          :   219        1992      2048 
...
