000 (6283751.000.000) 07/17 03:56:28 Job submitted from host: <144.92.181.245:9618?addrs=144.92.181.245-9618+[2607-f388-101c-1000--372]-9618&noUDP&sock=3375869_eb73_31>
...
001 (6283751.000.000) 07/17 03:59:58 Job executing on host: <144.92.180.162:9618?addrs=144.92.180.162-9618+[2607-f388-101c-1000--629]-9618&noUDP&sock=2999_a49d_3>
...
006 (6283751.000.000) 07/17 04:00:07 Image size of job updated: 299532
	188  -  MemoryUsage of job (MB)
	191884  -  ResidentSetSize of job (KB)
...
005 (6283751.000.000) 07/17 04:01:19 Job terminated.
	(1) Normal termination (return value 0)
		Usr 0 00:00:56, Sys 0 00:00:03  -  Run Remote Usage
		Usr 0 00:00:00, Sys 0 00:00:00  -  Run Local Usage
		Usr 0 00:00:56, Sys 0 00:00:03  -  Total Remote Usage
		Usr 0 00:00:00, Sys 0 00:00:00  -  Total Local Usage
	109444  -  Run Bytes Sent By Job
	71714720  -  Run Bytes Received By Job
	109444  -  Total Bytes Sent By Job
	71714720  -  Total Bytes Received By Job
	Partitionable Resources :    Usage  Request Allocated 
	   Cpus                 :     0.71        1         1 
	   Disk (KB)            : 70203     2048000  18989782 
	   Memory (MB)          :   188        1992      2048 
...
