000 (6283773.000.000) 07/17 03:56:41 Job submitted from host: <144.92.181.245:9618?addrs=144.92.181.245-9618+[2607-f388-101c-1000--372]-9618&noUDP&sock=3375869_eb73_31>
...
001 (6283773.000.000) 07/17 04:01:22 Job executing on host: <128.104.227.103:9618?addrs=128.104.227.103-9618+[2607-f388-101c-1000--52]-9618&noUDP&sock=3904_65d3_3>
...
006 (6283773.000.000) 07/17 04:01:31 Image size of job updated: 315128
	203  -  MemoryUsage of job (MB)
	206892  -  ResidentSetSize of job (KB)
...
005 (6283773.000.000) 07/17 04:07:11 Job terminated.
	(1) Normal termination (return value 0)
		Usr 0 00:03:40, Sys 0 00:00:09  -  Run Remote Usage
		Usr 0 00:00:00, Sys 0 00:00:00  -  Run Local Usage
		Usr 0 00:03:40, Sys 0 00:00:09  -  Total Remote Usage
		Usr 0 00:00:00, Sys 0 00:00:00  -  Total Local Usage
	138367  -  Run Bytes Sent By Job
	71714688  -  Run Bytes Received By Job
	138367  -  Total Bytes Sent By Job
	71714688  -  Total Bytes Received By Job
	Partitionable Resources :    Usage  Request Allocated 
	   Cpus                 :     0.69        1         1 
	   Disk (KB)            : 70231     2048000  18994846 
	   Memory (MB)          :   203        1992      2048 
...
