000 (6283753.000.000) 07/17 03:56:29 Job submitted from host: <144.92.181.245:9618?addrs=144.92.181.245-9618+[2607-f388-101c-1000--372]-9618&noUDP&sock=3375869_eb73_31>
...
001 (6283753.000.000) 07/17 04:00:20 Job executing on host: <128.104.227.132:9618?addrs=128.104.227.132-9618+[2607-f388-101c-1000--79]-9618&noUDP&sock=3318_7353_3>
...
006 (6283753.000.000) 07/17 04:00:25 Image size of job updated: 2592
	1  -  MemoryUsage of job (MB)
	4  -  ResidentSetSize of job (KB)
...
005 (6283753.000.000) 07/17 04:00:25 Job terminated.
	(1) Normal termination (return value 0)
		Usr 0 00:00:01, Sys 0 00:00:00  -  Run Remote Usage
		Usr 0 00:00:00, Sys 0 00:00:00  -  Run Local Usage
		Usr 0 00:00:01, Sys 0 00:00:00  -  Total Remote Usage
		Usr 0 00:00:00, Sys 0 00:00:00  -  Total Local Usage
	28731  -  Run Bytes Sent By Job
	71714696  -  Run Bytes Received By Job
	28731  -  Total Bytes Sent By Job
	71714696  -  Total Bytes Received By Job
	Partitionable Resources :    Usage  Request Allocated 
	   Cpus                 :        0        1         1 
	   Disk (KB)            :    70122  2048000  19009536 
	   Memory (MB)          :        1     1992      2048 
...
