000 (6283840.000.000) 07/17 03:57:29 Job submitted from host: <144.92.181.245:9618?addrs=144.92.181.245-9618+[2607-f388-101c-1000--372]-9618&noUDP&sock=3375869_eb73_31>
...
001 (6283840.000.000) 07/17 04:03:51 Job executing on host: <144.92.180.172:9618?addrs=144.92.180.172-9618+[2607-f388-101c-1000--629]-9618&noUDP&sock=3143_6a40_3>
...
006 (6283840.000.000) 07/17 04:03:59 Image size of job updated: 321980
	208  -  MemoryUsage of job (MB)
	212560  -  ResidentSetSize of job (KB)
...
005 (6283840.000.000) 07/17 04:05:49 Job terminated.
	(1) Normal termination (return value 0)
		Usr 0 00:01:33, Sys 0 00:00:03  -  Run Remote Usage
		Usr 0 00:00:00, Sys 0 00:00:00  -  Run Local Usage
		Usr 0 00:01:33, Sys 0 00:00:03  -  Total Remote Usage
		Usr 0 00:00:00, Sys 0 00:00:00  -  Total Local Usage
	122657  -  Run Bytes Sent By Job
	71714680  -  Run Bytes Received By Job
	122657  -  Total Bytes Sent By Job
	71714680  -  Total Bytes Received By Job
	Partitionable Resources :    Usage  Request Allocated 
	   Cpus                 :     0.86        1         1 
	   Disk (KB)            : 70214     2048000  18992051 
	   Memory (MB)          :   208        1992      2048 
...
