000 (6283806.000.000) 07/17 03:57:02 Job submitted from host: <144.92.181.245:9618?addrs=144.92.181.245-9618+[2607-f388-101c-1000--372]-9618&noUDP&sock=3375869_eb73_31>
...
001 (6283806.000.000) 07/17 04:02:32 Job executing on host: <144.92.180.175:9618?addrs=144.92.180.175-9618+[2607-f388-101c-1000--629]-9618&noUDP&sock=2996_95d4_3>
...
006 (6283806.000.000) 07/17 04:02:41 Image size of job updated: 311240
	199  -  MemoryUsage of job (MB)
	203280  -  ResidentSetSize of job (KB)
...
005 (6283806.000.000) 07/17 04:06:26 Job terminated.
	(1) Normal termination (return value 0)
		Usr 0 00:02:47, Sys 0 00:00:09  -  Run Remote Usage
		Usr 0 00:00:00, Sys 0 00:00:00  -  Run Local Usage
		Usr 0 00:02:47, Sys 0 00:00:09  -  Total Remote Usage
		Usr 0 00:00:00, Sys 0 00:00:00  -  Total Local Usage
	155504  -  Run Bytes Sent By Job
	71714664  -  Run Bytes Received By Job
	155504  -  Total Bytes Sent By Job
	71714664  -  Total Bytes Received By Job
	Partitionable Resources :    Usage  Request Allocated 
	   Cpus                 :     0.76        1         1 
	   Disk (KB)            : 70246     2048000  18989911 
	   Memory (MB)          :   199        1992      2048 
...
