000 (6283793.000.000) 07/17 03:56:54 Job submitted from host: <144.92.181.245:9618?addrs=144.92.181.245-9618+[2607-f388-101c-1000--372]-9618&noUDP&sock=3375869_eb73_31>
...
001 (6283793.000.000) 07/17 04:01:55 Job executing on host: <144.92.181.221:9618?addrs=144.92.181.221-9618+[2607-f388-101c-1000--629]-9618&noUDP&sock=25947_0ff2_3>
...
006 (6283793.000.000) 07/17 04:02:04 Image size of job updated: 150168
	41  -  MemoryUsage of job (MB)
	40968  -  ResidentSetSize of job (KB)
...
005 (6283793.000.000) 07/17 04:02:35 Job terminated.
	(1) Normal termination (return value 0)
		Usr 0 00:00:20, Sys 0 00:00:02  -  Run Remote Usage
		Usr 0 00:00:00, Sys 0 00:00:00  -  Run Local Usage
		Usr 0 00:00:20, Sys 0 00:00:02  -  Total Remote Usage
		Usr 0 00:00:00, Sys 0 00:00:00  -  Total Local Usage
	87929  -  Run Bytes Sent By Job
	71714672  -  Run Bytes Received By Job
	87929  -  Total Bytes Sent By Job
	71714672  -  Total Bytes Received By Job
	Partitionable Resources :    Usage  Request Allocated 
	   Cpus                 :        0        1         1 
	   Disk (KB)            :    70179  2048000  18358238 
	   Memory (MB)          :       41     1992      2048 
...
