000 (6283777.000.000) 07/17 03:56:44 Job submitted from host: <144.92.181.245:9618?addrs=144.92.181.245-9618+[2607-f388-101c-1000--372]-9618&noUDP&sock=3375869_eb73_31>
...
001 (6283777.000.000) 07/17 04:01:32 Job executing on host: <144.92.180.174:9618?addrs=144.92.180.174-9618+[2607-f388-101c-1000--629]-9618&noUDP&sock=3096_2d4d_3>
...
006 (6283777.000.000) 07/17 04:01:40 Image size of job updated: 313344
	200  -  MemoryUsage of job (MB)
	204688  -  ResidentSetSize of job (KB)
...
005 (6283777.000.000) 07/17 04:05:21 Job terminated.
	(1) Normal termination (return value 0)
		Usr 0 00:02:51, Sys 0 00:00:04  -  Run Remote Usage
		Usr 0 00:00:00, Sys 0 00:00:00  -  Run Local Usage
		Usr 0 00:02:51, Sys 0 00:00:04  -  Total Remote Usage
		Usr 0 00:00:00, Sys 0 00:00:00  -  Total Local Usage
	153112  -  Run Bytes Sent By Job
	71714648  -  Run Bytes Received By Job
	153112  -  Total Bytes Sent By Job
	71714648  -  Total Bytes Received By Job
	Partitionable Resources :    Usage  Request Allocated 
	   Cpus                 :     0.79        1         1 
	   Disk (KB)            : 70246     2048000  18993677 
	   Memory (MB)          :   200        1992      2048 
...
