000 (6283830.000.000) 07/17 03:57:22 Job submitted from host: <144.92.181.245:9618?addrs=144.92.181.245-9618+[2607-f388-101c-1000--372]-9618&noUDP&sock=3375869_eb73_31>
...
001 (6283830.000.000) 07/17 04:03:02 Job executing on host: <128.104.227.94:9618?addrs=128.104.227.94-9618+[2607-f388-101c-1000--629]-9618&noUDP&sock=3630_74e0_3>
...
006 (6283830.000.000) 07/17 04:03:11 Image size of job updated: 366164
	248  -  MemoryUsage of job (MB)
	253624  -  ResidentSetSize of job (KB)
...
006 (6283830.000.000) 07/17 04:06:16 Image size of job updated: 370868
	248  -  MemoryUsage of job (MB)
	253624  -  ResidentSetSize of job (KB)
...
005 (6283830.000.000) 07/17 04:06:16 Job terminated.
	(1) Normal termination (return value 0)
		Usr 0 00:02:35, Sys 0 00:00:03  -  Run Remote Usage
		Usr 0 00:00:00, Sys 0 00:00:00  -  Run Local Usage
		Usr 0 00:02:35, Sys 0 00:00:03  -  Total Remote Usage
		Usr 0 00:00:00, Sys 0 00:00:00  -  Total Local Usage
	123554  -  Run Bytes Sent By Job
	71714680  -  Run Bytes Received By Job
	123554  -  Total Bytes Sent By Job
	71714680  -  Total Bytes Received By Job
	Partitionable Resources :    Usage  Request Allocated 
	   Cpus                 :     0.83        1         1 
	   Disk (KB)            : 70217     2048000  18988614 
	   Memory (MB)          :   248        1992      2048 
...
