000 (6283763.000.000) 07/17 03:56:35 Job submitted from host: <144.92.181.245:9618?addrs=144.92.181.245-9618+[2607-f388-101c-1000--372]-9618&noUDP&sock=3375869_eb73_31>
...
001 (6283763.000.000) 07/17 04:00:54 Job executing on host: <144.92.180.115:9618?addrs=144.92.180.115-9618+[2607-f388-101c-1000--629]-9618&noUDP&sock=3372_7d70_3>
...
006 (6283763.000.000) 07/17 04:01:02 Image size of job updated: 310748
	199  -  MemoryUsage of job (MB)
	203052  -  ResidentSetSize of job (KB)
...
005 (6283763.000.000) 07/17 04:01:33 Job terminated.
	(1) Normal termination (return value 0)
		Usr 0 00:00:24, Sys 0 00:00:01  -  Run Remote Usage
		Usr 0 00:00:00, Sys 0 00:00:00  -  Run Local Usage
		Usr 0 00:00:24, Sys 0 00:00:01  -  Total Remote Usage
		Usr 0 00:00:00, Sys 0 00:00:00  -  Total Local Usage
	67008  -  Run Bytes Sent By Job
	71714680  -  Run Bytes Received By Job
	67008  -  Total Bytes Sent By Job
	71714680  -  Total Bytes Received By Job
	Partitionable Resources :    Usage  Request Allocated 
	   Cpus                 :        0        1         1 
	   Disk (KB)            :    70159  2048000  18352029 
	   Memory (MB)          :      199     1992      2048 
...
