All files added.
Initializing chain.
from Init MC
.... MC file ..... 
Coming in: 
nentries:673760
Running over 673760 events.
Finished entry 0/673759
Finished entry 30000/673759
Finished entry 60000/673759
Finished entry 90000/673759
Finished entry 120000/673759
Finished entry 150000/673759
Finished entry 180000/673759
Finished entry 210000/673759
Finished entry 240000/673759
Finished entry 270000/673759
Finished entry 300000/673759
Finished entry 330000/673759
Finished entry 360000/673759
Finished entry 390000/673759
Finished entry 420000/673759
Finished entry 450000/673759
Finished entry 480000/673759
Finished entry 510000/673759
Finished entry 540000/673759
Finished entry 570000/673759
Finished entry 600000/673759
Finished entry 630000/673759
Finished entry 660000/673759
Finished entry 673759/673759
All events checked.
*******************************************
******************Jithin's original*************************
    Initial entries 673760.000000
   Passing smikking 0.000000
Inspected genWeightd 404554.000000   % change= 39.955771
   METFiltersPassed 636831.537686   % change= -57.415707
    SingleTrgPassed 434349.700384   % change= 31.795196
     GoodMuonPassed 385326.947067   % change= 11.286471
      GoodTauPassed 13670.294241   % change= 96.452287
         opp charge 10609.630146   % change= 22.389160
         after sf 1 10609.630146   % change= 22.389160
         after sf 2 0.000000   % change= 22.389160
         after sf 3 0.000000   % change= 22.389160
         after sf 4 11139.036487   % change= 22.389160
 PassedThirdLepVeto 8935.647536   % change= 15.777954
     PassedBjetVeto 8088.978322   % change= 9.475186
       DeltaRPassed 7951.922548   % change= 1.694352
      Total change :98.819769
*******************************************
*******************************************
Number of events inspected: 673760
Number of events inspected (minus negative gen. weights): 404554.000000
 Outpt written to ZZTo2L2Q_00.root
Real time 0:04:55, CP time 212.180
