000 (6283786.000.000) 07/17 03:56:50 Job submitted from host: <144.92.181.245:9618?addrs=144.92.181.245-9618+[2607-f388-101c-1000--372]-9618&noUDP&sock=3375869_eb73_31>
...
001 (6283786.000.000) 07/17 04:01:45 Job executing on host: <144.92.180.163:9618?addrs=144.92.180.163-9618+[2607-f388-101c-1000--629]-9618&noUDP&sock=3108_6870_3>
...
006 (6283786.000.000) 07/17 04:01:53 Image size of job updated: 302044
	191  -  MemoryUsage of job (MB)
	194828  -  ResidentSetSize of job (KB)
...
005 (6283786.000.000) 07/17 04:03:50 Job terminated.
	(1) Normal termination (return value 0)
		Usr 0 00:01:24, Sys 0 00:00:04  -  Run Remote Usage
		Usr 0 00:00:00, Sys 0 00:00:00  -  Run Local Usage
		Usr 0 00:01:24, Sys 0 00:00:04  -  Total Remote Usage
		Usr 0 00:00:00, Sys 0 00:00:00  -  Total Local Usage
	87789  -  Run Bytes Sent By Job
	71714672  -  Run Bytes Received By Job
	87789  -  Total Bytes Sent By Job
	71714672  -  Total Bytes Received By Job
	Partitionable Resources :    Usage  Request Allocated 
	   Cpus                 :     0.72        1         1 
	   Disk (KB)            : 70182     2048000  18991891 
	   Memory (MB)          :   191        1992      2048 
...
