000 (6283750.000.000) 07/17 03:56:27 Job submitted from host: <144.92.181.245:9618?addrs=144.92.181.245-9618+[2607-f388-101c-1000--372]-9618&noUDP&sock=3375869_eb73_31>
...
001 (6283750.000.000) 07/17 03:59:56 Job executing on host: <144.92.180.174:9618?addrs=144.92.180.174-9618+[2607-f388-101c-1000--629]-9618&noUDP&sock=3096_2d4d_3>
...
006 (6283750.000.000) 07/17 04:00:05 Image size of job updated: 300660
	188  -  MemoryUsage of job (MB)
	192312  -  ResidentSetSize of job (KB)
...
005 (6283750.000.000) 07/17 04:01:30 Job terminated.
	(1) Normal termination (return value 0)
		Usr 0 00:01:00, Sys 0 00:00:02  -  Run Remote Usage
		Usr 0 00:00:00, Sys 0 00:00:00  -  Run Local Usage
		Usr 0 00:01:00, Sys 0 00:00:02  -  Total Remote Usage
		Usr 0 00:00:00, Sys 0 00:00:00  -  Total Local Usage
	109105  -  Run Bytes Sent By Job
	71714720  -  Run Bytes Received By Job
	109105  -  Total Bytes Sent By Job
	71714720  -  Total Bytes Received By Job
	Partitionable Resources :    Usage  Request Allocated 
	   Cpus                 :     0.72        1         1 
	   Disk (KB)            : 70203     2048000  18993677 
	   Memory (MB)          :   188        1992      2048 
...
