000 (6283836.000.000) 07/17 03:57:26 Job submitted from host: <144.92.181.245:9618?addrs=144.92.181.245-9618+[2607-f388-101c-1000--372]-9618&noUDP&sock=3375869_eb73_31>
...
001 (6283836.000.000) 07/17 04:03:22 Job executing on host: <144.92.180.147:9618?addrs=144.92.180.147-9618+[2607-f388-101c-1000--629]-9618&noUDP&sock=3024_ca7b_3>
...
006 (6283836.000.000) 07/17 04:03:30 Image size of job updated: 352700
	240  -  MemoryUsage of job (MB)
	245416  -  ResidentSetSize of job (KB)
...
005 (6283836.000.000) 07/17 04:08:37 Job terminated.
	(1) Normal termination (return value 0)
		Usr 0 00:04:21, Sys 0 00:00:05  -  Run Remote Usage
		Usr 0 00:00:00, Sys 0 00:00:00  -  Run Local Usage
		Usr 0 00:04:21, Sys 0 00:00:05  -  Total Remote Usage
		Usr 0 00:00:00, Sys 0 00:00:00  -  Total Local Usage
	124197  -  Run Bytes Sent By Job
	71714680  -  Run Bytes Received By Job
	124197  -  Total Bytes Sent By Job
	71714680  -  Total Bytes Received By Job
	Partitionable Resources :    Usage  Request Allocated 
	   Cpus                 :     0.84        1         1 
	   Disk (KB)            : 70215     2048000  18988674 
	   Memory (MB)          :   240        1992      2048 
...
