000 (6283783.000.000) 07/17 03:56:48 Job submitted from host: <144.92.181.245:9618?addrs=144.92.181.245-9618+[2607-f388-101c-1000--372]-9618&noUDP&sock=3375869_eb73_31>
...
001 (6283783.000.000) 07/17 04:01:37 Job executing on host: <144.92.181.227:9618?addrs=144.92.181.227-9618+[2607-f388-101c-1000--629]-9618&noUDP&sock=2176_222c_3>
...
006 (6283783.000.000) 07/17 04:01:46 Image size of job updated: 305880
	193  -  MemoryUsage of job (MB)
	196988  -  ResidentSetSize of job (KB)
...
005 (6283783.000.000) 07/17 04:02:32 Job terminated.
	(1) Normal termination (return value 0)
		Usr 0 00:00:42, Sys 0 00:00:02  -  Run Remote Usage
		Usr 0 00:00:00, Sys 0 00:00:00  -  Run Local Usage
		Usr 0 00:00:42, Sys 0 00:00:02  -  Total Remote Usage
		Usr 0 00:00:00, Sys 0 00:00:00  -  Total Local Usage
	87171  -  Run Bytes Sent By Job
	71714672  -  Run Bytes Received By Job
	87171  -  Total Bytes Sent By Job
	71714672  -  Total Bytes Received By Job
	Partitionable Resources :    Usage  Request Allocated 
	   Cpus                 :     0.62        1         1 
	   Disk (KB)            : 70179     2048000  18364509 
	   Memory (MB)          :   193        1992      2048 
...
