000 (6283755.000.000) 07/17 03:56:30 Job submitted from host: <144.92.181.245:9618?addrs=144.92.181.245-9618+[2607-f388-101c-1000--372]-9618&noUDP&sock=3375869_eb73_31>
...
001 (6283755.000.000) 07/17 04:00:36 Job executing on host: <128.104.227.111:9618?addrs=128.104.227.111-9618+[2607-f388-101c-1000--60]-9618&noUDP&sock=3903_b63b_3>
...
006 (6283755.000.000) 07/17 04:00:45 Image size of job updated: 311424
	198  -  MemoryUsage of job (MB)
	201744  -  ResidentSetSize of job (KB)
...
005 (6283755.000.000) 07/17 04:00:49 Job terminated.
	(1) Normal termination (return value 0)
		Usr 0 00:00:07, Sys 0 00:00:01  -  Run Remote Usage
		Usr 0 00:00:00, Sys 0 00:00:00  -  Run Local Usage
		Usr 0 00:00:07, Sys 0 00:00:01  -  Total Remote Usage
		Usr 0 00:00:00, Sys 0 00:00:00  -  Total Local Usage
	134817  -  Run Bytes Sent By Job
	71714688  -  Run Bytes Received By Job
	134817  -  Total Bytes Sent By Job
	71714688  -  Total Bytes Received By Job
	Partitionable Resources :    Usage  Request Allocated 
	   Cpus                 :        0        1         1 
	   Disk (KB)            :    70226  2048000  18994917 
	   Memory (MB)          :      198     1992      2048 
...
