000 (6283818.000.000) 07/17 03:57:09 Job submitted from host: <144.92.181.245:9618?addrs=144.92.181.245-9618+[2607-f388-101c-1000--372]-9618&noUDP&sock=3375869_eb73_31>
...
001 (6283818.000.000) 07/17 04:02:50 Job executing on host: <144.92.180.162:9618?addrs=144.92.180.162-9618+[2607-f388-101c-1000--629]-9618&noUDP&sock=2999_a49d_3>
...
006 (6283818.000.000) 07/17 04:02:58 Image size of job updated: 295984
	200  -  MemoryUsage of job (MB)
	204264  -  ResidentSetSize of job (KB)
...
005 (6283818.000.000) 07/17 04:07:46 Job terminated.
	(1) Normal termination (return value 0)
		Usr 0 00:03:22, Sys 0 00:00:10  -  Run Remote Usage
		Usr 0 00:00:00, Sys 0 00:00:00  -  Run Local Usage
		Usr 0 00:03:22, Sys 0 00:00:10  -  Total Remote Usage
		Usr 0 00:00:00, Sys 0 00:00:00  -  Total Local Usage
	154836  -  Run Bytes Sent By Job
	71714640  -  Run Bytes Received By Job
	154836  -  Total Bytes Sent By Job
	71714640  -  Total Bytes Received By Job
	Partitionable Resources :    Usage  Request Allocated 
	   Cpus                 :     0.76        1         1 
	   Disk (KB)            : 70247     2048000  18989782 
	   Memory (MB)          :   200        1992      2048 
...
