000 (6283758.000.000) 07/17 03:56:32 Job submitted from host: <144.92.181.245:9618?addrs=144.92.181.245-9618+[2607-f388-101c-1000--372]-9618&noUDP&sock=3375869_eb73_31>
...
001 (6283758.000.000) 07/17 04:00:36 Job executing on host: <144.92.180.147:9618?addrs=144.92.180.147-9618+[2607-f388-101c-1000--629]-9618&noUDP&sock=3024_ca7b_3>
...
006 (6283758.000.000) 07/17 04:00:44 Image size of job updated: 202948
	96  -  MemoryUsage of job (MB)
	98028  -  ResidentSetSize of job (KB)
...
006 (6283758.000.000) 07/17 04:03:19 Image size of job updated: 202948
	97  -  MemoryUsage of job (MB)
	98372  -  ResidentSetSize of job (KB)
...
005 (6283758.000.000) 07/17 04:03:19 Job terminated.
	(1) Normal termination (return value 0)
		Usr 0 00:01:50, Sys 0 00:00:03  -  Run Remote Usage
		Usr 0 00:00:00, Sys 0 00:00:00  -  Run Local Usage
		Usr 0 00:01:50, Sys 0 00:00:03  -  Total Remote Usage
		Usr 0 00:00:00, Sys 0 00:00:00  -  Total Local Usage
	143554  -  Run Bytes Sent By Job
	71714736  -  Run Bytes Received By Job
	143554  -  Total Bytes Sent By Job
	71714736  -  Total Bytes Received By Job
	Partitionable Resources :    Usage  Request Allocated 
	   Cpus                 :     0.73        1         1 
	   Disk (KB)            : 70234     2048000  18988674 
	   Memory (MB)          :    97        1992      2048 
...
