000 (3866249.000.000) 04/29 07:38:14 Job submitted from host: <144.92.180.29:9618?addrs=144.92.180.29-9618+[2607-f388-101c-1000--369]-9618&noUDP&sock=1964097_c0ff_3>
...
001 (3866249.000.000) 04/29 08:09:04 Job executing on host: <144.92.181.81:9618?addrs=144.92.181.81-9618+[2607-f388-101c-1000--629]-9618&noUDP&sock=3632_d410_3>
...
006 (3866249.000.000) 04/29 08:09:13 Image size of job updated: 138532
	33  -  MemoryUsage of job (MB)
	33768  -  ResidentSetSize of job (KB)
...
006 (3866249.000.000) 04/29 08:29:14 Image size of job updated: 641056
	532  -  MemoryUsage of job (MB)
	543780  -  ResidentSetSize of job (KB)
...
006 (3866249.000.000) 04/29 08:49:15 Image size of job updated: 641056
	536  -  MemoryUsage of job (MB)
	548756  -  ResidentSetSize of job (KB)
...
006 (3866249.000.000) 04/29 10:49:18 Image size of job updated: 641056
	537  -  MemoryUsage of job (MB)
	548868  -  ResidentSetSize of job (KB)
...
006 (3866249.000.000) 04/29 12:09:22 Image size of job updated: 641056
	537  -  MemoryUsage of job (MB)
	549728  -  ResidentSetSize of job (KB)
...
006 (3866249.000.000) 04/29 14:49:25 Image size of job updated: 641056
	538  -  MemoryUsage of job (MB)
	550048  -  ResidentSetSize of job (KB)
...
006 (3866249.000.000) 04/29 15:09:25 Image size of job updated: 641056
	540  -  MemoryUsage of job (MB)
	552540  -  ResidentSetSize of job (KB)
...
006 (3866249.000.000) 04/29 15:29:26 Image size of job updated: 641056
	543  -  MemoryUsage of job (MB)
	555012  -  ResidentSetSize of job (KB)
...
005 (3866249.000.000) 04/29 15:50:48 Job terminated.
	(1) Normal termination (return value 0)
		Usr 0 03:18:18, Sys 0 00:08:00  -  Run Remote Usage
		Usr 0 00:00:00, Sys 0 00:00:00  -  Run Local Usage
		Usr 0 03:18:18, Sys 0 00:08:00  -  Total Remote Usage
		Usr 0 00:00:00, Sys 0 00:00:00  -  Total Local Usage
	6216008192  -  Run Bytes Sent By Job
	218184  -  Run Bytes Received By Job
	6216008192  -  Total Bytes Sent By Job
	218184  -  Total Bytes Received By Job
	Partitionable Resources :      Usage  Request Allocated 
	   Cpus                 :       0.07        1         1 
	   Disk (KB)            : 6070594     2048000  18500341 
	   Memory (MB)          :     543        1992      2048 
...
