000 (3866245.000.000) 04/29 07:38:13 Job submitted from host: <144.92.180.29:9618?addrs=144.92.180.29-9618+[2607-f388-101c-1000--369]-9618&noUDP&sock=1964097_c0ff_3>
...
001 (3866245.000.000) 04/29 08:08:00 Job executing on host: <144.92.180.156:9618?addrs=144.92.180.156-9618+[2607-f388-101c-1000--629]-9618&noUDP&sock=2665_8bfb_3>
...
006 (3866245.000.000) 04/29 08:08:09 Image size of job updated: 226852
	106  -  MemoryUsage of job (MB)
	108164  -  ResidentSetSize of job (KB)
...
006 (3866245.000.000) 04/29 08:28:10 Image size of job updated: 700892
	570  -  MemoryUsage of job (MB)
	582752  -  ResidentSetSize of job (KB)
...
006 (3866245.000.000) 04/29 08:48:11 Image size of job updated: 700892
	570  -  MemoryUsage of job (MB)
	582944  -  ResidentSetSize of job (KB)
...
006 (3866245.000.000) 04/29 09:08:11 Image size of job updated: 700892
	570  -  MemoryUsage of job (MB)
	582976  -  ResidentSetSize of job (KB)
...
006 (3866245.000.000) 04/29 09:28:11 Image size of job updated: 700892
	570  -  MemoryUsage of job (MB)
	583340  -  ResidentSetSize of job (KB)
...
006 (3866245.000.000) 04/29 09:48:11 Image size of job updated: 700892
	570  -  MemoryUsage of job (MB)
	583404  -  ResidentSetSize of job (KB)
...
006 (3866245.000.000) 04/29 10:08:12 Image size of job updated: 700892
	571  -  MemoryUsage of job (MB)
	583888  -  ResidentSetSize of job (KB)
...
006 (3866245.000.000) 04/29 10:48:14 Image size of job updated: 700892
	571  -  MemoryUsage of job (MB)
	584140  -  ResidentSetSize of job (KB)
...
006 (3866245.000.000) 04/29 11:28:15 Image size of job updated: 700892
	571  -  MemoryUsage of job (MB)
	584180  -  ResidentSetSize of job (KB)
...
006 (3866245.000.000) 04/29 12:08:16 Image size of job updated: 700892
	638  -  MemoryUsage of job (MB)
	653212  -  ResidentSetSize of job (KB)
...
005 (3866245.000.000) 04/29 13:21:56 Job terminated.
	(1) Normal termination (return value 0)
		Usr 0 01:57:11, Sys 0 00:04:22  -  Run Remote Usage
		Usr 0 00:00:00, Sys 0 00:00:00  -  Run Local Usage
		Usr 0 01:57:11, Sys 0 00:04:22  -  Total Remote Usage
		Usr 0 00:00:00, Sys 0 00:00:00  -  Total Local Usage
	5330251776  -  Run Bytes Sent By Job
	218184  -  Run Bytes Received By Job
	5330251776  -  Total Bytes Sent By Job
	218184  -  Total Bytes Received By Job
	Partitionable Resources :      Usage  Request Allocated 
	   Cpus                 :       0.46        1         1 
	   Disk (KB)            : 5205599     2048000  18987912 
	   Memory (MB)          :     638        1992      2048 
...
