********** for MC *********
All files added.
Initializing chain.
from Init DATA
Coming in: 
nentries:48218725
Running over 48218725 events.
Finished entry 0/48218724
Finished entry 2000000/48218724
Finished entry 4000000/48218724
Finished entry 6000000/48218724
Finished entry 8000000/48218724
Finished entry 10000000/48218724
Finished entry 12000000/48218724
Finished entry 14000000/48218724
Finished entry 16000000/48218724
Finished entry 18000000/48218724
Finished entry 20000000/48218724
Finished entry 22000000/48218724
Finished entry 24000000/48218724
Finished entry 26000000/48218724
Finished entry 28000000/48218724
Finished entry 30000000/48218724
Finished entry 32000000/48218724
Finished entry 34000000/48218724
Finished entry 36000000/48218724
Finished entry 38000000/48218724
Finished entry 40000000/48218724
Finished entry 42000000/48218724
Finished entry 44000000/48218724
Finished entry 46000000/48218724
Finished entry 48000000/48218724
nPassedSkimmed = 1.50359e+06
Real time 6:26:15, CP time 10424.020
