000 (3866237.000.000) 04/29 07:38:10 Job submitted from host: <144.92.180.29:9618?addrs=144.92.180.29-9618+[2607-f388-101c-1000--369]-9618&noUDP&sock=1964097_c0ff_3>
...
001 (3866237.000.000) 04/29 08:06:43 Job executing on host: <128.104.227.105:9618?addrs=128.104.227.105-9618+[2607-f388-101c-1000--54]-9618&noUDP&sock=3477_82e2_3>
...
006 (3866237.000.000) 04/29 08:06:52 Image size of job updated: 128128
	54  -  MemoryUsage of job (MB)
	55036  -  ResidentSetSize of job (KB)
...
006 (3866237.000.000) 04/29 08:26:53 Image size of job updated: 593760
	580  -  MemoryUsage of job (MB)
	593200  -  ResidentSetSize of job (KB)
...
006 (3866237.000.000) 04/29 08:46:54 Image size of job updated: 595844
	580  -  MemoryUsage of job (MB)
	593808  -  ResidentSetSize of job (KB)
...
006 (3866237.000.000) 04/29 09:06:54 Image size of job updated: 595844
	581  -  MemoryUsage of job (MB)
	593940  -  ResidentSetSize of job (KB)
...
006 (3866237.000.000) 04/29 09:26:54 Image size of job updated: 596812
	581  -  MemoryUsage of job (MB)
	593988  -  ResidentSetSize of job (KB)
...
006 (3866237.000.000) 04/29 09:46:55 Image size of job updated: 596872
	581  -  MemoryUsage of job (MB)
	594104  -  ResidentSetSize of job (KB)
...
006 (3866237.000.000) 04/29 10:26:57 Image size of job updated: 596872
	581  -  MemoryUsage of job (MB)
	594272  -  ResidentSetSize of job (KB)
...
006 (3866237.000.000) 04/29 10:46:57 Image size of job updated: 596872
	581  -  MemoryUsage of job (MB)
	594280  -  ResidentSetSize of job (KB)
...
006 (3866237.000.000) 04/29 11:26:58 Image size of job updated: 596984
	581  -  MemoryUsage of job (MB)
	594292  -  ResidentSetSize of job (KB)
...
006 (3866237.000.000) 04/29 11:46:59 Image size of job updated: 596984
	581  -  MemoryUsage of job (MB)
	594300  -  ResidentSetSize of job (KB)
...
006 (3866237.000.000) 04/29 12:07:00 Image size of job updated: 596984
	581  -  MemoryUsage of job (MB)
	594312  -  ResidentSetSize of job (KB)
...
006 (3866237.000.000) 04/29 12:27:01 Image size of job updated: 598816
	581  -  MemoryUsage of job (MB)
	594312  -  ResidentSetSize of job (KB)
...
005 (3866237.000.000) 04/29 12:53:32 Job terminated.
	(1) Normal termination (return value 0)
		Usr 0 01:33:02, Sys 0 00:03:26  -  Run Remote Usage
		Usr 0 00:00:00, Sys 0 00:00:00  -  Run Local Usage
		Usr 0 01:33:02, Sys 0 00:03:26  -  Total Remote Usage
		Usr 0 00:00:00, Sys 0 00:00:00  -  Total Local Usage
	3830884608  -  Run Bytes Sent By Job
	218184  -  Run Bytes Received By Job
	3830884608  -  Total Bytes Sent By Job
	218184  -  Total Bytes Received By Job
	Partitionable Resources :      Usage  Request Allocated 
	   Cpus                 :       0.06        1         1 
	   Disk (KB)            : 3741372     2048000  18989845 
	   Memory (MB)          :     581        1992      2048 
...
