********** for MC *********
All files added.
Initializing chain.
from Init DATA
Coming in: 
nentries:43587438
Running over 43587438 events.
Finished entry 0/43587437
Finished entry 2000000/43587437
Finished entry 4000000/43587437
Finished entry 6000000/43587437
Finished entry 8000000/43587437
Finished entry 10000000/43587437
Finished entry 12000000/43587437
Finished entry 14000000/43587437
Finished entry 16000000/43587437
Finished entry 18000000/43587437
Finished entry 20000000/43587437
Finished entry 22000000/43587437
Finished entry 24000000/43587437
Finished entry 26000000/43587437
Finished entry 28000000/43587437
Finished entry 30000000/43587437
Finished entry 32000000/43587437
 file probably overwritten: stopping reporting error messages
Finished entry 34000000/43587437
Finished entry 36000000/43587437
Finished entry 38000000/43587437
Finished entry 40000000/43587437
Finished entry 42000000/43587437
nPassedSkimmed = 1.31712e+06
Real time 8:54:28, CP time 9561.870
