000 (3295108.000.000) 06/15 10:13:53 Job submitted from host: <144.92.181.244:9618?addrs=144.92.181.244-9618+[2607-f388-101c-1000--371]-9618&noUDP&sock=352010_28d7_3>
...
001 (3295108.000.000) 06/15 11:30:16 Job executing on host: <128.104.227.41:9618?addrs=128.104.227.41-9618+[2607-f388-101c-1000--629]-9618&noUDP&sock=3293_4d75_3>
...
006 (3295108.000.000) 06/15 11:30:24 Image size of job updated: 226948
	106  -  MemoryUsage of job (MB)
	107612  -  ResidentSetSize of job (KB)
...
006 (3295108.000.000) 06/15 11:50:24 Image size of job updated: 631676
	615  -  MemoryUsage of job (MB)
	629320  -  ResidentSetSize of job (KB)
...
006 (3295108.000.000) 06/15 12:10:24 Image size of job updated: 632968
	616  -  MemoryUsage of job (MB)
	630064  -  ResidentSetSize of job (KB)
...
006 (3295108.000.000) 06/15 12:30:25 Image size of job updated: 633408
	616  -  MemoryUsage of job (MB)
	630504  -  ResidentSetSize of job (KB)
...
005 (3295108.000.000) 06/15 12:45:33 Job terminated.
	(1) Normal termination (return value 0)
		Usr 0 00:27:36, Sys 0 00:01:08  -  Run Remote Usage
		Usr 0 00:00:00, Sys 0 00:00:00  -  Run Local Usage
		Usr 0 00:27:36, Sys 0 00:01:08  -  Total Remote Usage
		Usr 0 00:00:00, Sys 0 00:00:00  -  Total Local Usage
	1771898112  -  Run Bytes Sent By Job
	218247  -  Run Bytes Received By Job
	1771898112  -  Total Bytes Sent By Job
	218247  -  Total Bytes Received By Job
	Partitionable Resources :      Usage  Request Allocated 
	   Cpus                 :       0.51        1         1 
	   Disk (KB)            : 1730643     2048000  18992570 
	   Memory (MB)          :     616        1992      2048 
...
