000 (3295115.000.000) 06/15 10:13:58 Job submitted from host: <144.92.181.244:9618?addrs=144.92.181.244-9618+[2607-f388-101c-1000--371]-9618&noUDP&sock=352010_28d7_3>
...
001 (3295115.000.000) 06/15 11:34:16 Job executing on host: <144.92.181.74:9618?addrs=144.92.181.74-9618+[2607-f388-101c-1000--629]-9618&noUDP&sock=2458_8fe1_3>
...
006 (3295115.000.000) 06/15 11:34:24 Image size of job updated: 32428
	7  -  MemoryUsage of job (MB)
	6648  -  ResidentSetSize of job (KB)
...
006 (3295115.000.000) 06/15 11:54:24 Image size of job updated: 558996
	516  -  MemoryUsage of job (MB)
	527884  -  ResidentSetSize of job (KB)
...
006 (3295115.000.000) 06/15 12:54:26 Image size of job updated: 558996
	517  -  MemoryUsage of job (MB)
	528432  -  ResidentSetSize of job (KB)
...
006 (3295115.000.000) 06/15 13:14:27 Image size of job updated: 558996
	517  -  MemoryUsage of job (MB)
	529004  -  ResidentSetSize of job (KB)
...
005 (3295115.000.000) 06/15 13:15:43 Job terminated.
	(1) Normal termination (return value 0)
		Usr 0 00:46:20, Sys 0 00:02:18  -  Run Remote Usage
		Usr 0 00:00:00, Sys 0 00:00:00  -  Run Local Usage
		Usr 0 00:46:20, Sys 0 00:02:18  -  Total Remote Usage
		Usr 0 00:00:00, Sys 0 00:00:00  -  Total Local Usage
	2229729024  -  Run Bytes Sent By Job
	218247  -  Run Bytes Received By Job
	2229729024  -  Total Bytes Sent By Job
	218247  -  Total Bytes Received By Job
	Partitionable Resources :      Usage  Request Allocated 
	   Cpus                 :       0.46        1         1 
	   Disk (KB)            : 2177743     2048000  18508396 
	   Memory (MB)          :     517        1992      2048 
...
