000 (3295118.000.000) 06/15 10:13:59 Job submitted from host: <144.92.181.244:9618?addrs=144.92.181.244-9618+[2607-f388-101c-1000--371]-9618&noUDP&sock=352010_28d7_3>
...
001 (3295118.000.000) 06/15 11:36:18 Job executing on host: <144.92.180.247:9618?addrs=144.92.180.247-9618+[2607-f388-101c-1000--629]-9618&noUDP&sock=3010_3028_3>
...
006 (3295118.000.000) 06/15 11:36:27 Image size of job updated: 224856
	106  -  MemoryUsage of job (MB)
	107728  -  ResidentSetSize of job (KB)
...
006 (3295118.000.000) 06/15 11:56:28 Image size of job updated: 526300
	513  -  MemoryUsage of job (MB)
	524684  -  ResidentSetSize of job (KB)
...
006 (3295118.000.000) 06/15 12:16:28 Image size of job updated: 526300
	513  -  MemoryUsage of job (MB)
	524772  -  ResidentSetSize of job (KB)
...
006 (3295118.000.000) 06/15 12:36:28 Image size of job updated: 526300
	513  -  MemoryUsage of job (MB)
	525232  -  ResidentSetSize of job (KB)
...
006 (3295118.000.000) 06/15 13:16:30 Image size of job updated: 526340
	513  -  MemoryUsage of job (MB)
	525232  -  ResidentSetSize of job (KB)
...
006 (3295118.000.000) 06/15 13:36:31 Image size of job updated: 526344
	513  -  MemoryUsage of job (MB)
	525232  -  ResidentSetSize of job (KB)
...
005 (3295118.000.000) 06/15 13:51:19 Job terminated.
	(1) Normal termination (return value 0)
		Usr 0 00:49:38, Sys 0 00:02:10  -  Run Remote Usage
		Usr 0 00:00:00, Sys 0 00:00:00  -  Run Local Usage
		Usr 0 00:49:38, Sys 0 00:02:10  -  Total Remote Usage
		Usr 0 00:00:00, Sys 0 00:00:00  -  Total Local Usage
	3354752768  -  Run Bytes Sent By Job
	218247  -  Run Bytes Received By Job
	3354752768  -  Total Bytes Sent By Job
	218247  -  Total Bytes Received By Job
	Partitionable Resources :      Usage  Request Allocated 
	   Cpus                 :       0.04        1         1 
	   Disk (KB)            : 3276399     2048000  18994313 
	   Memory (MB)          :     513        1992      2048 
...
