000 (3295105.000.000) 06/15 10:13:52 Job submitted from host: <144.92.181.244:9618?addrs=144.92.181.244-9618+[2607-f388-101c-1000--371]-9618&noUDP&sock=352010_28d7_3>
...
001 (3295105.000.000) 06/15 11:28:48 Job executing on host: <128.104.227.43:9618?addrs=128.104.227.43-9618+[2607-f388-101c-1000--629]-9618&noUDP&sock=3253_ddab_3>
...
006 (3295105.000.000) 06/15 11:28:56 Image size of job updated: 167992
	53  -  MemoryUsage of job (MB)
	54196  -  ResidentSetSize of job (KB)
...
006 (3295105.000.000) 06/15 11:48:56 Image size of job updated: 711548
	581  -  MemoryUsage of job (MB)
	594280  -  ResidentSetSize of job (KB)
...
006 (3295105.000.000) 06/15 12:08:57 Image size of job updated: 711548
	582  -  MemoryUsage of job (MB)
	595264  -  ResidentSetSize of job (KB)
...
006 (3295105.000.000) 06/15 12:28:58 Image size of job updated: 711548
	582  -  MemoryUsage of job (MB)
	595292  -  ResidentSetSize of job (KB)
...
006 (3295105.000.000) 06/15 12:48:58 Image size of job updated: 711548
	582  -  MemoryUsage of job (MB)
	595384  -  ResidentSetSize of job (KB)
...
006 (3295105.000.000) 06/15 13:08:58 Image size of job updated: 711548
	582  -  MemoryUsage of job (MB)
	595408  -  ResidentSetSize of job (KB)
...
005 (3295105.000.000) 06/15 15:54:20 Job terminated.
	(1) Normal termination (return value 0)
		Usr 0 01:20:25, Sys 0 00:02:35  -  Run Remote Usage
		Usr 0 00:00:00, Sys 0 00:00:00  -  Run Local Usage
		Usr 0 01:20:25, Sys 0 00:02:35  -  Total Remote Usage
		Usr 0 00:00:00, Sys 0 00:00:00  -  Total Local Usage
	4749510656  -  Run Bytes Sent By Job
	218247  -  Run Bytes Received By Job
	4749510656  -  Total Bytes Sent By Job
	218247  -  Total Bytes Received By Job
	Partitionable Resources :      Usage  Request Allocated 
	   Cpus                 :       0.02        1         1 
	   Disk (KB)            : 4638467     2048000  18995455 
	   Memory (MB)          :     582        1992      2048 
...
