********** for MC *********
All files added.
Initializing chain.
from Init DATA
Coming in: 
nentries:26899734
Running over 26899734 events.
Finished entry 0/26899733
Finished entry 1000000/26899733
Finished entry 2000000/26899733
Finished entry 3000000/26899733
Finished entry 4000000/26899733
Finished entry 5000000/26899733
Finished entry 6000000/26899733
Finished entry 7000000/26899733
Finished entry 8000000/26899733
Finished entry 9000000/26899733
Finished entry 10000000/26899733
Finished entry 11000000/26899733
Finished entry 12000000/26899733
Finished entry 13000000/26899733
Finished entry 14000000/26899733
Finished entry 15000000/26899733
Finished entry 16000000/26899733
Finished entry 17000000/26899733
Finished entry 18000000/26899733
Finished entry 19000000/26899733
Finished entry 20000000/26899733
Finished entry 21000000/26899733
Finished entry 22000000/26899733
Finished entry 23000000/26899733
Finished entry 24000000/26899733
Finished entry 25000000/26899733
Finished entry 26000000/26899733
nPassedSkimmed = 1.17371e+06
Real time 2:43:40, CP time 3424.900
