000 (3295103.000.000) 06/15 10:13:51 Job submitted from host: <144.92.181.244:9618?addrs=144.92.181.244-9618+[2607-f388-101c-1000--371]-9618&noUDP&sock=352010_28d7_3>
...
001 (3295103.000.000) 06/15 11:23:37 Job executing on host: <128.104.227.88:9618?addrs=128.104.227.88-9618+[2607-f388-101c-1000--629]-9618&noUDP&sock=4007_0c14_3>
...
006 (3295103.000.000) 06/15 11:23:45 Image size of job updated: 29700
	7  -  MemoryUsage of job (MB)
	6340  -  ResidentSetSize of job (KB)
...
006 (3295103.000.000) 06/15 11:43:45 Image size of job updated: 575512
	561  -  MemoryUsage of job (MB)
	573968  -  ResidentSetSize of job (KB)
...
006 (3295103.000.000) 06/15 12:03:46 Image size of job updated: 576196
	562  -  MemoryUsage of job (MB)
	574720  -  ResidentSetSize of job (KB)
...
006 (3295103.000.000) 06/15 12:23:47 Image size of job updated: 577432
	562  -  MemoryUsage of job (MB)
	574980  -  ResidentSetSize of job (KB)
...
006 (3295103.000.000) 06/15 12:43:48 Image size of job updated: 577716
	562  -  MemoryUsage of job (MB)
	575264  -  ResidentSetSize of job (KB)
...
006 (3295103.000.000) 06/15 13:03:48 Image size of job updated: 577820
	562  -  MemoryUsage of job (MB)
	575356  -  ResidentSetSize of job (KB)
...
006 (3295103.000.000) 06/15 13:23:48 Image size of job updated: 577820
	562  -  MemoryUsage of job (MB)
	575400  -  ResidentSetSize of job (KB)
...
006 (3295103.000.000) 06/15 14:03:50 Image size of job updated: 578352
	562  -  MemoryUsage of job (MB)
	575424  -  ResidentSetSize of job (KB)
...
006 (3295103.000.000) 06/15 14:23:51 Image size of job updated: 578352
	562  -  MemoryUsage of job (MB)
	575460  -  ResidentSetSize of job (KB)
...
005 (3295103.000.000) 06/15 14:40:50 Job terminated.
	(1) Normal termination (return value 0)
		Usr 0 01:07:18, Sys 0 00:02:53  -  Run Remote Usage
		Usr 0 00:00:00, Sys 0 00:00:00  -  Run Local Usage
		Usr 0 01:07:18, Sys 0 00:02:53  -  Total Remote Usage
		Usr 0 00:00:00, Sys 0 00:00:00  -  Total Local Usage
	4219473408  -  Run Bytes Sent By Job
	218247  -  Run Bytes Received By Job
	4219473408  -  Total Bytes Sent By Job
	218247  -  Total Bytes Received By Job
	Partitionable Resources :      Usage  Request Allocated 
	   Cpus                 :       0.01        1         1 
	   Disk (KB)            : 4120853     2048000  18997884 
	   Memory (MB)          :     562        1992      2048 
...
