********** for MC *********
All files added.
Initializing chain.
from Init DATA
Coming in: 
nentries:13848278
Running over 13848278 events.
Finished entry 0/13848277
Finished entry 600000/13848277
Finished entry 1200000/13848277
Finished entry 1800000/13848277
Finished entry 2400000/13848277
Finished entry 3000000/13848277
Finished entry 3600000/13848277
Finished entry 4200000/13848277
Finished entry 4800000/13848277
Finished entry 5400000/13848277
Finished entry 6000000/13848277
Finished entry 6600000/13848277
Finished entry 7200000/13848277
Finished entry 7800000/13848277
Finished entry 8400000/13848277
Finished entry 9000000/13848277
Finished entry 9600000/13848277
Finished entry 10200000/13848277
Finished entry 10800000/13848277
Finished entry 11400000/13848277
Finished entry 12000000/13848277
Finished entry 12600000/13848277
Finished entry 13200000/13848277
Finished entry 13800000/13848277
nPassedSkimmed = 548770
Real time 1:13:38, CP time 1729.190
