000 (3295123.000.000) 06/15 10:14:02 Job submitted from host: <144.92.181.244:9618?addrs=144.92.181.244-9618+[2607-f388-101c-1000--371]-9618&noUDP&sock=352010_28d7_3>
...
001 (3295123.000.000) 06/15 11:41:23 Job executing on host: <128.104.227.38:9618?addrs=128.104.227.38-9618+[2607-f388-101c-1000--629]-9618&noUDP&sock=3274_4528_3>
...
006 (3295123.000.000) 06/15 11:41:33 Image size of job updated: 224556
	106  -  MemoryUsage of job (MB)
	107820  -  ResidentSetSize of job (KB)
...
006 (3295123.000.000) 06/15 12:01:33 Image size of job updated: 526828
	513  -  MemoryUsage of job (MB)
	525272  -  ResidentSetSize of job (KB)
...
006 (3295123.000.000) 06/15 12:21:33 Image size of job updated: 526828
	514  -  MemoryUsage of job (MB)
	525764  -  ResidentSetSize of job (KB)
...
006 (3295123.000.000) 06/15 12:41:33 Image size of job updated: 526828
	514  -  MemoryUsage of job (MB)
	525784  -  ResidentSetSize of job (KB)
...
006 (3295123.000.000) 06/15 13:01:34 Image size of job updated: 526828
	514  -  MemoryUsage of job (MB)
	525800  -  ResidentSetSize of job (KB)
...
006 (3295123.000.000) 06/15 13:21:36 Image size of job updated: 526828
	514  -  MemoryUsage of job (MB)
	525808  -  ResidentSetSize of job (KB)
...
006 (3295123.000.000) 06/15 13:41:36 Image size of job updated: 527988
	516  -  MemoryUsage of job (MB)
	527912  -  ResidentSetSize of job (KB)
...
005 (3295123.000.000) 06/15 14:32:16 Job terminated.
	(1) Normal termination (return value 0)
		Usr 0 00:54:58, Sys 0 00:01:56  -  Run Remote Usage
		Usr 0 00:00:00, Sys 0 00:00:00  -  Run Local Usage
		Usr 0 00:54:58, Sys 0 00:01:56  -  Total Remote Usage
		Usr 0 00:00:00, Sys 0 00:00:00  -  Total Local Usage
	4205030656  -  Run Bytes Sent By Job
	218247  -  Run Bytes Received By Job
	4205030656  -  Total Bytes Sent By Job
	218247  -  Total Bytes Received By Job
	Partitionable Resources :      Usage  Request Allocated 
	   Cpus                 :       0.02        1         1 
	   Disk (KB)            : 4106751     2048000  18996680 
	   Memory (MB)          :     516        1992      2048 
...
