********** for MC *********
All files added.
Initializing chain.
from Init DATA
Coming in: 
nentries:32707447
Running over 32707447 events.
Finished entry 0/32707446
Finished entry 1000000/32707446
Finished entry 2000000/32707446
Finished entry 3000000/32707446
Finished entry 4000000/32707446
Finished entry 5000000/32707446
Finished entry 6000000/32707446
Finished entry 7000000/32707446
Finished entry 8000000/32707446
Finished entry 9000000/32707446
Finished entry 10000000/32707446
Finished entry 11000000/32707446
Finished entry 12000000/32707446
Finished entry 13000000/32707446
Finished entry 14000000/32707446
Finished entry 15000000/32707446
Finished entry 16000000/32707446
Finished entry 17000000/32707446
Finished entry 18000000/32707446
Finished entry 19000000/32707446
Finished entry 20000000/32707446
Finished entry 21000000/32707446
Finished entry 22000000/32707446
Finished entry 23000000/32707446
Finished entry 24000000/32707446
Finished entry 25000000/32707446
Finished entry 26000000/32707446
Finished entry 27000000/32707446
Finished entry 28000000/32707446
Finished entry 29000000/32707446
Finished entry 30000000/32707446
Finished entry 31000000/32707446
Finished entry 32000000/32707446
nPassedSkimmed = 1.37959e+06
Real time 3:21:41, CP time 4379.580
