000 (3295107.000.000) 06/15 10:13:53 Job submitted from host: <144.92.181.244:9618?addrs=144.92.181.244-9618+[2607-f388-101c-1000--371]-9618&noUDP&sock=352010_28d7_3>
...
001 (3295107.000.000) 06/15 11:30:16 Job executing on host: <144.92.180.145:9618?addrs=144.92.180.145-9618+[2607-f388-101c-1000--629]-9618&noUDP&sock=3038_64cf_3>
...
006 (3295107.000.000) 06/15 11:30:25 Image size of job updated: 218716
	100  -  MemoryUsage of job (MB)
	102088  -  ResidentSetSize of job (KB)
...
006 (3295107.000.000) 06/15 11:50:26 Image size of job updated: 604204
	558  -  MemoryUsage of job (MB)
	570712  -  ResidentSetSize of job (KB)
...
006 (3295107.000.000) 06/15 12:10:27 Image size of job updated: 604204
	558  -  MemoryUsage of job (MB)
	571256  -  ResidentSetSize of job (KB)
...
005 (3295107.000.000) 06/15 12:29:22 Job terminated.
	(1) Normal termination (return value 0)
		Usr 0 00:24:03, Sys 0 00:01:02  -  Run Remote Usage
		Usr 0 00:00:00, Sys 0 00:00:00  -  Run Local Usage
		Usr 0 00:24:03, Sys 0 00:01:02  -  Total Remote Usage
		Usr 0 00:00:00, Sys 0 00:00:00  -  Total Local Usage
	1290822400  -  Run Bytes Sent By Job
	218247  -  Run Bytes Received By Job
	1290822400  -  Total Bytes Sent By Job
	218247  -  Total Bytes Received By Job
	Partitionable Resources :      Usage  Request Allocated 
	   Cpus                 :       0.13        1         1 
	   Disk (KB)            : 1260842     2048000  18991850 
	   Memory (MB)          :     558        1992      2048 
...
