000 (3295117.000.000) 06/15 10:13:59 Job submitted from host: <144.92.181.244:9618?addrs=144.92.181.244-9618+[2607-f388-101c-1000--371]-9618&noUDP&sock=352010_28d7_3>
...
001 (3295117.000.000) 06/15 11:36:13 Job executing on host: <128.104.227.26:9618?addrs=128.104.227.26-9618+[2607-f388-101c-1000--629]-9618&noUDP&sock=3266_c867_3>
...
006 (3295117.000.000) 06/15 11:36:21 Image size of job updated: 223944
	106  -  MemoryUsage of job (MB)
	107752  -  ResidentSetSize of job (KB)
...
006 (3295117.000.000) 06/15 11:56:21 Image size of job updated: 601528
	558  -  MemoryUsage of job (MB)
	570468  -  ResidentSetSize of job (KB)
...
006 (3295117.000.000) 06/15 12:16:21 Image size of job updated: 601528
	558  -  MemoryUsage of job (MB)
	570764  -  ResidentSetSize of job (KB)
...
006 (3295117.000.000) 06/15 12:36:22 Image size of job updated: 601528
	558  -  MemoryUsage of job (MB)
	570800  -  ResidentSetSize of job (KB)
...
006 (3295117.000.000) 06/15 12:56:24 Image size of job updated: 601528
	558  -  MemoryUsage of job (MB)
	570820  -  ResidentSetSize of job (KB)
...
006 (3295117.000.000) 06/15 13:36:24 Image size of job updated: 601528
	558  -  MemoryUsage of job (MB)
	570888  -  ResidentSetSize of job (KB)
...
006 (3295117.000.000) 06/15 13:56:24 Image size of job updated: 601528
	558  -  MemoryUsage of job (MB)
	570892  -  ResidentSetSize of job (KB)
...
006 (3295117.000.000) 06/15 14:16:25 Image size of job updated: 601528
	558  -  MemoryUsage of job (MB)
	571320  -  ResidentSetSize of job (KB)
...
005 (3295117.000.000) 06/15 14:37:54 Job terminated.
	(1) Normal termination (return value 0)
		Usr 0 00:52:16, Sys 0 00:02:06  -  Run Remote Usage
		Usr 0 00:00:00, Sys 0 00:00:00  -  Run Local Usage
		Usr 0 00:52:16, Sys 0 00:02:06  -  Total Remote Usage
		Usr 0 00:00:00, Sys 0 00:00:00  -  Total Local Usage
	3657572864  -  Run Bytes Sent By Job
	218247  -  Run Bytes Received By Job
	3657572864  -  Total Bytes Sent By Job
	218247  -  Total Bytes Received By Job
	Partitionable Resources :    Usage  Request Allocated 
	   Cpus                 :        0        1         1 
	   Disk (KB)            :  3572124  2048000  18997324 
	   Memory (MB)          :      558     1992      2048 
...
