000 (3295124.000.000) 06/15 10:14:03 Job submitted from host: <144.92.181.244:9618?addrs=144.92.181.244-9618+[2607-f388-101c-1000--371]-9618&noUDP&sock=352010_28d7_3>
...
001 (3295124.000.000) 06/15 11:42:46 Job executing on host: <144.92.181.140:9618?addrs=144.92.181.140-9618+[2607-f388-101c-1000--629]-9618&noUDP&sock=3044_8260_3>
...
006 (3295124.000.000) 06/15 11:42:55 Image size of job updated: 41684
	14  -  MemoryUsage of job (MB)
	14028  -  ResidentSetSize of job (KB)
...
006 (3295124.000.000) 06/15 12:02:56 Image size of job updated: 516848
	505  -  MemoryUsage of job (MB)
	516452  -  ResidentSetSize of job (KB)
...
006 (3295124.000.000) 06/15 12:22:57 Image size of job updated: 517292
	506  -  MemoryUsage of job (MB)
	517292  -  ResidentSetSize of job (KB)
...
006 (3295124.000.000) 06/15 13:02:57 Image size of job updated: 518364
	506  -  MemoryUsage of job (MB)
	517836  -  ResidentSetSize of job (KB)
...
006 (3295124.000.000) 06/15 13:22:57 Image size of job updated: 518648
	506  -  MemoryUsage of job (MB)
	518124  -  ResidentSetSize of job (KB)
...
006 (3295124.000.000) 06/15 13:42:58 Image size of job updated: 521152
	509  -  MemoryUsage of job (MB)
	520648  -  ResidentSetSize of job (KB)
...
005 (3295124.000.000) 06/15 14:13:31 Job terminated.
	(1) Normal termination (return value 0)
		Usr 0 00:54:40, Sys 0 00:02:06  -  Run Remote Usage
		Usr 0 00:00:00, Sys 0 00:00:00  -  Run Local Usage
		Usr 0 00:54:40, Sys 0 00:02:06  -  Total Remote Usage
		Usr 0 00:00:00, Sys 0 00:00:00  -  Total Local Usage
	3974903296  -  Run Bytes Sent By Job
	218247  -  Run Bytes Received By Job
	3974903296  -  Total Bytes Sent By Job
	218247  -  Total Bytes Received By Job
	Partitionable Resources :      Usage  Request Allocated 
	   Cpus                 :       0.49        1         1 
	   Disk (KB)            : 3882017     2048000  18986158 
	   Memory (MB)          :     509        1992      2048 
...
