********** for MC *********
All files added.
Initializing chain.
from Init DATA
Coming in: 
nentries:25869006
Running over 25869006 events.
Finished entry 0/25869005
Finished entry 1000000/25869005
Finished entry 2000000/25869005
Finished entry 3000000/25869005
Finished entry 4000000/25869005
Finished entry 5000000/25869005
Finished entry 6000000/25869005
Finished entry 7000000/25869005
Finished entry 8000000/25869005
Finished entry 9000000/25869005
Finished entry 10000000/25869005
Finished entry 11000000/25869005
Finished entry 12000000/25869005
Finished entry 13000000/25869005
Finished entry 14000000/25869005
Finished entry 15000000/25869005
Finished entry 16000000/25869005
Finished entry 17000000/25869005
Finished entry 18000000/25869005
Finished entry 19000000/25869005
Finished entry 20000000/25869005
Finished entry 21000000/25869005
Finished entry 22000000/25869005
Finished entry 23000000/25869005
Finished entry 24000000/25869005
Finished entry 25000000/25869005
nPassedSkimmed = 887473
Real time 2:03:56, CP time 3096.550
