000 (3295104.000.000) 06/15 10:13:51 Job submitted from host: <144.92.181.244:9618?addrs=144.92.181.244-9618+[2607-f388-101c-1000--371]-9618&noUDP&sock=352010_28d7_3>
...
001 (3295104.000.000) 06/15 11:24:50 Job executing on host: <128.104.227.103:9618?addrs=128.104.227.103-9618+[2607-f388-101c-1000--52]-9618&noUDP&sock=3904_65d3_3>
...
006 (3295104.000.000) 06/15 11:24:58 Image size of job updated: 224224
	106  -  MemoryUsage of job (MB)
	107892  -  ResidentSetSize of job (KB)
...
006 (3295104.000.000) 06/15 11:44:58 Image size of job updated: 740560
	609  -  MemoryUsage of job (MB)
	623480  -  ResidentSetSize of job (KB)
...
006 (3295104.000.000) 06/15 12:04:58 Image size of job updated: 740560
	610  -  MemoryUsage of job (MB)
	623936  -  ResidentSetSize of job (KB)
...
006 (3295104.000.000) 06/15 12:24:59 Image size of job updated: 740560
	610  -  MemoryUsage of job (MB)
	623980  -  ResidentSetSize of job (KB)
...
006 (3295104.000.000) 06/15 12:45:00 Image size of job updated: 740560
	610  -  MemoryUsage of job (MB)
	624000  -  ResidentSetSize of job (KB)
...
006 (3295104.000.000) 06/15 13:05:01 Image size of job updated: 740560
	610  -  MemoryUsage of job (MB)
	624048  -  ResidentSetSize of job (KB)
...
006 (3295104.000.000) 06/15 13:25:01 Image size of job updated: 740560
	613  -  MemoryUsage of job (MB)
	626984  -  ResidentSetSize of job (KB)
...
006 (3295104.000.000) 06/15 13:45:01 Image size of job updated: 740560
	613  -  MemoryUsage of job (MB)
	627228  -  ResidentSetSize of job (KB)
...
006 (3295104.000.000) 06/15 14:05:02 Image size of job updated: 740560
	613  -  MemoryUsage of job (MB)
	627300  -  ResidentSetSize of job (KB)
...
006 (3295104.000.000) 06/15 14:25:02 Image size of job updated: 740560
	615  -  MemoryUsage of job (MB)
	628840  -  ResidentSetSize of job (KB)
...
005 (3295104.000.000) 06/15 14:54:17 Job terminated.
	(1) Normal termination (return value 0)
		Usr 0 01:07:22, Sys 0 00:02:20  -  Run Remote Usage
		Usr 0 00:00:00, Sys 0 00:00:00  -  Run Local Usage
		Usr 0 01:07:22, Sys 0 00:02:20  -  Total Remote Usage
		Usr 0 00:00:00, Sys 0 00:00:00  -  Total Local Usage
	3929073920  -  Run Bytes Sent By Job
	218247  -  Run Bytes Received By Job
	3929073920  -  Total Bytes Sent By Job
	218247  -  Total Bytes Received By Job
	Partitionable Resources :      Usage  Request Allocated 
	   Cpus                 :       0.02        1         1 
	   Disk (KB)            : 3837262     2048000  18994846 
	   Memory (MB)          :     615        1992      2048 
...
