000 (5990996.000.000) 06/26 03:40:10 Job submitted from host: <144.92.181.245:9618?addrs=144.92.181.245-9618+[2607-f388-101c-1000--372]-9618&noUDP&sock=3375869_eb73_3>
...
001 (5990996.000.000) 06/26 03:40:54 Job executing on host: <128.104.227.10:9618?addrs=128.104.227.10-9618+[2607-f388-101c-1000--629]-9618&noUDP&sock=3398_52e7_3>
...
006 (5990996.000.000) 06/26 03:41:03 Image size of job updated: 297772
	187  -  MemoryUsage of job (MB)
	191424  -  ResidentSetSize of job (KB)
...
005 (5990996.000.000) 06/26 03:42:11 Job terminated.
	(1) Normal termination (return value 0)
		Usr 0 00:00:47, Sys 0 00:00:02  -  Run Remote Usage
		Usr 0 00:00:00, Sys 0 00:00:00  -  Run Local Usage
		Usr 0 00:00:47, Sys 0 00:00:02  -  Total Remote Usage
		Usr 0 00:00:00, Sys 0 00:00:00  -  Total Local Usage
	119403  -  Run Bytes Sent By Job
	8650390  -  Run Bytes Received By Job
	119403  -  Total Bytes Sent By Job
	8650390  -  Total Bytes Received By Job
	Partitionable Resources :    Usage  Request Allocated 
	   Cpus                 :     0.72        1         1 
	   Disk (KB)            :  8626     2048000  18999726 
	   Memory (MB)          :   187        1992      2048 
...
