000 (5990998.000.000) 06/26 03:40:11 Job submitted from host: <144.92.181.245:9618?addrs=144.92.181.245-9618+[2607-f388-101c-1000--372]-9618&noUDP&sock=3375869_eb73_3>
...
001 (5990998.000.000) 06/26 03:40:55 Job executing on host: <144.92.180.34:9618?addrs=144.92.180.34-9618+[2607-f388-101c-1000--629]-9618&noUDP&sock=2306_4d7b_3>
...
006 (5990998.000.000) 06/26 03:41:03 Image size of job updated: 299512
	187  -  MemoryUsage of job (MB)
	191352  -  ResidentSetSize of job (KB)
...
005 (5990998.000.000) 06/26 03:42:17 Job terminated.
	(1) Normal termination (return value 0)
		Usr 0 00:00:54, Sys 0 00:00:02  -  Run Remote Usage
		Usr 0 00:00:00, Sys 0 00:00:00  -  Run Local Usage
		Usr 0 00:00:54, Sys 0 00:00:02  -  Total Remote Usage
		Usr 0 00:00:00, Sys 0 00:00:00  -  Total Local Usage
	119461  -  Run Bytes Sent By Job
	8650390  -  Run Bytes Received By Job
	119461  -  Total Bytes Sent By Job
	8650390  -  Total Bytes Received By Job
	Partitionable Resources :    Usage  Request Allocated 
	   Cpus                 :     0.73        1         1 
	   Disk (KB)            :  8626     2048000  18354075 
	   Memory (MB)          :   187        1992      2048 
...
