000 (5990999.000.000) 06/26 03:40:12 Job submitted from host: <144.92.181.245:9618?addrs=144.92.181.245-9618+[2607-f388-101c-1000--372]-9618&noUDP&sock=3375869_eb73_3>
...
001 (5990999.000.000) 06/26 03:40:55 Job executing on host: <144.92.181.241:9618?addrs=144.92.181.241-9618+[2607-f388-101c-1000--217]-9618&noUDP&sock=2417_707f_3>
...
006 (5990999.000.000) 06/26 03:41:03 Image size of job updated: 221436
	112  -  MemoryUsage of job (MB)
	114444  -  ResidentSetSize of job (KB)
...
006 (5990999.000.000) 06/26 03:42:32 Image size of job updated: 221436
	112  -  MemoryUsage of job (MB)
	114652  -  ResidentSetSize of job (KB)
...
005 (5990999.000.000) 06/26 03:42:32 Job terminated.
	(1) Normal termination (return value 0)
		Usr 0 00:01:06, Sys 0 00:00:02  -  Run Remote Usage
		Usr 0 00:00:00, Sys 0 00:00:00  -  Run Local Usage
		Usr 0 00:01:06, Sys 0 00:00:02  -  Total Remote Usage
		Usr 0 00:00:00, Sys 0 00:00:00  -  Total Local Usage
	120272  -  Run Bytes Sent By Job
	8650390  -  Run Bytes Received By Job
	120272  -  Total Bytes Sent By Job
	8650390  -  Total Bytes Received By Job
	Partitionable Resources :    Usage  Request Allocated 
	   Cpus                 :     0.73        1         1 
	   Disk (KB)            :  8627     2048000  18507741 
	   Memory (MB)          :   112        1992      2048 
...
