000 (5991066.000.000) 06/26 03:40:55 Job submitted from host: <144.92.181.245:9618?addrs=144.92.181.245-9618+[2607-f388-101c-1000--372]-9618&noUDP&sock=3375869_eb73_3>
...
001 (5991066.000.000) 06/26 03:43:13 Job executing on host: <144.92.181.87:9618?addrs=144.92.181.87-9618+[2607-f388-101c-1000--629]-9618&noUDP&sock=2451_c2b7_3>
...
006 (5991066.000.000) 06/26 03:43:21 Image size of job updated: 303260
	193  -  MemoryUsage of job (MB)
	197364  -  ResidentSetSize of job (KB)
...
005 (5991066.000.000) 06/26 03:43:44 Job terminated.
	(1) Normal termination (return value 0)
		Usr 0 00:00:18, Sys 0 00:00:01  -  Run Remote Usage
		Usr 0 00:00:00, Sys 0 00:00:00  -  Run Local Usage
		Usr 0 00:00:18, Sys 0 00:00:01  -  Total Remote Usage
		Usr 0 00:00:00, Sys 0 00:00:00  -  Total Local Usage
	64105  -  Run Bytes Sent By Job
	8650372  -  Run Bytes Received By Job
	64105  -  Total Bytes Sent By Job
	8650372  -  Total Bytes Received By Job
	Partitionable Resources :    Usage  Request Allocated 
	   Cpus                 :     0.68        1         1 
	   Disk (KB)            :  8572     2048000  18514405 
	   Memory (MB)          :   193        1992      2048 
...
