000 (5991103.000.000) 06/26 03:41:28 Job submitted from host: <144.92.181.245:9618?addrs=144.92.181.245-9618+[2607-f388-101c-1000--372]-9618&noUDP&sock=3375869_eb73_3>
...
001 (5991103.000.000) 06/26 03:44:31 Job executing on host: <144.92.180.34:9618?addrs=144.92.180.34-9618+[2607-f388-101c-1000--629]-9618&noUDP&sock=2306_4d7b_3>
...
006 (5991103.000.000) 06/26 03:44:41 Image size of job updated: 349796
	238  -  MemoryUsage of job (MB)
	243104  -  ResidentSetSize of job (KB)
...
005 (5991103.000.000) 06/26 03:49:11 Job terminated.
	(1) Normal termination (return value 0)
		Usr 0 00:03:27, Sys 0 00:00:06  -  Run Remote Usage
		Usr 0 00:00:00, Sys 0 00:00:00  -  Run Local Usage
		Usr 0 00:03:27, Sys 0 00:00:06  -  Total Remote Usage
		Usr 0 00:00:00, Sys 0 00:00:00  -  Total Local Usage
	55285  -  Run Bytes Sent By Job
	8650365  -  Run Bytes Received By Job
	55285  -  Total Bytes Sent By Job
	8650365  -  Total Bytes Received By Job
	Partitionable Resources :    Usage  Request Allocated 
	   Cpus                 :     0.74        1         1 
	   Disk (KB)            :  8564     2048000  18354075 
	   Memory (MB)          :   238        1992      2048 
...
