000 (5991033.000.000) 06/26 03:40:33 Job submitted from host: <144.92.181.245:9618?addrs=144.92.181.245-9618+[2607-f388-101c-1000--372]-9618&noUDP&sock=3375869_eb73_3>
...
001 (5991033.000.000) 06/26 03:42:00 Job executing on host: <144.92.180.39:9618?addrs=144.92.180.39-9618+[2607-f388-101c-1000--629]-9618&noUDP&sock=2460_ef11_3>
...
006 (5991033.000.000) 06/26 03:42:08 Image size of job updated: 312412
	201  -  MemoryUsage of job (MB)
	205132  -  ResidentSetSize of job (KB)
...
005 (5991033.000.000) 06/26 03:50:45 Job terminated.
	(1) Normal termination (return value 0)
		Usr 0 00:05:32, Sys 0 00:00:11  -  Run Remote Usage
		Usr 0 00:00:00, Sys 0 00:00:00  -  Run Local Usage
		Usr 0 00:05:32, Sys 0 00:00:11  -  Total Remote Usage
		Usr 0 00:00:00, Sys 0 00:00:00  -  Total Local Usage
	65082  -  Run Bytes Sent By Job
	8650369  -  Run Bytes Received By Job
	65082  -  Total Bytes Sent By Job
	8650369  -  Total Bytes Received By Job
	Partitionable Resources :    Usage  Request Allocated 
	   Cpus                 :     0.59        1         1 
	   Disk (KB)            :  8574     2048000  18345259 
	   Memory (MB)          :   201        1992      2048 
...
