000 (5991056.000.000) 06/26 03:40:47 Job submitted from host: <144.92.181.245:9618?addrs=144.92.181.245-9618+[2607-f388-101c-1000--372]-9618&noUDP&sock=3375869_eb73_3>
...
001 (5991056.000.000) 06/26 03:43:01 Job executing on host: <128.104.227.10:9618?addrs=128.104.227.10-9618+[2607-f388-101c-1000--629]-9618&noUDP&sock=3398_52e7_3>
...
006 (5991056.000.000) 06/26 03:43:10 Image size of job updated: 299428
	189  -  MemoryUsage of job (MB)
	192556  -  ResidentSetSize of job (KB)
...
005 (5991056.000.000) 06/26 03:43:38 Job terminated.
	(1) Normal termination (return value 0)
		Usr 0 00:00:23, Sys 0 00:00:01  -  Run Remote Usage
		Usr 0 00:00:00, Sys 0 00:00:00  -  Run Local Usage
		Usr 0 00:00:23, Sys 0 00:00:01  -  Total Remote Usage
		Usr 0 00:00:00, Sys 0 00:00:00  -  Total Local Usage
	62041  -  Run Bytes Sent By Job
	8650375  -  Run Bytes Received By Job
	62041  -  Total Bytes Sent By Job
	8650375  -  Total Bytes Received By Job
	Partitionable Resources :    Usage  Request Allocated 
	   Cpus                 :     0.72        1         1 
	   Disk (KB)            :  8571     2048000  18999726 
	   Memory (MB)          :   189        1992      2048 
...
