000 (5991053.000.000) 06/26 03:40:45 Job submitted from host: <144.92.181.245:9618?addrs=144.92.181.245-9618+[2607-f388-101c-1000--372]-9618&noUDP&sock=3375869_eb73_3>
...
001 (5991053.000.000) 06/26 03:42:55 Job executing on host: <144.92.181.71:9618?addrs=144.92.181.71-9618+[2607-f388-101c-1000--629]-9618&noUDP&sock=2519_6728_3>
...
006 (5991053.000.000) 06/26 03:43:04 Image size of job updated: 303788
	188  -  MemoryUsage of job (MB)
	192324  -  ResidentSetSize of job (KB)
...
005 (5991053.000.000) 06/26 03:43:46 Job terminated.
	(1) Normal termination (return value 0)
		Usr 0 00:00:35, Sys 0 00:00:02  -  Run Remote Usage
		Usr 0 00:00:00, Sys 0 00:00:00  -  Run Local Usage
		Usr 0 00:00:35, Sys 0 00:00:02  -  Total Remote Usage
		Usr 0 00:00:00, Sys 0 00:00:00  -  Total Local Usage
	63790  -  Run Bytes Sent By Job
	8650375  -  Run Bytes Received By Job
	63790  -  Total Bytes Sent By Job
	8650375  -  Total Bytes Received By Job
	Partitionable Resources :    Usage  Request Allocated 
	   Cpus                 :     0.80        1         1 
	   Disk (KB)            :  8572     2048000  18513208 
	   Memory (MB)          :   188        1992      2048 
...
