000 (5991110.000.000) 06/26 03:41:32 Job submitted from host: <144.92.181.245:9618?addrs=144.92.181.245-9618+[2607-f388-101c-1000--372]-9618&noUDP&sock=3375869_eb73_3>
...
001 (5991110.000.000) 06/26 03:45:25 Job executing on host: <144.92.181.236:9618?addrs=144.92.181.236-9618+[2607-f388-101c-1000--629]-9618&noUDP&sock=2430_5b3a_3>
...
006 (5991110.000.000) 06/26 03:45:34 Image size of job updated: 358140
	245  -  MemoryUsage of job (MB)
	250508  -  ResidentSetSize of job (KB)
...
005 (5991110.000.000) 06/26 03:50:28 Job terminated.
	(1) Normal termination (return value 0)
		Usr 0 00:04:08, Sys 0 00:00:08  -  Run Remote Usage
		Usr 0 00:00:00, Sys 0 00:00:00  -  Run Local Usage
		Usr 0 00:04:08, Sys 0 00:00:08  -  Total Remote Usage
		Usr 0 00:00:00, Sys 0 00:00:00  -  Total Local Usage
	58655  -  Run Bytes Sent By Job
	8650365  -  Run Bytes Received By Job
	58655  -  Total Bytes Sent By Job
	8650365  -  Total Bytes Received By Job
	Partitionable Resources :    Usage  Request Allocated 
	   Cpus                 :     0.81        1         1 
	   Disk (KB)            :  8565     2048000  18510640 
	   Memory (MB)          :   245        1992      2048 
...
