000 (5991055.000.000) 06/26 03:40:46 Job submitted from host: <144.92.181.245:9618?addrs=144.92.181.245-9618+[2607-f388-101c-1000--372]-9618&noUDP&sock=3375869_eb73_3>
...
001 (5991055.000.000) 06/26 03:43:01 Job executing on host: <144.92.181.232:9618?addrs=144.92.181.232-9618+[2607-f388-101c-1000--629]-9618&noUDP&sock=2463_fdda_3>
...
006 (5991055.000.000) 06/26 03:43:10 Image size of job updated: 303272
	192  -  MemoryUsage of job (MB)
	195696  -  ResidentSetSize of job (KB)
...
005 (5991055.000.000) 06/26 03:43:56 Job terminated.
	(1) Normal termination (return value 0)
		Usr 0 00:00:40, Sys 0 00:00:02  -  Run Remote Usage
		Usr 0 00:00:00, Sys 0 00:00:00  -  Run Local Usage
		Usr 0 00:00:40, Sys 0 00:00:02  -  Total Remote Usage
		Usr 0 00:00:00, Sys 0 00:00:00  -  Total Local Usage
	67681  -  Run Bytes Sent By Job
	8650375  -  Run Bytes Received By Job
	67681  -  Total Bytes Sent By Job
	8650375  -  Total Bytes Received By Job
	Partitionable Resources :    Usage  Request Allocated 
	   Cpus                 :     0.82        1         1 
	   Disk (KB)            :  8574     2048000  18504861 
	   Memory (MB)          :   192        1992      2048 
...
