000 (5991064.000.000) 06/26 03:40:54 Job submitted from host: <144.92.181.245:9618?addrs=144.92.181.245-9618+[2607-f388-101c-1000--372]-9618&noUDP&sock=3375869_eb73_3>
...
001 (5991064.000.000) 06/26 03:43:10 Job executing on host: <144.92.181.232:9618?addrs=144.92.181.232-9618+[2607-f388-101c-1000--629]-9618&noUDP&sock=2463_fdda_3>
...
006 (5991064.000.000) 06/26 03:43:19 Image size of job updated: 306200
	194  -  MemoryUsage of job (MB)
	197880  -  ResidentSetSize of job (KB)
...
005 (5991064.000.000) 06/26 03:43:40 Job terminated.
	(1) Normal termination (return value 0)
		Usr 0 00:00:20, Sys 0 00:00:01  -  Run Remote Usage
		Usr 0 00:00:00, Sys 0 00:00:00  -  Run Local Usage
		Usr 0 00:00:20, Sys 0 00:00:01  -  Total Remote Usage
		Usr 0 00:00:00, Sys 0 00:00:00  -  Total Local Usage
	64180  -  Run Bytes Sent By Job
	8650372  -  Run Bytes Received By Job
	64180  -  Total Bytes Sent By Job
	8650372  -  Total Bytes Received By Job
	Partitionable Resources :    Usage  Request Allocated 
	   Cpus                 :        0        1         1 
	   Disk (KB)            :     8570  2048000  18504861 
	   Memory (MB)          :      194     1992      2048 
...
