000 (5991025.000.000) 06/26 03:40:28 Job submitted from host: <144.92.181.245:9618?addrs=144.92.181.245-9618+[2607-f388-101c-1000--372]-9618&noUDP&sock=3375869_eb73_3>
...
001 (5991025.000.000) 06/26 03:41:43 Job executing on host: <144.92.181.87:9618?addrs=144.92.181.87-9618+[2607-f388-101c-1000--629]-9618&noUDP&sock=2451_c2b7_3>
...
006 (5991025.000.000) 06/26 03:41:52 Image size of job updated: 296524
	186  -  MemoryUsage of job (MB)
	190236  -  ResidentSetSize of job (KB)
...
005 (5991025.000.000) 06/26 03:42:17 Job terminated.
	(1) Normal termination (return value 0)
		Usr 0 00:00:21, Sys 0 00:00:01  -  Run Remote Usage
		Usr 0 00:00:00, Sys 0 00:00:00  -  Run Local Usage
		Usr 0 00:00:21, Sys 0 00:00:01  -  Total Remote Usage
		Usr 0 00:00:00, Sys 0 00:00:00  -  Total Local Usage
	66535  -  Run Bytes Sent By Job
	8650402  -  Run Bytes Received By Job
	66535  -  Total Bytes Sent By Job
	8650402  -  Total Bytes Received By Job
	Partitionable Resources :    Usage  Request Allocated 
	   Cpus                 :     0.70        1         1 
	   Disk (KB)            :  8575     2048000  18514405 
	   Memory (MB)          :   186        1992      2048 
...
