000 (5991011.000.000) 06/26 03:40:19 Job submitted from host: <144.92.181.245:9618?addrs=144.92.181.245-9618+[2607-f388-101c-1000--372]-9618&noUDP&sock=3375869_eb73_3>
...
001 (5991011.000.000) 06/26 03:41:24 Job executing on host: <144.92.180.39:9618?addrs=144.92.180.39-9618+[2607-f388-101c-1000--629]-9618&noUDP&sock=2460_ef11_3>
...
006 (5991011.000.000) 06/26 03:41:32 Image size of job updated: 306648
	195  -  MemoryUsage of job (MB)
	198892  -  ResidentSetSize of job (KB)
...
006 (5991011.000.000) 06/26 03:42:17 Image size of job updated: 531880
	195  -  MemoryUsage of job (MB)
	198892  -  ResidentSetSize of job (KB)
...
005 (5991011.000.000) 06/26 03:42:18 Job terminated.
	(1) Normal termination (return value 0)
		Usr 0 00:00:35, Sys 0 00:00:02  -  Run Remote Usage
		Usr 0 00:00:00, Sys 0 00:00:00  -  Run Local Usage
		Usr 0 00:00:35, Sys 0 00:00:02  -  Total Remote Usage
		Usr 0 00:00:00, Sys 0 00:00:00  -  Total Local Usage
	119145  -  Run Bytes Sent By Job
	8650411  -  Run Bytes Received By Job
	119145  -  Total Bytes Sent By Job
	8650411  -  Total Bytes Received By Job
	Partitionable Resources :    Usage  Request Allocated 
	   Cpus                 :     0.72        1         1 
	   Disk (KB)            :  8626     2048000  18345259 
	   Memory (MB)          :   195        1992      2048 
...
