000 (5991003.000.000) 06/26 03:40:15 Job submitted from host: <144.92.181.245:9618?addrs=144.92.181.245-9618+[2607-f388-101c-1000--372]-9618&noUDP&sock=3375869_eb73_3>
...
001 (5991003.000.000) 06/26 03:40:56 Job executing on host: <144.92.181.232:9618?addrs=144.92.181.232-9618+[2607-f388-101c-1000--629]-9618&noUDP&sock=2463_fdda_3>
...
006 (5991003.000.000) 06/26 03:41:05 Image size of job updated: 302840
	190  -  MemoryUsage of job (MB)
	194152  -  ResidentSetSize of job (KB)
...
005 (5991003.000.000) 06/26 03:41:32 Job terminated.
	(1) Normal termination (return value 0)
		Usr 0 00:00:25, Sys 0 00:00:02  -  Run Remote Usage
		Usr 0 00:00:00, Sys 0 00:00:00  -  Run Local Usage
		Usr 0 00:00:25, Sys 0 00:00:02  -  Total Remote Usage
		Usr 0 00:00:00, Sys 0 00:00:00  -  Total Local Usage
	119920  -  Run Bytes Sent By Job
	8650405  -  Run Bytes Received By Job
	119920  -  Total Bytes Sent By Job
	8650405  -  Total Bytes Received By Job
	Partitionable Resources :    Usage  Request Allocated 
	   Cpus                 :     0.84        1         1 
	   Disk (KB)            :  8627     2048000  18504861 
	   Memory (MB)          :   190        1992      2048 
...
