000 (5991125.000.000) 06/26 03:41:42 Job submitted from host: <144.92.181.245:9618?addrs=144.92.181.245-9618+[2607-f388-101c-1000--372]-9618&noUDP&sock=3375869_eb73_3>
...
001 (5991125.000.000) 06/26 03:47:20 Job executing on host: <144.92.181.232:9618?addrs=144.92.181.232-9618+[2607-f388-101c-1000--629]-9618&noUDP&sock=2463_fdda_3>
...
006 (5991125.000.000) 06/26 03:47:29 Image size of job updated: 264804
	221  -  MemoryUsage of job (MB)
	225820  -  ResidentSetSize of job (KB)
...
005 (5991125.000.000) 06/26 03:52:25 Job terminated.
	(1) Normal termination (return value 0)
		Usr 0 00:04:12, Sys 0 00:00:06  -  Run Remote Usage
		Usr 0 00:00:00, Sys 0 00:00:00  -  Run Local Usage
		Usr 0 00:04:12, Sys 0 00:00:06  -  Total Remote Usage
		Usr 0 00:00:00, Sys 0 00:00:00  -  Total Local Usage
	56124  -  Run Bytes Sent By Job
	8650365  -  Run Bytes Received By Job
	56124  -  Total Bytes Sent By Job
	8650365  -  Total Bytes Received By Job
	Partitionable Resources :    Usage  Request Allocated 
	   Cpus                 :     0.87        1         1 
	   Disk (KB)            :  8565     2048000  18504861 
	   Memory (MB)          :   221        1992      2048 
...
