000 (5991078.000.000) 06/26 03:41:02 Job submitted from host: <144.92.181.245:9618?addrs=144.92.181.245-9618+[2607-f388-101c-1000--372]-9618&noUDP&sock=3375869_eb73_3>
...
001 (5991078.000.000) 06/26 03:43:44 Job executing on host: <128.104.227.75:9618?addrs=128.104.227.75-9618+[2607-f388-101c-1000--629]-9618&noUDP&sock=3246_1082_3>
...
006 (5991078.000.000) 06/26 03:43:53 Image size of job updated: 305148
	194  -  MemoryUsage of job (MB)
	197936  -  ResidentSetSize of job (KB)
...
005 (5991078.000.000) 06/26 03:46:25 Job terminated.
	(1) Normal termination (return value 0)
		Usr 0 00:01:45, Sys 0 00:00:06  -  Run Remote Usage
		Usr 0 00:00:00, Sys 0 00:00:00  -  Run Local Usage
		Usr 0 00:01:45, Sys 0 00:00:06  -  Total Remote Usage
		Usr 0 00:00:00, Sys 0 00:00:00  -  Total Local Usage
	64954  -  Run Bytes Sent By Job
	8650375  -  Run Bytes Received By Job
	64954  -  Total Bytes Sent By Job
	8650375  -  Total Bytes Received By Job
	Partitionable Resources :    Usage  Request Allocated 
	   Cpus                 :     0.68        1         1 
	   Disk (KB)            :  8573     2048000  18999661 
	   Memory (MB)          :   194        1992      2048 
...
