000 (5991059.000.000) 06/26 03:40:49 Job submitted from host: <144.92.181.245:9618?addrs=144.92.181.245-9618+[2607-f388-101c-1000--372]-9618&noUDP&sock=3375869_eb73_3>
...
001 (5991059.000.000) 06/26 03:43:02 Job executing on host: <128.104.227.19:9618?addrs=128.104.227.19-9618+[2607-f388-101c-1000--629]-9618&noUDP&sock=3325_407d_3>
...
006 (5991059.000.000) 06/26 03:43:10 Image size of job updated: 301576
	191  -  MemoryUsage of job (MB)
	194676  -  ResidentSetSize of job (KB)
...
005 (5991059.000.000) 06/26 03:44:36 Job terminated.
	(1) Normal termination (return value 0)
		Usr 0 00:01:01, Sys 0 00:00:03  -  Run Remote Usage
		Usr 0 00:00:00, Sys 0 00:00:00  -  Run Local Usage
		Usr 0 00:01:01, Sys 0 00:00:03  -  Total Remote Usage
		Usr 0 00:00:00, Sys 0 00:00:00  -  Total Local Usage
	64152  -  Run Bytes Sent By Job
	8650375  -  Run Bytes Received By Job
	64152  -  Total Bytes Sent By Job
	8650375  -  Total Bytes Received By Job
	Partitionable Resources :    Usage  Request Allocated 
	   Cpus                 :     0.69        1         1 
	   Disk (KB)            :  8573     2048000  18991510 
	   Memory (MB)          :   191        1992      2048 
...
