000 (5991045.000.000) 06/26 03:40:41 Job submitted from host: <144.92.181.245:9618?addrs=144.92.181.245-9618+[2607-f388-101c-1000--372]-9618&noUDP&sock=3375869_eb73_3>
...
001 (5991045.000.000) 06/26 03:42:28 Job executing on host: <144.92.181.236:9618?addrs=144.92.181.236-9618+[2607-f388-101c-1000--629]-9618&noUDP&sock=2430_5b3a_3>
...
006 (5991045.000.000) 06/26 03:42:37 Image size of job updated: 315204
	204  -  MemoryUsage of job (MB)
	208268  -  ResidentSetSize of job (KB)
...
005 (5991045.000.000) 06/26 03:50:06 Job terminated.
	(1) Normal termination (return value 0)
		Usr 0 00:05:15, Sys 0 00:00:15  -  Run Remote Usage
		Usr 0 00:00:00, Sys 0 00:00:00  -  Run Local Usage
		Usr 0 00:05:15, Sys 0 00:00:15  -  Total Remote Usage
		Usr 0 00:00:00, Sys 0 00:00:00  -  Total Local Usage
	66848  -  Run Bytes Sent By Job
	8650390  -  Run Bytes Received By Job
	66848  -  Total Bytes Sent By Job
	8650390  -  Total Bytes Received By Job
	Partitionable Resources :    Usage  Request Allocated 
	   Cpus                 :     0.79        1         1 
	   Disk (KB)            :  8573     2048000  18510640 
	   Memory (MB)          :   204        1992      2048 
...
