000 (5991060.000.000) 06/26 03:40:49 Job submitted from host: <144.92.181.245:9618?addrs=144.92.181.245-9618+[2607-f388-101c-1000--372]-9618&noUDP&sock=3375869_eb73_3>
...
001 (5991060.000.000) 06/26 03:43:06 Job executing on host: <144.92.181.236:9618?addrs=144.92.181.236-9618+[2607-f388-101c-1000--629]-9618&noUDP&sock=2430_5b3a_3>
...
006 (5991060.000.000) 06/26 03:43:15 Image size of job updated: 300816
	190  -  MemoryUsage of job (MB)
	194256  -  ResidentSetSize of job (KB)
...
005 (5991060.000.000) 06/26 03:45:21 Job terminated.
	(1) Normal termination (return value 0)
		Usr 0 00:01:27, Sys 0 00:00:04  -  Run Remote Usage
		Usr 0 00:00:00, Sys 0 00:00:00  -  Run Local Usage
		Usr 0 00:01:27, Sys 0 00:00:04  -  Total Remote Usage
		Usr 0 00:00:00, Sys 0 00:00:00  -  Total Local Usage
	66137  -  Run Bytes Sent By Job
	8650375  -  Run Bytes Received By Job
	66137  -  Total Bytes Sent By Job
	8650375  -  Total Bytes Received By Job
	Partitionable Resources :    Usage  Request Allocated 
	   Cpus                 :     0.67        1         1 
	   Disk (KB)            :  8574     2048000  18510640 
	   Memory (MB)          :   190        1992      2048 
...
