000 (5991106.000.000) 06/26 03:41:30 Job submitted from host: <144.92.181.245:9618?addrs=144.92.181.245-9618+[2607-f388-101c-1000--372]-9618&noUDP&sock=3375869_eb73_3>
...
001 (5991106.000.000) 06/26 03:44:59 Job executing on host: <144.92.180.220:9618?addrs=144.92.180.220-9618+[2607-f388-101c-1000--629]-9618&noUDP&sock=3154_f5cb_3>
...
006 (5991106.000.000) 06/26 03:45:07 Image size of job updated: 347692
	236  -  MemoryUsage of job (MB)
	241544  -  ResidentSetSize of job (KB)
...
005 (5991106.000.000) 06/26 03:48:34 Job terminated.
	(1) Normal termination (return value 0)
		Usr 0 00:02:47, Sys 0 00:00:04  -  Run Remote Usage
		Usr 0 00:00:00, Sys 0 00:00:00  -  Run Local Usage
		Usr 0 00:02:47, Sys 0 00:00:04  -  Total Remote Usage
		Usr 0 00:00:00, Sys 0 00:00:00  -  Total Local Usage
	55360  -  Run Bytes Sent By Job
	8650365  -  Run Bytes Received By Job
	55360  -  Total Bytes Sent By Job
	8650365  -  Total Bytes Received By Job
	Partitionable Resources :    Usage  Request Allocated 
	   Cpus                 :     0.84        1         1 
	   Disk (KB)            :  8562     2048000  18984099 
	   Memory (MB)          :   236        1992      2048 
...
