000 (5991126.000.000) 06/26 03:41:43 Job submitted from host: <144.92.181.245:9618?addrs=144.92.181.245-9618+[2607-f388-101c-1000--372]-9618&noUDP&sock=3375869_eb73_3>
...
001 (5991126.000.000) 06/26 03:47:22 Job executing on host: <144.92.180.150:9618?addrs=144.92.180.150-9618+[2607-f388-101c-1000--629]-9618&noUDP&sock=3138_fc47_3>
...
006 (5991126.000.000) 06/26 03:47:30 Image size of job updated: 374404
	260  -  MemoryUsage of job (MB)
	265612  -  ResidentSetSize of job (KB)
...
005 (5991126.000.000) 06/26 03:51:14 Job terminated.
	(1) Normal termination (return value 0)
		Usr 0 00:02:56, Sys 0 00:00:09  -  Run Remote Usage
		Usr 0 00:00:00, Sys 0 00:00:00  -  Run Local Usage
		Usr 0 00:02:56, Sys 0 00:00:09  -  Total Remote Usage
		Usr 0 00:00:00, Sys 0 00:00:00  -  Total Local Usage
	55233  -  Run Bytes Sent By Job
	8650365  -  Run Bytes Received By Job
	55233  -  Total Bytes Sent By Job
	8650365  -  Total Bytes Received By Job
	Partitionable Resources :    Usage  Request Allocated 
	   Cpus                 :     0.76        1         1 
	   Disk (KB)            :  8564     2048000  18994808 
	   Memory (MB)          :   260        1992      2048 
...
