000 (5991039.000.000) 06/26 03:40:36 Job submitted from host: <144.92.181.245:9618?addrs=144.92.181.245-9618+[2607-f388-101c-1000--372]-9618&noUDP&sock=3375869_eb73_3>
...
001 (5991039.000.000) 06/26 03:42:21 Job executing on host: <144.92.181.87:9618?addrs=144.92.181.87-9618+[2607-f388-101c-1000--629]-9618&noUDP&sock=2451_c2b7_3>
...
006 (5991039.000.000) 06/26 03:42:29 Image size of job updated: 308648
	199  -  MemoryUsage of job (MB)
	203536  -  ResidentSetSize of job (KB)
...
005 (5991039.000.000) 06/26 03:43:00 Job terminated.
	(1) Normal termination (return value 0)
		Usr 0 00:00:22, Sys 0 00:00:01  -  Run Remote Usage
		Usr 0 00:00:00, Sys 0 00:00:00  -  Run Local Usage
		Usr 0 00:00:22, Sys 0 00:00:01  -  Total Remote Usage
		Usr 0 00:00:00, Sys 0 00:00:00  -  Total Local Usage
	53502  -  Run Bytes Sent By Job
	8650378  -  Run Bytes Received By Job
	53502  -  Total Bytes Sent By Job
	8650378  -  Total Bytes Received By Job
	Partitionable Resources :    Usage  Request Allocated 
	   Cpus                 :     0.65        1         1 
	   Disk (KB)            :  8562     2048000  18514405 
	   Memory (MB)          :   199        1992      2048 
...
