000 (5991035.000.000) 06/26 03:40:34 Job submitted from host: <144.92.181.245:9618?addrs=144.92.181.245-9618+[2607-f388-101c-1000--372]-9618&noUDP&sock=3375869_eb73_3>
...
001 (5991035.000.000) 06/26 03:42:13 Job executing on host: <128.104.227.10:9618?addrs=128.104.227.10-9618+[2607-f388-101c-1000--629]-9618&noUDP&sock=3398_52e7_3>
...
006 (5991035.000.000) 06/26 03:42:22 Image size of job updated: 311156
	200  -  MemoryUsage of job (MB)
	204380  -  ResidentSetSize of job (KB)
...
005 (5991035.000.000) 06/26 03:43:00 Job terminated.
	(1) Normal termination (return value 0)
		Usr 0 00:00:28, Sys 0 00:00:02  -  Run Remote Usage
		Usr 0 00:00:00, Sys 0 00:00:00  -  Run Local Usage
		Usr 0 00:00:28, Sys 0 00:00:02  -  Total Remote Usage
		Usr 0 00:00:00, Sys 0 00:00:00  -  Total Local Usage
	55819  -  Run Bytes Sent By Job
	8650378  -  Run Bytes Received By Job
	55819  -  Total Bytes Sent By Job
	8650378  -  Total Bytes Received By Job
	Partitionable Resources :    Usage  Request Allocated 
	   Cpus                 :     0.64        1         1 
	   Disk (KB)            :  8565     2048000  18999726 
	   Memory (MB)          :   200        1992      2048 
...
