000 (5991062.000.000) 06/26 03:40:53 Job submitted from host: <144.92.181.245:9618?addrs=144.92.181.245-9618+[2607-f388-101c-1000--372]-9618&noUDP&sock=3375869_eb73_3>
...
001 (5991062.000.000) 06/26 03:43:09 Job executing on host: <144.92.180.34:9618?addrs=144.92.180.34-9618+[2607-f388-101c-1000--629]-9618&noUDP&sock=2306_4d7b_3>
...
006 (5991062.000.000) 06/26 03:43:18 Image size of job updated: 304392
	193  -  MemoryUsage of job (MB)
	197308  -  ResidentSetSize of job (KB)
...
005 (5991062.000.000) 06/26 03:43:30 Job terminated.
	(1) Normal termination (return value 0)
		Usr 0 00:00:11, Sys 0 00:00:01  -  Run Remote Usage
		Usr 0 00:00:00, Sys 0 00:00:00  -  Run Local Usage
		Usr 0 00:00:11, Sys 0 00:00:01  -  Total Remote Usage
		Usr 0 00:00:00, Sys 0 00:00:00  -  Total Local Usage
	63239  -  Run Bytes Sent By Job
	8650375  -  Run Bytes Received By Job
	63239  -  Total Bytes Sent By Job
	8650375  -  Total Bytes Received By Job
	Partitionable Resources :    Usage  Request Allocated 
	   Cpus                 :        0        1         1 
	   Disk (KB)            :     8570  2048000  18354075 
	   Memory (MB)          :      193     1992      2048 
...
