000 (5991077.000.000) 06/26 03:41:01 Job submitted from host: <144.92.181.245:9618?addrs=144.92.181.245-9618+[2607-f388-101c-1000--372]-9618&noUDP&sock=3375869_eb73_3>
...
001 (5991077.000.000) 06/26 03:43:41 Job executing on host: <144.92.181.232:9618?addrs=144.92.181.232-9618+[2607-f388-101c-1000--629]-9618&noUDP&sock=2463_fdda_3>
...
006 (5991077.000.000) 06/26 03:43:50 Image size of job updated: 304732
	192  -  MemoryUsage of job (MB)
	196416  -  ResidentSetSize of job (KB)
...
006 (5991077.000.000) 06/26 03:47:19 Image size of job updated: 304732
	192  -  MemoryUsage of job (MB)
	196420  -  ResidentSetSize of job (KB)
...
005 (5991077.000.000) 06/26 03:47:19 Job terminated.
	(1) Normal termination (return value 0)
		Usr 0 00:02:39, Sys 0 00:00:05  -  Run Remote Usage
		Usr 0 00:00:00, Sys 0 00:00:00  -  Run Local Usage
		Usr 0 00:02:39, Sys 0 00:00:05  -  Total Remote Usage
		Usr 0 00:00:00, Sys 0 00:00:00  -  Total Local Usage
	68221  -  Run Bytes Sent By Job
	8650378  -  Run Bytes Received By Job
	68221  -  Total Bytes Sent By Job
	8650378  -  Total Bytes Received By Job
	Partitionable Resources :    Usage  Request Allocated 
	   Cpus                 :     0.75        1         1 
	   Disk (KB)            :  8576     2048000  18504861 
	   Memory (MB)          :   192        1992      2048 
...
