000 (5991015.000.000) 06/26 03:40:22 Job submitted from host: <144.92.181.245:9618?addrs=144.92.181.245-9618+[2607-f388-101c-1000--372]-9618&noUDP&sock=3375869_eb73_3>
...
001 (5991015.000.000) 06/26 03:41:24 Job executing on host: <144.92.181.87:9618?addrs=144.92.181.87-9618+[2607-f388-101c-1000--629]-9618&noUDP&sock=2451_c2b7_3>
...
006 (5991015.000.000) 06/26 03:41:33 Image size of job updated: 196268
	192  -  MemoryUsage of job (MB)
	195708  -  ResidentSetSize of job (KB)
...
005 (5991015.000.000) 06/26 03:42:32 Job terminated.
	(1) Normal termination (return value 0)
		Usr 0 00:00:43, Sys 0 00:00:02  -  Run Remote Usage
		Usr 0 00:00:00, Sys 0 00:00:00  -  Run Local Usage
		Usr 0 00:00:43, Sys 0 00:00:02  -  Total Remote Usage
		Usr 0 00:00:00, Sys 0 00:00:00  -  Total Local Usage
	131682  -  Run Bytes Sent By Job
	8650411  -  Run Bytes Received By Job
	131682  -  Total Bytes Sent By Job
	8650411  -  Total Bytes Received By Job
	Partitionable Resources :    Usage  Request Allocated 
	   Cpus                 :     0.72        1         1 
	   Disk (KB)            :  8638     2048000  18514405 
	   Memory (MB)          :   192        1992      2048 
...
