000 (5991032.000.000) 06/26 03:40:32 Job submitted from host: <144.92.181.245:9618?addrs=144.92.181.245-9618+[2607-f388-101c-1000--372]-9618&noUDP&sock=3375869_eb73_3>
...
001 (5991032.000.000) 06/26 03:41:53 Job executing on host: <144.92.181.236:9618?addrs=144.92.181.236-9618+[2607-f388-101c-1000--629]-9618&noUDP&sock=2430_5b3a_3>
...
006 (5991032.000.000) 06/26 03:42:02 Image size of job updated: 310704
	199  -  MemoryUsage of job (MB)
	203536  -  ResidentSetSize of job (KB)
...
005 (5991032.000.000) 06/26 03:45:05 Job terminated.
	(1) Normal termination (return value 0)
		Usr 0 00:02:11, Sys 0 00:00:06  -  Run Remote Usage
		Usr 0 00:00:00, Sys 0 00:00:00  -  Run Local Usage
		Usr 0 00:02:11, Sys 0 00:00:06  -  Total Remote Usage
		Usr 0 00:00:00, Sys 0 00:00:00  -  Total Local Usage
	72034  -  Run Bytes Sent By Job
	8650426  -  Run Bytes Received By Job
	72034  -  Total Bytes Sent By Job
	8650426  -  Total Bytes Received By Job
	Partitionable Resources :    Usage  Request Allocated 
	   Cpus                 :     0.71        1         1 
	   Disk (KB)            :  8580     2048000  18510640 
	   Memory (MB)          :   199        1992      2048 
...
