000 (5991024.000.000) 06/26 03:40:27 Job submitted from host: <144.92.181.245:9618?addrs=144.92.181.245-9618+[2607-f388-101c-1000--372]-9618&noUDP&sock=3375869_eb73_3>
...
001 (5991024.000.000) 06/26 03:41:34 Job executing on host: <144.92.181.232:9618?addrs=144.92.181.232-9618+[2607-f388-101c-1000--629]-9618&noUDP&sock=2463_fdda_3>
...
006 (5991024.000.000) 06/26 03:41:43 Image size of job updated: 194192
	189  -  MemoryUsage of job (MB)
	192676  -  ResidentSetSize of job (KB)
...
005 (5991024.000.000) 06/26 03:43:08 Job terminated.
	(1) Normal termination (return value 0)
		Usr 0 00:01:08, Sys 0 00:00:03  -  Run Remote Usage
		Usr 0 00:00:00, Sys 0 00:00:00  -  Run Local Usage
		Usr 0 00:01:08, Sys 0 00:00:03  -  Total Remote Usage
		Usr 0 00:00:00, Sys 0 00:00:00  -  Total Local Usage
	66254  -  Run Bytes Sent By Job
	8650417  -  Run Bytes Received By Job
	66254  -  Total Bytes Sent By Job
	8650417  -  Total Bytes Received By Job
	Partitionable Resources :    Usage  Request Allocated 
	   Cpus                 :     0.76        1         1 
	   Disk (KB)            :  8575     2048000  18504861 
	   Memory (MB)          :   189        1992      2048 
...
