000 (5991014.000.000) 06/26 03:40:21 Job submitted from host: <144.92.181.245:9618?addrs=144.92.181.245-9618+[2607-f388-101c-1000--372]-9618&noUDP&sock=3375869_eb73_3>
...
001 (5991014.000.000) 06/26 03:41:24 Job executing on host: <144.92.181.241:9618?addrs=144.92.181.241-9618+[2607-f388-101c-1000--217]-9618&noUDP&sock=2417_707f_3>
...
006 (5991014.000.000) 06/26 03:41:32 Image size of job updated: 302060
	191  -  MemoryUsage of job (MB)
	194868  -  ResidentSetSize of job (KB)
...
005 (5991014.000.000) 06/26 03:42:23 Job terminated.
	(1) Normal termination (return value 0)
		Usr 0 00:00:41, Sys 0 00:00:02  -  Run Remote Usage
		Usr 0 00:00:00, Sys 0 00:00:00  -  Run Local Usage
		Usr 0 00:00:41, Sys 0 00:00:02  -  Total Remote Usage
		Usr 0 00:00:00, Sys 0 00:00:00  -  Total Local Usage
	126745  -  Run Bytes Sent By Job
	8650411  -  Run Bytes Received By Job
	126745  -  Total Bytes Sent By Job
	8650411  -  Total Bytes Received By Job
	Partitionable Resources :    Usage  Request Allocated 
	   Cpus                 :     0.73        1         1 
	   Disk (KB)            :  8633     2048000  18507741 
	   Memory (MB)          :   191        1992      2048 
...
