000 (5991094.000.000) 06/26 03:41:12 Job submitted from host: <144.92.181.245:9618?addrs=144.92.181.245-9618+[2607-f388-101c-1000--372]-9618&noUDP&sock=3375869_eb73_3>
...
001 (5991094.000.000) 06/26 03:44:04 Job executing on host: <128.104.227.10:9618?addrs=128.104.227.10-9618+[2607-f388-101c-1000--629]-9618&noUDP&sock=3398_52e7_3>
...
006 (5991094.000.000) 06/26 03:44:13 Image size of job updated: 312768
	201  -  MemoryUsage of job (MB)
	205780  -  ResidentSetSize of job (KB)
...
005 (5991094.000.000) 06/26 03:46:37 Job terminated.
	(1) Normal termination (return value 0)
		Usr 0 00:01:37, Sys 0 00:00:04  -  Run Remote Usage
		Usr 0 00:00:00, Sys 0 00:00:00  -  Run Local Usage
		Usr 0 00:01:37, Sys 0 00:00:04  -  Total Remote Usage
		Usr 0 00:00:00, Sys 0 00:00:00  -  Total Local Usage
	64811  -  Run Bytes Sent By Job
	8650360  -  Run Bytes Received By Job
	64811  -  Total Bytes Sent By Job
	8650360  -  Total Bytes Received By Job
	Partitionable Resources :    Usage  Request Allocated 
	   Cpus                 :     0.76        1         1 
	   Disk (KB)            :  8573     2048000  18999726 
	   Memory (MB)          :   201        1992      2048 
...
