000 (5991046.000.000) 06/26 03:40:41 Job submitted from host: <144.92.181.245:9618?addrs=144.92.181.245-9618+[2607-f388-101c-1000--372]-9618&noUDP&sock=3375869_eb73_3>
...
001 (5991046.000.000) 06/26 03:42:31 Job executing on host: <144.92.181.86:9618?addrs=144.92.181.86-9618+[2607-f388-101c-1000--629]-9618&noUDP&sock=2458_8fe1_3>
...
006 (5991046.000.000) 06/26 03:42:40 Image size of job updated: 314868
	202  -  MemoryUsage of job (MB)
	206672  -  ResidentSetSize of job (KB)
...
005 (5991046.000.000) 06/26 03:49:51 Job terminated.
	(1) Normal termination (return value 0)
		Usr 0 00:05:44, Sys 0 00:00:12  -  Run Remote Usage
		Usr 0 00:00:00, Sys 0 00:00:00  -  Run Local Usage
		Usr 0 00:05:44, Sys 0 00:00:12  -  Total Remote Usage
		Usr 0 00:00:00, Sys 0 00:00:00  -  Total Local Usage
	66824  -  Run Bytes Sent By Job
	8650390  -  Run Bytes Received By Job
	66824  -  Total Bytes Sent By Job
	8650390  -  Total Bytes Received By Job
	Partitionable Resources :    Usage  Request Allocated 
	   Cpus                 :     0.75        1         1 
	   Disk (KB)            :  8573     2048000  18498388 
	   Memory (MB)          :   202        1992      2048 
...
