000 (5991073.000.000) 06/26 03:40:59 Job submitted from host: <144.92.181.245:9618?addrs=144.92.181.245-9618+[2607-f388-101c-1000--372]-9618&noUDP&sock=3375869_eb73_3>
...
001 (5991073.000.000) 06/26 03:43:36 Job executing on host: <144.92.180.39:9618?addrs=144.92.180.39-9618+[2607-f388-101c-1000--629]-9618&noUDP&sock=2460_ef11_3>
...
006 (5991073.000.000) 06/26 03:43:44 Image size of job updated: 287968
	206  -  MemoryUsage of job (MB)
	210876  -  ResidentSetSize of job (KB)
...
005 (5991073.000.000) 06/26 03:47:03 Job terminated.
	(1) Normal termination (return value 0)
		Usr 0 00:02:13, Sys 0 00:00:05  -  Run Remote Usage
		Usr 0 00:00:00, Sys 0 00:00:00  -  Run Local Usage
		Usr 0 00:02:13, Sys 0 00:00:05  -  Total Remote Usage
		Usr 0 00:00:00, Sys 0 00:00:00  -  Total Local Usage
	64935  -  Run Bytes Sent By Job
	8650366  -  Run Bytes Received By Job
	64935  -  Total Bytes Sent By Job
	8650366  -  Total Bytes Received By Job
	Partitionable Resources :    Usage  Request Allocated 
	   Cpus                 :     0.66        1         1 
	   Disk (KB)            :  8573     2048000  18345259 
	   Memory (MB)          :   206        1992      2048 
...
