000 (5991043.000.000) 06/26 03:40:38 Job submitted from host: <144.92.181.245:9618?addrs=144.92.181.245-9618+[2607-f388-101c-1000--372]-9618&noUDP&sock=3375869_eb73_3>
...
001 (5991043.000.000) 06/26 03:42:21 Job executing on host: <144.92.180.150:9618?addrs=144.92.180.150-9618+[2607-f388-101c-1000--629]-9618&noUDP&sock=3138_fc47_3>
...
006 (5991043.000.000) 06/26 03:42:29 Image size of job updated: 315064
	203  -  MemoryUsage of job (MB)
	207288  -  ResidentSetSize of job (KB)
...
005 (5991043.000.000) 06/26 03:47:20 Job terminated.
	(1) Normal termination (return value 0)
		Usr 0 00:03:20, Sys 0 00:00:11  -  Run Remote Usage
		Usr 0 00:00:00, Sys 0 00:00:00  -  Run Local Usage
		Usr 0 00:03:20, Sys 0 00:00:11  -  Total Remote Usage
		Usr 0 00:00:00, Sys 0 00:00:00  -  Total Local Usage
	64645  -  Run Bytes Sent By Job
	8650390  -  Run Bytes Received By Job
	64645  -  Total Bytes Sent By Job
	8650390  -  Total Bytes Received By Job
	Partitionable Resources :    Usage  Request Allocated 
	   Cpus                 :     0.76        1         1 
	   Disk (KB)            :  8573     2048000  18994808 
	   Memory (MB)          :   203        1992      2048 
...
