000 (5991038.000.000) 06/26 03:40:35 Job submitted from host: <144.92.181.245:9618?addrs=144.92.181.245-9618+[2607-f388-101c-1000--372]-9618&noUDP&sock=3375869_eb73_3>
...
001 (5991038.000.000) 06/26 03:42:20 Job executing on host: <144.92.180.34:9618?addrs=144.92.180.34-9618+[2607-f388-101c-1000--629]-9618&noUDP&sock=2306_4d7b_3>
...
006 (5991038.000.000) 06/26 03:42:29 Image size of job updated: 277588
	199  -  MemoryUsage of job (MB)
	203336  -  ResidentSetSize of job (KB)
...
005 (5991038.000.000) 06/26 03:42:51 Job terminated.
	(1) Normal termination (return value 0)
		Usr 0 00:00:18, Sys 0 00:00:01  -  Run Remote Usage
		Usr 0 00:00:00, Sys 0 00:00:00  -  Run Local Usage
		Usr 0 00:00:18, Sys 0 00:00:01  -  Total Remote Usage
		Usr 0 00:00:00, Sys 0 00:00:00  -  Total Local Usage
	54421  -  Run Bytes Sent By Job
	8650378  -  Run Bytes Received By Job
	54421  -  Total Bytes Sent By Job
	8650378  -  Total Bytes Received By Job
	Partitionable Resources :    Usage  Request Allocated 
	   Cpus                 :     0.03        1         1 
	   Disk (KB)            :  8561     2048000  18354075 
	   Memory (MB)          :   199        1992      2048 
...
