000 (5991012.000.000) 06/26 03:40:20 Job submitted from host: <144.92.181.245:9618?addrs=144.92.181.245-9618+[2607-f388-101c-1000--372]-9618&noUDP&sock=3375869_eb73_3>
...
001 (5991012.000.000) 06/26 03:41:24 Job executing on host: <128.104.227.19:9618?addrs=128.104.227.19-9618+[2607-f388-101c-1000--629]-9618&noUDP&sock=3325_407d_3>
...
006 (5991012.000.000) 06/26 03:41:32 Image size of job updated: 308248
	197  -  MemoryUsage of job (MB)
	201268  -  ResidentSetSize of job (KB)
...
005 (5991012.000.000) 06/26 03:42:18 Job terminated.
	(1) Normal termination (return value 0)
		Usr 0 00:00:30, Sys 0 00:00:01  -  Run Remote Usage
		Usr 0 00:00:00, Sys 0 00:00:00  -  Run Local Usage
		Usr 0 00:00:30, Sys 0 00:00:01  -  Total Remote Usage
		Usr 0 00:00:00, Sys 0 00:00:00  -  Total Local Usage
	119369  -  Run Bytes Sent By Job
	8650411  -  Run Bytes Received By Job
	119369  -  Total Bytes Sent By Job
	8650411  -  Total Bytes Received By Job
	Partitionable Resources :    Usage  Request Allocated 
	   Cpus                 :     0.69        1         1 
	   Disk (KB)            :  8626     2048000  18991510 
	   Memory (MB)          :   197        1992      2048 
...
