000 (5991021.000.000) 06/26 03:40:25 Job submitted from host: <144.92.181.245:9618?addrs=144.92.181.245-9618+[2607-f388-101c-1000--372]-9618&noUDP&sock=3375869_eb73_3>
...
001 (5991021.000.000) 06/26 03:41:26 Job executing on host: <144.92.180.150:9618?addrs=144.92.180.150-9618+[2607-f388-101c-1000--629]-9618&noUDP&sock=3138_fc47_3>
...
006 (5991021.000.000) 06/26 03:41:26 Image size of job updated: 152
	1  -  MemoryUsage of job (MB)
	80  -  ResidentSetSize of job (KB)
...
004 (5991021.000.000) 06/26 03:41:26 Job was evicted.
	(0) Job terminated and was requeued
		Usr 0 00:00:00, Sys 0 00:00:00  -  Run Remote Usage
		Usr 0 00:00:00, Sys 0 00:00:00  -  Run Local Usage
	104  -  Run Bytes Sent By Job
	8648051  -  Run Bytes Received By Job
	(1) Normal termination (return value 126)
	The job attribute OnExitRemove expression '(ExitBySignal == false && (ExitCode == 0 || ExitCode == 42 || NumJobStarts > 3))' evaluated to FALSE
...
001 (5991021.000.000) 06/26 03:41:41 Job executing on host: <144.92.181.232:9618?addrs=144.92.181.232-9618+[2607-f388-101c-1000--629]-9618&noUDP&sock=2463_fdda_3>
...
006 (5991021.000.000) 06/26 03:41:50 Image size of job updated: 307100
	195  -  MemoryUsage of job (MB)
	198860  -  ResidentSetSize of job (KB)
...
005 (5991021.000.000) 06/26 03:42:59 Job terminated.
	(1) Normal termination (return value 0)
		Usr 0 00:00:57, Sys 0 00:00:03  -  Run Remote Usage
		Usr 0 00:00:00, Sys 0 00:00:00  -  Run Local Usage
		Usr 0 00:00:57, Sys 0 00:00:03  -  Total Remote Usage
		Usr 0 00:00:00, Sys 0 00:00:00  -  Total Local Usage
	123787  -  Run Bytes Sent By Job
	8650396  -  Run Bytes Received By Job
	123891  -  Total Bytes Sent By Job
	17298448  -  Total Bytes Received By Job
	Partitionable Resources :    Usage  Request Allocated 
	   Cpus                 :     0.82        1         1 
	   Disk (KB)            :  8632     2048000  18504861 
	   Memory (MB)          :   195        1992      2048 
...
