000 (5991022.000.000) 06/26 03:40:26 Job submitted from host: <144.92.181.245:9618?addrs=144.92.181.245-9618+[2607-f388-101c-1000--372]-9618&noUDP&sock=3375869_eb73_3>
...
001 (5991022.000.000) 06/26 03:41:28 Job executing on host: <144.92.181.87:9618?addrs=144.92.181.87-9618+[2607-f388-101c-1000--629]-9618&noUDP&sock=2451_c2b7_3>
...
006 (5991022.000.000) 06/26 03:41:37 Image size of job updated: 301108
	191  -  MemoryUsage of job (MB)
	195012  -  ResidentSetSize of job (KB)
...
005 (5991022.000.000) 06/26 03:41:41 Job terminated.
	(1) Normal termination (return value 0)
		Usr 0 00:00:08, Sys 0 00:00:01  -  Run Remote Usage
		Usr 0 00:00:00, Sys 0 00:00:00  -  Run Local Usage
		Usr 0 00:00:08, Sys 0 00:00:01  -  Total Remote Usage
		Usr 0 00:00:00, Sys 0 00:00:00  -  Total Local Usage
	116306  -  Run Bytes Sent By Job
	8650396  -  Run Bytes Received By Job
	116306  -  Total Bytes Sent By Job
	8650396  -  Total Bytes Received By Job
	Partitionable Resources :    Usage  Request Allocated 
	   Cpus                 :     0.66        1         1 
	   Disk (KB)            :  8623     2048000  18514405 
	   Memory (MB)          :   191        1992      2048 
...
