000 (5991120.000.000) 06/26 03:41:39 Job submitted from host: <144.92.181.245:9618?addrs=144.92.181.245-9618+[2607-f388-101c-1000--372]-9618&noUDP&sock=3375869_eb73_3>
...
001 (5991120.000.000) 06/26 03:46:49 Job executing on host: <144.92.181.236:9618?addrs=144.92.181.236-9618+[2607-f388-101c-1000--629]-9618&noUDP&sock=2430_5b3a_3>
...
006 (5991120.000.000) 06/26 03:46:57 Image size of job updated: 331948
	220  -  MemoryUsage of job (MB)
	224400  -  ResidentSetSize of job (KB)
...
005 (5991120.000.000) 06/26 03:51:43 Job terminated.
	(1) Normal termination (return value 0)
		Usr 0 00:03:51, Sys 0 00:00:09  -  Run Remote Usage
		Usr 0 00:00:00, Sys 0 00:00:00  -  Run Local Usage
		Usr 0 00:03:51, Sys 0 00:00:09  -  Total Remote Usage
		Usr 0 00:00:00, Sys 0 00:00:00  -  Total Local Usage
	57353  -  Run Bytes Sent By Job
	8650365  -  Run Bytes Received By Job
	57353  -  Total Bytes Sent By Job
	8650365  -  Total Bytes Received By Job
	Partitionable Resources :    Usage  Request Allocated 
	   Cpus                 :     0.86        1         1 
	   Disk (KB)            :  8566     2048000  18510640 
	   Memory (MB)          :   220        1992      2048 
...
