000 (5991113.000.000) 06/26 03:41:34 Job submitted from host: <144.92.181.245:9618?addrs=144.92.181.245-9618+[2607-f388-101c-1000--372]-9618&noUDP&sock=3375869_eb73_3>
...
001 (5991113.000.000) 06/26 03:46:13 Job executing on host: <144.92.180.149:9618?addrs=144.92.180.149-9618+[2607-f388-101c-1000--629]-9618&noUDP&sock=3142_baa8_3>
...
006 (5991113.000.000) 06/26 03:46:22 Image size of job updated: 355340
	243  -  MemoryUsage of job (MB)
	248032  -  ResidentSetSize of job (KB)
...
005 (5991113.000.000) 06/26 03:48:38 Job terminated.
	(1) Normal termination (return value 0)
		Usr 0 00:01:45, Sys 0 00:00:04  -  Run Remote Usage
		Usr 0 00:00:00, Sys 0 00:00:00  -  Run Local Usage
		Usr 0 00:01:45, Sys 0 00:00:04  -  Total Remote Usage
		Usr 0 00:00:00, Sys 0 00:00:00  -  Total Local Usage
	55089  -  Run Bytes Sent By Job
	8650365  -  Run Bytes Received By Job
	55089  -  Total Bytes Sent By Job
	8650365  -  Total Bytes Received By Job
	Partitionable Resources :    Usage  Request Allocated 
	   Cpus                 :     0.82        1         1 
	   Disk (KB)            :  8564     2048000  18994705 
	   Memory (MB)          :   243        1992      2048 
...
