000 (5991019.000.000) 06/26 03:40:24 Job submitted from host: <144.92.181.245:9618?addrs=144.92.181.245-9618+[2607-f388-101c-1000--372]-9618&noUDP&sock=3375869_eb73_3>
...
001 (5991019.000.000) 06/26 03:41:24 Job executing on host: <144.92.181.71:9618?addrs=144.92.181.71-9618+[2607-f388-101c-1000--629]-9618&noUDP&sock=2519_6728_3>
...
006 (5991019.000.000) 06/26 03:41:33 Image size of job updated: 198520
	194  -  MemoryUsage of job (MB)
	197876  -  ResidentSetSize of job (KB)
...
005 (5991019.000.000) 06/26 03:42:33 Job terminated.
	(1) Normal termination (return value 0)
		Usr 0 00:00:44, Sys 0 00:00:02  -  Run Remote Usage
		Usr 0 00:00:00, Sys 0 00:00:00  -  Run Local Usage
		Usr 0 00:00:44, Sys 0 00:00:02  -  Total Remote Usage
		Usr 0 00:00:00, Sys 0 00:00:00  -  Total Local Usage
	122116  -  Run Bytes Sent By Job
	8650396  -  Run Bytes Received By Job
	122116  -  Total Bytes Sent By Job
	8650396  -  Total Bytes Received By Job
	Partitionable Resources :    Usage  Request Allocated 
	   Cpus                 :     0.64        1         1 
	   Disk (KB)            :  8629     2048000  18513208 
	   Memory (MB)          :   194        1992      2048 
...
