All files added.
Initializing chain.
.... DATA file ..... 
Coming in: 
nentries:1271429
Running over 1271429 events.
Finished entry 0/1271428
Finished entry 60000/1271428
Finished entry 120000/1271428
Finished entry 180000/1271428
Finished entry 240000/1271428
Finished entry 300000/1271428
Finished entry 360000/1271428
Finished entry 420000/1271428
Finished entry 480000/1271428
Finished entry 540000/1271428
Finished entry 600000/1271428
Finished entry 660000/1271428
Finished entry 720000/1271428
Finished entry 780000/1271428
Finished entry 840000/1271428
Finished entry 900000/1271428
Finished entry 960000/1271428
Finished entry 1020000/1271428
Finished entry 1080000/1271428
Finished entry 1140000/1271428
Finished entry 1200000/1271428
Finished entry 1260000/1271428
Finished entry 1271428/1271428
All events checked.
*******************************************
******************Jithin's original*************************
    Initial entries 1271429.000000
   Passing smikking 0.000000
Inspected genWeightd 1271429.000000   % change= 0.000000
   METFiltersPassed 1262590.000000   % change= 0.695202
    SingleTrgPassed 1033383.000000   % change= 18.153716
     GoodMuonPassed 730221.000000   % change= 29.336848
      GoodTauPassed 30819.000000   % change= 95.779497
         opp charge 25659.000000   % change= 16.742918
         after sf 1 0.000000   % change= 16.742918
         after sf 2 0.000000   % change= 16.742918
         after sf 3 0.000000   % change= 16.742918
         after sf 4 25659.000000   % change= 16.742918
 PassedThirdLepVeto 25451.000000   % change= 0.810632
     PassedBjetVeto 23823.000000   % change= 6.396605
       DeltaRPassed 23769.000000   % change= 0.226672
      Total change :98.130529
*******************************************
*******************************************
Number of events inspected: 1271429
Number of events inspected (minus negative gen. weights): 1271429.000000
 Outpt written to SingleMuon_EraD_01.root
Real time 0:05:02, CP time 255.930
