000 (5991107.000.000) 06/26 03:41:30 Job submitted from host: <144.92.181.245:9618?addrs=144.92.181.245-9618+[2607-f388-101c-1000--372]-9618&noUDP&sock=3375869_eb73_3>
...
001 (5991107.000.000) 06/26 03:45:07 Job executing on host: <144.92.181.236:9618?addrs=144.92.181.236-9618+[2607-f388-101c-1000--629]-9618&noUDP&sock=2430_5b3a_3>
...
006 (5991107.000.000) 06/26 03:45:15 Image size of job updated: 354140
	241  -  MemoryUsage of job (MB)
	246164  -  ResidentSetSize of job (KB)
...
005 (5991107.000.000) 06/26 03:46:45 Job terminated.
	(1) Normal termination (return value 0)
		Usr 0 00:01:19, Sys 0 00:00:03  -  Run Remote Usage
		Usr 0 00:00:00, Sys 0 00:00:00  -  Run Local Usage
		Usr 0 00:01:19, Sys 0 00:00:03  -  Total Remote Usage
		Usr 0 00:00:00, Sys 0 00:00:00  -  Total Local Usage
	57192  -  Run Bytes Sent By Job
	8650365  -  Run Bytes Received By Job
	57192  -  Total Bytes Sent By Job
	8650365  -  Total Bytes Received By Job
	Partitionable Resources :    Usage  Request Allocated 
	   Cpus                 :     0.86        1         1 
	   Disk (KB)            :  8566     2048000  18510640 
	   Memory (MB)          :   241        1992      2048 
...
