000 (5991115.000.000) 06/26 03:41:35 Job submitted from host: <144.92.181.245:9618?addrs=144.92.181.245-9618+[2607-f388-101c-1000--372]-9618&noUDP&sock=3375869_eb73_3>
...
001 (5991115.000.000) 06/26 03:46:24 Job executing on host: <144.92.181.86:9618?addrs=144.92.181.86-9618+[2607-f388-101c-1000--629]-9618&noUDP&sock=2458_8fe1_3>
...
006 (5991115.000.000) 06/26 03:46:32 Image size of job updated: 337796
	225  -  MemoryUsage of job (MB)
	230204  -  ResidentSetSize of job (KB)
...
005 (5991115.000.000) 06/26 03:49:01 Job terminated.
	(1) Normal termination (return value 0)
		Usr 0 00:02:06, Sys 0 00:00:06  -  Run Remote Usage
		Usr 0 00:00:00, Sys 0 00:00:00  -  Run Local Usage
		Usr 0 00:02:06, Sys 0 00:00:06  -  Total Remote Usage
		Usr 0 00:00:00, Sys 0 00:00:00  -  Total Local Usage
	58464  -  Run Bytes Sent By Job
	8650365  -  Run Bytes Received By Job
	58464  -  Total Bytes Sent By Job
	8650365  -  Total Bytes Received By Job
	Partitionable Resources :    Usage  Request Allocated 
	   Cpus                 :        0        1         1 
	   Disk (KB)            :     8565  2048000  18498388 
	   Memory (MB)          :      225     1992      2048 
...
