000 (5991993.000.000) 06/26 09:10:28 Job submitted from host: <144.92.181.245:9618?addrs=144.92.181.245-9618+[2607-f388-101c-1000--372]-9618&noUDP&sock=3375869_eb73_3>
...
001 (5991993.000.000) 06/26 09:11:08 Job executing on host: <144.92.180.233:9618?addrs=144.92.180.233-9618+[2607-f388-101c-1000--629]-9618&noUDP&sock=3304_d900_3>
...
006 (5991993.000.000) 06/26 09:11:17 Image size of job updated: 298140
	187  -  MemoryUsage of job (MB)
	191448  -  ResidentSetSize of job (KB)
...
005 (5991993.000.000) 06/26 09:12:25 Job terminated.
	(1) Normal termination (return value 0)
		Usr 0 00:00:49, Sys 0 00:00:02  -  Run Remote Usage
		Usr 0 00:00:00, Sys 0 00:00:00  -  Run Local Usage
		Usr 0 00:00:49, Sys 0 00:00:02  -  Total Remote Usage
		Usr 0 00:00:00, Sys 0 00:00:00  -  Total Local Usage
	119403  -  Run Bytes Sent By Job
	8650390  -  Run Bytes Received By Job
	119403  -  Total Bytes Sent By Job
	8650390  -  Total Bytes Received By Job
	Partitionable Resources :    Usage  Request Allocated 
	   Cpus                 :     0.09        1         1 
	   Disk (KB)            :  8624     2048000  18992381 
	   Memory (MB)          :   187        1992      2048 
...
