000 (5991999.000.000) 06/26 09:10:34 Job submitted from host: <144.92.181.245:9618?addrs=144.92.181.245-9618+[2607-f388-101c-1000--372]-9618&noUDP&sock=3375869_eb73_3>
...
001 (5991999.000.000) 06/26 09:11:09 Job executing on host: <144.92.181.69:9618?addrs=144.92.181.69-9618+[2607-f388-101c-1000--629]-9618&noUDP&sock=2424_3da8_3>
...
006 (5991999.000.000) 06/26 09:11:17 Image size of job updated: 297816
	187  -  MemoryUsage of job (MB)
	190700  -  ResidentSetSize of job (KB)
...
005 (5991999.000.000) 06/26 09:11:26 Job terminated.
	(1) Normal termination (return value 0)
		Usr 0 00:00:09, Sys 0 00:00:01  -  Run Remote Usage
		Usr 0 00:00:00, Sys 0 00:00:00  -  Run Local Usage
		Usr 0 00:00:09, Sys 0 00:00:01  -  Total Remote Usage
		Usr 0 00:00:00, Sys 0 00:00:00  -  Total Local Usage
	121896  -  Run Bytes Sent By Job
	8650390  -  Run Bytes Received By Job
	121896  -  Total Bytes Sent By Job
	8650390  -  Total Bytes Received By Job
	Partitionable Resources :    Usage  Request Allocated 
	   Cpus                 :     0.09        1         1 
	   Disk (KB)            :  8629     2048000  18505026 
	   Memory (MB)          :   187        1992      2048 
...
