000 (5991995.000.000) 06/26 09:10:29 Job submitted from host: <144.92.181.245:9618?addrs=144.92.181.245-9618+[2607-f388-101c-1000--372]-9618&noUDP&sock=3375869_eb73_3>
...
001 (5991995.000.000) 06/26 09:11:08 Job executing on host: <128.104.227.60:9618?addrs=128.104.227.60-9618+[2607-f388-101c-1000--629]-9618&noUDP&sock=3414_4c6b_3>
...
006 (5991995.000.000) 06/26 09:11:17 Image size of job updated: 296828
	187  -  MemoryUsage of job (MB)
	191380  -  ResidentSetSize of job (KB)
...
005 (5991995.000.000) 06/26 09:12:36 Job terminated.
	(1) Normal termination (return value 0)
		Usr 0 00:00:50, Sys 0 00:00:03  -  Run Remote Usage
		Usr 0 00:00:00, Sys 0 00:00:00  -  Run Local Usage
		Usr 0 00:00:50, Sys 0 00:00:03  -  Total Remote Usage
		Usr 0 00:00:00, Sys 0 00:00:00  -  Total Local Usage
	119461  -  Run Bytes Sent By Job
	8650390  -  Run Bytes Received By Job
	119461  -  Total Bytes Sent By Job
	8650390  -  Total Bytes Received By Job
	Partitionable Resources :    Usage  Request Allocated 
	   Cpus                 :        0        1         1 
	   Disk (KB)            :     8624  2048000  18991003 
	   Memory (MB)          :      187     1992      2048 
...
