000 (5992022.000.000) 06/26 09:10:48 Job submitted from host: <144.92.181.245:9618?addrs=144.92.181.245-9618+[2607-f388-101c-1000--372]-9618&noUDP&sock=3375869_eb73_3>
...
001 (5992022.000.000) 06/26 09:11:40 Job executing on host: <144.92.181.71:9618?addrs=144.92.181.71-9618+[2607-f388-101c-1000--629]-9618&noUDP&sock=2519_6728_3>
...
006 (5992022.000.000) 06/26 09:11:48 Image size of job updated: 297544
	186  -  MemoryUsage of job (MB)
	190208  -  ResidentSetSize of job (KB)
...
006 (5992022.000.000) 06/26 09:12:16 Image size of job updated: 297544
	186  -  MemoryUsage of job (MB)
	190212  -  ResidentSetSize of job (KB)
...
005 (5992022.000.000) 06/26 09:12:16 Job terminated.
	(1) Normal termination (return value 0)
		Usr 0 00:00:26, Sys 0 00:00:02  -  Run Remote Usage
		Usr 0 00:00:00, Sys 0 00:00:00  -  Run Local Usage
		Usr 0 00:00:26, Sys 0 00:00:02  -  Total Remote Usage
		Usr 0 00:00:00, Sys 0 00:00:00  -  Total Local Usage
	66535  -  Run Bytes Sent By Job
	8650402  -  Run Bytes Received By Job
	66535  -  Total Bytes Sent By Job
	8650402  -  Total Bytes Received By Job
	Partitionable Resources :    Usage  Request Allocated 
	   Cpus                 :     0.79        1         1 
	   Disk (KB)            :  8575     2048000  18513208 
	   Memory (MB)          :   186        1992      2048 
...
