000 (5992079.000.000) 06/26 09:11:28 Job submitted from host: <144.92.181.245:9618?addrs=144.92.181.245-9618+[2607-f388-101c-1000--372]-9618&noUDP&sock=3375869_eb73_3>
...
001 (5992079.000.000) 06/26 09:13:32 Job executing on host: <144.92.181.74:9618?addrs=144.92.181.74-9618+[2607-f388-101c-1000--629]-9618&noUDP&sock=2458_8fe1_3>
...
006 (5992079.000.000) 06/26 09:13:36 Image size of job updated: 1620
	0  -  MemoryUsage of job (MB)
	0  -  ResidentSetSize of job (KB)
...
005 (5992079.000.000) 06/26 09:13:37 Job terminated.
	(1) Normal termination (return value 0)
		Usr 0 00:00:01, Sys 0 00:00:00  -  Run Remote Usage
		Usr 0 00:00:00, Sys 0 00:00:00  -  Run Local Usage
		Usr 0 00:00:01, Sys 0 00:00:00  -  Total Remote Usage
		Usr 0 00:00:00, Sys 0 00:00:00  -  Total Local Usage
	8846  -  Run Bytes Sent By Job
	8650387  -  Run Bytes Received By Job
	8846  -  Total Bytes Sent By Job
	8650387  -  Total Bytes Received By Job
	Partitionable Resources :    Usage  Request Allocated 
	   Cpus                 :        0        1         1 
	   Disk (KB)            :     8516  2048000  18508396 
	   Memory (MB)          :        0     1992      2048 
...
