000 (5992123.000.000) 06/26 09:12:11 Job submitted from host: <144.92.181.245:9618?addrs=144.92.181.245-9618+[2607-f388-101c-1000--372]-9618&noUDP&sock=3375869_eb73_3>
...
001 (5992123.000.000) 06/26 09:16:46 Job executing on host: <144.92.180.34:9618?addrs=144.92.180.34-9618+[2607-f388-101c-1000--629]-9618&noUDP&sock=2306_4d7b_3>
...
006 (5992123.000.000) 06/26 09:16:54 Image size of job updated: 374388
	260  -  MemoryUsage of job (MB)
	265540  -  ResidentSetSize of job (KB)
...
005 (5992123.000.000) 06/26 09:20:57 Job terminated.
	(1) Normal termination (return value 0)
		Usr 0 00:03:04, Sys 0 00:00:10  -  Run Remote Usage
		Usr 0 00:00:00, Sys 0 00:00:00  -  Run Local Usage
		Usr 0 00:03:04, Sys 0 00:00:10  -  Total Remote Usage
		Usr 0 00:00:00, Sys 0 00:00:00  -  Total Local Usage
	55233  -  Run Bytes Sent By Job
	8650365  -  Run Bytes Received By Job
	55233  -  Total Bytes Sent By Job
	8650365  -  Total Bytes Received By Job
	Partitionable Resources :    Usage  Request Allocated 
	   Cpus                 :     0.80        1         1 
	   Disk (KB)            :  8562     2048000  18354075 
	   Memory (MB)          :   260        1992      2048 
...
