000 (5992039.000.000) 06/26 09:11:01 Job submitted from host: <144.92.181.245:9618?addrs=144.92.181.245-9618+[2607-f388-101c-1000--372]-9618&noUDP&sock=3375869_eb73_3>
...
001 (5992039.000.000) 06/26 09:12:26 Job executing on host: <144.92.180.233:9618?addrs=144.92.180.233-9618+[2607-f388-101c-1000--629]-9618&noUDP&sock=3304_d900_3>
...
006 (5992039.000.000) 06/26 09:12:35 Image size of job updated: 310996
	200  -  MemoryUsage of job (MB)
	203916  -  ResidentSetSize of job (KB)
...
005 (5992039.000.000) 06/26 09:13:06 Job terminated.
	(1) Normal termination (return value 0)
		Usr 0 00:00:24, Sys 0 00:00:01  -  Run Remote Usage
		Usr 0 00:00:00, Sys 0 00:00:00  -  Run Local Usage
		Usr 0 00:00:24, Sys 0 00:00:01  -  Total Remote Usage
		Usr 0 00:00:00, Sys 0 00:00:00  -  Total Local Usage
	54976  -  Run Bytes Sent By Job
	8650378  -  Run Bytes Received By Job
	54976  -  Total Bytes Sent By Job
	8650378  -  Total Bytes Received By Job
	Partitionable Resources :    Usage  Request Allocated 
	   Cpus                 :        0        1         1 
	   Disk (KB)            :     8562  2048000  18992381 
	   Memory (MB)          :      200     1992      2048 
...
