000 (5992114.000.000) 06/26 09:12:03 Job submitted from host: <144.92.181.245:9618?addrs=144.92.181.245-9618+[2607-f388-101c-1000--372]-9618&noUDP&sock=3375869_eb73_3>
...
001 (5992114.000.000) 06/26 09:15:36 Job executing on host: <144.92.181.87:9618?addrs=144.92.181.87-9618+[2607-f388-101c-1000--629]-9618&noUDP&sock=2451_c2b7_3>
...
006 (5992114.000.000) 06/26 09:15:44 Image size of job updated: 346952
	237  -  MemoryUsage of job (MB)
	242616  -  ResidentSetSize of job (KB)
...
005 (5992114.000.000) 06/26 09:19:57 Job terminated.
	(1) Normal termination (return value 0)
		Usr 0 00:03:20, Sys 0 00:00:07  -  Run Remote Usage
		Usr 0 00:00:00, Sys 0 00:00:00  -  Run Local Usage
		Usr 0 00:03:20, Sys 0 00:00:07  -  Total Remote Usage
		Usr 0 00:00:00, Sys 0 00:00:00  -  Total Local Usage
	57204  -  Run Bytes Sent By Job
	8650365  -  Run Bytes Received By Job
	57204  -  Total Bytes Sent By Job
	8650365  -  Total Bytes Received By Job
	Partitionable Resources :    Usage  Request Allocated 
	   Cpus                 :     0.85        1         1 
	   Disk (KB)            :  8566     2048000  18514405 
	   Memory (MB)          :   237        1992      2048 
...
