000 (5992070.000.000) 06/26 09:11:22 Job submitted from host: <144.92.181.245:9618?addrs=144.92.181.245-9618+[2607-f388-101c-1000--372]-9618&noUDP&sock=3375869_eb73_3>
...
001 (5992070.000.000) 06/26 09:13:26 Job executing on host: <144.92.181.236:9618?addrs=144.92.181.236-9618+[2607-f388-101c-1000--629]-9618&noUDP&sock=2430_5b3a_3>
...
006 (5992070.000.000) 06/26 09:13:34 Image size of job updated: 319648
	206  -  MemoryUsage of job (MB)
	210880  -  ResidentSetSize of job (KB)
...
005 (5992070.000.000) 06/26 09:18:00 Job terminated.
	(1) Normal termination (return value 0)
		Usr 0 00:03:26, Sys 0 00:00:09  -  Run Remote Usage
		Usr 0 00:00:00, Sys 0 00:00:00  -  Run Local Usage
		Usr 0 00:03:26, Sys 0 00:00:09  -  Total Remote Usage
		Usr 0 00:00:00, Sys 0 00:00:00  -  Total Local Usage
	67115  -  Run Bytes Sent By Job
	8650366  -  Run Bytes Received By Job
	67115  -  Total Bytes Sent By Job
	8650366  -  Total Bytes Received By Job
	Partitionable Resources :    Usage  Request Allocated 
	   Cpus                 :     0.77        1         1 
	   Disk (KB)            :  8575     2048000  18510640 
	   Memory (MB)          :   206        1992      2048 
...
