000 (5992011.000.000) 06/26 09:10:42 Job submitted from host: <144.92.181.245:9618?addrs=144.92.181.245-9618+[2607-f388-101c-1000--372]-9618&noUDP&sock=3375869_eb73_3>
...
001 (5992011.000.000) 06/26 09:11:28 Job executing on host: <144.92.181.69:9618?addrs=144.92.181.69-9618+[2607-f388-101c-1000--629]-9618&noUDP&sock=2424_3da8_3>
...
006 (5992011.000.000) 06/26 09:11:37 Image size of job updated: 303076
	191  -  MemoryUsage of job (MB)
	194896  -  ResidentSetSize of job (KB)
...
005 (5992011.000.000) 06/26 09:12:28 Job terminated.
	(1) Normal termination (return value 0)
		Usr 0 00:00:42, Sys 0 00:00:02  -  Run Remote Usage
		Usr 0 00:00:00, Sys 0 00:00:00  -  Run Local Usage
		Usr 0 00:00:42, Sys 0 00:00:02  -  Total Remote Usage
		Usr 0 00:00:00, Sys 0 00:00:00  -  Total Local Usage
	126745  -  Run Bytes Sent By Job
	8650411  -  Run Bytes Received By Job
	126745  -  Total Bytes Sent By Job
	8650411  -  Total Bytes Received By Job
	Partitionable Resources :    Usage  Request Allocated 
	   Cpus                 :     0.72        1         1 
	   Disk (KB)            :  8634     2048000  18505026 
	   Memory (MB)          :   191        1992      2048 
...
