000 (5992093.000.000) 06/26 09:11:39 Job submitted from host: <144.92.181.245:9618?addrs=144.92.181.245-9618+[2607-f388-101c-1000--372]-9618&noUDP&sock=3375869_eb73_3>
...
001 (5992093.000.000) 06/26 09:13:41 Job executing on host: <144.92.181.69:9618?addrs=144.92.181.69-9618+[2607-f388-101c-1000--629]-9618&noUDP&sock=2424_3da8_3>
...
006 (5992093.000.000) 06/26 09:13:50 Image size of job updated: 237624
	204  -  MemoryUsage of job (MB)
	207932  -  ResidentSetSize of job (KB)
...
005 (5992093.000.000) 06/26 09:16:25 Job terminated.
	(1) Normal termination (return value 0)
		Usr 0 00:02:02, Sys 0 00:00:06  -  Run Remote Usage
		Usr 0 00:00:00, Sys 0 00:00:00  -  Run Local Usage
		Usr 0 00:02:02, Sys 0 00:00:06  -  Total Remote Usage
		Usr 0 00:00:00, Sys 0 00:00:00  -  Total Local Usage
	67083  -  Run Bytes Sent By Job
	8650360  -  Run Bytes Received By Job
	67083  -  Total Bytes Sent By Job
	8650360  -  Total Bytes Received By Job
	Partitionable Resources :    Usage  Request Allocated 
	   Cpus                 :     0.72        1         1 
	   Disk (KB)            :  8575     2048000  18505026 
	   Memory (MB)          :   204        1992      2048 
...
