000 (5992099.000.000) 06/26 09:11:55 Job submitted from host: <144.92.181.245:9618?addrs=144.92.181.245-9618+[2607-f388-101c-1000--372]-9618&noUDP&sock=3375869_eb73_3>
...
001 (5992099.000.000) 06/26 09:13:50 Job executing on host: <144.92.181.71:9618?addrs=144.92.181.71-9618+[2607-f388-101c-1000--629]-9618&noUDP&sock=2519_6728_3>
...
006 (5992099.000.000) 06/26 09:13:59 Image size of job updated: 364824
	252  -  MemoryUsage of job (MB)
	257204  -  ResidentSetSize of job (KB)
...
005 (5992099.000.000) 06/26 09:17:24 Job terminated.
	(1) Normal termination (return value 0)
		Usr 0 00:02:46, Sys 0 00:00:07  -  Run Remote Usage
		Usr 0 00:00:00, Sys 0 00:00:00  -  Run Local Usage
		Usr 0 00:02:46, Sys 0 00:00:07  -  Total Remote Usage
		Usr 0 00:00:00, Sys 0 00:00:00  -  Total Local Usage
	58588  -  Run Bytes Sent By Job
	8650365  -  Run Bytes Received By Job
	58588  -  Total Bytes Sent By Job
	8650365  -  Total Bytes Received By Job
	Partitionable Resources :    Usage  Request Allocated 
	   Cpus                 :     0.84        1         1 
	   Disk (KB)            :  8567     2048000  18513208 
	   Memory (MB)          :   252        1992      2048 
...
