000 (5992063.000.000) 06/26 09:11:18 Job submitted from host: <144.92.181.245:9618?addrs=144.92.181.245-9618+[2607-f388-101c-1000--372]-9618&noUDP&sock=3375869_eb73_3>
...
001 (5992063.000.000) 06/26 09:13:04 Job executing on host: <144.92.181.71:9618?addrs=144.92.181.71-9618+[2607-f388-101c-1000--629]-9618&noUDP&sock=2519_6728_3>
...
006 (5992063.000.000) 06/26 09:13:13 Image size of job updated: 291776
	193  -  MemoryUsage of job (MB)
	197376  -  ResidentSetSize of job (KB)
...
005 (5992063.000.000) 06/26 09:13:34 Job terminated.
	(1) Normal termination (return value 0)
		Usr 0 00:00:19, Sys 0 00:00:01  -  Run Remote Usage
		Usr 0 00:00:00, Sys 0 00:00:00  -  Run Local Usage
		Usr 0 00:00:19, Sys 0 00:00:01  -  Total Remote Usage
		Usr 0 00:00:00, Sys 0 00:00:00  -  Total Local Usage
	64105  -  Run Bytes Sent By Job
	8650372  -  Run Bytes Received By Job
	64105  -  Total Bytes Sent By Job
	8650372  -  Total Bytes Received By Job
	Partitionable Resources :    Usage  Request Allocated 
	   Cpus                 :     0.62        1         1 
	   Disk (KB)            :  8572     2048000  18513208 
	   Memory (MB)          :   193        1992      2048 
...
