000 (5992089.000.000) 06/26 09:11:36 Job submitted from host: <144.92.181.245:9618?addrs=144.92.181.245-9618+[2607-f388-101c-1000--372]-9618&noUDP&sock=3375869_eb73_3>
...
001 (5992089.000.000) 06/26 09:13:39 Job executing on host: <144.92.181.74:9618?addrs=144.92.181.74-9618+[2607-f388-101c-1000--629]-9618&noUDP&sock=2458_8fe1_3>
...
006 (5992089.000.000) 06/26 09:13:47 Image size of job updated: 308940
	199  -  MemoryUsage of job (MB)
	203140  -  ResidentSetSize of job (KB)
...
005 (5992089.000.000) 06/26 09:17:10 Job terminated.
	(1) Normal termination (return value 0)
		Usr 0 00:02:27, Sys 0 00:00:06  -  Run Remote Usage
		Usr 0 00:00:00, Sys 0 00:00:00  -  Run Local Usage
		Usr 0 00:02:27, Sys 0 00:00:06  -  Total Remote Usage
		Usr 0 00:00:00, Sys 0 00:00:00  -  Total Local Usage
	69752  -  Run Bytes Sent By Job
	8650342  -  Run Bytes Received By Job
	69752  -  Total Bytes Sent By Job
	8650342  -  Total Bytes Received By Job
	Partitionable Resources :    Usage  Request Allocated 
	   Cpus                 :     0.75        1         1 
	   Disk (KB)            :  8576     2048000  18508396 
	   Memory (MB)          :   199        1992      2048 
...
