000 (5992021.000.000) 06/26 09:10:48 Job submitted from host: <144.92.181.245:9618?addrs=144.92.181.245-9618+[2607-f388-101c-1000--372]-9618&noUDP&sock=3375869_eb73_3>
...
001 (5992021.000.000) 06/26 09:11:40 Job executing on host: <144.92.181.74:9618?addrs=144.92.181.74-9618+[2607-f388-101c-1000--629]-9618&noUDP&sock=2458_8fe1_3>
...
006 (5992021.000.000) 06/26 09:11:48 Image size of job updated: 299280
	189  -  MemoryUsage of job (MB)
	192700  -  ResidentSetSize of job (KB)
...
005 (5992021.000.000) 06/26 09:13:06 Job terminated.
	(1) Normal termination (return value 0)
		Usr 0 00:00:59, Sys 0 00:00:04  -  Run Remote Usage
		Usr 0 00:00:00, Sys 0 00:00:00  -  Run Local Usage
		Usr 0 00:00:59, Sys 0 00:00:04  -  Total Remote Usage
		Usr 0 00:00:00, Sys 0 00:00:00  -  Total Local Usage
	66254  -  Run Bytes Sent By Job
	8650417  -  Run Bytes Received By Job
	66254  -  Total Bytes Sent By Job
	8650417  -  Total Bytes Received By Job
	Partitionable Resources :    Usage  Request Allocated 
	   Cpus                 :     0.72        1         1 
	   Disk (KB)            :  8574     2048000  18508396 
	   Memory (MB)          :   189        1992      2048 
...
