000 (5992003.000.000) 06/26 09:10:37 Job submitted from host: <144.92.181.245:9618?addrs=144.92.181.245-9618+[2607-f388-101c-1000--372]-9618&noUDP&sock=3375869_eb73_3>
...
001 (5992003.000.000) 06/26 09:11:09 Job executing on host: <144.92.181.86:9618?addrs=144.92.181.86-9618+[2607-f388-101c-1000--629]-9618&noUDP&sock=2458_8fe1_3>
...
006 (5992003.000.000) 06/26 09:11:18 Image size of job updated: 310120
	198  -  MemoryUsage of job (MB)
	202152  -  ResidentSetSize of job (KB)
...
005 (5992003.000.000) 06/26 09:11:20 Job terminated.
	(1) Normal termination (return value 0)
		Usr 0 00:00:04, Sys 0 00:00:01  -  Run Remote Usage
		Usr 0 00:00:00, Sys 0 00:00:00  -  Run Local Usage
		Usr 0 00:00:04, Sys 0 00:00:01  -  Total Remote Usage
		Usr 0 00:00:00, Sys 0 00:00:00  -  Total Local Usage
	97699  -  Run Bytes Sent By Job
	8650399  -  Run Bytes Received By Job
	97699  -  Total Bytes Sent By Job
	8650399  -  Total Bytes Received By Job
	Partitionable Resources :    Usage  Request Allocated 
	   Cpus                 :        0        1         1 
	   Disk (KB)            :     8603  2048000  18498388 
	   Memory (MB)          :      198     1992      2048 
...
