000 (5992035.000.000) 06/26 09:10:59 Job submitted from host: <144.92.181.245:9618?addrs=144.92.181.245-9618+[2607-f388-101c-1000--372]-9618&noUDP&sock=3375869_eb73_3>
...
001 (5992035.000.000) 06/26 09:12:10 Job executing on host: <144.92.181.232:9618?addrs=144.92.181.232-9618+[2607-f388-101c-1000--629]-9618&noUDP&sock=2463_fdda_3>
...
006 (5992035.000.000) 06/26 09:12:19 Image size of job updated: 309432
	199  -  MemoryUsage of job (MB)
	203388  -  ResidentSetSize of job (KB)
...
005 (5992035.000.000) 06/26 09:12:46 Job terminated.
	(1) Normal termination (return value 0)
		Usr 0 00:00:21, Sys 0 00:00:01  -  Run Remote Usage
		Usr 0 00:00:00, Sys 0 00:00:00  -  Run Local Usage
		Usr 0 00:00:21, Sys 0 00:00:01  -  Total Remote Usage
		Usr 0 00:00:00, Sys 0 00:00:00  -  Total Local Usage
	56682  -  Run Bytes Sent By Job
	8650378  -  Run Bytes Received By Job
	56682  -  Total Bytes Sent By Job
	8650378  -  Total Bytes Received By Job
	Partitionable Resources :    Usage  Request Allocated 
	   Cpus                 :     0.78        1         1 
	   Disk (KB)            :  8565     2048000  18504861 
	   Memory (MB)          :   199        1992      2048 
...
