000 (5992032.000.000) 06/26 09:10:56 Job submitted from host: <144.92.181.245:9618?addrs=144.92.181.245-9618+[2607-f388-101c-1000--372]-9618&noUDP&sock=3375869_eb73_3>
...
001 (5992032.000.000) 06/26 09:12:09 Job executing on host: <144.92.181.241:9618?addrs=144.92.181.241-9618+[2607-f388-101c-1000--217]-9618&noUDP&sock=2417_707f_3>
...
006 (5992032.000.000) 06/26 09:12:18 Image size of job updated: 315576
	200  -  MemoryUsage of job (MB)
	204260  -  ResidentSetSize of job (KB)
...
005 (5992032.000.000) 06/26 09:13:14 Job terminated.
	(1) Normal termination (return value 0)
		Usr 0 00:00:39, Sys 0 00:00:02  -  Run Remote Usage
		Usr 0 00:00:00, Sys 0 00:00:00  -  Run Local Usage
		Usr 0 00:00:39, Sys 0 00:00:02  -  Total Remote Usage
		Usr 0 00:00:00, Sys 0 00:00:00  -  Total Local Usage
	56220  -  Run Bytes Sent By Job
	8650378  -  Run Bytes Received By Job
	56220  -  Total Bytes Sent By Job
	8650378  -  Total Bytes Received By Job
	Partitionable Resources :    Usage  Request Allocated 
	   Cpus                 :     0.62        1         1 
	   Disk (KB)            :  8564     2048000  18507741 
	   Memory (MB)          :   200        1992      2048 
...
