000 (5992108.000.000) 06/26 09:12:00 Job submitted from host: <144.92.181.245:9618?addrs=144.92.181.245-9618+[2607-f388-101c-1000--372]-9618&noUDP&sock=3375869_eb73_3>
...
001 (5992108.000.000) 06/26 09:14:28 Job executing on host: <144.92.181.71:9618?addrs=144.92.181.71-9618+[2607-f388-101c-1000--629]-9618&noUDP&sock=2519_6728_3>
...
006 (5992108.000.000) 06/26 09:14:37 Image size of job updated: 362700
	249  -  MemoryUsage of job (MB)
	254680  -  ResidentSetSize of job (KB)
...
005 (5992108.000.000) 06/26 09:15:01 Job terminated.
	(1) Normal termination (return value 0)
		Usr 0 00:00:24, Sys 0 00:00:01  -  Run Remote Usage
		Usr 0 00:00:00, Sys 0 00:00:00  -  Run Local Usage
		Usr 0 00:00:24, Sys 0 00:00:01  -  Total Remote Usage
		Usr 0 00:00:00, Sys 0 00:00:00  -  Total Local Usage
	58708  -  Run Bytes Sent By Job
	8650365  -  Run Bytes Received By Job
	58708  -  Total Bytes Sent By Job
	8650365  -  Total Bytes Received By Job
	Partitionable Resources :    Usage  Request Allocated 
	   Cpus                 :     0.82        1         1 
	   Disk (KB)            :  8567     2048000  18513208 
	   Memory (MB)          :   249        1992      2048 
...
