000 (5992067.000.000) 06/26 09:11:20 Job submitted from host: <144.92.181.245:9618?addrs=144.92.181.245-9618+[2607-f388-101c-1000--372]-9618&noUDP&sock=3375869_eb73_3>
...
001 (5992067.000.000) 06/26 09:13:12 Job executing on host: <144.92.181.87:9618?addrs=144.92.181.87-9618+[2607-f388-101c-1000--629]-9618&noUDP&sock=2451_c2b7_3>
...
006 (5992067.000.000) 06/26 09:13:21 Image size of job updated: 306812
	196  -  MemoryUsage of job (MB)
	200052  -  ResidentSetSize of job (KB)
...
005 (5992067.000.000) 06/26 09:13:24 Job terminated.
	(1) Normal termination (return value 0)
		Usr 0 00:00:06, Sys 0 00:00:01  -  Run Remote Usage
		Usr 0 00:00:00, Sys 0 00:00:00  -  Run Local Usage
		Usr 0 00:00:06, Sys 0 00:00:01  -  Total Remote Usage
		Usr 0 00:00:00, Sys 0 00:00:00  -  Total Local Usage
	64619  -  Run Bytes Sent By Job
	8650360  -  Run Bytes Received By Job
	64619  -  Total Bytes Sent By Job
	8650360  -  Total Bytes Received By Job
	Partitionable Resources :    Usage  Request Allocated 
	   Cpus                 :     0.06        1         1 
	   Disk (KB)            :  8571     2048000  18514405 
	   Memory (MB)          :   196        1992      2048 
...
