000 (5992031.000.000) 06/26 09:10:56 Job submitted from host: <144.92.181.245:9618?addrs=144.92.181.245-9618+[2607-f388-101c-1000--372]-9618&noUDP&sock=3375869_eb73_3>
...
001 (5992031.000.000) 06/26 09:12:09 Job executing on host: <144.92.180.34:9618?addrs=144.92.180.34-9618+[2607-f388-101c-1000--629]-9618&noUDP&sock=2306_4d7b_3>
...
006 (5992031.000.000) 06/26 09:12:18 Image size of job updated: 313260
	201  -  MemoryUsage of job (MB)
	205436  -  ResidentSetSize of job (KB)
...
006 (5992031.000.000) 06/26 09:13:24 Image size of job updated: 313260
	201  -  MemoryUsage of job (MB)
	205444  -  ResidentSetSize of job (KB)
...
005 (5992031.000.000) 06/26 09:13:24 Job terminated.
	(1) Normal termination (return value 0)
		Usr 0 00:00:37, Sys 0 00:00:02  -  Run Remote Usage
		Usr 0 00:00:00, Sys 0 00:00:00  -  Run Local Usage
		Usr 0 00:00:37, Sys 0 00:00:02  -  Total Remote Usage
		Usr 0 00:00:00, Sys 0 00:00:00  -  Total Local Usage
	56348  -  Run Bytes Sent By Job
	8650378  -  Run Bytes Received By Job
	56348  -  Total Bytes Sent By Job
	8650378  -  Total Bytes Received By Job
	Partitionable Resources :    Usage  Request Allocated 
	   Cpus                 :     0.51        1         1 
	   Disk (KB)            :  8565     2048000  18354075 
	   Memory (MB)          :   201        1992      2048 
...
