000 (5992066.000.000) 06/26 09:11:19 Job submitted from host: <144.92.181.245:9618?addrs=144.92.181.245-9618+[2607-f388-101c-1000--372]-9618&noUDP&sock=3375869_eb73_3>
...
001 (5992066.000.000) 06/26 09:13:08 Job executing on host: <144.92.180.233:9618?addrs=144.92.180.233-9618+[2607-f388-101c-1000--629]-9618&noUDP&sock=3304_d900_3>
...
006 (5992066.000.000) 06/26 09:13:16 Image size of job updated: 304220
	194  -  MemoryUsage of job (MB)
	197900  -  ResidentSetSize of job (KB)
...
005 (5992066.000.000) 06/26 09:15:13 Job terminated.
	(1) Normal termination (return value 0)
		Usr 0 00:01:18, Sys 0 00:00:03  -  Run Remote Usage
		Usr 0 00:00:00, Sys 0 00:00:00  -  Run Local Usage
		Usr 0 00:01:18, Sys 0 00:00:03  -  Total Remote Usage
		Usr 0 00:00:00, Sys 0 00:00:00  -  Total Local Usage
	64519  -  Run Bytes Sent By Job
	8650393  -  Run Bytes Received By Job
	64519  -  Total Bytes Sent By Job
	8650393  -  Total Bytes Received By Job
	Partitionable Resources :    Usage  Request Allocated 
	   Cpus                 :     0.68        1         1 
	   Disk (KB)            :  8573     2048000  18992381 
	   Memory (MB)          :   194        1992      2048 
...
