000 (5992017.000.000) 06/26 09:10:46 Job submitted from host: <144.92.181.245:9618?addrs=144.92.181.245-9618+[2607-f388-101c-1000--372]-9618&noUDP&sock=3375869_eb73_3>
...
001 (5992017.000.000) 06/26 09:11:39 Job executing on host: <144.92.181.87:9618?addrs=144.92.181.87-9618+[2607-f388-101c-1000--629]-9618&noUDP&sock=2451_c2b7_3>
...
006 (5992017.000.000) 06/26 09:11:48 Image size of job updated: 200268
	195  -  MemoryUsage of job (MB)
	198916  -  ResidentSetSize of job (KB)
...
005 (5992017.000.000) 06/26 09:12:53 Job terminated.
	(1) Normal termination (return value 0)
		Usr 0 00:00:48, Sys 0 00:00:02  -  Run Remote Usage
		Usr 0 00:00:00, Sys 0 00:00:00  -  Run Local Usage
		Usr 0 00:00:48, Sys 0 00:00:02  -  Total Remote Usage
		Usr 0 00:00:00, Sys 0 00:00:00  -  Total Local Usage
	123229  -  Run Bytes Sent By Job
	8650396  -  Run Bytes Received By Job
	123229  -  Total Bytes Sent By Job
	8650396  -  Total Bytes Received By Job
	Partitionable Resources :    Usage  Request Allocated 
	   Cpus                 :     0.85        1         1 
	   Disk (KB)            :  8630     2048000  18514405 
	   Memory (MB)          :   195        1992      2048 
...
