000 (5992043.000.000) 06/26 09:11:04 Job submitted from host: <144.92.181.245:9618?addrs=144.92.181.245-9618+[2607-f388-101c-1000--372]-9618&noUDP&sock=3375869_eb73_3>
...
001 (5992043.000.000) 06/26 09:12:35 Job executing on host: <144.92.181.71:9618?addrs=144.92.181.71-9618+[2607-f388-101c-1000--629]-9618&noUDP&sock=2519_6728_3>
...
006 (5992043.000.000) 06/26 09:12:44 Image size of job updated: 315592
	202  -  MemoryUsage of job (MB)
	206680  -  ResidentSetSize of job (KB)
...
005 (5992043.000.000) 06/26 09:20:14 Job terminated.
	(1) Normal termination (return value 0)
		Usr 0 00:05:28, Sys 0 00:00:12  -  Run Remote Usage
		Usr 0 00:00:00, Sys 0 00:00:00  -  Run Local Usage
		Usr 0 00:05:28, Sys 0 00:00:12  -  Total Remote Usage
		Usr 0 00:00:00, Sys 0 00:00:00  -  Total Local Usage
	64944  -  Run Bytes Sent By Job
	8650390  -  Run Bytes Received By Job
	64944  -  Total Bytes Sent By Job
	8650390  -  Total Bytes Received By Job
	Partitionable Resources :    Usage  Request Allocated 
	   Cpus                 :     0.69        1         1 
	   Disk (KB)            :  8573     2048000  18513208 
	   Memory (MB)          :   202        1992      2048 
...
