000 (5992024.000.000) 06/26 09:10:50 Job submitted from host: <144.92.181.245:9618?addrs=144.92.181.245-9618+[2607-f388-101c-1000--372]-9618&noUDP&sock=3375869_eb73_3>
...
001 (5992024.000.000) 06/26 09:11:43 Job executing on host: <128.104.227.108:9618?addrs=128.104.227.108-9618+[2607-f388-101c-1000--57]-9618&noUDP&sock=3848_fc85_3>
...
006 (5992024.000.000) 06/26 09:11:52 Image size of job updated: 314688
	204  -  MemoryUsage of job (MB)
	208640  -  ResidentSetSize of job (KB)
...
005 (5992024.000.000) 06/26 09:12:37 Job terminated.
	(1) Normal termination (return value 0)
		Usr 0 00:00:36, Sys 0 00:00:01  -  Run Remote Usage
		Usr 0 00:00:00, Sys 0 00:00:00  -  Run Local Usage
		Usr 0 00:00:36, Sys 0 00:00:01  -  Total Remote Usage
		Usr 0 00:00:00, Sys 0 00:00:00  -  Total Local Usage
	64689  -  Run Bytes Sent By Job
	8650378  -  Run Bytes Received By Job
	64689  -  Total Bytes Sent By Job
	8650378  -  Total Bytes Received By Job
	Partitionable Resources :    Usage  Request Allocated 
	   Cpus                 :     0.76        1         1 
	   Disk (KB)            :  8571     2048000  18993683 
	   Memory (MB)          :   204        1992      2048 
...
