000 (5992046.000.000) 06/26 09:11:06 Job submitted from host: <144.92.181.245:9618?addrs=144.92.181.245-9618+[2607-f388-101c-1000--372]-9618&noUDP&sock=3375869_eb73_3>
...
001 (5992046.000.000) 06/26 09:12:37 Job executing on host: <128.104.227.60:9618?addrs=128.104.227.60-9618+[2607-f388-101c-1000--629]-9618&noUDP&sock=3414_4c6b_3>
...
006 (5992046.000.000) 06/26 09:12:46 Image size of job updated: 328948
	218  -  MemoryUsage of job (MB)
	222768  -  ResidentSetSize of job (KB)
...
005 (5992046.000.000) 06/26 09:12:51 Job terminated.
	(1) Normal termination (return value 0)
		Usr 0 00:00:07, Sys 0 00:00:00  -  Run Remote Usage
		Usr 0 00:00:00, Sys 0 00:00:00  -  Run Local Usage
		Usr 0 00:00:07, Sys 0 00:00:00  -  Total Remote Usage
		Usr 0 00:00:00, Sys 0 00:00:00  -  Total Local Usage
	63121  -  Run Bytes Sent By Job
	8650378  -  Run Bytes Received By Job
	63121  -  Total Bytes Sent By Job
	8650378  -  Total Bytes Received By Job
	Partitionable Resources :    Usage  Request Allocated 
	   Cpus                 :        0        1         1 
	   Disk (KB)            :     8570  2048000  18991003 
	   Memory (MB)          :      218     1992      2048 
...
