000 (5992086.000.000) 06/26 09:11:32 Job submitted from host: <144.92.181.245:9618?addrs=144.92.181.245-9618+[2607-f388-101c-1000--372]-9618&noUDP&sock=3375869_eb73_3>
...
001 (5992086.000.000) 06/26 09:13:37 Job executing on host: <144.92.181.86:9618?addrs=144.92.181.86-9618+[2607-f388-101c-1000--629]-9618&noUDP&sock=2458_8fe1_3>
...
006 (5992086.000.000) 06/26 09:13:45 Image size of job updated: 207436
	200  -  MemoryUsage of job (MB)
	204584  -  ResidentSetSize of job (KB)
...
005 (5992086.000.000) 06/26 09:13:46 Job terminated.
	(1) Normal termination (return value 0)
		Usr 0 00:00:05, Sys 0 00:00:01  -  Run Remote Usage
		Usr 0 00:00:00, Sys 0 00:00:00  -  Run Local Usage
		Usr 0 00:00:05, Sys 0 00:00:01  -  Total Remote Usage
		Usr 0 00:00:00, Sys 0 00:00:00  -  Total Local Usage
	41373  -  Run Bytes Sent By Job
	8650387  -  Run Bytes Received By Job
	41373  -  Total Bytes Sent By Job
	8650387  -  Total Bytes Received By Job
	Partitionable Resources :    Usage  Request Allocated 
	   Cpus                 :     0.31        1         1 
	   Disk (KB)            :  8550     2048000  18498388 
	   Memory (MB)          :   200        1992      2048 
...
