000 (5992045.000.000) 06/26 09:11:05 Job submitted from host: <144.92.181.245:9618?addrs=144.92.181.245-9618+[2607-f388-101c-1000--372]-9618&noUDP&sock=3375869_eb73_3>
...
001 (5992045.000.000) 06/26 09:12:37 Job executing on host: <144.92.180.39:9618?addrs=144.92.180.39-9618+[2607-f388-101c-1000--629]-9618&noUDP&sock=2460_ef11_3>
...
006 (5992045.000.000) 06/26 09:12:46 Image size of job updated: 302924
	192  -  MemoryUsage of job (MB)
	196300  -  ResidentSetSize of job (KB)
...
005 (5992045.000.000) 06/26 09:14:06 Job terminated.
	(1) Normal termination (return value 0)
		Usr 0 00:00:57, Sys 0 00:00:02  -  Run Remote Usage
		Usr 0 00:00:00, Sys 0 00:00:00  -  Run Local Usage
		Usr 0 00:00:57, Sys 0 00:00:02  -  Total Remote Usage
		Usr 0 00:00:00, Sys 0 00:00:00  -  Total Local Usage
	64942  -  Run Bytes Sent By Job
	8650369  -  Run Bytes Received By Job
	64942  -  Total Bytes Sent By Job
	8650369  -  Total Bytes Received By Job
	Partitionable Resources :    Usage  Request Allocated 
	   Cpus                 :     0.69        1         1 
	   Disk (KB)            :  8571     2048000  18345259 
	   Memory (MB)          :   192        1992      2048 
...
