000 (5992014.000.000) 06/26 09:10:44 Job submitted from host: <144.92.181.245:9618?addrs=144.92.181.245-9618+[2607-f388-101c-1000--372]-9618&noUDP&sock=3375869_eb73_3>
...
001 (5992014.000.000) 06/26 09:11:38 Job executing on host: <144.92.180.34:9618?addrs=144.92.180.34-9618+[2607-f388-101c-1000--629]-9618&noUDP&sock=2306_4d7b_3>
...
006 (5992014.000.000) 06/26 09:11:47 Image size of job updated: 322396
	191  -  MemoryUsage of job (MB)
	195172  -  ResidentSetSize of job (KB)
...
005 (5992014.000.000) 06/26 09:12:40 Job terminated.
	(1) Normal termination (return value 0)
		Usr 0 00:00:34, Sys 0 00:00:02  -  Run Remote Usage
		Usr 0 00:00:00, Sys 0 00:00:00  -  Run Local Usage
		Usr 0 00:00:34, Sys 0 00:00:02  -  Total Remote Usage
		Usr 0 00:00:00, Sys 0 00:00:00  -  Total Local Usage
	119107  -  Run Bytes Sent By Job
	8650396  -  Run Bytes Received By Job
	119107  -  Total Bytes Sent By Job
	8650396  -  Total Bytes Received By Job
	Partitionable Resources :    Usage  Request Allocated 
	   Cpus                 :     0.60        1         1 
	   Disk (KB)            :  8626     2048000  18354075 
	   Memory (MB)          :   191        1992      2048 
...
