000 (5992010.000.000) 06/26 09:10:42 Job submitted from host: <144.92.181.245:9618?addrs=144.92.181.245-9618+[2607-f388-101c-1000--372]-9618&noUDP&sock=3375869_eb73_3>
...
001 (5992010.000.000) 06/26 09:11:27 Job executing on host: <144.92.181.74:9618?addrs=144.92.181.74-9618+[2607-f388-101c-1000--629]-9618&noUDP&sock=2458_8fe1_3>
...
006 (5992010.000.000) 06/26 09:11:35 Image size of job updated: 302268
	192  -  MemoryUsage of job (MB)
	196288  -  ResidentSetSize of job (KB)
...
005 (5992010.000.000) 06/26 09:12:38 Job terminated.
	(1) Normal termination (return value 0)
		Usr 0 00:00:51, Sys 0 00:00:02  -  Run Remote Usage
		Usr 0 00:00:00, Sys 0 00:00:00  -  Run Local Usage
		Usr 0 00:00:51, Sys 0 00:00:02  -  Total Remote Usage
		Usr 0 00:00:00, Sys 0 00:00:00  -  Total Local Usage
	120585  -  Run Bytes Sent By Job
	8650411  -  Run Bytes Received By Job
	120585  -  Total Bytes Sent By Job
	8650411  -  Total Bytes Received By Job
	Partitionable Resources :    Usage  Request Allocated 
	   Cpus                 :     0.78        1         1 
	   Disk (KB)            :  8628     2048000  18508396 
	   Memory (MB)          :   192        1992      2048 
...
