000 (5992047.000.000) 06/26 09:11:07 Job submitted from host: <144.92.181.245:9618?addrs=144.92.181.245-9618+[2607-f388-101c-1000--372]-9618&noUDP&sock=3375869_eb73_3>
...
001 (5992047.000.000) 06/26 09:12:38 Job executing on host: <128.104.227.108:9618?addrs=128.104.227.108-9618+[2607-f388-101c-1000--57]-9618&noUDP&sock=3848_fc85_3>
...
006 (5992047.000.000) 06/26 09:12:47 Image size of job updated: 311628
	200  -  MemoryUsage of job (MB)
	203992  -  ResidentSetSize of job (KB)
...
005 (5992047.000.000) 06/26 09:15:52 Job terminated.
	(1) Normal termination (return value 0)
		Usr 0 00:02:14, Sys 0 00:00:04  -  Run Remote Usage
		Usr 0 00:00:00, Sys 0 00:00:00  -  Run Local Usage
		Usr 0 00:02:14, Sys 0 00:00:04  -  Total Remote Usage
		Usr 0 00:00:00, Sys 0 00:00:00  -  Total Local Usage
	65186  -  Run Bytes Sent By Job
	8650345  -  Run Bytes Received By Job
	65186  -  Total Bytes Sent By Job
	8650345  -  Total Bytes Received By Job
	Partitionable Resources :    Usage  Request Allocated 
	   Cpus                 :     0.05        1         1 
	   Disk (KB)            :  8572     2048000  18993683 
	   Memory (MB)          :   200        1992      2048 
...
