000 (5992116.000.000) 06/26 09:12:04 Job submitted from host: <144.92.181.245:9618?addrs=144.92.181.245-9618+[2607-f388-101c-1000--372]-9618&noUDP&sock=3375869_eb73_3>
...
001 (5992116.000.000) 06/26 09:15:44 Job executing on host: <144.92.181.241:9618?addrs=144.92.181.241-9618+[2607-f388-101c-1000--217]-9618&noUDP&sock=2417_707f_3>
...
006 (5992116.000.000) 06/26 09:15:53 Image size of job updated: 345556
	233  -  MemoryUsage of job (MB)
	238268  -  ResidentSetSize of job (KB)
...
005 (5992116.000.000) 06/26 09:20:48 Job terminated.
	(1) Normal termination (return value 0)
		Usr 0 00:04:07, Sys 0 00:00:08  -  Run Remote Usage
		Usr 0 00:00:00, Sys 0 00:00:00  -  Run Local Usage
		Usr 0 00:04:07, Sys 0 00:00:08  -  Total Remote Usage
		Usr 0 00:00:00, Sys 0 00:00:00  -  Total Local Usage
	58676  -  Run Bytes Sent By Job
	8650365  -  Run Bytes Received By Job
	58676  -  Total Bytes Sent By Job
	8650365  -  Total Bytes Received By Job
	Partitionable Resources :    Usage  Request Allocated 
	   Cpus                 :     0.82        1         1 
	   Disk (KB)            :  8565     2048000  18507741 
	   Memory (MB)          :   233        1992      2048 
...
