000 (5992104.000.000) 06/26 09:11:58 Job submitted from host: <144.92.181.245:9618?addrs=144.92.181.245-9618+[2607-f388-101c-1000--372]-9618&noUDP&sock=3375869_eb73_3>
...
001 (5992104.000.000) 06/26 09:14:08 Job executing on host: <144.92.180.39:9618?addrs=144.92.180.39-9618+[2607-f388-101c-1000--629]-9618&noUDP&sock=2460_ef11_3>
...
006 (5992104.000.000) 06/26 09:14:16 Image size of job updated: 352624
	241  -  MemoryUsage of job (MB)
	246164  -  ResidentSetSize of job (KB)
...
005 (5992104.000.000) 06/26 09:15:36 Job terminated.
	(1) Normal termination (return value 0)
		Usr 0 00:01:03, Sys 0 00:00:03  -  Run Remote Usage
		Usr 0 00:00:00, Sys 0 00:00:00  -  Run Local Usage
		Usr 0 00:01:03, Sys 0 00:00:03  -  Total Remote Usage
		Usr 0 00:00:00, Sys 0 00:00:00  -  Total Local Usage
	55374  -  Run Bytes Sent By Job
	8650365  -  Run Bytes Received By Job
	55374  -  Total Bytes Sent By Job
	8650365  -  Total Bytes Received By Job
	Partitionable Resources :    Usage  Request Allocated 
	   Cpus                 :        0        1         1 
	   Disk (KB)            :     8562  2048000  18345259 
	   Memory (MB)          :      241     1992      2048 
...
