000 (5992098.000.000) 06/26 09:11:54 Job submitted from host: <144.92.181.245:9618?addrs=144.92.181.245-9618+[2607-f388-101c-1000--372]-9618&noUDP&sock=3375869_eb73_3>
...
001 (5992098.000.000) 06/26 09:13:48 Job executing on host: <144.92.181.86:9618?addrs=144.92.181.86-9618+[2607-f388-101c-1000--629]-9618&noUDP&sock=2458_8fe1_3>
...
006 (5992098.000.000) 06/26 09:13:57 Image size of job updated: 373048
	259  -  MemoryUsage of job (MB)
	264636  -  ResidentSetSize of job (KB)
...
005 (5992098.000.000) 06/26 09:19:41 Job terminated.
	(1) Normal termination (return value 0)
		Usr 0 00:04:55, Sys 0 00:00:12  -  Run Remote Usage
		Usr 0 00:00:00, Sys 0 00:00:00  -  Run Local Usage
		Usr 0 00:04:55, Sys 0 00:00:12  -  Total Remote Usage
		Usr 0 00:00:00, Sys 0 00:00:00  -  Total Local Usage
	59690  -  Run Bytes Sent By Job
	8650365  -  Run Bytes Received By Job
	59690  -  Total Bytes Sent By Job
	8650365  -  Total Bytes Received By Job
	Partitionable Resources :    Usage  Request Allocated 
	   Cpus                 :     0.90        1         1 
	   Disk (KB)            :  8568     2048000  18498388 
	   Memory (MB)          :   259        1992      2048 
...
