000 (6283992.000.000) 07/17 04:46:07 Job submitted from host: <144.92.181.245:9618?addrs=144.92.181.245-9618+[2607-f388-101c-1000--372]-9618&noUDP&sock=3375869_eb73_31>
...
001 (6283992.000.000) 07/17 04:49:07 Job executing on host: <144.92.180.151:9618?addrs=144.92.180.151-9618+[2607-f388-101c-1000--629]-9618&noUDP&sock=2995_e63c_3>
...
006 (6283992.000.000) 07/17 04:49:15 Image size of job updated: 305100
	192  -  MemoryUsage of job (MB)
	195636  -  ResidentSetSize of job (KB)
...
005 (6283992.000.000) 07/17 04:51:33 Job terminated.
	(1) Normal termination (return value 0)
		Usr 0 00:01:35, Sys 0 00:00:05  -  Run Remote Usage
		Usr 0 00:00:00, Sys 0 00:00:00  -  Run Local Usage
		Usr 0 00:01:35, Sys 0 00:00:05  -  Total Remote Usage
		Usr 0 00:00:00, Sys 0 00:00:00  -  Total Local Usage
	151228  -  Run Bytes Sent By Job
	71714696  -  Run Bytes Received By Job
	151228  -  Total Bytes Sent By Job
	71714696  -  Total Bytes Received By Job
	Partitionable Resources :    Usage  Request Allocated 
	   Cpus                 :     0.76        1         1 
	   Disk (KB)            : 70244     2048000  18989727 
	   Memory (MB)          :   192        1992      2048 
...
