000 (6283980.000.000) 07/17 04:45:59 Job submitted from host: <144.92.181.245:9618?addrs=144.92.181.245-9618+[2607-f388-101c-1000--372]-9618&noUDP&sock=3375869_eb73_31>
...
001 (6283980.000.000) 07/17 04:48:06 Job executing on host: <144.92.180.127:9618?addrs=144.92.180.127-9618+[2607-f388-101c-1000--629]-9618&noUDP&sock=2909_e917_3>
...
006 (6283980.000.000) 07/17 04:48:15 Image size of job updated: 310456
	195  -  MemoryUsage of job (MB)
	198996  -  ResidentSetSize of job (KB)
...
005 (6283980.000.000) 07/17 04:51:06 Job terminated.
	(1) Normal termination (return value 0)
		Usr 0 00:02:07, Sys 0 00:00:05  -  Run Remote Usage
		Usr 0 00:00:00, Sys 0 00:00:00  -  Run Local Usage
		Usr 0 00:02:07, Sys 0 00:00:05  -  Total Remote Usage
		Usr 0 00:00:00, Sys 0 00:00:00  -  Total Local Usage
	154252  -  Run Bytes Sent By Job
	71714688  -  Run Bytes Received By Job
	154252  -  Total Bytes Sent By Job
	71714688  -  Total Bytes Received By Job
	Partitionable Resources :    Usage  Request Allocated 
	   Cpus                 :     0.78        1         1 
	   Disk (KB)            : 70246     2048000  18355729 
	   Memory (MB)          :   195        1992      2048 
...
