000 (6283984.000.000) 07/17 04:46:02 Job submitted from host: <144.92.181.245:9618?addrs=144.92.181.245-9618+[2607-f388-101c-1000--372]-9618&noUDP&sock=3375869_eb73_31>
...
001 (6283984.000.000) 07/17 04:48:38 Job executing on host: <144.92.180.195:9618?addrs=144.92.180.195-9618+[2607-f388-101c-1000--629]-9618&noUDP&sock=3140_5b78_3>
...
006 (6283984.000.000) 07/17 04:48:44 Image size of job updated: 317244
	1  -  MemoryUsage of job (MB)
	8  -  ResidentSetSize of job (KB)
...
005 (6283984.000.000) 07/17 04:48:44 Job terminated.
	(1) Normal termination (return value 0)
		Usr 0 00:00:03, Sys 0 00:00:00  -  Run Remote Usage
		Usr 0 00:00:00, Sys 0 00:00:00  -  Run Local Usage
		Usr 0 00:00:03, Sys 0 00:00:00  -  Total Remote Usage
		Usr 0 00:00:00, Sys 0 00:00:00  -  Total Local Usage
	112435  -  Run Bytes Sent By Job
	71714696  -  Run Bytes Received By Job
	112435  -  Total Bytes Sent By Job
	71714696  -  Total Bytes Received By Job
	Partitionable Resources :    Usage  Request Allocated 
	   Cpus                 :     0.05        1         1 
	   Disk (KB)            : 70204     2048000  18506879 
	   Memory (MB)          :     1        1992      2048 
...
