000 (6283989.000.000) 07/17 04:46:05 Job submitted from host: <144.92.181.245:9618?addrs=144.92.181.245-9618+[2607-f388-101c-1000--372]-9618&noUDP&sock=3375869_eb73_31>
...
001 (6283989.000.000) 07/17 04:48:49 Job executing on host: <144.92.180.174:9618?addrs=144.92.180.174-9618+[2607-f388-101c-1000--629]-9618&noUDP&sock=3096_2d4d_3>
...
006 (6283989.000.000) 07/17 04:48:58 Image size of job updated: 303876
	190  -  MemoryUsage of job (MB)
	194540  -  ResidentSetSize of job (KB)
...
005 (6283989.000.000) 07/17 04:51:00 Job terminated.
	(1) Normal termination (return value 0)
		Usr 0 00:01:32, Sys 0 00:00:03  -  Run Remote Usage
		Usr 0 00:00:00, Sys 0 00:00:00  -  Run Local Usage
		Usr 0 00:01:32, Sys 0 00:00:03  -  Total Remote Usage
		Usr 0 00:00:00, Sys 0 00:00:00  -  Total Local Usage
	151815  -  Run Bytes Sent By Job
	71714712  -  Run Bytes Received By Job
	151815  -  Total Bytes Sent By Job
	71714712  -  Total Bytes Received By Job
	Partitionable Resources :    Usage  Request Allocated 
	   Cpus                 :     0.77        1         1 
	   Disk (KB)            : 70244     2048000  18993677 
	   Memory (MB)          :   190        1992      2048 
...
