All files added.
Initializing chain.
from Init MC
****************** dyjet sample found
.... MC file ..... 
Coming in: 
nentries:6920
Running over 6920 events.
Finished entry 0/6919
Finished entry 300/6919
Finished entry 600/6919
Finished entry 900/6919
Finished entry 1200/6919
Finished entry 1500/6919
Finished entry 1800/6919
Finished entry 2100/6919
Finished entry 2400/6919
Finished entry 2700/6919
Finished entry 3000/6919
Finished entry 3300/6919
Finished entry 3600/6919
Finished entry 3900/6919
Finished entry 4200/6919
Finished entry 4500/6919
Finished entry 4800/6919
Finished entry 5100/6919
Finished entry 5400/6919
Finished entry 5700/6919
Finished entry 6000/6919
Finished entry 6300/6919
Finished entry 6600/6919
Finished entry 6900/6919
Finished entry 6919/6919
All events checked.
*******************************************
******************Jithin's original*************************
    Initial entries 6920.000000
   Passing smikking 0.000000
Inspected genWeightd 6920.000000   % change= 0.000000
   METFiltersPassed 6549.349525   % change= 5.356221
    SingleTrgPassed 2533.072846   % change= 61.323291
     GoodMuonPassed 2061.933617   % change= 18.599514
      GoodTauPassed 48.548870   % change= 97.645469
         opp charge 15.250581   % change= 68.587155
         after sf 1 15.250581   % change= 68.587155
         after sf 2 0.000000   % change= 68.587155
         after sf 3 0.000000   % change= 68.587155
         after sf 4 15.580684   % change= 68.587155
 PassedThirdLepVeto 12.848942   % change= 15.747857
     PassedBjetVeto 12.848942   % change= 0.000000
       DeltaRPassed 12.848942   % change= 0.000000
      Total change :99.814322
*******************************************
*******************************************
Number of events inspected: 6920
Number of events inspected (minus negative gen. weights): 6920.000000
 Outpt written to DYJetsToLL_M-10to50_TuneCP5_00.root
Real time 0:00:05, CP time 3.780
