000 (6283978.000.000) 07/17 04:45:58 Job submitted from host: <144.92.181.245:9618?addrs=144.92.181.245-9618+[2607-f388-101c-1000--372]-9618&noUDP&sock=3375869_eb73_31>
...
001 (6283978.000.000) 07/17 04:47:34 Job executing on host: <144.92.180.195:9618?addrs=144.92.180.195-9618+[2607-f388-101c-1000--629]-9618&noUDP&sock=3140_5b78_3>
...
006 (6283978.000.000) 07/17 04:47:43 Image size of job updated: 136764
	33  -  MemoryUsage of job (MB)
	33368  -  ResidentSetSize of job (KB)
...
006 (6283978.000.000) 07/17 04:48:27 Image size of job updated: 307708
	33  -  MemoryUsage of job (MB)
	33368  -  ResidentSetSize of job (KB)
...
005 (6283978.000.000) 07/17 04:48:27 Job terminated.
	(1) Normal termination (return value 0)
		Usr 0 00:00:28, Sys 0 00:00:01  -  Run Remote Usage
		Usr 0 00:00:00, Sys 0 00:00:00  -  Run Local Usage
		Usr 0 00:00:28, Sys 0 00:00:01  -  Total Remote Usage
		Usr 0 00:00:00, Sys 0 00:00:00  -  Total Local Usage
	150270  -  Run Bytes Sent By Job
	71714704  -  Run Bytes Received By Job
	150270  -  Total Bytes Sent By Job
	71714704  -  Total Bytes Received By Job
	Partitionable Resources :    Usage  Request Allocated 
	   Cpus                 :        0        1         1 
	   Disk (KB)            :    70240  2048000  18506879 
	   Memory (MB)          :       33     1992      2048 
...
