000 (6283974.000.000) 07/17 04:45:56 Job submitted from host: <144.92.181.245:9618?addrs=144.92.181.245-9618+[2607-f388-101c-1000--372]-9618&noUDP&sock=3375869_eb73_31>
...
001 (6283974.000.000) 07/17 04:47:06 Job executing on host: <144.92.180.162:9618?addrs=144.92.180.162-9618+[2607-f388-101c-1000--629]-9618&noUDP&sock=2999_a49d_3>
...
006 (6283974.000.000) 07/17 04:47:15 Image size of job updated: 302968
	190  -  MemoryUsage of job (MB)
	194296  -  ResidentSetSize of job (KB)
...
005 (6283974.000.000) 07/17 04:50:09 Job terminated.
	(1) Normal termination (return value 0)
		Usr 0 00:02:13, Sys 0 00:00:07  -  Run Remote Usage
		Usr 0 00:00:00, Sys 0 00:00:00  -  Run Local Usage
		Usr 0 00:02:13, Sys 0 00:00:07  -  Total Remote Usage
		Usr 0 00:00:00, Sys 0 00:00:00  -  Total Local Usage
	152148  -  Run Bytes Sent By Job
	71714688  -  Run Bytes Received By Job
	152148  -  Total Bytes Sent By Job
	71714688  -  Total Bytes Received By Job
	Partitionable Resources :    Usage  Request Allocated 
	   Cpus                 :     0.76        1         1 
	   Disk (KB)            : 70244     2048000  18989782 
	   Memory (MB)          :   190        1992      2048 
...
