000 (6283972.000.000) 07/17 04:45:54 Job submitted from host: <144.92.181.245:9618?addrs=144.92.181.245-9618+[2607-f388-101c-1000--372]-9618&noUDP&sock=3375869_eb73_31>
...
001 (6283972.000.000) 07/17 04:46:37 Job executing on host: <144.92.181.204:9618?addrs=144.92.181.204-9618+[2607-f388-101c-1000--629]-9618&noUDP&sock=2256_01bf_35>
...
006 (6283972.000.000) 07/17 04:46:45 Image size of job updated: 301524
	190  -  MemoryUsage of job (MB)
	193940  -  ResidentSetSize of job (KB)
...
005 (6283972.000.000) 07/17 04:50:34 Job terminated.
	(1) Normal termination (return value 0)
		Usr 0 00:02:40, Sys 0 00:00:05  -  Run Remote Usage
		Usr 0 00:00:00, Sys 0 00:00:00  -  Run Local Usage
		Usr 0 00:02:40, Sys 0 00:00:05  -  Total Remote Usage
		Usr 0 00:00:00, Sys 0 00:00:00  -  Total Local Usage
	154226  -  Run Bytes Sent By Job
	71714688  -  Run Bytes Received By Job
	154226  -  Total Bytes Sent By Job
	71714688  -  Total Bytes Received By Job
	Partitionable Resources :    Usage  Request Allocated 
	   Cpus                 :     0.61        1         1 
	   Disk (KB)            : 70244     2048000  18353811 
	   Memory (MB)          :   190        1992      2048 
...
