000 (6283998.000.000) 07/17 04:46:10 Job submitted from host: <144.92.181.245:9618?addrs=144.92.181.245-9618+[2607-f388-101c-1000--372]-9618&noUDP&sock=3375869_eb73_31>
...
001 (6283998.000.000) 07/17 04:49:34 Job executing on host: <144.92.180.170:9618?addrs=144.92.180.170-9618+[2607-f388-101c-1000--629]-9618&noUDP&sock=3103_fa77_3>
...
006 (6283998.000.000) 07/17 04:49:43 Image size of job updated: 300640
	189  -  MemoryUsage of job (MB)
	193060  -  ResidentSetSize of job (KB)
...
005 (6283998.000.000) 07/17 04:51:06 Job terminated.
	(1) Normal termination (return value 0)
		Usr 0 00:01:02, Sys 0 00:00:02  -  Run Remote Usage
		Usr 0 00:00:00, Sys 0 00:00:00  -  Run Local Usage
		Usr 0 00:01:02, Sys 0 00:00:02  -  Total Remote Usage
		Usr 0 00:00:00, Sys 0 00:00:00  -  Total Local Usage
	109116  -  Run Bytes Sent By Job
	71714720  -  Run Bytes Received By Job
	109116  -  Total Bytes Sent By Job
	71714720  -  Total Bytes Received By Job
	Partitionable Resources :    Usage  Request Allocated 
	   Cpus                 :     0.71        1         1 
	   Disk (KB)            : 70202     2048000  18992503 
	   Memory (MB)          :   189        1992      2048 
...
