000 (6283986.000.000) 07/17 04:46:03 Job submitted from host: <144.92.181.245:9618?addrs=144.92.181.245-9618+[2607-f388-101c-1000--372]-9618&noUDP&sock=3375869_eb73_31>
...
001 (6283986.000.000) 07/17 04:48:44 Job executing on host: <144.92.180.157:9618?addrs=144.92.180.157-9618+[2607-f388-101c-1000--629]-9618&noUDP&sock=3034_a66e_3>
...
006 (6283986.000.000) 07/17 04:48:53 Image size of job updated: 303172
	192  -  MemoryUsage of job (MB)
	195928  -  ResidentSetSize of job (KB)
...
005 (6283986.000.000) 07/17 04:50:51 Job terminated.
	(1) Normal termination (return value 0)
		Usr 0 00:01:32, Sys 0 00:00:05  -  Run Remote Usage
		Usr 0 00:00:00, Sys 0 00:00:00  -  Run Local Usage
		Usr 0 00:01:32, Sys 0 00:00:05  -  Total Remote Usage
		Usr 0 00:00:00, Sys 0 00:00:00  -  Total Local Usage
	151473  -  Run Bytes Sent By Job
	71714712  -  Run Bytes Received By Job
	151473  -  Total Bytes Sent By Job
	71714712  -  Total Bytes Received By Job
	Partitionable Resources :    Usage  Request Allocated 
	   Cpus                 :     0.77        1         1 
	   Disk (KB)            : 70242     2048000  18989304 
	   Memory (MB)          :   192        1992      2048 
...
