000 (6283993.000.000) 07/17 04:46:07 Job submitted from host: <144.92.181.245:9618?addrs=144.92.181.245-9618+[2607-f388-101c-1000--372]-9618&noUDP&sock=3375869_eb73_31>
...
001 (6283993.000.000) 07/17 04:49:06 Job executing on host: <144.92.181.229:9618?addrs=144.92.181.229-9618+[2607-f388-101c-1000--629]-9618&noUDP&sock=2250_e42e_3>
...
006 (6283993.000.000) 07/17 04:49:15 Image size of job updated: 305692
	190  -  MemoryUsage of job (MB)
	194524  -  ResidentSetSize of job (KB)
...
005 (6283993.000.000) 07/17 04:51:37 Job terminated.
	(1) Normal termination (return value 0)
		Usr 0 00:01:52, Sys 0 00:00:04  -  Run Remote Usage
		Usr 0 00:00:00, Sys 0 00:00:00  -  Run Local Usage
		Usr 0 00:01:52, Sys 0 00:00:04  -  Total Remote Usage
		Usr 0 00:00:00, Sys 0 00:00:00  -  Total Local Usage
	159400  -  Run Bytes Sent By Job
	71714696  -  Run Bytes Received By Job
	159400  -  Total Bytes Sent By Job
	71714696  -  Total Bytes Received By Job
	Partitionable Resources :    Usage  Request Allocated 
	   Cpus                 :        0        1         1 
	   Disk (KB)            :    70249  2048000  18357883 
	   Memory (MB)          :      190     1992      2048 
...
