000 (6283994.000.000) 07/17 04:46:08 Job submitted from host: <144.92.181.245:9618?addrs=144.92.181.245-9618+[2607-f388-101c-1000--372]-9618&noUDP&sock=3375869_eb73_31>
...
001 (6283994.000.000) 07/17 04:49:07 Job executing on host: <144.92.180.172:9618?addrs=144.92.180.172-9618+[2607-f388-101c-1000--629]-9618&noUDP&sock=3143_6a40_3>
...
006 (6283994.000.000) 07/17 04:49:16 Image size of job updated: 302152
	190  -  MemoryUsage of job (MB)
	194132  -  ResidentSetSize of job (KB)
...
005 (6283994.000.000) 07/17 04:51:23 Job terminated.
	(1) Normal termination (return value 0)
		Usr 0 00:01:35, Sys 0 00:00:06  -  Run Remote Usage
		Usr 0 00:00:00, Sys 0 00:00:00  -  Run Local Usage
		Usr 0 00:01:35, Sys 0 00:00:06  -  Total Remote Usage
		Usr 0 00:00:00, Sys 0 00:00:00  -  Total Local Usage
	151256  -  Run Bytes Sent By Job
	71714696  -  Run Bytes Received By Job
	151256  -  Total Bytes Sent By Job
	71714696  -  Total Bytes Received By Job
	Partitionable Resources :    Usage  Request Allocated 
	   Cpus                 :     0.76        1         1 
	   Disk (KB)            : 70242     2048000  18992051 
	   Memory (MB)          :   190        1992      2048 
...
