000 (6283997.000.000) 07/17 04:46:10 Job submitted from host: <144.92.181.245:9618?addrs=144.92.181.245-9618+[2607-f388-101c-1000--372]-9618&noUDP&sock=3375869_eb73_31>
...
001 (6283997.000.000) 07/17 04:49:34 Job executing on host: <144.92.180.109:9618?addrs=144.92.180.109-9618+[2607-f388-101c-1000--629]-9618&noUDP&sock=3385_682c_3>
...
006 (6283997.000.000) 07/17 04:49:43 Image size of job updated: 154040
	61  -  MemoryUsage of job (MB)
	61748  -  ResidentSetSize of job (KB)
...
006 (6283997.000.000) 07/17 04:50:16 Image size of job updated: 154040
	61  -  MemoryUsage of job (MB)
	61836  -  ResidentSetSize of job (KB)
...
005 (6283997.000.000) 07/17 04:50:16 Job terminated.
	(1) Normal termination (return value 0)
		Usr 0 00:00:15, Sys 0 00:00:01  -  Run Remote Usage
		Usr 0 00:00:00, Sys 0 00:00:00  -  Run Local Usage
		Usr 0 00:00:15, Sys 0 00:00:01  -  Total Remote Usage
		Usr 0 00:00:00, Sys 0 00:00:00  -  Total Local Usage
	143683  -  Run Bytes Sent By Job
	71714696  -  Run Bytes Received By Job
	143683  -  Total Bytes Sent By Job
	71714696  -  Total Bytes Received By Job
	Partitionable Resources :    Usage  Request Allocated 
	   Cpus                 :     0.59        1         1 
	   Disk (KB)            : 70234     2048000  18357888 
	   Memory (MB)          :    61        1992      2048 
...
