000 (6284049.000.000) 07/17 04:46:42 Job submitted from host: <144.92.181.245:9618?addrs=144.92.181.245-9618+[2607-f388-101c-1000--372]-9618&noUDP&sock=3375869_eb73_31>
...
001 (6284049.000.000) 07/17 04:52:14 Job executing on host: <144.92.180.174:9618?addrs=144.92.180.174-9618+[2607-f388-101c-1000--629]-9618&noUDP&sock=3096_2d4d_3>
...
006 (6284049.000.000) 07/17 04:52:23 Image size of job updated: 212928
	206  -  MemoryUsage of job (MB)
	210460  -  ResidentSetSize of job (KB)
...
005 (6284049.000.000) 07/17 04:52:58 Job terminated.
	(1) Normal termination (return value 0)
		Usr 0 00:00:31, Sys 0 00:00:01  -  Run Remote Usage
		Usr 0 00:00:00, Sys 0 00:00:00  -  Run Local Usage
		Usr 0 00:00:31, Sys 0 00:00:01  -  Total Remote Usage
		Usr 0 00:00:00, Sys 0 00:00:00  -  Total Local Usage
	152639  -  Run Bytes Sent By Job
	71714664  -  Run Bytes Received By Job
	152639  -  Total Bytes Sent By Job
	71714664  -  Total Bytes Received By Job
	Partitionable Resources :    Usage  Request Allocated 
	   Cpus                 :     0.77        1         1 
	   Disk (KB)            : 70245     2048000  18993677 
	   Memory (MB)          :   206        1992      2048 
...
