000 (6284021.000.000) 07/17 04:46:25 Job submitted from host: <144.92.181.245:9618?addrs=144.92.181.245-9618+[2607-f388-101c-1000--372]-9618&noUDP&sock=3375869_eb73_31>
...
001 (6284021.000.000) 07/17 04:51:25 Job executing on host: <144.92.180.172:9618?addrs=144.92.180.172-9618+[2607-f388-101c-1000--629]-9618&noUDP&sock=3143_6a40_3>
...
006 (6284021.000.000) 07/17 04:51:34 Image size of job updated: 224060
	203  -  MemoryUsage of job (MB)
	207668  -  ResidentSetSize of job (KB)
...
005 (6284021.000.000) 07/17 04:57:20 Job terminated.
	(1) Normal termination (return value 0)
		Usr 0 00:04:03, Sys 0 00:00:10  -  Run Remote Usage
		Usr 0 00:00:00, Sys 0 00:00:00  -  Run Local Usage
		Usr 0 00:04:03, Sys 0 00:00:10  -  Total Remote Usage
		Usr 0 00:00:00, Sys 0 00:00:00  -  Total Local Usage
	138342  -  Run Bytes Sent By Job
	71714688  -  Run Bytes Received By Job
	138342  -  Total Bytes Sent By Job
	71714688  -  Total Bytes Received By Job
	Partitionable Resources :    Usage  Request Allocated 
	   Cpus                 :     0.73        1         1 
	   Disk (KB)            : 70231     2048000  18992051 
	   Memory (MB)          :   203        1992      2048 
...
