000 (6284079.000.000) 07/17 04:47:05 Job submitted from host: <144.92.181.245:9618?addrs=144.92.181.245-9618+[2607-f388-101c-1000--372]-9618&noUDP&sock=3375869_eb73_31>
...
001 (6284079.000.000) 07/17 04:53:10 Job executing on host: <128.104.227.96:9618?addrs=128.104.227.96-9618+[2607-f388-101c-1000--629]-9618&noUDP&sock=4021_a667_3>
...
006 (6284079.000.000) 07/17 04:53:19 Image size of job updated: 338320
	226  -  MemoryUsage of job (MB)
	230868  -  ResidentSetSize of job (KB)
...
005 (6284079.000.000) 07/17 04:57:19 Job terminated.
	(1) Normal termination (return value 0)
		Usr 0 00:03:13, Sys 0 00:00:08  -  Run Remote Usage
		Usr 0 00:00:00, Sys 0 00:00:00  -  Run Local Usage
		Usr 0 00:03:13, Sys 0 00:00:08  -  Total Remote Usage
		Usr 0 00:00:00, Sys 0 00:00:00  -  Total Local Usage
	123779  -  Run Bytes Sent By Job
	71714680  -  Run Bytes Received By Job
	123779  -  Total Bytes Sent By Job
	71714680  -  Total Bytes Received By Job
	Partitionable Resources :    Usage  Request Allocated 
	   Cpus                 :     0.86        1         1 
	   Disk (KB)            : 70217     2048000  18988527 
	   Memory (MB)          :   226        1992      2048 
...
