000 (6284091.000.000) 07/17 04:47:12 Job submitted from host: <144.92.181.245:9618?addrs=144.92.181.245-9618+[2607-f388-101c-1000--372]-9618&noUDP&sock=3375869_eb73_31>
...
001 (6284091.000.000) 07/17 04:54:48 Job executing on host: <144.92.180.170:9618?addrs=144.92.180.170-9618+[2607-f388-101c-1000--629]-9618&noUDP&sock=3103_fa77_3>
...
006 (6284091.000.000) 07/17 04:54:56 Image size of job updated: 331280
	218  -  MemoryUsage of job (MB)
	222384  -  ResidentSetSize of job (KB)
...
005 (6284091.000.000) 07/17 04:58:26 Job terminated.
	(1) Normal termination (return value 0)
		Usr 0 00:02:54, Sys 0 00:00:08  -  Run Remote Usage
		Usr 0 00:00:00, Sys 0 00:00:00  -  Run Local Usage
		Usr 0 00:02:54, Sys 0 00:00:08  -  Total Remote Usage
		Usr 0 00:00:00, Sys 0 00:00:00  -  Total Local Usage
	123372  -  Run Bytes Sent By Job
	71714680  -  Run Bytes Received By Job
	123372  -  Total Bytes Sent By Job
	71714680  -  Total Bytes Received By Job
	Partitionable Resources :    Usage  Request Allocated 
	   Cpus                 :     0.84        1         1 
	   Disk (KB)            : 70214     2048000  18992503 
	   Memory (MB)          :   218        1992      2048 
...
