000 (6284010.000.000) 07/17 04:46:18 Job submitted from host: <144.92.181.245:9618?addrs=144.92.181.245-9618+[2607-f388-101c-1000--372]-9618&noUDP&sock=3375869_eb73_31>
...
001 (6284010.000.000) 07/17 04:50:55 Job executing on host: <128.104.227.65:9618?addrs=128.104.227.65-9618+[2607-f388-101c-1000--629]-9618&noUDP&sock=3261_5a6d_3>
...
006 (6284010.000.000) 07/17 04:51:04 Image size of job updated: 314708
	200  -  MemoryUsage of job (MB)
	203880  -  ResidentSetSize of job (KB)
...
005 (6284010.000.000) 07/17 04:51:37 Job terminated.
	(1) Normal termination (return value 0)
		Usr 0 00:00:25, Sys 0 00:00:02  -  Run Remote Usage
		Usr 0 00:00:00, Sys 0 00:00:00  -  Run Local Usage
		Usr 0 00:00:25, Sys 0 00:00:02  -  Total Remote Usage
		Usr 0 00:00:00, Sys 0 00:00:00  -  Total Local Usage
	70012  -  Run Bytes Sent By Job
	71714680  -  Run Bytes Received By Job
	70012  -  Total Bytes Sent By Job
	71714680  -  Total Bytes Received By Job
	Partitionable Resources :    Usage  Request Allocated 
	   Cpus                 :        0        1         1 
	   Disk (KB)            :    70162  2048000  18990941 
	   Memory (MB)          :      200     1992      2048 
...
