000 (6284003.000.000) 07/17 04:46:14 Job submitted from host: <144.92.181.245:9618?addrs=144.92.181.245-9618+[2607-f388-101c-1000--372]-9618&noUDP&sock=3375869_eb73_31>
...
001 (6284003.000.000) 07/17 04:50:11 Job executing on host: <144.92.180.162:9618?addrs=144.92.180.162-9618+[2607-f388-101c-1000--629]-9618&noUDP&sock=2999_a49d_3>
...
006 (6284003.000.000) 07/17 04:50:20 Image size of job updated: 311360
	198  -  MemoryUsage of job (MB)
	202460  -  ResidentSetSize of job (KB)
...
005 (6284003.000.000) 07/17 04:50:26 Job terminated.
	(1) Normal termination (return value 0)
		Usr 0 00:00:08, Sys 0 00:00:01  -  Run Remote Usage
		Usr 0 00:00:00, Sys 0 00:00:00  -  Run Local Usage
		Usr 0 00:00:08, Sys 0 00:00:01  -  Total Remote Usage
		Usr 0 00:00:00, Sys 0 00:00:00  -  Total Local Usage
	134860  -  Run Bytes Sent By Job
	71714688  -  Run Bytes Received By Job
	134860  -  Total Bytes Sent By Job
	71714688  -  Total Bytes Received By Job
	Partitionable Resources :    Usage  Request Allocated 
	   Cpus                 :        0        1         1 
	   Disk (KB)            :    70226  2048000  18989782 
	   Memory (MB)          :      198     1992      2048 
...
