000 (6284024.000.000) 07/17 04:46:27 Job submitted from host: <144.92.181.245:9618?addrs=144.92.181.245-9618+[2607-f388-101c-1000--372]-9618&noUDP&sock=3375869_eb73_31>
...
001 (6284024.000.000) 07/17 04:51:28 Job executing on host: <144.92.180.58:9618?addrs=144.92.180.58-9618+[2607-f388-101c-1000--629]-9618&noUDP&sock=3216_7caa_3>
...
006 (6284024.000.000) 07/17 04:51:37 Image size of job updated: 226948
	220  -  MemoryUsage of job (MB)
	224460  -  ResidentSetSize of job (KB)
...
005 (6284024.000.000) 07/17 04:51:46 Job terminated.
	(1) Normal termination (return value 0)
		Usr 0 00:00:12, Sys 0 00:00:01  -  Run Remote Usage
		Usr 0 00:00:00, Sys 0 00:00:00  -  Run Local Usage
		Usr 0 00:00:12, Sys 0 00:00:01  -  Total Remote Usage
		Usr 0 00:00:00, Sys 0 00:00:00  -  Total Local Usage
	144628  -  Run Bytes Sent By Job
	71714680  -  Run Bytes Received By Job
	144628  -  Total Bytes Sent By Job
	71714680  -  Total Bytes Received By Job
	Partitionable Resources :    Usage  Request Allocated 
	   Cpus                 :     0.62        1         1 
	   Disk (KB)            : 70237     2048000  18517468 
	   Memory (MB)          :   220        1992      2048 
...
