000 (6284086.000.000) 07/17 04:47:09 Job submitted from host: <144.92.181.245:9618?addrs=144.92.181.245-9618+[2607-f388-101c-1000--372]-9618&noUDP&sock=3375869_eb73_31>
...
001 (6284086.000.000) 07/17 04:53:55 Job executing on host: <144.92.180.241:9618?addrs=144.92.180.241-9618+[2607-f388-101c-1000--629]-9618&noUDP&sock=3132_deb6_3>
...
006 (6284086.000.000) 07/17 04:54:04 Image size of job updated: 334960
	224  -  MemoryUsage of job (MB)
	228708  -  ResidentSetSize of job (KB)
...
005 (6284086.000.000) 07/17 04:58:48 Job terminated.
	(1) Normal termination (return value 0)
		Usr 0 00:03:27, Sys 0 00:00:09  -  Run Remote Usage
		Usr 0 00:00:00, Sys 0 00:00:00  -  Run Local Usage
		Usr 0 00:03:27, Sys 0 00:00:09  -  Total Remote Usage
		Usr 0 00:00:00, Sys 0 00:00:00  -  Total Local Usage
	123820  -  Run Bytes Sent By Job
	71714680  -  Run Bytes Received By Job
	123820  -  Total Bytes Sent By Job
	71714680  -  Total Bytes Received By Job
	Partitionable Resources :    Usage  Request Allocated 
	   Cpus                 :     0.72        1         1 
	   Disk (KB)            : 70215     2048000  18992204 
	   Memory (MB)          :   224        1992      2048 
...
