000 (6284004.000.000) 07/17 04:46:14 Job submitted from host: <144.92.181.245:9618?addrs=144.92.181.245-9618+[2607-f388-101c-1000--372]-9618&noUDP&sock=3375869_eb73_31>
...
001 (6284004.000.000) 07/17 04:50:19 Job executing on host: <144.92.180.109:9618?addrs=144.92.180.109-9618+[2607-f388-101c-1000--629]-9618&noUDP&sock=3385_682c_3>
...
006 (6284004.000.000) 07/17 04:50:27 Image size of job updated: 308612
	198  -  MemoryUsage of job (MB)
	202364  -  ResidentSetSize of job (KB)
...
005 (6284004.000.000) 07/17 04:50:49 Job terminated.
	(1) Normal termination (return value 0)
		Usr 0 00:00:18, Sys 0 00:00:01  -  Run Remote Usage
		Usr 0 00:00:00, Sys 0 00:00:00  -  Run Local Usage
		Usr 0 00:00:18, Sys 0 00:00:01  -  Total Remote Usage
		Usr 0 00:00:00, Sys 0 00:00:00  -  Total Local Usage
	84916  -  Run Bytes Sent By Job
	71714760  -  Run Bytes Received By Job
	84916  -  Total Bytes Sent By Job
	71714760  -  Total Bytes Received By Job
	Partitionable Resources :    Usage  Request Allocated 
	   Cpus                 :        0        1         1 
	   Disk (KB)            :    70177  2048000  18357888 
	   Memory (MB)          :      198     1992      2048 
...
