All files added.
Initializing chain.
from Init MC
****************** wjet sample found
.... MC file ..... 
Coming in: 
nentries:41545
Running over 41545 events.
Finished entry 0/41544
Finished entry 2000/41544
Finished entry 4000/41544
Finished entry 6000/41544
Finished entry 8000/41544
Finished entry 10000/41544
Finished entry 12000/41544
Finished entry 14000/41544
Finished entry 16000/41544
Finished entry 18000/41544
Finished entry 20000/41544
Finished entry 22000/41544
Finished entry 24000/41544
Finished entry 26000/41544
Finished entry 28000/41544
Finished entry 30000/41544
Finished entry 32000/41544
Finished entry 34000/41544
Finished entry 36000/41544
Finished entry 38000/41544
Finished entry 40000/41544
Finished entry 41544/41544
All events checked.
*******************************************
******************Jithin's original*************************
    Initial entries 41545.000000
   Passing smikking 0.000000
Inspected genWeightd 41533.000000   % change= 0.028884
   METFiltersPassed 39007.382174   % change= 6.080991
    SingleTrgPassed 24443.505535   % change= 37.336206
     GoodMuonPassed 20613.956908   % change= 15.666937
      GoodTauPassed 340.484091   % change= 98.348284
         opp charge 289.033071   % change= 15.111138
         after sf 1 289.033071   % change= 15.111138
         after sf 2 0.000000   % change= 15.111138
         after sf 3 0.000000   % change= 15.111138
         after sf 4 246.967795   % change= 15.111138
 PassedThirdLepVeto 245.708389   % change= 14.989524
     PassedBjetVeto 243.917045   % change= 0.729053
       DeltaRPassed 243.917045   % change= 0.000000
      Total change :99.412885
*******************************************
*******************************************
Number of events inspected: 41545
Number of events inspected (minus negative gen. weights): 41533.000000
 Outpt written to WJetsToLNu_TuneCP5_04.root
Real time 0:00:20, CP time 16.490
