000 (6284043.000.000) 07/17 04:46:38 Job submitted from host: <144.92.181.245:9618?addrs=144.92.181.245-9618+[2607-f388-101c-1000--372]-9618&noUDP&sock=3375869_eb73_31>
...
001 (6284043.000.000) 07/17 04:51:51 Job executing on host: <144.92.180.170:9618?addrs=144.92.180.170-9618+[2607-f388-101c-1000--629]-9618&noUDP&sock=3103_fa77_3>
...
006 (6284043.000.000) 07/17 04:52:00 Image size of job updated: 317604
	207  -  MemoryUsage of job (MB)
	211184  -  ResidentSetSize of job (KB)
...
005 (6284043.000.000) 07/17 04:53:35 Job terminated.
	(1) Normal termination (return value 0)
		Usr 0 00:01:15, Sys 0 00:00:03  -  Run Remote Usage
		Usr 0 00:00:00, Sys 0 00:00:00  -  Run Local Usage
		Usr 0 00:01:15, Sys 0 00:00:03  -  Total Remote Usage
		Usr 0 00:00:00, Sys 0 00:00:00  -  Total Local Usage
	145971  -  Run Bytes Sent By Job
	71714648  -  Run Bytes Received By Job
	145971  -  Total Bytes Sent By Job
	71714648  -  Total Bytes Received By Job
	Partitionable Resources :    Usage  Request Allocated 
	   Cpus                 :     0.63        1         1 
	   Disk (KB)            : 70239     2048000  18992503 
	   Memory (MB)          :   207        1992      2048 
...
