000 (6284077.000.000) 07/17 04:47:04 Job submitted from host: <144.92.181.245:9618?addrs=144.92.181.245-9618+[2607-f388-101c-1000--372]-9618&noUDP&sock=3375869_eb73_31>
...
001 (6284077.000.000) 07/17 04:53:01 Job executing on host: <128.104.227.111:9618?addrs=128.104.227.111-9618+[2607-f388-101c-1000--60]-9618&noUDP&sock=3903_b63b_3>
...
006 (6284077.000.000) 07/17 04:53:10 Image size of job updated: 352384
	238  -  MemoryUsage of job (MB)
	243032  -  ResidentSetSize of job (KB)
...
005 (6284077.000.000) 07/17 04:56:29 Job terminated.
	(1) Normal termination (return value 0)
		Usr 0 00:02:50, Sys 0 00:00:07  -  Run Remote Usage
		Usr 0 00:00:00, Sys 0 00:00:00  -  Run Local Usage
		Usr 0 00:02:50, Sys 0 00:00:07  -  Total Remote Usage
		Usr 0 00:00:00, Sys 0 00:00:00  -  Total Local Usage
	123403  -  Run Bytes Sent By Job
	71714680  -  Run Bytes Received By Job
	123403  -  Total Bytes Sent By Job
	71714680  -  Total Bytes Received By Job
	Partitionable Resources :    Usage  Request Allocated 
	   Cpus                 :     0.84        1         1 
	   Disk (KB)            : 70217     2048000  18994917 
	   Memory (MB)          :   238        1992      2048 
...
