000 (6284009.000.000) 07/17 04:46:17 Job submitted from host: <144.92.181.245:9618?addrs=144.92.181.245-9618+[2607-f388-101c-1000--372]-9618&noUDP&sock=3375869_eb73_31>
...
001 (6284009.000.000) 07/17 04:50:53 Job executing on host: <144.92.180.157:9618?addrs=144.92.180.157-9618+[2607-f388-101c-1000--629]-9618&noUDP&sock=3034_a66e_3>
...
006 (6284009.000.000) 07/17 04:51:02 Image size of job updated: 311344
	199  -  MemoryUsage of job (MB)
	203608  -  ResidentSetSize of job (KB)
...
005 (6284009.000.000) 07/17 04:51:41 Job terminated.
	(1) Normal termination (return value 0)
		Usr 0 00:00:31, Sys 0 00:00:02  -  Run Remote Usage
		Usr 0 00:00:00, Sys 0 00:00:00  -  Run Local Usage
		Usr 0 00:00:31, Sys 0 00:00:02  -  Total Remote Usage
		Usr 0 00:00:00, Sys 0 00:00:00  -  Total Local Usage
	71346  -  Run Bytes Sent By Job
	71714680  -  Run Bytes Received By Job
	71346  -  Total Bytes Sent By Job
	71714680  -  Total Bytes Received By Job
	Partitionable Resources :    Usage  Request Allocated 
	   Cpus                 :        0        1         1 
	   Disk (KB)            :    70164  2048000  18989304 
	   Memory (MB)          :      199     1992      2048 
...
