000 (6284000.000.000) 07/17 04:46:12 Job submitted from host: <144.92.181.245:9618?addrs=144.92.181.245-9618+[2607-f388-101c-1000--372]-9618&noUDP&sock=3375869_eb73_31>
...
001 (6284000.000.000) 07/17 04:49:51 Job executing on host: <128.104.227.103:9618?addrs=128.104.227.103-9618+[2607-f388-101c-1000--52]-9618&noUDP&sock=3904_65d3_3>
...
006 (6284000.000.000) 07/17 04:50:00 Image size of job updated: 299764
	188  -  MemoryUsage of job (MB)
	191940  -  ResidentSetSize of job (KB)
...
005 (6284000.000.000) 07/17 04:50:34 Job terminated.
	(1) Normal termination (return value 0)
		Usr 0 00:00:28, Sys 0 00:00:01  -  Run Remote Usage
		Usr 0 00:00:00, Sys 0 00:00:00  -  Run Local Usage
		Usr 0 00:00:28, Sys 0 00:00:01  -  Total Remote Usage
		Usr 0 00:00:00, Sys 0 00:00:00  -  Total Local Usage
	151955  -  Run Bytes Sent By Job
	71714704  -  Run Bytes Received By Job
	151955  -  Total Bytes Sent By Job
	71714704  -  Total Bytes Received By Job
	Partitionable Resources :    Usage  Request Allocated 
	   Cpus                 :        0        1         1 
	   Disk (KB)            :    70243  2048000  18994846 
	   Memory (MB)          :      188     1992      2048 
...
