All files added.
Initializing chain.
from Init MC
****************** wjet sample found
.... MC file ..... 
Coming in: 
nentries:120647
Running over 120647 events.
Finished entry 0/120646
Finished entry 6000/120646
Finished entry 12000/120646
Finished entry 18000/120646
Finished entry 24000/120646
Finished entry 30000/120646
Finished entry 36000/120646
Finished entry 42000/120646
Finished entry 48000/120646
Finished entry 54000/120646
Finished entry 60000/120646
Finished entry 66000/120646
Finished entry 72000/120646
Finished entry 78000/120646
Finished entry 84000/120646
Finished entry 90000/120646
Finished entry 96000/120646
Finished entry 102000/120646
Finished entry 108000/120646
Finished entry 114000/120646
Finished entry 120000/120646
Finished entry 120646/120646
All events checked.
*******************************************
******************Jithin's original*************************
    Initial entries 120647.000000
   Passing smikking 0.000000
Inspected genWeightd 120645.000000   % change= 0.001658
   METFiltersPassed 116187.225415   % change= 3.694952
    SingleTrgPassed 71502.390965   % change= 38.459335
     GoodMuonPassed 60528.702657   % change= 15.347303
      GoodTauPassed 1197.972304   % change= 98.020819
         opp charge 1021.537077   % change= 14.727822
         after sf 1 1021.537077   % change= 14.727822
         after sf 2 0.000000   % change= 14.727822
         after sf 3 0.000000   % change= 14.727822
         after sf 4 860.600549   % change= 14.727822
 PassedThirdLepVeto 860.600549   % change= 15.754350
     PassedBjetVeto 851.464047   % change= 1.061643
       DeltaRPassed 851.464047   % change= 0.000000
      Total change :99.294252
*******************************************
*******************************************
Number of events inspected: 120647
Number of events inspected (minus negative gen. weights): 120645.000000
 Outpt written to W1JetsToLNu_TuneCP5_05.root
Real time 0:00:45, CP time 30.740
