000 (6284023.000.000) 07/17 04:46:26 Job submitted from host: <144.92.181.245:9618?addrs=144.92.181.245-9618+[2607-f388-101c-1000--372]-9618&noUDP&sock=3375869_eb73_31>
...
001 (6284023.000.000) 07/17 04:51:28 Job executing on host: <144.92.180.213:9618?addrs=144.92.180.213-9618+[2607-f388-101c-1000--629]-9618&noUDP&sock=3035_5606_3>
...
006 (6284023.000.000) 07/17 04:51:37 Image size of job updated: 306624
	193  -  MemoryUsage of job (MB)
	197632  -  ResidentSetSize of job (KB)
...
005 (6284023.000.000) 07/17 04:53:42 Job terminated.
	(1) Normal termination (return value 0)
		Usr 0 00:01:26, Sys 0 00:00:03  -  Run Remote Usage
		Usr 0 00:00:00, Sys 0 00:00:00  -  Run Local Usage
		Usr 0 00:01:26, Sys 0 00:00:03  -  Total Remote Usage
		Usr 0 00:00:00, Sys 0 00:00:00  -  Total Local Usage
	142696  -  Run Bytes Sent By Job
	71714672  -  Run Bytes Received By Job
	142696  -  Total Bytes Sent By Job
	71714672  -  Total Bytes Received By Job
	Partitionable Resources :    Usage  Request Allocated 
	   Cpus                 :     0.70        1         1 
	   Disk (KB)            : 70235     2048000  18997695 
	   Memory (MB)          :   193        1992      2048 
...
