000 (6284019.000.000) 07/17 04:46:23 Job submitted from host: <144.92.181.245:9618?addrs=144.92.181.245-9618+[2607-f388-101c-1000--372]-9618&noUDP&sock=3375869_eb73_31>
...
001 (6284019.000.000) 07/17 04:51:15 Job executing on host: <144.92.180.170:9618?addrs=144.92.180.170-9618+[2607-f388-101c-1000--629]-9618&noUDP&sock=3103_fa77_3>
...
006 (6284019.000.000) 07/17 04:51:23 Image size of job updated: 313644
	203  -  MemoryUsage of job (MB)
	206952  -  ResidentSetSize of job (KB)
...
005 (6284019.000.000) 07/17 04:56:58 Job terminated.
	(1) Normal termination (return value 0)
		Usr 0 00:04:00, Sys 0 00:00:11  -  Run Remote Usage
		Usr 0 00:00:00, Sys 0 00:00:00  -  Run Local Usage
		Usr 0 00:04:00, Sys 0 00:00:11  -  Total Remote Usage
		Usr 0 00:00:00, Sys 0 00:00:00  -  Total Local Usage
	137337  -  Run Bytes Sent By Job
	71714688  -  Run Bytes Received By Job
	137337  -  Total Bytes Sent By Job
	71714688  -  Total Bytes Received By Job
	Partitionable Resources :    Usage  Request Allocated 
	   Cpus                 :     0.72        1         1 
	   Disk (KB)            : 70230     2048000  18992503 
	   Memory (MB)          :   203        1992      2048 
...
