000 (6284015.000.000) 07/17 04:46:21 Job submitted from host: <144.92.181.245:9618?addrs=144.92.181.245-9618+[2607-f388-101c-1000--372]-9618&noUDP&sock=3375869_eb73_31>
...
001 (6284015.000.000) 07/17 04:51:08 Job executing on host: <144.92.180.162:9618?addrs=144.92.180.162-9618+[2607-f388-101c-1000--629]-9618&noUDP&sock=2999_a49d_3>
...
006 (6284015.000.000) 07/17 04:51:17 Image size of job updated: 246556
	199  -  MemoryUsage of job (MB)
	203368  -  ResidentSetSize of job (KB)
...
006 (6284015.000.000) 07/17 04:51:40 Image size of job updated: 525000
	199  -  MemoryUsage of job (MB)
	203368  -  ResidentSetSize of job (KB)
...
005 (6284015.000.000) 07/17 04:51:40 Job terminated.
	(1) Normal termination (return value 0)
		Usr 0 00:00:20, Sys 0 00:00:01  -  Run Remote Usage
		Usr 0 00:00:00, Sys 0 00:00:00  -  Run Local Usage
		Usr 0 00:00:20, Sys 0 00:00:01  -  Total Remote Usage
		Usr 0 00:00:00, Sys 0 00:00:00  -  Total Local Usage
	68361  -  Run Bytes Sent By Job
	71714680  -  Run Bytes Received By Job
	68361  -  Total Bytes Sent By Job
	71714680  -  Total Bytes Received By Job
	Partitionable Resources :    Usage  Request Allocated 
	   Cpus                 :     0.67        1         1 
	   Disk (KB)            : 70163     2048000  18989782 
	   Memory (MB)          :   199        1992      2048 
...
