000 (6284066.000.000) 07/17 04:46:51 Job submitted from host: <144.92.181.245:9618?addrs=144.92.181.245-9618+[2607-f388-101c-1000--372]-9618&noUDP&sock=3375869_eb73_31>
...
001 (6284066.000.000) 07/17 04:52:37 Job executing on host: <144.92.180.58:9618?addrs=144.92.180.58-9618+[2607-f388-101c-1000--629]-9618&noUDP&sock=3216_7caa_3>
...
006 (6284066.000.000) 07/17 04:52:46 Image size of job updated: 284420
	201  -  MemoryUsage of job (MB)
	204992  -  ResidentSetSize of job (KB)
...
005 (6284066.000.000) 07/17 04:58:46 Job terminated.
	(1) Normal termination (return value 0)
		Usr 0 00:04:56, Sys 0 00:00:10  -  Run Remote Usage
		Usr 0 00:00:00, Sys 0 00:00:00  -  Run Local Usage
		Usr 0 00:04:56, Sys 0 00:00:10  -  Total Remote Usage
		Usr 0 00:00:00, Sys 0 00:00:00  -  Total Local Usage
	159346  -  Run Bytes Sent By Job
	71714640  -  Run Bytes Received By Job
	159346  -  Total Bytes Sent By Job
	71714640  -  Total Bytes Received By Job
	Partitionable Resources :    Usage  Request Allocated 
	   Cpus                 :     0.80        1         1 
	   Disk (KB)            : 70249     2048000  18517468 
	   Memory (MB)          :   201        1992      2048 
...
