000 (6284094.000.000) 07/17 04:47:14 Job submitted from host: <144.92.181.245:9618?addrs=144.92.181.245-9618+[2607-f388-101c-1000--372]-9618&noUDP&sock=3375869_eb73_31>
...
001 (6284094.000.000) 07/17 04:55:28 Job executing on host: <144.92.180.151:9618?addrs=144.92.180.151-9618+[2607-f388-101c-1000--629]-9618&noUDP&sock=2995_e63c_3>
...
006 (6284094.000.000) 07/17 04:55:36 Image size of job updated: 323924
	210  -  MemoryUsage of job (MB)
	214440  -  ResidentSetSize of job (KB)
...
005 (6284094.000.000) 07/17 04:59:29 Job terminated.
	(1) Normal termination (return value 0)
		Usr 0 00:03:20, Sys 0 00:00:09  -  Run Remote Usage
		Usr 0 00:00:00, Sys 0 00:00:00  -  Run Local Usage
		Usr 0 00:03:20, Sys 0 00:00:09  -  Total Remote Usage
		Usr 0 00:00:00, Sys 0 00:00:00  -  Total Local Usage
	123652  -  Run Bytes Sent By Job
	71714680  -  Run Bytes Received By Job
	123652  -  Total Bytes Sent By Job
	71714680  -  Total Bytes Received By Job
	Partitionable Resources :    Usage  Request Allocated 
	   Cpus                 :     0.87        1         1 
	   Disk (KB)            : 70215     2048000  18989727 
	   Memory (MB)          :   210        1992      2048 
...
