000 (6284030.000.000) 07/17 04:46:30 Job submitted from host: <144.92.181.245:9618?addrs=144.92.181.245-9618+[2607-f388-101c-1000--372]-9618&noUDP&sock=3375869_eb73_31>
...
001 (6284030.000.000) 07/17 04:51:35 Job executing on host: <144.92.180.151:9618?addrs=144.92.180.151-9618+[2607-f388-101c-1000--629]-9618&noUDP&sock=2995_e63c_3>
...
006 (6284030.000.000) 07/17 04:51:44 Image size of job updated: 302444
	189  -  MemoryUsage of job (MB)
	193396  -  ResidentSetSize of job (KB)
...
005 (6284030.000.000) 07/17 04:52:27 Job terminated.
	(1) Normal termination (return value 0)
		Usr 0 00:00:31, Sys 0 00:00:02  -  Run Remote Usage
		Usr 0 00:00:00, Sys 0 00:00:00  -  Run Local Usage
		Usr 0 00:00:31, Sys 0 00:00:02  -  Total Remote Usage
		Usr 0 00:00:00, Sys 0 00:00:00  -  Total Local Usage
	85372  -  Run Bytes Sent By Job
	71714672  -  Run Bytes Received By Job
	85372  -  Total Bytes Sent By Job
	71714672  -  Total Bytes Received By Job
	Partitionable Resources :    Usage  Request Allocated 
	   Cpus                 :     0.67        1         1 
	   Disk (KB)            : 70177     2048000  18989727 
	   Memory (MB)          :   189        1992      2048 
...
