000 (6284013.000.000) 07/17 04:46:20 Job submitted from host: <144.92.181.245:9618?addrs=144.92.181.245-9618+[2607-f388-101c-1000--372]-9618&noUDP&sock=3375869_eb73_31>
...
001 (6284013.000.000) 07/17 04:51:02 Job executing on host: <144.92.180.174:9618?addrs=144.92.180.174-9618+[2607-f388-101c-1000--629]-9618&noUDP&sock=3096_2d4d_3>
...
006 (6284013.000.000) 07/17 04:51:11 Image size of job updated: 311328
	199  -  MemoryUsage of job (MB)
	202800  -  ResidentSetSize of job (KB)
...
005 (6284013.000.000) 07/17 04:51:30 Job terminated.
	(1) Normal termination (return value 0)
		Usr 0 00:00:16, Sys 0 00:00:01  -  Run Remote Usage
		Usr 0 00:00:00, Sys 0 00:00:00  -  Run Local Usage
		Usr 0 00:00:16, Sys 0 00:00:01  -  Total Remote Usage
		Usr 0 00:00:00, Sys 0 00:00:00  -  Total Local Usage
	66390  -  Run Bytes Sent By Job
	71714680  -  Run Bytes Received By Job
	66390  -  Total Bytes Sent By Job
	71714680  -  Total Bytes Received By Job
	Partitionable Resources :    Usage  Request Allocated 
	   Cpus                 :        0        1         1 
	   Disk (KB)            :    70159  2048000  18993677 
	   Memory (MB)          :      199     1992      2048 
...
