000 (6284093.000.000) 07/17 04:47:13 Job submitted from host: <144.92.181.245:9618?addrs=144.92.181.245-9618+[2607-f388-101c-1000--372]-9618&noUDP&sock=3375869_eb73_31>
...
001 (6284093.000.000) 07/17 04:55:16 Job executing on host: <128.104.227.96:9618?addrs=128.104.227.96-9618+[2607-f388-101c-1000--629]-9618&noUDP&sock=4021_a667_3>
...
006 (6284093.000.000) 07/17 04:55:25 Image size of job updated: 322352
	209  -  MemoryUsage of job (MB)
	213920  -  ResidentSetSize of job (KB)
...
006 (6284093.000.000) 07/17 04:57:21 Image size of job updated: 325636
	209  -  MemoryUsage of job (MB)
	213920  -  ResidentSetSize of job (KB)
...
005 (6284093.000.000) 07/17 04:57:21 Job terminated.
	(1) Normal termination (return value 0)
		Usr 0 00:01:38, Sys 0 00:00:03  -  Run Remote Usage
		Usr 0 00:00:00, Sys 0 00:00:00  -  Run Local Usage
		Usr 0 00:01:38, Sys 0 00:00:03  -  Total Remote Usage
		Usr 0 00:00:00, Sys 0 00:00:00  -  Total Local Usage
	122696  -  Run Bytes Sent By Job
	71714680  -  Run Bytes Received By Job
	122696  -  Total Bytes Sent By Job
	71714680  -  Total Bytes Received By Job
	Partitionable Resources :    Usage  Request Allocated 
	   Cpus                 :     0.83        1         1 
	   Disk (KB)            : 70214     2048000  18988527 
	   Memory (MB)          :   209        1992      2048 
...
