000 (6284033.000.000) 07/17 04:46:32 Job submitted from host: <144.92.181.245:9618?addrs=144.92.181.245-9618+[2607-f388-101c-1000--372]-9618&noUDP&sock=3375869_eb73_31>
...
001 (6284033.000.000) 07/17 04:51:39 Job executing on host: <144.92.181.229:9618?addrs=144.92.181.229-9618+[2607-f388-101c-1000--629]-9618&noUDP&sock=2250_e42e_3>
...
006 (6284033.000.000) 07/17 04:51:48 Image size of job updated: 303304
	189  -  MemoryUsage of job (MB)
	192968  -  ResidentSetSize of job (KB)
...
005 (6284033.000.000) 07/17 04:52:49 Job terminated.
	(1) Normal termination (return value 0)
		Usr 0 00:00:51, Sys 0 00:00:02  -  Run Remote Usage
		Usr 0 00:00:00, Sys 0 00:00:00  -  Run Local Usage
		Usr 0 00:00:51, Sys 0 00:00:02  -  Total Remote Usage
		Usr 0 00:00:00, Sys 0 00:00:00  -  Total Local Usage
	88903  -  Run Bytes Sent By Job
	71714672  -  Run Bytes Received By Job
	88903  -  Total Bytes Sent By Job
	71714672  -  Total Bytes Received By Job
	Partitionable Resources :    Usage  Request Allocated 
	   Cpus                 :     0.79        1         1 
	   Disk (KB)            : 70183     2048000  18357883 
	   Memory (MB)          :   189        1992      2048 
...
