000 (6284089.000.000) 07/17 04:47:11 Job submitted from host: <144.92.181.245:9618?addrs=144.92.181.245-9618+[2607-f388-101c-1000--372]-9618&noUDP&sock=3375869_eb73_31>
...
001 (6284089.000.000) 07/17 04:54:20 Job executing on host: <128.104.227.103:9618?addrs=128.104.227.103-9618+[2607-f388-101c-1000--52]-9618&noUDP&sock=3904_65d3_3>
...
006 (6284089.000.000) 07/17 04:54:29 Image size of job updated: 333248
	220  -  MemoryUsage of job (MB)
	225192  -  ResidentSetSize of job (KB)
...
006 (6284089.000.000) 07/17 04:59:19 Image size of job updated: 333248
	220  -  MemoryUsage of job (MB)
	225252  -  ResidentSetSize of job (KB)
...
005 (6284089.000.000) 07/17 04:59:19 Job terminated.
	(1) Normal termination (return value 0)
		Usr 0 00:03:56, Sys 0 00:00:09  -  Run Remote Usage
		Usr 0 00:00:00, Sys 0 00:00:00  -  Run Local Usage
		Usr 0 00:03:56, Sys 0 00:00:09  -  Total Remote Usage
		Usr 0 00:00:00, Sys 0 00:00:00  -  Total Local Usage
	123948  -  Run Bytes Sent By Job
	71714680  -  Run Bytes Received By Job
	123948  -  Total Bytes Sent By Job
	71714680  -  Total Bytes Received By Job
	Partitionable Resources :    Usage  Request Allocated 
	   Cpus                 :     0.79        1         1 
	   Disk (KB)            : 70217     2048000  18994846 
	   Memory (MB)          :   220        1992      2048 
...
