All files added.
Initializing chain.
from Init MC
.... MC file ..... 
Coming in: 
nentries:296149
Running over 296149 events.
Finished entry 0/296148
Finished entry 10000/296148
Finished entry 20000/296148
Finished entry 30000/296148
Finished entry 40000/296148
Finished entry 50000/296148
Finished entry 60000/296148
Finished entry 70000/296148
Finished entry 80000/296148
Finished entry 90000/296148
Finished entry 100000/296148
Finished entry 110000/296148
Finished entry 120000/296148
Finished entry 130000/296148
Finished entry 140000/296148
Finished entry 150000/296148
Finished entry 160000/296148
Finished entry 170000/296148
Finished entry 180000/296148
Finished entry 190000/296148
Finished entry 200000/296148
Finished entry 210000/296148
Finished entry 220000/296148
Finished entry 230000/296148
Finished entry 240000/296148
Finished entry 250000/296148
Finished entry 260000/296148
Finished entry 270000/296148
Finished entry 280000/296148
Finished entry 290000/296148
Finished entry 296148/296148
All events checked.
*******************************************
******************Jithin's original*************************
    Initial entries 296149.000000
   Passing smikking 0.000000
Inspected genWeightd 295757.000000   % change= 0.132366
   METFiltersPassed 279416.186023   % change= 5.525081
    SingleTrgPassed 96804.476260   % change= 65.354736
     GoodMuonPassed 82289.505420   % change= 14.994111
      GoodTauPassed 28931.374254   % change= 64.841964
         opp charge 28496.851343   % change= 1.501909
         after sf 1 28496.851343   % change= 1.501909
         after sf 2 0.000000   % change= 1.501909
         after sf 3 0.000000   % change= 1.501909
         after sf 4 20865.123125   % change= 1.501909
 PassedThirdLepVeto 20823.790436   % change= 26.925995
     PassedBjetVeto 20055.136721   % change= 3.691229
       DeltaRPassed 19969.944541   % change= 0.424790
      Total change :93.256791
*******************************************
*******************************************
Number of events inspected: 296149
Number of events inspected (minus negative gen. weights): 295757.000000
 Outpt written to VBFHToTauTau_M125_00.root
Real time 0:02:12, CP time 89.730
