000 (6284002.000.000) 07/17 04:46:13 Job submitted from host: <144.92.181.245:9618?addrs=144.92.181.245-9618+[2607-f388-101c-1000--372]-9618&noUDP&sock=3375869_eb73_31>
...
001 (6284002.000.000) 07/17 04:50:06 Job executing on host: <128.104.227.96:9618?addrs=128.104.227.96-9618+[2607-f388-101c-1000--629]-9618&noUDP&sock=4021_a667_3>
...
006 (6284002.000.000) 07/17 04:50:15 Image size of job updated: 313032
	198  -  MemoryUsage of job (MB)
	202712  -  ResidentSetSize of job (KB)
...
005 (6284002.000.000) 07/17 04:51:27 Job terminated.
	(1) Normal termination (return value 0)
		Usr 0 00:00:52, Sys 0 00:00:02  -  Run Remote Usage
		Usr 0 00:00:00, Sys 0 00:00:00  -  Run Local Usage
		Usr 0 00:00:52, Sys 0 00:00:02  -  Total Remote Usage
		Usr 0 00:00:00, Sys 0 00:00:00  -  Total Local Usage
	134471  -  Run Bytes Sent By Job
	71714680  -  Run Bytes Received By Job
	134471  -  Total Bytes Sent By Job
	71714680  -  Total Bytes Received By Job
	Partitionable Resources :    Usage  Request Allocated 
	   Cpus                 :     0.75        1         1 
	   Disk (KB)            : 70227     2048000  18988527 
	   Memory (MB)          :   198        1992      2048 
...
