000 (6284001.000.000) 07/17 04:46:12 Job submitted from host: <144.92.181.245:9618?addrs=144.92.181.245-9618+[2607-f388-101c-1000--372]-9618&noUDP&sock=3375869_eb73_31>
...
001 (6284001.000.000) 07/17 04:49:57 Job executing on host: <128.104.227.96:9618?addrs=128.104.227.96-9618+[2607-f388-101c-1000--629]-9618&noUDP&sock=4021_a667_3>
...
006 (6284001.000.000) 07/17 04:50:04 Image size of job updated: 174184
	0  -  MemoryUsage of job (MB)
	0  -  ResidentSetSize of job (KB)
...
005 (6284001.000.000) 07/17 04:50:04 Job terminated.
	(1) Normal termination (return value 0)
		Usr 0 00:00:02, Sys 0 00:00:00  -  Run Remote Usage
		Usr 0 00:00:00, Sys 0 00:00:00  -  Run Local Usage
		Usr 0 00:00:02, Sys 0 00:00:00  -  Total Remote Usage
		Usr 0 00:00:00, Sys 0 00:00:00  -  Total Local Usage
	28729  -  Run Bytes Sent By Job
	71714696  -  Run Bytes Received By Job
	28729  -  Total Bytes Sent By Job
	71714696  -  Total Bytes Received By Job
	Partitionable Resources :    Usage  Request Allocated 
	   Cpus                 :        0        1         1 
	   Disk (KB)            :    70122  2048000  18988527 
	   Memory (MB)          :        0     1992      2048 
...
