000 (6284017.000.000) 07/17 04:46:22 Job submitted from host: <144.92.181.245:9618?addrs=144.92.181.245-9618+[2607-f388-101c-1000--372]-9618&noUDP&sock=3375869_eb73_31>
...
001 (6284017.000.000) 07/17 04:51:09 Job executing on host: <144.92.180.127:9618?addrs=144.92.180.127-9618+[2607-f388-101c-1000--629]-9618&noUDP&sock=2909_e917_3>
...
006 (6284017.000.000) 07/17 04:51:17 Image size of job updated: 316076
	199  -  MemoryUsage of job (MB)
	203344  -  ResidentSetSize of job (KB)
...
006 (6284017.000.000) 07/17 04:51:45 Image size of job updated: 316216
	199  -  MemoryUsage of job (MB)
	203344  -  ResidentSetSize of job (KB)
...
005 (6284017.000.000) 07/17 04:51:45 Job terminated.
	(1) Normal termination (return value 0)
		Usr 0 00:00:24, Sys 0 00:00:01  -  Run Remote Usage
		Usr 0 00:00:00, Sys 0 00:00:00  -  Run Local Usage
		Usr 0 00:00:24, Sys 0 00:00:01  -  Total Remote Usage
		Usr 0 00:00:00, Sys 0 00:00:00  -  Total Local Usage
	69357  -  Run Bytes Sent By Job
	71714680  -  Run Bytes Received By Job
	69357  -  Total Bytes Sent By Job
	71714680  -  Total Bytes Received By Job
	Partitionable Resources :    Usage  Request Allocated 
	   Cpus                 :     0.66        1         1 
	   Disk (KB)            : 70163     2048000  18355729 
	   Memory (MB)          :   199        1992      2048 
...
