000 (5363405.000.000) 07/09 13:21:09 Job submitted from host: <144.92.180.29:9618?addrs=144.92.180.29-9618+[2607-f388-101c-1000--369]-9618&noUDP&sock=61097_09e4_3>
...
001 (5363405.000.000) 07/09 13:21:45 Job executing on host: <144.92.180.115:9618?addrs=144.92.180.115-9618+[2607-f388-101c-1000--629]-9618&noUDP&sock=3372_7d70_3>
...
006 (5363405.000.000) 07/09 13:21:53 Image size of job updated: 225156
	106  -  MemoryUsage of job (MB)
	107820  -  ResidentSetSize of job (KB)
...
006 (5363405.000.000) 07/09 13:41:53 Image size of job updated: 430012
	418  -  MemoryUsage of job (MB)
	427212  -  ResidentSetSize of job (KB)
...
006 (5363405.000.000) 07/09 14:01:54 Image size of job updated: 430012
	419  -  MemoryUsage of job (MB)
	428176  -  ResidentSetSize of job (KB)
...
005 (5363405.000.000) 07/09 14:19:41 Job terminated.
	(1) Normal termination (return value 0)
		Usr 0 00:15:36, Sys 0 00:00:59  -  Run Remote Usage
		Usr 0 00:00:00, Sys 0 00:00:00  -  Run Local Usage
		Usr 0 00:15:36, Sys 0 00:00:59  -  Total Remote Usage
		Usr 0 00:00:00, Sys 0 00:00:00  -  Total Local Usage
	2543033856  -  Run Bytes Sent By Job
	218210  -  Run Bytes Received By Job
	2543033856  -  Total Bytes Sent By Job
	218210  -  Total Bytes Received By Job
	Partitionable Resources :      Usage  Request Allocated 
	   Cpus                 :       0.27        1         1 
	   Disk (KB)            : 2483706     2048000  18352029 
	   Memory (MB)          :     419        1992      2048 
...
