000 (5363394.000.000) 07/09 13:21:05 Job submitted from host: <144.92.180.29:9618?addrs=144.92.180.29-9618+[2607-f388-101c-1000--369]-9618&noUDP&sock=61097_09e4_3>
...
001 (5363394.000.000) 07/09 13:21:45 Job executing on host: <144.92.180.39:9618?addrs=144.92.180.39-9618+[2607-f388-101c-1000--629]-9618&noUDP&sock=2460_ef11_3>
...
006 (5363394.000.000) 07/09 13:21:54 Image size of job updated: 192832
	106  -  MemoryUsage of job (MB)
	108036  -  ResidentSetSize of job (KB)
...
006 (5363394.000.000) 07/09 13:41:55 Image size of job updated: 453412
	390  -  MemoryUsage of job (MB)
	398548  -  ResidentSetSize of job (KB)
...
006 (5363394.000.000) 07/09 14:01:55 Image size of job updated: 453412
	392  -  MemoryUsage of job (MB)
	400688  -  ResidentSetSize of job (KB)
...
006 (5363394.000.000) 07/09 14:21:56 Image size of job updated: 453412
	393  -  MemoryUsage of job (MB)
	401512  -  ResidentSetSize of job (KB)
...
006 (5363394.000.000) 07/09 14:41:56 Image size of job updated: 453412
	393  -  MemoryUsage of job (MB)
	401936  -  ResidentSetSize of job (KB)
...
006 (5363394.000.000) 07/09 15:01:57 Image size of job updated: 453412
	393  -  MemoryUsage of job (MB)
	401976  -  ResidentSetSize of job (KB)
...
005 (5363394.000.000) 07/09 15:17:04 Job terminated.
	(1) Normal termination (return value 0)
		Usr 0 00:28:26, Sys 0 00:02:10  -  Run Remote Usage
		Usr 0 00:00:00, Sys 0 00:00:00  -  Run Local Usage
		Usr 0 00:28:26, Sys 0 00:02:10  -  Total Remote Usage
		Usr 0 00:00:00, Sys 0 00:00:00  -  Total Local Usage
	257120320  -  Run Bytes Sent By Job
	218188  -  Run Bytes Received By Job
	257120320  -  Total Bytes Sent By Job
	218188  -  Total Bytes Received By Job
	Partitionable Resources :     Usage  Request Allocated 
	   Cpus                 :      0.24        1         1 
	   Disk (KB)            : 251367     2048000  18345259 
	   Memory (MB)          :    393        1992      2048 
...
