000 (5363388.000.000) 07/09 13:21:00 Job submitted from host: <144.92.180.29:9618?addrs=144.92.180.29-9618+[2607-f388-101c-1000--369]-9618&noUDP&sock=61097_09e4_3>
...
001 (5363388.000.000) 07/09 13:21:45 Job executing on host: <144.92.180.142:9618?addrs=144.92.180.142-9618+[2607-f388-101c-1000--629]-9618&noUDP&sock=3208_ffe8_3>
...
006 (5363388.000.000) 07/09 13:21:54 Image size of job updated: 252844
	133  -  MemoryUsage of job (MB)
	135320  -  ResidentSetSize of job (KB)
...
005 (5363388.000.000) 07/09 13:28:50 Job terminated.
	(1) Normal termination (return value 0)
		Usr 0 00:01:40, Sys 0 00:00:07  -  Run Remote Usage
		Usr 0 00:00:00, Sys 0 00:00:00  -  Run Local Usage
		Usr 0 00:01:40, Sys 0 00:00:07  -  Total Remote Usage
		Usr 0 00:00:00, Sys 0 00:00:00  -  Total Local Usage
	16883564  -  Run Bytes Sent By Job
	218196  -  Run Bytes Received By Job
	16883564  -  Total Bytes Sent By Job
	218196  -  Total Bytes Received By Job
	Partitionable Resources :    Usage  Request Allocated 
	   Cpus                 :     0.33        1         1 
	   Disk (KB)            : 16763     2048000  18986753 
	   Memory (MB)          :   133        1992      2048 
...
