000 (5363310.000.000) 07/09 13:20:34 Job submitted from host: <144.92.180.29:9618?addrs=144.92.180.29-9618+[2607-f388-101c-1000--369]-9618&noUDP&sock=61097_09e4_3>
...
001 (5363310.000.000) 07/09 13:21:10 Job executing on host: <128.104.227.66:9618?addrs=128.104.227.66-9618+[2607-f388-101c-1000--629]-9618&noUDP&sock=3260_aad5_3>
...
006 (5363310.000.000) 07/09 13:21:19 Image size of job updated: 2848
	1  -  MemoryUsage of job (MB)
	872  -  ResidentSetSize of job (KB)
...
006 (5363310.000.000) 07/09 13:41:20 Image size of job updated: 437576
	371  -  MemoryUsage of job (MB)
	379384  -  ResidentSetSize of job (KB)
...
006 (5363310.000.000) 07/09 14:01:20 Image size of job updated: 437576
	374  -  MemoryUsage of job (MB)
	382372  -  ResidentSetSize of job (KB)
...
005 (5363310.000.000) 07/09 14:21:08 Job terminated.
	(1) Normal termination (return value 0)
		Usr 0 00:21:11, Sys 0 00:00:42  -  Run Remote Usage
		Usr 0 00:00:00, Sys 0 00:00:00  -  Run Local Usage
		Usr 0 00:21:11, Sys 0 00:00:42  -  Total Remote Usage
		Usr 0 00:00:00, Sys 0 00:00:00  -  Total Local Usage
	4303168512  -  Run Bytes Sent By Job
	218203  -  Run Bytes Received By Job
	4303168512  -  Total Bytes Sent By Job
	218203  -  Total Bytes Received By Job
	Partitionable Resources :    Usage  Request Allocated 
	   Cpus                 :        0        1         1 
	   Disk (KB)            :  4202588  2048000  18992536 
	   Memory (MB)          :      374     1992      2048 
...
