000 (5363318.000.000) 07/09 13:20:36 Job submitted from host: <144.92.180.29:9618?addrs=144.92.180.29-9618+[2607-f388-101c-1000--369]-9618&noUDP&sock=61097_09e4_3>
...
001 (5363318.000.000) 07/09 13:21:02 Job executing on host: <128.104.227.38:9618?addrs=128.104.227.38-9618+[2607-f388-101c-1000--629]-9618&noUDP&sock=3274_4528_3>
...
006 (5363318.000.000) 07/09 13:21:10 Image size of job updated: 225304
	106  -  MemoryUsage of job (MB)
	108400  -  ResidentSetSize of job (KB)
...
006 (5363318.000.000) 07/09 13:41:10 Image size of job updated: 417504
	407  -  MemoryUsage of job (MB)
	416596  -  ResidentSetSize of job (KB)
...
006 (5363318.000.000) 07/09 14:01:11 Image size of job updated: 419908
	408  -  MemoryUsage of job (MB)
	417696  -  ResidentSetSize of job (KB)
...
006 (5363318.000.000) 07/09 14:21:13 Image size of job updated: 419908
	409  -  MemoryUsage of job (MB)
	417884  -  ResidentSetSize of job (KB)
...
006 (5363318.000.000) 07/09 14:41:13 Image size of job updated: 421740
	411  -  MemoryUsage of job (MB)
	420032  -  ResidentSetSize of job (KB)
...
006 (5363318.000.000) 07/09 15:01:13 Image size of job updated: 421740
	411  -  MemoryUsage of job (MB)
	420444  -  ResidentSetSize of job (KB)
...
006 (5363318.000.000) 07/09 15:21:13 Image size of job updated: 422780
	411  -  MemoryUsage of job (MB)
	420824  -  ResidentSetSize of job (KB)
...
006 (5363318.000.000) 07/09 15:41:13 Image size of job updated: 422780
	412  -  MemoryUsage of job (MB)
	420900  -  ResidentSetSize of job (KB)
...
005 (5363318.000.000) 07/09 15:45:20 Job terminated.
	(1) Normal termination (return value 0)
		Usr 0 00:36:25, Sys 0 00:01:33  -  Run Remote Usage
		Usr 0 00:00:00, Sys 0 00:00:00  -  Run Local Usage
		Usr 0 00:36:25, Sys 0 00:01:33  -  Total Remote Usage
		Usr 0 00:00:00, Sys 0 00:00:00  -  Total Local Usage
	2938554368  -  Run Bytes Sent By Job
	218223  -  Run Bytes Received By Job
	2938554368  -  Total Bytes Sent By Job
	218223  -  Total Bytes Received By Job
	Partitionable Resources :      Usage  Request Allocated 
	   Cpus                 :       0.02        1         1 
	   Disk (KB)            : 2869955     2048000  18996680 
	   Memory (MB)          :     412        1992      2048 
...
