000 (5363362.000.000) 07/09 13:20:51 Job submitted from host: <144.92.180.29:9618?addrs=144.92.180.29-9618+[2607-f388-101c-1000--369]-9618&noUDP&sock=61097_09e4_3>
...
001 (5363362.000.000) 07/09 13:21:05 Job executing on host: <144.92.180.159:9618?addrs=144.92.180.159-9618+[2607-f388-101c-1000--629]-9618&noUDP&sock=3146_7909_3>
...
006 (5363362.000.000) 07/09 13:21:14 Image size of job updated: 225828
	106  -  MemoryUsage of job (MB)
	107632  -  ResidentSetSize of job (KB)
...
005 (5363362.000.000) 07/09 13:35:36 Job terminated.
	(1) Normal termination (return value 0)
		Usr 0 00:03:36, Sys 0 00:00:15  -  Run Remote Usage
		Usr 0 00:00:00, Sys 0 00:00:00  -  Run Local Usage
		Usr 0 00:03:36, Sys 0 00:00:15  -  Total Remote Usage
		Usr 0 00:00:00, Sys 0 00:00:00  -  Total Local Usage
	93476960  -  Run Bytes Sent By Job
	218183  -  Run Bytes Received By Job
	93476960  -  Total Bytes Sent By Job
	218183  -  Total Bytes Received By Job
	Partitionable Resources :    Usage  Request Allocated 
	   Cpus                 :     0.26        1         1 
	   Disk (KB)            : 91559     2048000  18988873 
	   Memory (MB)          :   106        1992      2048 
...
