000 (5363338.000.000) 07/09 13:20:43 Job submitted from host: <144.92.180.29:9618?addrs=144.92.180.29-9618+[2607-f388-101c-1000--369]-9618&noUDP&sock=61097_09e4_3>
...
001 (5363338.000.000) 07/09 13:21:03 Job executing on host: <144.92.180.34:9618?addrs=144.92.180.34-9618+[2607-f388-101c-1000--629]-9618&noUDP&sock=2306_4d7b_3>
...
006 (5363338.000.000) 07/09 13:21:11 Image size of job updated: 116100
	29  -  MemoryUsage of job (MB)
	29328  -  ResidentSetSize of job (KB)
...
006 (5363338.000.000) 07/09 13:41:11 Image size of job updated: 407356
	397  -  MemoryUsage of job (MB)
	406196  -  ResidentSetSize of job (KB)
...
006 (5363338.000.000) 07/09 14:01:11 Image size of job updated: 409952
	399  -  MemoryUsage of job (MB)
	407956  -  ResidentSetSize of job (KB)
...
006 (5363338.000.000) 07/09 14:21:11 Image size of job updated: 409952
	399  -  MemoryUsage of job (MB)
	408360  -  ResidentSetSize of job (KB)
...
006 (5363338.000.000) 07/09 14:41:14 Image size of job updated: 410300
	400  -  MemoryUsage of job (MB)
	408752  -  ResidentSetSize of job (KB)
...
006 (5363338.000.000) 07/09 15:01:12 Image size of job updated: 410556
	400  -  MemoryUsage of job (MB)
	409008  -  ResidentSetSize of job (KB)
...
006 (5363338.000.000) 07/09 15:21:14 Image size of job updated: 410556
	400  -  MemoryUsage of job (MB)
	409152  -  ResidentSetSize of job (KB)
...
006 (5363338.000.000) 07/09 15:41:13 Image size of job updated: 410556
	400  -  MemoryUsage of job (MB)
	409200  -  ResidentSetSize of job (KB)
...
006 (5363338.000.000) 07/09 16:01:14 Image size of job updated: 410556
	400  -  MemoryUsage of job (MB)
	409488  -  ResidentSetSize of job (KB)
...
006 (5363338.000.000) 07/09 16:21:15 Image size of job updated: 412092
	400  -  MemoryUsage of job (MB)
	409492  -  ResidentSetSize of job (KB)
...
006 (5363338.000.000) 07/09 16:41:15 Image size of job updated: 412720
	400  -  MemoryUsage of job (MB)
	409504  -  ResidentSetSize of job (KB)
...
005 (5363338.000.000) 07/09 17:03:15 Job terminated.
	(1) Normal termination (return value 0)
		Usr 0 01:03:17, Sys 0 00:04:24  -  Run Remote Usage
		Usr 0 00:00:00, Sys 0 00:00:00  -  Run Local Usage
		Usr 0 01:03:17, Sys 0 00:04:24  -  Total Remote Usage
		Usr 0 00:00:00, Sys 0 00:00:00  -  Total Local Usage
	11240445952  -  Run Bytes Sent By Job
	218170  -  Run Bytes Received By Job
	11240445952  -  Total Bytes Sent By Job
	218170  -  Total Bytes Received By Job
	Partitionable Resources :       Usage  Request Allocated 
	   Cpus                 :        0.02        1         1 
	   Disk (KB)            : 10977274     2048000  18354075 
	   Memory (MB)          :      400        1992      2048 
...
