000 (5363336.000.000) 07/09 13:20:42 Job submitted from host: <144.92.180.29:9618?addrs=144.92.180.29-9618+[2607-f388-101c-1000--369]-9618&noUDP&sock=61097_09e4_3>
...
001 (5363336.000.000) 07/09 13:21:04 Job executing on host: <128.104.227.30:9618?addrs=128.104.227.30-9618+[2607-f388-101c-1000--629]-9618&noUDP&sock=3327_9fad_3>
...
006 (5363336.000.000) 07/09 13:21:13 Image size of job updated: 225632
	106  -  MemoryUsage of job (MB)
	108288  -  ResidentSetSize of job (KB)
...
006 (5363336.000.000) 07/09 13:41:13 Image size of job updated: 399668
	390  -  MemoryUsage of job (MB)
	398604  -  ResidentSetSize of job (KB)
...
006 (5363336.000.000) 07/09 14:01:13 Image size of job updated: 401788
	391  -  MemoryUsage of job (MB)
	399500  -  ResidentSetSize of job (KB)
...
006 (5363336.000.000) 07/09 14:21:13 Image size of job updated: 401936
	391  -  MemoryUsage of job (MB)
	400176  -  ResidentSetSize of job (KB)
...
006 (5363336.000.000) 07/09 14:41:14 Image size of job updated: 402168
	392  -  MemoryUsage of job (MB)
	400664  -  ResidentSetSize of job (KB)
...
006 (5363336.000.000) 07/09 15:01:15 Image size of job updated: 403236
	392  -  MemoryUsage of job (MB)
	401252  -  ResidentSetSize of job (KB)
...
006 (5363336.000.000) 07/09 15:21:16 Image size of job updated: 403236
	392  -  MemoryUsage of job (MB)
	401316  -  ResidentSetSize of job (KB)
...
006 (5363336.000.000) 07/09 15:41:16 Image size of job updated: 403236
	393  -  MemoryUsage of job (MB)
	401572  -  ResidentSetSize of job (KB)
...
005 (5363336.000.000) 07/09 15:53:30 Job terminated.
	(1) Normal termination (return value 0)
		Usr 0 00:38:58, Sys 0 00:01:53  -  Run Remote Usage
		Usr 0 00:00:00, Sys 0 00:00:00  -  Run Local Usage
		Usr 0 00:38:58, Sys 0 00:01:53  -  Total Remote Usage
		Usr 0 00:00:00, Sys 0 00:00:00  -  Total Local Usage
	3728725504  -  Run Bytes Sent By Job
	218262  -  Run Bytes Received By Job
	3728725504  -  Total Bytes Sent By Job
	218262  -  Total Bytes Received By Job
	Partitionable Resources :      Usage  Request Allocated 
	   Cpus                 :       0.03        1         1 
	   Disk (KB)            : 3641607     2048000  18999626 
	   Memory (MB)          :     393        1992      2048 
...
