000 (5363375.000.000) 07/09 13:20:55 Job submitted from host: <144.92.180.29:9618?addrs=144.92.180.29-9618+[2607-f388-101c-1000--369]-9618&noUDP&sock=61097_09e4_3>
...
001 (5363375.000.000) 07/09 13:21:06 Job executing on host: <144.92.180.55:9618?addrs=144.92.180.55-9618+[2607-f388-101c-1000--629]-9618&noUDP&sock=2618_4f08_3>
...
006 (5363375.000.000) 07/09 13:21:15 Image size of job updated: 162120
	50  -  MemoryUsage of job (MB)
	50408  -  ResidentSetSize of job (KB)
...
006 (5363375.000.000) 07/09 13:26:23 Image size of job updated: 162120
	50  -  MemoryUsage of job (MB)
	50428  -  ResidentSetSize of job (KB)
...
005 (5363375.000.000) 07/09 13:26:27 Job terminated.
	(1) Normal termination (return value 0)
		Usr 0 00:01:49, Sys 0 00:00:07  -  Run Remote Usage
		Usr 0 00:00:00, Sys 0 00:00:00  -  Run Local Usage
		Usr 0 00:01:49, Sys 0 00:00:07  -  Total Remote Usage
		Usr 0 00:00:00, Sys 0 00:00:00  -  Total Local Usage
	168344432  -  Run Bytes Sent By Job
	218160  -  Run Bytes Received By Job
	168344432  -  Total Bytes Sent By Job
	218160  -  Total Bytes Received By Job
	Partitionable Resources :     Usage  Request Allocated 
	   Cpus                 :      0.38        1         1 
	   Disk (KB)            : 164674     2048000  18515788 
	   Memory (MB)          :     50        1992      2048 
...
