000 (5363400.000.000) 07/09 13:21:08 Job submitted from host: <144.92.180.29:9618?addrs=144.92.180.29-9618+[2607-f388-101c-1000--369]-9618&noUDP&sock=61097_09e4_3>
...
001 (5363400.000.000) 07/09 13:21:45 Job executing on host: <144.92.180.126:9618?addrs=144.92.180.126-9618+[2607-f388-101c-1000--629]-9618&noUDP&sock=3415_fc03_3>
...
006 (5363400.000.000) 07/09 13:21:54 Image size of job updated: 225256
	106  -  MemoryUsage of job (MB)
	108356  -  ResidentSetSize of job (KB)
...
006 (5363400.000.000) 07/09 13:41:55 Image size of job updated: 458032
	405  -  MemoryUsage of job (MB)
	414344  -  ResidentSetSize of job (KB)
...
006 (5363400.000.000) 07/09 14:01:56 Image size of job updated: 459332
	406  -  MemoryUsage of job (MB)
	415648  -  ResidentSetSize of job (KB)
...
006 (5363400.000.000) 07/09 14:21:56 Image size of job updated: 459556
	407  -  MemoryUsage of job (MB)
	415872  -  ResidentSetSize of job (KB)
...
006 (5363400.000.000) 07/09 14:41:56 Image size of job updated: 461004
	408  -  MemoryUsage of job (MB)
	417320  -  ResidentSetSize of job (KB)
...
006 (5363400.000.000) 07/09 15:01:56 Image size of job updated: 461004
	408  -  MemoryUsage of job (MB)
	417672  -  ResidentSetSize of job (KB)
...
006 (5363400.000.000) 07/09 15:21:57 Image size of job updated: 461004
	409  -  MemoryUsage of job (MB)
	418296  -  ResidentSetSize of job (KB)
...
006 (5363400.000.000) 07/09 15:41:58 Image size of job updated: 461004
	409  -  MemoryUsage of job (MB)
	418748  -  ResidentSetSize of job (KB)
...
006 (5363400.000.000) 07/09 16:01:58 Image size of job updated: 461004
	410  -  MemoryUsage of job (MB)
	419252  -  ResidentSetSize of job (KB)
...
005 (5363400.000.000) 07/09 16:21:08 Job terminated.
	(1) Normal termination (return value 0)
		Usr 0 00:47:09, Sys 0 00:03:15  -  Run Remote Usage
		Usr 0 00:00:00, Sys 0 00:00:00  -  Run Local Usage
		Usr 0 00:47:09, Sys 0 00:03:15  -  Total Remote Usage
		Usr 0 00:00:00, Sys 0 00:00:00  -  Total Local Usage
	5462015488  -  Run Bytes Sent By Job
	218164  -  Run Bytes Received By Job
	5462015488  -  Total Bytes Sent By Job
	218164  -  Total Bytes Received By Job
	Partitionable Resources :      Usage  Request Allocated 
	   Cpus                 :       0.02        1         1 
	   Disk (KB)            : 5334273     2048000  18352912 
	   Memory (MB)          :     410        1992      2048 
...
