000 (5363311.000.000) 07/09 13:20:34 Job submitted from host: <144.92.180.29:9618?addrs=144.92.180.29-9618+[2607-f388-101c-1000--369]-9618&noUDP&sock=61097_09e4_3>
...
001 (5363311.000.000) 07/09 13:21:03 Job executing on host: <144.92.180.25:9618?addrs=144.92.180.25-9618+[2607-f388-101c-1000--629]-9618&noUDP&sock=3052_ff22_3>
...
006 (5363311.000.000) 07/09 13:21:12 Image size of job updated: 59012
	23  -  MemoryUsage of job (MB)
	23524  -  ResidentSetSize of job (KB)
...
006 (5363311.000.000) 07/09 13:41:12 Image size of job updated: 291820
	284  -  MemoryUsage of job (MB)
	290508  -  ResidentSetSize of job (KB)
...
006 (5363311.000.000) 07/09 14:01:12 Image size of job updated: 304328
	296  -  MemoryUsage of job (MB)
	303016  -  ResidentSetSize of job (KB)
...
006 (5363311.000.000) 07/09 14:21:13 Image size of job updated: 318308
	311  -  MemoryUsage of job (MB)
	317580  -  ResidentSetSize of job (KB)
...
006 (5363311.000.000) 07/09 14:41:15 Image size of job updated: 328060
	320  -  MemoryUsage of job (MB)
	327332  -  ResidentSetSize of job (KB)
...
006 (5363311.000.000) 07/09 15:01:15 Image size of job updated: 443664
	432  -  MemoryUsage of job (MB)
	442180  -  ResidentSetSize of job (KB)
...
006 (5363311.000.000) 07/09 15:21:15 Image size of job updated: 444200
	433  -  MemoryUsage of job (MB)
	442580  -  ResidentSetSize of job (KB)
...
005 (5363311.000.000) 07/09 15:24:37 Job terminated.
	(1) Normal termination (return value 0)
		Usr 0 00:29:04, Sys 0 00:01:31  -  Run Remote Usage
		Usr 0 00:00:00, Sys 0 00:00:00  -  Run Local Usage
		Usr 0 00:29:04, Sys 0 00:01:31  -  Total Remote Usage
		Usr 0 00:00:00, Sys 0 00:00:00  -  Total Local Usage
	58091192  -  Run Bytes Sent By Job
	218215  -  Run Bytes Received By Job
	58091192  -  Total Bytes Sent By Job
	218215  -  Total Bytes Received By Job
	Partitionable Resources :    Usage  Request Allocated 
	   Cpus                 :     0.31        1         1 
	   Disk (KB)            : 57005     2048000  18986477 
	   Memory (MB)          :   433        1992      2048 
...
