000 (5363341.000.000) 07/09 13:20:44 Job submitted from host: <144.92.180.29:9618?addrs=144.92.180.29-9618+[2607-f388-101c-1000--369]-9618&noUDP&sock=61097_09e4_3>
...
001 (5363341.000.000) 07/09 13:21:04 Job executing on host: <128.104.227.67:9618?addrs=128.104.227.67-9618+[2607-f388-101c-1000--629]-9618&noUDP&sock=3353_7524_3>
...
006 (5363341.000.000) 07/09 13:21:13 Image size of job updated: 224704
	106  -  MemoryUsage of job (MB)
	107976  -  ResidentSetSize of job (KB)
...
006 (5363341.000.000) 07/09 13:41:13 Image size of job updated: 397420
	388  -  MemoryUsage of job (MB)
	396576  -  ResidentSetSize of job (KB)
...
006 (5363341.000.000) 07/09 14:01:13 Image size of job updated: 399096
	390  -  MemoryUsage of job (MB)
	398548  -  ResidentSetSize of job (KB)
...
006 (5363341.000.000) 07/09 14:21:14 Image size of job updated: 399156
	390  -  MemoryUsage of job (MB)
	398792  -  ResidentSetSize of job (KB)
...
006 (5363341.000.000) 07/09 14:41:15 Image size of job updated: 401148
	390  -  MemoryUsage of job (MB)
	399248  -  ResidentSetSize of job (KB)
...
006 (5363341.000.000) 07/09 15:01:16 Image size of job updated: 401148
	390  -  MemoryUsage of job (MB)
	399360  -  ResidentSetSize of job (KB)
...
005 (5363341.000.000) 07/09 15:01:29 Job terminated.
	(1) Normal termination (return value 0)
		Usr 0 00:23:18, Sys 0 00:01:20  -  Run Remote Usage
		Usr 0 00:00:00, Sys 0 00:00:00  -  Run Local Usage
		Usr 0 00:23:18, Sys 0 00:01:20  -  Total Remote Usage
		Usr 0 00:00:00, Sys 0 00:00:00  -  Total Local Usage
	989463680  -  Run Bytes Sent By Job
	218182  -  Run Bytes Received By Job
	989463680  -  Total Bytes Sent By Job
	218182  -  Total Bytes Received By Job
	Partitionable Resources :     Usage  Request Allocated 
	   Cpus                 :      0.30        1         1 
	   Disk (KB)            : 966548     2048000  18994652 
	   Memory (MB)          :    390        1992      2048 
...
