000 (5363355.000.000) 07/09 13:20:49 Job submitted from host: <144.92.180.29:9618?addrs=144.92.180.29-9618+[2607-f388-101c-1000--369]-9618&noUDP&sock=61097_09e4_3>
...
001 (5363355.000.000) 07/09 13:21:08 Job executing on host: <144.92.180.105:9618?addrs=144.92.180.105-9618+[2607-f388-101c-1000--629]-9618&noUDP&sock=3484_500c_3>
...
006 (5363355.000.000) 07/09 13:21:17 Image size of job updated: 59540
	23  -  MemoryUsage of job (MB)
	23520  -  ResidentSetSize of job (KB)
...
006 (5363355.000.000) 07/09 13:41:18 Image size of job updated: 452760
	410  -  MemoryUsage of job (MB)
	419032  -  ResidentSetSize of job (KB)
...
006 (5363355.000.000) 07/09 14:01:18 Image size of job updated: 452760
	413  -  MemoryUsage of job (MB)
	422868  -  ResidentSetSize of job (KB)
...
006 (5363355.000.000) 07/09 14:21:18 Image size of job updated: 452760
	415  -  MemoryUsage of job (MB)
	424576  -  ResidentSetSize of job (KB)
...
006 (5363355.000.000) 07/09 14:41:18 Image size of job updated: 452760
	415  -  MemoryUsage of job (MB)
	424772  -  ResidentSetSize of job (KB)
...
006 (5363355.000.000) 07/09 15:01:19 Image size of job updated: 452760
	416  -  MemoryUsage of job (MB)
	425180  -  ResidentSetSize of job (KB)
...
006 (5363355.000.000) 07/09 15:21:20 Image size of job updated: 452760
	416  -  MemoryUsage of job (MB)
	425284  -  ResidentSetSize of job (KB)
...
006 (5363355.000.000) 07/09 15:41:20 Image size of job updated: 452760
	416  -  MemoryUsage of job (MB)
	425496  -  ResidentSetSize of job (KB)
...
006 (5363355.000.000) 07/09 16:01:21 Image size of job updated: 452760
	416  -  MemoryUsage of job (MB)
	425548  -  ResidentSetSize of job (KB)
...
005 (5363355.000.000) 07/09 16:20:08 Job terminated.
	(1) Normal termination (return value 0)
		Usr 0 00:44:58, Sys 0 00:02:56  -  Run Remote Usage
		Usr 0 00:00:00, Sys 0 00:00:00  -  Run Local Usage
		Usr 0 00:44:58, Sys 0 00:02:56  -  Total Remote Usage
		Usr 0 00:00:00, Sys 0 00:00:00  -  Total Local Usage
	4850732032  -  Run Bytes Sent By Job
	218152  -  Run Bytes Received By Job
	4850732032  -  Total Bytes Sent By Job
	218152  -  Total Bytes Received By Job
	Partitionable Resources :      Usage  Request Allocated 
	   Cpus                 :       0.02        1         1 
	   Disk (KB)            : 4737318     2048000  18358381 
	   Memory (MB)          :     416        1992      2048 
...
