000 (5363392.000.000) 07/09 13:21:04 Job submitted from host: <144.92.180.29:9618?addrs=144.92.180.29-9618+[2607-f388-101c-1000--369]-9618&noUDP&sock=61097_09e4_3>
...
001 (5363392.000.000) 07/09 13:21:45 Job executing on host: <128.104.227.66:9618?addrs=128.104.227.66-9618+[2607-f388-101c-1000--629]-9618&noUDP&sock=3260_aad5_3>
...
006 (5363392.000.000) 07/09 13:21:53 Image size of job updated: 101536
	33  -  MemoryUsage of job (MB)
	33784  -  ResidentSetSize of job (KB)
...
005 (5363392.000.000) 07/09 13:22:11 Job terminated.
	(1) Normal termination (return value 0)
		Usr 0 00:00:02, Sys 0 00:00:00  -  Run Remote Usage
		Usr 0 00:00:00, Sys 0 00:00:00  -  Run Local Usage
		Usr 0 00:00:02, Sys 0 00:00:00  -  Total Remote Usage
		Usr 0 00:00:00, Sys 0 00:00:00  -  Total Local Usage
	439158  -  Run Bytes Sent By Job
	218192  -  Run Bytes Received By Job
	439158  -  Total Bytes Sent By Job
	218192  -  Total Bytes Received By Job
	Partitionable Resources :    Usage  Request Allocated 
	   Cpus                 :        0        1         1 
	   Disk (KB)            :      702  2048000  18992536 
	   Memory (MB)          :       33     1992      2048 
...
