000 (5363408.000.000) 07/09 13:21:10 Job submitted from host: <144.92.180.29:9618?addrs=144.92.180.29-9618+[2607-f388-101c-1000--369]-9618&noUDP&sock=61097_09e4_3>
...
001 (5363408.000.000) 07/09 13:21:45 Job executing on host: <144.92.180.109:9618?addrs=144.92.180.109-9618+[2607-f388-101c-1000--629]-9618&noUDP&sock=3385_682c_3>
...
006 (5363408.000.000) 07/09 13:21:55 Image size of job updated: 224412
	106  -  MemoryUsage of job (MB)
	107800  -  ResidentSetSize of job (KB)
...
006 (5363408.000.000) 07/09 13:41:55 Image size of job updated: 426524
	373  -  MemoryUsage of job (MB)
	381132  -  ResidentSetSize of job (KB)
...
006 (5363408.000.000) 07/09 14:01:55 Image size of job updated: 429264
	376  -  MemoryUsage of job (MB)
	384224  -  ResidentSetSize of job (KB)
...
006 (5363408.000.000) 07/09 14:21:55 Image size of job updated: 429264
	377  -  MemoryUsage of job (MB)
	385404  -  ResidentSetSize of job (KB)
...
005 (5363408.000.000) 07/09 14:33:49 Job terminated.
	(1) Normal termination (return value 0)
		Usr 0 00:23:35, Sys 0 00:01:37  -  Run Remote Usage
		Usr 0 00:00:00, Sys 0 00:00:00  -  Run Local Usage
		Usr 0 00:23:35, Sys 0 00:01:37  -  Total Remote Usage
		Usr 0 00:00:00, Sys 0 00:00:00  -  Total Local Usage
	8596413440  -  Run Bytes Sent By Job
	218198  -  Run Bytes Received By Job
	8596413440  -  Total Bytes Sent By Job
	218198  -  Total Bytes Received By Job
	Partitionable Resources :      Usage  Request Allocated 
	   Cpus                 :       0.09        1         1 
	   Disk (KB)            : 8395208     2048000  18357888 
	   Memory (MB)          :     377        1992      2048 
...
