000 (5363377.000.000) 07/09 13:20:56 Job submitted from host: <144.92.180.29:9618?addrs=144.92.180.29-9618+[2607-f388-101c-1000--369]-9618&noUDP&sock=61097_09e4_3>
...
001 (5363377.000.000) 07/09 13:21:06 Job executing on host: <144.92.181.76:9618?addrs=144.92.181.76-9618+[2607-f388-101c-1000--629]-9618&noUDP&sock=2428_fc09_3>
...
006 (5363377.000.000) 07/09 13:21:15 Image size of job updated: 31744
	7  -  MemoryUsage of job (MB)
	6848  -  ResidentSetSize of job (KB)
...
006 (5363377.000.000) 07/09 13:41:16 Image size of job updated: 490088
	476  -  MemoryUsage of job (MB)
	487120  -  ResidentSetSize of job (KB)
...
006 (5363377.000.000) 07/09 14:01:16 Image size of job updated: 492020
	478  -  MemoryUsage of job (MB)
	489040  -  ResidentSetSize of job (KB)
...
006 (5363377.000.000) 07/09 14:21:16 Image size of job updated: 494008
	480  -  MemoryUsage of job (MB)
	491028  -  ResidentSetSize of job (KB)
...
006 (5363377.000.000) 07/09 14:41:17 Image size of job updated: 494868
	481  -  MemoryUsage of job (MB)
	491888  -  ResidentSetSize of job (KB)
...
006 (5363377.000.000) 07/09 15:01:18 Image size of job updated: 494868
	481  -  MemoryUsage of job (MB)
	492112  -  ResidentSetSize of job (KB)
...
006 (5363377.000.000) 07/09 15:21:19 Image size of job updated: 494868
	481  -  MemoryUsage of job (MB)
	492380  -  ResidentSetSize of job (KB)
...
022 (5363377.000.000) 07/09 15:40:30 Job disconnected, attempting to reconnect
    Socket between submit and execute hosts closed unexpectedly
    Trying to reconnect to slot1_11@g19n09.hep.wisc.edu <144.92.181.76:9618?addrs=144.92.181.76-9618+[2607-f388-101c-1000--629]-9618&noUDP&sock=2428_fc09_3>
...
023 (5363377.000.000) 07/09 15:40:30 Job reconnected to slot1_11@g19n09.hep.wisc.edu
    startd address: <144.92.181.76:9618?addrs=144.92.181.76-9618+[2607-f388-101c-1000--629]-9618&noUDP&sock=2428_fc09_3>
    starter address: <144.92.181.76:9618?addrs=144.92.181.76-9618+[2607-f388-101c-1000--629]-9618&noUDP&sock=2926_61b0_39533>
...
005 (5363377.000.000) 07/09 15:41:09 Job terminated.
	(1) Normal termination (return value 0)
		Usr 0 00:44:40, Sys 0 00:02:24  -  Run Remote Usage
		Usr 0 00:00:00, Sys 0 00:00:00  -  Run Local Usage
		Usr 0 00:44:40, Sys 0 00:02:24  -  Total Remote Usage
		Usr 0 00:00:00, Sys 0 00:00:00  -  Total Local Usage
	1192291072  -  Run Bytes Sent By Job
	218135  -  Run Bytes Received By Job
	1192291072  -  Total Bytes Sent By Job
	218135  -  Total Bytes Received By Job
	Partitionable Resources :      Usage  Request Allocated 
	   Cpus                 :       0.06        1         1 
	   Disk (KB)            : 1164622     2048000  18496249 
	   Memory (MB)          :     481        1992      2048 
...
