000 (5363332.000.000) 07/09 13:20:41 Job submitted from host: <144.92.180.29:9618?addrs=144.92.180.29-9618+[2607-f388-101c-1000--369]-9618&noUDP&sock=61097_09e4_3>
...
001 (5363332.000.000) 07/09 13:21:02 Job executing on host: <144.92.180.74:9618?addrs=144.92.180.74-9618+[2607-f388-101c-1000--629]-9618&noUDP&sock=3006_71c7_3>
...
006 (5363332.000.000) 07/09 13:21:11 Image size of job updated: 226212
	106  -  MemoryUsage of job (MB)
	107796  -  ResidentSetSize of job (KB)
...
006 (5363332.000.000) 07/09 13:41:11 Image size of job updated: 437764
	426  -  MemoryUsage of job (MB)
	435656  -  ResidentSetSize of job (KB)
...
006 (5363332.000.000) 07/09 14:01:11 Image size of job updated: 440156
	428  -  MemoryUsage of job (MB)
	438048  -  ResidentSetSize of job (KB)
...
005 (5363332.000.000) 07/09 14:11:17 Job terminated.
	(1) Normal termination (return value 0)
		Usr 0 00:13:46, Sys 0 00:00:35  -  Run Remote Usage
		Usr 0 00:00:00, Sys 0 00:00:00  -  Run Local Usage
		Usr 0 00:13:46, Sys 0 00:00:35  -  Total Remote Usage
		Usr 0 00:00:00, Sys 0 00:00:00  -  Total Local Usage
	1527988992  -  Run Bytes Sent By Job
	218182  -  Run Bytes Received By Job
	1527988992  -  Total Bytes Sent By Job
	218182  -  Total Bytes Received By Job
	Partitionable Resources :      Usage  Request Allocated 
	   Cpus                 :       0.23        1         1 
	   Disk (KB)            : 1492450     2048000  18993821 
	   Memory (MB)          :     428        1992      2048 
...
