********** for MC *********
All files added.
Initializing chain.
from Init MC
.... MC file ..... 
Coming in: 
nentries:4804144
Running over 4804144 events.
Finished entry 0/4804143
Finished entry 200000/4804143
Finished entry 400000/4804143
Finished entry 600000/4804143
Finished entry 800000/4804143
Finished entry 1000000/4804143
Finished entry 1200000/4804143
Finished entry 1400000/4804143
Finished entry 1600000/4804143
Finished entry 1800000/4804143
Finished entry 2000000/4804143
Finished entry 2200000/4804143
Finished entry 2400000/4804143
Finished entry 2600000/4804143
Finished entry 2800000/4804143
Finished entry 3000000/4804143
Finished entry 3200000/4804143
Finished entry 3400000/4804143
Finished entry 3600000/4804143
Finished entry 3800000/4804143
Finished entry 4000000/4804143
Finished entry 4200000/4804143
Finished entry 4400000/4804143
Finished entry 4600000/4804143
Finished entry 4800000/4804143
nPassedSkimmed = 1.21848e+06
Real time 2:02:43, CP time 2798.920
