000 (5363354.000.000) 07/09 13:20:48 Job submitted from host: <144.92.180.29:9618?addrs=144.92.180.29-9618+[2607-f388-101c-1000--369]-9618&noUDP&sock=61097_09e4_3>
...
001 (5363354.000.000) 07/09 13:21:05 Job executing on host: <144.92.180.131:9618?addrs=144.92.180.131-9618+[2607-f388-101c-1000--629]-9618&noUDP&sock=3337_7ba0_3>
...
006 (5363354.000.000) 07/09 13:21:14 Image size of job updated: 88532
	25  -  MemoryUsage of job (MB)
	25516  -  ResidentSetSize of job (KB)
...
005 (5363354.000.000) 07/09 13:31:04 Job terminated.
	(1) Normal termination (return value 0)
		Usr 0 00:02:06, Sys 0 00:00:08  -  Run Remote Usage
		Usr 0 00:00:00, Sys 0 00:00:00  -  Run Local Usage
		Usr 0 00:02:06, Sys 0 00:00:08  -  Total Remote Usage
		Usr 0 00:00:00, Sys 0 00:00:00  -  Total Local Usage
	218892864  -  Run Bytes Sent By Job
	218194  -  Run Bytes Received By Job
	218892864  -  Total Bytes Sent By Job
	218194  -  Total Bytes Received By Job
	Partitionable Resources :     Usage  Request Allocated 
	   Cpus                 :      0.11        1         1 
	   Disk (KB)            : 214038     2048000  18358123 
	   Memory (MB)          :     25        1992      2048 
...
