000 (5363344.000.000) 07/09 13:20:45 Job submitted from host: <144.92.180.29:9618?addrs=144.92.180.29-9618+[2607-f388-101c-1000--369]-9618&noUDP&sock=61097_09e4_3>
...
001 (5363344.000.000) 07/09 13:21:08 Job executing on host: <144.92.180.169:9618?addrs=144.92.180.169-9618+[2607-f388-101c-1000--629]-9618&noUDP&sock=3086_515a_3>
...
006 (5363344.000.000) 07/09 13:21:16 Image size of job updated: 140072
	54  -  MemoryUsage of job (MB)
	54468  -  ResidentSetSize of job (KB)
...
006 (5363344.000.000) 07/09 13:41:16 Image size of job updated: 398000
	389  -  MemoryUsage of job (MB)
	397628  -  ResidentSetSize of job (KB)
...
006 (5363344.000.000) 07/09 14:01:17 Image size of job updated: 398504
	389  -  MemoryUsage of job (MB)
	398132  -  ResidentSetSize of job (KB)
...
006 (5363344.000.000) 07/09 14:21:18 Image size of job updated: 398624
	389  -  MemoryUsage of job (MB)
	398252  -  ResidentSetSize of job (KB)
...
006 (5363344.000.000) 07/09 14:31:18 Image size of job updated: 651988
	389  -  MemoryUsage of job (MB)
	398252  -  ResidentSetSize of job (KB)
...
005 (5363344.000.000) 07/09 14:31:29 Job terminated.
	(1) Normal termination (return value 0)
		Usr 0 00:17:50, Sys 0 00:01:27  -  Run Remote Usage
		Usr 0 00:00:00, Sys 0 00:00:00  -  Run Local Usage
		Usr 0 00:17:50, Sys 0 00:01:27  -  Total Remote Usage
		Usr 0 00:00:00, Sys 0 00:00:00  -  Total Local Usage
	654967680  -  Run Bytes Sent By Job
	218182  -  Run Bytes Received By Job
	654967680  -  Total Bytes Sent By Job
	218182  -  Total Bytes Received By Job
	Partitionable Resources :    Usage  Request Allocated 
	   Cpus                 :        0        1         1 
	   Disk (KB)            :   639892  2048000  18989020 
	   Memory (MB)          :      389     1992      2048 
...
