000 (5363334.000.000) 07/09 13:20:41 Job submitted from host: <144.92.180.29:9618?addrs=144.92.180.29-9618+[2607-f388-101c-1000--369]-9618&noUDP&sock=61097_09e4_3>
...
001 (5363334.000.000) 07/09 13:21:03 Job executing on host: <144.92.180.241:9618?addrs=144.92.180.241-9618+[2607-f388-101c-1000--629]-9618&noUDP&sock=3132_deb6_3>
...
006 (5363334.000.000) 07/09 13:21:11 Image size of job updated: 40280
	16  -  MemoryUsage of job (MB)
	16184  -  ResidentSetSize of job (KB)
...
006 (5363334.000.000) 07/09 13:41:11 Image size of job updated: 408220
	398  -  MemoryUsage of job (MB)
	407344  -  ResidentSetSize of job (KB)
...
006 (5363334.000.000) 07/09 14:01:11 Image size of job updated: 410056
	399  -  MemoryUsage of job (MB)
	408024  -  ResidentSetSize of job (KB)
...
006 (5363334.000.000) 07/09 14:21:12 Image size of job updated: 411704
	400  -  MemoryUsage of job (MB)
	408728  -  ResidentSetSize of job (KB)
...
005 (5363334.000.000) 07/09 14:33:41 Job terminated.
	(1) Normal termination (return value 0)
		Usr 0 00:16:32, Sys 0 00:00:50  -  Run Remote Usage
		Usr 0 00:00:00, Sys 0 00:00:00  -  Run Local Usage
		Usr 0 00:16:32, Sys 0 00:00:50  -  Total Remote Usage
		Usr 0 00:00:00, Sys 0 00:00:00  -  Total Local Usage
	599292800  -  Run Bytes Sent By Job
	218300  -  Run Bytes Received By Job
	599292800  -  Total Bytes Sent By Job
	218300  -  Total Bytes Received By Job
	Partitionable Resources :     Usage  Request Allocated 
	   Cpus                 :      0.03        1         1 
	   Disk (KB)            : 585522     2048000  18992204 
	   Memory (MB)          :    400        1992      2048 
...
