000 (5363303.000.000) 07/09 13:20:32 Job submitted from host: <144.92.180.29:9618?addrs=144.92.180.29-9618+[2607-f388-101c-1000--369]-9618&noUDP&sock=61097_09e4_3>
...
001 (5363303.000.000) 07/09 13:21:03 Job executing on host: <128.104.227.129:9618?addrs=128.104.227.129-9618+[2607-f388-101c-1000--76]-9618&noUDP&sock=90452_2083_3>
...
006 (5363303.000.000) 07/09 13:21:12 Image size of job updated: 225328
	106  -  MemoryUsage of job (MB)
	108396  -  ResidentSetSize of job (KB)
...
006 (5363303.000.000) 07/09 13:41:12 Image size of job updated: 404784
	395  -  MemoryUsage of job (MB)
	403804  -  ResidentSetSize of job (KB)
...
006 (5363303.000.000) 07/09 14:01:12 Image size of job updated: 404924
	396  -  MemoryUsage of job (MB)
	404920  -  ResidentSetSize of job (KB)
...
006 (5363303.000.000) 07/09 14:21:13 Image size of job updated: 407308
	397  -  MemoryUsage of job (MB)
	405824  -  ResidentSetSize of job (KB)
...
006 (5363303.000.000) 07/09 14:41:14 Image size of job updated: 407308
	397  -  MemoryUsage of job (MB)
	406308  -  ResidentSetSize of job (KB)
...
006 (5363303.000.000) 07/09 15:01:15 Image size of job updated: 408212
	398  -  MemoryUsage of job (MB)
	406908  -  ResidentSetSize of job (KB)
...
006 (5363303.000.000) 07/09 15:21:15 Image size of job updated: 408212
	399  -  MemoryUsage of job (MB)
	407556  -  ResidentSetSize of job (KB)
...
005 (5363303.000.000) 07/09 15:36:06 Job terminated.
	(1) Normal termination (return value 0)
		Usr 0 00:26:11, Sys 0 00:01:07  -  Run Remote Usage
		Usr 0 00:00:00, Sys 0 00:00:00  -  Run Local Usage
		Usr 0 00:26:11, Sys 0 00:01:07  -  Total Remote Usage
		Usr 0 00:00:00, Sys 0 00:00:00  -  Total Local Usage
	4029110784  -  Run Bytes Sent By Job
	218203  -  Run Bytes Received By Job
	4029110784  -  Total Bytes Sent By Job
	218203  -  Total Bytes Received By Job
	Partitionable Resources :      Usage  Request Allocated 
	   Cpus                 :       0.06        1         1 
	   Disk (KB)            : 3934951     2048000  19010182 
	   Memory (MB)          :     399        1992      2048 
...
