000 (5363378.000.000) 07/09 13:20:56 Job submitted from host: <144.92.180.29:9618?addrs=144.92.180.29-9618+[2607-f388-101c-1000--369]-9618&noUDP&sock=61097_09e4_3>
...
001 (5363378.000.000) 07/09 13:21:06 Job executing on host: <144.92.181.235:9618?addrs=144.92.181.235-9618+[2607-f388-101c-1000--629]-9618&noUDP&sock=2440_372c_3>
...
006 (5363378.000.000) 07/09 13:21:16 Image size of job updated: 79104
	25  -  MemoryUsage of job (MB)
	24604  -  ResidentSetSize of job (KB)
...
006 (5363378.000.000) 07/09 13:41:16 Image size of job updated: 495344
	420  -  MemoryUsage of job (MB)
	430048  -  ResidentSetSize of job (KB)
...
006 (5363378.000.000) 07/09 14:01:16 Image size of job updated: 495344
	423  -  MemoryUsage of job (MB)
	432136  -  ResidentSetSize of job (KB)
...
006 (5363378.000.000) 07/09 14:21:16 Image size of job updated: 495344
	424  -  MemoryUsage of job (MB)
	433184  -  ResidentSetSize of job (KB)
...
006 (5363378.000.000) 07/09 14:41:16 Image size of job updated: 495344
	424  -  MemoryUsage of job (MB)
	433704  -  ResidentSetSize of job (KB)
...
006 (5363378.000.000) 07/09 15:01:17 Image size of job updated: 495344
	425  -  MemoryUsage of job (MB)
	435168  -  ResidentSetSize of job (KB)
...
006 (5363378.000.000) 07/09 15:21:18 Image size of job updated: 495344
	426  -  MemoryUsage of job (MB)
	435784  -  ResidentSetSize of job (KB)
...
006 (5363378.000.000) 07/09 15:41:18 Image size of job updated: 495344
	426  -  MemoryUsage of job (MB)
	436048  -  ResidentSetSize of job (KB)
...
006 (5363378.000.000) 07/09 16:01:18 Image size of job updated: 495344
	426  -  MemoryUsage of job (MB)
	436072  -  ResidentSetSize of job (KB)
...
006 (5363378.000.000) 07/09 16:21:19 Image size of job updated: 495344
	427  -  MemoryUsage of job (MB)
	437208  -  ResidentSetSize of job (KB)
...
006 (5363378.000.000) 07/09 16:41:19 Image size of job updated: 495344
	428  -  MemoryUsage of job (MB)
	437384  -  ResidentSetSize of job (KB)
...
005 (5363378.000.000) 07/09 16:58:31 Job terminated.
	(1) Normal termination (return value 0)
		Usr 0 01:29:57, Sys 0 00:04:17  -  Run Remote Usage
		Usr 0 00:00:00, Sys 0 00:00:00  -  Run Local Usage
		Usr 0 01:29:57, Sys 0 00:04:17  -  Total Remote Usage
		Usr 0 00:00:00, Sys 0 00:00:00  -  Total Local Usage
	5339149824  -  Run Bytes Sent By Job
	218172  -  Run Bytes Received By Job
	5339149824  -  Total Bytes Sent By Job
	218172  -  Total Bytes Received By Job
	Partitionable Resources :      Usage  Request Allocated 
	   Cpus                 :       0.06        1         1 
	   Disk (KB)            : 5214286     2048000  18504112 
	   Memory (MB)          :     428        1992      2048 
...
