000 (5363331.000.000) 07/09 13:20:40 Job submitted from host: <144.92.180.29:9618?addrs=144.92.180.29-9618+[2607-f388-101c-1000--369]-9618&noUDP&sock=61097_09e4_3>
...
001 (5363331.000.000) 07/09 13:21:04 Job executing on host: <128.104.227.45:9618?addrs=128.104.227.45-9618+[2607-f388-101c-1000--629]-9618&noUDP&sock=3354_24bc_3>
...
006 (5363331.000.000) 07/09 13:21:13 Image size of job updated: 225388
	106  -  MemoryUsage of job (MB)
	107828  -  ResidentSetSize of job (KB)
...
006 (5363331.000.000) 07/09 13:41:13 Image size of job updated: 308136
	300  -  MemoryUsage of job (MB)
	306512  -  ResidentSetSize of job (KB)
...
006 (5363331.000.000) 07/09 14:01:13 Image size of job updated: 408732
	398  -  MemoryUsage of job (MB)
	407456  -  ResidentSetSize of job (KB)
...
005 (5363331.000.000) 07/09 14:05:30 Job terminated.
	(1) Normal termination (return value 0)
		Usr 0 00:09:55, Sys 0 00:00:29  -  Run Remote Usage
		Usr 0 00:00:00, Sys 0 00:00:00  -  Run Local Usage
		Usr 0 00:09:55, Sys 0 00:00:29  -  Total Remote Usage
		Usr 0 00:00:00, Sys 0 00:00:00  -  Total Local Usage
	56050724  -  Run Bytes Sent By Job
	218204  -  Run Bytes Received By Job
	56050724  -  Total Bytes Sent By Job
	218204  -  Total Bytes Received By Job
	Partitionable Resources :    Usage  Request Allocated 
	   Cpus                 :     0.11        1         1 
	   Disk (KB)            : 55010     2048000  18990918 
	   Memory (MB)          :   398        1992      2048 
...
