000 (5363397.000.000) 07/09 13:21:07 Job submitted from host: <144.92.180.29:9618?addrs=144.92.180.29-9618+[2607-f388-101c-1000--369]-9618&noUDP&sock=61097_09e4_3>
...
001 (5363397.000.000) 07/09 13:21:44 Job executing on host: <128.104.227.45:9618?addrs=128.104.227.45-9618+[2607-f388-101c-1000--629]-9618&noUDP&sock=3354_24bc_3>
...
006 (5363397.000.000) 07/09 13:21:53 Image size of job updated: 225884
	106  -  MemoryUsage of job (MB)
	108372  -  ResidentSetSize of job (KB)
...
006 (5363397.000.000) 07/09 13:41:54 Image size of job updated: 410328
	401  -  MemoryUsage of job (MB)
	409664  -  ResidentSetSize of job (KB)
...
006 (5363397.000.000) 07/09 14:01:55 Image size of job updated: 412392
	402  -  MemoryUsage of job (MB)
	411576  -  ResidentSetSize of job (KB)
...
006 (5363397.000.000) 07/09 14:21:56 Image size of job updated: 413328
	403  -  MemoryUsage of job (MB)
	411860  -  ResidentSetSize of job (KB)
...
006 (5363397.000.000) 07/09 14:41:56 Image size of job updated: 414040
	403  -  MemoryUsage of job (MB)
	412212  -  ResidentSetSize of job (KB)
...
006 (5363397.000.000) 07/09 15:01:56 Image size of job updated: 414116
	403  -  MemoryUsage of job (MB)
	412280  -  ResidentSetSize of job (KB)
...
006 (5363397.000.000) 07/09 15:21:56 Image size of job updated: 414268
	403  -  MemoryUsage of job (MB)
	412436  -  ResidentSetSize of job (KB)
...
006 (5363397.000.000) 07/09 15:41:57 Image size of job updated: 414340
	403  -  MemoryUsage of job (MB)
	412508  -  ResidentSetSize of job (KB)
...
006 (5363397.000.000) 07/09 16:01:57 Image size of job updated: 414728
	404  -  MemoryUsage of job (MB)
	412704  -  ResidentSetSize of job (KB)
...
005 (5363397.000.000) 07/09 16:12:51 Job terminated.
	(1) Normal termination (return value 0)
		Usr 0 00:44:13, Sys 0 00:01:49  -  Run Remote Usage
		Usr 0 00:00:00, Sys 0 00:00:00  -  Run Local Usage
		Usr 0 00:44:13, Sys 0 00:01:49  -  Total Remote Usage
		Usr 0 00:00:00, Sys 0 00:00:00  -  Total Local Usage
	6237300736  -  Run Bytes Sent By Job
	218148  -  Run Bytes Received By Job
	6237300736  -  Total Bytes Sent By Job
	218148  -  Total Bytes Received By Job
	Partitionable Resources :      Usage  Request Allocated 
	   Cpus                 :       0.01        1         1 
	   Disk (KB)            : 6091389     2048000  18990918 
	   Memory (MB)          :     404        1992      2048 
...
