000 (5363382.000.000) 07/09 13:20:58 Job submitted from host: <144.92.180.29:9618?addrs=144.92.180.29-9618+[2607-f388-101c-1000--369]-9618&noUDP&sock=61097_09e4_3>
...
001 (5363382.000.000) 07/09 13:21:08 Job executing on host: <144.92.181.197:9618?addrs=144.92.181.197-9618+[2607-f388-101c-1000--456]-9618&noUDP&sock=2472_2a34_3>
...
006 (5363382.000.000) 07/09 13:21:17 Image size of job updated: 151448
	40  -  MemoryUsage of job (MB)
	40960  -  ResidentSetSize of job (KB)
...
006 (5363382.000.000) 07/09 13:41:18 Image size of job updated: 523136
	395  -  MemoryUsage of job (MB)
	404176  -  ResidentSetSize of job (KB)
...
006 (5363382.000.000) 07/09 14:01:19 Image size of job updated: 523136
	397  -  MemoryUsage of job (MB)
	405812  -  ResidentSetSize of job (KB)
...
006 (5363382.000.000) 07/09 14:21:20 Image size of job updated: 523136
	397  -  MemoryUsage of job (MB)
	406228  -  ResidentSetSize of job (KB)
...
006 (5363382.000.000) 07/09 14:41:20 Image size of job updated: 523136
	398  -  MemoryUsage of job (MB)
	407004  -  ResidentSetSize of job (KB)
...
006 (5363382.000.000) 07/09 15:01:20 Image size of job updated: 523136
	398  -  MemoryUsage of job (MB)
	407412  -  ResidentSetSize of job (KB)
...
006 (5363382.000.000) 07/09 15:21:21 Image size of job updated: 523136
	399  -  MemoryUsage of job (MB)
	408520  -  ResidentSetSize of job (KB)
...
006 (5363382.000.000) 07/09 15:41:22 Image size of job updated: 523136
	400  -  MemoryUsage of job (MB)
	408984  -  ResidentSetSize of job (KB)
...
005 (5363382.000.000) 07/09 15:59:07 Job terminated.
	(1) Normal termination (return value 0)
		Usr 0 01:19:28, Sys 0 00:03:44  -  Run Remote Usage
		Usr 0 00:00:00, Sys 0 00:00:00  -  Run Local Usage
		Usr 0 01:19:28, Sys 0 00:03:44  -  Total Remote Usage
		Usr 0 00:00:00, Sys 0 00:00:00  -  Total Local Usage
	5349691904  -  Run Bytes Sent By Job
	218182  -  Run Bytes Received By Job
	5349691904  -  Total Bytes Sent By Job
	218182  -  Total Bytes Received By Job
	Partitionable Resources :      Usage  Request Allocated 
	   Cpus                 :       0.17        1         1 
	   Disk (KB)            : 5224582     2048000  18506101 
	   Memory (MB)          :     400        1992      2048 
...
