000 (5363379.000.000) 07/09 13:20:57 Job submitted from host: <144.92.180.29:9618?addrs=144.92.180.29-9618+[2607-f388-101c-1000--369]-9618&noUDP&sock=61097_09e4_3>
...
001 (5363379.000.000) 07/09 13:21:06 Job executing on host: <144.92.180.61:9618?addrs=144.92.180.61-9618+[2607-f388-101c-1000--629]-9618&noUDP&sock=3096_2d4d_3>
...
006 (5363379.000.000) 07/09 13:21:15 Image size of job updated: 29764
	7  -  MemoryUsage of job (MB)
	6676  -  ResidentSetSize of job (KB)
...
006 (5363379.000.000) 07/09 13:41:15 Image size of job updated: 459028
	426  -  MemoryUsage of job (MB)
	435492  -  ResidentSetSize of job (KB)
...
005 (5363379.000.000) 07/09 13:56:55 Job terminated.
	(1) Normal termination (return value 0)
		Usr 0 00:10:44, Sys 0 00:00:37  -  Run Remote Usage
		Usr 0 00:00:00, Sys 0 00:00:00  -  Run Local Usage
		Usr 0 00:10:44, Sys 0 00:00:37  -  Total Remote Usage
		Usr 0 00:00:00, Sys 0 00:00:00  -  Total Local Usage
	980619200  -  Run Bytes Sent By Job
	218172  -  Run Bytes Received By Job
	980619200  -  Total Bytes Sent By Job
	218172  -  Total Bytes Received By Job
	Partitionable Resources :     Usage  Request Allocated 
	   Cpus                 :      0.35        1         1 
	   Disk (KB)            : 957909     2048000  18509329 
	   Memory (MB)          :    426        1992      2048 
...
