000 (5363366.000.000) 07/09 13:20:52 Job submitted from host: <144.92.180.29:9618?addrs=144.92.180.29-9618+[2607-f388-101c-1000--369]-9618&noUDP&sock=61097_09e4_3>
...
001 (5363366.000.000) 07/09 13:21:08 Job executing on host: <144.92.180.197:9618?addrs=144.92.180.197-9618+[2607-f388-101c-1000--629]-9618&noUDP&sock=3199_d38e_3>
...
006 (5363366.000.000) 07/09 13:21:17 Image size of job updated: 224716
	105  -  MemoryUsage of job (MB)
	107092  -  ResidentSetSize of job (KB)
...
006 (5363366.000.000) 07/09 13:41:18 Image size of job updated: 495104
	388  -  MemoryUsage of job (MB)
	396640  -  ResidentSetSize of job (KB)
...
006 (5363366.000.000) 07/09 14:01:20 Image size of job updated: 495104
	390  -  MemoryUsage of job (MB)
	398672  -  ResidentSetSize of job (KB)
...
006 (5363366.000.000) 07/09 14:21:20 Image size of job updated: 495104
	390  -  MemoryUsage of job (MB)
	399056  -  ResidentSetSize of job (KB)
...
006 (5363366.000.000) 07/09 14:41:20 Image size of job updated: 495104
	390  -  MemoryUsage of job (MB)
	399184  -  ResidentSetSize of job (KB)
...
006 (5363366.000.000) 07/09 15:01:20 Image size of job updated: 495104
	390  -  MemoryUsage of job (MB)
	399232  -  ResidentSetSize of job (KB)
...
006 (5363366.000.000) 07/09 15:21:20 Image size of job updated: 495104
	390  -  MemoryUsage of job (MB)
	399292  -  ResidentSetSize of job (KB)
...
006 (5363366.000.000) 07/09 15:41:21 Image size of job updated: 495104
	391  -  MemoryUsage of job (MB)
	399500  -  ResidentSetSize of job (KB)
...
006 (5363366.000.000) 07/09 16:01:22 Image size of job updated: 495104
	391  -  MemoryUsage of job (MB)
	399712  -  ResidentSetSize of job (KB)
...
006 (5363366.000.000) 07/09 16:21:22 Image size of job updated: 495104
	391  -  MemoryUsage of job (MB)
	400344  -  ResidentSetSize of job (KB)
...
006 (5363366.000.000) 07/09 16:41:23 Image size of job updated: 495104
	392  -  MemoryUsage of job (MB)
	400852  -  ResidentSetSize of job (KB)
...
005 (5363366.000.000) 07/09 16:51:56 Job terminated.
	(1) Normal termination (return value 0)
		Usr 0 00:47:44, Sys 0 00:03:18  -  Run Remote Usage
		Usr 0 00:00:00, Sys 0 00:00:00  -  Run Local Usage
		Usr 0 00:47:44, Sys 0 00:03:18  -  Total Remote Usage
		Usr 0 00:00:00, Sys 0 00:00:00  -  Total Local Usage
	3705720576  -  Run Bytes Sent By Job
	218183  -  Run Bytes Received By Job
	3705720576  -  Total Bytes Sent By Job
	218183  -  Total Bytes Received By Job
	Partitionable Resources :      Usage  Request Allocated 
	   Cpus                 :       0.04        1         1 
	   Disk (KB)            : 3619141     2048000  18512253 
	   Memory (MB)          :     392        1992      2048 
...
