000 (5363386.000.000) 07/09 13:20:59 Job submitted from host: <144.92.180.29:9618?addrs=144.92.180.29-9618+[2607-f388-101c-1000--369]-9618&noUDP&sock=61097_09e4_3>
...
001 (5363386.000.000) 07/09 13:21:45 Job executing on host: <128.104.227.129:9618?addrs=128.104.227.129-9618+[2607-f388-101c-1000--76]-9618&noUDP&sock=90452_2083_3>
...
006 (5363386.000.000) 07/09 13:21:54 Image size of job updated: 224072
	106  -  MemoryUsage of job (MB)
	108376  -  ResidentSetSize of job (KB)
...
006 (5363386.000.000) 07/09 13:41:55 Image size of job updated: 297096
	290  -  MemoryUsage of job (MB)
	296192  -  ResidentSetSize of job (KB)
...
006 (5363386.000.000) 07/09 14:01:56 Image size of job updated: 314164
	306  -  MemoryUsage of job (MB)
	312672  -  ResidentSetSize of job (KB)
...
006 (5363386.000.000) 07/09 14:21:56 Image size of job updated: 414736
	405  -  MemoryUsage of job (MB)
	414112  -  ResidentSetSize of job (KB)
...
006 (5363386.000.000) 07/09 14:41:56 Image size of job updated: 416116
	406  -  MemoryUsage of job (MB)
	415132  -  ResidentSetSize of job (KB)
...
006 (5363386.000.000) 07/09 15:01:56 Image size of job updated: 416276
	406  -  MemoryUsage of job (MB)
	415520  -  ResidentSetSize of job (KB)
...
006 (5363386.000.000) 07/09 15:21:57 Image size of job updated: 417220
	407  -  MemoryUsage of job (MB)
	415940  -  ResidentSetSize of job (KB)
...
005 (5363386.000.000) 07/09 15:29:07 Job terminated.
	(1) Normal termination (return value 0)
		Usr 0 00:20:58, Sys 0 00:01:03  -  Run Remote Usage
		Usr 0 00:00:00, Sys 0 00:00:00  -  Run Local Usage
		Usr 0 00:20:58, Sys 0 00:01:03  -  Total Remote Usage
		Usr 0 00:00:00, Sys 0 00:00:00  -  Total Local Usage
	86653872  -  Run Bytes Sent By Job
	218188  -  Run Bytes Received By Job
	86653872  -  Total Bytes Sent By Job
	218188  -  Total Bytes Received By Job
	Partitionable Resources :    Usage  Request Allocated 
	   Cpus                 :        0        1         1 
	   Disk (KB)            :    84898  2048000  19010182 
	   Memory (MB)          :      407     1992      2048 
...
