000 (5363383.000.000) 07/09 13:20:58 Job submitted from host: <144.92.180.29:9618?addrs=144.92.180.29-9618+[2607-f388-101c-1000--369]-9618&noUDP&sock=61097_09e4_3>
...
001 (5363383.000.000) 07/09 13:21:06 Job executing on host: <144.92.180.39:9618?addrs=144.92.180.39-9618+[2607-f388-101c-1000--629]-9618&noUDP&sock=2460_ef11_3>
...
006 (5363383.000.000) 07/09 13:21:15 Image size of job updated: 19336
	8  -  MemoryUsage of job (MB)
	7396  -  ResidentSetSize of job (KB)
...
006 (5363383.000.000) 07/09 13:41:16 Image size of job updated: 411800
	389  -  MemoryUsage of job (MB)
	397856  -  ResidentSetSize of job (KB)
...
006 (5363383.000.000) 07/09 14:01:16 Image size of job updated: 411800
	391  -  MemoryUsage of job (MB)
	400232  -  ResidentSetSize of job (KB)
...
006 (5363383.000.000) 07/09 14:21:16 Image size of job updated: 411800
	392  -  MemoryUsage of job (MB)
	401288  -  ResidentSetSize of job (KB)
...
006 (5363383.000.000) 07/09 14:41:17 Image size of job updated: 411800
	393  -  MemoryUsage of job (MB)
	402012  -  ResidentSetSize of job (KB)
...
005 (5363383.000.000) 07/09 14:44:00 Job terminated.
	(1) Normal termination (return value 0)
		Usr 0 00:25:33, Sys 0 00:01:48  -  Run Remote Usage
		Usr 0 00:00:00, Sys 0 00:00:00  -  Run Local Usage
		Usr 0 00:25:33, Sys 0 00:01:48  -  Total Remote Usage
		Usr 0 00:00:00, Sys 0 00:00:00  -  Total Local Usage
	5004696064  -  Run Bytes Sent By Job
	218178  -  Run Bytes Received By Job
	5004696064  -  Total Bytes Sent By Job
	218178  -  Total Bytes Received By Job
	Partitionable Resources :      Usage  Request Allocated 
	   Cpus                 :       0.40        1         1 
	   Disk (KB)            : 4887672     2048000  18345259 
	   Memory (MB)          :     393        1992      2048 
...
