000 (5363306.000.000) 07/09 13:20:33 Job submitted from host: <144.92.180.29:9618?addrs=144.92.180.29-9618+[2607-f388-101c-1000--369]-9618&noUDP&sock=61097_09e4_3>
...
001 (5363306.000.000) 07/09 13:21:01 Job executing on host: <144.92.181.165:9618?addrs=144.92.181.165-9618+[2607-f388-101c-1000--629]-9618&noUDP&sock=3184_89a2_3>
...
006 (5363306.000.000) 07/09 13:21:10 Image size of job updated: 225628
	106  -  MemoryUsage of job (MB)
	108256  -  ResidentSetSize of job (KB)
...
006 (5363306.000.000) 07/09 13:41:10 Image size of job updated: 389168
	380  -  MemoryUsage of job (MB)
	388580  -  ResidentSetSize of job (KB)
...
006 (5363306.000.000) 07/09 14:01:10 Image size of job updated: 389940
	381  -  MemoryUsage of job (MB)
	389488  -  ResidentSetSize of job (KB)
...
006 (5363306.000.000) 07/09 14:21:10 Image size of job updated: 393776
	382  -  MemoryUsage of job (MB)
	390748  -  ResidentSetSize of job (KB)
...
006 (5363306.000.000) 07/09 14:41:11 Image size of job updated: 394276
	383  -  MemoryUsage of job (MB)
	391636  -  ResidentSetSize of job (KB)
...
006 (5363306.000.000) 07/09 15:01:12 Image size of job updated: 394276
	384  -  MemoryUsage of job (MB)
	392432  -  ResidentSetSize of job (KB)
...
006 (5363306.000.000) 07/09 15:21:12 Image size of job updated: 394552
	385  -  MemoryUsage of job (MB)
	393272  -  ResidentSetSize of job (KB)
...
006 (5363306.000.000) 07/09 15:36:02 Image size of job updated: 394552
	385  -  MemoryUsage of job (MB)
	393276  -  ResidentSetSize of job (KB)
...
005 (5363306.000.000) 07/09 15:37:12 Job terminated.
	(1) Normal termination (return value 0)
		Usr 0 00:35:51, Sys 0 00:02:15  -  Run Remote Usage
		Usr 0 00:00:00, Sys 0 00:00:00  -  Run Local Usage
		Usr 0 00:35:51, Sys 0 00:02:15  -  Total Remote Usage
		Usr 0 00:00:00, Sys 0 00:00:00  -  Total Local Usage
	4618550784  -  Run Bytes Sent By Job
	218203  -  Run Bytes Received By Job
	4618550784  -  Total Bytes Sent By Job
	218203  -  Total Bytes Received By Job
	Partitionable Resources :      Usage  Request Allocated 
	   Cpus                 :       0.33        1         1 
	   Disk (KB)            : 4510577     2048000  18990332 
	   Memory (MB)          :     385        1992      2048 
...
