000 (5363325.000.000) 07/09 13:20:38 Job submitted from host: <144.92.180.29:9618?addrs=144.92.180.29-9618+[2607-f388-101c-1000--369]-9618&noUDP&sock=61097_09e4_3>
...
001 (5363325.000.000) 07/09 13:21:02 Job executing on host: <144.92.180.39:9618?addrs=144.92.180.39-9618+[2607-f388-101c-1000--629]-9618&noUDP&sock=2460_ef11_3>
...
006 (5363325.000.000) 07/09 13:21:11 Image size of job updated: 10180
	4  -  MemoryUsage of job (MB)
	3648  -  ResidentSetSize of job (KB)
...
006 (5363325.000.000) 07/09 13:41:12 Image size of job updated: 441396
	407  -  MemoryUsage of job (MB)
	416632  -  ResidentSetSize of job (KB)
...
006 (5363325.000.000) 07/09 14:01:12 Image size of job updated: 441396
	409  -  MemoryUsage of job (MB)
	418064  -  ResidentSetSize of job (KB)
...
006 (5363325.000.000) 07/09 14:21:13 Image size of job updated: 441396
	410  -  MemoryUsage of job (MB)
	419272  -  ResidentSetSize of job (KB)
...
006 (5363325.000.000) 07/09 14:41:13 Image size of job updated: 441396
	411  -  MemoryUsage of job (MB)
	419864  -  ResidentSetSize of job (KB)
...
006 (5363325.000.000) 07/09 15:01:14 Image size of job updated: 441396
	411  -  MemoryUsage of job (MB)
	420056  -  ResidentSetSize of job (KB)
...
006 (5363325.000.000) 07/09 15:21:14 Image size of job updated: 441396
	411  -  MemoryUsage of job (MB)
	420200  -  ResidentSetSize of job (KB)
...
006 (5363325.000.000) 07/09 15:41:14 Image size of job updated: 441396
	411  -  MemoryUsage of job (MB)
	420280  -  ResidentSetSize of job (KB)
...
006 (5363325.000.000) 07/09 16:01:14 Image size of job updated: 441396
	411  -  MemoryUsage of job (MB)
	420540  -  ResidentSetSize of job (KB)
...
005 (5363325.000.000) 07/09 16:04:41 Job terminated.
	(1) Normal termination (return value 0)
		Usr 0 00:43:52, Sys 0 00:02:48  -  Run Remote Usage
		Usr 0 00:00:00, Sys 0 00:00:00  -  Run Local Usage
		Usr 0 00:43:52, Sys 0 00:02:48  -  Total Remote Usage
		Usr 0 00:00:00, Sys 0 00:00:00  -  Total Local Usage
	2940253952  -  Run Bytes Sent By Job
	218208  -  Run Bytes Received By Job
	2940253952  -  Total Bytes Sent By Job
	218208  -  Total Bytes Received By Job
	Partitionable Resources :      Usage  Request Allocated 
	   Cpus                 :       0.25        1         1 
	   Disk (KB)            : 2871615     2048000  18345259 
	   Memory (MB)          :     411        1992      2048 
...
