000 (5363327.000.000) 07/09 13:20:39 Job submitted from host: <144.92.180.29:9618?addrs=144.92.180.29-9618+[2607-f388-101c-1000--369]-9618&noUDP&sock=61097_09e4_3>
...
001 (5363327.000.000) 07/09 13:21:02 Job executing on host: <144.92.180.118:9618?addrs=144.92.180.118-9618+[2607-f388-101c-1000--629]-9618&noUDP&sock=3340_8a69_3>
...
006 (5363327.000.000) 07/09 13:21:11 Image size of job updated: 224644
	106  -  MemoryUsage of job (MB)
	107680  -  ResidentSetSize of job (KB)
...
006 (5363327.000.000) 07/09 13:41:12 Image size of job updated: 421056
	411  -  MemoryUsage of job (MB)
	420012  -  ResidentSetSize of job (KB)
...
005 (5363327.000.000) 07/09 13:43:04 Job terminated.
	(1) Normal termination (return value 0)
		Usr 0 00:05:52, Sys 0 00:00:24  -  Run Remote Usage
		Usr 0 00:00:00, Sys 0 00:00:00  -  Run Local Usage
		Usr 0 00:05:52, Sys 0 00:00:24  -  Total Remote Usage
		Usr 0 00:00:00, Sys 0 00:00:00  -  Total Local Usage
	446098304  -  Run Bytes Sent By Job
	218208  -  Run Bytes Received By Job
	446098304  -  Total Bytes Sent By Job
	218208  -  Total Bytes Received By Job
	Partitionable Resources :     Usage  Request Allocated 
	   Cpus                 :      0.24        1         1 
	   Disk (KB)            : 435916     2048000  18346891 
	   Memory (MB)          :    411        1992      2048 
...
