000 (5363395.000.000) 07/09 13:21:06 Job submitted from host: <144.92.180.29:9618?addrs=144.92.180.29-9618+[2607-f388-101c-1000--369]-9618&noUDP&sock=61097_09e4_3>
...
001 (5363395.000.000) 07/09 13:21:44 Job executing on host: <144.92.180.118:9618?addrs=144.92.180.118-9618+[2607-f388-101c-1000--629]-9618&noUDP&sock=3340_8a69_3>
...
006 (5363395.000.000) 07/09 13:21:52 Image size of job updated: 224096
	106  -  MemoryUsage of job (MB)
	107732  -  ResidentSetSize of job (KB)
...
006 (5363395.000.000) 07/09 13:41:52 Image size of job updated: 406144
	396  -  MemoryUsage of job (MB)
	404992  -  ResidentSetSize of job (KB)
...
006 (5363395.000.000) 07/09 14:01:53 Image size of job updated: 407116
	397  -  MemoryUsage of job (MB)
	406072  -  ResidentSetSize of job (KB)
...
005 (5363395.000.000) 07/09 14:03:14 Job terminated.
	(1) Normal termination (return value 0)
		Usr 0 00:09:12, Sys 0 00:00:45  -  Run Remote Usage
		Usr 0 00:00:00, Sys 0 00:00:00  -  Run Local Usage
		Usr 0 00:09:12, Sys 0 00:00:45  -  Total Remote Usage
		Usr 0 00:00:00, Sys 0 00:00:00  -  Total Local Usage
	101536608  -  Run Bytes Sent By Job
	218192  -  Run Bytes Received By Job
	101536608  -  Total Bytes Sent By Job
	218192  -  Total Bytes Received By Job
	Partitionable Resources :    Usage  Request Allocated 
	   Cpus                 :     0.34        1         1 
	   Disk (KB)            : 99430     2048000  18346891 
	   Memory (MB)          :   397        1992      2048 
...
