000 (5363381.000.000) 07/09 13:20:57 Job submitted from host: <144.92.180.29:9618?addrs=144.92.180.29-9618+[2607-f388-101c-1000--369]-9618&noUDP&sock=61097_09e4_3>
...
001 (5363381.000.000) 07/09 13:21:06 Job executing on host: <144.92.181.71:9618?addrs=144.92.181.71-9618+[2607-f388-101c-1000--629]-9618&noUDP&sock=2519_6728_3>
...
006 (5363381.000.000) 07/09 13:21:15 Image size of job updated: 42380
	24  -  MemoryUsage of job (MB)
	23564  -  ResidentSetSize of job (KB)
...
006 (5363381.000.000) 07/09 13:41:15 Image size of job updated: 558436
	481  -  MemoryUsage of job (MB)
	492444  -  ResidentSetSize of job (KB)
...
006 (5363381.000.000) 07/09 14:01:16 Image size of job updated: 559864
	484  -  MemoryUsage of job (MB)
	495268  -  ResidentSetSize of job (KB)
...
006 (5363381.000.000) 07/09 14:21:17 Image size of job updated: 560128
	485  -  MemoryUsage of job (MB)
	495940  -  ResidentSetSize of job (KB)
...
005 (5363381.000.000) 07/09 14:30:44 Job terminated.
	(1) Normal termination (return value 0)
		Usr 0 00:24:22, Sys 0 00:01:19  -  Run Remote Usage
		Usr 0 00:00:00, Sys 0 00:00:00  -  Run Local Usage
		Usr 0 00:24:22, Sys 0 00:01:19  -  Total Remote Usage
		Usr 0 00:00:00, Sys 0 00:00:00  -  Total Local Usage
	544150208  -  Run Bytes Sent By Job
	218135  -  Run Bytes Received By Job
	544150208  -  Total Bytes Sent By Job
	218135  -  Total Bytes Received By Job
	Partitionable Resources :     Usage  Request Allocated 
	   Cpus                 :      0.38        1         1 
	   Disk (KB)            : 531670     2048000  18513208 
	   Memory (MB)          :    485        1992      2048 
...
