000 (5363340.000.000) 07/09 13:20:43 Job submitted from host: <144.92.180.29:9618?addrs=144.92.180.29-9618+[2607-f388-101c-1000--369]-9618&noUDP&sock=61097_09e4_3>
...
001 (5363340.000.000) 07/09 13:21:04 Job executing on host: <144.92.181.65:9618?addrs=144.92.181.65-9618+[2607-f388-101c-1000--629]-9618&noUDP&sock=3116_e532_3>
...
006 (5363340.000.000) 07/09 13:21:13 Image size of job updated: 225632
	106  -  MemoryUsage of job (MB)
	108048  -  ResidentSetSize of job (KB)
...
006 (5363340.000.000) 07/09 13:41:13 Image size of job updated: 399320
	390  -  MemoryUsage of job (MB)
	399200  -  ResidentSetSize of job (KB)
...
006 (5363340.000.000) 07/09 14:01:13 Image size of job updated: 400108
	391  -  MemoryUsage of job (MB)
	400048  -  ResidentSetSize of job (KB)
...
006 (5363340.000.000) 07/09 14:21:13 Image size of job updated: 400320
	391  -  MemoryUsage of job (MB)
	400260  -  ResidentSetSize of job (KB)
...
006 (5363340.000.000) 07/09 14:41:14 Image size of job updated: 400852
	392  -  MemoryUsage of job (MB)
	400432  -  ResidentSetSize of job (KB)
...
006 (5363340.000.000) 07/09 15:01:15 Image size of job updated: 402048
	392  -  MemoryUsage of job (MB)
	400664  -  ResidentSetSize of job (KB)
...
006 (5363340.000.000) 07/09 15:21:16 Image size of job updated: 402348
	392  -  MemoryUsage of job (MB)
	400964  -  ResidentSetSize of job (KB)
...
005 (5363340.000.000) 07/09 15:22:51 Job terminated.
	(1) Normal termination (return value 0)
		Usr 0 00:29:49, Sys 0 00:01:31  -  Run Remote Usage
		Usr 0 00:00:00, Sys 0 00:00:00  -  Run Local Usage
		Usr 0 00:29:49, Sys 0 00:01:31  -  Total Remote Usage
		Usr 0 00:00:00, Sys 0 00:00:00  -  Total Local Usage
	1177896448  -  Run Bytes Sent By Job
	218182  -  Run Bytes Received By Job
	1177896448  -  Total Bytes Sent By Job
	218182  -  Total Bytes Received By Job
	Partitionable Resources :      Usage  Request Allocated 
	   Cpus                 :       0.27        1         1 
	   Disk (KB)            : 1150565     2048000  18996674 
	   Memory (MB)          :     392        1992      2048 
...
