000 (5363387.000.000) 07/09 13:21:00 Job submitted from host: <144.92.180.29:9618?addrs=144.92.180.29-9618+[2607-f388-101c-1000--369]-9618&noUDP&sock=61097_09e4_3>
...
001 (5363387.000.000) 07/09 13:21:45 Job executing on host: <128.104.227.69:9618?addrs=128.104.227.69-9618+[2607-f388-101c-1000--629]-9618&noUDP&sock=3277_53f1_3>
...
006 (5363387.000.000) 07/09 13:21:53 Image size of job updated: 224116
	106  -  MemoryUsage of job (MB)
	107848  -  ResidentSetSize of job (KB)
...
006 (5363387.000.000) 07/09 13:41:53 Image size of job updated: 291400
	284  -  MemoryUsage of job (MB)
	290616  -  ResidentSetSize of job (KB)
...
006 (5363387.000.000) 07/09 14:01:54 Image size of job updated: 307220
	300  -  MemoryUsage of job (MB)
	306632  -  ResidentSetSize of job (KB)
...
005 (5363387.000.000) 07/09 14:17:15 Job terminated.
	(1) Normal termination (return value 0)
		Usr 0 00:12:17, Sys 0 00:00:46  -  Run Remote Usage
		Usr 0 00:00:00, Sys 0 00:00:00  -  Run Local Usage
		Usr 0 00:12:17, Sys 0 00:00:46  -  Total Remote Usage
		Usr 0 00:00:00, Sys 0 00:00:00  -  Total Local Usage
	32624922  -  Run Bytes Sent By Job
	218188  -  Run Bytes Received By Job
	32624922  -  Total Bytes Sent By Job
	218188  -  Total Bytes Received By Job
	Partitionable Resources :    Usage  Request Allocated 
	   Cpus                 :     0.25        1         1 
	   Disk (KB)            : 32134     2048000  18986977 
	   Memory (MB)          :   300        1992      2048 
...
