000 (5363390.000.000) 07/09 13:21:02 Job submitted from host: <144.92.180.29:9618?addrs=144.92.180.29-9618+[2607-f388-101c-1000--369]-9618&noUDP&sock=61097_09e4_3>
...
001 (5363390.000.000) 07/09 13:21:44 Job executing on host: <128.104.227.43:9618?addrs=128.104.227.43-9618+[2607-f388-101c-1000--629]-9618&noUDP&sock=3253_ddab_3>
...
006 (5363390.000.000) 07/09 13:21:52 Image size of job updated: 224492
	106  -  MemoryUsage of job (MB)
	108360  -  ResidentSetSize of job (KB)
...
006 (5363390.000.000) 07/09 13:41:52 Image size of job updated: 302952
	295  -  MemoryUsage of job (MB)
	301840  -  ResidentSetSize of job (KB)
...
006 (5363390.000.000) 07/09 14:01:53 Image size of job updated: 403296
	393  -  MemoryUsage of job (MB)
	402224  -  ResidentSetSize of job (KB)
...
006 (5363390.000.000) 07/09 14:21:54 Image size of job updated: 405316
	395  -  MemoryUsage of job (MB)
	403632  -  ResidentSetSize of job (KB)
...
006 (5363390.000.000) 07/09 14:41:55 Image size of job updated: 405316
	395  -  MemoryUsage of job (MB)
	403948  -  ResidentSetSize of job (KB)
...
006 (5363390.000.000) 07/09 15:01:55 Image size of job updated: 405316
	395  -  MemoryUsage of job (MB)
	404256  -  ResidentSetSize of job (KB)
...
006 (5363390.000.000) 07/09 15:21:55 Image size of job updated: 405316
	396  -  MemoryUsage of job (MB)
	404640  -  ResidentSetSize of job (KB)
...
006 (5363390.000.000) 07/09 15:41:56 Image size of job updated: 405528
	396  -  MemoryUsage of job (MB)
	404744  -  ResidentSetSize of job (KB)
...
006 (5363390.000.000) 07/09 16:01:57 Image size of job updated: 405652
	396  -  MemoryUsage of job (MB)
	404860  -  ResidentSetSize of job (KB)
...
005 (5363390.000.000) 07/09 16:08:04 Job terminated.
	(1) Normal termination (return value 0)
		Usr 0 00:36:48, Sys 0 00:02:21  -  Run Remote Usage
		Usr 0 00:00:00, Sys 0 00:00:00  -  Run Local Usage
		Usr 0 00:36:48, Sys 0 00:02:21  -  Total Remote Usage
		Usr 0 00:00:00, Sys 0 00:00:00  -  Total Local Usage
	224517600  -  Run Bytes Sent By Job
	218188  -  Run Bytes Received By Job
	224517600  -  Total Bytes Sent By Job
	218188  -  Total Bytes Received By Job
	Partitionable Resources :     Usage  Request Allocated 
	   Cpus                 :      0.16        1         1 
	   Disk (KB)            : 219529     2048000  18995455 
	   Memory (MB)          :    396        1992      2048 
...
