000 (5363324.000.000) 07/09 13:20:38 Job submitted from host: <144.92.180.29:9618?addrs=144.92.180.29-9618+[2607-f388-101c-1000--369]-9618&noUDP&sock=61097_09e4_3>
...
001 (5363324.000.000) 07/09 13:21:04 Job executing on host: <128.104.227.49:9618?addrs=128.104.227.49-9618+[2607-f388-101c-1000--629]-9618&noUDP&sock=3285_d0b3_3>
...
006 (5363324.000.000) 07/09 13:21:12 Image size of job updated: 224832
	106  -  MemoryUsage of job (MB)
	108380  -  ResidentSetSize of job (KB)
...
006 (5363324.000.000) 07/09 13:41:12 Image size of job updated: 452036
	408  -  MemoryUsage of job (MB)
	417428  -  ResidentSetSize of job (KB)
...
006 (5363324.000.000) 07/09 14:01:13 Image size of job updated: 452036
	409  -  MemoryUsage of job (MB)
	418488  -  ResidentSetSize of job (KB)
...
006 (5363324.000.000) 07/09 14:21:14 Image size of job updated: 452036
	410  -  MemoryUsage of job (MB)
	419340  -  ResidentSetSize of job (KB)
...
006 (5363324.000.000) 07/09 14:41:15 Image size of job updated: 452036
	411  -  MemoryUsage of job (MB)
	419860  -  ResidentSetSize of job (KB)
...
006 (5363324.000.000) 07/09 15:01:15 Image size of job updated: 452036
	411  -  MemoryUsage of job (MB)
	420440  -  ResidentSetSize of job (KB)
...
006 (5363324.000.000) 07/09 15:21:15 Image size of job updated: 452036
	411  -  MemoryUsage of job (MB)
	420556  -  ResidentSetSize of job (KB)
...
006 (5363324.000.000) 07/09 15:41:16 Image size of job updated: 452036
	411  -  MemoryUsage of job (MB)
	420640  -  ResidentSetSize of job (KB)
...
005 (5363324.000.000) 07/09 15:47:05 Job terminated.
	(1) Normal termination (return value 0)
		Usr 0 00:37:26, Sys 0 00:02:09  -  Run Remote Usage
		Usr 0 00:00:00, Sys 0 00:00:00  -  Run Local Usage
		Usr 0 00:37:26, Sys 0 00:02:09  -  Total Remote Usage
		Usr 0 00:00:00, Sys 0 00:00:00  -  Total Local Usage
	2932509952  -  Run Bytes Sent By Job
	218208  -  Run Bytes Received By Job
	2932509952  -  Total Bytes Sent By Job
	218208  -  Total Bytes Received By Job
	Partitionable Resources :      Usage  Request Allocated 
	   Cpus                 :       0.31        1         1 
	   Disk (KB)            : 2864053     2048000  18990854 
	   Memory (MB)          :     411        1992      2048 
...
