000 (5363368.000.000) 07/09 13:20:53 Job submitted from host: <144.92.180.29:9618?addrs=144.92.180.29-9618+[2607-f388-101c-1000--369]-9618&noUDP&sock=61097_09e4_3>
...
001 (5363368.000.000) 07/09 13:21:03 Job executing on host: <144.92.180.94:9618?addrs=144.92.180.94-9618+[2607-f388-101c-1000--629]-9618&noUDP&sock=3057_6d1b_3>
...
006 (5363368.000.000) 07/09 13:21:12 Image size of job updated: 164784
	53  -  MemoryUsage of job (MB)
	53696  -  ResidentSetSize of job (KB)
...
006 (5363368.000.000) 07/09 13:41:13 Image size of job updated: 430268
	418  -  MemoryUsage of job (MB)
	427704  -  ResidentSetSize of job (KB)
...
006 (5363368.000.000) 07/09 14:01:14 Image size of job updated: 433200
	421  -  MemoryUsage of job (MB)
	430596  -  ResidentSetSize of job (KB)
...
006 (5363368.000.000) 07/09 14:21:15 Image size of job updated: 434640
	422  -  MemoryUsage of job (MB)
	432012  -  ResidentSetSize of job (KB)
...
006 (5363368.000.000) 07/09 14:41:16 Image size of job updated: 435068
	423  -  MemoryUsage of job (MB)
	432464  -  ResidentSetSize of job (KB)
...
006 (5363368.000.000) 07/09 15:01:16 Image size of job updated: 435180
	423  -  MemoryUsage of job (MB)
	432576  -  ResidentSetSize of job (KB)
...
006 (5363368.000.000) 07/09 15:21:16 Image size of job updated: 435180
	423  -  MemoryUsage of job (MB)
	432776  -  ResidentSetSize of job (KB)
...
006 (5363368.000.000) 07/09 15:41:17 Image size of job updated: 437536
	425  -  MemoryUsage of job (MB)
	434864  -  ResidentSetSize of job (KB)
...
006 (5363368.000.000) 07/09 16:01:18 Image size of job updated: 437748
	425  -  MemoryUsage of job (MB)
	435024  -  ResidentSetSize of job (KB)
...
005 (5363368.000.000) 07/09 16:05:47 Job terminated.
	(1) Normal termination (return value 0)
		Usr 0 00:54:53, Sys 0 00:03:26  -  Run Remote Usage
		Usr 0 00:00:00, Sys 0 00:00:00  -  Run Local Usage
		Usr 0 00:54:53, Sys 0 00:03:26  -  Total Remote Usage
		Usr 0 00:00:00, Sys 0 00:00:00  -  Total Local Usage
	460139936  -  Run Bytes Sent By Job
	218179  -  Run Bytes Received By Job
	460139936  -  Total Bytes Sent By Job
	218179  -  Total Bytes Received By Job
	Partitionable Resources :    Usage  Request Allocated 
	   Cpus                 :        0        1         1 
	   Disk (KB)            :   449628  2048000  18496981 
	   Memory (MB)          :      425     1992      2048 
...
