000 (5363317.000.000) 07/09 13:20:36 Job submitted from host: <144.92.180.29:9618?addrs=144.92.180.29-9618+[2607-f388-101c-1000--369]-9618&noUDP&sock=61097_09e4_3>
...
001 (5363317.000.000) 07/09 13:21:02 Job executing on host: <128.104.227.33:9618?addrs=128.104.227.33-9618+[2607-f388-101c-1000--629]-9618&noUDP&sock=3323_e14c_3>
...
006 (5363317.000.000) 07/09 13:21:10 Image size of job updated: 226264
	106  -  MemoryUsage of job (MB)
	108400  -  ResidentSetSize of job (KB)
...
006 (5363317.000.000) 07/09 13:41:10 Image size of job updated: 420444
	409  -  MemoryUsage of job (MB)
	418580  -  ResidentSetSize of job (KB)
...
006 (5363317.000.000) 07/09 14:01:10 Image size of job updated: 421508
	410  -  MemoryUsage of job (MB)
	419636  -  ResidentSetSize of job (KB)
...
006 (5363317.000.000) 07/09 14:21:11 Image size of job updated: 421756
	411  -  MemoryUsage of job (MB)
	419872  -  ResidentSetSize of job (KB)
...
006 (5363317.000.000) 07/09 14:41:12 Image size of job updated: 422580
	411  -  MemoryUsage of job (MB)
	420264  -  ResidentSetSize of job (KB)
...
006 (5363317.000.000) 07/09 15:01:13 Image size of job updated: 422784
	411  -  MemoryUsage of job (MB)
	420468  -  ResidentSetSize of job (KB)
...
006 (5363317.000.000) 07/09 15:21:13 Image size of job updated: 422784
	411  -  MemoryUsage of job (MB)
	420504  -  ResidentSetSize of job (KB)
...
005 (5363317.000.000) 07/09 15:41:32 Job terminated.
	(1) Normal termination (return value 0)
		Usr 0 00:36:34, Sys 0 00:02:19  -  Run Remote Usage
		Usr 0 00:00:00, Sys 0 00:00:00  -  Run Local Usage
		Usr 0 00:36:34, Sys 0 00:02:19  -  Total Remote Usage
		Usr 0 00:00:00, Sys 0 00:00:00  -  Total Local Usage
	2900174848  -  Run Bytes Sent By Job
	218223  -  Run Bytes Received By Job
	2900174848  -  Total Bytes Sent By Job
	218223  -  Total Bytes Received By Job
	Partitionable Resources :      Usage  Request Allocated 
	   Cpus                 :       0.29        1         1 
	   Disk (KB)            : 2832475     2048000  18997119 
	   Memory (MB)          :     411        1992      2048 
...
