000 (5363333.000.000) 07/09 13:20:41 Job submitted from host: <144.92.180.29:9618?addrs=144.92.180.29-9618+[2607-f388-101c-1000--369]-9618&noUDP&sock=61097_09e4_3>
...
001 (5363333.000.000) 07/09 13:21:04 Job executing on host: <128.104.227.24:9618?addrs=128.104.227.24-9618+[2607-f388-101c-1000--629]-9618&noUDP&sock=3315_648b_3>
...
006 (5363333.000.000) 07/09 13:21:12 Image size of job updated: 179396
	106  -  MemoryUsage of job (MB)
	107632  -  ResidentSetSize of job (KB)
...
005 (5363333.000.000) 07/09 13:37:50 Job terminated.
	(1) Normal termination (return value 0)
		Usr 0 00:03:49, Sys 0 00:00:16  -  Run Remote Usage
		Usr 0 00:00:00, Sys 0 00:00:00  -  Run Local Usage
		Usr 0 00:03:49, Sys 0 00:00:16  -  Total Remote Usage
		Usr 0 00:00:00, Sys 0 00:00:00  -  Total Local Usage
	223104352  -  Run Bytes Sent By Job
	218206  -  Run Bytes Received By Job
	223104352  -  Total Bytes Sent By Job
	218206  -  Total Bytes Received By Job
	Partitionable Resources :    Usage  Request Allocated 
	   Cpus                 :        0        1         1 
	   Disk (KB)            :   218151  2048000  18988341 
	   Memory (MB)          :      106     1992      2048 
...
