000 (5363409.000.000) 07/09 13:21:11 Job submitted from host: <144.92.180.29:9618?addrs=144.92.180.29-9618+[2607-f388-101c-1000--369]-9618&noUDP&sock=61097_09e4_3>
...
001 (5363409.000.000) 07/09 13:21:46 Job executing on host: <144.92.180.63:9618?addrs=144.92.180.63-9618+[2607-f388-101c-1000--629]-9618&noUDP&sock=3272_e5f8_3>
...
006 (5363409.000.000) 07/09 13:21:54 Image size of job updated: 196236
	106  -  MemoryUsage of job (MB)
	108020  -  ResidentSetSize of job (KB)
...
006 (5363409.000.000) 07/09 13:41:54 Image size of job updated: 381360
	372  -  MemoryUsage of job (MB)
	380316  -  ResidentSetSize of job (KB)
...
006 (5363409.000.000) 07/09 14:01:55 Image size of job updated: 384168
	374  -  MemoryUsage of job (MB)
	382164  -  ResidentSetSize of job (KB)
...
006 (5363409.000.000) 07/09 14:21:56 Image size of job updated: 384168
	374  -  MemoryUsage of job (MB)
	382744  -  ResidentSetSize of job (KB)
...
006 (5363409.000.000) 07/09 14:41:57 Image size of job updated: 384688
	376  -  MemoryUsage of job (MB)
	384028  -  ResidentSetSize of job (KB)
...
006 (5363409.000.000) 07/09 15:01:57 Image size of job updated: 387004
	377  -  MemoryUsage of job (MB)
	385720  -  ResidentSetSize of job (KB)
...
006 (5363409.000.000) 07/09 15:21:57 Image size of job updated: 389212
	378  -  MemoryUsage of job (MB)
	386560  -  ResidentSetSize of job (KB)
...
006 (5363409.000.000) 07/09 15:41:57 Image size of job updated: 390468
	380  -  MemoryUsage of job (MB)
	388244  -  ResidentSetSize of job (KB)
...
006 (5363409.000.000) 07/09 16:01:58 Image size of job updated: 391380
	381  -  MemoryUsage of job (MB)
	389148  -  ResidentSetSize of job (KB)
...
006 (5363409.000.000) 07/09 16:21:58 Image size of job updated: 392344
	382  -  MemoryUsage of job (MB)
	390832  -  ResidentSetSize of job (KB)
...
022 (5363409.000.000) 07/09 16:47:13 Job disconnected, attempting to reconnect
    Socket between submit and execute hosts closed unexpectedly
    Trying to reconnect to slot1_11@g22n11.hep.wisc.edu <144.92.180.63:9618?addrs=144.92.180.63-9618+[2607-f388-101c-1000--629]-9618&noUDP&sock=3272_e5f8_3>
...
023 (5363409.000.000) 07/09 16:47:13 Job reconnected to slot1_11@g22n11.hep.wisc.edu
    startd address: <144.92.180.63:9618?addrs=144.92.180.63-9618+[2607-f388-101c-1000--629]-9618&noUDP&sock=3272_e5f8_3>
    starter address: <144.92.180.63:9618?addrs=144.92.180.63-9618+[2607-f388-101c-1000--629]-9618&noUDP&sock=3816_7794_45738>
...
005 (5363409.000.000) 07/09 17:14:45 Job terminated.
	(1) Normal termination (return value 0)
		Usr 0 01:19:51, Sys 0 00:04:59  -  Run Remote Usage
		Usr 0 00:00:00, Sys 0 00:00:00  -  Run Local Usage
		Usr 0 01:19:51, Sys 0 00:04:59  -  Total Remote Usage
		Usr 0 00:00:00, Sys 0 00:00:00  -  Total Local Usage
	18590382080  -  Run Bytes Sent By Job
	218198  -  Run Bytes Received By Job
	18590382080  -  Total Bytes Sent By Job
	218198  -  Total Bytes Received By Job
	Partitionable Resources :       Usage  Request Allocated 
	   Cpus                 :        0.06        1         1 
	   Disk (KB)            : 18154944     2048000  18510733 
	   Memory (MB)          :      382        1992      2048 
...
