********** for MC *********
All files added.
Initializing chain.
from Init DATA
Coming in: 
nentries:22734977
Running over 22734977 events.
Finished entry 0/22734976
Finished entry 1000000/22734976
Finished entry 2000000/22734976
Finished entry 3000000/22734976
Finished entry 4000000/22734976
Finished entry 5000000/22734976
Finished entry 6000000/22734976
Finished entry 7000000/22734976
Finished entry 8000000/22734976
Finished entry 9000000/22734976
Finished entry 10000000/22734976
Finished entry 11000000/22734976
Finished entry 12000000/22734976
Finished entry 13000000/22734976
Finished entry 14000000/22734976
Finished entry 15000000/22734976
Finished entry 16000000/22734976
Finished entry 17000000/22734976
Finished entry 18000000/22734976
Finished entry 19000000/22734976
Finished entry 20000000/22734976
Finished entry 21000000/22734976
Finished entry 22000000/22734976
nVLooseTau = 8930
nTightTau  = 783
Real time 1:50:39, CP time 2636.390
