000 (3216990.000.000) 06/04 17:02:39 Job submitted from host: <144.92.181.244:9618?addrs=144.92.181.244-9618+[2607-f388-101c-1000--371]-9618&noUDP&sock=482422_f1bf_3>
...
001 (3216990.000.000) 06/04 17:13:13 Job executing on host: <144.92.180.37:9618?addrs=144.92.180.37-9618+[2607-f388-101c-1000--629]-9618&noUDP&sock=6832_c320_3>
...
006 (3216990.000.000) 06/04 17:13:22 Image size of job updated: 181952
	106  -  MemoryUsage of job (MB)
	108148  -  ResidentSetSize of job (KB)
...
006 (3216990.000.000) 06/04 17:33:23 Image size of job updated: 322232
	314  -  MemoryUsage of job (MB)
	321432  -  ResidentSetSize of job (KB)
...
005 (3216990.000.000) 06/04 20:13:08 Job terminated.
	(1) Normal termination (return value 0)
		Usr 0 01:05:24, Sys 0 00:03:29  -  Run Remote Usage
		Usr 0 00:00:00, Sys 0 00:00:00  -  Run Local Usage
		Usr 0 01:05:24, Sys 0 00:03:29  -  Total Remote Usage
		Usr 0 00:00:00, Sys 0 00:00:00  -  Total Local Usage
	14622  -  Run Bytes Sent By Job
	163670  -  Run Bytes Received By Job
	14622  -  Total Bytes Sent By Job
	163670  -  Total Bytes Received By Job
	Partitionable Resources :    Usage  Request Allocated 
	   Cpus                 :     0.24        1         1 
	   Disk (KB)            :   234     2048000  18373883 
	   Memory (MB)          :   314        1992      2048 
...
