000 (3216992.000.000) 06/04 17:02:40 Job submitted from host: <144.92.181.244:9618?addrs=144.92.181.244-9618+[2607-f388-101c-1000--371]-9618&noUDP&sock=482422_f1bf_3>
...
001 (3216992.000.000) 06/04 17:13:14 Job executing on host: <144.92.181.235:9618?addrs=144.92.181.235-9618+[2607-f388-101c-1000--629]-9618&noUDP&sock=3629_c547_3>
...
006 (3216992.000.000) 06/04 17:13:22 Image size of job updated: 167640
	106  -  MemoryUsage of job (MB)
	108176  -  ResidentSetSize of job (KB)
...
006 (3216992.000.000) 06/04 17:33:22 Image size of job updated: 374804
	317  -  MemoryUsage of job (MB)
	324140  -  ResidentSetSize of job (KB)
...
006 (3216992.000.000) 06/04 17:53:22 Image size of job updated: 374804
	317  -  MemoryUsage of job (MB)
	324416  -  ResidentSetSize of job (KB)
...
006 (3216992.000.000) 06/04 18:13:23 Image size of job updated: 374804
	323  -  MemoryUsage of job (MB)
	330544  -  ResidentSetSize of job (KB)
...
006 (3216992.000.000) 06/04 19:33:27 Image size of job updated: 374804
	325  -  MemoryUsage of job (MB)
	332096  -  ResidentSetSize of job (KB)
...
005 (3216992.000.000) 06/04 20:39:04 Job terminated.
	(1) Normal termination (return value 0)
		Usr 0 01:42:00, Sys 0 00:05:23  -  Run Remote Usage
		Usr 0 00:00:00, Sys 0 00:00:00  -  Run Local Usage
		Usr 0 01:42:00, Sys 0 00:05:23  -  Total Remote Usage
		Usr 0 00:00:00, Sys 0 00:00:00  -  Total Local Usage
	17128  -  Run Bytes Sent By Job
	163670  -  Run Bytes Received By Job
	17128  -  Total Bytes Sent By Job
	163670  -  Total Bytes Received By Job
	Partitionable Resources :    Usage  Request Allocated 
	   Cpus                 :     0.58        1         1 
	   Disk (KB)            :   236     2048000  18504112 
	   Memory (MB)          :   325        1992      2048 
...
