000 (3216994.000.000) 06/04 17:02:41 Job submitted from host: <144.92.181.244:9618?addrs=144.92.181.244-9618+[2607-f388-101c-1000--371]-9618&noUDP&sock=482422_f1bf_3>
...
001 (3216994.000.000) 06/04 17:14:13 Job executing on host: <144.92.180.37:9618?addrs=144.92.180.37-9618+[2607-f388-101c-1000--629]-9618&noUDP&sock=6832_c320_3>
...
006 (3216994.000.000) 06/04 17:14:21 Image size of job updated: 253264
	133  -  MemoryUsage of job (MB)
	136072  -  ResidentSetSize of job (KB)
...
006 (3216994.000.000) 06/04 17:30:13 Image size of job updated: 313636
	133  -  MemoryUsage of job (MB)
	136092  -  ResidentSetSize of job (KB)
...
005 (3216994.000.000) 06/04 17:30:14 Job terminated.
	(1) Normal termination (return value 0)
		Usr 0 00:07:02, Sys 0 00:00:26  -  Run Remote Usage
		Usr 0 00:00:00, Sys 0 00:00:00  -  Run Local Usage
		Usr 0 00:07:02, Sys 0 00:00:26  -  Total Remote Usage
		Usr 0 00:00:00, Sys 0 00:00:00  -  Total Local Usage
	14319  -  Run Bytes Sent By Job
	163670  -  Run Bytes Received By Job
	14319  -  Total Bytes Sent By Job
	163670  -  Total Bytes Received By Job
	Partitionable Resources :    Usage  Request Allocated 
	   Cpus                 :     0.52        1         1 
	   Disk (KB)            :   234     2048000  18373883 
	   Memory (MB)          :   133        1992      2048 
...
