000 (3216991.000.000) 06/04 17:02:40 Job submitted from host: <144.92.181.244:9618?addrs=144.92.181.244-9618+[2607-f388-101c-1000--371]-9618&noUDP&sock=482422_f1bf_3>
...
001 (3216991.000.000) 06/04 17:13:13 Job executing on host: <144.92.181.140:9618?addrs=144.92.181.140-9618+[2607-f388-101c-1000--629]-9618&noUDP&sock=40624_4375_6>
...
006 (3216991.000.000) 06/04 17:13:22 Image size of job updated: 146776
	106  -  MemoryUsage of job (MB)
	107860  -  ResidentSetSize of job (KB)
...
006 (3216991.000.000) 06/04 17:33:22 Image size of job updated: 312752
	305  -  MemoryUsage of job (MB)
	311716  -  ResidentSetSize of job (KB)
...
006 (3216991.000.000) 06/04 17:53:22 Image size of job updated: 313436
	305  -  MemoryUsage of job (MB)
	311716  -  ResidentSetSize of job (KB)
...
006 (3216991.000.000) 06/04 18:33:23 Image size of job updated: 332320
	324  -  MemoryUsage of job (MB)
	331416  -  ResidentSetSize of job (KB)
...
006 (3216991.000.000) 06/04 18:53:24 Image size of job updated: 334364
	325  -  MemoryUsage of job (MB)
	332340  -  ResidentSetSize of job (KB)
...
005 (3216991.000.000) 06/04 19:03:54 Job terminated.
	(1) Normal termination (return value 0)
		Usr 0 00:41:28, Sys 0 00:02:01  -  Run Remote Usage
		Usr 0 00:00:00, Sys 0 00:00:00  -  Run Local Usage
		Usr 0 00:41:28, Sys 0 00:02:01  -  Total Remote Usage
		Usr 0 00:00:00, Sys 0 00:00:00  -  Total Local Usage
	14354  -  Run Bytes Sent By Job
	163670  -  Run Bytes Received By Job
	14354  -  Total Bytes Sent By Job
	163670  -  Total Bytes Received By Job
	Partitionable Resources :    Usage  Request Allocated 
	   Cpus                 :     0.39        1         1 
	   Disk (KB)            :   234     2048000  18986158 
	   Memory (MB)          :   325        1992      2048 
...
