000 (3216995.000.000) 06/04 17:02:42 Job submitted from host: <144.92.181.244:9618?addrs=144.92.181.244-9618+[2607-f388-101c-1000--371]-9618&noUDP&sock=482422_f1bf_3>
...
001 (3216995.000.000) 06/04 17:14:13 Job executing on host: <144.92.180.158:9618?addrs=144.92.180.158-9618+[2607-f388-101c-1000--629]-9618&noUDP&sock=2730_21a3_3>
...
006 (3216995.000.000) 06/04 17:14:22 Image size of job updated: 225152
	106  -  MemoryUsage of job (MB)
	107944  -  ResidentSetSize of job (KB)
...
006 (3216995.000.000) 06/04 17:34:23 Image size of job updated: 394732
	318  -  MemoryUsage of job (MB)
	325252  -  ResidentSetSize of job (KB)
...
006 (3216995.000.000) 06/04 18:54:24 Image size of job updated: 394732
	318  -  MemoryUsage of job (MB)
	325336  -  ResidentSetSize of job (KB)
...
005 (3216995.000.000) 06/04 19:43:35 Job terminated.
	(1) Normal termination (return value 0)
		Usr 0 00:59:08, Sys 0 00:02:27  -  Run Remote Usage
		Usr 0 00:00:00, Sys 0 00:00:00  -  Run Local Usage
		Usr 0 00:59:08, Sys 0 00:02:27  -  Total Remote Usage
		Usr 0 00:00:00, Sys 0 00:00:00  -  Total Local Usage
	14582  -  Run Bytes Sent By Job
	163670  -  Run Bytes Received By Job
	14582  -  Total Bytes Sent By Job
	163670  -  Total Bytes Received By Job
	Partitionable Resources :    Usage  Request Allocated 
	   Cpus                 :     0.41        1         1 
	   Disk (KB)            :   236     2048000  18987686 
	   Memory (MB)          :   318        1992      2048 
...
