000 (3216999.000.000) 06/04 17:02:44 Job submitted from host: <144.92.181.244:9618?addrs=144.92.181.244-9618+[2607-f388-101c-1000--371]-9618&noUDP&sock=482422_f1bf_3>
...
001 (3216999.000.000) 06/04 17:14:13 Job executing on host: <128.104.227.113:9618?addrs=128.104.227.113-9618+[2607-f388-101c-1000--62]-9618&noUDP&sock=3478_327a_3>
...
006 (3216999.000.000) 06/04 17:14:22 Image size of job updated: 137804
	106  -  MemoryUsage of job (MB)
	107952  -  ResidentSetSize of job (KB)
...
006 (3216999.000.000) 06/04 17:34:23 Image size of job updated: 321260
	314  -  MemoryUsage of job (MB)
	321260  -  ResidentSetSize of job (KB)
...
006 (3216999.000.000) 06/04 19:14:25 Image size of job updated: 322120
	314  -  MemoryUsage of job (MB)
	321348  -  ResidentSetSize of job (KB)
...
006 (3216999.000.000) 06/04 19:54:33 Image size of job updated: 329060
	314  -  MemoryUsage of job (MB)
	321348  -  ResidentSetSize of job (KB)
...
005 (3216999.000.000) 06/04 19:54:33 Job terminated.
	(1) Normal termination (return value 0)
		Usr 0 00:47:25, Sys 0 00:01:51  -  Run Remote Usage
		Usr 0 00:00:00, Sys 0 00:00:00  -  Run Local Usage
		Usr 0 00:47:25, Sys 0 00:01:51  -  Total Remote Usage
		Usr 0 00:00:00, Sys 0 00:00:00  -  Total Local Usage
	14603  -  Run Bytes Sent By Job
	163670  -  Run Bytes Received By Job
	14603  -  Total Bytes Sent By Job
	163670  -  Total Bytes Received By Job
	Partitionable Resources :    Usage  Request Allocated 
	   Cpus                 :     0.36        1         1 
	   Disk (KB)            :   236     2048000  18993441 
	   Memory (MB)          :   314        1992      2048 
...
