000 (3217002.000.000) 06/04 17:02:46 Job submitted from host: <144.92.181.244:9618?addrs=144.92.181.244-9618+[2607-f388-101c-1000--371]-9618&noUDP&sock=482422_f1bf_3>
...
001 (3217002.000.000) 06/04 17:16:11 Job executing on host: <128.104.227.32:9618?addrs=128.104.227.32-9618+[2607-f388-101c-1000--629]-9618&noUDP&sock=2882_6408_48>
...
006 (3217002.000.000) 06/04 17:16:20 Image size of job updated: 228012
	106  -  MemoryUsage of job (MB)
	107940  -  ResidentSetSize of job (KB)
...
006 (3217002.000.000) 06/04 17:36:21 Image size of job updated: 423880
	300  -  MemoryUsage of job (MB)
	306784  -  ResidentSetSize of job (KB)
...
006 (3217002.000.000) 06/04 17:56:21 Image size of job updated: 423880
	303  -  MemoryUsage of job (MB)
	309404  -  ResidentSetSize of job (KB)
...
006 (3217002.000.000) 06/04 18:16:21 Image size of job updated: 423880
	311  -  MemoryUsage of job (MB)
	318376  -  ResidentSetSize of job (KB)
...
006 (3217002.000.000) 06/04 19:16:23 Image size of job updated: 423880
	325  -  MemoryUsage of job (MB)
	332540  -  ResidentSetSize of job (KB)
...
005 (3217002.000.000) 06/04 19:52:02 Job terminated.
	(1) Normal termination (return value 0)
		Usr 0 00:59:15, Sys 0 00:02:26  -  Run Remote Usage
		Usr 0 00:00:00, Sys 0 00:00:00  -  Run Local Usage
		Usr 0 00:59:15, Sys 0 00:02:26  -  Total Remote Usage
		Usr 0 00:00:00, Sys 0 00:00:00  -  Total Local Usage
	14734  -  Run Bytes Sent By Job
	163670  -  Run Bytes Received By Job
	14734  -  Total Bytes Sent By Job
	163670  -  Total Bytes Received By Job
	Partitionable Resources :    Usage  Request Allocated 
	   Cpus                 :     0.07        1         1 
	   Disk (KB)            :   235     2048000  18998447 
	   Memory (MB)          :   325        1992      2048 
...
