000 (3217008.000.000) 06/04 17:02:49 Job submitted from host: <144.92.181.244:9618?addrs=144.92.181.244-9618+[2607-f388-101c-1000--371]-9618&noUDP&sock=482422_f1bf_3>
...
001 (3217008.000.000) 06/04 17:17:03 Job executing on host: <144.92.180.163:9618?addrs=144.92.180.163-9618+[2607-f388-101c-1000--629]-9618&noUDP&sock=2782_cc90_3>
...
006 (3217008.000.000) 06/04 17:17:11 Image size of job updated: 206704
	106  -  MemoryUsage of job (MB)
	107788  -  ResidentSetSize of job (KB)
...
006 (3217008.000.000) 06/04 17:37:11 Image size of job updated: 402640
	302  -  MemoryUsage of job (MB)
	309056  -  ResidentSetSize of job (KB)
...
006 (3217008.000.000) 06/04 17:57:12 Image size of job updated: 402640
	302  -  MemoryUsage of job (MB)
	309100  -  ResidentSetSize of job (KB)
...
006 (3217008.000.000) 06/04 18:17:13 Image size of job updated: 402640
	310  -  MemoryUsage of job (MB)
	317440  -  ResidentSetSize of job (KB)
...
005 (3217008.000.000) 06/04 19:10:38 Job terminated.
	(1) Normal termination (return value 0)
		Usr 0 00:43:18, Sys 0 00:01:46  -  Run Remote Usage
		Usr 0 00:00:00, Sys 0 00:00:00  -  Run Local Usage
		Usr 0 00:43:18, Sys 0 00:01:46  -  Total Remote Usage
		Usr 0 00:00:00, Sys 0 00:00:00  -  Total Local Usage
	14335  -  Run Bytes Sent By Job
	163670  -  Run Bytes Received By Job
	14335  -  Total Bytes Sent By Job
	163670  -  Total Bytes Received By Job
	Partitionable Resources :    Usage  Request Allocated 
	   Cpus                 :     0.42        1         1 
	   Disk (KB)            :   234     2048000  18991891 
	   Memory (MB)          :   310        1992      2048 
...
