000 (3217004.000.000) 06/04 17:02:47 Job submitted from host: <144.92.181.244:9618?addrs=144.92.181.244-9618+[2607-f388-101c-1000--371]-9618&noUDP&sock=482422_f1bf_3>
...
001 (3217004.000.000) 06/04 17:16:11 Job executing on host: <144.92.180.219:9618?addrs=144.92.180.219-9618+[2607-f388-101c-1000--629]-9618&noUDP&sock=2761_6513_3>
...
006 (3217004.000.000) 06/04 17:16:20 Image size of job updated: 225412
	106  -  MemoryUsage of job (MB)
	107840  -  ResidentSetSize of job (KB)
...
006 (3217004.000.000) 06/04 17:36:20 Image size of job updated: 311564
	304  -  MemoryUsage of job (MB)
	310360  -  ResidentSetSize of job (KB)
...
006 (3217004.000.000) 06/04 17:56:20 Image size of job updated: 319436
	309  -  MemoryUsage of job (MB)
	316172  -  ResidentSetSize of job (KB)
...
006 (3217004.000.000) 06/04 18:16:20 Image size of job updated: 319752
	312  -  MemoryUsage of job (MB)
	319292  -  ResidentSetSize of job (KB)
...
005 (3217004.000.000) 06/04 19:37:38 Job terminated.
	(1) Normal termination (return value 0)
		Usr 0 00:59:15, Sys 0 00:01:48  -  Run Remote Usage
		Usr 0 00:00:00, Sys 0 00:00:00  -  Run Local Usage
		Usr 0 00:59:15, Sys 0 00:01:48  -  Total Remote Usage
		Usr 0 00:00:00, Sys 0 00:00:00  -  Total Local Usage
	14587  -  Run Bytes Sent By Job
	163670  -  Run Bytes Received By Job
	14587  -  Total Bytes Sent By Job
	163670  -  Total Bytes Received By Job
	Partitionable Resources :    Usage  Request Allocated 
	   Cpus                 :     0.62        1         1 
	   Disk (KB)            :   236     2048000  18989361 
	   Memory (MB)          :   312        1992      2048 
...
