********** for MC *********
All files added.
Initializing chain.
from Init DATA
Coming in: 
nentries:21242221
Running over 21242221 events.
Finished entry 0/21242220
Finished entry 1000000/21242220
Finished entry 2000000/21242220
Finished entry 3000000/21242220
Finished entry 4000000/21242220
Finished entry 5000000/21242220
Finished entry 6000000/21242220
Finished entry 7000000/21242220
Finished entry 8000000/21242220
Finished entry 9000000/21242220
Finished entry 10000000/21242220
Finished entry 11000000/21242220
Finished entry 12000000/21242220
Finished entry 13000000/21242220
Finished entry 14000000/21242220
Finished entry 15000000/21242220
Finished entry 16000000/21242220
Finished entry 17000000/21242220
Finished entry 18000000/21242220
Finished entry 19000000/21242220
Finished entry 20000000/21242220
Finished entry 21000000/21242220
nVLooseTau = 8015
nTightTau  = 746
Real time 2:04:22, CP time 3889.140
