Sun Jul 19 17:16:55 CDT 2020

    0
    moving files to /hdfs/store/user/jmadhusu/2017_skimmed/etau
      
        ******************************
         moving  DY2JetsToLL_M-50_TuneCP5_01.root
          
        ******************************
         moving  VBFHToWWTo2L2Nu_M125_00.root
          
        ******************************
         moving  WWW_4F_TuneCP5_00.root
          
        ******************************
         moving  WWZ_4F_TuneCP5_00.root
          
        ******************************
         moving  WZZ_TuneCP5_00.root
          
        ******************************
         moving  ZJetsToNuNu_HT-1200To2500_00.root
          
        ******************************
         moving  ZJetsToNuNu_HT-2500ToInf_00.root
          
        ******************************
         moving  ZZZ_TuneCP5_00.root
        Sleep for 15 min
Sun Jul 19 17:32:27 CDT 2020

    1
    moving files to /hdfs/store/user/jmadhusu/2017_skimmed/etau
      
        ******************************
         moving  DY3JetsToLL_M-50_TuneCP5_ext1_00.root
          
        ******************************
         moving  DYJetsToLL_M-10to50_TuneCP5_04.root
          
        ******************************
         moving  DYJetsToLL_M-50_TuneCP5_v1_05.root
          
        ******************************
         moving  EWKZ2Jets_ZToLL_M-50_TuneCP5_00.root
          
        ******************************
         moving  GluGluHToWWTo2L2Nu_M125_00.root
          
        ******************************
         moving  SingleElectron_EraD_02.root
          
        ******************************
         moving  W1JetsToLNu_TuneCP5_06.root
          
        ******************************
         moving  W4JetsToLNu_TuneCP5_01.root
        Sleep for 15 min
Sun Jul 19 17:48:32 CDT 2020

    2
    moving files to /hdfs/store/user/jmadhusu/2017_skimmed/etau
      
        ******************************
         moving  DYJetsToLL_M-50_TuneCP5_ext1_v1_05.root
          
        ******************************
         moving  WZTo3LNu_TuneCP5_01.root
          
        ******************************
         moving  ZZ_TuneCP5_00.root
        Sleep for 15 min
Sun Jul 19 18:04:01 CDT 2020

    3
    moving files to /hdfs/store/user/jmadhusu/2017_skimmed/etau
      
        ******************************
         moving  DY1JetsToLL_M-50_TuneCP5_04.root
          
        ******************************
         moving  EWKZ2Jets_ZToNuNu_TuneCP5_00.root
          
        ******************************
         moving  GluGluHToTauTau_M125_00.root
          
        ******************************
         moving  ZJetsToNuNu_HT-200To400_02.root
          
        ******************************
         moving  ZJetsToNuNu_HT-800To1200_00.root
        Sleep for 15 min
Sun Jul 19 18:20:01 CDT 2020

    4
    moving files to /hdfs/store/user/jmadhusu/2017_skimmed/etau
      
        ******************************
         moving  DY4JetsToLL_M-50_TuneCP5_00.root
          
        ******************************
         moving  EWKWMinus2Jets_WToLNu_M-50_TuneCP5_00.root
          
        ******************************
         moving  ST_t-channel_antitop_4f_inclusiveDecays_TuneCP5_00.root
          
        ******************************
         moving  SingleElectron_EraE_03.root
          
        ******************************
         moving  SingleElectron_EraE_04.root
          
        ******************************
         moving  TTToHadronic_TuneCP5_04.root
          
        ******************************
         moving  VBFHToTauTau_M125_00.root
          
        ******************************
         moving  WZ_TuneCP5_00.root
          
        ******************************
         moving  ZJetsToNuNu_HT-100To200_02.root
        Sleep for 15 min
Sun Jul 19 18:40:16 CDT 2020

    5
    moving files to /hdfs/store/user/jmadhusu/2017_skimmed/etau
      
        ******************************
         moving  EWKWPlus2Jets_WToLNu_M-50_TuneCP5_00.root
          
        ******************************
         moving  TTToHadronic_TuneCP5_05.root
          
        ******************************
         moving  TTToHadronic_TuneCP5_06.root
          
        ******************************
         moving  TTToHadronic_TuneCP5_07.root
          
        ******************************
         moving  TTToHadronic_TuneCP5_08.root
          
        ******************************
         moving  W2JetsToLNu_TuneCP5_00.root
          
        ******************************
         moving  WWTo1L1Nu2Q_00.root
          
        ******************************
         moving  WminusHToTauTau_M125_00.root
          
        ******************************
         moving  WplusHToTauTau_M125_00.root
        Sleep for 15 min
Sun Jul 19 19:02:12 CDT 2020

    6
    moving files to /hdfs/store/user/jmadhusu/2017_skimmed/etau
      
        ******************************
         moving  DY2JetsToLL_M-50_TuneCP5_00.root
          
        ******************************
         moving  DY3JetsToLL_M-50_TuneCP5_v1_00.root
          
        ******************************
         moving  SingleElectron_EraF_04.root
          
        ******************************
         moving  TTToHadronic_TuneCP5_02.root
          
        ******************************
         moving  TTToSemiLeptonic_TuneCP5_04.root
          
        ******************************
         moving  W1JetsToLNu_TuneCP5_00.root
          
        ******************************
         moving  WJetsToLNu_TuneCP5_04.root
          
        ******************************
         moving  WW_TuneCP5_00.root
          
        ******************************
         moving  ZHToTauTau_M125_00.root
        Sleep for 15 min
Sun Jul 19 19:27:45 CDT 2020

    7
    moving files to /hdfs/store/user/jmadhusu/2017_skimmed/etau
      
        ******************************
         moving  DYJetsToLL_M-10to50_TuneCP5_00.root
          
        ******************************
         moving  DYJetsToLL_M-10to50_TuneCP5_01.root
          
        ******************************
         moving  DYJetsToLL_M-10to50_TuneCP5_02.root
          
        ******************************
         moving  DYJetsToLL_M-10to50_TuneCP5_03.root
          
        ******************************
         moving  DYJetsToLL_M-50_TuneCP5_ext1_v1_01.root
          
        ******************************
         moving  ST_t-channel_top_4f_inclusiveDecays_TuneCP5_00.root
          
        ******************************
         moving  W1JetsToLNu_TuneCP5_01.root
          
        ******************************
         moving  W1JetsToLNu_TuneCP5_02.root
          
        ******************************
         moving  W1JetsToLNu_TuneCP5_03.root
          
        ******************************
         moving  W1JetsToLNu_TuneCP5_04.root
          
        ******************************
         moving  W1JetsToLNu_TuneCP5_05.root
          
        ******************************
         moving  WJetsToLNu_TuneCP5_00.root
          
        ******************************
         moving  WJetsToLNu_TuneCP5_02.root
          
        ******************************
         moving  WJetsToLNu_TuneCP5_03.root
          
        ******************************
         moving  ZJetsToNuNu_HT-600To800_00.root
          
        ******************************
         moving  ZZTo4L_TuneCP5_02.root
        Sleep for 15 min
Sun Jul 19 19:54:25 CDT 2020

    8
    moving files to /hdfs/store/user/jmadhusu/2017_skimmed/etau
      
        ******************************
         moving  DY1JetsToLL_M-50_TuneCP5_00.root
          
        ******************************
         moving  DY1JetsToLL_M-50_TuneCP5_01.root
          
        ******************************
         moving  DYJetsToLL_M-50_TuneCP5_ext1_v1_00.root
          
        ******************************
         moving  DYJetsToLL_M-50_TuneCP5_ext1_v1_01.root
          
        ******************************
         moving  DYJetsToLL_M-50_TuneCP5_ext1_v1_02.root
          
        ******************************
         moving  DYJetsToLL_M-50_TuneCP5_ext1_v1_03.root
          
        ******************************
         moving  DYJetsToLL_M-50_TuneCP5_ext1_v1_04.root
          
        ******************************
         moving  DYJetsToLL_M-50_TuneCP5_v1_01.root
          
        ******************************
         moving  DYJetsToLL_M-50_TuneCP5_v1_02.root
          
        ******************************
         moving  DYJetsToLL_M-50_TuneCP5_v1_03.root
          
        ******************************
         moving  ST_tW_top_5f_inclusiveDecays_TuneCP5_00.root
          
        ******************************
         moving  SingleElectron_EraF_02.root
          
        ******************************
         moving  SingleElectron_EraF_03.root
          
        ******************************
         moving  TTToHadronic_TuneCP5_00.root
          
        ******************************
         moving  WJetsToLNu_TuneCP5_01.root
          
        ******************************
         moving  WWToLNuQQ_NNPDF31_TuneCP5_00.root
          
        ******************************
         moving  ZJetsToNuNu_HT-100To200_00.root
          
        ******************************
         moving  ZJetsToNuNu_HT-100To200_01.root
        Sleep for 15 min
Sun Jul 19 20:56:17 CDT 2020

    9
    moving files to /hdfs/store/user/jmadhusu/2017_skimmed/etau
    mv: cannot stat 'W3JetsToLNu_TuneCP5_01.root': No such file or directory
  
        ******************************
         moving  DY1JetsToLL_M-50_TuneCP5_02.root
          
        ******************************
         moving  SingleElectron_EraC_02.root
          
        ******************************
         moving  SingleElectron_EraC_03.root
          
        ******************************
         moving  SingleElectron_EraC_04.root
          
        ******************************
         moving  TTTo2L2Nu_TuneCP5_00.root
          
        ******************************
         moving  WZTo3LNu_TuneCP5_00.root
          
        ******************************
         moving  ZJetsToNuNu_HT-200To400_00.root
          
        ******************************
         moving  ZJetsToNuNu_HT-200To400_01.root
          
        ******************************
         moving  ZJetsToNuNu_HT-400To600_00.root
          
        ******************************
         moving  ZZTo2L2Q_00.root
          
        ******************************
         moving  ZZTo2L2Q_01.root
          
        ******************************
         moving  ZZTo4L_TuneCP5_00.root
          
        ******************************
         moving  ZZTo4L_TuneCP5_01.root
        Sleep for 15 min
Sun Jul 19 22:06:23 CDT 2020

    10
    moving files to /hdfs/store/user/jmadhusu/2017_skimmed/etau
      
        ******************************
         moving  DY1JetsToLL_M-50_TuneCP5_02.root
          
        ******************************
         moving  SingleElectron_EraC_03.root
          
        ******************************
         moving  SingleElectron_EraE_00.root
          
        ******************************
         moving  SingleElectron_EraE_01.root
          
        ******************************
         moving  SingleElectron_EraF_01.root
          
        ******************************
         moving  TTTo2L2Nu_TuneCP5_00.root
          
        ******************************
         moving  TTToSemiLeptonic_TuneCP5_00.root
          
        ******************************
         moving  TTToSemiLeptonic_TuneCP5_01.root
        Sleep for 15 min
Sun Jul 19 22:51:28 CDT 2020

    11
    moving files to /hdfs/store/user/jmadhusu/2017_skimmed/etau
      
        ******************************
         moving  TTTo2L2Nu_TuneCP5_00.root
          
        ******************************
         moving  TTToSemiLeptonic_TuneCP5_00.root
        Sleep for 15 min
Sun Jul 19 23:16:01 CDT 2020

    12
    moving files to /hdfs/store/user/jmadhusu/2017_skimmed/etau
    mv: cannot stat '*.root': No such file or directory
Sleep for 15 min
Sun Jul 19 23:31:01 CDT 2020

    13
    moving files to /hdfs/store/user/jmadhusu/2017_skimmed/etau
    mv: cannot stat '*.root': No such file or directory
Sleep for 15 min
Sun Jul 19 23:46:04 CDT 2020

    14
    moving files to /hdfs/store/user/jmadhusu/2017_skimmed/etau
    mv: cannot stat '*.root': No such file or directory
Sleep for 15 min
Mon Jul 20 00:01:06 CDT 2020

    15
    moving files to /hdfs/store/user/jmadhusu/2017_skimmed/etau
    mv: cannot stat '*.root': No such file or directory
Sleep for 15 min
Mon Jul 20 00:16:06 CDT 2020

    16
    moving files to /hdfs/store/user/jmadhusu/2017_skimmed/etau
    mv: cannot stat '*.root': No such file or directory
Sleep for 15 min
Mon Jul 20 00:31:06 CDT 2020

    17
    moving files to /hdfs/store/user/jmadhusu/2017_skimmed/etau
    mv: cannot stat '*.root': No such file or directory
Sleep for 15 min
Mon Jul 20 00:46:07 CDT 2020

    18
    moving files to /hdfs/store/user/jmadhusu/2017_skimmed/etau
    mv: cannot stat '*.root': No such file or directory
Sleep for 15 min
Mon Jul 20 01:01:07 CDT 2020

    19
    moving files to /hdfs/store/user/jmadhusu/2017_skimmed/etau
    mv: cannot stat '*.root': No such file or directory
Sleep for 15 min
Mon Jul 20 01:16:07 CDT 2020

    20
    moving files to /hdfs/store/user/jmadhusu/2017_skimmed/etau
    mv: cannot stat '*.root': No such file or directory
Sleep for 15 min
Mon Jul 20 01:31:07 CDT 2020

    21
    moving files to /hdfs/store/user/jmadhusu/2017_skimmed/etau
    mv: cannot stat '*.root': No such file or directory
Sleep for 15 min
Mon Jul 20 01:46:07 CDT 2020

    22
    moving files to /hdfs/store/user/jmadhusu/2017_skimmed/etau
    mv: cannot stat '*.root': No such file or directory
Sleep for 15 min
Mon Jul 20 02:01:07 CDT 2020

    23
    moving files to /hdfs/store/user/jmadhusu/2017_skimmed/etau
    mv: cannot stat '*.root': No such file or directory
Sleep for 15 min
Mon Jul 20 02:16:08 CDT 2020

    24
    moving files to /hdfs/store/user/jmadhusu/2017_skimmed/etau
    mv: cannot stat '*.root': No such file or directory
Sleep for 15 min
Mon Jul 20 02:31:08 CDT 2020

    25
    moving files to /hdfs/store/user/jmadhusu/2017_skimmed/etau
    mv: cannot stat '*.root': No such file or directory
Sleep for 15 min
Mon Jul 20 02:46:08 CDT 2020

    26
    moving files to /hdfs/store/user/jmadhusu/2017_skimmed/etau
    mv: cannot stat '*.root': No such file or directory
Sleep for 15 min
Mon Jul 20 03:01:08 CDT 2020

    27
    moving files to /hdfs/store/user/jmadhusu/2017_skimmed/etau
    mv: cannot stat '*.root': No such file or directory
Sleep for 15 min
Mon Jul 20 03:16:08 CDT 2020

    28
    moving files to /hdfs/store/user/jmadhusu/2017_skimmed/etau
    mv: cannot stat '*.root': No such file or directory
Sleep for 15 min
Mon Jul 20 03:31:08 CDT 2020

    29
    moving files to /hdfs/store/user/jmadhusu/2017_skimmed/etau
    mv: cannot stat '*.root': No such file or directory
Sleep for 15 min
Mon Jul 20 03:46:08 CDT 2020

    30
    moving files to /hdfs/store/user/jmadhusu/2017_skimmed/etau
    mv: cannot stat '*.root': No such file or directory
Sleep for 15 min
Mon Jul 20 04:01:08 CDT 2020

    31
    moving files to /hdfs/store/user/jmadhusu/2017_skimmed/etau
    mv: cannot stat '*.root': No such file or directory
Sleep for 15 min
Mon Jul 20 04:16:08 CDT 2020

    32
    moving files to /hdfs/store/user/jmadhusu/2017_skimmed/etau
    mv: cannot stat '*.root': No such file or directory
Sleep for 15 min
Mon Jul 20 04:31:08 CDT 2020

    33
    moving files to /hdfs/store/user/jmadhusu/2017_skimmed/etau
    mv: cannot stat '*.root': No such file or directory
Sleep for 15 min
Mon Jul 20 04:46:08 CDT 2020

    34
    moving files to /hdfs/store/user/jmadhusu/2017_skimmed/etau
    mv: cannot stat '*.root': No such file or directory
Sleep for 15 min
Mon Jul 20 05:01:09 CDT 2020

    35
    moving files to /hdfs/store/user/jmadhusu/2017_skimmed/etau
    mv: cannot stat '*.root': No such file or directory
Sleep for 15 min
Mon Jul 20 05:16:09 CDT 2020

    36
    moving files to /hdfs/store/user/jmadhusu/2017_skimmed/etau
    mv: cannot stat '*.root': No such file or directory
Sleep for 15 min
Mon Jul 20 05:31:09 CDT 2020

    37
    moving files to /hdfs/store/user/jmadhusu/2017_skimmed/etau
    mv: cannot stat '*.root': No such file or directory
Sleep for 15 min
Mon Jul 20 05:46:10 CDT 2020

    38
    moving files to /hdfs/store/user/jmadhusu/2017_skimmed/etau
    mv: cannot stat '*.root': No such file or directory
Sleep for 15 min
Mon Jul 20 06:01:10 CDT 2020

    39
    moving files to /hdfs/store/user/jmadhusu/2017_skimmed/etau
    mv: cannot stat '*.root': No such file or directory
Sleep for 15 min
