000 (5361968.000.000) 07/09 09:46:24 Job submitted from host: <144.92.180.29:9618?addrs=144.92.180.29-9618+[2607-f388-101c-1000--369]-9618&noUDP&sock=61097_09e4_3>
...
001 (5361968.000.000) 07/09 09:46:39 Job executing on host: <144.92.181.151:9618?addrs=144.92.181.151-9618+[2607-f388-101c-1000--629]-9618&noUDP&sock=2876_4677_3>
...
006 (5361968.000.000) 07/09 09:46:47 Image size of job updated: 314352
	202  -  MemoryUsage of job (MB)
	206688  -  ResidentSetSize of job (KB)
...
005 (5361968.000.000) 07/09 09:52:37 Job terminated.
	(1) Normal termination (return value 0)
		Usr 0 00:03:21, Sys 0 00:00:07  -  Run Remote Usage
		Usr 0 00:00:00, Sys 0 00:00:00  -  Run Local Usage
		Usr 0 00:03:21, Sys 0 00:00:07  -  Total Remote Usage
		Usr 0 00:00:00, Sys 0 00:00:00  -  Total Local Usage
	64654  -  Run Bytes Sent By Job
	8650394  -  Run Bytes Received By Job
	64654  -  Total Bytes Sent By Job
	8650394  -  Total Bytes Received By Job
	Partitionable Resources :    Usage  Request Allocated 
	   Cpus                 :     0.57        1         1 
	   Disk (KB)            :  8571     2048000  18976265 
	   Memory (MB)          :   202        1992      2048 
...
