000 (5361986.000.000) 07/09 09:46:31 Job submitted from host: <144.92.180.29:9618?addrs=144.92.180.29-9618+[2607-f388-101c-1000--369]-9618&noUDP&sock=61097_09e4_3>
...
001 (5361986.000.000) 07/09 09:46:51 Job executing on host: <144.92.181.65:9618?addrs=144.92.181.65-9618+[2607-f388-101c-1000--629]-9618&noUDP&sock=3116_e532_3>
...
006 (5361986.000.000) 07/09 09:47:00 Image size of job updated: 305148
	194  -  MemoryUsage of job (MB)
	198344  -  ResidentSetSize of job (KB)
...
006 (5361986.000.000) 07/09 09:47:19 Image size of job updated: 307380
	194  -  MemoryUsage of job (MB)
	198352  -  ResidentSetSize of job (KB)
...
005 (5361986.000.000) 07/09 09:47:19 Job terminated.
	(1) Normal termination (return value 0)
		Usr 0 00:00:13, Sys 0 00:00:01  -  Run Remote Usage
		Usr 0 00:00:00, Sys 0 00:00:00  -  Run Local Usage
		Usr 0 00:00:13, Sys 0 00:00:01  -  Total Remote Usage
		Usr 0 00:00:00, Sys 0 00:00:00  -  Total Local Usage
	62221  -  Run Bytes Sent By Job
	8650376  -  Run Bytes Received By Job
	62221  -  Total Bytes Sent By Job
	8650376  -  Total Bytes Received By Job
	Partitionable Resources :    Usage  Request Allocated 
	   Cpus                 :     0.12        1         1 
	   Disk (KB)            :  8571     2048000  18996674 
	   Memory (MB)          :   194        1992      2048 
...
