000 (5361950.000.000) 07/09 09:46:17 Job submitted from host: <144.92.180.29:9618?addrs=144.92.180.29-9618+[2607-f388-101c-1000--369]-9618&noUDP&sock=61097_09e4_3>
...
001 (5361950.000.000) 07/09 09:46:37 Job executing on host: <128.104.227.38:9618?addrs=128.104.227.38-9618+[2607-f388-101c-1000--629]-9618&noUDP&sock=3274_4528_3>
...
006 (5361950.000.000) 07/09 09:46:46 Image size of job updated: 308060
	197  -  MemoryUsage of job (MB)
	201144  -  ResidentSetSize of job (KB)
...
005 (5361950.000.000) 07/09 09:46:50 Job terminated.
	(1) Normal termination (return value 0)
		Usr 0 00:00:07, Sys 0 00:00:01  -  Run Remote Usage
		Usr 0 00:00:00, Sys 0 00:00:00  -  Run Local Usage
		Usr 0 00:00:07, Sys 0 00:00:01  -  Total Remote Usage
		Usr 0 00:00:00, Sys 0 00:00:00  -  Total Local Usage
	62595  -  Run Bytes Sent By Job
	8650391  -  Run Bytes Received By Job
	62595  -  Total Bytes Sent By Job
	8650391  -  Total Bytes Received By Job
	Partitionable Resources :    Usage  Request Allocated 
	   Cpus                 :        0        1         1 
	   Disk (KB)            :     8569  2048000  18996680 
	   Memory (MB)          :      197     1992      2048 
...
