000 (5361993.000.000) 07/09 09:46:37 Job submitted from host: <144.92.180.29:9618?addrs=144.92.180.29-9618+[2607-f388-101c-1000--369]-9618&noUDP&sock=61097_09e4_3>
...
001 (5361993.000.000) 07/09 09:47:00 Job executing on host: <128.104.227.122:9618?addrs=128.104.227.122-9618+[2607-f388-101c-1000--69]-9618&noUDP&sock=197981_13be_3>
...
006 (5361993.000.000) 07/09 09:47:09 Image size of job updated: 145228
	57  -  MemoryUsage of job (MB)
	57624  -  ResidentSetSize of job (KB)
...
005 (5361993.000.000) 07/09 09:47:27 Job terminated.
	(1) Normal termination (return value 0)
		Usr 0 00:00:02, Sys 0 00:00:00  -  Run Remote Usage
		Usr 0 00:00:00, Sys 0 00:00:00  -  Run Local Usage
		Usr 0 00:00:02, Sys 0 00:00:00  -  Total Remote Usage
		Usr 0 00:00:00, Sys 0 00:00:00  -  Total Local Usage
	62937  -  Run Bytes Sent By Job
	8650364  -  Run Bytes Received By Job
	62937  -  Total Bytes Sent By Job
	8650364  -  Total Bytes Received By Job
	Partitionable Resources :    Usage  Request Allocated 
	   Cpus                 :        0        1         1 
	   Disk (KB)            :     8569  2048000  19010182 
	   Memory (MB)          :       57     1992      2048 
...
