000 (5361975.000.000) 07/09 09:46:26 Job submitted from host: <144.92.180.29:9618?addrs=144.92.180.29-9618+[2607-f388-101c-1000--369]-9618&noUDP&sock=61097_09e4_3>
...
001 (5361975.000.000) 07/09 09:46:42 Job executing on host: <128.104.227.30:9618?addrs=128.104.227.30-9618+[2607-f388-101c-1000--629]-9618&noUDP&sock=3327_9fad_3>
...
006 (5361975.000.000) 07/09 09:46:51 Image size of job updated: 298800
	188  -  MemoryUsage of job (MB)
	192332  -  ResidentSetSize of job (KB)
...
005 (5361975.000.000) 07/09 09:47:31 Job terminated.
	(1) Normal termination (return value 0)
		Usr 0 00:00:22, Sys 0 00:00:02  -  Run Remote Usage
		Usr 0 00:00:00, Sys 0 00:00:00  -  Run Local Usage
		Usr 0 00:00:22, Sys 0 00:00:02  -  Total Remote Usage
		Usr 0 00:00:00, Sys 0 00:00:00  -  Total Local Usage
	62217  -  Run Bytes Sent By Job
	8650379  -  Run Bytes Received By Job
	62217  -  Total Bytes Sent By Job
	8650379  -  Total Bytes Received By Job
	Partitionable Resources :    Usage  Request Allocated 
	   Cpus                 :     0.62        1         1 
	   Disk (KB)            :  8570     2048000  18999626 
	   Memory (MB)          :   188        1992      2048 
...
