000 (5361924.000.000) 07/09 09:46:08 Job submitted from host: <144.92.180.29:9618?addrs=144.92.180.29-9618+[2607-f388-101c-1000--369]-9618&noUDP&sock=61097_09e4_3>
...
001 (5361924.000.000) 07/09 09:46:34 Job executing on host: <128.104.227.121:9618?addrs=128.104.227.121-9618+[2607-f388-101c-1000--68]-9618&noUDP&sock=15852_bb61_3>
...
006 (5361924.000.000) 07/09 09:46:42 Image size of job updated: 1972
	0  -  MemoryUsage of job (MB)
	0  -  ResidentSetSize of job (KB)
...
005 (5361924.000.000) 07/09 09:46:42 Job terminated.
	(1) Normal termination (return value 0)
		Usr 0 00:00:03, Sys 0 00:00:00  -  Run Remote Usage
		Usr 0 00:00:00, Sys 0 00:00:00  -  Run Local Usage
		Usr 0 00:00:03, Sys 0 00:00:00  -  Total Remote Usage
		Usr 0 00:00:00, Sys 0 00:00:00  -  Total Local Usage
	115423  -  Run Bytes Sent By Job
	8650394  -  Run Bytes Received By Job
	115423  -  Total Bytes Sent By Job
	8650394  -  Total Bytes Received By Job
	Partitionable Resources :    Usage  Request Allocated 
	   Cpus                 :        0        1         1 
	   Disk (KB)            :     8620  2048000  19010182 
	   Memory (MB)          :        0     1992      2048 
...
