000 (5361940.000.000) 07/09 09:46:13 Job submitted from host: <144.92.180.29:9618?addrs=144.92.180.29-9618+[2607-f388-101c-1000--369]-9618&noUDP&sock=61097_09e4_3>
...
001 (5361940.000.000) 07/09 09:46:36 Job executing on host: <128.104.227.61:9618?addrs=128.104.227.61-9618+[2607-f388-101c-1000--629]-9618&noUDP&sock=2542_2dd5_3>
...
006 (5361940.000.000) 07/09 09:46:45 Image size of job updated: 306096
	194  -  MemoryUsage of job (MB)
	198136  -  ResidentSetSize of job (KB)
...
005 (5361940.000.000) 07/09 09:47:22 Job terminated.
	(1) Normal termination (return value 0)
		Usr 0 00:00:25, Sys 0 00:00:01  -  Run Remote Usage
		Usr 0 00:00:00, Sys 0 00:00:00  -  Run Local Usage
		Usr 0 00:00:25, Sys 0 00:00:01  -  Total Remote Usage
		Usr 0 00:00:00, Sys 0 00:00:00  -  Total Local Usage
	119371  -  Run Bytes Sent By Job
	8650400  -  Run Bytes Received By Job
	119371  -  Total Bytes Sent By Job
	8650400  -  Total Bytes Received By Job
	Partitionable Resources :    Usage  Request Allocated 
	   Cpus                 :                 1         1 
	   Disk (KB)            :     8615  2048000  18995812 
	   Memory (MB)          :      194     1992      2048 
...
