000 (5361978.000.000) 07/09 09:46:27 Job submitted from host: <144.92.180.29:9618?addrs=144.92.180.29-9618+[2607-f388-101c-1000--369]-9618&noUDP&sock=61097_09e4_3>
...
001 (5361978.000.000) 07/09 09:46:41 Job executing on host: <144.92.180.126:9618?addrs=144.92.180.126-9618+[2607-f388-101c-1000--629]-9618&noUDP&sock=3415_fc03_3>
...
006 (5361978.000.000) 07/09 09:46:49 Image size of job updated: 300560
	188  -  MemoryUsage of job (MB)
	192460  -  ResidentSetSize of job (KB)
...
005 (5361978.000.000) 07/09 09:47:45 Job terminated.
	(1) Normal termination (return value 0)
		Usr 0 00:00:25, Sys 0 00:00:02  -  Run Remote Usage
		Usr 0 00:00:00, Sys 0 00:00:00  -  Run Local Usage
		Usr 0 00:00:25, Sys 0 00:00:02  -  Total Remote Usage
		Usr 0 00:00:00, Sys 0 00:00:00  -  Total Local Usage
	61991  -  Run Bytes Sent By Job
	8650379  -  Run Bytes Received By Job
	61991  -  Total Bytes Sent By Job
	8650379  -  Total Bytes Received By Job
	Partitionable Resources :    Usage  Request Allocated 
	   Cpus                 :     0.45        1         1 
	   Disk (KB)            :  8570     2048000  18352912 
	   Memory (MB)          :   188        1992      2048 
...
