000 (5361995.000.000) 07/09 09:46:39 Job submitted from host: <144.92.180.29:9618?addrs=144.92.180.29-9618+[2607-f388-101c-1000--369]-9618&noUDP&sock=61097_09e4_3>
...
001 (5361995.000.000) 07/09 09:47:11 Job executing on host: <144.92.180.212:9618?addrs=144.92.180.212-9618+[2607-f388-101c-1000--629]-9618&noUDP&sock=3180_cb41_3>
...
006 (5361995.000.000) 07/09 09:47:20 Image size of job updated: 318460
	207  -  MemoryUsage of job (MB)
	210948  -  ResidentSetSize of job (KB)
...
005 (5361995.000.000) 07/09 09:51:55 Job terminated.
	(1) Normal termination (return value 0)
		Usr 0 00:01:59, Sys 0 00:00:04  -  Run Remote Usage
		Usr 0 00:00:00, Sys 0 00:00:00  -  Run Local Usage
		Usr 0 00:01:59, Sys 0 00:00:04  -  Total Remote Usage
		Usr 0 00:00:00, Sys 0 00:00:00  -  Total Local Usage
	64934  -  Run Bytes Sent By Job
	8650370  -  Run Bytes Received By Job
	64934  -  Total Bytes Sent By Job
	8650370  -  Total Bytes Received By Job
	Partitionable Resources :    Usage  Request Allocated 
	   Cpus                 :     0.48        1         1 
	   Disk (KB)            :  8571     2048000  18987120 
	   Memory (MB)          :   207        1992      2048 
...
