000 (5361980.000.000) 07/09 09:46:28 Job submitted from host: <144.92.180.29:9618?addrs=144.92.180.29-9618+[2607-f388-101c-1000--369]-9618&noUDP&sock=61097_09e4_3>
...
001 (5361980.000.000) 07/09 09:46:41 Job executing on host: <128.104.227.39:9618?addrs=128.104.227.39-9618+[2607-f388-101c-1000--629]-9618&noUDP&sock=3250_cee3_3>
...
006 (5361980.000.000) 07/09 09:46:50 Image size of job updated: 304216
	193  -  MemoryUsage of job (MB)
	196640  -  ResidentSetSize of job (KB)
...
005 (5361980.000.000) 07/09 09:47:40 Job terminated.
	(1) Normal termination (return value 0)
		Usr 0 00:00:30, Sys 0 00:00:02  -  Run Remote Usage
		Usr 0 00:00:00, Sys 0 00:00:00  -  Run Local Usage
		Usr 0 00:00:30, Sys 0 00:00:02  -  Total Remote Usage
		Usr 0 00:00:00, Sys 0 00:00:00  -  Total Local Usage
	63120  -  Run Bytes Sent By Job
	8650379  -  Run Bytes Received By Job
	63120  -  Total Bytes Sent By Job
	8650379  -  Total Bytes Received By Job
	Partitionable Resources :    Usage  Request Allocated 
	   Cpus                 :     0.03        1         1 
	   Disk (KB)            :  8570     2048000  18989036 
	   Memory (MB)          :   193        1992      2048 
...
