000 (5361966.000.000) 07/09 09:46:23 Job submitted from host: <144.92.180.29:9618?addrs=144.92.180.29-9618+[2607-f388-101c-1000--369]-9618&noUDP&sock=61097_09e4_3>
...
001 (5361966.000.000) 07/09 09:46:39 Job executing on host: <144.92.180.39:9618?addrs=144.92.180.39-9618+[2607-f388-101c-1000--629]-9618&noUDP&sock=2460_ef11_3>
...
006 (5361966.000.000) 07/09 09:46:48 Image size of job updated: 155624
	43  -  MemoryUsage of job (MB)
	43356  -  ResidentSetSize of job (KB)
...
006 (5361966.000.000) 07/09 09:54:02 Image size of job updated: 155624
	43  -  MemoryUsage of job (MB)
	43524  -  ResidentSetSize of job (KB)
...
005 (5361966.000.000) 07/09 09:54:02 Job terminated.
	(1) Normal termination (return value 0)
		Usr 0 00:03:59, Sys 0 00:00:10  -  Run Remote Usage
		Usr 0 00:00:00, Sys 0 00:00:00  -  Run Local Usage
		Usr 0 00:03:59, Sys 0 00:00:10  -  Total Remote Usage
		Usr 0 00:00:00, Sys 0 00:00:00  -  Total Local Usage
	64703  -  Run Bytes Sent By Job
	8650394  -  Run Bytes Received By Job
	64703  -  Total Bytes Sent By Job
	8650394  -  Total Bytes Received By Job
	Partitionable Resources :    Usage  Request Allocated 
	   Cpus                 :     0.60        1         1 
	   Disk (KB)            :  8571     2048000  18345259 
	   Memory (MB)          :    43        1992      2048 
...
