000 (5361944.000.000) 07/09 09:46:15 Job submitted from host: <144.92.180.29:9618?addrs=144.92.180.29-9618+[2607-f388-101c-1000--369]-9618&noUDP&sock=61097_09e4_3>
...
001 (5361944.000.000) 07/09 09:46:34 Job executing on host: <144.92.181.246:9618?addrs=144.92.181.246-9618+[2607-f388-101c-1000--629]-9618&noUDP&sock=3159_63c4_3>
...
006 (5361944.000.000) 07/09 09:46:43 Image size of job updated: 300980
	191  -  MemoryUsage of job (MB)
	194940  -  ResidentSetSize of job (KB)
...
006 (5361944.000.000) 07/09 09:46:50 Image size of job updated: 300980
	191  -  MemoryUsage of job (MB)
	194944  -  ResidentSetSize of job (KB)
...
005 (5361944.000.000) 07/09 09:46:50 Job terminated.
	(1) Normal termination (return value 0)
		Usr 0 00:00:05, Sys 0 00:00:00  -  Run Remote Usage
		Usr 0 00:00:00, Sys 0 00:00:00  -  Run Local Usage
		Usr 0 00:00:05, Sys 0 00:00:00  -  Total Remote Usage
		Usr 0 00:00:00, Sys 0 00:00:00  -  Total Local Usage
	112263  -  Run Bytes Sent By Job
	8650400  -  Run Bytes Received By Job
	112263  -  Total Bytes Sent By Job
	8650400  -  Total Bytes Received By Job
	Partitionable Resources :    Usage  Request Allocated 
	   Cpus                 :        0        1         1 
	   Disk (KB)            :     8617  2048000  18988325 
	   Memory (MB)          :      191     1992      2048 
...
