000 (5361961.000.000) 07/09 09:46:21 Job submitted from host: <144.92.180.29:9618?addrs=144.92.180.29-9618+[2607-f388-101c-1000--369]-9618&noUDP&sock=61097_09e4_3>
...
001 (5361961.000.000) 07/09 09:46:41 Job executing on host: <128.104.227.82:9618?addrs=128.104.227.82-9618+[2607-f388-101c-1000--629]-9618&noUDP&sock=3994_2159_3>
...
006 (5361961.000.000) 07/09 09:46:50 Image size of job updated: 309956
	199  -  MemoryUsage of job (MB)
	203532  -  ResidentSetSize of job (KB)
...
005 (5361961.000.000) 07/09 09:47:19 Job terminated.
	(1) Normal termination (return value 0)
		Usr 0 00:00:15, Sys 0 00:00:01  -  Run Remote Usage
		Usr 0 00:00:00, Sys 0 00:00:00  -  Run Local Usage
		Usr 0 00:00:15, Sys 0 00:00:01  -  Total Remote Usage
		Usr 0 00:00:00, Sys 0 00:00:00  -  Total Local Usage
	53160  -  Run Bytes Sent By Job
	8650382  -  Run Bytes Received By Job
	53160  -  Total Bytes Sent By Job
	8650382  -  Total Bytes Received By Job
	Partitionable Resources :    Usage  Request Allocated 
	   Cpus                 :     0.50        1         1 
	   Disk (KB)            :  8562     2048000  18987224 
	   Memory (MB)          :   199        1992      2048 
...
