000 (5361938.000.000) 07/09 09:46:13 Job submitted from host: <144.92.180.29:9618?addrs=144.92.180.29-9618+[2607-f388-101c-1000--369]-9618&noUDP&sock=61097_09e4_3>
...
001 (5361938.000.000) 07/09 09:46:36 Job executing on host: <128.104.227.66:9618?addrs=128.104.227.66-9618+[2607-f388-101c-1000--629]-9618&noUDP&sock=3260_aad5_3>
...
006 (5361938.000.000) 07/09 09:46:44 Image size of job updated: 301580
	191  -  MemoryUsage of job (MB)
	194796  -  ResidentSetSize of job (KB)
...
005 (5361938.000.000) 07/09 09:46:53 Job terminated.
	(1) Normal termination (return value 0)
		Usr 0 00:00:06, Sys 0 00:00:01  -  Run Remote Usage
		Usr 0 00:00:00, Sys 0 00:00:00  -  Run Local Usage
		Usr 0 00:00:06, Sys 0 00:00:01  -  Total Remote Usage
		Usr 0 00:00:00, Sys 0 00:00:00  -  Total Local Usage
	114057  -  Run Bytes Sent By Job
	8650415  -  Run Bytes Received By Job
	114057  -  Total Bytes Sent By Job
	8650415  -  Total Bytes Received By Job
	Partitionable Resources :    Usage  Request Allocated 
	   Cpus                 :                 1         1 
	   Disk (KB)            :     8610  2048000  18992536 
	   Memory (MB)          :      191     1992      2048 
...
