000 (5361926.000.000) 07/09 09:46:09 Job submitted from host: <144.92.180.29:9618?addrs=144.92.180.29-9618+[2607-f388-101c-1000--369]-9618&noUDP&sock=61097_09e4_3>
...
001 (5361926.000.000) 07/09 09:46:35 Job executing on host: <128.104.227.69:9618?addrs=128.104.227.69-9618+[2607-f388-101c-1000--629]-9618&noUDP&sock=3277_53f1_3>
...
006 (5361926.000.000) 07/09 09:46:43 Image size of job updated: 303296
	192  -  MemoryUsage of job (MB)
	196512  -  ResidentSetSize of job (KB)
...
005 (5361926.000.000) 07/09 09:48:23 Job terminated.
	(1) Normal termination (return value 0)
		Usr 0 00:01:00, Sys 0 00:00:04  -  Run Remote Usage
		Usr 0 00:00:00, Sys 0 00:00:00  -  Run Local Usage
		Usr 0 00:01:00, Sys 0 00:00:04  -  Total Remote Usage
		Usr 0 00:00:00, Sys 0 00:00:00  -  Total Local Usage
	121334  -  Run Bytes Sent By Job
	8650403  -  Run Bytes Received By Job
	121334  -  Total Bytes Sent By Job
	8650403  -  Total Bytes Received By Job
	Partitionable Resources :    Usage  Request Allocated 
	   Cpus                 :     0.55        1         1 
	   Disk (KB)            :  8628     2048000  18986977 
	   Memory (MB)          :   192        1992      2048 
...
