000 (5361921.000.000) 07/09 09:46:07 Job submitted from host: <144.92.180.29:9618?addrs=144.92.180.29-9618+[2607-f388-101c-1000--369]-9618&noUDP&sock=61097_09e4_3>
...
001 (5361921.000.000) 07/09 09:46:34 Job executing on host: <128.104.227.129:9618?addrs=128.104.227.129-9618+[2607-f388-101c-1000--76]-9618&noUDP&sock=90452_2083_3>
...
006 (5361921.000.000) 07/09 09:46:43 Image size of job updated: 299796
	188  -  MemoryUsage of job (MB)
	191864  -  ResidentSetSize of job (KB)
...
005 (5361921.000.000) 07/09 09:47:40 Job terminated.
	(1) Normal termination (return value 0)
		Usr 0 00:00:30, Sys 0 00:00:01  -  Run Remote Usage
		Usr 0 00:00:00, Sys 0 00:00:00  -  Run Local Usage
		Usr 0 00:00:30, Sys 0 00:00:01  -  Total Remote Usage
		Usr 0 00:00:00, Sys 0 00:00:00  -  Total Local Usage
	119454  -  Run Bytes Sent By Job
	8650394  -  Run Bytes Received By Job
	119454  -  Total Bytes Sent By Job
	8650394  -  Total Bytes Received By Job
	Partitionable Resources :    Usage  Request Allocated 
	   Cpus                 :     0.30        1         1 
	   Disk (KB)            :  8624     2048000  19010182 
	   Memory (MB)          :   188        1992      2048 
...
