000 (5361972.000.000) 07/09 09:46:25 Job submitted from host: <144.92.180.29:9618?addrs=144.92.180.29-9618+[2607-f388-101c-1000--369]-9618&noUDP&sock=61097_09e4_3>
...
001 (5361972.000.000) 07/09 09:46:40 Job executing on host: <144.92.180.133:9618?addrs=144.92.180.133-9618+[2607-f388-101c-1000--629]-9618&noUDP&sock=10769_377c_3>
...
006 (5361972.000.000) 07/09 09:46:48 Image size of job updated: 312696
	200  -  MemoryUsage of job (MB)
	203956  -  ResidentSetSize of job (KB)
...
005 (5361972.000.000) 07/09 09:50:51 Job terminated.
	(1) Normal termination (return value 0)
		Usr 0 00:02:14, Sys 0 00:00:05  -  Run Remote Usage
		Usr 0 00:00:00, Sys 0 00:00:00  -  Run Local Usage
		Usr 0 00:02:14, Sys 0 00:00:05  -  Total Remote Usage
		Usr 0 00:00:00, Sys 0 00:00:00  -  Total Local Usage
	65186  -  Run Bytes Sent By Job
	8650349  -  Run Bytes Received By Job
	65186  -  Total Bytes Sent By Job
	8650349  -  Total Bytes Received By Job
	Partitionable Resources :    Usage  Request Allocated 
	   Cpus                 :     0.57        1         1 
	   Disk (KB)            :  8571     2048000  18996322 
	   Memory (MB)          :   200        1992      2048 
...
