000 (5361958.000.000) 07/09 09:46:20 Job submitted from host: <144.92.180.29:9618?addrs=144.92.180.29-9618+[2607-f388-101c-1000--369]-9618&noUDP&sock=61097_09e4_3>
...
001 (5361958.000.000) 07/09 09:46:41 Job executing on host: <128.104.227.90:9618?addrs=128.104.227.90-9618+[2607-f388-101c-1000--629]-9618&noUDP&sock=4105_445c_3>
...
006 (5361958.000.000) 07/09 09:46:50 Image size of job updated: 313704
	202  -  MemoryUsage of job (MB)
	206080  -  ResidentSetSize of job (KB)
...
005 (5361958.000.000) 07/09 09:47:28 Job terminated.
	(1) Normal termination (return value 0)
		Usr 0 00:00:23, Sys 0 00:00:02  -  Run Remote Usage
		Usr 0 00:00:00, Sys 0 00:00:00  -  Run Local Usage
		Usr 0 00:00:23, Sys 0 00:00:02  -  Total Remote Usage
		Usr 0 00:00:00, Sys 0 00:00:00  -  Total Local Usage
	56510  -  Run Bytes Sent By Job
	8650382  -  Run Bytes Received By Job
	56510  -  Total Bytes Sent By Job
	8650382  -  Total Bytes Received By Job
	Partitionable Resources :    Usage  Request Allocated 
	   Cpus                 :     0.50        1         1 
	   Disk (KB)            :  8565     2048000  18986916 
	   Memory (MB)          :   202        1992      2048 
...
