000 (5361991.000.000) 07/09 09:46:34 Job submitted from host: <144.92.180.29:9618?addrs=144.92.180.29-9618+[2607-f388-101c-1000--369]-9618&noUDP&sock=61097_09e4_3>
...
001 (5361991.000.000) 07/09 09:46:56 Job executing on host: <128.104.227.50:9618?addrs=128.104.227.50-9618+[2607-f388-101c-1000--629]-9618&noUDP&sock=3439_7249_3>
...
006 (5361991.000.000) 07/09 09:47:04 Image size of job updated: 305776
	194  -  MemoryUsage of job (MB)
	197780  -  ResidentSetSize of job (KB)
...
005 (5361991.000.000) 07/09 09:48:46 Job terminated.
	(1) Normal termination (return value 0)
		Usr 0 00:01:08, Sys 0 00:00:02  -  Run Remote Usage
		Usr 0 00:00:00, Sys 0 00:00:00  -  Run Local Usage
		Usr 0 00:01:08, Sys 0 00:00:02  -  Total Remote Usage
		Usr 0 00:00:00, Sys 0 00:00:00  -  Total Local Usage
	64520  -  Run Bytes Sent By Job
	8650397  -  Run Bytes Received By Job
	64520  -  Total Bytes Sent By Job
	8650397  -  Total Bytes Received By Job
	Partitionable Resources :    Usage  Request Allocated 
	   Cpus                 :     0.68        1         1 
	   Disk (KB)            :  8571     2048000  18983509 
	   Memory (MB)          :   194        1992      2048 
...
