000 (5361992.000.000) 07/09 09:46:36 Job submitted from host: <144.92.180.29:9618?addrs=144.92.180.29-9618+[2607-f388-101c-1000--369]-9618&noUDP&sock=61097_09e4_3>
...
001 (5361992.000.000) 07/09 09:46:58 Job executing on host: <128.104.227.132:9618?addrs=128.104.227.132-9618+[2607-f388-101c-1000--79]-9618&noUDP&sock=3318_7353_3>
...
006 (5361992.000.000) 07/09 09:46:59 Image size of job updated: 52
	1  -  MemoryUsage of job (MB)
	4  -  ResidentSetSize of job (KB)
...
004 (5361992.000.000) 07/09 09:46:59 Job was evicted.
	(0) Job terminated and was requeued
		Usr 0 00:00:00, Sys 0 00:00:00  -  Run Remote Usage
		Usr 0 00:00:00, Sys 0 00:00:00  -  Run Local Usage
	104  -  Run Bytes Sent By Job
	7828828  -  Run Bytes Received By Job
	(1) Normal termination (return value 126)
	The job attribute OnExitRemove expression '(ExitBySignal == false && (ExitCode == 0 || ExitCode == 42 || NumJobStarts > 3))' evaluated to FALSE
...
001 (5361992.000.000) 07/09 09:47:08 Job executing on host: <128.104.227.12:9618?addrs=128.104.227.12-9618+[2607-f388-101c-1000--629]-9618&noUDP&sock=3397_a34f_3>
...
006 (5361992.000.000) 07/09 09:47:17 Image size of job updated: 307232
	196  -  MemoryUsage of job (MB)
	200040  -  ResidentSetSize of job (KB)
...
005 (5361992.000.000) 07/09 09:47:18 Job terminated.
	(1) Normal termination (return value 0)
		Usr 0 00:00:04, Sys 0 00:00:01  -  Run Remote Usage
		Usr 0 00:00:00, Sys 0 00:00:00  -  Run Local Usage
		Usr 0 00:00:04, Sys 0 00:00:01  -  Total Remote Usage
		Usr 0 00:00:00, Sys 0 00:00:00  -  Total Local Usage
	62545  -  Run Bytes Sent By Job
	8650364  -  Run Bytes Received By Job
	62649  -  Total Bytes Sent By Job
	16479192  -  Total Bytes Received By Job
	Partitionable Resources :    Usage  Request Allocated 
	   Cpus                 :     0.06        1         1 
	   Disk (KB)            :  8570     2048000  18996713 
	   Memory (MB)          :   196        1992      2048 
...
