000 (5361954.000.000) 07/09 09:46:18 Job submitted from host: <144.92.180.29:9618?addrs=144.92.180.29-9618+[2607-f388-101c-1000--369]-9618&noUDP&sock=61097_09e4_3>
...
001 (5361954.000.000) 07/09 09:46:37 Job executing on host: <128.104.227.18:9618?addrs=128.104.227.18-9618+[2607-f388-101c-1000--629]-9618&noUDP&sock=3382_5963_3>
...
006 (5361954.000.000) 07/09 09:46:46 Image size of job updated: 309476
	199  -  MemoryUsage of job (MB)
	203488  -  ResidentSetSize of job (KB)
...
005 (5361954.000.000) 07/09 09:50:26 Job terminated.
	(1) Normal termination (return value 0)
		Usr 0 00:01:28, Sys 0 00:00:05  -  Run Remote Usage
		Usr 0 00:00:00, Sys 0 00:00:00  -  Run Local Usage
		Usr 0 00:01:28, Sys 0 00:00:05  -  Total Remote Usage
		Usr 0 00:00:00, Sys 0 00:00:00  -  Total Local Usage
	65001  -  Run Bytes Sent By Job
	8650430  -  Run Bytes Received By Job
	65001  -  Total Bytes Sent By Job
	8650430  -  Total Bytes Received By Job
	Partitionable Resources :    Usage  Request Allocated 
	   Cpus                 :     0.15        1         1 
	   Disk (KB)            :  8573     2048000  18999133 
	   Memory (MB)          :   199        1992      2048 
...
