000 (5361927.000.000) 07/09 09:46:09 Job submitted from host: <144.92.180.29:9618?addrs=144.92.180.29-9618+[2607-f388-101c-1000--369]-9618&noUDP&sock=61097_09e4_3>
...
001 (5361927.000.000) 07/09 09:46:35 Job executing on host: <144.92.181.165:9618?addrs=144.92.181.165-9618+[2607-f388-101c-1000--629]-9618&noUDP&sock=3184_89a2_3>
...
006 (5361927.000.000) 07/09 09:46:44 Image size of job updated: 305460
	195  -  MemoryUsage of job (MB)
	199160  -  ResidentSetSize of job (KB)
...
005 (5361927.000.000) 07/09 09:48:26 Job terminated.
	(1) Normal termination (return value 0)
		Usr 0 00:00:58, Sys 0 00:00:02  -  Run Remote Usage
		Usr 0 00:00:00, Sys 0 00:00:00  -  Run Local Usage
		Usr 0 00:00:58, Sys 0 00:00:02  -  Total Remote Usage
		Usr 0 00:00:00, Sys 0 00:00:00  -  Total Local Usage
	121656  -  Run Bytes Sent By Job
	8650394  -  Run Bytes Received By Job
	121656  -  Total Bytes Sent By Job
	8650394  -  Total Bytes Received By Job
	Partitionable Resources :    Usage  Request Allocated 
	   Cpus                 :     0.71        1         1 
	   Disk (KB)            :  8629     2048000  18990332 
	   Memory (MB)          :   195        1992      2048 
...
