000 (5361985.000.000) 07/09 09:46:30 Job submitted from host: <144.92.180.29:9618?addrs=144.92.180.29-9618+[2607-f388-101c-1000--369]-9618&noUDP&sock=61097_09e4_3>
...
001 (5361985.000.000) 07/09 09:46:50 Job executing on host: <144.92.180.142:9618?addrs=144.92.180.142-9618+[2607-f388-101c-1000--629]-9618&noUDP&sock=3208_ffe8_3>
...
006 (5361985.000.000) 07/09 09:46:58 Image size of job updated: 307144
	193  -  MemoryUsage of job (MB)
	197000  -  ResidentSetSize of job (KB)
...
005 (5361985.000.000) 07/09 09:47:12 Job terminated.
	(1) Normal termination (return value 0)
		Usr 0 00:00:12, Sys 0 00:00:01  -  Run Remote Usage
		Usr 0 00:00:00, Sys 0 00:00:00  -  Run Local Usage
		Usr 0 00:00:12, Sys 0 00:00:01  -  Total Remote Usage
		Usr 0 00:00:00, Sys 0 00:00:00  -  Total Local Usage
	62289  -  Run Bytes Sent By Job
	8650376  -  Run Bytes Received By Job
	62289  -  Total Bytes Sent By Job
	8650376  -  Total Bytes Received By Job
	Partitionable Resources :    Usage  Request Allocated 
	   Cpus                 :     0.66        1         1 
	   Disk (KB)            :  8571     2048000  18986753 
	   Memory (MB)          :   193        1992      2048 
...
