000 (5362005.000.000) 07/09 09:46:44 Job submitted from host: <144.92.180.29:9618?addrs=144.92.180.29-9618+[2607-f388-101c-1000--369]-9618&noUDP&sock=61097_09e4_3>
...
001 (5362005.000.000) 07/09 09:47:14 Job executing on host: <144.92.180.143:9618?addrs=144.92.180.143-9618+[2607-f388-101c-1000--629]-9618&noUDP&sock=2843_a3d7_3>
...
006 (5362005.000.000) 07/09 09:47:22 Image size of job updated: 143884
	57  -  MemoryUsage of job (MB)
	57620  -  ResidentSetSize of job (KB)
...
005 (5362005.000.000) 07/09 09:47:31 Job terminated.
	(1) Normal termination (return value 0)
		Usr 0 00:00:01, Sys 0 00:00:00  -  Run Remote Usage
		Usr 0 00:00:00, Sys 0 00:00:00  -  Run Local Usage
		Usr 0 00:00:01, Sys 0 00:00:00  -  Total Remote Usage
		Usr 0 00:00:00, Sys 0 00:00:00  -  Total Local Usage
	6812  -  Run Bytes Sent By Job
	8650397  -  Run Bytes Received By Job
	6812  -  Total Bytes Sent By Job
	8650397  -  Total Bytes Received By Job
	Partitionable Resources :    Usage  Request Allocated 
	   Cpus                 :        0        1         1 
	   Disk (KB)            :     8514  2048000  18997160 
	   Memory (MB)          :       57     1992      2048 
...
