000 (5362040.000.000) 07/09 09:47:05 Job submitted from host: <144.92.180.29:9618?addrs=144.92.180.29-9618+[2607-f388-101c-1000--369]-9618&noUDP&sock=61097_09e4_3>
...
001 (5362040.000.000) 07/09 09:47:19 Job executing on host: <144.92.181.215:9618?addrs=144.92.181.215-9618+[2607-f388-101c-1000--629]-9618&noUDP&sock=6364_c0cd_3>
...
006 (5362040.000.000) 07/09 09:47:27 Image size of job updated: 330276
	218  -  MemoryUsage of job (MB)
	222636  -  ResidentSetSize of job (KB)
...
005 (5362040.000.000) 07/09 09:51:17 Job terminated.
	(1) Normal termination (return value 0)
		Usr 0 00:02:56, Sys 0 00:00:07  -  Run Remote Usage
		Usr 0 00:00:00, Sys 0 00:00:00  -  Run Local Usage
		Usr 0 00:02:56, Sys 0 00:00:07  -  Total Remote Usage
		Usr 0 00:00:00, Sys 0 00:00:00  -  Total Local Usage
	60996  -  Run Bytes Sent By Job
	8650369  -  Run Bytes Received By Job
	60996  -  Total Bytes Sent By Job
	8650369  -  Total Bytes Received By Job
	Partitionable Resources :    Usage  Request Allocated 
	   Cpus                 :        0        1         1 
	   Disk (KB)            :     8567  2048000  18373883 
	   Memory (MB)          :      218     1992      2048 
...
