000 (5362044.000.000) 07/09 09:47:06 Job submitted from host: <144.92.180.29:9618?addrs=144.92.180.29-9618+[2607-f388-101c-1000--369]-9618&noUDP&sock=61097_09e4_3>
...
001 (5362044.000.000) 07/09 09:47:19 Job executing on host: <144.92.180.82:9618?addrs=144.92.180.82-9618+[2607-f388-101c-1000--629]-9618&noUDP&sock=3095_7db5_3>
...
006 (5362044.000.000) 07/09 09:47:27 Image size of job updated: 209464
	101  -  MemoryUsage of job (MB)
	103148  -  ResidentSetSize of job (KB)
...
006 (5362044.000.000) 07/09 09:51:52 Image size of job updated: 209464
	102  -  MemoryUsage of job (MB)
	103576  -  ResidentSetSize of job (KB)
...
005 (5362044.000.000) 07/09 09:51:52 Job terminated.
	(1) Normal termination (return value 0)
		Usr 0 00:03:35, Sys 0 00:00:08  -  Run Remote Usage
		Usr 0 00:00:00, Sys 0 00:00:00  -  Run Local Usage
		Usr 0 00:03:35, Sys 0 00:00:08  -  Total Remote Usage
		Usr 0 00:00:00, Sys 0 00:00:00  -  Total Local Usage
	59714  -  Run Bytes Sent By Job
	8650369  -  Run Bytes Received By Job
	59714  -  Total Bytes Sent By Job
	8650369  -  Total Bytes Received By Job
	Partitionable Resources :    Usage  Request Allocated 
	   Cpus                 :     0.86        1         1 
	   Disk (KB)            :  8568     2048000  18517639 
	   Memory (MB)          :   102        1992      2048 
...
