000 (5362020.000.000) 07/09 09:46:50 Job submitted from host: <144.92.180.29:9618?addrs=144.92.180.29-9618+[2607-f388-101c-1000--369]-9618&noUDP&sock=61097_09e4_3>
...
001 (5362020.000.000) 07/09 09:47:12 Job executing on host: <144.92.180.39:9618?addrs=144.92.180.39-9618+[2607-f388-101c-1000--629]-9618&noUDP&sock=2460_ef11_3>
...
006 (5362020.000.000) 07/09 09:47:21 Image size of job updated: 345000
	234  -  MemoryUsage of job (MB)
	239132  -  ResidentSetSize of job (KB)
...
005 (5362020.000.000) 07/09 09:47:24 Job terminated.
	(1) Normal termination (return value 0)
		Usr 0 00:00:07, Sys 0 00:00:00  -  Run Remote Usage
		Usr 0 00:00:00, Sys 0 00:00:00  -  Run Local Usage
		Usr 0 00:00:07, Sys 0 00:00:00  -  Total Remote Usage
		Usr 0 00:00:00, Sys 0 00:00:00  -  Total Local Usage
	63125  -  Run Bytes Sent By Job
	8650352  -  Run Bytes Received By Job
	63125  -  Total Bytes Sent By Job
	8650352  -  Total Bytes Received By Job
	Partitionable Resources :    Usage  Request Allocated 
	   Cpus                 :        0        1         1 
	   Disk (KB)            :     8569  2048000  18345259 
	   Memory (MB)          :      234     1992      2048 
...
