000 (5362006.000.000) 07/09 09:46:45 Job submitted from host: <144.92.180.29:9618?addrs=144.92.180.29-9618+[2607-f388-101c-1000--369]-9618&noUDP&sock=61097_09e4_3>
...
001 (5362006.000.000) 07/09 09:47:14 Job executing on host: <128.104.227.66:9618?addrs=128.104.227.66-9618+[2607-f388-101c-1000--629]-9618&noUDP&sock=3260_aad5_3>
...
006 (5362006.000.000) 07/09 09:47:20 Image size of job updated: 1612
	1  -  MemoryUsage of job (MB)
	48  -  ResidentSetSize of job (KB)
...
005 (5362006.000.000) 07/09 09:47:20 Job terminated.
	(1) Normal termination (return value 0)
		Usr 0 00:00:02, Sys 0 00:00:00  -  Run Remote Usage
		Usr 0 00:00:00, Sys 0 00:00:00  -  Run Local Usage
		Usr 0 00:00:02, Sys 0 00:00:00  -  Total Remote Usage
		Usr 0 00:00:00, Sys 0 00:00:00  -  Total Local Usage
	36190  -  Run Bytes Sent By Job
	8650391  -  Run Bytes Received By Job
	36190  -  Total Bytes Sent By Job
	8650391  -  Total Bytes Received By Job
	Partitionable Resources :    Usage  Request Allocated 
	   Cpus                 :        0        1         1 
	   Disk (KB)            :     8543  2048000  18992536 
	   Memory (MB)          :        1     1992      2048 
...
