000 (5362030.000.000) 07/09 09:47:01 Job submitted from host: <144.92.180.29:9618?addrs=144.92.180.29-9618+[2607-f388-101c-1000--369]-9618&noUDP&sock=61097_09e4_3>
...
001 (5362030.000.000) 07/09 09:47:17 Job executing on host: <144.92.180.110:9618?addrs=144.92.180.110-9618+[2607-f388-101c-1000--629]-9618&noUDP&sock=3434_0450_3>
...
006 (5362030.000.000) 07/09 09:47:25 Image size of job updated: 372884
	260  -  MemoryUsage of job (MB)
	265344  -  ResidentSetSize of job (KB)
...
006 (5362030.000.000) 07/09 09:49:03 Image size of job updated: 372884
	260  -  MemoryUsage of job (MB)
	265348  -  ResidentSetSize of job (KB)
...
005 (5362030.000.000) 07/09 09:49:03 Job terminated.
	(1) Normal termination (return value 0)
		Usr 0 00:01:14, Sys 0 00:00:04  -  Run Remote Usage
		Usr 0 00:00:00, Sys 0 00:00:00  -  Run Local Usage
		Usr 0 00:01:14, Sys 0 00:00:04  -  Total Remote Usage
		Usr 0 00:00:00, Sys 0 00:00:00  -  Total Local Usage
	55209  -  Run Bytes Sent By Job
	8650369  -  Run Bytes Received By Job
	55209  -  Total Bytes Sent By Job
	8650369  -  Total Bytes Received By Job
	Partitionable Resources :    Usage  Request Allocated 
	   Cpus                 :        0        1         1 
	   Disk (KB)            :     8561  2048000  18354912 
	   Memory (MB)          :      260     1992      2048 
...
