000 (5362041.000.000) 07/09 09:47:05 Job submitted from host: <144.92.180.29:9618?addrs=144.92.180.29-9618+[2607-f388-101c-1000--369]-9618&noUDP&sock=61097_09e4_3>
...
001 (5362041.000.000) 07/09 09:47:19 Job executing on host: <144.92.181.214:9618?addrs=144.92.181.214-9618+[2607-f388-101c-1000--169]-9618&noUDP&sock=1882_7954_3>
...
006 (5362041.000.000) 07/09 09:47:27 Image size of job updated: 148424
	39  -  MemoryUsage of job (MB)
	39200  -  ResidentSetSize of job (KB)
...
006 (5362041.000.000) 07/09 09:52:54 Image size of job updated: 148424
	40  -  MemoryUsage of job (MB)
	40036  -  ResidentSetSize of job (KB)
...
005 (5362041.000.000) 07/09 09:52:54 Job terminated.
	(1) Normal termination (return value 0)
		Usr 0 00:04:19, Sys 0 00:00:11  -  Run Remote Usage
		Usr 0 00:00:00, Sys 0 00:00:00  -  Run Local Usage
		Usr 0 00:04:19, Sys 0 00:00:11  -  Total Remote Usage
		Usr 0 00:00:00, Sys 0 00:00:00  -  Total Local Usage
	58296  -  Run Bytes Sent By Job
	8650369  -  Run Bytes Received By Job
	58296  -  Total Bytes Sent By Job
	8650369  -  Total Bytes Received By Job
	Partitionable Resources :    Usage  Request Allocated 
	   Cpus                 :     0.86        1         1 
	   Disk (KB)            :  8564     2048000  18361972 
	   Memory (MB)          :    40        1992      2048 
...
