000 (5362032.000.000) 07/09 09:47:02 Job submitted from host: <144.92.180.29:9618?addrs=144.92.180.29-9618+[2607-f388-101c-1000--369]-9618&noUDP&sock=61097_09e4_3>
...
001 (5362032.000.000) 07/09 09:47:17 Job executing on host: <128.104.227.15:9618?addrs=128.104.227.15-9618+[2607-f388-101c-1000--629]-9618&noUDP&sock=3378_9b02_3>
...
006 (5362032.000.000) 07/09 09:47:26 Image size of job updated: 357028
	245  -  MemoryUsage of job (MB)
	250544  -  ResidentSetSize of job (KB)
...
005 (5362032.000.000) 07/09 09:51:18 Job terminated.
	(1) Normal termination (return value 0)
		Usr 0 00:02:41, Sys 0 00:00:06  -  Run Remote Usage
		Usr 0 00:00:00, Sys 0 00:00:00  -  Run Local Usage
		Usr 0 00:02:41, Sys 0 00:00:06  -  Total Remote Usage
		Usr 0 00:00:00, Sys 0 00:00:00  -  Total Local Usage
	55296  -  Run Bytes Sent By Job
	8650369  -  Run Bytes Received By Job
	55296  -  Total Bytes Sent By Job
	8650369  -  Total Bytes Received By Job
	Partitionable Resources :    Usage  Request Allocated 
	   Cpus                 :     0.64        1         1 
	   Disk (KB)            :  8564     2048000  18988349 
	   Memory (MB)          :   245        1992      2048 
...
