000 (5362034.000.000) 07/09 09:47:03 Job submitted from host: <144.92.180.29:9618?addrs=144.92.180.29-9618+[2607-f388-101c-1000--369]-9618&noUDP&sock=61097_09e4_3>
...
001 (5362034.000.000) 07/09 09:47:17 Job executing on host: <144.92.180.115:9618?addrs=144.92.180.115-9618+[2607-f388-101c-1000--629]-9618&noUDP&sock=3372_7d70_3>
...
006 (5362034.000.000) 07/09 09:47:26 Image size of job updated: 359024
	247  -  MemoryUsage of job (MB)
	252396  -  ResidentSetSize of job (KB)
...
005 (5362034.000.000) 07/09 09:53:04 Job terminated.
	(1) Normal termination (return value 0)
		Usr 0 00:03:31, Sys 0 00:00:09  -  Run Remote Usage
		Usr 0 00:00:00, Sys 0 00:00:00  -  Run Local Usage
		Usr 0 00:03:31, Sys 0 00:00:09  -  Total Remote Usage
		Usr 0 00:00:00, Sys 0 00:00:00  -  Total Local Usage
	55316  -  Run Bytes Sent By Job
	8650369  -  Run Bytes Received By Job
	55316  -  Total Bytes Sent By Job
	8650369  -  Total Bytes Received By Job
	Partitionable Resources :    Usage  Request Allocated 
	   Cpus                 :     0.64        1         1 
	   Disk (KB)            :  8561     2048000  18352029 
	   Memory (MB)          :   247        1992      2048 
...
