000 (5362029.000.000) 07/09 09:47:01 Job submitted from host: <144.92.180.29:9618?addrs=144.92.180.29-9618+[2607-f388-101c-1000--369]-9618&noUDP&sock=61097_09e4_3>
...
001 (5362029.000.000) 07/09 09:47:12 Job executing on host: <128.104.227.21:9618?addrs=128.104.227.21-9618+[2607-f388-101c-1000--629]-9618&noUDP&sock=3332_0da7_3>
...
006 (5362029.000.000) 07/09 09:47:21 Image size of job updated: 352460
	241  -  MemoryUsage of job (MB)
	246204  -  ResidentSetSize of job (KB)
...
005 (5362029.000.000) 07/09 09:48:23 Job terminated.
	(1) Normal termination (return value 0)
		Usr 0 00:00:49, Sys 0 00:00:02  -  Run Remote Usage
		Usr 0 00:00:00, Sys 0 00:00:00  -  Run Local Usage
		Usr 0 00:00:49, Sys 0 00:00:02  -  Total Remote Usage
		Usr 0 00:00:00, Sys 0 00:00:00  -  Total Local Usage
	55376  -  Run Bytes Sent By Job
	8650369  -  Run Bytes Received By Job
	55376  -  Total Bytes Sent By Job
	8650369  -  Total Bytes Received By Job
	Partitionable Resources :    Usage  Request Allocated 
	   Cpus                 :     0.78        1         1 
	   Disk (KB)            :  8564     2048000  18996434 
	   Memory (MB)          :   241        1992      2048 
...
