000 (5362008.000.000) 07/09 09:46:45 Job submitted from host: <144.92.180.29:9618?addrs=144.92.180.29-9618+[2607-f388-101c-1000--369]-9618&noUDP&sock=61097_09e4_3>
...
001 (5362008.000.000) 07/09 09:47:14 Job executing on host: <144.92.180.245:9618?addrs=144.92.180.245-9618+[2607-f388-101c-1000--629]-9618&noUDP&sock=3005_c22f_3>
...
006 (5362008.000.000) 07/09 09:47:19 Image size of job updated: 2040
	0  -  MemoryUsage of job (MB)
	0  -  ResidentSetSize of job (KB)
...
005 (5362008.000.000) 07/09 09:47:19 Job terminated.
	(1) Normal termination (return value 0)
		Usr 0 00:00:01, Sys 0 00:00:00  -  Run Remote Usage
		Usr 0 00:00:00, Sys 0 00:00:00  -  Run Local Usage
		Usr 0 00:00:01, Sys 0 00:00:00  -  Total Remote Usage
		Usr 0 00:00:00, Sys 0 00:00:00  -  Total Local Usage
	6883  -  Run Bytes Sent By Job
	8650391  -  Run Bytes Received By Job
	6883  -  Total Bytes Sent By Job
	8650391  -  Total Bytes Received By Job
	Partitionable Resources :    Usage  Request Allocated 
	   Cpus                 :                 1         1 
	   Disk (KB)            :     8506  2048000  18997690 
	   Memory (MB)          :        0     1992      2048 
...
