000 (5362018.000.000) 07/09 09:46:49 Job submitted from host: <144.92.180.29:9618?addrs=144.92.180.29-9618+[2607-f388-101c-1000--369]-9618&noUDP&sock=61097_09e4_3>
...
001 (5362018.000.000) 07/09 09:47:16 Job executing on host: <128.104.227.63:9618?addrs=128.104.227.63-9618+[2607-f388-101c-1000--629]-9618&noUDP&sock=3234_d55f_3>
...
006 (5362018.000.000) 07/09 09:47:25 Image size of job updated: 314040
	203  -  MemoryUsage of job (MB)
	207860  -  ResidentSetSize of job (KB)
...
005 (5362018.000.000) 07/09 09:49:05 Job terminated.
	(1) Normal termination (return value 0)
		Usr 0 00:01:00, Sys 0 00:00:02  -  Run Remote Usage
		Usr 0 00:00:00, Sys 0 00:00:00  -  Run Local Usage
		Usr 0 00:01:00, Sys 0 00:00:02  -  Total Remote Usage
		Usr 0 00:00:00, Sys 0 00:00:00  -  Total Local Usage
	64922  -  Run Bytes Sent By Job
	8650364  -  Run Bytes Received By Job
	64922  -  Total Bytes Sent By Job
	8650364  -  Total Bytes Received By Job
	Partitionable Resources :    Usage  Request Allocated 
	   Cpus                 :     0.63        1         1 
	   Disk (KB)            :  8573     2048000  18992574 
	   Memory (MB)          :   203        1992      2048 
...
