000 (5362026.000.000) 07/09 09:47:00 Job submitted from host: <144.92.180.29:9618?addrs=144.92.180.29-9618+[2607-f388-101c-1000--369]-9618&noUDP&sock=61097_09e4_3>
...
001 (5362026.000.000) 07/09 09:47:12 Job executing on host: <144.92.180.34:9618?addrs=144.92.180.34-9618+[2607-f388-101c-1000--629]-9618&noUDP&sock=2306_4d7b_3>
...
006 (5362026.000.000) 07/09 09:47:21 Image size of job updated: 368868
	256  -  MemoryUsage of job (MB)
	261976  -  ResidentSetSize of job (KB)
...
005 (5362026.000.000) 07/09 09:51:29 Job terminated.
	(1) Normal termination (return value 0)
		Usr 0 00:03:03, Sys 0 00:00:10  -  Run Remote Usage
		Usr 0 00:00:00, Sys 0 00:00:00  -  Run Local Usage
		Usr 0 00:03:03, Sys 0 00:00:10  -  Total Remote Usage
		Usr 0 00:00:00, Sys 0 00:00:00  -  Total Local Usage
	55248  -  Run Bytes Sent By Job
	8650369  -  Run Bytes Received By Job
	55248  -  Total Bytes Sent By Job
	8650369  -  Total Bytes Received By Job
	Partitionable Resources :    Usage  Request Allocated 
	   Cpus                 :     0.74        1         1 
	   Disk (KB)            :  8563     2048000  18354075 
	   Memory (MB)          :   256        1992      2048 
...
