000 (5362001.000.000) 07/09 09:46:43 Job submitted from host: <144.92.180.29:9618?addrs=144.92.180.29-9618+[2607-f388-101c-1000--369]-9618&noUDP&sock=61097_09e4_3>
...
001 (5362001.000.000) 07/09 09:47:14 Job executing on host: <144.92.180.142:9618?addrs=144.92.180.142-9618+[2607-f388-101c-1000--629]-9618&noUDP&sock=3208_ffe8_3>
...
006 (5362001.000.000) 07/09 09:47:23 Image size of job updated: 225376
	196  -  MemoryUsage of job (MB)
	199972  -  ResidentSetSize of job (KB)
...
005 (5362001.000.000) 07/09 09:50:31 Job terminated.
	(1) Normal termination (return value 0)
		Usr 0 00:01:47, Sys 0 00:00:04  -  Run Remote Usage
		Usr 0 00:00:00, Sys 0 00:00:00  -  Run Local Usage
		Usr 0 00:01:47, Sys 0 00:00:04  -  Total Remote Usage
		Usr 0 00:00:00, Sys 0 00:00:00  -  Total Local Usage
	65473  -  Run Bytes Sent By Job
	8650367  -  Run Bytes Received By Job
	65473  -  Total Bytes Sent By Job
	8650367  -  Total Bytes Received By Job
	Partitionable Resources :    Usage  Request Allocated 
	   Cpus                 :     0.59        1         1 
	   Disk (KB)            :  8574     2048000  18986753 
	   Memory (MB)          :   196        1992      2048 
...
