000 (5362039.000.000) 07/09 09:47:05 Job submitted from host: <144.92.180.29:9618?addrs=144.92.180.29-9618+[2607-f388-101c-1000--369]-9618&noUDP&sock=61097_09e4_3>
...
001 (5362039.000.000) 07/09 09:47:15 Job executing on host: <144.92.181.204:9618?addrs=144.92.181.204-9618+[2607-f388-101c-1000--629]-9618&noUDP&sock=2256_01bf_3>
...
006 (5362039.000.000) 07/09 09:47:23 Image size of job updated: 106108
	28  -  MemoryUsage of job (MB)
	28132  -  ResidentSetSize of job (KB)
...
006 (5362039.000.000) 07/09 09:53:25 Image size of job updated: 106108
	28  -  MemoryUsage of job (MB)
	28136  -  ResidentSetSize of job (KB)
...
005 (5362039.000.000) 07/09 09:53:25 Job terminated.
	(1) Normal termination (return value 0)
		Usr 0 00:02:56, Sys 0 00:00:10  -  Run Remote Usage
		Usr 0 00:00:00, Sys 0 00:00:00  -  Run Local Usage
		Usr 0 00:02:56, Sys 0 00:00:10  -  Total Remote Usage
		Usr 0 00:00:00, Sys 0 00:00:00  -  Total Local Usage
	57462  -  Run Bytes Sent By Job
	8650369  -  Run Bytes Received By Job
	57462  -  Total Bytes Sent By Job
	8650369  -  Total Bytes Received By Job
	Partitionable Resources :    Usage  Request Allocated 
	   Cpus                 :     0.34        1         1 
	   Disk (KB)            :  8564     2048000  18353811 
	   Memory (MB)          :    28        1992      2048 
...
