000 (5362046.000.000) 07/09 09:47:07 Job submitted from host: <144.92.180.29:9618?addrs=144.92.180.29-9618+[2607-f388-101c-1000--369]-9618&noUDP&sock=61097_09e4_3>
...
001 (5362046.000.000) 07/09 09:47:17 Job executing on host: <144.92.180.117:9618?addrs=144.92.180.117-9618+[2607-f388-101c-1000--629]-9618&noUDP&sock=3457_cafd_3>
...
006 (5362046.000.000) 07/09 09:47:26 Image size of job updated: 332628
	220  -  MemoryUsage of job (MB)
	225048  -  ResidentSetSize of job (KB)
...
005 (5362046.000.000) 07/09 09:51:01 Job terminated.
	(1) Normal termination (return value 0)
		Usr 0 00:02:41, Sys 0 00:00:06  -  Run Remote Usage
		Usr 0 00:00:00, Sys 0 00:00:00  -  Run Local Usage
		Usr 0 00:02:41, Sys 0 00:00:06  -  Total Remote Usage
		Usr 0 00:00:00, Sys 0 00:00:00  -  Total Local Usage
	55191  -  Run Bytes Sent By Job
	8650369  -  Run Bytes Received By Job
	55191  -  Total Bytes Sent By Job
	8650369  -  Total Bytes Received By Job
	Partitionable Resources :    Usage  Request Allocated 
	   Cpus                 :     0.75        1         1 
	   Disk (KB)            :  8561     2048000  18354223 
	   Memory (MB)          :   220        1992      2048 
...
