000 (5362022.000.000) 07/09 09:46:58 Job submitted from host: <144.92.180.29:9618?addrs=144.92.180.29-9618+[2607-f388-101c-1000--369]-9618&noUDP&sock=61097_09e4_3>
...
001 (5362022.000.000) 07/09 09:47:19 Job executing on host: <144.92.181.151:9618?addrs=144.92.181.151-9618+[2607-f388-101c-1000--629]-9618&noUDP&sock=2876_4677_3>
...
006 (5362022.000.000) 07/09 09:47:27 Image size of job updated: 349824
	237  -  MemoryUsage of job (MB)
	242224  -  ResidentSetSize of job (KB)
...
005 (5362022.000.000) 07/09 09:51:01 Job terminated.
	(1) Normal termination (return value 0)
		Usr 0 00:02:34, Sys 0 00:00:06  -  Run Remote Usage
		Usr 0 00:00:00, Sys 0 00:00:00  -  Run Local Usage
		Usr 0 00:02:34, Sys 0 00:00:06  -  Total Remote Usage
		Usr 0 00:00:00, Sys 0 00:00:00  -  Total Local Usage
	55199  -  Run Bytes Sent By Job
	8650369  -  Run Bytes Received By Job
	55199  -  Total Bytes Sent By Job
	8650369  -  Total Bytes Received By Job
	Partitionable Resources :    Usage  Request Allocated 
	   Cpus                 :     0.68        1         1 
	   Disk (KB)            :  8562     2048000  18976265 
	   Memory (MB)          :   237        1992      2048 
...
