000 (5362048.000.000) 07/09 09:47:08 Job submitted from host: <144.92.180.29:9618?addrs=144.92.180.29-9618+[2607-f388-101c-1000--369]-9618&noUDP&sock=61097_09e4_3>
...
001 (5362048.000.000) 07/09 09:47:14 Job executing on host: <144.92.180.142:9618?addrs=144.92.180.142-9618+[2607-f388-101c-1000--629]-9618&noUDP&sock=3208_ffe8_3>
...
006 (5362048.000.000) 07/09 09:47:23 Image size of job updated: 334320
	260  -  MemoryUsage of job (MB)
	265584  -  ResidentSetSize of job (KB)
...
005 (5362048.000.000) 07/09 09:51:54 Job terminated.
	(1) Normal termination (return value 0)
		Usr 0 00:02:56, Sys 0 00:00:06  -  Run Remote Usage
		Usr 0 00:00:00, Sys 0 00:00:00  -  Run Local Usage
		Usr 0 00:02:56, Sys 0 00:00:06  -  Total Remote Usage
		Usr 0 00:00:00, Sys 0 00:00:00  -  Total Local Usage
	55223  -  Run Bytes Sent By Job
	8650369  -  Run Bytes Received By Job
	55223  -  Total Bytes Sent By Job
	8650369  -  Total Bytes Received By Job
	Partitionable Resources :    Usage  Request Allocated 
	   Cpus                 :     0.76        1         1 
	   Disk (KB)            :  8562     2048000  18986753 
	   Memory (MB)          :   260        1992      2048 
...
