000 (5362038.000.000) 07/09 09:47:04 Job submitted from host: <144.92.180.29:9618?addrs=144.92.180.29-9618+[2607-f388-101c-1000--369]-9618&noUDP&sock=61097_09e4_3>
...
001 (5362038.000.000) 07/09 09:47:17 Job executing on host: <144.92.181.202:9618?addrs=144.92.181.202-9618+[2607-f388-101c-1000--629]-9618&noUDP&sock=2316_296e_3>
...
006 (5362038.000.000) 07/09 09:47:26 Image size of job updated: 220812
	112  -  MemoryUsage of job (MB)
	114360  -  ResidentSetSize of job (KB)
...
005 (5362038.000.000) 07/09 09:53:07 Job terminated.
	(1) Normal termination (return value 0)
		Usr 0 00:04:03, Sys 0 00:00:06  -  Run Remote Usage
		Usr 0 00:00:00, Sys 0 00:00:00  -  Run Local Usage
		Usr 0 00:04:03, Sys 0 00:00:06  -  Total Remote Usage
		Usr 0 00:00:00, Sys 0 00:00:00  -  Total Local Usage
	57792  -  Run Bytes Sent By Job
	8650369  -  Run Bytes Received By Job
	57792  -  Total Bytes Sent By Job
	8650369  -  Total Bytes Received By Job
	Partitionable Resources :    Usage  Request Allocated 
	   Cpus                 :     0.78        1         1 
	   Disk (KB)            :  8564     2048000  18330638 
	   Memory (MB)          :   112        1992      2048 
...
