000 (5362011.000.000) 07/09 09:46:47 Job submitted from host: <144.92.180.29:9618?addrs=144.92.180.29-9618+[2607-f388-101c-1000--369]-9618&noUDP&sock=61097_09e4_3>
...
001 (5362011.000.000) 07/09 09:47:15 Job executing on host: <144.92.180.104:9618?addrs=144.92.180.104-9618+[2607-f388-101c-1000--629]-9618&noUDP&sock=3342_e999_3>
...
006 (5362011.000.000) 07/09 09:47:22 Image size of job updated: 1936
	0  -  MemoryUsage of job (MB)
	0  -  ResidentSetSize of job (KB)
...
005 (5362011.000.000) 07/09 09:47:22 Job terminated.
	(1) Normal termination (return value 0)
		Usr 0 00:00:03, Sys 0 00:00:00  -  Run Remote Usage
		Usr 0 00:00:00, Sys 0 00:00:00  -  Run Local Usage
		Usr 0 00:00:03, Sys 0 00:00:00  -  Total Remote Usage
		Usr 0 00:00:00, Sys 0 00:00:00  -  Total Local Usage
	35802  -  Run Bytes Sent By Job
	8650391  -  Run Bytes Received By Job
	35802  -  Total Bytes Sent By Job
	8650391  -  Total Bytes Received By Job
	Partitionable Resources :    Usage  Request Allocated 
	   Cpus                 :                 1         1 
	   Disk (KB)            :     8534  2048000  18346906 
	   Memory (MB)          :        0     1992      2048 
...
