000 (5990688.000.000) 06/26 02:54:20 Job submitted from host: <144.92.181.245:9618?addrs=144.92.181.245-9618+[2607-f388-101c-1000--372]-9618&noUDP&sock=3375869_eb73_3>
...
001 (5990688.000.000) 06/26 02:55:52 Job executing on host: <144.92.181.71:9618?addrs=144.92.181.71-9618+[2607-f388-101c-1000--629]-9618&noUDP&sock=2519_6728_3>
...
006 (5990688.000.000) 06/26 02:56:01 Image size of job updated: 310680
	199  -  MemoryUsage of job (MB)
	203360  -  ResidentSetSize of job (KB)
...
005 (5990688.000.000) 06/26 02:56:29 Job terminated.
	(1) Normal termination (return value 0)
		Usr 0 00:00:25, Sys 0 00:00:02  -  Run Remote Usage
		Usr 0 00:00:00, Sys 0 00:00:00  -  Run Local Usage
		Usr 0 00:00:25, Sys 0 00:00:02  -  Total Remote Usage
		Usr 0 00:00:00, Sys 0 00:00:00  -  Total Local Usage
	56682  -  Run Bytes Sent By Job
	8650378  -  Run Bytes Received By Job
	56682  -  Total Bytes Sent By Job
	8650378  -  Total Bytes Received By Job
	Partitionable Resources :    Usage  Request Allocated 
	   Cpus                 :        0        1         1 
	   Disk (KB)            :     8563  2048000  18513208 
	   Memory (MB)          :      199     1992      2048 
...
