000 (5990695.000.000) 06/26 02:54:24 Job submitted from host: <144.92.181.245:9618?addrs=144.92.181.245-9618+[2607-f388-101c-1000--372]-9618&noUDP&sock=3375869_eb73_3>
...
001 (5990695.000.000) 06/26 02:56:25 Job executing on host: <144.92.180.13:9618?addrs=144.92.180.13-9618+[2607-f388-101c-1000--629]-9618&noUDP&sock=3046_e191_3>
...
006 (5990695.000.000) 06/26 02:56:34 Image size of job updated: 313984
	204  -  MemoryUsage of job (MB)
	208492  -  ResidentSetSize of job (KB)
...
006 (5990695.000.000) 06/26 03:02:25 Image size of job updated: 313984
	204  -  MemoryUsage of job (MB)
	208516  -  ResidentSetSize of job (KB)
...
005 (5990695.000.000) 06/26 03:02:26 Job terminated.
	(1) Normal termination (return value 0)
		Usr 0 00:03:47, Sys 0 00:00:12  -  Run Remote Usage
		Usr 0 00:00:00, Sys 0 00:00:00  -  Run Local Usage
		Usr 0 00:03:47, Sys 0 00:00:12  -  Total Remote Usage
		Usr 0 00:00:00, Sys 0 00:00:00  -  Total Local Usage
	64703  -  Run Bytes Sent By Job
	8650390  -  Run Bytes Received By Job
	64703  -  Total Bytes Sent By Job
	8650390  -  Total Bytes Received By Job
	Partitionable Resources :    Usage  Request Allocated 
	   Cpus                 :     0.74        1         1 
	   Disk (KB)            :  8573     2048000  18996673 
	   Memory (MB)          :   204        1992      2048 
...
