000 (5990762.000.000) 06/26 02:55:27 Job submitted from host: <144.92.181.245:9618?addrs=144.92.181.245-9618+[2607-f388-101c-1000--372]-9618&noUDP&sock=3375869_eb73_3>
...
001 (5990762.000.000) 06/26 02:59:04 Job executing on host: <144.92.181.74:9618?addrs=144.92.181.74-9618+[2607-f388-101c-1000--629]-9618&noUDP&sock=2458_8fe1_3>
...
006 (5990762.000.000) 06/26 02:59:13 Image size of job updated: 362184
	250  -  MemoryUsage of job (MB)
	255600  -  ResidentSetSize of job (KB)
...
005 (5990762.000.000) 06/26 03:05:16 Job terminated.
	(1) Normal termination (return value 0)
		Usr 0 00:04:45, Sys 0 00:00:09  -  Run Remote Usage
		Usr 0 00:00:00, Sys 0 00:00:00  -  Run Local Usage
		Usr 0 00:04:45, Sys 0 00:00:09  -  Total Remote Usage
		Usr 0 00:00:00, Sys 0 00:00:00  -  Total Local Usage
	57371  -  Run Bytes Sent By Job
	8650365  -  Run Bytes Received By Job
	57371  -  Total Bytes Sent By Job
	8650365  -  Total Bytes Received By Job
	Partitionable Resources :    Usage  Request Allocated 
	   Cpus                 :     0.91        1         1 
	   Disk (KB)            :  8564     2048000  18508396 
	   Memory (MB)          :   250        1992      2048 
...
