All files added.
Initializing chain.
****************** wjet sample found
.... MC file ..... 
Coming in: 
nentries:296536
Running over 296536 events.
Finished entry 0/296535
Finished entry 10000/296535
Finished entry 20000/296535
Finished entry 30000/296535
Finished entry 40000/296535
Finished entry 50000/296535
Finished entry 60000/296535
Finished entry 70000/296535
Finished entry 80000/296535
Finished entry 90000/296535
Finished entry 100000/296535
Finished entry 110000/296535
Finished entry 120000/296535
Finished entry 130000/296535
Finished entry 140000/296535
Finished entry 150000/296535
Finished entry 160000/296535
Finished entry 170000/296535
Finished entry 180000/296535
Finished entry 190000/296535
Finished entry 200000/296535
Finished entry 210000/296535
Finished entry 220000/296535
Finished entry 230000/296535
Finished entry 240000/296535
Finished entry 250000/296535
Finished entry 260000/296535
Finished entry 270000/296535
Finished entry 280000/296535
Finished entry 290000/296535
Finished entry 296535/296535
All events checked.
*******************************************
******************Jithin's original*************************
    Initial entries 296536.000000
   Passing smikking 0.000000
Inspected genWeightd 296368.000000   % change= 0.056654
   METFiltersPassed 295246.621555   % change= 0.378374
    SingleTrgPassed 226501.764176   % change= 23.283876
     GoodMuonPassed 191344.934152   % change= 15.521658
      GoodTauPassed 6756.505604   % change= 96.468939
         opp charge 5227.702644   % change= 22.627125
         after sf 1 0.000000   % change= 22.627125
         after sf 2 0.000000   % change= 22.627125
         after sf 3 0.000000   % change= 22.627125
         after sf 4 4337.985184   % change= 22.627125
 PassedThirdLepVeto 4329.774945   % change= 17.176335
     PassedBjetVeto 4250.375484   % change= 1.833801
       DeltaRPassed 4222.013234   % change= 0.667288
      Total change :98.576222
*******************************************
*******************************************
Number of events inspected: 296536
Number of events inspected (minus negative gen. weights): 296368.000000
 Outpt written to W4JetsToLNu_TuneCP5_00.root
Real time 0:01:57, CP time 78.350
