000 (5990711.000.000) 06/26 02:54:35 Job submitted from host: <144.92.181.245:9618?addrs=144.92.181.245-9618+[2607-f388-101c-1000--372]-9618&noUDP&sock=3375869_eb73_3>
...
001 (5990711.000.000) 06/26 02:56:43 Job executing on host: <144.92.181.196:9618?addrs=144.92.181.196-9618+[2607-f388-101c-1000--629]-9618&noUDP&sock=3109_1808_3>
...
006 (5990711.000.000) 06/26 02:56:52 Image size of job updated: 304140
	194  -  MemoryUsage of job (MB)
	198648  -  ResidentSetSize of job (KB)
...
005 (5990711.000.000) 06/26 02:58:42 Job terminated.
	(1) Normal termination (return value 0)
		Usr 0 00:01:15, Sys 0 00:00:03  -  Run Remote Usage
		Usr 0 00:00:00, Sys 0 00:00:00  -  Run Local Usage
		Usr 0 00:01:15, Sys 0 00:00:03  -  Total Remote Usage
		Usr 0 00:00:00, Sys 0 00:00:00  -  Total Local Usage
	64575  -  Run Bytes Sent By Job
	8650375  -  Run Bytes Received By Job
	64575  -  Total Bytes Sent By Job
	8650375  -  Total Bytes Received By Job
	Partitionable Resources :    Usage  Request Allocated 
	   Cpus                 :     0.69        1         1 
	   Disk (KB)            :  8573     2048000  18993744 
	   Memory (MB)          :   194        1992      2048 
...
