000 (5990650.000.000) 06/26 02:53:53 Job submitted from host: <144.92.181.245:9618?addrs=144.92.181.245-9618+[2607-f388-101c-1000--372]-9618&noUDP&sock=3375869_eb73_3>
...
001 (5990650.000.000) 06/26 02:54:13 Job executing on host: <144.92.181.241:9618?addrs=144.92.181.241-9618+[2607-f388-101c-1000--217]-9618&noUDP&sock=2417_707f_3>
...
006 (5990650.000.000) 06/26 02:54:22 Image size of job updated: 298200
	187  -  MemoryUsage of job (MB)
	190876  -  ResidentSetSize of job (KB)
...
005 (5990650.000.000) 06/26 02:54:49 Job terminated.
	(1) Normal termination (return value 0)
		Usr 0 00:00:25, Sys 0 00:00:01  -  Run Remote Usage
		Usr 0 00:00:00, Sys 0 00:00:00  -  Run Local Usage
		Usr 0 00:00:25, Sys 0 00:00:01  -  Total Remote Usage
		Usr 0 00:00:00, Sys 0 00:00:00  -  Total Local Usage
	118110  -  Run Bytes Sent By Job
	8650390  -  Run Bytes Received By Job
	118110  -  Total Bytes Sent By Job
	8650390  -  Total Bytes Received By Job
	Partitionable Resources :    Usage  Request Allocated 
	   Cpus                 :        0        1         1 
	   Disk (KB)            :     8623  2048000  18507741 
	   Memory (MB)          :      187     1992      2048 
...
