000 (5990670.000.000) 06/26 02:54:06 Job submitted from host: <144.92.181.245:9618?addrs=144.92.181.245-9618+[2607-f388-101c-1000--372]-9618&noUDP&sock=3375869_eb73_3>
...
001 (5990670.000.000) 06/26 02:55:25 Job executing on host: <144.92.180.31:9618?addrs=144.92.180.31-9618+[2607-f388-101c-1000--629]-9618&noUDP&sock=3165_8156_3>
...
006 (5990670.000.000) 06/26 02:55:34 Image size of job updated: 155112
	64  -  MemoryUsage of job (MB)
	64552  -  ResidentSetSize of job (KB)
...
006 (5990670.000.000) 06/26 02:56:25 Image size of job updated: 155112
	64  -  MemoryUsage of job (MB)
	65016  -  ResidentSetSize of job (KB)
...
005 (5990670.000.000) 06/26 02:56:25 Job terminated.
	(1) Normal termination (return value 0)
		Usr 0 00:00:34, Sys 0 00:00:01  -  Run Remote Usage
		Usr 0 00:00:00, Sys 0 00:00:00  -  Run Local Usage
		Usr 0 00:00:34, Sys 0 00:00:01  -  Total Remote Usage
		Usr 0 00:00:00, Sys 0 00:00:00  -  Total Local Usage
	120395  -  Run Bytes Sent By Job
	8650396  -  Run Bytes Received By Job
	120395  -  Total Bytes Sent By Job
	8650396  -  Total Bytes Received By Job
	Partitionable Resources :    Usage  Request Allocated 
	   Cpus                 :     0.04        1         1 
	   Disk (KB)            :  8627     2048000  18995751 
	   Memory (MB)          :    64        1992      2048 
...
