000 (5990767.000.000) 06/26 02:55:30 Job submitted from host: <144.92.181.245:9618?addrs=144.92.181.245-9618+[2607-f388-101c-1000--372]-9618&noUDP&sock=3375869_eb73_3>
...
001 (5990767.000.000) 06/26 03:00:03 Job executing on host: <144.92.180.145:9618?addrs=144.92.180.145-9618+[2607-f388-101c-1000--629]-9618&noUDP&sock=3038_64cf_3>
...
006 (5990767.000.000) 06/26 03:00:12 Image size of job updated: 287056
	235  -  MemoryUsage of job (MB)
	240432  -  ResidentSetSize of job (KB)
...
005 (5990767.000.000) 06/26 03:03:45 Job terminated.
	(1) Normal termination (return value 0)
		Usr 0 00:02:36, Sys 0 00:00:05  -  Run Remote Usage
		Usr 0 00:00:00, Sys 0 00:00:00  -  Run Local Usage
		Usr 0 00:02:36, Sys 0 00:00:05  -  Total Remote Usage
		Usr 0 00:00:00, Sys 0 00:00:00  -  Total Local Usage
	55170  -  Run Bytes Sent By Job
	8650365  -  Run Bytes Received By Job
	55170  -  Total Bytes Sent By Job
	8650365  -  Total Bytes Received By Job
	Partitionable Resources :    Usage  Request Allocated 
	   Cpus                 :     0.06        1         1 
	   Disk (KB)            :  8562     2048000  18991850 
	   Memory (MB)          :   235        1992      2048 
...
