000 (5990653.000.000) 06/26 02:53:55 Job submitted from host: <144.92.181.245:9618?addrs=144.92.181.245-9618+[2607-f388-101c-1000--372]-9618&noUDP&sock=3375869_eb73_3>
...
001 (5990653.000.000) 06/26 02:54:14 Job executing on host: <144.92.181.232:9618?addrs=144.92.181.232-9618+[2607-f388-101c-1000--629]-9618&noUDP&sock=2463_fdda_3>
...
006 (5990653.000.000) 06/26 02:54:22 Image size of job updated: 301840
	190  -  MemoryUsage of job (MB)
	194060  -  ResidentSetSize of job (KB)
...
006 (5990653.000.000) 06/26 02:54:47 Image size of job updated: 301840
	190  -  MemoryUsage of job (MB)
	194096  -  ResidentSetSize of job (KB)
...
005 (5990653.000.000) 06/26 02:54:47 Job terminated.
	(1) Normal termination (return value 0)
		Usr 0 00:00:21, Sys 0 00:00:02  -  Run Remote Usage
		Usr 0 00:00:00, Sys 0 00:00:00  -  Run Local Usage
		Usr 0 00:00:21, Sys 0 00:00:02  -  Total Remote Usage
		Usr 0 00:00:00, Sys 0 00:00:00  -  Total Local Usage
	123397  -  Run Bytes Sent By Job
	8650405  -  Run Bytes Received By Job
	123397  -  Total Bytes Sent By Job
	8650405  -  Total Bytes Received By Job
	Partitionable Resources :    Usage  Request Allocated 
	   Cpus                 :        0        1         1 
	   Disk (KB)            :     8628  2048000  18504861 
	   Memory (MB)          :      190     1992      2048 
...
