000 (5990657.000.000) 06/26 02:53:57 Job submitted from host: <144.92.181.245:9618?addrs=144.92.181.245-9618+[2607-f388-101c-1000--372]-9618&noUDP&sock=3375869_eb73_3>
...
001 (5990657.000.000) 06/26 02:54:14 Job executing on host: <144.92.181.71:9618?addrs=144.92.181.71-9618+[2607-f388-101c-1000--629]-9618&noUDP&sock=2519_6728_3>
...
006 (5990657.000.000) 06/26 02:54:22 Image size of job updated: 114564
	29  -  MemoryUsage of job (MB)
	29344  -  ResidentSetSize of job (KB)
...
005 (5990657.000.000) 06/26 02:54:30 Job terminated.
	(1) Normal termination (return value 0)
		Usr 0 00:00:04, Sys 0 00:00:01  -  Run Remote Usage
		Usr 0 00:00:00, Sys 0 00:00:00  -  Run Local Usage
		Usr 0 00:00:04, Sys 0 00:00:01  -  Total Remote Usage
		Usr 0 00:00:00, Sys 0 00:00:00  -  Total Local Usage
	98559  -  Run Bytes Sent By Job
	8650399  -  Run Bytes Received By Job
	98559  -  Total Bytes Sent By Job
	8650399  -  Total Bytes Received By Job
	Partitionable Resources :    Usage  Request Allocated 
	   Cpus                 :        0        1         1 
	   Disk (KB)            :     8604  2048000  18513208 
	   Memory (MB)          :       29     1992      2048 
...
