000 (5990648.000.000) 06/26 02:53:52 Job submitted from host: <144.92.181.245:9618?addrs=144.92.181.245-9618+[2607-f388-101c-1000--372]-9618&noUDP&sock=3375869_eb73_3>
...
001 (5990648.000.000) 06/26 02:54:13 Job executing on host: <128.104.227.50:9618?addrs=128.104.227.50-9618+[2607-f388-101c-1000--629]-9618&noUDP&sock=3439_7249_3>
...
006 (5990648.000.000) 06/26 02:54:23 Image size of job updated: 297516
	187  -  MemoryUsage of job (MB)
	191344  -  ResidentSetSize of job (KB)
...
005 (5990648.000.000) 06/26 02:55:27 Job terminated.
	(1) Normal termination (return value 0)
		Usr 0 00:00:47, Sys 0 00:00:02  -  Run Remote Usage
		Usr 0 00:00:00, Sys 0 00:00:00  -  Run Local Usage
		Usr 0 00:00:47, Sys 0 00:00:02  -  Total Remote Usage
		Usr 0 00:00:00, Sys 0 00:00:00  -  Total Local Usage
	120163  -  Run Bytes Sent By Job
	8650390  -  Run Bytes Received By Job
	120163  -  Total Bytes Sent By Job
	8650390  -  Total Bytes Received By Job
	Partitionable Resources :    Usage  Request Allocated 
	   Cpus                 :     0.65        1         1 
	   Disk (KB)            :  8627     2048000  18983509 
	   Memory (MB)          :   187        1992      2048 
...
