000 (5990668.000.000) 06/26 02:54:04 Job submitted from host: <144.92.181.245:9618?addrs=144.92.181.245-9618+[2607-f388-101c-1000--372]-9618&noUDP&sock=3375869_eb73_3>
...
001 (5990668.000.000) 06/26 02:55:25 Job executing on host: <144.92.180.34:9618?addrs=144.92.180.34-9618+[2607-f388-101c-1000--629]-9618&noUDP&sock=2306_4d7b_3>
...
006 (5990668.000.000) 06/26 02:55:34 Image size of job updated: 304596
	194  -  MemoryUsage of job (MB)
	197956  -  ResidentSetSize of job (KB)
...
005 (5990668.000.000) 06/26 02:56:24 Job terminated.
	(1) Normal termination (return value 0)
		Usr 0 00:00:35, Sys 0 00:00:02  -  Run Remote Usage
		Usr 0 00:00:00, Sys 0 00:00:00  -  Run Local Usage
		Usr 0 00:00:35, Sys 0 00:00:02  -  Total Remote Usage
		Usr 0 00:00:00, Sys 0 00:00:00  -  Total Local Usage
	120132  -  Run Bytes Sent By Job
	8650396  -  Run Bytes Received By Job
	120132  -  Total Bytes Sent By Job
	8650396  -  Total Bytes Received By Job
	Partitionable Resources :    Usage  Request Allocated 
	   Cpus                 :     0.55        1         1 
	   Disk (KB)            :  8627     2048000  18354075 
	   Memory (MB)          :   194        1992      2048 
...
