000 (5990692.000.000) 06/26 02:54:22 Job submitted from host: <144.92.181.245:9618?addrs=144.92.181.245-9618+[2607-f388-101c-1000--372]-9618&noUDP&sock=3375869_eb73_3>
...
001 (5990692.000.000) 06/26 02:56:20 Job executing on host: <144.92.181.74:9618?addrs=144.92.181.74-9618+[2607-f388-101c-1000--629]-9618&noUDP&sock=2458_8fe1_3>
...
006 (5990692.000.000) 06/26 02:56:28 Image size of job updated: 309228
	200  -  MemoryUsage of job (MB)
	203916  -  ResidentSetSize of job (KB)
...
005 (5990692.000.000) 06/26 02:57:21 Job terminated.
	(1) Normal termination (return value 0)
		Usr 0 00:00:36, Sys 0 00:00:02  -  Run Remote Usage
		Usr 0 00:00:00, Sys 0 00:00:00  -  Run Local Usage
		Usr 0 00:00:36, Sys 0 00:00:02  -  Total Remote Usage
		Usr 0 00:00:00, Sys 0 00:00:00  -  Total Local Usage
	57237  -  Run Bytes Sent By Job
	8650378  -  Run Bytes Received By Job
	57237  -  Total Bytes Sent By Job
	8650378  -  Total Bytes Received By Job
	Partitionable Resources :    Usage  Request Allocated 
	   Cpus                 :     0.66        1         1 
	   Disk (KB)            :  8566     2048000  18508396 
	   Memory (MB)          :   200        1992      2048 
...
