000 (5990699.000.000) 06/26 02:54:27 Job submitted from host: <144.92.181.245:9618?addrs=144.92.181.245-9618+[2607-f388-101c-1000--372]-9618&noUDP&sock=3375869_eb73_3>
...
001 (5990699.000.000) 06/26 02:56:30 Job executing on host: <144.92.181.241:9618?addrs=144.92.181.241-9618+[2607-f388-101c-1000--217]-9618&noUDP&sock=2417_707f_3>
...
006 (5990699.000.000) 06/26 02:56:38 Image size of job updated: 330788
	218  -  MemoryUsage of job (MB)
	222716  -  ResidentSetSize of job (KB)
...
005 (5990699.000.000) 06/26 02:56:45 Job terminated.
	(1) Normal termination (return value 0)
		Usr 0 00:00:10, Sys 0 00:00:01  -  Run Remote Usage
		Usr 0 00:00:00, Sys 0 00:00:00  -  Run Local Usage
		Usr 0 00:00:10, Sys 0 00:00:01  -  Total Remote Usage
		Usr 0 00:00:00, Sys 0 00:00:00  -  Total Local Usage
	67824  -  Run Bytes Sent By Job
	8650378  -  Run Bytes Received By Job
	67824  -  Total Bytes Sent By Job
	8650378  -  Total Bytes Received By Job
	Partitionable Resources :    Usage  Request Allocated 
	   Cpus                 :     0.80        1         1 
	   Disk (KB)            :  8576     2048000  18507741 
	   Memory (MB)          :   218        1992      2048 
...
