000 (5990700.000.000) 06/26 02:54:28 Job submitted from host: <144.92.181.245:9618?addrs=144.92.181.245-9618+[2607-f388-101c-1000--372]-9618&noUDP&sock=3375869_eb73_3>
...
001 (5990700.000.000) 06/26 02:56:30 Job executing on host: <144.92.181.140:9618?addrs=144.92.181.140-9618+[2607-f388-101c-1000--629]-9618&noUDP&sock=3044_8260_3>
...
006 (5990700.000.000) 06/26 02:56:39 Image size of job updated: 309236
	200  -  MemoryUsage of job (MB)
	204016  -  ResidentSetSize of job (KB)
...
005 (5990700.000.000) 06/26 02:59:53 Job terminated.
	(1) Normal termination (return value 0)
		Usr 0 00:02:18, Sys 0 00:00:04  -  Run Remote Usage
		Usr 0 00:00:00, Sys 0 00:00:00  -  Run Local Usage
		Usr 0 00:02:18, Sys 0 00:00:04  -  Total Remote Usage
		Usr 0 00:00:00, Sys 0 00:00:00  -  Total Local Usage
	65186  -  Run Bytes Sent By Job
	8650345  -  Run Bytes Received By Job
	65186  -  Total Bytes Sent By Job
	8650345  -  Total Bytes Received By Job
	Partitionable Resources :    Usage  Request Allocated 
	   Cpus                 :     0.65        1         1 
	   Disk (KB)            :  8574     2048000  18986158 
	   Memory (MB)          :   200        1992      2048 
...
