000 (5990720.000.000) 06/26 02:54:40 Job submitted from host: <144.92.181.245:9618?addrs=144.92.181.245-9618+[2607-f388-101c-1000--372]-9618&noUDP&sock=3375869_eb73_3>
...
001 (5990720.000.000) 06/26 02:57:14 Job executing on host: <144.92.181.241:9618?addrs=144.92.181.241-9618+[2607-f388-101c-1000--217]-9618&noUDP&sock=2417_707f_3>
...
006 (5990720.000.000) 06/26 02:57:22 Image size of job updated: 306724
	196  -  MemoryUsage of job (MB)
	200052  -  ResidentSetSize of job (KB)
...
005 (5990720.000.000) 06/26 02:57:25 Job terminated.
	(1) Normal termination (return value 0)
		Usr 0 00:00:06, Sys 0 00:00:00  -  Run Remote Usage
		Usr 0 00:00:00, Sys 0 00:00:00  -  Run Local Usage
		Usr 0 00:00:06, Sys 0 00:00:00  -  Total Remote Usage
		Usr 0 00:00:00, Sys 0 00:00:00  -  Total Local Usage
	64619  -  Run Bytes Sent By Job
	8650360  -  Run Bytes Received By Job
	64619  -  Total Bytes Sent By Job
	8650360  -  Total Bytes Received By Job
	Partitionable Resources :    Usage  Request Allocated 
	   Cpus                 :        0        1         1 
	   Disk (KB)            :     8571  2048000  18507741 
	   Memory (MB)          :      196     1992      2048 
...
