000 (5990757.000.000) 06/26 02:55:20 Job submitted from host: <144.92.181.245:9618?addrs=144.92.181.245-9618+[2607-f388-101c-1000--372]-9618&noUDP&sock=3375869_eb73_3>
...
001 (5990757.000.000) 06/26 02:58:33 Job executing on host: <144.92.180.34:9618?addrs=144.92.180.34-9618+[2607-f388-101c-1000--629]-9618&noUDP&sock=2306_4d7b_3>
...
006 (5990757.000.000) 06/26 02:58:42 Image size of job updated: 152812
	61  -  MemoryUsage of job (MB)
	62428  -  ResidentSetSize of job (KB)
...
006 (5990757.000.000) 06/26 03:00:05 Image size of job updated: 152812
	62  -  MemoryUsage of job (MB)
	62640  -  ResidentSetSize of job (KB)
...
005 (5990757.000.000) 06/26 03:00:05 Job terminated.
	(1) Normal termination (return value 0)
		Usr 0 00:01:01, Sys 0 00:00:02  -  Run Remote Usage
		Usr 0 00:00:00, Sys 0 00:00:00  -  Run Local Usage
		Usr 0 00:01:01, Sys 0 00:00:02  -  Total Remote Usage
		Usr 0 00:00:00, Sys 0 00:00:00  -  Total Local Usage
	55374  -  Run Bytes Sent By Job
	8650365  -  Run Bytes Received By Job
	55374  -  Total Bytes Sent By Job
	8650365  -  Total Bytes Received By Job
	Partitionable Resources :    Usage  Request Allocated 
	   Cpus                 :     0.75        1         1 
	   Disk (KB)            :  8564     2048000  18354075 
	   Memory (MB)          :    62        1992      2048 
...
