000 (5990667.000.000) 06/26 02:54:04 Job submitted from host: <144.92.181.245:9618?addrs=144.92.181.245-9618+[2607-f388-101c-1000--372]-9618&noUDP&sock=3375869_eb73_3>
...
001 (5990667.000.000) 06/26 02:55:25 Job executing on host: <144.92.181.140:9618?addrs=144.92.181.140-9618+[2607-f388-101c-1000--629]-9618&noUDP&sock=3044_8260_3>
...
006 (5990667.000.000) 06/26 02:55:34 Image size of job updated: 154232
	44  -  MemoryUsage of job (MB)
	44464  -  ResidentSetSize of job (KB)
...
005 (5990667.000.000) 06/26 02:56:28 Job terminated.
	(1) Normal termination (return value 0)
		Usr 0 00:00:31, Sys 0 00:00:01  -  Run Remote Usage
		Usr 0 00:00:00, Sys 0 00:00:00  -  Run Local Usage
		Usr 0 00:00:31, Sys 0 00:00:01  -  Total Remote Usage
		Usr 0 00:00:00, Sys 0 00:00:00  -  Total Local Usage
	120091  -  Run Bytes Sent By Job
	8650396  -  Run Bytes Received By Job
	120091  -  Total Bytes Sent By Job
	8650396  -  Total Bytes Received By Job
	Partitionable Resources :    Usage  Request Allocated 
	   Cpus                 :     0.54        1         1 
	   Disk (KB)            :  8627     2048000  18986158 
	   Memory (MB)          :    44        1992      2048 
...
