000 (5990769.000.000) 06/26 02:55:31 Job submitted from host: <144.92.181.245:9618?addrs=144.92.181.245-9618+[2607-f388-101c-1000--372]-9618&noUDP&sock=3375869_eb73_3>
...
001 (5990769.000.000) 06/26 03:00:04 Job executing on host: <144.92.180.145:9618?addrs=144.92.180.145-9618+[2607-f388-101c-1000--629]-9618&noUDP&sock=3038_64cf_3>
...
006 (5990769.000.000) 06/26 03:00:12 Image size of job updated: 301512
	233  -  MemoryUsage of job (MB)
	238276  -  ResidentSetSize of job (KB)
...
005 (5990769.000.000) 06/26 03:04:30 Job terminated.
	(1) Normal termination (return value 0)
		Usr 0 00:03:04, Sys 0 00:00:07  -  Run Remote Usage
		Usr 0 00:00:00, Sys 0 00:00:00  -  Run Local Usage
		Usr 0 00:03:04, Sys 0 00:00:07  -  Total Remote Usage
		Usr 0 00:00:00, Sys 0 00:00:00  -  Total Local Usage
	55266  -  Run Bytes Sent By Job
	8650365  -  Run Bytes Received By Job
	55266  -  Total Bytes Sent By Job
	8650365  -  Total Bytes Received By Job
	Partitionable Resources :    Usage  Request Allocated 
	   Cpus                 :     0.79        1         1 
	   Disk (KB)            :  8562     2048000  18991850 
	   Memory (MB)          :   233        1992      2048 
...
