000 (5990766.000.000) 06/26 02:55:29 Job submitted from host: <144.92.181.245:9618?addrs=144.92.181.245-9618+[2607-f388-101c-1000--372]-9618&noUDP&sock=3375869_eb73_3>
...
001 (5990766.000.000) 06/26 02:59:58 Job executing on host: <144.92.181.236:9618?addrs=144.92.181.236-9618+[2607-f388-101c-1000--629]-9618&noUDP&sock=2430_5b3a_3>
...
006 (5990766.000.000) 06/26 03:00:06 Image size of job updated: 251496
	245  -  MemoryUsage of job (MB)
	250484  -  ResidentSetSize of job (KB)
...
005 (5990766.000.000) 06/26 03:05:51 Job terminated.
	(1) Normal termination (return value 0)
		Usr 0 00:04:44, Sys 0 00:00:09  -  Run Remote Usage
		Usr 0 00:00:00, Sys 0 00:00:00  -  Run Local Usage
		Usr 0 00:04:44, Sys 0 00:00:09  -  Total Remote Usage
		Usr 0 00:00:00, Sys 0 00:00:00  -  Total Local Usage
	57338  -  Run Bytes Sent By Job
	8650365  -  Run Bytes Received By Job
	57338  -  Total Bytes Sent By Job
	8650365  -  Total Bytes Received By Job
	Partitionable Resources :    Usage  Request Allocated 
	   Cpus                 :     0.89        1         1 
	   Disk (KB)            :  8566     2048000  18510640 
	   Memory (MB)          :   245        1992      2048 
...
