000 (5990743.000.000) 06/26 02:54:56 Job submitted from host: <144.92.181.245:9618?addrs=144.92.181.245-9618+[2607-f388-101c-1000--372]-9618&noUDP&sock=3375869_eb73_3>
...
001 (5990743.000.000) 06/26 02:57:42 Job executing on host: <144.92.181.86:9618?addrs=144.92.181.86-9618+[2607-f388-101c-1000--629]-9618&noUDP&sock=2458_8fe1_3>
...
006 (5990743.000.000) 06/26 02:57:52 Image size of job updated: 281572
	198  -  MemoryUsage of job (MB)
	201976  -  ResidentSetSize of job (KB)
...
005 (5990743.000.000) 06/26 03:01:27 Job terminated.
	(1) Normal termination (return value 0)
		Usr 0 00:02:58, Sys 0 00:00:06  -  Run Remote Usage
		Usr 0 00:00:00, Sys 0 00:00:00  -  Run Local Usage
		Usr 0 00:02:58, Sys 0 00:00:06  -  Total Remote Usage
		Usr 0 00:00:00, Sys 0 00:00:00  -  Total Local Usage
	67547  -  Run Bytes Sent By Job
	8650342  -  Run Bytes Received By Job
	67547  -  Total Bytes Sent By Job
	8650342  -  Total Bytes Received By Job
	Partitionable Resources :    Usage  Request Allocated 
	   Cpus                 :     0.86        1         1 
	   Disk (KB)            :  8574     2048000  18498388 
	   Memory (MB)          :   198        1992      2048 
...
