000 (5990744.000.000) 06/26 02:54:57 Job submitted from host: <144.92.181.245:9618?addrs=144.92.181.245-9618+[2607-f388-101c-1000--372]-9618&noUDP&sock=3375869_eb73_3>
...
001 (5990744.000.000) 06/26 02:57:44 Job executing on host: <144.92.181.87:9618?addrs=144.92.181.87-9618+[2607-f388-101c-1000--629]-9618&noUDP&sock=2451_c2b7_3>
...
006 (5990744.000.000) 06/26 02:57:53 Image size of job updated: 287708
	201  -  MemoryUsage of job (MB)
	205800  -  ResidentSetSize of job (KB)
...
005 (5990744.000.000) 06/26 03:01:45 Job terminated.
	(1) Normal termination (return value 0)
		Usr 0 00:02:28, Sys 0 00:00:08  -  Run Remote Usage
		Usr 0 00:00:00, Sys 0 00:00:00  -  Run Local Usage
		Usr 0 00:02:28, Sys 0 00:00:08  -  Total Remote Usage
		Usr 0 00:00:00, Sys 0 00:00:00  -  Total Local Usage
	67119  -  Run Bytes Sent By Job
	8650360  -  Run Bytes Received By Job
	67119  -  Total Bytes Sent By Job
	8650360  -  Total Bytes Received By Job
	Partitionable Resources :    Usage  Request Allocated 
	   Cpus                 :     0.71        1         1 
	   Disk (KB)            :  8575     2048000  18514405 
	   Memory (MB)          :   201        1992      2048 
...
