000 (5990661.000.000) 06/26 02:54:00 Job submitted from host: <144.92.181.245:9618?addrs=144.92.181.245-9618+[2607-f388-101c-1000--372]-9618&noUDP&sock=3375869_eb73_3>
...
001 (5990661.000.000) 06/26 02:54:34 Job executing on host: <144.92.181.87:9618?addrs=144.92.181.87-9618+[2607-f388-101c-1000--629]-9618&noUDP&sock=2451_c2b7_3>
...
006 (5990661.000.000) 06/26 02:54:43 Image size of job updated: 306840
	195  -  MemoryUsage of job (MB)
	198876  -  ResidentSetSize of job (KB)
...
005 (5990661.000.000) 06/26 02:55:48 Job terminated.
	(1) Normal termination (return value 0)
		Usr 0 00:00:46, Sys 0 00:00:03  -  Run Remote Usage
		Usr 0 00:00:00, Sys 0 00:00:00  -  Run Local Usage
		Usr 0 00:00:46, Sys 0 00:00:03  -  Total Remote Usage
		Usr 0 00:00:00, Sys 0 00:00:00  -  Total Local Usage
	126977  -  Run Bytes Sent By Job
	8650411  -  Run Bytes Received By Job
	126977  -  Total Bytes Sent By Job
	8650411  -  Total Bytes Received By Job
	Partitionable Resources :    Usage  Request Allocated 
	   Cpus                 :     0.66        1         1 
	   Disk (KB)            :  8634     2048000  18514405 
	   Memory (MB)          :   195        1992      2048 
...
