000 (5990768.000.000) 06/26 02:55:31 Job submitted from host: <144.92.181.245:9618?addrs=144.92.181.245-9618+[2607-f388-101c-1000--372]-9618&noUDP&sock=3375869_eb73_3>
...
001 (5990768.000.000) 06/26 03:00:03 Job executing on host: <128.104.227.59:9618?addrs=128.104.227.59-9618+[2607-f388-101c-1000--629]-9618&noUDP&sock=3561_20d7_3>
...
006 (5990768.000.000) 06/26 03:00:12 Image size of job updated: 330756
	219  -  MemoryUsage of job (MB)
	223976  -  ResidentSetSize of job (KB)
...
005 (5990768.000.000) 06/26 03:02:40 Job terminated.
	(1) Normal termination (return value 0)
		Usr 0 00:02:00, Sys 0 00:00:05  -  Run Remote Usage
		Usr 0 00:00:00, Sys 0 00:00:00  -  Run Local Usage
		Usr 0 00:02:00, Sys 0 00:00:05  -  Total Remote Usage
		Usr 0 00:00:00, Sys 0 00:00:00  -  Total Local Usage
	55217  -  Run Bytes Sent By Job
	8650365  -  Run Bytes Received By Job
	55217  -  Total Bytes Sent By Job
	8650365  -  Total Bytes Received By Job
	Partitionable Resources :    Usage  Request Allocated 
	   Cpus                 :     0.76        1         1 
	   Disk (KB)            :  8562     2048000  18996480 
	   Memory (MB)          :   219        1992      2048 
...
