000 (5990698.000.000) 06/26 02:54:26 Job submitted from host: <144.92.181.245:9618?addrs=144.92.181.245-9618+[2607-f388-101c-1000--372]-9618&noUDP&sock=3375869_eb73_3>
...
001 (5990698.000.000) 06/26 02:56:27 Job executing on host: <144.92.180.31:9618?addrs=144.92.180.31-9618+[2607-f388-101c-1000--629]-9618&noUDP&sock=3165_8156_3>
...
006 (5990698.000.000) 06/26 02:56:36 Image size of job updated: 302432
	192  -  MemoryUsage of job (MB)
	196316  -  ResidentSetSize of job (KB)
...
005 (5990698.000.000) 06/26 02:57:45 Job terminated.
	(1) Normal termination (return value 0)
		Usr 0 00:00:53, Sys 0 00:00:02  -  Run Remote Usage
		Usr 0 00:00:00, Sys 0 00:00:00  -  Run Local Usage
		Usr 0 00:00:53, Sys 0 00:00:02  -  Total Remote Usage
		Usr 0 00:00:00, Sys 0 00:00:00  -  Total Local Usage
	64942  -  Run Bytes Sent By Job
	8650369  -  Run Bytes Received By Job
	64942  -  Total Bytes Sent By Job
	8650369  -  Total Bytes Received By Job
	Partitionable Resources :    Usage  Request Allocated 
	   Cpus                 :     0.22        1         1 
	   Disk (KB)            :  8573     2048000  18995751 
	   Memory (MB)          :   192        1992      2048 
...
