000 (5990774.000.000) 06/26 02:55:34 Job submitted from host: <144.92.181.245:9618?addrs=144.92.181.245-9618+[2607-f388-101c-1000--372]-9618&noUDP&sock=3375869_eb73_3>
...
001 (5990774.000.000) 06/26 03:01:04 Job executing on host: <144.92.181.241:9618?addrs=144.92.181.241-9618+[2607-f388-101c-1000--217]-9618&noUDP&sock=2417_707f_3>
...
006 (5990774.000.000) 06/26 03:01:13 Image size of job updated: 226952
	220  -  MemoryUsage of job (MB)
	225132  -  ResidentSetSize of job (KB)
...
005 (5990774.000.000) 06/26 03:05:30 Job terminated.
	(1) Normal termination (return value 0)
		Usr 0 00:03:34, Sys 0 00:00:06  -  Run Remote Usage
		Usr 0 00:00:00, Sys 0 00:00:00  -  Run Local Usage
		Usr 0 00:03:34, Sys 0 00:00:06  -  Total Remote Usage
		Usr 0 00:00:00, Sys 0 00:00:00  -  Total Local Usage
	57735  -  Run Bytes Sent By Job
	8650365  -  Run Bytes Received By Job
	57735  -  Total Bytes Sent By Job
	8650365  -  Total Bytes Received By Job
	Partitionable Resources :    Usage  Request Allocated 
	   Cpus                 :     0.84        1         1 
	   Disk (KB)            :  8564     2048000  18507741 
	   Memory (MB)          :   220        1992      2048 
...
