000 (5990746.000.000) 06/26 02:54:58 Job submitted from host: <144.92.181.245:9618?addrs=144.92.181.245-9618+[2607-f388-101c-1000--372]-9618&noUDP&sock=3375869_eb73_3>
...
001 (5990746.000.000) 06/26 02:57:47 Job executing on host: <144.92.180.39:9618?addrs=144.92.180.39-9618+[2607-f388-101c-1000--629]-9618&noUDP&sock=2460_ef11_3>
...
006 (5990746.000.000) 06/26 02:57:56 Image size of job updated: 315308
	203  -  MemoryUsage of job (MB)
	207872  -  ResidentSetSize of job (KB)
...
005 (5990746.000.000) 06/26 02:59:54 Job terminated.
	(1) Normal termination (return value 0)
		Usr 0 00:01:15, Sys 0 00:00:03  -  Run Remote Usage
		Usr 0 00:00:00, Sys 0 00:00:00  -  Run Local Usage
		Usr 0 00:01:15, Sys 0 00:00:03  -  Total Remote Usage
		Usr 0 00:00:00, Sys 0 00:00:00  -  Total Local Usage
	64917  -  Run Bytes Sent By Job
	8650360  -  Run Bytes Received By Job
	64917  -  Total Bytes Sent By Job
	8650360  -  Total Bytes Received By Job
	Partitionable Resources :    Usage  Request Allocated 
	   Cpus                 :     0.63        1         1 
	   Disk (KB)            :  8571     2048000  18345259 
	   Memory (MB)          :   203        1992      2048 
...
