All files added.
Initializing chain.
****************** dyjet sample found
.... MC file ..... 
Coming in: 
nentries:131952
Running over 131952 events.
Finished entry 0/131951
Finished entry 6000/131951
Finished entry 12000/131951
Finished entry 18000/131951
Finished entry 24000/131951
Finished entry 30000/131951
Finished entry 36000/131951
Finished entry 42000/131951
Finished entry 48000/131951
Finished entry 54000/131951
Finished entry 60000/131951
Finished entry 66000/131951
Finished entry 72000/131951
Finished entry 78000/131951
Finished entry 84000/131951
Finished entry 90000/131951
Finished entry 96000/131951
Finished entry 102000/131951
Finished entry 108000/131951
Finished entry 114000/131951
Finished entry 120000/131951
Finished entry 126000/131951
Finished entry 131951/131951
All events checked.
*******************************************
******************Jithin's original*************************
    Initial entries 131952.000000
   Passing smikking 0.000000
Inspected genWeightd 131944.000000   % change= 0.006063
   METFiltersPassed 39727.938045   % change= 69.890303
    SingleTrgPassed 25193.306542   % change= 36.585416
     GoodMuonPassed 20634.159883   % change= 18.096659
      GoodTauPassed 7599.075367   % change= 63.172354
         opp charge 7521.194683   % change= 1.024871
         after sf 1 0.000000   % change= 1.024871
         after sf 2 0.000000   % change= 1.024871
         after sf 3 0.000000   % change= 1.024871
         after sf 4 6448.807975   % change= 1.024871
 PassedThirdLepVeto 5943.931298   % change= 20.970916
     PassedBjetVeto 5781.268813   % change= 2.736614
       DeltaRPassed 5772.810180   % change= 0.146311
      Total change :95.625068
*******************************************
*******************************************
Number of events inspected: 131952
Number of events inspected (minus negative gen. weights): 131944.000000
 Outpt written to DYJetsToLL_M-50_TuneCP5_ext1_v1_03.root
Real time 0:01:05, CP time 52.990
