000 (5990714.000.000) 06/26 02:54:36 Job submitted from host: <144.92.181.245:9618?addrs=144.92.181.245-9618+[2607-f388-101c-1000--372]-9618&noUDP&sock=3375869_eb73_3>
...
001 (5990714.000.000) 06/26 02:56:48 Job executing on host: <144.92.181.74:9618?addrs=144.92.181.74-9618+[2607-f388-101c-1000--629]-9618&noUDP&sock=2458_8fe1_3>
...
006 (5990714.000.000) 06/26 02:56:57 Image size of job updated: 304956
	194  -  MemoryUsage of job (MB)
	197948  -  ResidentSetSize of job (KB)
...
005 (5990714.000.000) 06/26 02:57:17 Job terminated.
	(1) Normal termination (return value 0)
		Usr 0 00:00:18, Sys 0 00:00:01  -  Run Remote Usage
		Usr 0 00:00:00, Sys 0 00:00:00  -  Run Local Usage
		Usr 0 00:00:18, Sys 0 00:00:01  -  Total Remote Usage
		Usr 0 00:00:00, Sys 0 00:00:00  -  Total Local Usage
	64180  -  Run Bytes Sent By Job
	8650372  -  Run Bytes Received By Job
	64180  -  Total Bytes Sent By Job
	8650372  -  Total Bytes Received By Job
	Partitionable Resources :    Usage  Request Allocated 
	   Cpus                 :     0.06        1         1 
	   Disk (KB)            :  8570     2048000  18508396 
	   Memory (MB)          :   194        1992      2048 
...
