000 (5990696.000.000) 06/26 02:54:25 Job submitted from host: <144.92.181.245:9618?addrs=144.92.181.245-9618+[2607-f388-101c-1000--372]-9618&noUDP&sock=3375869_eb73_3>
...
001 (5990696.000.000) 06/26 02:56:26 Job executing on host: <144.92.180.34:9618?addrs=144.92.180.34-9618+[2607-f388-101c-1000--629]-9618&noUDP&sock=2306_4d7b_3>
...
006 (5990696.000.000) 06/26 02:56:35 Image size of job updated: 314884
	202  -  MemoryUsage of job (MB)
	206740  -  ResidentSetSize of job (KB)
...
005 (5990696.000.000) 06/26 03:02:40 Job terminated.
	(1) Normal termination (return value 0)
		Usr 0 00:03:44, Sys 0 00:00:09  -  Run Remote Usage
		Usr 0 00:00:00, Sys 0 00:00:00  -  Run Local Usage
		Usr 0 00:03:44, Sys 0 00:00:09  -  Total Remote Usage
		Usr 0 00:00:00, Sys 0 00:00:00  -  Total Local Usage
	64652  -  Run Bytes Sent By Job
	8650390  -  Run Bytes Received By Job
	64652  -  Total Bytes Sent By Job
	8650390  -  Total Bytes Received By Job
	Partitionable Resources :    Usage  Request Allocated 
	   Cpus                 :     0.62        1         1 
	   Disk (KB)            :  8573     2048000  18354075 
	   Memory (MB)          :   202        1992      2048 
...
