000 (5990773.000.000) 06/26 02:55:34 Job submitted from host: <144.92.181.245:9618?addrs=144.92.181.245-9618+[2607-f388-101c-1000--372]-9618&noUDP&sock=3375869_eb73_3>
...
001 (5990773.000.000) 06/26 03:00:51 Job executing on host: <144.92.180.34:9618?addrs=144.92.180.34-9618+[2607-f388-101c-1000--629]-9618&noUDP&sock=2306_4d7b_3>
...
006 (5990773.000.000) 06/26 03:00:59 Image size of job updated: 346612
	234  -  MemoryUsage of job (MB)
	239024  -  ResidentSetSize of job (KB)
...
005 (5990773.000.000) 06/26 03:04:58 Job terminated.
	(1) Normal termination (return value 0)
		Usr 0 00:03:03, Sys 0 00:00:05  -  Run Remote Usage
		Usr 0 00:00:00, Sys 0 00:00:00  -  Run Local Usage
		Usr 0 00:03:03, Sys 0 00:00:05  -  Total Remote Usage
		Usr 0 00:00:00, Sys 0 00:00:00  -  Total Local Usage
	55261  -  Run Bytes Sent By Job
	8650365  -  Run Bytes Received By Job
	55261  -  Total Bytes Sent By Job
	8650365  -  Total Bytes Received By Job
	Partitionable Resources :    Usage  Request Allocated 
	   Cpus                 :     0.81        1         1 
	   Disk (KB)            :  8562     2048000  18354075 
	   Memory (MB)          :   234        1992      2048 
...
