000 (5990772.000.000) 06/26 02:55:33 Job submitted from host: <144.92.181.245:9618?addrs=144.92.181.245-9618+[2607-f388-101c-1000--372]-9618&noUDP&sock=3375869_eb73_3>
...
001 (5990772.000.000) 06/26 03:00:17 Job executing on host: <144.92.181.196:9618?addrs=144.92.181.196-9618+[2607-f388-101c-1000--629]-9618&noUDP&sock=3109_1808_3>
...
006 (5990772.000.000) 06/26 03:00:25 Image size of job updated: 336812
	226  -  MemoryUsage of job (MB)
	230484  -  ResidentSetSize of job (KB)
...
005 (5990772.000.000) 06/26 03:03:10 Job terminated.
	(1) Normal termination (return value 0)
		Usr 0 00:02:11, Sys 0 00:00:04  -  Run Remote Usage
		Usr 0 00:00:00, Sys 0 00:00:00  -  Run Local Usage
		Usr 0 00:02:11, Sys 0 00:00:04  -  Total Remote Usage
		Usr 0 00:00:00, Sys 0 00:00:00  -  Total Local Usage
	55060  -  Run Bytes Sent By Job
	8650365  -  Run Bytes Received By Job
	55060  -  Total Bytes Sent By Job
	8650365  -  Total Bytes Received By Job
	Partitionable Resources :    Usage  Request Allocated 
	   Cpus                 :     0.79        1         1 
	   Disk (KB)            :  8564     2048000  18993744 
	   Memory (MB)          :   226        1992      2048 
...
