000 (5990690.000.000) 06/26 02:54:21 Job submitted from host: <144.92.181.245:9618?addrs=144.92.181.245-9618+[2607-f388-101c-1000--372]-9618&noUDP&sock=3375869_eb73_3>
...
001 (5990690.000.000) 06/26 02:56:02 Job executing on host: <144.92.181.69:9618?addrs=144.92.181.69-9618+[2607-f388-101c-1000--629]-9618&noUDP&sock=2424_3da8_3>
...
006 (5990690.000.000) 06/26 02:56:11 Image size of job updated: 313608
	201  -  MemoryUsage of job (MB)
	204936  -  ResidentSetSize of job (KB)
...
005 (5990690.000.000) 06/26 02:56:49 Job terminated.
	(1) Normal termination (return value 0)
		Usr 0 00:00:31, Sys 0 00:00:02  -  Run Remote Usage
		Usr 0 00:00:00, Sys 0 00:00:00  -  Run Local Usage
		Usr 0 00:00:31, Sys 0 00:00:02  -  Total Remote Usage
		Usr 0 00:00:00, Sys 0 00:00:00  -  Total Local Usage
	53172  -  Run Bytes Sent By Job
	8650378  -  Run Bytes Received By Job
	53172  -  Total Bytes Sent By Job
	8650378  -  Total Bytes Received By Job
	Partitionable Resources :    Usage  Request Allocated 
	   Cpus                 :        0        1         1 
	   Disk (KB)            :     8560  2048000  18505026 
	   Memory (MB)          :      201     1992      2048 
...
