000 (5990693.000.000) 06/26 02:54:23 Job submitted from host: <144.92.181.245:9618?addrs=144.92.181.245-9618+[2607-f388-101c-1000--372]-9618&noUDP&sock=3375869_eb73_3>
...
001 (5990693.000.000) 06/26 02:56:22 Job executing on host: <128.104.227.50:9618?addrs=128.104.227.50-9618+[2607-f388-101c-1000--629]-9618&noUDP&sock=3439_7249_3>
...
006 (5990693.000.000) 06/26 02:56:32 Image size of job updated: 315476
	203  -  MemoryUsage of job (MB)
	207268  -  ResidentSetSize of job (KB)
...
005 (5990693.000.000) 06/26 03:01:36 Job terminated.
	(1) Normal termination (return value 0)
		Usr 0 00:03:12, Sys 0 00:00:06  -  Run Remote Usage
		Usr 0 00:00:00, Sys 0 00:00:00  -  Run Local Usage
		Usr 0 00:03:12, Sys 0 00:00:06  -  Total Remote Usage
		Usr 0 00:00:00, Sys 0 00:00:00  -  Total Local Usage
	64645  -  Run Bytes Sent By Job
	8650390  -  Run Bytes Received By Job
	64645  -  Total Bytes Sent By Job
	8650390  -  Total Bytes Received By Job
	Partitionable Resources :    Usage  Request Allocated 
	   Cpus                 :     0.72        1         1 
	   Disk (KB)            :  8573     2048000  18983509 
	   Memory (MB)          :   203        1992      2048 
...
