********** for data *********
All files added.
Initializing chain.
Output 31_SingleMuon_21-05-2020_08-19.root
Coming in: 
nentries:32880016
Running over 32880016 events.
Finished entry 0/32880015
Finished entry 1000000/32880015
Finished entry 2000000/32880015
Finished entry 3000000/32880015
Finished entry 4000000/32880015
Finished entry 5000000/32880015
Finished entry 6000000/32880015
Finished entry 7000000/32880015
Finished entry 8000000/32880015
Finished entry 9000000/32880015
Finished entry 10000000/32880015
Finished entry 11000000/32880015
Finished entry 12000000/32880015
Finished entry 13000000/32880015
Finished entry 14000000/32880015
Finished entry 15000000/32880015
Finished entry 16000000/32880015
Finished entry 17000000/32880015
Finished entry 18000000/32880015
Finished entry 19000000/32880015
Finished entry 20000000/32880015
Finished entry 21000000/32880015
Finished entry 22000000/32880015
Finished entry 23000000/32880015
Finished entry 24000000/32880015
Finished entry 25000000/32880015
Finished entry 26000000/32880015
Finished entry 27000000/32880015
Finished entry 28000000/32880015
Finished entry 29000000/32880015
Finished entry 30000000/32880015
Finished entry 31000000/32880015
Finished entry 32000000/32880015
Finished entry 32880015/32880015
All events checked.
*******************************************
******************Jithin's original*************************
    Initial entries 32880016.000000
Inspected genWeightd 0.000000
   METFiltersPassed 32841109.000000
    SingleTrgPassed 22596789.000000
     GoodMuonPassed 16410201.000000
 Good Muon 2 Passed 1115433.000000
         opp charge 1115121.000000
       DeltaRPassed 1105075.000000
     PassedBjetVeto 1078084.000000
PassedVisibleMasscut 982470.000000
     nGoodTauPassed 70713.000000
    nTightTauPassed 0.000000
   nVLooseTauPassed 0.000000
*******************************************
*******************************************
Number of events inspected: 0
Number of events inspected (minus negative gen. weights): 0.000000
 (net weight with SF): 1.000000
*******************************************
  Real Time = 5460.500,    Cpu Time = 3854.590
***************************
Output written to  31_SingleMuon_21-05-2020_08-19.root
