000 (2435197.000.000) 05/21 08:19:58 Job submitted from host: <144.92.180.28:9618?addrs=144.92.180.28-9618+[2607-f388-101c-1000--370]-9618&noUDP&sock=2512_99fe_3>
...
001 (2435197.000.000) 05/21 08:20:39 Job executing on host: <128.104.227.95:9618?addrs=128.104.227.95-9618+[2607-f388-101c-1000--629]-9618&noUDP&sock=3701_2819_3>
...
006 (2435197.000.000) 05/21 08:20:48 Image size of job updated: 230240
	107  -  MemoryUsage of job (MB)
	109344  -  ResidentSetSize of job (KB)
...
006 (2435197.000.000) 05/21 08:40:49 Image size of job updated: 515992
	502  -  MemoryUsage of job (MB)
	513964  -  ResidentSetSize of job (KB)
...
006 (2435197.000.000) 05/21 09:40:52 Image size of job updated: 517028
	504  -  MemoryUsage of job (MB)
	516036  -  ResidentSetSize of job (KB)
...
006 (2435197.000.000) 05/21 10:20:53 Image size of job updated: 519396
	504  -  MemoryUsage of job (MB)
	516036  -  ResidentSetSize of job (KB)
...
005 (2435197.000.000) 05/21 10:40:53 Job terminated.
	(1) Normal termination (return value 0)
		Usr 0 01:38:28, Sys 0 00:04:06  -  Run Remote Usage
		Usr 0 00:00:00, Sys 0 00:00:00  -  Run Local Usage
		Usr 0 01:38:28, Sys 0 00:04:06  -  Total Remote Usage
		Usr 0 00:00:00, Sys 0 00:00:00  -  Total Local Usage
	303092224  -  Run Bytes Sent By Job
	180511  -  Run Bytes Received By Job
	303092224  -  Total Bytes Sent By Job
	180511  -  Total Bytes Received By Job
	Partitionable Resources :     Usage  Request Allocated 
	   Cpus                 :      0.80        1         1 
	   Disk (KB)            : 296225     2048000  19000105 
	   Memory (MB)          :    504        1992      2048 
...
