000 (2435192.000.000) 05/21 08:19:57 Job submitted from host: <144.92.180.28:9618?addrs=144.92.180.28-9618+[2607-f388-101c-1000--370]-9618&noUDP&sock=2512_99fe_3>
...
001 (2435192.000.000) 05/21 08:20:38 Job executing on host: <128.104.227.23:9618?addrs=128.104.227.23-9618+[2607-f388-101c-1000--629]-9618&noUDP&sock=2996_95d4_48>
...
006 (2435192.000.000) 05/21 08:20:47 Image size of job updated: 228092
	107  -  MemoryUsage of job (MB)
	109436  -  ResidentSetSize of job (KB)
...
006 (2435192.000.000) 05/21 08:40:48 Image size of job updated: 381252
	372  -  MemoryUsage of job (MB)
	380228  -  ResidentSetSize of job (KB)
...
006 (2435192.000.000) 05/21 09:00:49 Image size of job updated: 501112
	489  -  MemoryUsage of job (MB)
	500072  -  ResidentSetSize of job (KB)
...
006 (2435192.000.000) 05/21 09:20:49 Image size of job updated: 517544
	504  -  MemoryUsage of job (MB)
	515552  -  ResidentSetSize of job (KB)
...
006 (2435192.000.000) 05/21 09:40:49 Image size of job updated: 539132
	525  -  MemoryUsage of job (MB)
	537292  -  ResidentSetSize of job (KB)
...
006 (2435192.000.000) 05/21 10:00:50 Image size of job updated: 539132
	525  -  MemoryUsage of job (MB)
	537316  -  ResidentSetSize of job (KB)
...
006 (2435192.000.000) 05/21 10:20:51 Image size of job updated: 539132
	525  -  MemoryUsage of job (MB)
	537324  -  ResidentSetSize of job (KB)
...
005 (2435192.000.000) 05/21 10:35:06 Job terminated.
	(1) Normal termination (return value 0)
		Usr 0 01:32:11, Sys 0 00:03:10  -  Run Remote Usage
		Usr 0 00:00:00, Sys 0 00:00:00  -  Run Local Usage
		Usr 0 01:32:11, Sys 0 00:03:10  -  Total Remote Usage
		Usr 0 00:00:00, Sys 0 00:00:00  -  Total Local Usage
	290997120  -  Run Bytes Sent By Job
	180511  -  Run Bytes Received By Job
	290997120  -  Total Bytes Sent By Job
	180511  -  Total Bytes Received By Job
	Partitionable Resources :     Usage  Request Allocated 
	   Cpus                 :      0.25        1         1 
	   Disk (KB)            : 284415     2048000  18999671 
	   Memory (MB)          :    525        1992      2048 
...
