000 (2435194.000.000) 05/21 08:19:58 Job submitted from host: <144.92.180.28:9618?addrs=144.92.180.28-9618+[2607-f388-101c-1000--370]-9618&noUDP&sock=2512_99fe_3>
...
001 (2435194.000.000) 05/21 08:20:38 Job executing on host: <144.92.180.241:9618?addrs=144.92.180.241-9618+[2607-f388-101c-1000--629]-9618&noUDP&sock=2717_36e8_3>
...
006 (2435194.000.000) 05/21 08:20:47 Image size of job updated: 227448
	107  -  MemoryUsage of job (MB)
	109424  -  ResidentSetSize of job (KB)
...
006 (2435194.000.000) 05/21 08:40:48 Image size of job updated: 438068
	425  -  MemoryUsage of job (MB)
	435012  -  ResidentSetSize of job (KB)
...
006 (2435194.000.000) 05/21 09:00:48 Image size of job updated: 509604
	495  -  MemoryUsage of job (MB)
	506552  -  ResidentSetSize of job (KB)
...
006 (2435194.000.000) 05/21 10:00:50 Image size of job updated: 518108
	503  -  MemoryUsage of job (MB)
	514800  -  ResidentSetSize of job (KB)
...
006 (2435194.000.000) 05/21 10:20:51 Image size of job updated: 518364
	506  -  MemoryUsage of job (MB)
	517604  -  ResidentSetSize of job (KB)
...
005 (2435194.000.000) 05/21 10:45:56 Job terminated.
	(1) Normal termination (return value 0)
		Usr 0 01:44:33, Sys 0 00:02:24  -  Run Remote Usage
		Usr 0 00:00:00, Sys 0 00:00:00  -  Run Local Usage
		Usr 0 01:44:33, Sys 0 00:02:24  -  Total Remote Usage
		Usr 0 00:00:00, Sys 0 00:00:00  -  Total Local Usage
	312021408  -  Run Bytes Sent By Job
	180511  -  Run Bytes Received By Job
	312021408  -  Total Bytes Sent By Job
	180511  -  Total Bytes Received By Job
	Partitionable Resources :     Usage  Request Allocated 
	   Cpus                 :      0.76        1         1 
	   Disk (KB)            : 304945     2048000  18992204 
	   Memory (MB)          :    506        1992      2048 
...
