000 (2435183.000.000) 05/21 08:19:55 Job submitted from host: <144.92.180.28:9618?addrs=144.92.180.28-9618+[2607-f388-101c-1000--370]-9618&noUDP&sock=2512_99fe_3>
...
001 (2435183.000.000) 05/21 08:20:37 Job executing on host: <128.104.227.129:9618?addrs=128.104.227.129-9618+[2607-f388-101c-1000--76]-9618&noUDP&sock=2902_1bed_3>
...
006 (2435183.000.000) 05/21 08:20:46 Image size of job updated: 229600
	107  -  MemoryUsage of job (MB)
	109536  -  ResidentSetSize of job (KB)
...
006 (2435183.000.000) 05/21 08:40:46 Image size of job updated: 522992
	508  -  MemoryUsage of job (MB)
	519748  -  ResidentSetSize of job (KB)
...
006 (2435183.000.000) 05/21 09:00:46 Image size of job updated: 545048
	529  -  MemoryUsage of job (MB)
	540752  -  ResidentSetSize of job (KB)
...
006 (2435183.000.000) 05/21 09:20:46 Image size of job updated: 545112
	529  -  MemoryUsage of job (MB)
	540752  -  ResidentSetSize of job (KB)
...
006 (2435183.000.000) 05/21 09:40:46 Image size of job updated: 545116
	529  -  MemoryUsage of job (MB)
	540752  -  ResidentSetSize of job (KB)
...
005 (2435183.000.000) 05/21 10:35:31 Job terminated.
	(1) Normal termination (return value 0)
		Usr 0 01:23:26, Sys 0 00:01:11  -  Run Remote Usage
		Usr 0 00:00:00, Sys 0 00:00:00  -  Run Local Usage
		Usr 0 01:23:26, Sys 0 00:01:11  -  Total Remote Usage
		Usr 0 00:00:00, Sys 0 00:00:00  -  Total Local Usage
	439064192  -  Run Bytes Sent By Job
	180511  -  Run Bytes Received By Job
	439064192  -  Total Bytes Sent By Job
	180511  -  Total Bytes Received By Job
	Partitionable Resources :     Usage  Request Allocated 
	   Cpus                 :      0.66        1         1 
	   Disk (KB)            : 429010     2048000  18984037 
	   Memory (MB)          :    529        1992      2048 
...
