000 (2435196.000.000) 05/21 08:19:58 Job submitted from host: <144.92.180.28:9618?addrs=144.92.180.28-9618+[2607-f388-101c-1000--370]-9618&noUDP&sock=2512_99fe_3>
...
001 (2435196.000.000) 05/21 08:20:38 Job executing on host: <144.92.181.151:9618?addrs=144.92.181.151-9618+[2607-f388-101c-1000--629]-9618&noUDP&sock=2724_0412_3>
...
006 (2435196.000.000) 05/21 08:20:47 Image size of job updated: 230856
	107  -  MemoryUsage of job (MB)
	109428  -  ResidentSetSize of job (KB)
...
006 (2435196.000.000) 05/21 08:40:47 Image size of job updated: 455172
	434  -  MemoryUsage of job (MB)
	443428  -  ResidentSetSize of job (KB)
...
006 (2435196.000.000) 05/21 09:00:47 Image size of job updated: 535960
	510  -  MemoryUsage of job (MB)
	521440  -  ResidentSetSize of job (KB)
...
006 (2435196.000.000) 05/21 10:20:50 Image size of job updated: 535960
	512  -  MemoryUsage of job (MB)
	523544  -  ResidentSetSize of job (KB)
...
006 (2435196.000.000) 05/21 10:40:50 Image size of job updated: 535960
	518  -  MemoryUsage of job (MB)
	529568  -  ResidentSetSize of job (KB)
...
006 (2435196.000.000) 05/21 11:00:51 Image size of job updated: 535960
	518  -  MemoryUsage of job (MB)
	529636  -  ResidentSetSize of job (KB)
...
005 (2435196.000.000) 05/21 11:06:29 Job terminated.
	(1) Normal termination (return value 0)
		Usr 0 01:55:42, Sys 0 00:03:16  -  Run Remote Usage
		Usr 0 00:00:00, Sys 0 00:00:00  -  Run Local Usage
		Usr 0 01:55:42, Sys 0 00:03:16  -  Total Remote Usage
		Usr 0 00:00:00, Sys 0 00:00:00  -  Total Local Usage
	347773120  -  Run Bytes Sent By Job
	180511  -  Run Bytes Received By Job
	347773120  -  Total Bytes Sent By Job
	180511  -  Total Bytes Received By Job
	Partitionable Resources :     Usage  Request Allocated 
	   Cpus                 :      0.78        1         1 
	   Disk (KB)            : 339860     2048000  18976265 
	   Memory (MB)          :    518        1992      2048 
...
