000 (2435201.000.000) 05/21 08:20:24 Job submitted from host: <144.92.180.28:9618?addrs=144.92.180.28-9618+[2607-f388-101c-1000--370]-9618&noUDP&sock=2512_99fe_3>
...
001 (2435201.000.000) 05/21 08:20:40 Job executing on host: <128.104.227.103:9618?addrs=128.104.227.103-9618+[2607-f388-101c-1000--52]-9618&noUDP&sock=3528_7e37_3>
...
006 (2435201.000.000) 05/21 08:20:48 Image size of job updated: 218892
	107  -  MemoryUsage of job (MB)
	109384  -  ResidentSetSize of job (KB)
...
006 (2435201.000.000) 05/21 08:40:48 Image size of job updated: 442608
	432  -  MemoryUsage of job (MB)
	441552  -  ResidentSetSize of job (KB)
...
006 (2435201.000.000) 05/21 09:00:49 Image size of job updated: 517664
	504  -  MemoryUsage of job (MB)
	515496  -  ResidentSetSize of job (KB)
...
006 (2435201.000.000) 05/21 10:20:50 Image size of job updated: 518916
	504  -  MemoryUsage of job (MB)
	515836  -  ResidentSetSize of job (KB)
...
005 (2435201.000.000) 05/21 10:26:54 Job terminated.
	(1) Normal termination (return value 0)
		Usr 0 01:24:51, Sys 0 00:02:05  -  Run Remote Usage
		Usr 0 00:00:00, Sys 0 00:00:00  -  Run Local Usage
		Usr 0 01:24:51, Sys 0 00:02:05  -  Total Remote Usage
		Usr 0 00:00:00, Sys 0 00:00:00  -  Total Local Usage
	276906016  -  Run Bytes Sent By Job
	180511  -  Run Bytes Received By Job
	276906016  -  Total Bytes Sent By Job
	180511  -  Total Bytes Received By Job
	Partitionable Resources :     Usage  Request Allocated 
	   Cpus                 :      0.78        1         1 
	   Disk (KB)            : 270654     2048000  18994846 
	   Memory (MB)          :    504        1992      2048 
...
