000 (2435204.000.000) 05/21 08:20:25 Job submitted from host: <144.92.180.28:9618?addrs=144.92.180.28-9618+[2607-f388-101c-1000--370]-9618&noUDP&sock=2512_99fe_3>
...
001 (2435204.000.000) 05/21 08:20:39 Job executing on host: <128.104.227.107:9618?addrs=128.104.227.107-9618+[2607-f388-101c-1000--56]-9618&noUDP&sock=3467_a6f0_3>
...
006 (2435204.000.000) 05/21 08:20:48 Image size of job updated: 165464
	53  -  MemoryUsage of job (MB)
	53612  -  ResidentSetSize of job (KB)
...
006 (2435204.000.000) 05/21 08:40:49 Image size of job updated: 447484
	437  -  MemoryUsage of job (MB)
	446472  -  ResidentSetSize of job (KB)
...
006 (2435204.000.000) 05/21 09:00:49 Image size of job updated: 514764
	502  -  MemoryUsage of job (MB)
	513584  -  ResidentSetSize of job (KB)
...
006 (2435204.000.000) 05/21 09:20:49 Image size of job updated: 518060
	503  -  MemoryUsage of job (MB)
	514288  -  ResidentSetSize of job (KB)
...
006 (2435204.000.000) 05/21 09:40:49 Image size of job updated: 518344
	503  -  MemoryUsage of job (MB)
	514288  -  ResidentSetSize of job (KB)
...
005 (2435204.000.000) 05/21 09:58:59 Job terminated.
	(1) Normal termination (return value 0)
		Usr 0 01:02:47, Sys 0 00:02:12  -  Run Remote Usage
		Usr 0 00:00:00, Sys 0 00:00:00  -  Run Local Usage
		Usr 0 01:02:47, Sys 0 00:02:12  -  Total Remote Usage
		Usr 0 00:00:00, Sys 0 00:00:00  -  Total Local Usage
	196636320  -  Run Bytes Sent By Job
	180511  -  Run Bytes Received By Job
	196636320  -  Total Bytes Sent By Job
	180511  -  Total Bytes Received By Job
	Partitionable Resources :     Usage  Request Allocated 
	   Cpus                 :      0.75        1         1 
	   Disk (KB)            : 192264     2048000  18999194 
	   Memory (MB)          :    503        1992      2048 
...
