000 (2435212.000.000) 05/21 08:20:27 Job submitted from host: <144.92.180.28:9618?addrs=144.92.180.28-9618+[2607-f388-101c-1000--370]-9618&noUDP&sock=2512_99fe_3>
...
001 (2435212.000.000) 05/21 08:20:39 Job executing on host: <128.104.227.26:9618?addrs=128.104.227.26-9618+[2607-f388-101c-1000--629]-9618&noUDP&sock=2866_6a85_48>
...
006 (2435212.000.000) 05/21 08:20:48 Image size of job updated: 228012
	107  -  MemoryUsage of job (MB)
	109368  -  ResidentSetSize of job (KB)
...
006 (2435212.000.000) 05/21 08:40:48 Image size of job updated: 513544
	502  -  MemoryUsage of job (MB)
	513132  -  ResidentSetSize of job (KB)
...
006 (2435212.000.000) 05/21 09:20:49 Image size of job updated: 518516
	504  -  MemoryUsage of job (MB)
	515624  -  ResidentSetSize of job (KB)
...
006 (2435212.000.000) 05/21 10:00:51 Image size of job updated: 521028
	506  -  MemoryUsage of job (MB)
	517512  -  ResidentSetSize of job (KB)
...
005 (2435212.000.000) 05/21 10:40:02 Job terminated.
	(1) Normal termination (return value 0)
		Usr 0 01:39:23, Sys 0 00:01:56  -  Run Remote Usage
		Usr 0 00:00:00, Sys 0 00:00:00  -  Run Local Usage
		Usr 0 01:39:23, Sys 0 00:01:56  -  Total Remote Usage
		Usr 0 00:00:00, Sys 0 00:00:00  -  Total Local Usage
	303092224  -  Run Bytes Sent By Job
	180511  -  Run Bytes Received By Job
	303092224  -  Total Bytes Sent By Job
	180511  -  Total Bytes Received By Job
	Partitionable Resources :     Usage  Request Allocated 
	   Cpus                 :      0.71        1         1 
	   Disk (KB)            : 296225     2048000  18997324 
	   Memory (MB)          :    506        1992      2048 
...
