All files added.
Initializing chain.
from Init MC
****************** wjet sample found
.... MC file ..... 
Coming in: 
nentries:54074
Running over 54074 events.
Finished entry 0/54073
Finished entry 2000/54073
Finished entry 4000/54073
Finished entry 6000/54073
Finished entry 8000/54073
Finished entry 10000/54073
Finished entry 12000/54073
Finished entry 14000/54073
Finished entry 16000/54073
Finished entry 18000/54073
Finished entry 20000/54073
Finished entry 22000/54073
Finished entry 24000/54073
Finished entry 26000/54073
Finished entry 28000/54073
Finished entry 30000/54073
Finished entry 32000/54073
Finished entry 34000/54073
Finished entry 36000/54073
Finished entry 38000/54073
Finished entry 40000/54073
Finished entry 42000/54073
Finished entry 44000/54073
Finished entry 46000/54073
Finished entry 48000/54073
Finished entry 50000/54073
Finished entry 52000/54073
Finished entry 54073/54073
All events checked.
*******************************************
******************Jithin's original*************************
    Initial entries 54074.000000
   Passing smikking 0.000000
Inspected genWeightd 54068.000000   % change= 0.011096
   METFiltersPassed 50828.740159   % change= 5.991085
    SingleTrgPassed 31611.483373   % change= 37.807856
     GoodMuonPassed 26719.494996   % change= 15.475352
      GoodTauPassed 421.781477   % change= 98.421447
         opp charge 361.148125   % change= 14.375537
         after sf 1 361.148125   % change= 14.375537
         after sf 2 0.000000   % change= 14.375537
         after sf 3 0.000000   % change= 14.375537
         after sf 4 303.232331   % change= 14.375537
 PassedThirdLepVeto 303.232331   % change= 16.036576
     PassedBjetVeto 295.417032   % change= 2.577330
       DeltaRPassed 295.417032   % change= 0.000000
      Total change :99.453680
*******************************************
*******************************************
Number of events inspected: 54074
Number of events inspected (minus negative gen. weights): 54068.000000
 Outpt written to WJetsToLNu_TuneCP5_03.root
Real time 0:00:26, CP time 18.450
