000 (6283883.000.000) 07/17 04:26:50 Job submitted from host: <144.92.181.245:9618?addrs=144.92.181.245-9618+[2607-f388-101c-1000--372]-9618&noUDP&sock=3375869_eb73_31>
...
001 (6283883.000.000) 07/17 04:33:07 Job executing on host: <128.104.227.30:9618?addrs=128.104.227.30-9618+[2607-f388-101c-1000--629]-9618&noUDP&sock=3327_9fad_3>
...
006 (6283883.000.000) 07/17 04:33:16 Image size of job updated: 311744
	196  -  MemoryUsage of job (MB)
	200144  -  ResidentSetSize of job (KB)
...
006 (6283883.000.000) 07/17 04:35:26 Image size of job updated: 312176
	196  -  MemoryUsage of job (MB)
	200144  -  ResidentSetSize of job (KB)
...
005 (6283883.000.000) 07/17 04:35:26 Job terminated.
	(1) Normal termination (return value 0)
		Usr 0 00:01:39, Sys 0 00:00:03  -  Run Remote Usage
		Usr 0 00:00:00, Sys 0 00:00:00  -  Run Local Usage
		Usr 0 00:01:39, Sys 0 00:00:03  -  Total Remote Usage
		Usr 0 00:00:00, Sys 0 00:00:00  -  Total Local Usage
	146352  -  Run Bytes Sent By Job
	71714728  -  Run Bytes Received By Job
	146352  -  Total Bytes Sent By Job
	71714728  -  Total Bytes Received By Job
	Partitionable Resources :    Usage  Request Allocated 
	   Cpus                 :     0.74        1         1 
	   Disk (KB)            : 70237     2048000  18999626 
	   Memory (MB)          :   196        1992      2048 
...
