000 (6283950.000.000) 07/17 04:27:35 Job submitted from host: <144.92.181.245:9618?addrs=144.92.181.245-9618+[2607-f388-101c-1000--372]-9618&noUDP&sock=3375869_eb73_31>
...
001 (6283950.000.000) 07/17 04:35:50 Job executing on host: <128.104.227.101:9618?addrs=128.104.227.101-9618+[2607-f388-101c-1000--50]-9618&noUDP&sock=3958_6ff0_3>
...
006 (6283950.000.000) 07/17 04:35:58 Image size of job updated: 346296
	233  -  MemoryUsage of job (MB)
	238120  -  ResidentSetSize of job (KB)
...
005 (6283950.000.000) 07/17 04:39:15 Job terminated.
	(1) Normal termination (return value 0)
		Usr 0 00:02:46, Sys 0 00:00:04  -  Run Remote Usage
		Usr 0 00:00:00, Sys 0 00:00:00  -  Run Local Usage
		Usr 0 00:02:46, Sys 0 00:00:04  -  Total Remote Usage
		Usr 0 00:00:00, Sys 0 00:00:00  -  Total Local Usage
	123794  -  Run Bytes Sent By Job
	71714680  -  Run Bytes Received By Job
	123794  -  Total Bytes Sent By Job
	71714680  -  Total Bytes Received By Job
	Partitionable Resources :    Usage  Request Allocated 
	   Cpus                 :     0.84        1         1 
	   Disk (KB)            : 70217     2048000  18995900 
	   Memory (MB)          :   233        1992      2048 
...
