000 (6283901.000.000) 07/17 04:27:01 Job submitted from host: <144.92.181.245:9618?addrs=144.92.181.245-9618+[2607-f388-101c-1000--372]-9618&noUDP&sock=3375869_eb73_31>
...
001 (6283901.000.000) 07/17 04:34:12 Job executing on host: <144.92.181.229:9618?addrs=144.92.181.229-9618+[2607-f388-101c-1000--629]-9618&noUDP&sock=2250_e42e_3>
...
006 (6283901.000.000) 07/17 04:34:21 Image size of job updated: 312952
	201  -  MemoryUsage of job (MB)
	205564  -  ResidentSetSize of job (KB)
...
005 (6283901.000.000) 07/17 04:39:26 Job terminated.
	(1) Normal termination (return value 0)
		Usr 0 00:04:11, Sys 0 00:00:08  -  Run Remote Usage
		Usr 0 00:00:00, Sys 0 00:00:00  -  Run Local Usage
		Usr 0 00:04:11, Sys 0 00:00:08  -  Total Remote Usage
		Usr 0 00:00:00, Sys 0 00:00:00  -  Total Local Usage
	157808  -  Run Bytes Sent By Job
	71714648  -  Run Bytes Received By Job
	157808  -  Total Bytes Sent By Job
	71714648  -  Total Bytes Received By Job
	Partitionable Resources :    Usage  Request Allocated 
	   Cpus                 :     0.83        1         1 
	   Disk (KB)            : 70250     2048000  18357883 
	   Memory (MB)          :   201        1992      2048 
...
