000 (6283851.000.000) 07/17 04:26:30 Job submitted from host: <144.92.181.245:9618?addrs=144.92.181.245-9618+[2607-f388-101c-1000--372]-9618&noUDP&sock=3375869_eb73_31>
...
001 (6283851.000.000) 07/17 04:28:54 Job executing on host: <128.104.227.30:9618?addrs=128.104.227.30-9618+[2607-f388-101c-1000--629]-9618&noUDP&sock=3327_9fad_3>
...
006 (6283851.000.000) 07/17 04:29:03 Image size of job updated: 194116
	86  -  MemoryUsage of job (MB)
	87096  -  ResidentSetSize of job (KB)
...
006 (6283851.000.000) 07/17 04:30:08 Image size of job updated: 304928
	87  -  MemoryUsage of job (MB)
	88120  -  ResidentSetSize of job (KB)
...
005 (6283851.000.000) 07/17 04:30:08 Job terminated.
	(1) Normal termination (return value 0)
		Usr 0 00:00:46, Sys 0 00:00:03  -  Run Remote Usage
		Usr 0 00:00:00, Sys 0 00:00:00  -  Run Local Usage
		Usr 0 00:00:46, Sys 0 00:00:03  -  Total Remote Usage
		Usr 0 00:00:00, Sys 0 00:00:00  -  Total Local Usage
	149651  -  Run Bytes Sent By Job
	71714688  -  Run Bytes Received By Job
	149651  -  Total Bytes Sent By Job
	71714688  -  Total Bytes Received By Job
	Partitionable Resources :    Usage  Request Allocated 
	   Cpus                 :     0.03        1         1 
	   Disk (KB)            : 70240     2048000  18999626 
	   Memory (MB)          :    87        1992      2048 
...
