000 (6283894.000.000) 07/17 04:26:56 Job submitted from host: <144.92.181.245:9618?addrs=144.92.181.245-9618+[2607-f388-101c-1000--372]-9618&noUDP&sock=3375869_eb73_31>
...
001 (6283894.000.000) 07/17 04:33:58 Job executing on host: <144.92.180.146:9618?addrs=144.92.180.146-9618+[2607-f388-101c-1000--629]-9618&noUDP&sock=3019_5c82_3>
...
006 (6283894.000.000) 07/17 04:34:06 Image size of job updated: 314480
	203  -  MemoryUsage of job (MB)
	206928  -  ResidentSetSize of job (KB)
...
005 (6283894.000.000) 07/17 04:39:37 Job terminated.
	(1) Normal termination (return value 0)
		Usr 0 00:03:54, Sys 0 00:00:10  -  Run Remote Usage
		Usr 0 00:00:00, Sys 0 00:00:00  -  Run Local Usage
		Usr 0 00:03:54, Sys 0 00:00:10  -  Total Remote Usage
		Usr 0 00:00:00, Sys 0 00:00:00  -  Total Local Usage
	138447  -  Run Bytes Sent By Job
	71714688  -  Run Bytes Received By Job
	138447  -  Total Bytes Sent By Job
	71714688  -  Total Bytes Received By Job
	Partitionable Resources :    Usage  Request Allocated 
	   Cpus                 :     0.70        1         1 
	   Disk (KB)            : 70231     2048000  18986148 
	   Memory (MB)          :   203        1992      2048 
...
