000 (6283903.000.000) 07/17 04:27:02 Job submitted from host: <144.92.181.245:9618?addrs=144.92.181.245-9618+[2607-f388-101c-1000--372]-9618&noUDP&sock=3375869_eb73_31>
...
001 (6283903.000.000) 07/17 04:34:18 Job executing on host: <128.104.227.31:9618?addrs=128.104.227.31-9618+[2607-f388-101c-1000--629]-9618&noUDP&sock=3315_648b_3>
...
006 (6283903.000.000) 07/17 04:34:27 Image size of job updated: 308480
	193  -  MemoryUsage of job (MB)
	197068  -  ResidentSetSize of job (KB)
...
006 (6283903.000.000) 07/17 04:35:07 Image size of job updated: 315436
	193  -  MemoryUsage of job (MB)
	197068  -  ResidentSetSize of job (KB)
...
005 (6283903.000.000) 07/17 04:35:07 Job terminated.
	(1) Normal termination (return value 0)
		Usr 0 00:00:29, Sys 0 00:00:01  -  Run Remote Usage
		Usr 0 00:00:00, Sys 0 00:00:00  -  Run Local Usage
		Usr 0 00:00:29, Sys 0 00:00:01  -  Total Remote Usage
		Usr 0 00:00:00, Sys 0 00:00:00  -  Total Local Usage
	85310  -  Run Bytes Sent By Job
	71714672  -  Run Bytes Received By Job
	85310  -  Total Bytes Sent By Job
	71714672  -  Total Bytes Received By Job
	Partitionable Resources :    Usage  Request Allocated 
	   Cpus                 :     0.50        1         1 
	   Disk (KB)            : 70177     2048000  18992033 
	   Memory (MB)          :   193        1992      2048 
...
