000 (6283874.000.000) 07/17 04:26:44 Job submitted from host: <144.92.181.245:9618?addrs=144.92.181.245-9618+[2607-f388-101c-1000--372]-9618&noUDP&sock=3375869_eb73_31>
...
001 (6283874.000.000) 07/17 04:32:47 Job executing on host: <144.92.181.183:9618?addrs=144.92.181.183-9618+[2607-f388-101c-1000--629]-9618&noUDP&sock=3161_c2f5_3>
...
006 (6283874.000.000) 07/17 04:32:56 Image size of job updated: 300944
	189  -  MemoryUsage of job (MB)
	193020  -  ResidentSetSize of job (KB)
...
005 (6283874.000.000) 07/17 04:34:17 Job terminated.
	(1) Normal termination (return value 0)
		Usr 0 00:00:57, Sys 0 00:00:03  -  Run Remote Usage
		Usr 0 00:00:00, Sys 0 00:00:00  -  Run Local Usage
		Usr 0 00:00:57, Sys 0 00:00:03  -  Total Remote Usage
		Usr 0 00:00:00, Sys 0 00:00:00  -  Total Local Usage
	109088  -  Run Bytes Sent By Job
	71714720  -  Run Bytes Received By Job
	109088  -  Total Bytes Sent By Job
	71714720  -  Total Bytes Received By Job
	Partitionable Resources :    Usage  Request Allocated 
	   Cpus                 :     0.76        1         1 
	   Disk (KB)            : 70202     2048000  18993394 
	   Memory (MB)          :   189        1992      2048 
...
