000 (6283895.000.000) 07/17 04:26:57 Job submitted from host: <144.92.181.245:9618?addrs=144.92.181.245-9618+[2607-f388-101c-1000--372]-9618&noUDP&sock=3375869_eb73_31>
...
001 (6283895.000.000) 07/17 04:34:03 Job executing on host: <144.92.180.172:9618?addrs=144.92.180.172-9618+[2607-f388-101c-1000--629]-9618&noUDP&sock=3143_6a40_3>
...
006 (6283895.000.000) 07/17 04:34:12 Image size of job updated: 315044
	203  -  MemoryUsage of job (MB)
	206916  -  ResidentSetSize of job (KB)
...
005 (6283895.000.000) 07/17 04:39:31 Job terminated.
	(1) Normal termination (return value 0)
		Usr 0 00:03:50, Sys 0 00:00:10  -  Run Remote Usage
		Usr 0 00:00:00, Sys 0 00:00:00  -  Run Local Usage
		Usr 0 00:03:50, Sys 0 00:00:10  -  Total Remote Usage
		Usr 0 00:00:00, Sys 0 00:00:00  -  Total Local Usage
	137302  -  Run Bytes Sent By Job
	71714688  -  Run Bytes Received By Job
	137302  -  Total Bytes Sent By Job
	71714688  -  Total Bytes Received By Job
	Partitionable Resources :    Usage  Request Allocated 
	   Cpus                 :     0.73        1         1 
	   Disk (KB)            : 70228     2048000  18992051 
	   Memory (MB)          :   203        1992      2048 
...
