000 (6283963.000.000) 07/17 04:27:43 Job submitted from host: <144.92.181.245:9618?addrs=144.92.181.245-9618+[2607-f388-101c-1000--372]-9618&noUDP&sock=3375869_eb73_31>
...
001 (6283963.000.000) 07/17 04:36:35 Job executing on host: <128.104.227.103:9618?addrs=128.104.227.103-9618+[2607-f388-101c-1000--52]-9618&noUDP&sock=3904_65d3_3>
...
006 (6283963.000.000) 07/17 04:36:44 Image size of job updated: 322788
	211  -  MemoryUsage of job (MB)
	215364  -  ResidentSetSize of job (KB)
...
005 (6283963.000.000) 07/17 04:38:06 Job terminated.
	(1) Normal termination (return value 0)
		Usr 0 00:01:13, Sys 0 00:00:03  -  Run Remote Usage
		Usr 0 00:00:00, Sys 0 00:00:00  -  Run Local Usage
		Usr 0 00:01:13, Sys 0 00:00:03  -  Total Remote Usage
		Usr 0 00:00:00, Sys 0 00:00:00  -  Total Local Usage
	122424  -  Run Bytes Sent By Job
	71714680  -  Run Bytes Received By Job
	122424  -  Total Bytes Sent By Job
	71714680  -  Total Bytes Received By Job
	Partitionable Resources :    Usage  Request Allocated 
	   Cpus                 :     0.84        1         1 
	   Disk (KB)            : 70216     2048000  18994846 
	   Memory (MB)          :   211        1992      2048 
...
