000 (6283956.000.000) 07/17 04:27:39 Job submitted from host: <144.92.181.245:9618?addrs=144.92.181.245-9618+[2607-f388-101c-1000--372]-9618&noUDP&sock=3375869_eb73_31>
...
001 (6283956.000.000) 07/17 04:36:13 Job executing on host: <144.92.180.141:9618?addrs=144.92.180.141-9618+[2607-f388-101c-1000--629]-9618&noUDP&sock=3092_6eec_3>
...
006 (6283956.000.000) 07/17 04:36:22 Image size of job updated: 348684
	232  -  MemoryUsage of job (MB)
	236640  -  ResidentSetSize of job (KB)
...
006 (6283956.000.000) 07/17 04:40:58 Image size of job updated: 351184
	232  -  MemoryUsage of job (MB)
	236640  -  ResidentSetSize of job (KB)
...
005 (6283956.000.000) 07/17 04:40:58 Job terminated.
	(1) Normal termination (return value 0)
		Usr 0 00:03:49, Sys 0 00:00:05  -  Run Remote Usage
		Usr 0 00:00:00, Sys 0 00:00:00  -  Run Local Usage
		Usr 0 00:03:49, Sys 0 00:00:05  -  Total Remote Usage
		Usr 0 00:00:00, Sys 0 00:00:00  -  Total Local Usage
	123853  -  Run Bytes Sent By Job
	71714680  -  Run Bytes Received By Job
	123853  -  Total Bytes Sent By Job
	71714680  -  Total Bytes Received By Job
	Partitionable Resources :    Usage  Request Allocated 
	   Cpus                 :     0.83        1         1 
	   Disk (KB)            : 70215     2048000  18995294 
	   Memory (MB)          :   232        1992      2048 
...
