All files added.
Initializing chain.
from Init MC
****************** wjet sample found
.... MC file ..... 
Coming in: 
nentries:120460
Running over 120460 events.
Finished entry 0/120459
Finished entry 6000/120459
Finished entry 12000/120459
Finished entry 18000/120459
Finished entry 24000/120459
Finished entry 30000/120459
Finished entry 36000/120459
Finished entry 42000/120459
Finished entry 48000/120459
Finished entry 54000/120459
Finished entry 60000/120459
Finished entry 66000/120459
Finished entry 72000/120459
Finished entry 78000/120459
Finished entry 84000/120459
Finished entry 90000/120459
Finished entry 96000/120459
Finished entry 102000/120459
Finished entry 108000/120459
Finished entry 114000/120459
Finished entry 120000/120459
Finished entry 120459/120459
All events checked.
*******************************************
******************Jithin's original*************************
    Initial entries 120460.000000
   Passing smikking 0.000000
Inspected genWeightd 120458.000000   % change= 0.001660
   METFiltersPassed 115909.864785   % change= 3.775702
    SingleTrgPassed 71670.813640   % change= 38.166770
     GoodMuonPassed 60636.375158   % change= 15.396000
      GoodTauPassed 1134.646826   % change= 98.128769
         opp charge 953.057125   % change= 16.004073
         after sf 1 953.057125   % change= 16.004073
         after sf 2 0.000000   % change= 16.004073
         after sf 3 0.000000   % change= 16.004073
         after sf 4 798.325066   % change= 16.004073
 PassedThirdLepVeto 798.325066   % change= 16.235339
     PassedBjetVeto 785.900715   % change= 1.556302
       DeltaRPassed 785.900715   % change= 0.000000
      Total change :99.347584
*******************************************
*******************************************
Number of events inspected: 120460
Number of events inspected (minus negative gen. weights): 120458.000000
 Outpt written to W1JetsToLNu_TuneCP5_00.root
Real time 0:00:44, CP time 30.300
