000 (6283889.000.000) 07/17 04:26:53 Job submitted from host: <144.92.181.245:9618?addrs=144.92.181.245-9618+[2607-f388-101c-1000--372]-9618&noUDP&sock=3375869_eb73_31>
...
001 (6283889.000.000) 07/17 04:33:33 Job executing on host: <144.92.180.146:9618?addrs=144.92.180.146-9618+[2607-f388-101c-1000--629]-9618&noUDP&sock=3019_5c82_3>
...
006 (6283889.000.000) 07/17 04:33:41 Image size of job updated: 311136
	199  -  MemoryUsage of job (MB)
	202800  -  ResidentSetSize of job (KB)
...
005 (6283889.000.000) 07/17 04:33:55 Job terminated.
	(1) Normal termination (return value 0)
		Usr 0 00:00:15, Sys 0 00:00:01  -  Run Remote Usage
		Usr 0 00:00:00, Sys 0 00:00:00  -  Run Local Usage
		Usr 0 00:00:15, Sys 0 00:00:01  -  Total Remote Usage
		Usr 0 00:00:00, Sys 0 00:00:00  -  Total Local Usage
	66376  -  Run Bytes Sent By Job
	71714680  -  Run Bytes Received By Job
	66376  -  Total Bytes Sent By Job
	71714680  -  Total Bytes Received By Job
	Partitionable Resources :    Usage  Request Allocated 
	   Cpus                 :     0.04        1         1 
	   Disk (KB)            : 70159     2048000  18986148 
	   Memory (MB)          :   199        1992      2048 
...
