000 (6283970.000.000) 07/17 04:27:47 Job submitted from host: <144.92.181.245:9618?addrs=144.92.181.245-9618+[2607-f388-101c-1000--372]-9618&noUDP&sock=3375869_eb73_31>
...
001 (6283970.000.000) 07/17 04:37:23 Job executing on host: <128.104.227.112:9618?addrs=128.104.227.112-9618+[2607-f388-101c-1000--61]-9618&noUDP&sock=3924_1db8_3>
...
006 (6283970.000.000) 07/17 04:37:32 Image size of job updated: 321820
	210  -  MemoryUsage of job (MB)
	214440  -  ResidentSetSize of job (KB)
...
005 (6283970.000.000) 07/17 04:41:26 Job terminated.
	(1) Normal termination (return value 0)
		Usr 0 00:02:58, Sys 0 00:00:08  -  Run Remote Usage
		Usr 0 00:00:00, Sys 0 00:00:00  -  Run Local Usage
		Usr 0 00:02:58, Sys 0 00:00:08  -  Total Remote Usage
		Usr 0 00:00:00, Sys 0 00:00:00  -  Total Local Usage
	123612  -  Run Bytes Sent By Job
	71714680  -  Run Bytes Received By Job
	123612  -  Total Bytes Sent By Job
	71714680  -  Total Bytes Received By Job
	Partitionable Resources :    Usage  Request Allocated 
	   Cpus                 :     0.87        1         1 
	   Disk (KB)            : 70217     2048000  18999598 
	   Memory (MB)          :   210        1992      2048 
...
