000 (6283957.000.000) 07/17 04:27:40 Job submitted from host: <144.92.181.245:9618?addrs=144.92.181.245-9618+[2607-f388-101c-1000--372]-9618&noUDP&sock=3375869_eb73_31>
...
001 (6283957.000.000) 07/17 04:36:18 Job executing on host: <128.104.227.112:9618?addrs=128.104.227.112-9618+[2607-f388-101c-1000--61]-9618&noUDP&sock=3924_1db8_3>
...
006 (6283957.000.000) 07/17 04:36:27 Image size of job updated: 352300
	238  -  MemoryUsage of job (MB)
	243608  -  ResidentSetSize of job (KB)
...
005 (6283957.000.000) 07/17 04:40:21 Job terminated.
	(1) Normal termination (return value 0)
		Usr 0 00:02:57, Sys 0 00:00:07  -  Run Remote Usage
		Usr 0 00:00:00, Sys 0 00:00:00  -  Run Local Usage
		Usr 0 00:02:57, Sys 0 00:00:07  -  Total Remote Usage
		Usr 0 00:00:00, Sys 0 00:00:00  -  Total Local Usage
	123566  -  Run Bytes Sent By Job
	71714680  -  Run Bytes Received By Job
	123566  -  Total Bytes Sent By Job
	71714680  -  Total Bytes Received By Job
	Partitionable Resources :    Usage  Request Allocated 
	   Cpus                 :     0.78        1         1 
	   Disk (KB)            : 70217     2048000  18999598 
	   Memory (MB)          :   238        1992      2048 
...
