000 (6283935.000.000) 07/17 04:27:21 Job submitted from host: <144.92.181.245:9618?addrs=144.92.181.245-9618+[2607-f388-101c-1000--372]-9618&noUDP&sock=3375869_eb73_31>
...
001 (6283935.000.000) 07/17 04:35:25 Job executing on host: <144.92.180.174:9618?addrs=144.92.180.174-9618+[2607-f388-101c-1000--629]-9618&noUDP&sock=3096_2d4d_3>
...
006 (6283935.000.000) 07/17 04:35:33 Image size of job updated: 305728
	194  -  MemoryUsage of job (MB)
	198204  -  ResidentSetSize of job (KB)
...
005 (6283935.000.000) 07/17 04:35:36 Job terminated.
	(1) Normal termination (return value 0)
		Usr 0 00:00:06, Sys 0 00:00:01  -  Run Remote Usage
		Usr 0 00:00:00, Sys 0 00:00:00  -  Run Local Usage
		Usr 0 00:00:06, Sys 0 00:00:01  -  Total Remote Usage
		Usr 0 00:00:00, Sys 0 00:00:00  -  Total Local Usage
	50717  -  Run Bytes Sent By Job
	71714688  -  Run Bytes Received By Job
	50717  -  Total Bytes Sent By Job
	71714688  -  Total Bytes Received By Job
	Partitionable Resources :    Usage  Request Allocated 
	   Cpus                 :        0        1         1 
	   Disk (KB)            :    70144  2048000  18993677 
	   Memory (MB)          :      194     1992      2048 
...
