000 (6283881.000.000) 07/17 04:26:48 Job submitted from host: <144.92.181.245:9618?addrs=144.92.181.245-9618+[2607-f388-101c-1000--372]-9618&noUDP&sock=3375869_eb73_31>
...
001 (6283881.000.000) 07/17 04:33:00 Job executing on host: <128.104.227.26:9618?addrs=128.104.227.26-9618+[2607-f388-101c-1000--629]-9618&noUDP&sock=3266_c867_3>
...
006 (6283881.000.000) 07/17 04:33:08 Image size of job updated: 313316
	199  -  MemoryUsage of job (MB)
	203472  -  ResidentSetSize of job (KB)
...
006 (6283881.000.000) 07/17 04:33:38 Image size of job updated: 313540
	199  -  MemoryUsage of job (MB)
	203472  -  ResidentSetSize of job (KB)
...
005 (6283881.000.000) 07/17 04:33:38 Job terminated.
	(1) Normal termination (return value 0)
		Usr 0 00:00:23, Sys 0 00:00:01  -  Run Remote Usage
		Usr 0 00:00:00, Sys 0 00:00:00  -  Run Local Usage
		Usr 0 00:00:23, Sys 0 00:00:01  -  Total Remote Usage
		Usr 0 00:00:00, Sys 0 00:00:00  -  Total Local Usage
	96309  -  Run Bytes Sent By Job
	71714744  -  Run Bytes Received By Job
	96309  -  Total Bytes Sent By Job
	71714744  -  Total Bytes Received By Job
	Partitionable Resources :    Usage  Request Allocated 
	   Cpus                 :        0        1         1 
	   Disk (KB)            :    70188  2048000  18997324 
	   Memory (MB)          :      199     1992      2048 
...
