000 (6283873.000.000) 07/17 04:26:44 Job submitted from host: <144.92.181.245:9618?addrs=144.92.181.245-9618+[2607-f388-101c-1000--372]-9618&noUDP&sock=3375869_eb73_31>
...
001 (6283873.000.000) 07/17 04:32:16 Job executing on host: <128.104.227.26:9618?addrs=128.104.227.26-9618+[2607-f388-101c-1000--629]-9618&noUDP&sock=3266_c867_3>
...
006 (6283873.000.000) 07/17 04:32:25 Image size of job updated: 250008
	136  -  MemoryUsage of job (MB)
	138928  -  ResidentSetSize of job (KB)
...
006 (6283873.000.000) 07/17 04:32:48 Image size of job updated: 526348
	137  -  MemoryUsage of job (MB)
	139732  -  ResidentSetSize of job (KB)
...
005 (6283873.000.000) 07/17 04:32:48 Job terminated.
	(1) Normal termination (return value 0)
		Usr 0 00:00:14, Sys 0 00:00:01  -  Run Remote Usage
		Usr 0 00:00:00, Sys 0 00:00:00  -  Run Local Usage
		Usr 0 00:00:14, Sys 0 00:00:01  -  Total Remote Usage
		Usr 0 00:00:00, Sys 0 00:00:00  -  Total Local Usage
	143649  -  Run Bytes Sent By Job
	71714696  -  Run Bytes Received By Job
	143649  -  Total Bytes Sent By Job
	71714696  -  Total Bytes Received By Job
	Partitionable Resources :    Usage  Request Allocated 
	   Cpus                 :        0        1         1 
	   Disk (KB)            :    70234  2048000  18997324 
	   Memory (MB)          :      137     1992      2048 
...
