000 (6283924.000.000) 07/17 04:27:14 Job submitted from host: <144.92.181.245:9618?addrs=144.92.181.245-9618+[2607-f388-101c-1000--372]-9618&noUDP&sock=3375869_eb73_31>
...
001 (6283924.000.000) 07/17 04:35:11 Job executing on host: <144.92.180.110:9618?addrs=144.92.180.110-9618+[2607-f388-101c-1000--629]-9618&noUDP&sock=3434_0450_3>
...
006 (6283924.000.000) 07/17 04:35:20 Image size of job updated: 318568
	207  -  MemoryUsage of job (MB)
	211044  -  ResidentSetSize of job (KB)
...
005 (6283924.000.000) 07/17 04:38:59 Job terminated.
	(1) Normal termination (return value 0)
		Usr 0 00:02:42, Sys 0 00:00:07  -  Run Remote Usage
		Usr 0 00:00:00, Sys 0 00:00:00  -  Run Local Usage
		Usr 0 00:02:42, Sys 0 00:00:07  -  Total Remote Usage
		Usr 0 00:00:00, Sys 0 00:00:00  -  Total Local Usage
	155360  -  Run Bytes Sent By Job
	71714664  -  Run Bytes Received By Job
	155360  -  Total Bytes Sent By Job
	71714664  -  Total Bytes Received By Job
	Partitionable Resources :    Usage  Request Allocated 
	   Cpus                 :     0.71        1         1 
	   Disk (KB)            : 70247     2048000  18354912 
	   Memory (MB)          :   207        1992      2048 
...
