000 (6283899.000.000) 07/17 04:26:59 Job submitted from host: <144.92.181.245:9618?addrs=144.92.181.245-9618+[2607-f388-101c-1000--372]-9618&noUDP&sock=3375869_eb73_31>
...
001 (6283899.000.000) 07/17 04:34:09 Job executing on host: <144.92.180.141:9618?addrs=144.92.180.141-9618+[2607-f388-101c-1000--629]-9618&noUDP&sock=3092_6eec_3>
...
006 (6283899.000.000) 07/17 04:34:18 Image size of job updated: 310428
	194  -  MemoryUsage of job (MB)
	197700  -  ResidentSetSize of job (KB)
...
006 (6283899.000.000) 07/17 04:36:11 Image size of job updated: 310756
	194  -  MemoryUsage of job (MB)
	197700  -  ResidentSetSize of job (KB)
...
005 (6283899.000.000) 07/17 04:36:11 Job terminated.
	(1) Normal termination (return value 0)
		Usr 0 00:01:22, Sys 0 00:00:03  -  Run Remote Usage
		Usr 0 00:00:00, Sys 0 00:00:00  -  Run Local Usage
		Usr 0 00:01:22, Sys 0 00:00:03  -  Total Remote Usage
		Usr 0 00:00:00, Sys 0 00:00:00  -  Total Local Usage
	142663  -  Run Bytes Sent By Job
	71714672  -  Run Bytes Received By Job
	142663  -  Total Bytes Sent By Job
	71714672  -  Total Bytes Received By Job
	Partitionable Resources :    Usage  Request Allocated 
	   Cpus                 :     0.70        1         1 
	   Disk (KB)            : 70233     2048000  18995294 
	   Memory (MB)          :   194        1992      2048 
...
