000 (6283855.000.000) 07/17 04:26:32 Job submitted from host: <144.92.181.245:9618?addrs=144.92.181.245-9618+[2607-f388-101c-1000--372]-9618&noUDP&sock=3375869_eb73_31>
...
001 (6283855.000.000) 07/17 04:29:50 Job executing on host: <128.104.227.96:9618?addrs=128.104.227.96-9618+[2607-f388-101c-1000--629]-9618&noUDP&sock=4021_a667_3>
...
006 (6283855.000.000) 07/17 04:29:58 Image size of job updated: 154472
	40  -  MemoryUsage of job (MB)
	40220  -  ResidentSetSize of job (KB)
...
006 (6283855.000.000) 07/17 04:33:15 Image size of job updated: 309220
	40  -  MemoryUsage of job (MB)
	40468  -  ResidentSetSize of job (KB)
...
005 (6283855.000.000) 07/17 04:33:15 Job terminated.
	(1) Normal termination (return value 0)
		Usr 0 00:02:10, Sys 0 00:00:07  -  Run Remote Usage
		Usr 0 00:00:00, Sys 0 00:00:00  -  Run Local Usage
		Usr 0 00:02:10, Sys 0 00:00:07  -  Total Remote Usage
		Usr 0 00:00:00, Sys 0 00:00:00  -  Total Local Usage
	153808  -  Run Bytes Sent By Job
	71714696  -  Run Bytes Received By Job
	153808  -  Total Bytes Sent By Job
	71714696  -  Total Bytes Received By Job
	Partitionable Resources :    Usage  Request Allocated 
	   Cpus                 :     0.72        1         1 
	   Disk (KB)            : 70244     2048000  18988527 
	   Memory (MB)          :    40        1992      2048 
...
