000 (6283869.000.000) 07/17 04:26:41 Job submitted from host: <144.92.181.245:9618?addrs=144.92.181.245-9618+[2607-f388-101c-1000--372]-9618&noUDP&sock=3375869_eb73_31>
...
001 (6283869.000.000) 07/17 04:31:17 Job executing on host: <128.104.227.112:9618?addrs=128.104.227.112-9618+[2607-f388-101c-1000--61]-9618&noUDP&sock=3924_1db8_3>
...
006 (6283869.000.000) 07/17 04:31:26 Image size of job updated: 303632
	191  -  MemoryUsage of job (MB)
	194580  -  ResidentSetSize of job (KB)
...
006 (6283869.000.000) 07/17 04:33:33 Image size of job updated: 525744
	191  -  MemoryUsage of job (MB)
	194584  -  ResidentSetSize of job (KB)
...
005 (6283869.000.000) 07/17 04:33:33 Job terminated.
	(1) Normal termination (return value 0)
		Usr 0 00:01:26, Sys 0 00:00:03  -  Run Remote Usage
		Usr 0 00:00:00, Sys 0 00:00:00  -  Run Local Usage
		Usr 0 00:01:26, Sys 0 00:00:03  -  Total Remote Usage
		Usr 0 00:00:00, Sys 0 00:00:00  -  Total Local Usage
	151725  -  Run Bytes Sent By Job
	71714696  -  Run Bytes Received By Job
	151725  -  Total Bytes Sent By Job
	71714696  -  Total Bytes Received By Job
	Partitionable Resources :    Usage  Request Allocated 
	   Cpus                 :     0.60        1         1 
	   Disk (KB)            : 70242     2048000  18999598 
	   Memory (MB)          :   191        1992      2048 
...
