000 (6283865.000.000) 07/17 04:26:38 Job submitted from host: <144.92.181.245:9618?addrs=144.92.181.245-9618+[2607-f388-101c-1000--372]-9618&noUDP&sock=3375869_eb73_31>
...
001 (6283865.000.000) 07/17 04:30:40 Job executing on host: <144.92.180.141:9618?addrs=144.92.180.141-9618+[2607-f388-101c-1000--629]-9618&noUDP&sock=3092_6eec_3>
...
006 (6283865.000.000) 07/17 04:30:49 Image size of job updated: 306092
	190  -  MemoryUsage of job (MB)
	194380  -  ResidentSetSize of job (KB)
...
006 (6283865.000.000) 07/17 04:32:54 Image size of job updated: 306564
	190  -  MemoryUsage of job (MB)
	194380  -  ResidentSetSize of job (KB)
...
005 (6283865.000.000) 07/17 04:32:55 Job terminated.
	(1) Normal termination (return value 0)
		Usr 0 00:01:30, Sys 0 00:00:03  -  Run Remote Usage
		Usr 0 00:00:00, Sys 0 00:00:00  -  Run Local Usage
		Usr 0 00:01:30, Sys 0 00:00:03  -  Total Remote Usage
		Usr 0 00:00:00, Sys 0 00:00:00  -  Total Local Usage
	151780  -  Run Bytes Sent By Job
	71714712  -  Run Bytes Received By Job
	151780  -  Total Bytes Sent By Job
	71714712  -  Total Bytes Received By Job
	Partitionable Resources :    Usage  Request Allocated 
	   Cpus                 :     0.73        1         1 
	   Disk (KB)            : 70242     2048000  18995294 
	   Memory (MB)          :   190        1992      2048 
...
