000 (6283946.000.000) 07/17 04:27:27 Job submitted from host: <144.92.181.245:9618?addrs=144.92.181.245-9618+[2607-f388-101c-1000--372]-9618&noUDP&sock=3375869_eb73_31>
...
001 (6283946.000.000) 07/17 04:35:44 Job executing on host: <144.92.180.162:9618?addrs=144.92.180.162-9618+[2607-f388-101c-1000--629]-9618&noUDP&sock=2999_a49d_3>
...
006 (6283946.000.000) 07/17 04:35:53 Image size of job updated: 313312
	199  -  MemoryUsage of job (MB)
	203368  -  ResidentSetSize of job (KB)
...
005 (6283946.000.000) 07/17 04:39:32 Job terminated.
	(1) Normal termination (return value 0)
		Usr 0 00:02:43, Sys 0 00:00:06  -  Run Remote Usage
		Usr 0 00:00:00, Sys 0 00:00:00  -  Run Local Usage
		Usr 0 00:02:43, Sys 0 00:00:06  -  Total Remote Usage
		Usr 0 00:00:00, Sys 0 00:00:00  -  Total Local Usage
	155611  -  Run Bytes Sent By Job
	71714656  -  Run Bytes Received By Job
	155611  -  Total Bytes Sent By Job
	71714656  -  Total Bytes Received By Job
	Partitionable Resources :    Usage  Request Allocated 
	   Cpus                 :     0.76        1         1 
	   Disk (KB)            : 70246     2048000  18989782 
	   Memory (MB)          :   199        1992      2048 
...
