000 (6283872.000.000) 07/17 04:26:43 Job submitted from host: <144.92.181.245:9618?addrs=144.92.181.245-9618+[2607-f388-101c-1000--372]-9618&noUDP&sock=3375869_eb73_31>
...
001 (6283872.000.000) 07/17 04:32:17 Job executing on host: <128.104.227.112:9618?addrs=128.104.227.112-9618+[2607-f388-101c-1000--61]-9618&noUDP&sock=3924_1db8_3>
...
006 (6283872.000.000) 07/17 04:32:25 Image size of job updated: 303332
	191  -  MemoryUsage of job (MB)
	195464  -  ResidentSetSize of job (KB)
...
005 (6283872.000.000) 07/17 04:34:31 Job terminated.
	(1) Normal termination (return value 0)
		Usr 0 00:01:26, Sys 0 00:00:03  -  Run Remote Usage
		Usr 0 00:00:00, Sys 0 00:00:00  -  Run Local Usage
		Usr 0 00:01:26, Sys 0 00:00:03  -  Total Remote Usage
		Usr 0 00:00:00, Sys 0 00:00:00  -  Total Local Usage
	151597  -  Run Bytes Sent By Job
	71714696  -  Run Bytes Received By Job
	151597  -  Total Bytes Sent By Job
	71714696  -  Total Bytes Received By Job
	Partitionable Resources :    Usage  Request Allocated 
	   Cpus                 :     0.65        1         1 
	   Disk (KB)            : 70244     2048000  18999598 
	   Memory (MB)          :   191        1992      2048 
...
