000 (6283923.000.000) 07/17 04:27:14 Job submitted from host: <144.92.181.245:9618?addrs=144.92.181.245-9618+[2607-f388-101c-1000--372]-9618&noUDP&sock=3375869_eb73_31>
...
001 (6283923.000.000) 07/17 04:35:09 Job executing on host: <144.92.180.175:9618?addrs=144.92.180.175-9618+[2607-f388-101c-1000--629]-9618&noUDP&sock=2996_95d4_3>
...
006 (6283923.000.000) 07/17 04:35:18 Image size of job updated: 348824
	236  -  MemoryUsage of job (MB)
	241456  -  ResidentSetSize of job (KB)
...
005 (6283923.000.000) 07/17 04:36:10 Job terminated.
	(1) Normal termination (return value 0)
		Usr 0 00:00:47, Sys 0 00:00:02  -  Run Remote Usage
		Usr 0 00:00:00, Sys 0 00:00:00  -  Run Local Usage
		Usr 0 00:00:47, Sys 0 00:00:02  -  Total Remote Usage
		Usr 0 00:00:00, Sys 0 00:00:00  -  Total Local Usage
	142549  -  Run Bytes Sent By Job
	71714648  -  Run Bytes Received By Job
	142549  -  Total Bytes Sent By Job
	71714648  -  Total Bytes Received By Job
	Partitionable Resources :    Usage  Request Allocated 
	   Cpus                 :     0.82        1         1 
	   Disk (KB)            : 70233     2048000  18989911 
	   Memory (MB)          :   236        1992      2048 
...
