000 (6283847.000.000) 07/17 04:26:28 Job submitted from host: <144.92.181.245:9618?addrs=144.92.181.245-9618+[2607-f388-101c-1000--372]-9618&noUDP&sock=3375869_eb73_31>
...
001 (6283847.000.000) 07/17 04:27:23 Job executing on host: <144.92.180.141:9618?addrs=144.92.180.141-9618+[2607-f388-101c-1000--629]-9618&noUDP&sock=3092_6eec_3>
...
006 (6283847.000.000) 07/17 04:27:31 Image size of job updated: 160900
	44  -  MemoryUsage of job (MB)
	44464  -  ResidentSetSize of job (KB)
...
006 (6283847.000.000) 07/17 04:30:38 Image size of job updated: 303136
	44  -  MemoryUsage of job (MB)
	44464  -  ResidentSetSize of job (KB)
...
005 (6283847.000.000) 07/17 04:30:38 Job terminated.
	(1) Normal termination (return value 0)
		Usr 0 00:02:10, Sys 0 00:00:04  -  Run Remote Usage
		Usr 0 00:00:00, Sys 0 00:00:00  -  Run Local Usage
		Usr 0 00:02:10, Sys 0 00:00:04  -  Total Remote Usage
		Usr 0 00:00:00, Sys 0 00:00:00  -  Total Local Usage
	152006  -  Run Bytes Sent By Job
	71714688  -  Run Bytes Received By Job
	152006  -  Total Bytes Sent By Job
	71714688  -  Total Bytes Received By Job
	Partitionable Resources :    Usage  Request Allocated 
	   Cpus                 :        0        1         1 
	   Disk (KB)            :    70244  2048000  18995294 
	   Memory (MB)          :       44     1992      2048 
...
