000 (6283941.000.000) 07/17 04:27:24 Job submitted from host: <144.92.181.245:9618?addrs=144.92.181.245-9618+[2607-f388-101c-1000--372]-9618&noUDP&sock=3375869_eb73_31>
...
001 (6283941.000.000) 07/17 04:35:34 Job executing on host: <144.92.180.58:9618?addrs=144.92.180.58-9618+[2607-f388-101c-1000--629]-9618&noUDP&sock=3216_7caa_3>
...
006 (6283941.000.000) 07/17 04:35:43 Image size of job updated: 312768
	199  -  MemoryUsage of job (MB)
	203356  -  ResidentSetSize of job (KB)
...
005 (6283941.000.000) 07/17 04:35:43 Job terminated.
	(1) Normal termination (return value 0)
		Usr 0 00:00:05, Sys 0 00:00:01  -  Run Remote Usage
		Usr 0 00:00:00, Sys 0 00:00:00  -  Run Local Usage
		Usr 0 00:00:05, Sys 0 00:00:01  -  Total Remote Usage
		Usr 0 00:00:00, Sys 0 00:00:00  -  Total Local Usage
	48730  -  Run Bytes Sent By Job
	71714688  -  Run Bytes Received By Job
	48730  -  Total Bytes Sent By Job
	71714688  -  Total Bytes Received By Job
	Partitionable Resources :    Usage  Request Allocated 
	   Cpus                 :     0.06        1         1 
	   Disk (KB)            : 70141     2048000  18517468 
	   Memory (MB)          :   199        1992      2048 
...
