000 (6283906.000.000) 07/17 04:27:04 Job submitted from host: <144.92.181.245:9618?addrs=144.92.181.245-9618+[2607-f388-101c-1000--372]-9618&noUDP&sock=3375869_eb73_31>
...
001 (6283906.000.000) 07/17 04:34:19 Job executing on host: <144.92.180.58:9618?addrs=144.92.180.58-9618+[2607-f388-101c-1000--629]-9618&noUDP&sock=3216_7caa_3>
...
006 (6283906.000.000) 07/17 04:34:27 Image size of job updated: 254084
	189  -  MemoryUsage of job (MB)
	193224  -  ResidentSetSize of job (KB)
...
005 (6283906.000.000) 07/17 04:35:20 Job terminated.
	(1) Normal termination (return value 0)
		Usr 0 00:00:45, Sys 0 00:00:02  -  Run Remote Usage
		Usr 0 00:00:00, Sys 0 00:00:00  -  Run Local Usage
		Usr 0 00:00:45, Sys 0 00:00:02  -  Total Remote Usage
		Usr 0 00:00:00, Sys 0 00:00:00  -  Total Local Usage
	88644  -  Run Bytes Sent By Job
	71714672  -  Run Bytes Received By Job
	88644  -  Total Bytes Sent By Job
	71714672  -  Total Bytes Received By Job
	Partitionable Resources :    Usage  Request Allocated 
	   Cpus                 :     0.85        1         1 
	   Disk (KB)            : 70182     2048000  18517468 
	   Memory (MB)          :   189        1992      2048 
...
