000 (6283911.000.000) 07/17 04:27:07 Job submitted from host: <144.92.181.245:9618?addrs=144.92.181.245-9618+[2607-f388-101c-1000--372]-9618&noUDP&sock=3375869_eb73_31>
...
001 (6283911.000.000) 07/17 04:34:32 Job executing on host: <144.92.180.103:9618?addrs=144.92.180.103-9618+[2607-f388-101c-1000--629]-9618&noUDP&sock=3428_e6be_3>
...
006 (6283911.000.000) 07/17 04:34:41 Image size of job updated: 304800
	191  -  MemoryUsage of job (MB)
	195276  -  ResidentSetSize of job (KB)
...
005 (6283911.000.000) 07/17 04:36:32 Job terminated.
	(1) Normal termination (return value 0)
		Usr 0 00:01:19, Sys 0 00:00:04  -  Run Remote Usage
		Usr 0 00:00:00, Sys 0 00:00:00  -  Run Local Usage
		Usr 0 00:01:19, Sys 0 00:00:04  -  Total Remote Usage
		Usr 0 00:00:00, Sys 0 00:00:00  -  Total Local Usage
	98500  -  Run Bytes Sent By Job
	71714672  -  Run Bytes Received By Job
	98500  -  Total Bytes Sent By Job
	71714672  -  Total Bytes Received By Job
	Partitionable Resources :    Usage  Request Allocated 
	   Cpus                 :        0        1         1 
	   Disk (KB)            :    70190  2048000  18356257 
	   Memory (MB)          :      191     1992      2048 
...
