000 (6283939.000.000) 07/17 04:27:23 Job submitted from host: <144.92.181.245:9618?addrs=144.92.181.245-9618+[2607-f388-101c-1000--372]-9618&noUDP&sock=3375869_eb73_31>
...
001 (6283939.000.000) 07/17 04:35:30 Job executing on host: <128.104.227.31:9618?addrs=128.104.227.31-9618+[2607-f388-101c-1000--629]-9618&noUDP&sock=3315_648b_3>
...
006 (6283939.000.000) 07/17 04:35:39 Image size of job updated: 312216
	197  -  MemoryUsage of job (MB)
	201596  -  ResidentSetSize of job (KB)
...
006 (6283939.000.000) 07/17 04:35:46 Image size of job updated: 528764
	197  -  MemoryUsage of job (MB)
	201596  -  ResidentSetSize of job (KB)
...
005 (6283939.000.000) 07/17 04:35:46 Job terminated.
	(1) Normal termination (return value 0)
		Usr 0 00:00:08, Sys 0 00:00:00  -  Run Remote Usage
		Usr 0 00:00:00, Sys 0 00:00:00  -  Run Local Usage
		Usr 0 00:00:08, Sys 0 00:00:00  -  Total Remote Usage
		Usr 0 00:00:00, Sys 0 00:00:00  -  Total Local Usage
	40713  -  Run Bytes Sent By Job
	71714688  -  Run Bytes Received By Job
	40713  -  Total Bytes Sent By Job
	71714688  -  Total Bytes Received By Job
	Partitionable Resources :    Usage  Request Allocated 
	   Cpus                 :     0.04        1         1 
	   Disk (KB)            : 70134     2048000  18992033 
	   Memory (MB)          :   197        1992      2048 
...
