000 (6283962.000.000) 07/17 04:27:43 Job submitted from host: <144.92.181.245:9618?addrs=144.92.181.245-9618+[2607-f388-101c-1000--372]-9618&noUDP&sock=3375869_eb73_31>
...
001 (6283962.000.000) 07/17 04:36:35 Job executing on host: <144.92.180.103:9618?addrs=144.92.180.103-9618+[2607-f388-101c-1000--629]-9618&noUDP&sock=3428_e6be_3>
...
006 (6283962.000.000) 07/17 04:36:43 Image size of job updated: 339504
	224  -  MemoryUsage of job (MB)
	228788  -  ResidentSetSize of job (KB)
...
005 (6283962.000.000) 07/17 04:40:48 Job terminated.
	(1) Normal termination (return value 0)
		Usr 0 00:03:27, Sys 0 00:00:05  -  Run Remote Usage
		Usr 0 00:00:00, Sys 0 00:00:00  -  Run Local Usage
		Usr 0 00:03:27, Sys 0 00:00:05  -  Total Remote Usage
		Usr 0 00:00:00, Sys 0 00:00:00  -  Total Local Usage
	123781  -  Run Bytes Sent By Job
	71714680  -  Run Bytes Received By Job
	123781  -  Total Bytes Sent By Job
	71714680  -  Total Bytes Received By Job
	Partitionable Resources :    Usage  Request Allocated 
	   Cpus                 :     0.81        1         1 
	   Disk (KB)            : 70217     2048000  18356257 
	   Memory (MB)          :   224        1992      2048 
...
