000 (6283921.000.000) 07/17 04:27:13 Job submitted from host: <144.92.181.245:9618?addrs=144.92.181.245-9618+[2607-f388-101c-1000--372]-9618&noUDP&sock=3375869_eb73_31>
...
001 (6283921.000.000) 07/17 04:35:03 Job executing on host: <144.92.181.183:9618?addrs=144.92.181.183-9618+[2607-f388-101c-1000--629]-9618&noUDP&sock=3161_c2f5_3>
...
006 (6283921.000.000) 07/17 04:35:11 Image size of job updated: 315284
	201  -  MemoryUsage of job (MB)
	205116  -  ResidentSetSize of job (KB)
...
005 (6283921.000.000) 07/17 04:35:12 Job terminated.
	(1) Normal termination (return value 0)
		Usr 0 00:00:05, Sys 0 00:00:00  -  Run Remote Usage
		Usr 0 00:00:00, Sys 0 00:00:00  -  Run Local Usage
		Usr 0 00:00:05, Sys 0 00:00:00  -  Total Remote Usage
		Usr 0 00:00:00, Sys 0 00:00:00  -  Total Local Usage
	139679  -  Run Bytes Sent By Job
	71714656  -  Run Bytes Received By Job
	139679  -  Total Bytes Sent By Job
	71714656  -  Total Bytes Received By Job
	Partitionable Resources :    Usage  Request Allocated 
	   Cpus                 :     0.03        1         1 
	   Disk (KB)            : 70232     2048000  18993394 
	   Memory (MB)          :   201        1992      2048 
...
