000 (6283910.000.000) 07/17 04:27:06 Job submitted from host: <144.92.181.245:9618?addrs=144.92.181.245-9618+[2607-f388-101c-1000--372]-9618&noUDP&sock=3375869_eb73_31>
...
001 (6283910.000.000) 07/17 04:34:26 Job executing on host: <128.104.227.26:9618?addrs=128.104.227.26-9618+[2607-f388-101c-1000--629]-9618&noUDP&sock=3266_c867_3>
...
006 (6283910.000.000) 07/17 04:34:34 Image size of job updated: 306252
	191  -  MemoryUsage of job (MB)
	195580  -  ResidentSetSize of job (KB)
...
006 (6283910.000.000) 07/17 04:36:47 Image size of job updated: 306600
	191  -  MemoryUsage of job (MB)
	195580  -  ResidentSetSize of job (KB)
...
005 (6283910.000.000) 07/17 04:36:47 Job terminated.
	(1) Normal termination (return value 0)
		Usr 0 00:01:20, Sys 0 00:00:03  -  Run Remote Usage
		Usr 0 00:00:00, Sys 0 00:00:00  -  Run Local Usage
		Usr 0 00:01:20, Sys 0 00:00:03  -  Total Remote Usage
		Usr 0 00:00:00, Sys 0 00:00:00  -  Total Local Usage
	87753  -  Run Bytes Sent By Job
	71714672  -  Run Bytes Received By Job
	87753  -  Total Bytes Sent By Job
	71714672  -  Total Bytes Received By Job
	Partitionable Resources :    Usage  Request Allocated 
	   Cpus                 :     0.29        1         1 
	   Disk (KB)            : 70182     2048000  18997324 
	   Memory (MB)          :   191        1992      2048 
...
