000 (6283945.000.000) 07/17 04:27:27 Job submitted from host: <144.92.181.245:9618?addrs=144.92.181.245-9618+[2607-f388-101c-1000--372]-9618&noUDP&sock=3375869_eb73_31>
...
001 (6283945.000.000) 07/17 04:35:40 Job executing on host: <128.104.227.30:9618?addrs=128.104.227.30-9618+[2607-f388-101c-1000--629]-9618&noUDP&sock=3327_9fad_3>
...
006 (6283945.000.000) 07/17 04:35:49 Image size of job updated: 315852
	200  -  MemoryUsage of job (MB)
	203928  -  ResidentSetSize of job (KB)
...
006 (6283945.000.000) 07/17 04:39:15 Image size of job updated: 316032
	200  -  MemoryUsage of job (MB)
	203928  -  ResidentSetSize of job (KB)
...
005 (6283945.000.000) 07/17 04:39:15 Job terminated.
	(1) Normal termination (return value 0)
		Usr 0 00:02:30, Sys 0 00:00:04  -  Run Remote Usage
		Usr 0 00:00:00, Sys 0 00:00:00  -  Run Local Usage
		Usr 0 00:02:30, Sys 0 00:00:04  -  Total Remote Usage
		Usr 0 00:00:00, Sys 0 00:00:00  -  Total Local Usage
	155704  -  Run Bytes Sent By Job
	71714656  -  Run Bytes Received By Job
	155704  -  Total Bytes Sent By Job
	71714656  -  Total Bytes Received By Job
	Partitionable Resources :    Usage  Request Allocated 
	   Cpus                 :     0.76        1         1 
	   Disk (KB)            : 70246     2048000  18999626 
	   Memory (MB)          :   200        1992      2048 
...
