000 (6283940.000.000) 07/17 04:27:24 Job submitted from host: <144.92.181.245:9618?addrs=144.92.181.245-9618+[2607-f388-101c-1000--372]-9618&noUDP&sock=3375869_eb73_31>
...
001 (6283940.000.000) 07/17 04:35:31 Job executing on host: <144.92.180.58:9618?addrs=144.92.180.58-9618+[2607-f388-101c-1000--629]-9618&noUDP&sock=3216_7caa_3>
...
006 (6283940.000.000) 07/17 04:35:39 Image size of job updated: 204556
	198  -  MemoryUsage of job (MB)
	201940  -  ResidentSetSize of job (KB)
...
005 (6283940.000.000) 07/17 04:35:47 Job terminated.
	(1) Normal termination (return value 0)
		Usr 0 00:00:10, Sys 0 00:00:01  -  Run Remote Usage
		Usr 0 00:00:00, Sys 0 00:00:00  -  Run Local Usage
		Usr 0 00:00:10, Sys 0 00:00:01  -  Total Remote Usage
		Usr 0 00:00:00, Sys 0 00:00:00  -  Total Local Usage
	39214  -  Run Bytes Sent By Job
	71714688  -  Run Bytes Received By Job
	39214  -  Total Bytes Sent By Job
	71714688  -  Total Bytes Received By Job
	Partitionable Resources :    Usage  Request Allocated 
	   Cpus                 :     0.75        1         1 
	   Disk (KB)            : 70134     2048000  18517468 
	   Memory (MB)          :   198        1992      2048 
...
