000 (6283849.000.000) 07/17 04:26:29 Job submitted from host: <144.92.181.245:9618?addrs=144.92.181.245-9618+[2607-f388-101c-1000--372]-9618&noUDP&sock=3375869_eb73_31>
...
001 (6283849.000.000) 07/17 04:27:53 Job executing on host: <144.92.180.146:9618?addrs=144.92.180.146-9618+[2607-f388-101c-1000--629]-9618&noUDP&sock=3019_5c82_3>
...
006 (6283849.000.000) 07/17 04:28:01 Image size of job updated: 301976
	190  -  MemoryUsage of job (MB)
	193616  -  ResidentSetSize of job (KB)
...
005 (6283849.000.000) 07/17 04:30:51 Job terminated.
	(1) Normal termination (return value 0)
		Usr 0 00:02:09, Sys 0 00:00:04  -  Run Remote Usage
		Usr 0 00:00:00, Sys 0 00:00:00  -  Run Local Usage
		Usr 0 00:02:09, Sys 0 00:00:04  -  Total Remote Usage
		Usr 0 00:00:00, Sys 0 00:00:00  -  Total Local Usage
	152356  -  Run Bytes Sent By Job
	71714688  -  Run Bytes Received By Job
	152356  -  Total Bytes Sent By Job
	71714688  -  Total Bytes Received By Job
	Partitionable Resources :    Usage  Request Allocated 
	   Cpus                 :     0.76        1         1 
	   Disk (KB)            : 70245     2048000  18986148 
	   Memory (MB)          :   190        1992      2048 
...
