000 (6283955.000.000) 07/17 04:27:39 Job submitted from host: <144.92.181.245:9618?addrs=144.92.181.245-9618+[2607-f388-101c-1000--372]-9618&noUDP&sock=3375869_eb73_31>
...
001 (6283955.000.000) 07/17 04:36:13 Job executing on host: <144.92.180.58:9618?addrs=144.92.180.58-9618+[2607-f388-101c-1000--629]-9618&noUDP&sock=3216_7caa_3>
...
006 (6283955.000.000) 07/17 04:36:22 Image size of job updated: 340252
	226  -  MemoryUsage of job (MB)
	230944  -  ResidentSetSize of job (KB)
...
005 (6283955.000.000) 07/17 04:41:49 Job terminated.
	(1) Normal termination (return value 0)
		Usr 0 00:04:54, Sys 0 00:00:10  -  Run Remote Usage
		Usr 0 00:00:00, Sys 0 00:00:00  -  Run Local Usage
		Usr 0 00:04:54, Sys 0 00:00:10  -  Total Remote Usage
		Usr 0 00:00:00, Sys 0 00:00:00  -  Total Local Usage
	128072  -  Run Bytes Sent By Job
	71714680  -  Run Bytes Received By Job
	128072  -  Total Bytes Sent By Job
	71714680  -  Total Bytes Received By Job
	Partitionable Resources :    Usage  Request Allocated 
	   Cpus                 :     0.92        1         1 
	   Disk (KB)            : 70221     2048000  18517468 
	   Memory (MB)          :   226        1992      2048 
...
