000 (6283854.000.000) 07/17 04:26:32 Job submitted from host: <144.92.181.245:9618?addrs=144.92.181.245-9618+[2607-f388-101c-1000--372]-9618&noUDP&sock=3375869_eb73_31>
...
001 (6283854.000.000) 07/17 04:29:50 Job executing on host: <144.92.180.241:9618?addrs=144.92.180.241-9618+[2607-f388-101c-1000--629]-9618&noUDP&sock=3132_deb6_3>
...
006 (6283854.000.000) 07/17 04:29:58 Image size of job updated: 303212
	192  -  MemoryUsage of job (MB)
	195828  -  ResidentSetSize of job (KB)
...
005 (6283854.000.000) 07/17 04:30:35 Job terminated.
	(1) Normal termination (return value 0)
		Usr 0 00:00:26, Sys 0 00:00:01  -  Run Remote Usage
		Usr 0 00:00:00, Sys 0 00:00:00  -  Run Local Usage
		Usr 0 00:00:26, Sys 0 00:00:01  -  Total Remote Usage
		Usr 0 00:00:00, Sys 0 00:00:00  -  Total Local Usage
	150233  -  Run Bytes Sent By Job
	71714704  -  Run Bytes Received By Job
	150233  -  Total Bytes Sent By Job
	71714704  -  Total Bytes Received By Job
	Partitionable Resources :    Usage  Request Allocated 
	   Cpus                 :     0.75        1         1 
	   Disk (KB)            : 70241     2048000  18992204 
	   Memory (MB)          :   192        1992      2048 
...
