000 (3294998.000.000) 06/15 10:12:42 Job submitted from host: <144.92.181.244:9618?addrs=144.92.181.244-9618+[2607-f388-101c-1000--371]-9618&noUDP&sock=352010_28d7_3>
...
001 (3294998.000.000) 06/15 10:12:58 Job executing on host: <144.92.180.62:9618?addrs=144.92.180.62-9618+[2607-f388-101c-1000--629]-9618&noUDP&sock=3156_54fc_3>
...
006 (3294998.000.000) 06/15 10:13:07 Image size of job updated: 225568
	106  -  MemoryUsage of job (MB)
	107988  -  ResidentSetSize of job (KB)
...
006 (3294998.000.000) 06/15 10:33:07 Image size of job updated: 375128
	367  -  MemoryUsage of job (MB)
	375092  -  ResidentSetSize of job (KB)
...
006 (3294998.000.000) 06/15 10:53:07 Image size of job updated: 383588
	375  -  MemoryUsage of job (MB)
	383552  -  ResidentSetSize of job (KB)
...
006 (3294998.000.000) 06/15 11:13:07 Image size of job updated: 385608
	377  -  MemoryUsage of job (MB)
	385344  -  ResidentSetSize of job (KB)
...
006 (3294998.000.000) 06/15 11:33:07 Image size of job updated: 388396
	380  -  MemoryUsage of job (MB)
	388212  -  ResidentSetSize of job (KB)
...
006 (3294998.000.000) 06/15 11:39:10 Image size of job updated: 395992
	380  -  MemoryUsage of job (MB)
	388212  -  ResidentSetSize of job (KB)
...
005 (3294998.000.000) 06/15 11:39:40 Job terminated.
	(1) Normal termination (return value 0)
		Usr 0 00:29:35, Sys 0 00:01:56  -  Run Remote Usage
		Usr 0 00:00:00, Sys 0 00:00:00  -  Run Local Usage
		Usr 0 00:29:35, Sys 0 00:01:56  -  Total Remote Usage
		Usr 0 00:00:00, Sys 0 00:00:00  -  Total Local Usage
	2436108544  -  Run Bytes Sent By Job
	218320  -  Run Bytes Received By Job
	2436108544  -  Total Bytes Sent By Job
	218320  -  Total Bytes Received By Job
	Partitionable Resources :      Usage  Request Allocated 
	   Cpus                 :       0.50        1         1 
	   Disk (KB)            : 2379285     2048000  18509120 
	   Memory (MB)          :     380        1992      2048 
...
