000 (3294994.000.000) 06/15 10:12:39 Job submitted from host: <144.92.181.244:9618?addrs=144.92.181.244-9618+[2607-f388-101c-1000--371]-9618&noUDP&sock=352010_28d7_3>
...
001 (3294994.000.000) 06/15 10:12:58 Job executing on host: <144.92.181.214:9618?addrs=144.92.181.214-9618+[2607-f388-101c-1000--169]-9618&noUDP&sock=1979_0203_3>
...
006 (3294994.000.000) 06/15 10:13:07 Image size of job updated: 146340
	39  -  MemoryUsage of job (MB)
	38952  -  ResidentSetSize of job (KB)
...
006 (3294994.000.000) 06/15 10:33:08 Image size of job updated: 460968
	389  -  MemoryUsage of job (MB)
	397736  -  ResidentSetSize of job (KB)
...
006 (3294994.000.000) 06/15 10:53:09 Image size of job updated: 460968
	389  -  MemoryUsage of job (MB)
	398068  -  ResidentSetSize of job (KB)
...
006 (3294994.000.000) 06/15 11:13:09 Image size of job updated: 460968
	391  -  MemoryUsage of job (MB)
	399716  -  ResidentSetSize of job (KB)
...
006 (3294994.000.000) 06/15 11:33:09 Image size of job updated: 460968
	392  -  MemoryUsage of job (MB)
	400988  -  ResidentSetSize of job (KB)
...
006 (3294994.000.000) 06/15 11:53:10 Image size of job updated: 460968
	393  -  MemoryUsage of job (MB)
	401964  -  ResidentSetSize of job (KB)
...
006 (3294994.000.000) 06/15 12:13:11 Image size of job updated: 460968
	394  -  MemoryUsage of job (MB)
	402716  -  ResidentSetSize of job (KB)
...
005 (3294994.000.000) 06/15 12:17:09 Job terminated.
	(1) Normal termination (return value 0)
		Usr 0 00:36:11, Sys 0 00:01:39  -  Run Remote Usage
		Usr 0 00:00:00, Sys 0 00:00:00  -  Run Local Usage
		Usr 0 00:36:11, Sys 0 00:01:39  -  Total Remote Usage
		Usr 0 00:00:00, Sys 0 00:00:00  -  Total Local Usage
	1882714496  -  Run Bytes Sent By Job
	218320  -  Run Bytes Received By Job
	1882714496  -  Total Bytes Sent By Job
	218320  -  Total Bytes Received By Job
	Partitionable Resources :      Usage  Request Allocated 
	   Cpus                 :       0.35        1         1 
	   Disk (KB)            : 1838862     2048000  18361972 
	   Memory (MB)          :     394        1992      2048 
...
