000 (3294989.000.000) 06/15 10:12:36 Job submitted from host: <144.92.181.244:9618?addrs=144.92.181.244-9618+[2607-f388-101c-1000--371]-9618&noUDP&sock=352010_28d7_3>
...
001 (3294989.000.000) 06/15 10:12:58 Job executing on host: <128.104.227.72:9618?addrs=128.104.227.72-9618+[2607-f388-101c-1000--629]-9618&noUDP&sock=3282_c1ea_3>
...
006 (3294989.000.000) 06/15 10:13:06 Image size of job updated: 226188
	106  -  MemoryUsage of job (MB)
	108392  -  ResidentSetSize of job (KB)
...
006 (3294989.000.000) 06/15 10:33:06 Image size of job updated: 407776
	397  -  MemoryUsage of job (MB)
	405916  -  ResidentSetSize of job (KB)
...
006 (3294989.000.000) 06/15 10:53:07 Image size of job updated: 408184
	398  -  MemoryUsage of job (MB)
	407068  -  ResidentSetSize of job (KB)
...
006 (3294989.000.000) 06/15 11:13:08 Image size of job updated: 408184
	398  -  MemoryUsage of job (MB)
	407488  -  ResidentSetSize of job (KB)
...
006 (3294989.000.000) 06/15 11:33:09 Image size of job updated: 408184
	399  -  MemoryUsage of job (MB)
	407904  -  ResidentSetSize of job (KB)
...
006 (3294989.000.000) 06/15 11:53:09 Image size of job updated: 408208
	399  -  MemoryUsage of job (MB)
	408084  -  ResidentSetSize of job (KB)
...
006 (3294989.000.000) 06/15 12:13:09 Image size of job updated: 409292
	399  -  MemoryUsage of job (MB)
	408208  -  ResidentSetSize of job (KB)
...
006 (3294989.000.000) 06/15 12:33:09 Image size of job updated: 409356
	399  -  MemoryUsage of job (MB)
	408272  -  ResidentSetSize of job (KB)
...
005 (3294989.000.000) 06/15 12:48:04 Job terminated.
	(1) Normal termination (return value 0)
		Usr 0 00:35:36, Sys 0 00:01:59  -  Run Remote Usage
		Usr 0 00:00:00, Sys 0 00:00:00  -  Run Local Usage
		Usr 0 00:35:36, Sys 0 00:01:59  -  Total Remote Usage
		Usr 0 00:00:00, Sys 0 00:00:00  -  Total Local Usage
	1684644480  -  Run Bytes Sent By Job
	218320  -  Run Bytes Received By Job
	1684644480  -  Total Bytes Sent By Job
	218320  -  Total Bytes Received By Job
	Partitionable Resources :      Usage  Request Allocated 
	   Cpus                 :       0.24        1         1 
	   Disk (KB)            : 1645434     2048000  18990454 
	   Memory (MB)          :     399        1992      2048 
...
