********** for MC *********
All files added.
Initializing chain.
from Init MC
.... MC file ..... 
Coming in: 
nentries:671231
Running over 671231 events.
Finished entry 0/671230
Finished entry 30000/671230
Finished entry 60000/671230
Finished entry 90000/671230
Finished entry 120000/671230
Finished entry 150000/671230
Finished entry 180000/671230
Finished entry 210000/671230
Finished entry 240000/671230
Finished entry 270000/671230
Finished entry 300000/671230
Finished entry 330000/671230
Finished entry 360000/671230
Finished entry 390000/671230
Finished entry 420000/671230
Finished entry 450000/671230
Finished entry 480000/671230
Finished entry 510000/671230
Finished entry 540000/671230
Finished entry 570000/671230
Finished entry 600000/671230
Finished entry 630000/671230
Finished entry 660000/671230
nPassedSkimmed = 23021
Real time 0:16:33, CP time 361.790
