000 (3295070.000.000) 06/15 10:13:26 Job submitted from host: <144.92.181.244:9618?addrs=144.92.181.244-9618+[2607-f388-101c-1000--371]-9618&noUDP&sock=352010_28d7_3>
...
001 (3295070.000.000) 06/15 10:47:25 Job executing on host: <128.104.227.41:9618?addrs=128.104.227.41-9618+[2607-f388-101c-1000--629]-9618&noUDP&sock=3293_4d75_3>
...
006 (3295070.000.000) 06/15 10:47:34 Image size of job updated: 225956
	106  -  MemoryUsage of job (MB)
	107940  -  ResidentSetSize of job (KB)
...
006 (3295070.000.000) 06/15 11:07:35 Image size of job updated: 402516
	391  -  MemoryUsage of job (MB)
	399440  -  ResidentSetSize of job (KB)
...
006 (3295070.000.000) 06/15 11:27:36 Image size of job updated: 404484
	392  -  MemoryUsage of job (MB)
	401392  -  ResidentSetSize of job (KB)
...
006 (3295070.000.000) 06/15 11:47:37 Image size of job updated: 404484
	393  -  MemoryUsage of job (MB)
	401916  -  ResidentSetSize of job (KB)
...
005 (3295070.000.000) 06/15 11:55:00 Job terminated.
	(1) Normal termination (return value 0)
		Usr 0 00:19:10, Sys 0 00:00:52  -  Run Remote Usage
		Usr 0 00:00:00, Sys 0 00:00:00  -  Run Local Usage
		Usr 0 00:19:10, Sys 0 00:00:52  -  Total Remote Usage
		Usr 0 00:00:00, Sys 0 00:00:00  -  Total Local Usage
	3603677440  -  Run Bytes Sent By Job
	218299  -  Run Bytes Received By Job
	3603677440  -  Total Bytes Sent By Job
	218299  -  Total Bytes Received By Job
	Partitionable Resources :      Usage  Request Allocated 
	   Cpus                 :       0.35        1         1 
	   Disk (KB)            : 3519490     2048000  18992570 
	   Memory (MB)          :     393        1992      2048 
...
