********** for MC *********
All files added.
Initializing chain.
from Init MC
.... MC file ..... 
Coming in: 
nentries:8604046
Running over 8604046 events.
Finished entry 0/8604045
Finished entry 400000/8604045
Finished entry 800000/8604045
Finished entry 1200000/8604045
Finished entry 1600000/8604045
Finished entry 2000000/8604045
Finished entry 2400000/8604045
Finished entry 2800000/8604045
Finished entry 3200000/8604045
Finished entry 3600000/8604045
Finished entry 4000000/8604045
Finished entry 4400000/8604045
Finished entry 4800000/8604045
Finished entry 5200000/8604045
Finished entry 5600000/8604045
Finished entry 6000000/8604045
Finished entry 6400000/8604045
Finished entry 6800000/8604045
Finished entry 7200000/8604045
Finished entry 7600000/8604045
Finished entry 8000000/8604045
Finished entry 8400000/8604045
nPassedSkimmed = 368162
Real time 2:57:11, CP time 2403.590
