********** for MC *********
All files added.
Initializing chain.
from Init MC
.... MC file ..... 
Coming in: 
nentries:4215642
Running over 4215642 events.
Finished entry 0/4215641
Finished entry 200000/4215641
Finished entry 400000/4215641
Finished entry 600000/4215641
Finished entry 800000/4215641
Finished entry 1000000/4215641
Finished entry 1200000/4215641
Finished entry 1400000/4215641
Finished entry 1600000/4215641
Finished entry 1800000/4215641
Finished entry 2000000/4215641
Finished entry 2200000/4215641
Finished entry 2400000/4215641
Finished entry 2600000/4215641
Finished entry 2800000/4215641
Finished entry 3000000/4215641
Finished entry 3200000/4215641
Finished entry 3400000/4215641
Finished entry 3600000/4215641
Finished entry 3800000/4215641
Finished entry 4000000/4215641
Finished entry 4200000/4215641
nPassedSkimmed = 993843
Real time 1:52:03, CP time 2201.830
