000 (3295021.000.000) 06/15 10:12:57 Job submitted from host: <144.92.181.244:9618?addrs=144.92.181.244-9618+[2607-f388-101c-1000--371]-9618&noUDP&sock=352010_28d7_3>
...
001 (3295021.000.000) 06/15 10:15:24 Job executing on host: <128.104.227.26:9618?addrs=128.104.227.26-9618+[2607-f388-101c-1000--629]-9618&noUDP&sock=3266_c867_3>
...
006 (3295021.000.000) 06/15 10:15:33 Image size of job updated: 224168
	106  -  MemoryUsage of job (MB)
	107648  -  ResidentSetSize of job (KB)
...
005 (3295021.000.000) 06/15 10:30:16 Job terminated.
	(1) Normal termination (return value 0)
		Usr 0 00:03:39, Sys 0 00:00:15  -  Run Remote Usage
		Usr 0 00:00:00, Sys 0 00:00:00  -  Run Local Usage
		Usr 0 00:03:39, Sys 0 00:00:15  -  Total Remote Usage
		Usr 0 00:00:00, Sys 0 00:00:00  -  Total Local Usage
	213440928  -  Run Bytes Sent By Job
	218323  -  Run Bytes Received By Job
	213440928  -  Total Bytes Sent By Job
	218323  -  Total Bytes Received By Job
	Partitionable Resources :     Usage  Request Allocated 
	   Cpus                 :      0.28        1         1 
	   Disk (KB)            : 208712     2048000  18997324 
	   Memory (MB)          :    106        1992      2048 
...
