000 (3295028.000.000) 06/15 10:13:01 Job submitted from host: <144.92.181.244:9618?addrs=144.92.181.244-9618+[2607-f388-101c-1000--371]-9618&noUDP&sock=352010_28d7_3>
...
001 (3295028.000.000) 06/15 10:17:36 Job executing on host: <128.104.227.44:9618?addrs=128.104.227.44-9618+[2607-f388-101c-1000--629]-9618&noUDP&sock=3238_93c0_3>
...
006 (3295028.000.000) 06/15 10:17:44 Image size of job updated: 224756
	106  -  MemoryUsage of job (MB)
	108048  -  ResidentSetSize of job (KB)
...
006 (3295028.000.000) 06/15 10:37:44 Image size of job updated: 401068
	392  -  MemoryUsage of job (MB)
	401024  -  ResidentSetSize of job (KB)
...
006 (3295028.000.000) 06/15 10:57:45 Image size of job updated: 402756
	393  -  MemoryUsage of job (MB)
	402204  -  ResidentSetSize of job (KB)
...
006 (3295028.000.000) 06/15 11:17:46 Image size of job updated: 402756
	393  -  MemoryUsage of job (MB)
	402404  -  ResidentSetSize of job (KB)
...
006 (3295028.000.000) 06/15 11:37:47 Image size of job updated: 402756
	394  -  MemoryUsage of job (MB)
	402716  -  ResidentSetSize of job (KB)
...
006 (3295028.000.000) 06/15 11:57:47 Image size of job updated: 403040
	394  -  MemoryUsage of job (MB)
	403040  -  ResidentSetSize of job (KB)
...
006 (3295028.000.000) 06/15 12:17:47 Image size of job updated: 403500
	394  -  MemoryUsage of job (MB)
	403380  -  ResidentSetSize of job (KB)
...
006 (3295028.000.000) 06/15 12:37:48 Image size of job updated: 403680
	395  -  MemoryUsage of job (MB)
	403560  -  ResidentSetSize of job (KB)
...
006 (3295028.000.000) 06/15 12:41:04 Image size of job updated: 403732
	395  -  MemoryUsage of job (MB)
	403560  -  ResidentSetSize of job (KB)
...
005 (3295028.000.000) 06/15 12:41:52 Job terminated.
	(1) Normal termination (return value 0)
		Usr 0 00:27:31, Sys 0 00:01:34  -  Run Remote Usage
		Usr 0 00:00:00, Sys 0 00:00:00  -  Run Local Usage
		Usr 0 00:27:31, Sys 0 00:01:34  -  Total Remote Usage
		Usr 0 00:00:00, Sys 0 00:00:00  -  Total Local Usage
	1214150400  -  Run Bytes Sent By Job
	218299  -  Run Bytes Received By Job
	1214150400  -  Total Bytes Sent By Job
	218299  -  Total Bytes Received By Job
	Partitionable Resources :      Usage  Request Allocated 
	   Cpus                 :       0.27        1         1 
	   Disk (KB)            : 1185969     2048000  18989398 
	   Memory (MB)          :     395        1992      2048 
...
