000 (3295006.000.000) 06/15 10:12:47 Job submitted from host: <144.92.181.244:9618?addrs=144.92.181.244-9618+[2607-f388-101c-1000--371]-9618&noUDP&sock=352010_28d7_3>
...
001 (3295006.000.000) 06/15 10:13:43 Job executing on host: <128.104.227.72:9618?addrs=128.104.227.72-9618+[2607-f388-101c-1000--629]-9618&noUDP&sock=3282_c1ea_3>
...
006 (3295006.000.000) 06/15 10:13:52 Image size of job updated: 225672
	106  -  MemoryUsage of job (MB)
	108424  -  ResidentSetSize of job (KB)
...
006 (3295006.000.000) 06/15 10:33:53 Image size of job updated: 408996
	399  -  MemoryUsage of job (MB)
	408448  -  ResidentSetSize of job (KB)
...
006 (3295006.000.000) 06/15 10:53:53 Image size of job updated: 410772
	401  -  MemoryUsage of job (MB)
	409944  -  ResidentSetSize of job (KB)
...
006 (3295006.000.000) 06/15 11:13:53 Image size of job updated: 410772
	401  -  MemoryUsage of job (MB)
	410340  -  ResidentSetSize of job (KB)
...
006 (3295006.000.000) 06/15 11:33:54 Image size of job updated: 412676
	402  -  MemoryUsage of job (MB)
	411468  -  ResidentSetSize of job (KB)
...
006 (3295006.000.000) 06/15 11:53:55 Image size of job updated: 413068
	403  -  MemoryUsage of job (MB)
	411860  -  ResidentSetSize of job (KB)
...
006 (3295006.000.000) 06/15 12:13:56 Image size of job updated: 413068
	403  -  MemoryUsage of job (MB)
	412024  -  ResidentSetSize of job (KB)
...
006 (3295006.000.000) 06/15 12:33:56 Image size of job updated: 413068
	403  -  MemoryUsage of job (MB)
	412052  -  ResidentSetSize of job (KB)
...
005 (3295006.000.000) 06/15 12:40:08 Job terminated.
	(1) Normal termination (return value 0)
		Usr 0 00:32:18, Sys 0 00:01:51  -  Run Remote Usage
		Usr 0 00:00:00, Sys 0 00:00:00  -  Run Local Usage
		Usr 0 00:32:18, Sys 0 00:01:51  -  Total Remote Usage
		Usr 0 00:00:00, Sys 0 00:00:00  -  Total Local Usage
	1062603520  -  Run Bytes Sent By Job
	218340  -  Run Bytes Received By Job
	1062603520  -  Total Bytes Sent By Job
	218340  -  Total Bytes Received By Job
	Partitionable Resources :      Usage  Request Allocated 
	   Cpus                 :       0.04        1         1 
	   Disk (KB)            : 1037972     2048000  18990454 
	   Memory (MB)          :     403        1992      2048 
...
