000 (3295072.000.000) 06/15 10:13:27 Job submitted from host: <144.92.181.244:9618?addrs=144.92.181.244-9618+[2607-f388-101c-1000--371]-9618&noUDP&sock=352010_28d7_3>
...
001 (3295072.000.000) 06/15 10:47:26 Job executing on host: <144.92.181.232:9618?addrs=144.92.181.232-9618+[2607-f388-101c-1000--629]-9618&noUDP&sock=2463_fdda_3>
...
006 (3295072.000.000) 06/15 10:47:34 Image size of job updated: 225732
	106  -  MemoryUsage of job (MB)
	107956  -  ResidentSetSize of job (KB)
...
006 (3295072.000.000) 06/15 11:07:34 Image size of job updated: 403780
	393  -  MemoryUsage of job (MB)
	401736  -  ResidentSetSize of job (KB)
...
006 (3295072.000.000) 06/15 11:27:34 Image size of job updated: 405160
	394  -  MemoryUsage of job (MB)
	403116  -  ResidentSetSize of job (KB)
...
006 (3295072.000.000) 06/15 11:47:34 Image size of job updated: 405160
	396  -  MemoryUsage of job (MB)
	404804  -  ResidentSetSize of job (KB)
...
006 (3295072.000.000) 06/15 12:07:35 Image size of job updated: 407884
	397  -  MemoryUsage of job (MB)
	405708  -  ResidentSetSize of job (KB)
...
006 (3295072.000.000) 06/15 12:27:36 Image size of job updated: 408936
	398  -  MemoryUsage of job (MB)
	406756  -  ResidentSetSize of job (KB)
...
005 (3295072.000.000) 06/15 12:42:10 Job terminated.
	(1) Normal termination (return value 0)
		Usr 0 00:40:09, Sys 0 00:02:49  -  Run Remote Usage
		Usr 0 00:00:00, Sys 0 00:00:00  -  Run Local Usage
		Usr 0 00:40:09, Sys 0 00:02:49  -  Total Remote Usage
		Usr 0 00:00:00, Sys 0 00:00:00  -  Total Local Usage
	3809435904  -  Run Bytes Sent By Job
	218279  -  Run Bytes Received By Job
	3809435904  -  Total Bytes Sent By Job
	218279  -  Total Bytes Received By Job
	Partitionable Resources :      Usage  Request Allocated 
	   Cpus                 :       0.05        1         1 
	   Disk (KB)            : 3720427     2048000  18504861 
	   Memory (MB)          :     398        1992      2048 
...
