000 (3295049.000.000) 06/15 10:13:14 Job submitted from host: <144.92.181.244:9618?addrs=144.92.181.244-9618+[2607-f388-101c-1000--371]-9618&noUDP&sock=352010_28d7_3>
...
001 (3295049.000.000) 06/15 10:43:01 Job executing on host: <128.104.227.69:9618?addrs=128.104.227.69-9618+[2607-f388-101c-1000--629]-9618&noUDP&sock=3277_53f1_3>
...
006 (3295049.000.000) 06/15 10:43:09 Image size of job updated: 226804
	106  -  MemoryUsage of job (MB)
	108384  -  ResidentSetSize of job (KB)
...
006 (3295049.000.000) 06/15 11:03:09 Image size of job updated: 525356
	398  -  MemoryUsage of job (MB)
	407104  -  ResidentSetSize of job (KB)
...
006 (3295049.000.000) 06/15 11:23:10 Image size of job updated: 525356
	399  -  MemoryUsage of job (MB)
	408444  -  ResidentSetSize of job (KB)
...
006 (3295049.000.000) 06/15 11:43:11 Image size of job updated: 525356
	400  -  MemoryUsage of job (MB)
	408864  -  ResidentSetSize of job (KB)
...
006 (3295049.000.000) 06/15 12:03:12 Image size of job updated: 525356
	400  -  MemoryUsage of job (MB)
	409268  -  ResidentSetSize of job (KB)
...
006 (3295049.000.000) 06/15 12:23:12 Image size of job updated: 525356
	401  -  MemoryUsage of job (MB)
	410040  -  ResidentSetSize of job (KB)
...
006 (3295049.000.000) 06/15 12:43:12 Image size of job updated: 525356
	401  -  MemoryUsage of job (MB)
	410380  -  ResidentSetSize of job (KB)
...
005 (3295049.000.000) 06/15 12:59:27 Job terminated.
	(1) Normal termination (return value 0)
		Usr 0 00:32:06, Sys 0 00:01:46  -  Run Remote Usage
		Usr 0 00:00:00, Sys 0 00:00:00  -  Run Local Usage
		Usr 0 00:32:06, Sys 0 00:01:46  -  Total Remote Usage
		Usr 0 00:00:00, Sys 0 00:00:00  -  Total Local Usage
	777734976  -  Run Bytes Sent By Job
	218300  -  Run Bytes Received By Job
	777734976  -  Total Bytes Sent By Job
	218300  -  Total Bytes Received By Job
	Partitionable Resources :     Usage  Request Allocated 
	   Cpus                 :      0.28        1         1 
	   Disk (KB)            : 759782     2048000  18986977 
	   Memory (MB)          :    401        1992      2048 
...
