000 (3295075.000.000) 06/15 10:13:29 Job submitted from host: <144.92.181.244:9618?addrs=144.92.181.244-9618+[2607-f388-101c-1000--371]-9618&noUDP&sock=352010_28d7_3>
...
001 (3295075.000.000) 06/15 10:49:12 Job executing on host: <128.104.227.44:9618?addrs=128.104.227.44-9618+[2607-f388-101c-1000--629]-9618&noUDP&sock=3238_93c0_3>
...
006 (3295075.000.000) 06/15 10:49:21 Image size of job updated: 236632
	115  -  MemoryUsage of job (MB)
	117144  -  ResidentSetSize of job (KB)
...
006 (3295075.000.000) 06/15 10:59:58 Image size of job updated: 275972
	115  -  MemoryUsage of job (MB)
	117196  -  ResidentSetSize of job (KB)
...
005 (3295075.000.000) 06/15 10:59:58 Job terminated.
	(1) Normal termination (return value 0)
		Usr 0 00:02:14, Sys 0 00:00:08  -  Run Remote Usage
		Usr 0 00:00:00, Sys 0 00:00:00  -  Run Local Usage
		Usr 0 00:02:14, Sys 0 00:00:08  -  Total Remote Usage
		Usr 0 00:00:00, Sys 0 00:00:00  -  Total Local Usage
	1390844  -  Run Bytes Sent By Job
	218305  -  Run Bytes Received By Job
	1390844  -  Total Bytes Sent By Job
	218305  -  Total Bytes Received By Job
	Partitionable Resources :    Usage  Request Allocated 
	   Cpus                 :     0.21        1         1 
	   Disk (KB)            :  1632     2048000  18989398 
	   Memory (MB)          :   115        1992      2048 
...
