000 (3295098.000.000) 06/15 10:13:43 Job submitted from host: <144.92.181.244:9618?addrs=144.92.181.244-9618+[2607-f388-101c-1000--371]-9618&noUDP&sock=352010_28d7_3>
...
001 (3295098.000.000) 06/15 11:15:46 Job executing on host: <144.92.181.247:9618?addrs=144.92.181.247-9618+[2607-f388-101c-1000--629]-9618&noUDP&sock=2979_ecb8_3>
...
006 (3295098.000.000) 06/15 11:15:54 Image size of job updated: 228104
	106  -  MemoryUsage of job (MB)
	107988  -  ResidentSetSize of job (KB)
...
006 (3295098.000.000) 06/15 11:35:54 Image size of job updated: 486280
	369  -  MemoryUsage of job (MB)
	377016  -  ResidentSetSize of job (KB)
...
006 (3295098.000.000) 06/15 11:55:54 Image size of job updated: 487268
	371  -  MemoryUsage of job (MB)
	378976  -  ResidentSetSize of job (KB)
...
006 (3295098.000.000) 06/15 12:15:55 Image size of job updated: 487268
	373  -  MemoryUsage of job (MB)
	381132  -  ResidentSetSize of job (KB)
...
006 (3295098.000.000) 06/15 12:35:56 Image size of job updated: 487268
	374  -  MemoryUsage of job (MB)
	382440  -  ResidentSetSize of job (KB)
...
006 (3295098.000.000) 06/15 12:55:57 Image size of job updated: 487268
	374  -  MemoryUsage of job (MB)
	382856  -  ResidentSetSize of job (KB)
...
006 (3295098.000.000) 06/15 13:15:57 Image size of job updated: 487268
	376  -  MemoryUsage of job (MB)
	384672  -  ResidentSetSize of job (KB)
...
006 (3295098.000.000) 06/15 13:35:57 Image size of job updated: 487268
	377  -  MemoryUsage of job (MB)
	385840  -  ResidentSetSize of job (KB)
...
005 (3295098.000.000) 06/15 13:49:33 Job terminated.
	(1) Normal termination (return value 0)
		Usr 0 00:40:47, Sys 0 00:01:33  -  Run Remote Usage
		Usr 0 00:00:00, Sys 0 00:00:00  -  Run Local Usage
		Usr 0 00:40:47, Sys 0 00:01:33  -  Total Remote Usage
		Usr 0 00:00:00, Sys 0 00:00:00  -  Total Local Usage
	14552807424  -  Run Bytes Sent By Job
	218315  -  Run Bytes Received By Job
	14552807424  -  Total Bytes Sent By Job
	218315  -  Total Bytes Received By Job
	Partitionable Resources :       Usage  Request Allocated 
	   Cpus                 :        0.02        1         1 
	   Disk (KB)            : 14211999     2048000  18988192 
	   Memory (MB)          :      377        1992      2048 
...
