000 (3295018.000.000) 06/15 10:12:54 Job submitted from host: <144.92.181.244:9618?addrs=144.92.181.244-9618+[2607-f388-101c-1000--371]-9618&noUDP&sock=352010_28d7_3>
...
001 (3295018.000.000) 06/15 10:14:39 Job executing on host: <144.92.181.65:9618?addrs=144.92.181.65-9618+[2607-f388-101c-1000--629]-9618&noUDP&sock=3116_e532_3>
...
006 (3295018.000.000) 06/15 10:14:47 Image size of job updated: 225180
	106  -  MemoryUsage of job (MB)
	107636  -  ResidentSetSize of job (KB)
...
005 (3295018.000.000) 06/15 10:30:45 Job terminated.
	(1) Normal termination (return value 0)
		Usr 0 00:04:23, Sys 0 00:00:13  -  Run Remote Usage
		Usr 0 00:00:00, Sys 0 00:00:00  -  Run Local Usage
		Usr 0 00:04:23, Sys 0 00:00:13  -  Total Remote Usage
		Usr 0 00:00:00, Sys 0 00:00:00  -  Total Local Usage
	523736032  -  Run Bytes Sent By Job
	218333  -  Run Bytes Received By Job
	523736032  -  Total Bytes Sent By Job
	218333  -  Total Bytes Received By Job
	Partitionable Resources :     Usage  Request Allocated 
	   Cpus                 :      0.35        1         1 
	   Disk (KB)            : 511734     2048000  18996674 
	   Memory (MB)          :    106        1992      2048 
...
