000 (3295031.000.000) 06/15 10:13:03 Job submitted from host: <144.92.181.244:9618?addrs=144.92.181.244-9618+[2607-f388-101c-1000--371]-9618&noUDP&sock=352010_28d7_3>
...
001 (3295031.000.000) 06/15 10:22:58 Job executing on host: <144.92.180.145:9618?addrs=144.92.180.145-9618+[2607-f388-101c-1000--629]-9618&noUDP&sock=3038_64cf_3>
...
006 (3295031.000.000) 06/15 10:23:07 Image size of job updated: 165732
	53  -  MemoryUsage of job (MB)
	53524  -  ResidentSetSize of job (KB)
...
006 (3295031.000.000) 06/15 10:43:08 Image size of job updated: 515252
	389  -  MemoryUsage of job (MB)
	397572  -  ResidentSetSize of job (KB)
...
006 (3295031.000.000) 06/15 11:03:09 Image size of job updated: 515252
	389  -  MemoryUsage of job (MB)
	397976  -  ResidentSetSize of job (KB)
...
006 (3295031.000.000) 06/15 11:23:09 Image size of job updated: 515252
	389  -  MemoryUsage of job (MB)
	398228  -  ResidentSetSize of job (KB)
...
006 (3295031.000.000) 06/15 11:43:09 Image size of job updated: 515252
	389  -  MemoryUsage of job (MB)
	398288  -  ResidentSetSize of job (KB)
...
006 (3295031.000.000) 06/15 12:01:57 Image size of job updated: 690128
	389  -  MemoryUsage of job (MB)
	398288  -  ResidentSetSize of job (KB)
...
005 (3295031.000.000) 06/15 12:02:04 Job terminated.
	(1) Normal termination (return value 0)
		Usr 0 00:16:12, Sys 0 00:00:56  -  Run Remote Usage
		Usr 0 00:00:00, Sys 0 00:00:00  -  Run Local Usage
		Usr 0 00:16:12, Sys 0 00:00:56  -  Total Remote Usage
		Usr 0 00:00:00, Sys 0 00:00:00  -  Total Local Usage
	646707136  -  Run Bytes Sent By Job
	218299  -  Run Bytes Received By Job
	646707136  -  Total Bytes Sent By Job
	218299  -  Total Bytes Received By Job
	Partitionable Resources :     Usage  Request Allocated 
	   Cpus                 :      0.31        1         1 
	   Disk (KB)            : 631823     2048000  18991850 
	   Memory (MB)          :    389        1992      2048 
...
