000 (3295020.000.000) 06/15 10:12:55 Job submitted from host: <144.92.181.244:9618?addrs=144.92.181.244-9618+[2607-f388-101c-1000--371]-9618&noUDP&sock=352010_28d7_3>
...
001 (3295020.000.000) 06/15 10:14:39 Job executing on host: <144.92.181.74:9618?addrs=144.92.181.74-9618+[2607-f388-101c-1000--629]-9618&noUDP&sock=2458_8fe1_3>
...
006 (3295020.000.000) 06/15 10:14:48 Image size of job updated: 226236
	106  -  MemoryUsage of job (MB)
	107808  -  ResidentSetSize of job (KB)
...
006 (3295020.000.000) 06/15 10:34:49 Image size of job updated: 444752
	433  -  MemoryUsage of job (MB)
	443156  -  ResidentSetSize of job (KB)
...
006 (3295020.000.000) 06/15 10:54:50 Image size of job updated: 446308
	435  -  MemoryUsage of job (MB)
	445204  -  ResidentSetSize of job (KB)
...
006 (3295020.000.000) 06/15 11:14:51 Image size of job updated: 448088
	437  -  MemoryUsage of job (MB)
	447240  -  ResidentSetSize of job (KB)
...
005 (3295020.000.000) 06/15 11:34:14 Job terminated.
	(1) Normal termination (return value 0)
		Usr 0 00:19:49, Sys 0 00:01:16  -  Run Remote Usage
		Usr 0 00:00:00, Sys 0 00:00:00  -  Run Local Usage
		Usr 0 00:19:49, Sys 0 00:01:16  -  Total Remote Usage
		Usr 0 00:00:00, Sys 0 00:00:00  -  Total Local Usage
	1071370560  -  Run Bytes Sent By Job
	218299  -  Run Bytes Received By Job
	1071370560  -  Total Bytes Sent By Job
	218299  -  Total Bytes Received By Job
	Partitionable Resources :      Usage  Request Allocated 
	   Cpus                 :       0.48        1         1 
	   Disk (KB)            : 1046534     2048000  18508396 
	   Memory (MB)          :     437        1992      2048 
...
