000 (3295091.000.000) 06/15 10:13:39 Job submitted from host: <144.92.181.244:9618?addrs=144.92.181.244-9618+[2607-f388-101c-1000--371]-9618&noUDP&sock=352010_28d7_3>
...
001 (3295091.000.000) 06/15 11:00:00 Job executing on host: <128.104.227.44:9618?addrs=128.104.227.44-9618+[2607-f388-101c-1000--629]-9618&noUDP&sock=3238_93c0_3>
...
006 (3295091.000.000) 06/15 11:00:09 Image size of job updated: 224744
	106  -  MemoryUsage of job (MB)
	107704  -  ResidentSetSize of job (KB)
...
006 (3295091.000.000) 06/15 11:20:10 Image size of job updated: 507968
	479  -  MemoryUsage of job (MB)
	490440  -  ResidentSetSize of job (KB)
...
006 (3295091.000.000) 06/15 11:34:38 Image size of job updated: 739696
	479  -  MemoryUsage of job (MB)
	490440  -  ResidentSetSize of job (KB)
...
005 (3295091.000.000) 06/15 11:34:40 Job terminated.
	(1) Normal termination (return value 0)
		Usr 0 00:05:53, Sys 0 00:00:17  -  Run Remote Usage
		Usr 0 00:00:00, Sys 0 00:00:00  -  Run Local Usage
		Usr 0 00:05:53, Sys 0 00:00:17  -  Total Remote Usage
		Usr 0 00:00:00, Sys 0 00:00:00  -  Total Local Usage
	129327816  -  Run Bytes Sent By Job
	218252  -  Run Bytes Received By Job
	129327816  -  Total Bytes Sent By Job
	218252  -  Total Bytes Received By Job
	Partitionable Resources :     Usage  Request Allocated 
	   Cpus                 :      0.26        1         1 
	   Disk (KB)            : 126570     2048000  18989398 
	   Memory (MB)          :    479        1992      2048 
...
