000 (3295043.000.000) 06/15 10:13:10 Job submitted from host: <144.92.181.244:9618?addrs=144.92.181.244-9618+[2607-f388-101c-1000--371]-9618&noUDP&sock=352010_28d7_3>
...
001 (3295043.000.000) 06/15 10:40:39 Job executing on host: <144.92.180.34:9618?addrs=144.92.180.34-9618+[2607-f388-101c-1000--629]-9618&noUDP&sock=2306_4d7b_3>
...
006 (3295043.000.000) 06/15 10:40:47 Image size of job updated: 136504
	34  -  MemoryUsage of job (MB)
	33864  -  ResidentSetSize of job (KB)
...
006 (3295043.000.000) 06/15 11:00:47 Image size of job updated: 471332
	416  -  MemoryUsage of job (MB)
	425184  -  ResidentSetSize of job (KB)
...
006 (3295043.000.000) 06/15 11:20:47 Image size of job updated: 471332
	417  -  MemoryUsage of job (MB)
	426436  -  ResidentSetSize of job (KB)
...
006 (3295043.000.000) 06/15 11:40:48 Image size of job updated: 471332
	418  -  MemoryUsage of job (MB)
	427608  -  ResidentSetSize of job (KB)
...
006 (3295043.000.000) 06/15 12:00:49 Image size of job updated: 471332
	419  -  MemoryUsage of job (MB)
	428232  -  ResidentSetSize of job (KB)
...
006 (3295043.000.000) 06/15 12:20:50 Image size of job updated: 471332
	419  -  MemoryUsage of job (MB)
	428600  -  ResidentSetSize of job (KB)
...
006 (3295043.000.000) 06/15 12:40:50 Image size of job updated: 471332
	420  -  MemoryUsage of job (MB)
	429172  -  ResidentSetSize of job (KB)
...
006 (3295043.000.000) 06/15 13:00:50 Image size of job updated: 471332
	420  -  MemoryUsage of job (MB)
	429684  -  ResidentSetSize of job (KB)
...
005 (3295043.000.000) 06/15 14:53:38 Job terminated.
	(1) Normal termination (return value 0)
		Usr 0 00:45:57, Sys 0 00:02:19  -  Run Remote Usage
		Usr 0 00:00:00, Sys 0 00:00:00  -  Run Local Usage
		Usr 0 00:45:57, Sys 0 00:02:19  -  Total Remote Usage
		Usr 0 00:00:00, Sys 0 00:00:00  -  Total Local Usage
	4182383360  -  Run Bytes Sent By Job
	218269  -  Run Bytes Received By Job
	4182383360  -  Total Bytes Sent By Job
	218269  -  Total Bytes Received By Job
	Partitionable Resources :      Usage  Request Allocated 
	   Cpus                 :       0.04        1         1 
	   Disk (KB)            : 4084632     2048000  18354075 
	   Memory (MB)          :     420        1992      2048 
...
