000 (3295052.000.000) 06/15 10:13:15 Job submitted from host: <144.92.181.244:9618?addrs=144.92.181.244-9618+[2607-f388-101c-1000--371]-9618&noUDP&sock=352010_28d7_3>
...
001 (3295052.000.000) 06/15 10:43:01 Job executing on host: <144.92.180.155:9618?addrs=144.92.180.155-9618+[2607-f388-101c-1000--629]-9618&noUDP&sock=3353_7524_3>
...
006 (3295052.000.000) 06/15 10:43:10 Image size of job updated: 165980
	53  -  MemoryUsage of job (MB)
	53504  -  ResidentSetSize of job (KB)
...
006 (3295052.000.000) 06/15 11:03:11 Image size of job updated: 484776
	391  -  MemoryUsage of job (MB)
	399732  -  ResidentSetSize of job (KB)
...
006 (3295052.000.000) 06/15 11:23:12 Image size of job updated: 484776
	392  -  MemoryUsage of job (MB)
	401060  -  ResidentSetSize of job (KB)
...
006 (3295052.000.000) 06/15 11:43:12 Image size of job updated: 484776
	393  -  MemoryUsage of job (MB)
	401512  -  ResidentSetSize of job (KB)
...
006 (3295052.000.000) 06/15 12:03:12 Image size of job updated: 484776
	393  -  MemoryUsage of job (MB)
	401724  -  ResidentSetSize of job (KB)
...
006 (3295052.000.000) 06/15 12:23:12 Image size of job updated: 484776
	393  -  MemoryUsage of job (MB)
	402036  -  ResidentSetSize of job (KB)
...
006 (3295052.000.000) 06/15 12:43:13 Image size of job updated: 484776
	393  -  MemoryUsage of job (MB)
	402116  -  ResidentSetSize of job (KB)
...
006 (3295052.000.000) 06/15 13:03:14 Image size of job updated: 484776
	393  -  MemoryUsage of job (MB)
	402344  -  ResidentSetSize of job (KB)
...
006 (3295052.000.000) 06/15 13:23:15 Image size of job updated: 484776
	393  -  MemoryUsage of job (MB)
	402360  -  ResidentSetSize of job (KB)
...
006 (3295052.000.000) 06/15 13:43:15 Image size of job updated: 484776
	393  -  MemoryUsage of job (MB)
	402372  -  ResidentSetSize of job (KB)
...
005 (3295052.000.000) 06/15 13:49:04 Job terminated.
	(1) Normal termination (return value 0)
		Usr 0 00:43:31, Sys 0 00:01:59  -  Run Remote Usage
		Usr 0 00:00:00, Sys 0 00:00:00  -  Run Local Usage
		Usr 0 00:43:31, Sys 0 00:01:59  -  Total Remote Usage
		Usr 0 00:00:00, Sys 0 00:00:00  -  Total Local Usage
	2198043648  -  Run Bytes Sent By Job
	218300  -  Run Bytes Received By Job
	2198043648  -  Total Bytes Sent By Job
	218300  -  Total Bytes Received By Job
	Partitionable Resources :      Usage  Request Allocated 
	   Cpus                 :       0.01        1         1 
	   Disk (KB)            : 2146802     2048000  18990812 
	   Memory (MB)          :     393        1992      2048 
...
