000 (3295064.000.000) 06/15 10:13:23 Job submitted from host: <144.92.181.244:9618?addrs=144.92.181.244-9618+[2607-f388-101c-1000--371]-9618&noUDP&sock=352010_28d7_3>
...
001 (3295064.000.000) 06/15 10:46:17 Job executing on host: <128.104.227.48:9618?addrs=128.104.227.48-9618+[2607-f388-101c-1000--629]-9618&noUDP&sock=3340_8a69_3>
...
006 (3295064.000.000) 06/15 10:46:25 Image size of job updated: 253264
	134  -  MemoryUsage of job (MB)
	136548  -  ResidentSetSize of job (KB)
...
006 (3295064.000.000) 06/15 10:52:44 Image size of job updated: 401644
	134  -  MemoryUsage of job (MB)
	136548  -  ResidentSetSize of job (KB)
...
005 (3295064.000.000) 06/15 10:52:46 Job terminated.
	(1) Normal termination (return value 0)
		Usr 0 00:01:08, Sys 0 00:00:05  -  Run Remote Usage
		Usr 0 00:00:00, Sys 0 00:00:00  -  Run Local Usage
		Usr 0 00:01:08, Sys 0 00:00:05  -  Total Remote Usage
		Usr 0 00:00:00, Sys 0 00:00:00  -  Total Local Usage
	119147536  -  Run Bytes Sent By Job
	218277  -  Run Bytes Received By Job
	119147536  -  Total Bytes Sent By Job
	218277  -  Total Bytes Received By Job
	Partitionable Resources :     Usage  Request Allocated 
	   Cpus                 :      0.32        1         1 
	   Disk (KB)            : 116630     2048000  18995715 
	   Memory (MB)          :    134        1992      2048 
...
