********** for MC *********
All files added.
Initializing chain.
from Init MC
.... MC file ..... 
Coming in: 
nentries:679648
Running over 679648 events.
Finished entry 0/679647
Finished entry 30000/679647
Finished entry 60000/679647
Finished entry 90000/679647
Finished entry 120000/679647
Finished entry 150000/679647
Finished entry 180000/679647
Finished entry 210000/679647
Finished entry 240000/679647
Finished entry 270000/679647
Finished entry 300000/679647
Finished entry 330000/679647
Finished entry 360000/679647
Finished entry 390000/679647
Finished entry 420000/679647
Finished entry 450000/679647
Finished entry 480000/679647
Finished entry 510000/679647
Finished entry 540000/679647
Finished entry 570000/679647
Finished entry 600000/679647
Finished entry 630000/679647
Finished entry 660000/679647
nPassedSkimmed = 146
Real time 0:10:44, CP time 142.990
