000 (3295058.000.000) 06/15 10:13:19 Job submitted from host: <144.92.181.244:9618?addrs=144.92.181.244-9618+[2607-f388-101c-1000--371]-9618&noUDP&sock=352010_28d7_3>
...
001 (3295058.000.000) 06/15 10:44:34 Job executing on host: <144.92.180.201:9618?addrs=144.92.180.201-9618+[2607-f388-101c-1000--629]-9618&noUDP&sock=3126_c124_3>
...
006 (3295058.000.000) 06/15 10:44:42 Image size of job updated: 32460
	7  -  MemoryUsage of job (MB)
	6664  -  ResidentSetSize of job (KB)
...
006 (3295058.000.000) 06/15 11:04:42 Image size of job updated: 449536
	401  -  MemoryUsage of job (MB)
	410032  -  ResidentSetSize of job (KB)
...
006 (3295058.000.000) 06/15 11:24:43 Image size of job updated: 449536
	403  -  MemoryUsage of job (MB)
	412252  -  ResidentSetSize of job (KB)
...
006 (3295058.000.000) 06/15 11:44:44 Image size of job updated: 449536
	404  -  MemoryUsage of job (MB)
	412904  -  ResidentSetSize of job (KB)
...
006 (3295058.000.000) 06/15 12:04:45 Image size of job updated: 449536
	404  -  MemoryUsage of job (MB)
	413212  -  ResidentSetSize of job (KB)
...
006 (3295058.000.000) 06/15 12:24:45 Image size of job updated: 449536
	405  -  MemoryUsage of job (MB)
	414572  -  ResidentSetSize of job (KB)
...
006 (3295058.000.000) 06/15 12:44:45 Image size of job updated: 449536
	406  -  MemoryUsage of job (MB)
	414808  -  ResidentSetSize of job (KB)
...
006 (3295058.000.000) 06/15 13:04:45 Image size of job updated: 449536
	406  -  MemoryUsage of job (MB)
	415008  -  ResidentSetSize of job (KB)
...
006 (3295058.000.000) 06/15 13:24:46 Image size of job updated: 449536
	406  -  MemoryUsage of job (MB)
	415160  -  ResidentSetSize of job (KB)
...
005 (3295058.000.000) 06/15 13:33:13 Job terminated.
	(1) Normal termination (return value 0)
		Usr 0 00:32:05, Sys 0 00:02:27  -  Run Remote Usage
		Usr 0 00:00:00, Sys 0 00:00:00  -  Run Local Usage
		Usr 0 00:32:05, Sys 0 00:02:27  -  Total Remote Usage
		Usr 0 00:00:00, Sys 0 00:00:00  -  Total Local Usage
	411261760  -  Run Bytes Sent By Job
	218296  -  Run Bytes Received By Job
	411261760  -  Total Bytes Sent By Job
	218296  -  Total Bytes Received By Job
	Partitionable Resources :    Usage  Request Allocated 
	   Cpus                 :        0        1         1 
	   Disk (KB)            :   401896  2048000  18508433 
	   Memory (MB)          :      406     1992      2048 
...
