000 (3295026.000.000) 06/15 10:13:00 Job submitted from host: <144.92.181.244:9618?addrs=144.92.181.244-9618+[2607-f388-101c-1000--371]-9618&noUDP&sock=352010_28d7_3>
...
001 (3295026.000.000) 06/15 10:16:56 Job executing on host: <128.104.227.74:9618?addrs=128.104.227.74-9618+[2607-f388-101c-1000--629]-9618&noUDP&sock=3235_84f7_3>
...
006 (3295026.000.000) 06/15 10:17:05 Image size of job updated: 226768
	106  -  MemoryUsage of job (MB)
	108316  -  ResidentSetSize of job (KB)
...
006 (3295026.000.000) 06/15 10:37:06 Image size of job updated: 524472
	396  -  MemoryUsage of job (MB)
	405020  -  ResidentSetSize of job (KB)
...
006 (3295026.000.000) 06/15 10:57:07 Image size of job updated: 527264
	399  -  MemoryUsage of job (MB)
	407812  -  ResidentSetSize of job (KB)
...
006 (3295026.000.000) 06/15 11:17:07 Image size of job updated: 527264
	399  -  MemoryUsage of job (MB)
	408472  -  ResidentSetSize of job (KB)
...
006 (3295026.000.000) 06/15 11:57:08 Image size of job updated: 527264
	399  -  MemoryUsage of job (MB)
	408488  -  ResidentSetSize of job (KB)
...
006 (3295026.000.000) 06/15 12:17:09 Image size of job updated: 527264
	400  -  MemoryUsage of job (MB)
	408592  -  ResidentSetSize of job (KB)
...
006 (3295026.000.000) 06/15 12:37:09 Image size of job updated: 527264
	400  -  MemoryUsage of job (MB)
	408600  -  ResidentSetSize of job (KB)
...
006 (3295026.000.000) 06/15 12:57:09 Image size of job updated: 527264
	400  -  MemoryUsage of job (MB)
	408608  -  ResidentSetSize of job (KB)
...
006 (3295026.000.000) 06/15 13:17:10 Image size of job updated: 527264
	400  -  MemoryUsage of job (MB)
	408652  -  ResidentSetSize of job (KB)
...
005 (3295026.000.000) 06/15 13:33:03 Job terminated.
	(1) Normal termination (return value 0)
		Usr 0 00:53:57, Sys 0 00:02:21  -  Run Remote Usage
		Usr 0 00:00:00, Sys 0 00:00:00  -  Run Local Usage
		Usr 0 00:53:57, Sys 0 00:02:21  -  Total Remote Usage
		Usr 0 00:00:00, Sys 0 00:00:00  -  Total Local Usage
	11155732480  -  Run Bytes Sent By Job
	218287  -  Run Bytes Received By Job
	11155732480  -  Total Bytes Sent By Job
	218287  -  Total Bytes Received By Job
	Partitionable Resources :       Usage  Request Allocated 
	   Cpus                 :        0.03        1         1 
	   Disk (KB)            : 10894545     2048000  18990598 
	   Memory (MB)          :      400        1992      2048 
...
