000 (3295044.000.000) 06/15 10:13:11 Job submitted from host: <144.92.181.244:9618?addrs=144.92.181.244-9618+[2607-f388-101c-1000--371]-9618&noUDP&sock=352010_28d7_3>
...
001 (3295044.000.000) 06/15 10:40:46 Job executing on host: <128.104.227.72:9618?addrs=128.104.227.72-9618+[2607-f388-101c-1000--629]-9618&noUDP&sock=3282_c1ea_3>
...
006 (3295044.000.000) 06/15 10:40:55 Image size of job updated: 226020
	106  -  MemoryUsage of job (MB)
	108368  -  ResidentSetSize of job (KB)
...
006 (3295044.000.000) 06/15 11:00:56 Image size of job updated: 503000
	405  -  MemoryUsage of job (MB)
	414696  -  ResidentSetSize of job (KB)
...
006 (3295044.000.000) 06/15 11:20:57 Image size of job updated: 503000
	407  -  MemoryUsage of job (MB)
	416128  -  ResidentSetSize of job (KB)
...
006 (3295044.000.000) 06/15 11:40:58 Image size of job updated: 503000
	407  -  MemoryUsage of job (MB)
	416480  -  ResidentSetSize of job (KB)
...
006 (3295044.000.000) 06/15 12:00:58 Image size of job updated: 503000
	407  -  MemoryUsage of job (MB)
	416676  -  ResidentSetSize of job (KB)
...
006 (3295044.000.000) 06/15 12:20:58 Image size of job updated: 503000
	408  -  MemoryUsage of job (MB)
	416816  -  ResidentSetSize of job (KB)
...
006 (3295044.000.000) 06/15 12:40:58 Image size of job updated: 503000
	408  -  MemoryUsage of job (MB)
	416992  -  ResidentSetSize of job (KB)
...
006 (3295044.000.000) 06/15 13:00:59 Image size of job updated: 503000
	408  -  MemoryUsage of job (MB)
	417100  -  ResidentSetSize of job (KB)
...
006 (3295044.000.000) 06/15 13:21:00 Image size of job updated: 503000
	408  -  MemoryUsage of job (MB)
	417388  -  ResidentSetSize of job (KB)
...
005 (3295044.000.000) 06/15 13:30:25 Job terminated.
	(1) Normal termination (return value 0)
		Usr 0 00:30:09, Sys 0 00:01:30  -  Run Remote Usage
		Usr 0 00:00:00, Sys 0 00:00:00  -  Run Local Usage
		Usr 0 00:30:09, Sys 0 00:01:30  -  Total Remote Usage
		Usr 0 00:00:00, Sys 0 00:00:00  -  Total Local Usage
	778943168  -  Run Bytes Sent By Job
	218300  -  Run Bytes Received By Job
	778943168  -  Total Bytes Sent By Job
	218300  -  Total Bytes Received By Job
	Partitionable Resources :    Usage  Request Allocated 
	   Cpus                 :        0        1         1 
	   Disk (KB)            :   760962  2048000  18990454 
	   Memory (MB)          :      408     1992      2048 
...
