000 (3295083.000.000) 06/15 10:13:34 Job submitted from host: <144.92.181.244:9618?addrs=144.92.181.244-9618+[2607-f388-101c-1000--371]-9618&noUDP&sock=352010_28d7_3>
...
001 (3295083.000.000) 06/15 10:52:41 Job executing on host: <128.104.227.34:9618?addrs=128.104.227.34-9618+[2607-f388-101c-1000--629]-9618&noUDP&sock=3262_0a06_3>
...
006 (3295083.000.000) 06/15 10:52:50 Image size of job updated: 224424
	106  -  MemoryUsage of job (MB)
	107740  -  ResidentSetSize of job (KB)
...
006 (3295083.000.000) 06/15 11:12:50 Image size of job updated: 312752
	303  -  MemoryUsage of job (MB)
	309676  -  ResidentSetSize of job (KB)
...
005 (3295083.000.000) 06/15 11:32:21 Job terminated.
	(1) Normal termination (return value 0)
		Usr 0 00:08:37, Sys 0 00:00:33  -  Run Remote Usage
		Usr 0 00:00:00, Sys 0 00:00:00  -  Run Local Usage
		Usr 0 00:08:37, Sys 0 00:00:33  -  Total Remote Usage
		Usr 0 00:00:00, Sys 0 00:00:00  -  Total Local Usage
	50975280  -  Run Bytes Sent By Job
	218309  -  Run Bytes Received By Job
	50975280  -  Total Bytes Sent By Job
	218309  -  Total Bytes Received By Job
	Partitionable Resources :    Usage  Request Allocated 
	   Cpus                 :     0.40        1         1 
	   Disk (KB)            : 50056     2048000  18995887 
	   Memory (MB)          :   303        1992      2048 
...
