000 (3295034.000.000) 06/15 10:13:04 Job submitted from host: <144.92.181.244:9618?addrs=144.92.181.244-9618+[2607-f388-101c-1000--371]-9618&noUDP&sock=352010_28d7_3>
...
001 (3295034.000.000) 06/15 10:30:17 Job executing on host: <128.104.227.26:9618?addrs=128.104.227.26-9618+[2607-f388-101c-1000--629]-9618&noUDP&sock=3266_c867_3>
...
006 (3295034.000.000) 06/15 10:30:26 Image size of job updated: 72
	1  -  MemoryUsage of job (MB)
	72  -  ResidentSetSize of job (KB)
...
006 (3295034.000.000) 06/15 10:50:27 Image size of job updated: 471448
	385  -  MemoryUsage of job (MB)
	393864  -  ResidentSetSize of job (KB)
...
006 (3295034.000.000) 06/15 11:10:27 Image size of job updated: 471448
	387  -  MemoryUsage of job (MB)
	395880  -  ResidentSetSize of job (KB)
...
006 (3295034.000.000) 06/15 11:30:27 Image size of job updated: 471448
	388  -  MemoryUsage of job (MB)
	397272  -  ResidentSetSize of job (KB)
...
006 (3295034.000.000) 06/15 11:50:27 Image size of job updated: 471448
	389  -  MemoryUsage of job (MB)
	397480  -  ResidentSetSize of job (KB)
...
006 (3295034.000.000) 06/15 12:10:28 Image size of job updated: 471448
	389  -  MemoryUsage of job (MB)
	397640  -  ResidentSetSize of job (KB)
...
006 (3295034.000.000) 06/15 12:30:29 Image size of job updated: 471448
	389  -  MemoryUsage of job (MB)
	397736  -  ResidentSetSize of job (KB)
...
006 (3295034.000.000) 06/15 12:34:09 Image size of job updated: 644208
	389  -  MemoryUsage of job (MB)
	397736  -  ResidentSetSize of job (KB)
...
005 (3295034.000.000) 06/15 12:34:21 Job terminated.
	(1) Normal termination (return value 0)
		Usr 0 00:24:04, Sys 0 00:01:41  -  Run Remote Usage
		Usr 0 00:00:00, Sys 0 00:00:00  -  Run Local Usage
		Usr 0 00:24:04, Sys 0 00:01:41  -  Total Remote Usage
		Usr 0 00:00:00, Sys 0 00:00:00  -  Total Local Usage
	1014958528  -  Run Bytes Sent By Job
	218299  -  Run Bytes Received By Job
	1014958528  -  Total Bytes Sent By Job
	218299  -  Total Bytes Received By Job
	Partitionable Resources :     Usage  Request Allocated 
	   Cpus                 :      0.27        1         1 
	   Disk (KB)            : 991444     2048000  18997324 
	   Memory (MB)          :    389        1992      2048 
...
