000 (3295071.000.000) 06/15 10:13:26 Job submitted from host: <144.92.181.244:9618?addrs=144.92.181.244-9618+[2607-f388-101c-1000--371]-9618&noUDP&sock=352010_28d7_3>
...
001 (3295071.000.000) 06/15 10:47:25 Job executing on host: <144.92.180.128:9618?addrs=144.92.180.128-9618+[2607-f388-101c-1000--629]-9618&noUDP&sock=3357_3385_3>
...
006 (3295071.000.000) 06/15 10:47:34 Image size of job updated: 225020
	106  -  MemoryUsage of job (MB)
	107872  -  ResidentSetSize of job (KB)
...
006 (3295071.000.000) 06/15 11:07:35 Image size of job updated: 491796
	390  -  MemoryUsage of job (MB)
	399024  -  ResidentSetSize of job (KB)
...
006 (3295071.000.000) 06/15 11:27:35 Image size of job updated: 491796
	392  -  MemoryUsage of job (MB)
	400860  -  ResidentSetSize of job (KB)
...
006 (3295071.000.000) 06/15 11:47:35 Image size of job updated: 491796
	394  -  MemoryUsage of job (MB)
	402980  -  ResidentSetSize of job (KB)
...
005 (3295071.000.000) 06/15 12:08:06 Job terminated.
	(1) Normal termination (return value 0)
		Usr 0 00:21:06, Sys 0 00:01:05  -  Run Remote Usage
		Usr 0 00:00:00, Sys 0 00:00:00  -  Run Local Usage
		Usr 0 00:21:06, Sys 0 00:01:05  -  Total Remote Usage
		Usr 0 00:00:00, Sys 0 00:00:00  -  Total Local Usage
	3582793984  -  Run Bytes Sent By Job
	218295  -  Run Bytes Received By Job
	3582793984  -  Total Bytes Sent By Job
	218295  -  Total Bytes Received By Job
	Partitionable Resources :      Usage  Request Allocated 
	   Cpus                 :       0.39        1         1 
	   Disk (KB)            : 3499095     2048000  18350981 
	   Memory (MB)          :     394        1992      2048 
...
