000 (5380746.000.000) 07/16 16:46:18 Job submitted from host: <144.92.180.29:9618?addrs=144.92.180.29-9618+[2607-f388-101c-1000--369]-9618&noUDP&sock=677467_9758_3>
...
001 (5380746.000.000) 07/16 16:47:21 Job executing on host: <144.92.180.237:9618?addrs=144.92.180.237-9618+[2607-f388-101c-1000--629]-9618&noUDP&sock=3052_ff22_3>
...
006 (5380746.000.000) 07/16 16:47:30 Image size of job updated: 351296
	236  -  MemoryUsage of job (MB)
	241284  -  ResidentSetSize of job (KB)
...
005 (5380746.000.000) 07/16 16:48:25 Job terminated.
	(1) Normal termination (return value 0)
		Usr 0 00:00:45, Sys 0 00:00:02  -  Run Remote Usage
		Usr 0 00:00:00, Sys 0 00:00:00  -  Run Local Usage
		Usr 0 00:00:45, Sys 0 00:00:02  -  Total Remote Usage
		Usr 0 00:00:00, Sys 0 00:00:00  -  Total Local Usage
	114647  -  Run Bytes Sent By Job
	71710464  -  Run Bytes Received By Job
	114647  -  Total Bytes Sent By Job
	71710464  -  Total Bytes Received By Job
	Partitionable Resources :    Usage  Request Allocated 
	   Cpus                 :        0        1         1 
	   Disk (KB)            :    70202  2048000  18989554 
	   Memory (MB)          :      236     1992      2048 
...
