000 (5380682.000.000) 07/16 16:45:48 Job submitted from host: <144.92.180.29:9618?addrs=144.92.180.29-9618+[2607-f388-101c-1000--369]-9618&noUDP&sock=677467_9758_3>
...
001 (5380682.000.000) 07/16 16:45:58 Job executing on host: <128.104.227.53:9618?addrs=128.104.227.53-9618+[2607-f388-101c-1000--629]-9618&noUDP&sock=3295_aca6_3>
...
006 (5380682.000.000) 07/16 16:46:06 Image size of job updated: 230376
	117  -  MemoryUsage of job (MB)
	118840  -  ResidentSetSize of job (KB)
...
006 (5380682.000.000) 07/16 16:46:09 Image size of job updated: 317776
	117  -  MemoryUsage of job (MB)
	118840  -  ResidentSetSize of job (KB)
...
005 (5380682.000.000) 07/16 16:46:09 Job terminated.
	(1) Normal termination (return value 0)
		Usr 0 00:00:02, Sys 0 00:00:01  -  Run Remote Usage
		Usr 0 00:00:00, Sys 0 00:00:00  -  Run Local Usage
		Usr 0 00:00:02, Sys 0 00:00:01  -  Total Remote Usage
		Usr 0 00:00:00, Sys 0 00:00:00  -  Total Local Usage
	98023  -  Run Bytes Sent By Job
	71710520  -  Run Bytes Received By Job
	98023  -  Total Bytes Sent By Job
	71710520  -  Total Bytes Received By Job
	Partitionable Resources :    Usage  Request Allocated 
	   Cpus                 :        0        1         1 
	   Disk (KB)            :    70186  2048000  18989254 
	   Memory (MB)          :      117     1992      2048 
...
