000 (5380743.000.000) 07/16 16:46:17 Job submitted from host: <144.92.180.29:9618?addrs=144.92.180.29-9618+[2607-f388-101c-1000--369]-9618&noUDP&sock=677467_9758_3>
...
001 (5380743.000.000) 07/16 16:47:12 Job executing on host: <144.92.180.117:9618?addrs=144.92.180.117-9618+[2607-f388-101c-1000--629]-9618&noUDP&sock=3457_cafd_3>
...
006 (5380743.000.000) 07/16 16:47:21 Image size of job updated: 316248
	198  -  MemoryUsage of job (MB)
	202352  -  ResidentSetSize of job (KB)
...
006 (5380743.000.000) 07/16 16:49:09 Image size of job updated: 317876
	198  -  MemoryUsage of job (MB)
	202352  -  ResidentSetSize of job (KB)
...
005 (5380743.000.000) 07/16 16:49:10 Job terminated.
	(1) Normal termination (return value 0)
		Usr 0 00:01:19, Sys 0 00:00:02  -  Run Remote Usage
		Usr 0 00:00:00, Sys 0 00:00:00  -  Run Local Usage
		Usr 0 00:01:19, Sys 0 00:00:02  -  Total Remote Usage
		Usr 0 00:00:00, Sys 0 00:00:00  -  Total Local Usage
	88020  -  Run Bytes Sent By Job
	71710512  -  Run Bytes Received By Job
	88020  -  Total Bytes Sent By Job
	71710512  -  Total Bytes Received By Job
	Partitionable Resources :    Usage  Request Allocated 
	   Cpus                 :        0        1         1 
	   Disk (KB)            :    70178  2048000  18354223 
	   Memory (MB)          :      198     1992      2048 
...
