All files added.
Initializing chain.
from Init MC
.... MC file ..... 
Coming in: 
nentries:17557
Running over 17557 events.
Finished entry 0/17556
Finished entry 800/17556
Finished entry 1600/17556
Finished entry 2400/17556
Finished entry 3200/17556
Finished entry 4000/17556
Finished entry 4800/17556
Finished entry 5600/17556
Finished entry 6400/17556
Finished entry 7200/17556
Finished entry 8000/17556
Finished entry 8800/17556
Finished entry 9600/17556
Finished entry 10400/17556
Finished entry 11200/17556
Finished entry 12000/17556
Finished entry 12800/17556
Finished entry 13600/17556
Finished entry 14400/17556
Finished entry 15200/17556
Finished entry 16000/17556
Finished entry 16800/17556
Finished entry 17556/17556
All events checked.
*******************************************
******************Jithin's original*************************
    Initial entries 17557.000000
   Passing smikking 0.000000
Inspected genWeightd 15581.000000   % change= 11.254770
   METFiltersPassed 16575.970196   % change= -6.385792
    SingleTrgPassed 10202.253872   % change= 38.451543
     GoodMuonPassed 8899.562719   % change= 12.768660
      GoodTauPassed 1033.356066   % change= 88.388687
         opp charge 731.196733   % change= 29.240583
         after sf 1 731.196733   % change= 29.240583
         after sf 2 0.000000   % change= 29.240583
         after sf 3 0.000000   % change= 29.240583
         after sf 4 583.429859   % change= 29.240583
 PassedThirdLepVeto 495.115466   % change= 32.286970
     PassedBjetVeto 471.388383   % change= 4.792232
       DeltaRPassed 466.204468   % change= 1.099712
      Total change :97.344623
*******************************************
*******************************************
Number of events inspected: 17557
Number of events inspected (minus negative gen. weights): 15581.000000
 Outpt written to WWW_4F_TuneCP5_00.root
Real time 0:00:10, CP time 7.110
