000 (5380689.000.000) 07/16 16:45:51 Job submitted from host: <144.92.180.29:9618?addrs=144.92.180.29-9618+[2607-f388-101c-1000--369]-9618&noUDP&sock=677467_9758_3>
...
001 (5380689.000.000) 07/16 16:46:10 Job executing on host: <128.104.227.18:9618?addrs=128.104.227.18-9618+[2607-f388-101c-1000--629]-9618&noUDP&sock=3382_5963_3>
...
006 (5380689.000.000) 07/16 16:46:19 Image size of job updated: 302748
	191  -  MemoryUsage of job (MB)
	195432  -  ResidentSetSize of job (KB)
...
005 (5380689.000.000) 07/16 16:48:11 Job terminated.
	(1) Normal termination (return value 0)
		Usr 0 00:01:20, Sys 0 00:00:03  -  Run Remote Usage
		Usr 0 00:00:00, Sys 0 00:00:00  -  Run Local Usage
		Usr 0 00:01:20, Sys 0 00:00:03  -  Total Remote Usage
		Usr 0 00:00:00, Sys 0 00:00:00  -  Total Local Usage
	121322  -  Run Bytes Sent By Job
	71710528  -  Run Bytes Received By Job
	121322  -  Total Bytes Sent By Job
	71710528  -  Total Bytes Received By Job
	Partitionable Resources :    Usage  Request Allocated 
	   Cpus                 :     0.73        1         1 
	   Disk (KB)            : 70211     2048000  18999133 
	   Memory (MB)          :   191        1992      2048 
...
