000 (5380685.000.000) 07/16 16:45:49 Job submitted from host: <144.92.180.29:9618?addrs=144.92.180.29-9618+[2607-f388-101c-1000--369]-9618&noUDP&sock=677467_9758_3>
...
001 (5380685.000.000) 07/16 16:45:59 Job executing on host: <144.92.181.186:9618?addrs=144.92.181.186-9618+[2607-f388-101c-1000--629]-9618&noUDP&sock=2996_95d4_3>
...
006 (5380685.000.000) 07/16 16:46:08 Image size of job updated: 213800
	192  -  MemoryUsage of job (MB)
	195836  -  ResidentSetSize of job (KB)
...
005 (5380685.000.000) 07/16 16:48:12 Job terminated.
	(1) Normal termination (return value 0)
		Usr 0 00:01:26, Sys 0 00:00:04  -  Run Remote Usage
		Usr 0 00:00:00, Sys 0 00:00:00  -  Run Local Usage
		Usr 0 00:01:26, Sys 0 00:00:04  -  Total Remote Usage
		Usr 0 00:00:00, Sys 0 00:00:00  -  Total Local Usage
	121044  -  Run Bytes Sent By Job
	71710528  -  Run Bytes Received By Job
	121044  -  Total Bytes Sent By Job
	71710528  -  Total Bytes Received By Job
	Partitionable Resources :    Usage  Request Allocated 
	   Cpus                 :     0.69        1         1 
	   Disk (KB)            : 70208     2048000  18992165 
	   Memory (MB)          :   192        1992      2048 
...
