000 (5380766.000.000) 07/16 16:46:35 Job submitted from host: <144.92.180.29:9618?addrs=144.92.180.29-9618+[2607-f388-101c-1000--369]-9618&noUDP&sock=677467_9758_3>
...
001 (5380766.000.000) 07/16 16:47:26 Job executing on host: <128.104.227.96:9618?addrs=128.104.227.96-9618+[2607-f388-101c-1000--629]-9618&noUDP&sock=4021_a667_3>
...
006 (5380766.000.000) 07/16 16:47:35 Image size of job updated: 318324
	201  -  MemoryUsage of job (MB)
	205340  -  ResidentSetSize of job (KB)
...
006 (5380766.000.000) 07/16 16:51:39 Image size of job updated: 537420
	201  -  MemoryUsage of job (MB)
	205340  -  ResidentSetSize of job (KB)
...
005 (5380766.000.000) 07/16 16:51:39 Job terminated.
	(1) Normal termination (return value 0)
		Usr 0 00:02:56, Sys 0 00:00:07  -  Run Remote Usage
		Usr 0 00:00:00, Sys 0 00:00:00  -  Run Local Usage
		Usr 0 00:02:56, Sys 0 00:00:07  -  Total Remote Usage
		Usr 0 00:00:00, Sys 0 00:00:00  -  Total Local Usage
	123269  -  Run Bytes Sent By Job
	71710464  -  Run Bytes Received By Job
	123269  -  Total Bytes Sent By Job
	71710464  -  Total Bytes Received By Job
	Partitionable Resources :    Usage  Request Allocated 
	   Cpus                 :     0.74        1         1 
	   Disk (KB)            : 70212     2048000  18988527 
	   Memory (MB)          :   201        1992      2048 
...
