000 (5380763.000.000) 07/16 16:46:34 Job submitted from host: <144.92.180.29:9618?addrs=144.92.180.29-9618+[2607-f388-101c-1000--369]-9618&noUDP&sock=677467_9758_3>
...
001 (5380763.000.000) 07/16 16:47:25 Job executing on host: <144.92.180.3:9618?addrs=144.92.180.3-9618+[2607-f388-101c-1000--629]-9618&noUDP&sock=3212_be49_3>
...
006 (5380763.000.000) 07/16 16:47:33 Image size of job updated: 206120
	198  -  MemoryUsage of job (MB)
	201968  -  ResidentSetSize of job (KB)
...
005 (5380763.000.000) 07/16 16:47:37 Job terminated.
	(1) Normal termination (return value 0)
		Usr 0 00:00:07, Sys 0 00:00:00  -  Run Remote Usage
		Usr 0 00:00:00, Sys 0 00:00:00  -  Run Local Usage
		Usr 0 00:00:07, Sys 0 00:00:00  -  Total Remote Usage
		Usr 0 00:00:00, Sys 0 00:00:00  -  Total Local Usage
	38434  -  Run Bytes Sent By Job
	71710504  -  Run Bytes Received By Job
	38434  -  Total Bytes Sent By Job
	71710504  -  Total Bytes Received By Job
	Partitionable Resources :    Usage  Request Allocated 
	   Cpus                 :     0.44        1         1 
	   Disk (KB)            : 70129     2048000  18997284 
	   Memory (MB)          :   198        1992      2048 
...
