000 (5380675.000.000) 07/16 16:45:45 Job submitted from host: <144.92.180.29:9618?addrs=144.92.180.29-9618+[2607-f388-101c-1000--369]-9618&noUDP&sock=677467_9758_3>
...
001 (5380675.000.000) 07/16 16:46:02 Job executing on host: <144.92.180.167:9618?addrs=144.92.180.167-9618+[2607-f388-101c-1000--629]-9618&noUDP&sock=3068_f8a6_3>
...
006 (5380675.000.000) 07/16 16:46:10 Image size of job updated: 100708
	26  -  MemoryUsage of job (MB)
	26092  -  ResidentSetSize of job (KB)
...
006 (5380675.000.000) 07/16 16:49:36 Image size of job updated: 299732
	26  -  MemoryUsage of job (MB)
	26092  -  ResidentSetSize of job (KB)
...
005 (5380675.000.000) 07/16 16:49:36 Job terminated.
	(1) Normal termination (return value 0)
		Usr 0 00:02:21, Sys 0 00:00:08  -  Run Remote Usage
		Usr 0 00:00:00, Sys 0 00:00:00  -  Run Local Usage
		Usr 0 00:02:21, Sys 0 00:00:08  -  Total Remote Usage
		Usr 0 00:00:00, Sys 0 00:00:00  -  Total Local Usage
	122326  -  Run Bytes Sent By Job
	71710512  -  Run Bytes Received By Job
	122326  -  Total Bytes Sent By Job
	71710512  -  Total Bytes Received By Job
	Partitionable Resources :    Usage  Request Allocated 
	   Cpus                 :     0.76        1         1 
	   Disk (KB)            : 70209     2048000  18992802 
	   Memory (MB)          :    26        1992      2048 
...
