000 (5380699.000.000) 07/16 16:46:01 Job submitted from host: <144.92.180.29:9618?addrs=144.92.180.29-9618+[2607-f388-101c-1000--369]-9618&noUDP&sock=677467_9758_3>
...
001 (5380699.000.000) 07/16 16:46:34 Job executing on host: <128.104.227.96:9618?addrs=128.104.227.96-9618+[2607-f388-101c-1000--629]-9618&noUDP&sock=4021_a667_3>
...
006 (5380699.000.000) 07/16 16:46:43 Image size of job updated: 305344
	188  -  MemoryUsage of job (MB)
	191844  -  ResidentSetSize of job (KB)
...
006 (5380699.000.000) 07/16 16:47:18 Image size of job updated: 305440
	188  -  MemoryUsage of job (MB)
	191844  -  ResidentSetSize of job (KB)
...
005 (5380699.000.000) 07/16 16:47:18 Job terminated.
	(1) Normal termination (return value 0)
		Usr 0 00:00:28, Sys 0 00:00:02  -  Run Remote Usage
		Usr 0 00:00:00, Sys 0 00:00:00  -  Run Local Usage
		Usr 0 00:00:28, Sys 0 00:00:02  -  Total Remote Usage
		Usr 0 00:00:00, Sys 0 00:00:00  -  Total Local Usage
	121024  -  Run Bytes Sent By Job
	71710520  -  Run Bytes Received By Job
	121024  -  Total Bytes Sent By Job
	71710520  -  Total Bytes Received By Job
	Partitionable Resources :    Usage  Request Allocated 
	   Cpus                 :     0.69        1         1 
	   Disk (KB)            : 70210     2048000  18988527 
	   Memory (MB)          :   188        1992      2048 
...
