000 (5380767.000.000) 07/16 16:46:35 Job submitted from host: <144.92.180.29:9618?addrs=144.92.180.29-9618+[2607-f388-101c-1000--369]-9618&noUDP&sock=677467_9758_3>
...
001 (5380767.000.000) 07/16 16:47:30 Job executing on host: <144.92.180.115:9618?addrs=144.92.180.115-9618+[2607-f388-101c-1000--629]-9618&noUDP&sock=3372_7d70_3>
...
006 (5380767.000.000) 07/16 16:47:39 Image size of job updated: 313340
	200  -  MemoryUsage of job (MB)
	204648  -  ResidentSetSize of job (KB)
...
005 (5380767.000.000) 07/16 16:51:02 Job terminated.
	(1) Normal termination (return value 0)
		Usr 0 00:02:18, Sys 0 00:00:06  -  Run Remote Usage
		Usr 0 00:00:00, Sys 0 00:00:00  -  Run Local Usage
		Usr 0 00:02:18, Sys 0 00:00:06  -  Total Remote Usage
		Usr 0 00:00:00, Sys 0 00:00:00  -  Total Local Usage
	123010  -  Run Bytes Sent By Job
	71710464  -  Run Bytes Received By Job
	123010  -  Total Bytes Sent By Job
	71710464  -  Total Bytes Received By Job
	Partitionable Resources :    Usage  Request Allocated 
	   Cpus                 :     0.65        1         1 
	   Disk (KB)            : 70210     2048000  18352029 
	   Memory (MB)          :   200        1992      2048 
...
