000 (5380727.000.000) 07/16 16:46:11 Job submitted from host: <144.92.180.29:9618?addrs=144.92.180.29-9618+[2607-f388-101c-1000--369]-9618&noUDP&sock=677467_9758_3>
...
001 (5380727.000.000) 07/16 16:46:56 Job executing on host: <128.104.227.87:9618?addrs=128.104.227.87-9618+[2607-f388-101c-1000--629]-9618&noUDP&sock=4001_ee83_3>
...
006 (5380727.000.000) 07/16 16:47:05 Image size of job updated: 153148
	59  -  MemoryUsage of job (MB)
	59488  -  ResidentSetSize of job (KB)
...
006 (5380727.000.000) 07/16 16:47:43 Image size of job updated: 305940
	59  -  MemoryUsage of job (MB)
	59488  -  ResidentSetSize of job (KB)
...
005 (5380727.000.000) 07/16 16:47:43 Job terminated.
	(1) Normal termination (return value 0)
		Usr 0 00:00:26, Sys 0 00:00:01  -  Run Remote Usage
		Usr 0 00:00:00, Sys 0 00:00:00  -  Run Local Usage
		Usr 0 00:00:26, Sys 0 00:00:01  -  Total Remote Usage
		Usr 0 00:00:00, Sys 0 00:00:00  -  Total Local Usage
	85523  -  Run Bytes Sent By Job
	71710496  -  Run Bytes Received By Job
	85523  -  Total Bytes Sent By Job
	71710496  -  Total Bytes Received By Job
	Partitionable Resources :    Usage  Request Allocated 
	   Cpus                 :        0        1         1 
	   Disk (KB)            :    70173  2048000  18995287 
	   Memory (MB)          :       59     1992      2048 
...
