000 (5380717.000.000) 07/16 16:46:07 Job submitted from host: <144.92.180.29:9618?addrs=144.92.180.29-9618+[2607-f388-101c-1000--369]-9618&noUDP&sock=677467_9758_3>
...
001 (5380717.000.000) 07/16 16:46:36 Job executing on host: <144.92.180.205:9618?addrs=144.92.180.205-9618+[2607-f388-101c-1000--629]-9618&noUDP&sock=3137_4caf_3>
...
006 (5380717.000.000) 07/16 16:46:44 Image size of job updated: 265240
	203  -  MemoryUsage of job (MB)
	206936  -  ResidentSetSize of job (KB)
...
005 (5380717.000.000) 07/16 16:51:10 Job terminated.
	(1) Normal termination (return value 0)
		Usr 0 00:02:55, Sys 0 00:00:05  -  Run Remote Usage
		Usr 0 00:00:00, Sys 0 00:00:00  -  Run Local Usage
		Usr 0 00:02:55, Sys 0 00:00:05  -  Total Remote Usage
		Usr 0 00:00:00, Sys 0 00:00:00  -  Total Local Usage
	112081  -  Run Bytes Sent By Job
	71710512  -  Run Bytes Received By Job
	112081  -  Total Bytes Sent By Job
	71710512  -  Total Bytes Received By Job
	Partitionable Resources :    Usage  Request Allocated 
	   Cpus                 :     0.68        1         1 
	   Disk (KB)            : 70201     2048000  18989235 
	   Memory (MB)          :   203        1992      2048 
...
