000 (5380704.000.000) 07/16 16:46:03 Job submitted from host: <144.92.180.29:9618?addrs=144.92.180.29-9618+[2607-f388-101c-1000--369]-9618&noUDP&sock=677467_9758_3>
...
001 (5380704.000.000) 07/16 16:46:25 Job executing on host: <144.92.180.3:9618?addrs=144.92.180.3-9618+[2607-f388-101c-1000--629]-9618&noUDP&sock=3212_be49_3>
...
006 (5380704.000.000) 07/16 16:46:34 Image size of job updated: 207404
	199  -  MemoryUsage of job (MB)
	203420  -  ResidentSetSize of job (KB)
...
006 (5380704.000.000) 07/16 16:47:05 Image size of job updated: 207404
	199  -  MemoryUsage of job (MB)
	203424  -  ResidentSetSize of job (KB)
...
005 (5380704.000.000) 07/16 16:47:06 Job terminated.
	(1) Normal termination (return value 0)
		Usr 0 00:00:24, Sys 0 00:00:01  -  Run Remote Usage
		Usr 0 00:00:00, Sys 0 00:00:00  -  Run Local Usage
		Usr 0 00:00:24, Sys 0 00:00:01  -  Total Remote Usage
		Usr 0 00:00:00, Sys 0 00:00:00  -  Total Local Usage
	85604  -  Run Bytes Sent By Job
	71710568  -  Run Bytes Received By Job
	85604  -  Total Bytes Sent By Job
	71710568  -  Total Bytes Received By Job
	Partitionable Resources :    Usage  Request Allocated 
	   Cpus                 :     0.69        1         1 
	   Disk (KB)            : 70175     2048000  18997284 
	   Memory (MB)          :   199        1992      2048 
...
