000 (5380706.000.000) 07/16 16:46:03 Job submitted from host: <144.92.180.29:9618?addrs=144.92.180.29-9618+[2607-f388-101c-1000--369]-9618&noUDP&sock=677467_9758_3>
...
001 (5380706.000.000) 07/16 16:46:35 Job executing on host: <144.92.180.205:9618?addrs=144.92.180.205-9618+[2607-f388-101c-1000--629]-9618&noUDP&sock=3137_4caf_3>
...
006 (5380706.000.000) 07/16 16:46:43 Image size of job updated: 258360
	196  -  MemoryUsage of job (MB)
	200060  -  ResidentSetSize of job (KB)
...
005 (5380706.000.000) 07/16 16:48:45 Job terminated.
	(1) Normal termination (return value 0)
		Usr 0 00:01:23, Sys 0 00:00:03  -  Run Remote Usage
		Usr 0 00:00:00, Sys 0 00:00:00  -  Run Local Usage
		Usr 0 00:01:23, Sys 0 00:00:03  -  Total Remote Usage
		Usr 0 00:00:00, Sys 0 00:00:00  -  Total Local Usage
	116768  -  Run Bytes Sent By Job
	71710544  -  Run Bytes Received By Job
	116768  -  Total Bytes Sent By Job
	71710544  -  Total Bytes Received By Job
	Partitionable Resources :    Usage  Request Allocated 
	   Cpus                 :     0.68        1         1 
	   Disk (KB)            : 70206     2048000  18989235 
	   Memory (MB)          :   196        1992      2048 
...
