000 (5380732.000.000) 07/16 16:46:13 Job submitted from host: <144.92.180.29:9618?addrs=144.92.180.29-9618+[2607-f388-101c-1000--369]-9618&noUDP&sock=677467_9758_3>
...
001 (5380732.000.000) 07/16 16:46:57 Job executing on host: <144.92.181.234:9618?addrs=144.92.181.234-9618+[2607-f388-101c-1000--629]-9618&noUDP&sock=2562_e5ba_3>
...
006 (5380732.000.000) 07/16 16:47:05 Image size of job updated: 302152
	189  -  MemoryUsage of job (MB)
	192976  -  ResidentSetSize of job (KB)
...
005 (5380732.000.000) 07/16 16:48:28 Job terminated.
	(1) Normal termination (return value 0)
		Usr 0 00:01:05, Sys 0 00:00:03  -  Run Remote Usage
		Usr 0 00:00:00, Sys 0 00:00:00  -  Run Local Usage
		Usr 0 00:01:05, Sys 0 00:00:03  -  Total Remote Usage
		Usr 0 00:00:00, Sys 0 00:00:00  -  Total Local Usage
	88930  -  Run Bytes Sent By Job
	71710496  -  Run Bytes Received By Job
	88930  -  Total Bytes Sent By Job
	71710496  -  Total Bytes Received By Job
	Partitionable Resources :    Usage  Request Allocated 
	   Cpus                 :     0.76        1         1 
	   Disk (KB)            : 70178     2048000  18484806 
	   Memory (MB)          :   189        1992      2048 
...
