000 (5380693.000.000) 07/16 16:45:56 Job submitted from host: <144.92.180.29:9618?addrs=144.92.180.29-9618+[2607-f388-101c-1000--369]-9618&noUDP&sock=677467_9758_3>
...
001 (5380693.000.000) 07/16 16:46:35 Job executing on host: <128.104.227.73:9618?addrs=128.104.227.73-9618+[2607-f388-101c-1000--629]-9618&noUDP&sock=3417_5b34_3>
...
006 (5380693.000.000) 07/16 16:46:44 Image size of job updated: 303944
	190  -  MemoryUsage of job (MB)
	194064  -  ResidentSetSize of job (KB)
...
005 (5380693.000.000) 07/16 16:48:35 Job terminated.
	(1) Normal termination (return value 0)
		Usr 0 00:01:16, Sys 0 00:00:03  -  Run Remote Usage
		Usr 0 00:00:00, Sys 0 00:00:00  -  Run Local Usage
		Usr 0 00:01:16, Sys 0 00:00:03  -  Total Remote Usage
		Usr 0 00:00:00, Sys 0 00:00:00  -  Total Local Usage
	120714  -  Run Bytes Sent By Job
	71710512  -  Run Bytes Received By Job
	120714  -  Total Bytes Sent By Job
	71710512  -  Total Bytes Received By Job
	Partitionable Resources :    Usage  Request Allocated 
	   Cpus                 :     0.64        1         1 
	   Disk (KB)            : 70208     2048000  18996796 
	   Memory (MB)          :   190        1992      2048 
...
