000 (5380721.000.000) 07/16 16:46:09 Job submitted from host: <144.92.180.29:9618?addrs=144.92.180.29-9618+[2607-f388-101c-1000--369]-9618&noUDP&sock=677467_9758_3>
...
001 (5380721.000.000) 07/16 16:46:45 Job executing on host: <144.92.181.146:9618?addrs=144.92.181.146-9618+[2607-f388-101c-1000--629]-9618&noUDP&sock=3294_fd0d_3>
...
006 (5380721.000.000) 07/16 16:46:54 Image size of job updated: 320840
	204  -  MemoryUsage of job (MB)
	208828  -  ResidentSetSize of job (KB)
...
006 (5380721.000.000) 07/16 16:49:31 Image size of job updated: 321764
	204  -  MemoryUsage of job (MB)
	208828  -  ResidentSetSize of job (KB)
...
005 (5380721.000.000) 07/16 16:49:31 Job terminated.
	(1) Normal termination (return value 0)
		Usr 0 00:01:51, Sys 0 00:00:04  -  Run Remote Usage
		Usr 0 00:00:00, Sys 0 00:00:00  -  Run Local Usage
		Usr 0 00:01:51, Sys 0 00:00:04  -  Total Remote Usage
		Usr 0 00:00:00, Sys 0 00:00:00  -  Total Local Usage
	89102  -  Run Bytes Sent By Job
	71710512  -  Run Bytes Received By Job
	89102  -  Total Bytes Sent By Job
	71710512  -  Total Bytes Received By Job
	Partitionable Resources :    Usage  Request Allocated 
	   Cpus                 :     0.72        1         1 
	   Disk (KB)            : 70179     2048000  18986288 
	   Memory (MB)          :   204        1992      2048 
...
