000 (5380690.000.000) 07/16 16:45:52 Job submitted from host: <144.92.180.29:9618?addrs=144.92.180.29-9618+[2607-f388-101c-1000--369]-9618&noUDP&sock=677467_9758_3>
...
001 (5380690.000.000) 07/16 16:46:12 Job executing on host: <128.104.227.97:9618?addrs=128.104.227.97-9618+[2607-f388-101c-1000--629]-9618&noUDP&sock=4041_5e4c_3>
...
006 (5380690.000.000) 07/16 16:46:20 Image size of job updated: 303804
	190  -  MemoryUsage of job (MB)
	193796  -  ResidentSetSize of job (KB)
...
005 (5380690.000.000) 07/16 16:46:37 Job terminated.
	(1) Normal termination (return value 0)
		Usr 0 00:00:17, Sys 0 00:00:01  -  Run Remote Usage
		Usr 0 00:00:00, Sys 0 00:00:00  -  Run Local Usage
		Usr 0 00:00:17, Sys 0 00:00:01  -  Total Remote Usage
		Usr 0 00:00:00, Sys 0 00:00:00  -  Total Local Usage
	114787  -  Run Bytes Sent By Job
	71710528  -  Run Bytes Received By Job
	114787  -  Total Bytes Sent By Job
	71710528  -  Total Bytes Received By Job
	Partitionable Resources :    Usage  Request Allocated 
	   Cpus                 :        0        1         1 
	   Disk (KB)            :    70202  2048000  18997489 
	   Memory (MB)          :      190     1992      2048 
...
