000 (5380681.000.000) 07/16 16:45:47 Job submitted from host: <144.92.180.29:9618?addrs=144.92.180.29-9618+[2607-f388-101c-1000--369]-9618&noUDP&sock=677467_9758_3>
...
001 (5380681.000.000) 07/16 16:45:58 Job executing on host: <128.104.227.31:9618?addrs=128.104.227.31-9618+[2607-f388-101c-1000--629]-9618&noUDP&sock=3315_648b_3>
...
006 (5380681.000.000) 07/16 16:46:06 Image size of job updated: 317636
	201  -  MemoryUsage of job (MB)
	205252  -  ResidentSetSize of job (KB)
...
005 (5380681.000.000) 07/16 16:46:07 Job terminated.
	(1) Normal termination (return value 0)
		Usr 0 00:00:02, Sys 0 00:00:00  -  Run Remote Usage
		Usr 0 00:00:00, Sys 0 00:00:00  -  Run Local Usage
		Usr 0 00:00:02, Sys 0 00:00:00  -  Total Remote Usage
		Usr 0 00:00:00, Sys 0 00:00:00  -  Total Local Usage
	87351  -  Run Bytes Sent By Job
	71710520  -  Run Bytes Received By Job
	87351  -  Total Bytes Sent By Job
	71710520  -  Total Bytes Received By Job
	Partitionable Resources :    Usage  Request Allocated 
	   Cpus                 :        0        1         1 
	   Disk (KB)            :    70175  2048000  18992033 
	   Memory (MB)          :      201     1992      2048 
...
