000 (5380747.000.000) 07/16 16:46:18 Job submitted from host: <144.92.180.29:9618?addrs=144.92.180.29-9618+[2607-f388-101c-1000--369]-9618&noUDP&sock=677467_9758_3>
...
001 (5380747.000.000) 07/16 16:47:19 Job executing on host: <144.92.180.145:9618?addrs=144.92.180.145-9618+[2607-f388-101c-1000--629]-9618&noUDP&sock=3038_64cf_3>
...
006 (5380747.000.000) 07/16 16:47:28 Image size of job updated: 153636
	42  -  MemoryUsage of job (MB)
	42392  -  ResidentSetSize of job (KB)
...
006 (5380747.000.000) 07/16 16:51:31 Image size of job updated: 153636
	42  -  MemoryUsage of job (MB)
	42440  -  ResidentSetSize of job (KB)
...
005 (5380747.000.000) 07/16 16:51:31 Job terminated.
	(1) Normal termination (return value 0)
		Usr 0 00:02:45, Sys 0 00:00:05  -  Run Remote Usage
		Usr 0 00:00:00, Sys 0 00:00:00  -  Run Local Usage
		Usr 0 00:02:45, Sys 0 00:00:05  -  Total Remote Usage
		Usr 0 00:00:00, Sys 0 00:00:00  -  Total Local Usage
	124076  -  Run Bytes Sent By Job
	71710488  -  Run Bytes Received By Job
	124076  -  Total Bytes Sent By Job
	71710488  -  Total Bytes Received By Job
	Partitionable Resources :    Usage  Request Allocated 
	   Cpus                 :     0.67        1         1 
	   Disk (KB)            : 70211     2048000  18991850 
	   Memory (MB)          :    42        1992      2048 
...
