000 (5380736.000.000) 07/16 16:46:15 Job submitted from host: <144.92.180.29:9618?addrs=144.92.180.29-9618+[2607-f388-101c-1000--369]-9618&noUDP&sock=677467_9758_3>
...
001 (5380736.000.000) 07/16 16:46:57 Job executing on host: <144.92.180.115:9618?addrs=144.92.180.115-9618+[2607-f388-101c-1000--629]-9618&noUDP&sock=3372_7d70_3>
...
006 (5380736.000.000) 07/16 16:47:06 Image size of job updated: 285912
	198  -  MemoryUsage of job (MB)
	202404  -  ResidentSetSize of job (KB)
...
005 (5380736.000.000) 07/16 16:47:20 Job terminated.
	(1) Normal termination (return value 0)
		Usr 0 00:00:12, Sys 0 00:00:01  -  Run Remote Usage
		Usr 0 00:00:00, Sys 0 00:00:00  -  Run Local Usage
		Usr 0 00:00:12, Sys 0 00:00:01  -  Total Remote Usage
		Usr 0 00:00:00, Sys 0 00:00:00  -  Total Local Usage
	85763  -  Run Bytes Sent By Job
	71710496  -  Run Bytes Received By Job
	85763  -  Total Bytes Sent By Job
	71710496  -  Total Bytes Received By Job
	Partitionable Resources :    Usage  Request Allocated 
	   Cpus                 :        0        1         1 
	   Disk (KB)            :    70175  2048000  18352029 
	   Memory (MB)          :      198     1992      2048 
...
