000 (5380770.000.000) 07/16 16:46:36 Job submitted from host: <144.92.180.29:9618?addrs=144.92.180.29-9618+[2607-f388-101c-1000--369]-9618&noUDP&sock=677467_9758_3>
...
001 (5380770.000.000) 07/16 16:47:32 Job executing on host: <144.92.180.197:9618?addrs=144.92.180.197-9618+[2607-f388-101c-1000--629]-9618&noUDP&sock=3199_d38e_3>
...
006 (5380770.000.000) 07/16 16:47:41 Image size of job updated: 236496
	199  -  MemoryUsage of job (MB)
	203048  -  ResidentSetSize of job (KB)
...
005 (5380770.000.000) 07/16 16:50:27 Job terminated.
	(1) Normal termination (return value 0)
		Usr 0 00:01:49, Sys 0 00:00:07  -  Run Remote Usage
		Usr 0 00:00:00, Sys 0 00:00:00  -  Run Local Usage
		Usr 0 00:01:49, Sys 0 00:00:07  -  Total Remote Usage
		Usr 0 00:00:00, Sys 0 00:00:00  -  Total Local Usage
	124192  -  Run Bytes Sent By Job
	71710480  -  Run Bytes Received By Job
	124192  -  Total Bytes Sent By Job
	71710480  -  Total Bytes Received By Job
	Partitionable Resources :    Usage  Request Allocated 
	   Cpus                 :     0.68        1         1 
	   Disk (KB)            : 70213     2048000  18512253 
	   Memory (MB)          :   199        1992      2048 
...
