000 (5380779.000.000) 07/16 16:46:43 Job submitted from host: <144.92.180.29:9618?addrs=144.92.180.29-9618+[2607-f388-101c-1000--369]-9618&noUDP&sock=677467_9758_3>
...
001 (5380779.000.000) 07/16 16:47:34 Job executing on host: <144.92.181.86:9618?addrs=144.92.181.86-9618+[2607-f388-101c-1000--629]-9618&noUDP&sock=2458_8fe1_3>
...
006 (5380779.000.000) 07/16 16:47:43 Image size of job updated: 238816
	231  -  MemoryUsage of job (MB)
	236540  -  ResidentSetSize of job (KB)
...
006 (5380779.000.000) 07/16 16:53:37 Image size of job updated: 241316
	231  -  MemoryUsage of job (MB)
	236540  -  ResidentSetSize of job (KB)
...
005 (5380779.000.000) 07/16 16:53:38 Job terminated.
	(1) Normal termination (return value 0)
		Usr 0 00:05:13, Sys 0 00:00:09  -  Run Remote Usage
		Usr 0 00:00:00, Sys 0 00:00:00  -  Run Local Usage
		Usr 0 00:05:13, Sys 0 00:00:09  -  Total Remote Usage
		Usr 0 00:00:00, Sys 0 00:00:00  -  Total Local Usage
	97344  -  Run Bytes Sent By Job
	71710496  -  Run Bytes Received By Job
	97344  -  Total Bytes Sent By Job
	71710496  -  Total Bytes Received By Job
	Partitionable Resources :    Usage  Request Allocated 
	   Cpus                 :     0.90        1         1 
	   Disk (KB)            : 70187     2048000  18498388 
	   Memory (MB)          :   231        1992      2048 
...
