000 (5380776.000.000) 07/16 16:46:42 Job submitted from host: <144.92.180.29:9618?addrs=144.92.180.29-9618+[2607-f388-101c-1000--369]-9618&noUDP&sock=677467_9758_3>
...
001 (5380776.000.000) 07/16 16:47:32 Job executing on host: <144.92.181.4:9618?addrs=144.92.181.4-9618+[2607-f388-101c-1000--629]-9618&noUDP&sock=3075_c5d0_3>
...
006 (5380776.000.000) 07/16 16:47:41 Image size of job updated: 355396
	238  -  MemoryUsage of job (MB)
	242888  -  ResidentSetSize of job (KB)
...
006 (5380776.000.000) 07/16 16:51:17 Image size of job updated: 355396
	238  -  MemoryUsage of job (MB)
	242892  -  ResidentSetSize of job (KB)
...
005 (5380776.000.000) 07/16 16:51:17 Job terminated.
	(1) Normal termination (return value 0)
		Usr 0 00:03:04, Sys 0 00:00:04  -  Run Remote Usage
		Usr 0 00:00:00, Sys 0 00:00:00  -  Run Local Usage
		Usr 0 00:03:04, Sys 0 00:00:04  -  Total Remote Usage
		Usr 0 00:00:00, Sys 0 00:00:00  -  Total Local Usage
	92740  -  Run Bytes Sent By Job
	71710496  -  Run Bytes Received By Job
	92740  -  Total Bytes Sent By Job
	71710496  -  Total Bytes Received By Job
	Partitionable Resources :    Usage  Request Allocated 
	   Cpus                 :     0.82        1         1 
	   Disk (KB)            : 70182     2048000  18992046 
	   Memory (MB)          :   238        1992      2048 
...
