000 (5380748.000.000) 07/16 16:46:18 Job submitted from host: <144.92.180.29:9618?addrs=144.92.180.29-9618+[2607-f388-101c-1000--369]-9618&noUDP&sock=677467_9758_3>
...
001 (5380748.000.000) 07/16 16:47:16 Job executing on host: <144.92.180.126:9618?addrs=144.92.180.126-9618+[2607-f388-101c-1000--629]-9618&noUDP&sock=3415_fc03_3>
...
006 (5380748.000.000) 07/16 16:47:25 Image size of job updated: 141724
	34  -  MemoryUsage of job (MB)
	33952  -  ResidentSetSize of job (KB)
...
006 (5380748.000.000) 07/16 16:48:17 Image size of job updated: 323864
	34  -  MemoryUsage of job (MB)
	33960  -  ResidentSetSize of job (KB)
...
005 (5380748.000.000) 07/16 16:48:17 Job terminated.
	(1) Normal termination (return value 0)
		Usr 0 00:00:29, Sys 0 00:00:02  -  Run Remote Usage
		Usr 0 00:00:00, Sys 0 00:00:00  -  Run Local Usage
		Usr 0 00:00:29, Sys 0 00:00:02  -  Total Remote Usage
		Usr 0 00:00:00, Sys 0 00:00:00  -  Total Local Usage
	121988  -  Run Bytes Sent By Job
	71710488  -  Run Bytes Received By Job
	121988  -  Total Bytes Sent By Job
	71710488  -  Total Bytes Received By Job
	Partitionable Resources :    Usage  Request Allocated 
	   Cpus                 :     0.48        1         1 
	   Disk (KB)            : 70209     2048000  18352912 
	   Memory (MB)          :    34        1992      2048 
...
