000 (5380728.000.000) 07/16 16:46:12 Job submitted from host: <144.92.180.29:9618?addrs=144.92.180.29-9618+[2607-f388-101c-1000--369]-9618&noUDP&sock=677467_9758_3>
...
001 (5380728.000.000) 07/16 16:46:53 Job executing on host: <144.92.181.7:9618?addrs=144.92.181.7-9618+[2607-f388-101c-1000--629]-9618&noUDP&sock=3015_9e21_3>
...
006 (5380728.000.000) 07/16 16:47:02 Image size of job updated: 308880
	192  -  MemoryUsage of job (MB)
	195600  -  ResidentSetSize of job (KB)
...
006 (5380728.000.000) 07/16 16:47:34 Image size of job updated: 312232
	192  -  MemoryUsage of job (MB)
	195600  -  ResidentSetSize of job (KB)
...
005 (5380728.000.000) 07/16 16:47:34 Job terminated.
	(1) Normal termination (return value 0)
		Usr 0 00:00:25, Sys 0 00:00:01  -  Run Remote Usage
		Usr 0 00:00:00, Sys 0 00:00:00  -  Run Local Usage
		Usr 0 00:00:25, Sys 0 00:00:01  -  Total Remote Usage
		Usr 0 00:00:00, Sys 0 00:00:00  -  Total Local Usage
	85480  -  Run Bytes Sent By Job
	71710496  -  Run Bytes Received By Job
	85480  -  Total Bytes Sent By Job
	71710496  -  Total Bytes Received By Job
	Partitionable Resources :    Usage  Request Allocated 
	   Cpus                 :     0.69        1         1 
	   Disk (KB)            : 70175     2048000  18995055 
	   Memory (MB)          :   192        1992      2048 
...
