000 (5380785.000.000) 07/16 16:46:45 Job submitted from host: <144.92.180.29:9618?addrs=144.92.180.29-9618+[2607-f388-101c-1000--369]-9618&noUDP&sock=677467_9758_3>
...
001 (5380785.000.000) 07/16 16:47:37 Job executing on host: <144.92.181.201:9618?addrs=144.92.181.201-9618+[2607-f388-101c-1000--629]-9618&noUDP&sock=2282_d735_3>
...
006 (5380785.000.000) 07/16 16:47:46 Image size of job updated: 341960
	224  -  MemoryUsage of job (MB)
	228744  -  ResidentSetSize of job (KB)
...
006 (5380785.000.000) 07/16 16:52:17 Image size of job updated: 345192
	224  -  MemoryUsage of job (MB)
	228744  -  ResidentSetSize of job (KB)
...
005 (5380785.000.000) 07/16 16:52:17 Job terminated.
	(1) Normal termination (return value 0)
		Usr 0 00:03:57, Sys 0 00:00:06  -  Run Remote Usage
		Usr 0 00:00:00, Sys 0 00:00:00  -  Run Local Usage
		Usr 0 00:03:57, Sys 0 00:00:06  -  Total Remote Usage
		Usr 0 00:00:00, Sys 0 00:00:00  -  Total Local Usage
	95768  -  Run Bytes Sent By Job
	71710496  -  Run Bytes Received By Job
	95768  -  Total Bytes Sent By Job
	71710496  -  Total Bytes Received By Job
	Partitionable Resources :    Usage  Request Allocated 
	   Cpus                 :     0.88        1         1 
	   Disk (KB)            : 70185     2048000  18353301 
	   Memory (MB)          :   224        1992      2048 
...
