000 (5380723.000.000) 07/16 16:46:10 Job submitted from host: <144.92.180.29:9618?addrs=144.92.180.29-9618+[2607-f388-101c-1000--369]-9618&noUDP&sock=677467_9758_3>
...
001 (5380723.000.000) 07/16 16:46:54 Job executing on host: <128.104.227.34:9618?addrs=128.104.227.34-9618+[2607-f388-101c-1000--629]-9618&noUDP&sock=3262_0a06_3>
...
006 (5380723.000.000) 07/16 16:47:03 Image size of job updated: 334360
	220  -  MemoryUsage of job (MB)
	224332  -  ResidentSetSize of job (KB)
...
005 (5380723.000.000) 07/16 16:47:06 Job terminated.
	(1) Normal termination (return value 0)
		Usr 0 00:00:07, Sys 0 00:00:01  -  Run Remote Usage
		Usr 0 00:00:00, Sys 0 00:00:00  -  Run Local Usage
		Usr 0 00:00:07, Sys 0 00:00:01  -  Total Remote Usage
		Usr 0 00:00:00, Sys 0 00:00:00  -  Total Local Usage
	113020  -  Run Bytes Sent By Job
	71710496  -  Run Bytes Received By Job
	113020  -  Total Bytes Sent By Job
	71710496  -  Total Bytes Received By Job
	Partitionable Resources :    Usage  Request Allocated 
	   Cpus                 :        0        1         1 
	   Disk (KB)            :    70200  2048000  18995887 
	   Memory (MB)          :      220     1992      2048 
...
