000 (5380774.000.000) 07/16 16:46:42 Job submitted from host: <144.92.180.29:9618?addrs=144.92.180.29-9618+[2607-f388-101c-1000--369]-9618&noUDP&sock=677467_9758_3>
...
001 (5380774.000.000) 07/16 16:47:31 Job executing on host: <144.92.180.141:9618?addrs=144.92.180.141-9618+[2607-f388-101c-1000--629]-9618&noUDP&sock=3092_6eec_3>
...
006 (5380774.000.000) 07/16 16:47:40 Image size of job updated: 259412
	251  -  MemoryUsage of job (MB)
	256204  -  ResidentSetSize of job (KB)
...
005 (5380774.000.000) 07/16 16:51:41 Job terminated.
	(1) Normal termination (return value 0)
		Usr 0 00:03:12, Sys 0 00:00:10  -  Run Remote Usage
		Usr 0 00:00:00, Sys 0 00:00:00  -  Run Local Usage
		Usr 0 00:03:12, Sys 0 00:00:10  -  Total Remote Usage
		Usr 0 00:00:00, Sys 0 00:00:00  -  Total Local Usage
	93141  -  Run Bytes Sent By Job
	71710496  -  Run Bytes Received By Job
	93141  -  Total Bytes Sent By Job
	71710496  -  Total Bytes Received By Job
	Partitionable Resources :    Usage  Request Allocated 
	   Cpus                 :     0.84        1         1 
	   Disk (KB)            : 70183     2048000  18995294 
	   Memory (MB)          :   251        1992      2048 
...
