000 (5380790.000.000) 07/16 16:46:49 Job submitted from host: <144.92.180.29:9618?addrs=144.92.180.29-9618+[2607-f388-101c-1000--369]-9618&noUDP&sock=677467_9758_3>
...
001 (5380790.000.000) 07/16 16:47:43 Job executing on host: <128.104.227.84:9618?addrs=128.104.227.84-9618+[2607-f388-101c-1000--629]-9618&noUDP&sock=3932_9a7a_3>
...
006 (5380790.000.000) 07/16 16:47:51 Image size of job updated: 330336
	218  -  MemoryUsage of job (MB)
	222524  -  ResidentSetSize of job (KB)
...
005 (5380790.000.000) 07/16 16:50:55 Job terminated.
	(1) Normal termination (return value 0)
		Usr 0 00:02:24, Sys 0 00:00:06  -  Run Remote Usage
		Usr 0 00:00:00, Sys 0 00:00:00  -  Run Local Usage
		Usr 0 00:02:24, Sys 0 00:00:06  -  Total Remote Usage
		Usr 0 00:00:00, Sys 0 00:00:00  -  Total Local Usage
	92699  -  Run Bytes Sent By Job
	71710496  -  Run Bytes Received By Job
	92699  -  Total Bytes Sent By Job
	71710496  -  Total Bytes Received By Job
	Partitionable Resources :    Usage  Request Allocated 
	   Cpus                 :     0.73        1         1 
	   Disk (KB)            : 70182     2048000  18999241 
	   Memory (MB)          :   218        1992      2048 
...
