000 (5380702.000.000) 07/16 16:46:02 Job submitted from host: <144.92.180.29:9618?addrs=144.92.180.29-9618+[2607-f388-101c-1000--369]-9618&noUDP&sock=677467_9758_3>
...
001 (5380702.000.000) 07/16 16:46:35 Job executing on host: <144.92.180.115:9618?addrs=144.92.180.115-9618+[2607-f388-101c-1000--629]-9618&noUDP&sock=3372_7d70_3>
...
006 (5380702.000.000) 07/16 16:46:43 Image size of job updated: 310140
	198  -  MemoryUsage of job (MB)
	202244  -  ResidentSetSize of job (KB)
...
005 (5380702.000.000) 07/16 16:46:48 Job terminated.
	(1) Normal termination (return value 0)
		Usr 0 00:00:06, Sys 0 00:00:01  -  Run Remote Usage
		Usr 0 00:00:00, Sys 0 00:00:00  -  Run Local Usage
		Usr 0 00:00:06, Sys 0 00:00:01  -  Total Remote Usage
		Usr 0 00:00:00, Sys 0 00:00:00  -  Total Local Usage
	109218  -  Run Bytes Sent By Job
	71710504  -  Run Bytes Received By Job
	109218  -  Total Bytes Sent By Job
	71710504  -  Total Bytes Received By Job
	Partitionable Resources :    Usage  Request Allocated 
	   Cpus                 :     0.11        1         1 
	   Disk (KB)            : 70198     2048000  18352029 
	   Memory (MB)          :   198        1992      2048 
...
