000 (5380720.000.000) 07/16 16:46:08 Job submitted from host: <144.92.180.29:9618?addrs=144.92.180.29-9618+[2607-f388-101c-1000--369]-9618&noUDP&sock=677467_9758_3>
...
001 (5380720.000.000) 07/16 16:46:40 Job executing on host: <144.92.181.1:9618?addrs=144.92.181.1-9618+[2607-f388-101c-1000--629]-9618&noUDP&sock=3116_e532_3>
...
006 (5380720.000.000) 07/16 16:46:48 Image size of job updated: 319064
	203  -  MemoryUsage of job (MB)
	207632  -  ResidentSetSize of job (KB)
...
005 (5380720.000.000) 07/16 16:53:11 Job terminated.
	(1) Normal termination (return value 0)
		Usr 0 00:03:58, Sys 0 00:00:10  -  Run Remote Usage
		Usr 0 00:00:00, Sys 0 00:00:00  -  Run Local Usage
		Usr 0 00:03:58, Sys 0 00:00:10  -  Total Remote Usage
		Usr 0 00:00:00, Sys 0 00:00:00  -  Total Local Usage
	112410  -  Run Bytes Sent By Job
	71710512  -  Run Bytes Received By Job
	112410  -  Total Bytes Sent By Job
	71710512  -  Total Bytes Received By Job
	Partitionable Resources :    Usage  Request Allocated 
	   Cpus                 :     0.74        1         1 
	   Disk (KB)            : 70200     2048000  18986956 
	   Memory (MB)          :   203        1992      2048 
...
