000 (5380739.000.000) 07/16 16:46:15 Job submitted from host: <144.92.180.29:9618?addrs=144.92.180.29-9618+[2607-f388-101c-1000--369]-9618&noUDP&sock=677467_9758_3>
...
001 (5380739.000.000) 07/16 16:47:05 Job executing on host: <144.92.181.4:9618?addrs=144.92.181.4-9618+[2607-f388-101c-1000--629]-9618&noUDP&sock=3075_c5d0_3>
...
006 (5380739.000.000) 07/16 16:47:14 Image size of job updated: 312152
	196  -  MemoryUsage of job (MB)
	200092  -  ResidentSetSize of job (KB)
...
006 (5380739.000.000) 07/16 16:47:28 Image size of job updated: 312768
	196  -  MemoryUsage of job (MB)
	200092  -  ResidentSetSize of job (KB)
...
005 (5380739.000.000) 07/16 16:47:28 Job terminated.
	(1) Normal termination (return value 0)
		Usr 0 00:00:14, Sys 0 00:00:01  -  Run Remote Usage
		Usr 0 00:00:00, Sys 0 00:00:00  -  Run Local Usage
		Usr 0 00:00:14, Sys 0 00:00:01  -  Total Remote Usage
		Usr 0 00:00:00, Sys 0 00:00:00  -  Total Local Usage
	84814  -  Run Bytes Sent By Job
	71710496  -  Run Bytes Received By Job
	84814  -  Total Bytes Sent By Job
	71710496  -  Total Bytes Received By Job
	Partitionable Resources :    Usage  Request Allocated 
	   Cpus                 :        0        1         1 
	   Disk (KB)            :    70173  2048000  18992046 
	   Memory (MB)          :      196     1992      2048 
...
