000 (5380713.000.000) 07/16 16:46:06 Job submitted from host: <144.92.180.29:9618?addrs=144.92.180.29-9618+[2607-f388-101c-1000--369]-9618&noUDP&sock=677467_9758_3>
...
001 (5380713.000.000) 07/16 16:46:35 Job executing on host: <144.92.181.4:9618?addrs=144.92.181.4-9618+[2607-f388-101c-1000--629]-9618&noUDP&sock=3075_c5d0_3>
...
006 (5380713.000.000) 07/16 16:46:44 Image size of job updated: 315996
	199  -  MemoryUsage of job (MB)
	202868  -  ResidentSetSize of job (KB)
...
006 (5380713.000.000) 07/16 16:47:03 Image size of job updated: 316200
	199  -  MemoryUsage of job (MB)
	202868  -  ResidentSetSize of job (KB)
...
005 (5380713.000.000) 07/16 16:47:03 Job terminated.
	(1) Normal termination (return value 0)
		Usr 0 00:00:16, Sys 0 00:00:01  -  Run Remote Usage
		Usr 0 00:00:00, Sys 0 00:00:00  -  Run Local Usage
		Usr 0 00:00:16, Sys 0 00:00:01  -  Total Remote Usage
		Usr 0 00:00:00, Sys 0 00:00:00  -  Total Local Usage
	66876  -  Run Bytes Sent By Job
	71710496  -  Run Bytes Received By Job
	66876  -  Total Bytes Sent By Job
	71710496  -  Total Bytes Received By Job
	Partitionable Resources :    Usage  Request Allocated 
	   Cpus                 :                 1         1 
	   Disk (KB)            :    70146  2048000  18992046 
	   Memory (MB)          :      199     1992      2048 
...
