000 (5380725.000.000) 07/16 16:46:11 Job submitted from host: <144.92.180.29:9618?addrs=144.92.180.29-9618+[2607-f388-101c-1000--369]-9618&noUDP&sock=677467_9758_3>
...
001 (5380725.000.000) 07/16 16:46:57 Job executing on host: <144.92.181.1:9618?addrs=144.92.181.1-9618+[2607-f388-101c-1000--629]-9618&noUDP&sock=3116_e532_3>
...
006 (5380725.000.000) 07/16 16:47:06 Image size of job updated: 304828
	193  -  MemoryUsage of job (MB)
	196680  -  ResidentSetSize of job (KB)
...
005 (5380725.000.000) 07/16 16:47:46 Job terminated.
	(1) Normal termination (return value 0)
		Usr 0 00:00:31, Sys 0 00:00:01  -  Run Remote Usage
		Usr 0 00:00:00, Sys 0 00:00:00  -  Run Local Usage
		Usr 0 00:00:31, Sys 0 00:00:01  -  Total Remote Usage
		Usr 0 00:00:00, Sys 0 00:00:00  -  Total Local Usage
	85452  -  Run Bytes Sent By Job
	71710496  -  Run Bytes Received By Job
	85452  -  Total Bytes Sent By Job
	71710496  -  Total Bytes Received By Job
	Partitionable Resources :    Usage  Request Allocated 
	   Cpus                 :     0.74        1         1 
	   Disk (KB)            : 70175     2048000  18986956 
	   Memory (MB)          :   193        1992      2048 
...
