000 (5380772.000.000) 07/16 16:46:37 Job submitted from host: <144.92.180.29:9618?addrs=144.92.180.29-9618+[2607-f388-101c-1000--369]-9618&noUDP&sock=677467_9758_3>
...
001 (5380772.000.000) 07/16 16:47:33 Job executing on host: <128.104.227.88:9618?addrs=128.104.227.88-9618+[2607-f388-101c-1000--629]-9618&noUDP&sock=4007_0c14_3>
...
006 (5380772.000.000) 07/16 16:47:41 Image size of job updated: 351420
	238  -  MemoryUsage of job (MB)
	243364  -  ResidentSetSize of job (KB)
...
005 (5380772.000.000) 07/16 16:47:47 Job terminated.
	(1) Normal termination (return value 0)
		Usr 0 00:00:09, Sys 0 00:00:01  -  Run Remote Usage
		Usr 0 00:00:00, Sys 0 00:00:00  -  Run Local Usage
		Usr 0 00:00:09, Sys 0 00:00:01  -  Total Remote Usage
		Usr 0 00:00:00, Sys 0 00:00:00  -  Total Local Usage
	119461  -  Run Bytes Sent By Job
	71710464  -  Run Bytes Received By Job
	119461  -  Total Bytes Sent By Job
	71710464  -  Total Bytes Received By Job
	Partitionable Resources :    Usage  Request Allocated 
	   Cpus                 :     0.65        1         1 
	   Disk (KB)            : 70209     2048000  18997884 
	   Memory (MB)          :   238        1992      2048 
...
