000 (5380686.000.000) 07/16 16:45:49 Job submitted from host: <144.92.180.29:9618?addrs=144.92.180.29-9618+[2607-f388-101c-1000--369]-9618&noUDP&sock=677467_9758_3>
...
001 (5380686.000.000) 07/16 16:46:02 Job executing on host: <144.92.180.79:9618?addrs=144.92.180.79-9618+[2607-f388-101c-1000--629]-9618&noUDP&sock=3080_33c9_3>
...
006 (5380686.000.000) 07/16 16:46:11 Image size of job updated: 303624
	192  -  MemoryUsage of job (MB)
	195972  -  ResidentSetSize of job (KB)
...
005 (5380686.000.000) 07/16 16:48:16 Job terminated.
	(1) Normal termination (return value 0)
		Usr 0 00:01:29, Sys 0 00:00:03  -  Run Remote Usage
		Usr 0 00:00:00, Sys 0 00:00:00  -  Run Local Usage
		Usr 0 00:01:29, Sys 0 00:00:03  -  Total Remote Usage
		Usr 0 00:00:00, Sys 0 00:00:00  -  Total Local Usage
	121188  -  Run Bytes Sent By Job
	71710528  -  Run Bytes Received By Job
	121188  -  Total Bytes Sent By Job
	71710528  -  Total Bytes Received By Job
	Partitionable Resources :    Usage  Request Allocated 
	   Cpus                 :     0.76        1         1 
	   Disk (KB)            : 70210     2048000  18996742 
	   Memory (MB)          :   192        1992      2048 
...
