000 (5380789.000.000) 07/16 16:46:48 Job submitted from host: <144.92.180.29:9618?addrs=144.92.180.29-9618+[2607-f388-101c-1000--369]-9618&noUDP&sock=677467_9758_3>
...
001 (5380789.000.000) 07/16 16:47:41 Job executing on host: <144.92.180.193:9618?addrs=144.92.180.193-9618+[2607-f388-101c-1000--629]-9618&noUDP&sock=3176_0ce0_3>
...
006 (5380789.000.000) 07/16 16:47:49 Image size of job updated: 361004
	243  -  MemoryUsage of job (MB)
	248604  -  ResidentSetSize of job (KB)
...
005 (5380789.000.000) 07/16 16:53:12 Job terminated.
	(1) Normal termination (return value 0)
		Usr 0 00:04:21, Sys 0 00:00:08  -  Run Remote Usage
		Usr 0 00:00:00, Sys 0 00:00:00  -  Run Local Usage
		Usr 0 00:04:21, Sys 0 00:00:08  -  Total Remote Usage
		Usr 0 00:00:00, Sys 0 00:00:00  -  Total Local Usage
	93111  -  Run Bytes Sent By Job
	71710496  -  Run Bytes Received By Job
	93111  -  Total Bytes Sent By Job
	71710496  -  Total Bytes Received By Job
	Partitionable Resources :    Usage  Request Allocated 
	   Cpus                 :     0.79        1         1 
	   Disk (KB)            : 70183     2048000  18506826 
	   Memory (MB)          :   243        1992      2048 
...
