000 (5380787.000.000) 07/16 16:46:46 Job submitted from host: <144.92.180.29:9618?addrs=144.92.180.29-9618+[2607-f388-101c-1000--369]-9618&noUDP&sock=677467_9758_3>
...
001 (5380787.000.000) 07/16 16:47:39 Job executing on host: <144.92.180.246:9618?addrs=144.92.180.246-9618+[2607-f388-101c-1000--629]-9618&noUDP&sock=2897_adf4_3>
...
006 (5380787.000.000) 07/16 16:47:48 Image size of job updated: 325888
	209  -  MemoryUsage of job (MB)
	213228  -  ResidentSetSize of job (KB)
...
006 (5380787.000.000) 07/16 16:49:37 Image size of job updated: 331512
	209  -  MemoryUsage of job (MB)
	213228  -  ResidentSetSize of job (KB)
...
005 (5380787.000.000) 07/16 16:49:37 Job terminated.
	(1) Normal termination (return value 0)
		Usr 0 00:01:21, Sys 0 00:00:02  -  Run Remote Usage
		Usr 0 00:00:00, Sys 0 00:00:00  -  Run Local Usage
		Usr 0 00:01:21, Sys 0 00:00:02  -  Total Remote Usage
		Usr 0 00:00:00, Sys 0 00:00:00  -  Total Local Usage
	92213  -  Run Bytes Sent By Job
	71710496  -  Run Bytes Received By Job
	92213  -  Total Bytes Sent By Job
	71710496  -  Total Bytes Received By Job
	Partitionable Resources :    Usage  Request Allocated 
	   Cpus                 :     0.74        1         1 
	   Disk (KB)            : 70180     2048000  18992710 
	   Memory (MB)          :   209        1992      2048 
...
