000 (3866197.000.000) 04/29 07:37:53 Job submitted from host: <144.92.180.29:9618?addrs=144.92.180.29-9618+[2607-f388-101c-1000--369]-9618&noUDP&sock=1964097_c0ff_3>
...
001 (3866197.000.000) 04/29 07:56:10 Job executing on host: <128.104.227.108:9618?addrs=128.104.227.108-9618+[2607-f388-101c-1000--57]-9618&noUDP&sock=3537_aa91_3>
...
006 (3866197.000.000) 04/29 07:56:19 Image size of job updated: 169340
	53  -  MemoryUsage of job (MB)
	53636  -  ResidentSetSize of job (KB)
...
006 (3866197.000.000) 04/29 08:16:20 Image size of job updated: 433004
	401  -  MemoryUsage of job (MB)
	410308  -  ResidentSetSize of job (KB)
...
006 (3866197.000.000) 04/29 08:36:20 Image size of job updated: 435844
	404  -  MemoryUsage of job (MB)
	413404  -  ResidentSetSize of job (KB)
...
006 (3866197.000.000) 04/29 08:56:20 Image size of job updated: 435844
	405  -  MemoryUsage of job (MB)
	414428  -  ResidentSetSize of job (KB)
...
006 (3866197.000.000) 04/29 09:16:20 Image size of job updated: 435844
	406  -  MemoryUsage of job (MB)
	415024  -  ResidentSetSize of job (KB)
...
006 (3866197.000.000) 04/29 09:36:21 Image size of job updated: 435844
	407  -  MemoryUsage of job (MB)
	416520  -  ResidentSetSize of job (KB)
...
005 (3866197.000.000) 04/29 09:42:15 Job terminated.
	(1) Normal termination (return value 0)
		Usr 0 00:24:25, Sys 0 00:01:17  -  Run Remote Usage
		Usr 0 00:00:00, Sys 0 00:00:00  -  Run Local Usage
		Usr 0 00:24:25, Sys 0 00:01:17  -  Total Remote Usage
		Usr 0 00:00:00, Sys 0 00:00:00  -  Total Local Usage
	298404032  -  Run Bytes Sent By Job
	218233  -  Run Bytes Received By Job
	298404032  -  Total Bytes Sent By Job
	218233  -  Total Bytes Received By Job
	Partitionable Resources :     Usage  Request Allocated 
	   Cpus                 :      0.28        1         1 
	   Disk (KB)            : 291684     2048000  18993683 
	   Memory (MB)          :    407        1992      2048 
...
