000 (3866212.000.000) 04/29 07:37:58 Job submitted from host: <144.92.180.29:9618?addrs=144.92.180.29-9618+[2607-f388-101c-1000--369]-9618&noUDP&sock=1964097_c0ff_3>
...
001 (3866212.000.000) 04/29 07:59:54 Job executing on host: <144.92.180.141:9618?addrs=144.92.180.141-9618+[2607-f388-101c-1000--629]-9618&noUDP&sock=2666_3b94_3>
...
006 (3866212.000.000) 04/29 08:00:03 Image size of job updated: 226976
	106  -  MemoryUsage of job (MB)
	107856  -  ResidentSetSize of job (KB)
...
006 (3866212.000.000) 04/29 08:20:04 Image size of job updated: 274292
	268  -  MemoryUsage of job (MB)
	274148  -  ResidentSetSize of job (KB)
...
006 (3866212.000.000) 04/29 08:40:05 Image size of job updated: 276800
	271  -  MemoryUsage of job (MB)
	276656  -  ResidentSetSize of job (KB)
...
006 (3866212.000.000) 04/29 09:00:06 Image size of job updated: 279148
	273  -  MemoryUsage of job (MB)
	279004  -  ResidentSetSize of job (KB)
...
006 (3866212.000.000) 04/29 09:05:52 Image size of job updated: 304284
	273  -  MemoryUsage of job (MB)
	279004  -  ResidentSetSize of job (KB)
...
005 (3866212.000.000) 04/29 09:05:52 Job terminated.
	(1) Normal termination (return value 0)
		Usr 0 00:12:55, Sys 0 00:00:42  -  Run Remote Usage
		Usr 0 00:00:00, Sys 0 00:00:00  -  Run Local Usage
		Usr 0 00:12:55, Sys 0 00:00:42  -  Total Remote Usage
		Usr 0 00:00:00, Sys 0 00:00:00  -  Total Local Usage
	1766100  -  Run Bytes Sent By Job
	218242  -  Run Bytes Received By Job
	1766100  -  Total Bytes Sent By Job
	218242  -  Total Bytes Received By Job
	Partitionable Resources :    Usage  Request Allocated 
	   Cpus                 :     0.19        1         1 
	   Disk (KB)            :  1998     2048000  18995294 
	   Memory (MB)          :   273        1992      2048 
...
