000 (3866141.000.000) 04/29 07:37:35 Job submitted from host: <144.92.180.29:9618?addrs=144.92.180.29-9618+[2607-f388-101c-1000--369]-9618&noUDP&sock=1964097_c0ff_3>
...
001 (3866141.000.000) 04/29 07:38:32 Job executing on host: <144.92.181.238:9618?addrs=144.92.181.238-9618+[2607-f388-101c-1000--629]-9618&noUDP&sock=3707_45ab_3>
...
006 (3866141.000.000) 04/29 07:38:40 Image size of job updated: 199480
	84  -  MemoryUsage of job (MB)
	85404  -  ResidentSetSize of job (KB)
...
006 (3866141.000.000) 04/29 07:58:40 Image size of job updated: 369244
	259  -  MemoryUsage of job (MB)
	265164  -  ResidentSetSize of job (KB)
...
006 (3866141.000.000) 04/29 08:18:41 Image size of job updated: 369244
	271  -  MemoryUsage of job (MB)
	276524  -  ResidentSetSize of job (KB)
...
006 (3866141.000.000) 04/29 08:38:42 Image size of job updated: 369244
	277  -  MemoryUsage of job (MB)
	282732  -  ResidentSetSize of job (KB)
...
006 (3866141.000.000) 04/29 08:58:42 Image size of job updated: 369244
	283  -  MemoryUsage of job (MB)
	289528  -  ResidentSetSize of job (KB)
...
006 (3866141.000.000) 04/29 09:18:42 Image size of job updated: 369244
	287  -  MemoryUsage of job (MB)
	293644  -  ResidentSetSize of job (KB)
...
006 (3866141.000.000) 04/29 09:38:42 Image size of job updated: 369244
	293  -  MemoryUsage of job (MB)
	299140  -  ResidentSetSize of job (KB)
...
006 (3866141.000.000) 04/29 09:58:43 Image size of job updated: 369244
	301  -  MemoryUsage of job (MB)
	307560  -  ResidentSetSize of job (KB)
...
006 (3866141.000.000) 04/29 10:18:44 Image size of job updated: 369244
	306  -  MemoryUsage of job (MB)
	313068  -  ResidentSetSize of job (KB)
...
005 (3866141.000.000) 04/29 10:32:20 Job terminated.
	(1) Normal termination (return value 0)
		Usr 0 00:46:17, Sys 0 00:02:40  -  Run Remote Usage
		Usr 0 00:00:00, Sys 0 00:00:00  -  Run Local Usage
		Usr 0 00:46:17, Sys 0 00:02:40  -  Total Remote Usage
		Usr 0 00:00:00, Sys 0 00:00:00  -  Total Local Usage
	36200180  -  Run Bytes Sent By Job
	218269  -  Run Bytes Received By Job
	36200180  -  Total Bytes Sent By Job
	218269  -  Total Bytes Received By Job
	Partitionable Resources :    Usage  Request Allocated 
	   Cpus                 :     0.31        1         1 
	   Disk (KB)            : 35627     2048000  18514144 
	   Memory (MB)          :   306        1992      2048 
...
