000 (3866170.000.000) 04/29 07:37:44 Job submitted from host: <144.92.180.29:9618?addrs=144.92.180.29-9618+[2607-f388-101c-1000--369]-9618&noUDP&sock=1964097_c0ff_3>
...
001 (3866170.000.000) 04/29 07:48:01 Job executing on host: <144.92.180.160:9618?addrs=144.92.180.160-9618+[2607-f388-101c-1000--629]-9618&noUDP&sock=2637_5754_3>
...
006 (3866170.000.000) 04/29 07:48:10 Image size of job updated: 139416
	33  -  MemoryUsage of job (MB)
	33676  -  ResidentSetSize of job (KB)
...
006 (3866170.000.000) 04/29 08:08:11 Image size of job updated: 289748
	280  -  MemoryUsage of job (MB)
	286576  -  ResidentSetSize of job (KB)
...
006 (3866170.000.000) 04/29 08:28:12 Image size of job updated: 317776
	308  -  MemoryUsage of job (MB)
	314604  -  ResidentSetSize of job (KB)
...
006 (3866170.000.000) 04/29 08:48:12 Image size of job updated: 401600
	390  -  MemoryUsage of job (MB)
	398440  -  ResidentSetSize of job (KB)
...
006 (3866170.000.000) 04/29 09:08:12 Image size of job updated: 402196
	390  -  MemoryUsage of job (MB)
	399036  -  ResidentSetSize of job (KB)
...
006 (3866170.000.000) 04/29 09:28:12 Image size of job updated: 402708
	391  -  MemoryUsage of job (MB)
	399912  -  ResidentSetSize of job (KB)
...
006 (3866170.000.000) 04/29 09:48:13 Image size of job updated: 403236
	392  -  MemoryUsage of job (MB)
	400440  -  ResidentSetSize of job (KB)
...
006 (3866170.000.000) 04/29 10:08:14 Image size of job updated: 405536
	392  -  MemoryUsage of job (MB)
	400656  -  ResidentSetSize of job (KB)
...
006 (3866170.000.000) 04/29 10:28:14 Image size of job updated: 406248
	392  -  MemoryUsage of job (MB)
	401248  -  ResidentSetSize of job (KB)
...
006 (3866170.000.000) 04/29 10:48:14 Image size of job updated: 406492
	393  -  MemoryUsage of job (MB)
	401492  -  ResidentSetSize of job (KB)
...
006 (3866170.000.000) 04/29 11:08:14 Image size of job updated: 406764
	393  -  MemoryUsage of job (MB)
	401868  -  ResidentSetSize of job (KB)
...
006 (3866170.000.000) 04/29 11:23:15 Image size of job updated: 426392
	393  -  MemoryUsage of job (MB)
	401868  -  ResidentSetSize of job (KB)
...
005 (3866170.000.000) 04/29 11:23:33 Job terminated.
	(1) Normal termination (return value 0)
		Usr 0 00:47:13, Sys 0 00:02:29  -  Run Remote Usage
		Usr 0 00:00:00, Sys 0 00:00:00  -  Run Local Usage
		Usr 0 00:47:13, Sys 0 00:02:29  -  Total Remote Usage
		Usr 0 00:00:00, Sys 0 00:00:00  -  Total Local Usage
	194560816  -  Run Bytes Sent By Job
	218236  -  Run Bytes Received By Job
	194560816  -  Total Bytes Sent By Job
	218236  -  Total Bytes Received By Job
	Partitionable Resources :     Usage  Request Allocated 
	   Cpus                 :      0.27        1         1 
	   Disk (KB)            : 190276     2048000  18989253 
	   Memory (MB)          :    393        1992      2048 
...
