000 (3866156.000.000) 04/29 07:37:39 Job submitted from host: <144.92.180.29:9618?addrs=144.92.180.29-9618+[2607-f388-101c-1000--369]-9618&noUDP&sock=1964097_c0ff_3>
...
001 (3866156.000.000) 04/29 07:43:11 Job executing on host: <144.92.180.165:9618?addrs=144.92.180.165-9618+[2607-f388-101c-1000--629]-9618&noUDP&sock=2749_29f0_3>
...
006 (3866156.000.000) 04/29 07:43:19 Image size of job updated: 113148
	29  -  MemoryUsage of job (MB)
	29684  -  ResidentSetSize of job (KB)
...
006 (3866156.000.000) 04/29 08:03:19 Image size of job updated: 401964
	392  -  MemoryUsage of job (MB)
	400612  -  ResidentSetSize of job (KB)
...
005 (3866156.000.000) 04/29 08:05:18 Job terminated.
	(1) Normal termination (return value 0)
		Usr 0 00:05:47, Sys 0 00:00:16  -  Run Remote Usage
		Usr 0 00:00:00, Sys 0 00:00:00  -  Run Local Usage
		Usr 0 00:05:47, Sys 0 00:00:16  -  Total Remote Usage
		Usr 0 00:00:00, Sys 0 00:00:00  -  Total Local Usage
	155197504  -  Run Bytes Sent By Job
	218262  -  Run Bytes Received By Job
	155197504  -  Total Bytes Sent By Job
	218262  -  Total Bytes Received By Job
	Partitionable Resources :     Usage  Request Allocated 
	   Cpus                 :      0.31        1         1 
	   Disk (KB)            : 151833     2048000  18986969 
	   Memory (MB)          :    392        1992      2048 
...
