000 (3866227.000.000) 04/29 07:38:04 Job submitted from host: <144.92.180.29:9618?addrs=144.92.180.29-9618+[2607-f388-101c-1000--369]-9618&noUDP&sock=1964097_c0ff_3>
...
001 (3866227.000.000) 04/29 08:03:32 Job executing on host: <144.92.181.171:9618?addrs=144.92.181.171-9618+[2607-f388-101c-1000--629]-9618&noUDP&sock=2716_8750_3>
...
006 (3866227.000.000) 04/29 08:03:41 Image size of job updated: 226992
	108  -  MemoryUsage of job (MB)
	110240  -  ResidentSetSize of job (KB)
...
005 (3866227.000.000) 04/29 08:08:42 Job terminated.
	(1) Normal termination (return value 0)
		Usr 0 00:01:07, Sys 0 00:00:04  -  Run Remote Usage
		Usr 0 00:00:00, Sys 0 00:00:00  -  Run Local Usage
		Usr 0 00:01:07, Sys 0 00:00:04  -  Total Remote Usage
		Usr 0 00:00:00, Sys 0 00:00:00  -  Total Local Usage
	59261152  -  Run Bytes Sent By Job
	218202  -  Run Bytes Received By Job
	59261152  -  Total Bytes Sent By Job
	218202  -  Total Bytes Received By Job
	Partitionable Resources :    Usage  Request Allocated 
	   Cpus                 :     0.33        1         1 
	   Disk (KB)            : 58148     2048000  18991110 
	   Memory (MB)          :   108        1992      2048 
...
