000 (3866134.000.000) 04/29 07:37:32 Job submitted from host: <144.92.180.29:9618?addrs=144.92.180.29-9618+[2607-f388-101c-1000--369]-9618&noUDP&sock=1964097_c0ff_3>
...
001 (3866134.000.000) 04/29 07:37:59 Job executing on host: <144.92.181.86:9618?addrs=144.92.181.86-9618+[2607-f388-101c-1000--629]-9618&noUDP&sock=3537_aa91_3>
...
006 (3866134.000.000) 04/29 07:38:08 Image size of job updated: 55088
	23  -  MemoryUsage of job (MB)
	22896  -  ResidentSetSize of job (KB)
...
006 (3866134.000.000) 04/29 07:58:08 Image size of job updated: 401600
	392  -  MemoryUsage of job (MB)
	400644  -  ResidentSetSize of job (KB)
...
006 (3866134.000.000) 04/29 08:18:08 Image size of job updated: 404200
	393  -  MemoryUsage of job (MB)
	401672  -  ResidentSetSize of job (KB)
...
006 (3866134.000.000) 04/29 08:38:09 Image size of job updated: 404592
	393  -  MemoryUsage of job (MB)
	402064  -  ResidentSetSize of job (KB)
...
005 (3866134.000.000) 04/29 08:42:08 Job terminated.
	(1) Normal termination (return value 0)
		Usr 0 00:18:42, Sys 0 00:01:19  -  Run Remote Usage
		Usr 0 00:00:00, Sys 0 00:00:00  -  Run Local Usage
		Usr 0 00:18:42, Sys 0 00:01:19  -  Total Remote Usage
		Usr 0 00:00:00, Sys 0 00:00:00  -  Total Local Usage
	618165888  -  Run Bytes Sent By Job
	218257  -  Run Bytes Received By Job
	618165888  -  Total Bytes Sent By Job
	218257  -  Total Bytes Received By Job
	Partitionable Resources :     Usage  Request Allocated 
	   Cpus                 :      0.35        1         1 
	   Disk (KB)            : 603951     2048000  18498388 
	   Memory (MB)          :    393        1992      2048 
...
