000 (3866147.000.000) 04/29 07:37:36 Job submitted from host: <144.92.180.29:9618?addrs=144.92.180.29-9618+[2607-f388-101c-1000--369]-9618&noUDP&sock=1964097_c0ff_3>
...
001 (3866147.000.000) 04/29 07:39:01 Job executing on host: <144.92.181.205:9618?addrs=144.92.181.205-9618+[2607-f388-101c-1000--629]-9618&noUDP&sock=3641_006a_3>
...
006 (3866147.000.000) 04/29 07:39:10 Image size of job updated: 117032
	29  -  MemoryUsage of job (MB)
	28772  -  ResidentSetSize of job (KB)
...
006 (3866147.000.000) 04/29 07:59:11 Image size of job updated: 410688
	401  -  MemoryUsage of job (MB)
	410424  -  ResidentSetSize of job (KB)
...
006 (3866147.000.000) 04/29 08:19:11 Image size of job updated: 412580
	403  -  MemoryUsage of job (MB)
	411824  -  ResidentSetSize of job (KB)
...
006 (3866147.000.000) 04/29 08:39:11 Image size of job updated: 414320
	404  -  MemoryUsage of job (MB)
	413564  -  ResidentSetSize of job (KB)
...
006 (3866147.000.000) 04/29 08:59:12 Image size of job updated: 414748
	405  -  MemoryUsage of job (MB)
	413992  -  ResidentSetSize of job (KB)
...
006 (3866147.000.000) 04/29 09:19:14 Image size of job updated: 415416
	406  -  MemoryUsage of job (MB)
	414744  -  ResidentSetSize of job (KB)
...
006 (3866147.000.000) 04/29 09:39:14 Image size of job updated: 416012
	406  -  MemoryUsage of job (MB)
	415340  -  ResidentSetSize of job (KB)
...
006 (3866147.000.000) 04/29 09:59:14 Image size of job updated: 416608
	407  -  MemoryUsage of job (MB)
	415936  -  ResidentSetSize of job (KB)
...
006 (3866147.000.000) 04/29 10:19:14 Image size of job updated: 416884
	407  -  MemoryUsage of job (MB)
	416104  -  ResidentSetSize of job (KB)
...
005 (3866147.000.000) 04/29 10:39:04 Job terminated.
	(1) Normal termination (return value 0)
		Usr 0 00:46:25, Sys 0 00:02:55  -  Run Remote Usage
		Usr 0 00:00:00, Sys 0 00:00:00  -  Run Local Usage
		Usr 0 00:46:25, Sys 0 00:02:55  -  Total Remote Usage
		Usr 0 00:00:00, Sys 0 00:00:00  -  Total Local Usage
	1049053376  -  Run Bytes Sent By Job
	218277  -  Run Bytes Received By Job
	1049053376  -  Total Bytes Sent By Job
	218277  -  Total Bytes Received By Job
	Partitionable Resources :      Usage  Request Allocated 
	   Cpus                 :       0.37        1         1 
	   Disk (KB)            : 1024741     2048000  18352118 
	   Memory (MB)          :     407        1992      2048 
...
