000 (3866172.000.000) 04/29 07:37:44 Job submitted from host: <144.92.180.29:9618?addrs=144.92.180.29-9618+[2607-f388-101c-1000--369]-9618&noUDP&sock=1964097_c0ff_3>
...
001 (3866172.000.000) 04/29 07:48:01 Job executing on host: <144.92.180.61:9618?addrs=144.92.180.61-9618+[2607-f388-101c-1000--629]-9618&noUDP&sock=3268_2797_3>
...
006 (3866172.000.000) 04/29 07:48:10 Image size of job updated: 37152
	7  -  MemoryUsage of job (MB)
	7020  -  ResidentSetSize of job (KB)
...
006 (3866172.000.000) 04/29 08:08:11 Image size of job updated: 288448
	277  -  MemoryUsage of job (MB)
	283644  -  ResidentSetSize of job (KB)
...
006 (3866172.000.000) 04/29 08:28:12 Image size of job updated: 310256
	299  -  MemoryUsage of job (MB)
	305452  -  ResidentSetSize of job (KB)
...
006 (3866172.000.000) 04/29 08:48:12 Image size of job updated: 416016
	383  -  MemoryUsage of job (MB)
	391408  -  ResidentSetSize of job (KB)
...
006 (3866172.000.000) 04/29 09:08:12 Image size of job updated: 416016
	383  -  MemoryUsage of job (MB)
	391680  -  ResidentSetSize of job (KB)
...
006 (3866172.000.000) 04/29 09:28:13 Image size of job updated: 416016
	384  -  MemoryUsage of job (MB)
	392392  -  ResidentSetSize of job (KB)
...
005 (3866172.000.000) 04/29 09:30:04 Job terminated.
	(1) Normal termination (return value 0)
		Usr 0 00:15:56, Sys 0 00:00:44  -  Run Remote Usage
		Usr 0 00:00:00, Sys 0 00:00:00  -  Run Local Usage
		Usr 0 00:15:56, Sys 0 00:00:44  -  Total Remote Usage
		Usr 0 00:00:00, Sys 0 00:00:00  -  Total Local Usage
	66671856  -  Run Bytes Sent By Job
	218236  -  Run Bytes Received By Job
	66671856  -  Total Bytes Sent By Job
	218236  -  Total Bytes Received By Job
	Partitionable Resources :    Usage  Request Allocated 
	   Cpus                 :     0.09        1         1 
	   Disk (KB)            : 65384     2048000  18509329 
	   Memory (MB)          :   384        1992      2048 
...
