000 (3866223.000.000) 04/29 07:38:02 Job submitted from host: <144.92.180.29:9618?addrs=144.92.180.29-9618+[2607-f388-101c-1000--369]-9618&noUDP&sock=1964097_c0ff_3>
...
001 (3866223.000.000) 04/29 08:02:33 Job executing on host: <144.92.181.80:9618?addrs=144.92.181.80-9618+[2607-f388-101c-1000--199]-9618&noUDP&sock=3438_c2b1_3>
...
006 (3866223.000.000) 04/29 08:02:41 Image size of job updated: 167200
	53  -  MemoryUsage of job (MB)
	53616  -  ResidentSetSize of job (KB)
...
006 (3866223.000.000) 04/29 08:22:41 Image size of job updated: 410892
	400  -  MemoryUsage of job (MB)
	409396  -  ResidentSetSize of job (KB)
...
006 (3866223.000.000) 04/29 08:42:42 Image size of job updated: 413484
	403  -  MemoryUsage of job (MB)
	412000  -  ResidentSetSize of job (KB)
...
006 (3866223.000.000) 04/29 09:02:43 Image size of job updated: 414920
	404  -  MemoryUsage of job (MB)
	413436  -  ResidentSetSize of job (KB)
...
006 (3866223.000.000) 04/29 09:22:44 Image size of job updated: 414920
	405  -  MemoryUsage of job (MB)
	414636  -  ResidentSetSize of job (KB)
...
006 (3866223.000.000) 04/29 09:42:44 Image size of job updated: 415876
	406  -  MemoryUsage of job (MB)
	415596  -  ResidentSetSize of job (KB)
...
006 (3866223.000.000) 04/29 10:02:44 Image size of job updated: 416164
	407  -  MemoryUsage of job (MB)
	415884  -  ResidentSetSize of job (KB)
...
006 (3866223.000.000) 04/29 10:22:44 Image size of job updated: 418060
	408  -  MemoryUsage of job (MB)
	416972  -  ResidentSetSize of job (KB)
...
006 (3866223.000.000) 04/29 10:42:44 Image size of job updated: 418060
	408  -  MemoryUsage of job (MB)
	417356  -  ResidentSetSize of job (KB)
...
005 (3866223.000.000) 04/29 10:47:23 Job terminated.
	(1) Normal termination (return value 0)
		Usr 0 00:47:05, Sys 0 00:03:20  -  Run Remote Usage
		Usr 0 00:00:00, Sys 0 00:00:00  -  Run Local Usage
		Usr 0 00:47:05, Sys 0 00:03:20  -  Total Remote Usage
		Usr 0 00:00:00, Sys 0 00:00:00  -  Total Local Usage
	2499229696  -  Run Bytes Sent By Job
	218202  -  Run Bytes Received By Job
	2499229696  -  Total Bytes Sent By Job
	218202  -  Total Bytes Received By Job
	Partitionable Resources :      Usage  Request Allocated 
	   Cpus                 :       0.38        1         1 
	   Disk (KB)            : 2440927     2048000  18522709 
	   Memory (MB)          :     408        1992      2048 
...
