000 (3866137.000.000) 04/29 07:37:33 Job submitted from host: <144.92.180.29:9618?addrs=144.92.180.29-9618+[2607-f388-101c-1000--369]-9618&noUDP&sock=1964097_c0ff_3>
...
001 (3866137.000.000) 04/29 07:37:59 Job executing on host: <144.92.181.236:9618?addrs=144.92.181.236-9618+[2607-f388-101c-1000--629]-9618&noUDP&sock=3641_006a_3>
...
006 (3866137.000.000) 04/29 07:38:09 Image size of job updated: 37660
	7  -  MemoryUsage of job (MB)
	7160  -  ResidentSetSize of job (KB)
...
006 (3866137.000.000) 04/29 07:58:09 Image size of job updated: 418900
	383  -  MemoryUsage of job (MB)
	391892  -  ResidentSetSize of job (KB)
...
005 (3866137.000.000) 04/29 08:06:55 Job terminated.
	(1) Normal termination (return value 0)
		Usr 0 00:06:06, Sys 0 00:00:16  -  Run Remote Usage
		Usr 0 00:00:00, Sys 0 00:00:00  -  Run Local Usage
		Usr 0 00:06:06, Sys 0 00:00:16  -  Total Remote Usage
		Usr 0 00:00:00, Sys 0 00:00:00  -  Total Local Usage
	429201376  -  Run Bytes Sent By Job
	218272  -  Run Bytes Received By Job
	429201376  -  Total Bytes Sent By Job
	218272  -  Total Bytes Received By Job
	Partitionable Resources :     Usage  Request Allocated 
	   Cpus                 :      0.26        1         1 
	   Disk (KB)            : 419417     2048000  18510640 
	   Memory (MB)          :    383        1992      2048 
...
