000 (3866211.000.000) 04/29 07:37:58 Job submitted from host: <144.92.180.29:9618?addrs=144.92.180.29-9618+[2607-f388-101c-1000--369]-9618&noUDP&sock=1964097_c0ff_3>
...
001 (3866211.000.000) 04/29 07:59:27 Job executing on host: <144.92.180.159:9618?addrs=144.92.180.159-9618+[2607-f388-101c-1000--629]-9618&noUDP&sock=2871_d87e_3>
...
006 (3866211.000.000) 04/29 07:59:35 Image size of job updated: 134956
	34  -  MemoryUsage of job (MB)
	33880  -  ResidentSetSize of job (KB)
...
006 (3866211.000.000) 04/29 08:19:35 Image size of job updated: 280264
	272  -  MemoryUsage of job (MB)
	277516  -  ResidentSetSize of job (KB)
...
006 (3866211.000.000) 04/29 08:39:36 Image size of job updated: 282552
	274  -  MemoryUsage of job (MB)
	279840  -  ResidentSetSize of job (KB)
...
006 (3866211.000.000) 04/29 08:59:37 Image size of job updated: 283276
	274  -  MemoryUsage of job (MB)
	280564  -  ResidentSetSize of job (KB)
...
006 (3866211.000.000) 04/29 09:19:38 Image size of job updated: 284652
	276  -  MemoryUsage of job (MB)
	282584  -  ResidentSetSize of job (KB)
...
006 (3866211.000.000) 04/29 09:39:38 Image size of job updated: 285904
	278  -  MemoryUsage of job (MB)
	283836  -  ResidentSetSize of job (KB)
...
006 (3866211.000.000) 04/29 09:59:38 Image size of job updated: 286596
	278  -  MemoryUsage of job (MB)
	284552  -  ResidentSetSize of job (KB)
...
006 (3866211.000.000) 04/29 10:19:39 Image size of job updated: 291132
	280  -  MemoryUsage of job (MB)
	286208  -  ResidentSetSize of job (KB)
...
006 (3866211.000.000) 04/29 10:39:40 Image size of job updated: 294916
	282  -  MemoryUsage of job (MB)
	287892  -  ResidentSetSize of job (KB)
...
006 (3866211.000.000) 04/29 10:50:31 Image size of job updated: 317784
	282  -  MemoryUsage of job (MB)
	287892  -  ResidentSetSize of job (KB)
...
005 (3866211.000.000) 04/29 10:50:31 Job terminated.
	(1) Normal termination (return value 0)
		Usr 0 00:34:39, Sys 0 00:01:49  -  Run Remote Usage
		Usr 0 00:00:00, Sys 0 00:00:00  -  Run Local Usage
		Usr 0 00:34:39, Sys 0 00:01:49  -  Total Remote Usage
		Usr 0 00:00:00, Sys 0 00:00:00  -  Total Local Usage
	4771546  -  Run Bytes Sent By Job
	218242  -  Run Bytes Received By Job
	4771546  -  Total Bytes Sent By Job
	218242  -  Total Bytes Received By Job
	Partitionable Resources :    Usage  Request Allocated 
	   Cpus                 :     0.22        1         1 
	   Disk (KB)            :  4935     2048000  18988873 
	   Memory (MB)          :   282        1992      2048 
...
