000 (3866138.000.000) 04/29 07:37:34 Job submitted from host: <144.92.180.29:9618?addrs=144.92.180.29-9618+[2607-f388-101c-1000--369]-9618&noUDP&sock=1964097_c0ff_3>
...
001 (3866138.000.000) 04/29 07:37:59 Job executing on host: <144.92.181.69:9618?addrs=144.92.181.69-9618+[2607-f388-101c-1000--629]-9618&noUDP&sock=3641_006a_3>
...
006 (3866138.000.000) 04/29 07:38:08 Image size of job updated: 37716
	8  -  MemoryUsage of job (MB)
	7464  -  ResidentSetSize of job (KB)
...
006 (3866138.000.000) 04/29 07:58:08 Image size of job updated: 508768
	378  -  MemoryUsage of job (MB)
	386428  -  ResidentSetSize of job (KB)
...
006 (3866138.000.000) 04/29 08:18:08 Image size of job updated: 508768
	380  -  MemoryUsage of job (MB)
	388220  -  ResidentSetSize of job (KB)
...
006 (3866138.000.000) 04/29 08:38:09 Image size of job updated: 508768
	381  -  MemoryUsage of job (MB)
	389212  -  ResidentSetSize of job (KB)
...
006 (3866138.000.000) 04/29 08:58:10 Image size of job updated: 508768
	382  -  MemoryUsage of job (MB)
	391164  -  ResidentSetSize of job (KB)
...
006 (3866138.000.000) 04/29 09:18:10 Image size of job updated: 508768
	383  -  MemoryUsage of job (MB)
	391736  -  ResidentSetSize of job (KB)
...
006 (3866138.000.000) 04/29 09:38:10 Image size of job updated: 508768
	383  -  MemoryUsage of job (MB)
	392104  -  ResidentSetSize of job (KB)
...
006 (3866138.000.000) 04/29 09:51:30 Image size of job updated: 645476
	383  -  MemoryUsage of job (MB)
	392104  -  ResidentSetSize of job (KB)
...
005 (3866138.000.000) 04/29 09:52:15 Job terminated.
	(1) Normal termination (return value 0)
		Usr 0 00:37:33, Sys 0 00:01:51  -  Run Remote Usage
		Usr 0 00:00:00, Sys 0 00:00:00  -  Run Local Usage
		Usr 0 00:37:33, Sys 0 00:01:51  -  Total Remote Usage
		Usr 0 00:00:00, Sys 0 00:00:00  -  Total Local Usage
	2202134272  -  Run Bytes Sent By Job
	218266  -  Run Bytes Received By Job
	2202134272  -  Total Bytes Sent By Job
	218266  -  Total Bytes Received By Job
	Partitionable Resources :      Usage  Request Allocated 
	   Cpus                 :       0.36        1         1 
	   Disk (KB)            : 2150797     2048000  18505026 
	   Memory (MB)          :     383        1992      2048 
...
