000 (3866198.000.000) 04/29 07:37:53 Job submitted from host: <144.92.180.29:9618?addrs=144.92.180.29-9618+[2607-f388-101c-1000--369]-9618&noUDP&sock=1964097_c0ff_3>
...
001 (3866198.000.000) 04/29 07:56:10 Job executing on host: <144.92.180.141:9618?addrs=144.92.180.141-9618+[2607-f388-101c-1000--629]-9618&noUDP&sock=2666_3b94_3>
...
006 (3866198.000.000) 04/29 07:56:19 Image size of job updated: 138736
	34  -  MemoryUsage of job (MB)
	34112  -  ResidentSetSize of job (KB)
...
006 (3866198.000.000) 04/29 08:16:20 Image size of job updated: 441796
	429  -  MemoryUsage of job (MB)
	439132  -  ResidentSetSize of job (KB)
...
006 (3866198.000.000) 04/29 08:36:21 Image size of job updated: 442416
	430  -  MemoryUsage of job (MB)
	439752  -  ResidentSetSize of job (KB)
...
006 (3866198.000.000) 04/29 08:56:21 Image size of job updated: 442684
	430  -  MemoryUsage of job (MB)
	440012  -  ResidentSetSize of job (KB)
...
006 (3866198.000.000) 04/29 09:16:21 Image size of job updated: 442684
	431  -  MemoryUsage of job (MB)
	441036  -  ResidentSetSize of job (KB)
...
006 (3866198.000.000) 04/29 09:36:21 Image size of job updated: 442684
	431  -  MemoryUsage of job (MB)
	441328  -  ResidentSetSize of job (KB)
...
005 (3866198.000.000) 04/29 09:49:18 Job terminated.
	(1) Normal termination (return value 0)
		Usr 0 00:22:29, Sys 0 00:01:08  -  Run Remote Usage
		Usr 0 00:00:00, Sys 0 00:00:00  -  Run Local Usage
		Usr 0 00:22:29, Sys 0 00:01:08  -  Total Remote Usage
		Usr 0 00:00:00, Sys 0 00:00:00  -  Total Local Usage
	1594768384  -  Run Bytes Sent By Job
	218214  -  Run Bytes Received By Job
	1594768384  -  Total Bytes Sent By Job
	218214  -  Total Bytes Received By Job
	Partitionable Resources :      Usage  Request Allocated 
	   Cpus                 :       0.09        1         1 
	   Disk (KB)            : 1557666     2048000  18995294 
	   Memory (MB)          :     431        1992      2048 
...
