000 (3866215.000.000) 04/29 07:37:59 Job submitted from host: <144.92.180.29:9618?addrs=144.92.180.29-9618+[2607-f388-101c-1000--369]-9618&noUDP&sock=1964097_c0ff_3>
...
001 (3866215.000.000) 04/29 08:00:28 Job executing on host: <144.92.180.201:9618?addrs=144.92.180.201-9618+[2607-f388-101c-1000--629]-9618&noUDP&sock=4963_c89e_3>
...
006 (3866215.000.000) 04/29 08:00:37 Image size of job updated: 38048
	8  -  MemoryUsage of job (MB)
	7468  -  ResidentSetSize of job (KB)
...
006 (3866215.000.000) 04/29 08:20:38 Image size of job updated: 279772
	268  -  MemoryUsage of job (MB)
	273724  -  ResidentSetSize of job (KB)
...
006 (3866215.000.000) 04/29 08:40:39 Image size of job updated: 281040
	270  -  MemoryUsage of job (MB)
	276148  -  ResidentSetSize of job (KB)
...
006 (3866215.000.000) 04/29 09:00:39 Image size of job updated: 283672
	273  -  MemoryUsage of job (MB)
	278712  -  ResidentSetSize of job (KB)
...
006 (3866215.000.000) 04/29 09:20:39 Image size of job updated: 285212
	274  -  MemoryUsage of job (MB)
	280292  -  ResidentSetSize of job (KB)
...
006 (3866215.000.000) 04/29 09:40:39 Image size of job updated: 289872
	277  -  MemoryUsage of job (MB)
	282904  -  ResidentSetSize of job (KB)
...
006 (3866215.000.000) 04/29 10:00:40 Image size of job updated: 290868
	278  -  MemoryUsage of job (MB)
	284196  -  ResidentSetSize of job (KB)
...
006 (3866215.000.000) 04/29 10:20:40 Image size of job updated: 290868
	279  -  MemoryUsage of job (MB)
	285608  -  ResidentSetSize of job (KB)
...
006 (3866215.000.000) 04/29 10:40:40 Image size of job updated: 292056
	281  -  MemoryUsage of job (MB)
	287084  -  ResidentSetSize of job (KB)
...
006 (3866215.000.000) 04/29 11:00:40 Image size of job updated: 293168
	282  -  MemoryUsage of job (MB)
	288232  -  ResidentSetSize of job (KB)
...
006 (3866215.000.000) 04/29 11:20:41 Image size of job updated: 294632
	283  -  MemoryUsage of job (MB)
	289664  -  ResidentSetSize of job (KB)
...
005 (3866215.000.000) 04/29 11:36:02 Job terminated.
	(1) Normal termination (return value 0)
		Usr 0 00:32:54, Sys 0 00:02:14  -  Run Remote Usage
		Usr 0 00:00:00, Sys 0 00:00:00  -  Run Local Usage
		Usr 0 00:32:54, Sys 0 00:02:14  -  Total Remote Usage
		Usr 0 00:00:00, Sys 0 00:00:00  -  Total Local Usage
	9814697  -  Run Bytes Sent By Job
	218242  -  Run Bytes Received By Job
	9814697  -  Total Bytes Sent By Job
	218242  -  Total Bytes Received By Job
	Partitionable Resources :    Usage  Request Allocated 
	   Cpus                 :     0.24        1         1 
	   Disk (KB)            :  9860     2048000  18508433 
	   Memory (MB)          :   283        1992      2048 
...
