000 (3866154.000.000) 04/29 07:37:39 Job submitted from host: <144.92.180.29:9618?addrs=144.92.180.29-9618+[2607-f388-101c-1000--369]-9618&noUDP&sock=1964097_c0ff_3>
...
001 (3866154.000.000) 04/29 07:42:42 Job executing on host: <144.92.180.77:9618?addrs=144.92.180.77-9618+[2607-f388-101c-1000--629]-9618&noUDP&sock=2673_08bd_3>
...
006 (3866154.000.000) 04/29 07:42:50 Image size of job updated: 121740
	30  -  MemoryUsage of job (MB)
	30140  -  ResidentSetSize of job (KB)
...
006 (3866154.000.000) 04/29 08:02:50 Image size of job updated: 501752
	384  -  MemoryUsage of job (MB)
	392596  -  ResidentSetSize of job (KB)
...
006 (3866154.000.000) 04/29 08:22:51 Image size of job updated: 501752
	384  -  MemoryUsage of job (MB)
	393184  -  ResidentSetSize of job (KB)
...
006 (3866154.000.000) 04/29 08:42:52 Image size of job updated: 501752
	386  -  MemoryUsage of job (MB)
	395220  -  ResidentSetSize of job (KB)
...
006 (3866154.000.000) 04/29 09:02:52 Image size of job updated: 501752
	388  -  MemoryUsage of job (MB)
	397136  -  ResidentSetSize of job (KB)
...
006 (3866154.000.000) 04/29 09:22:52 Image size of job updated: 501752
	389  -  MemoryUsage of job (MB)
	397564  -  ResidentSetSize of job (KB)
...
006 (3866154.000.000) 04/29 09:42:53 Image size of job updated: 501752
	389  -  MemoryUsage of job (MB)
	397720  -  ResidentSetSize of job (KB)
...
006 (3866154.000.000) 04/29 10:02:54 Image size of job updated: 501752
	390  -  MemoryUsage of job (MB)
	398504  -  ResidentSetSize of job (KB)
...
006 (3866154.000.000) 04/29 10:22:55 Image size of job updated: 501752
	391  -  MemoryUsage of job (MB)
	399368  -  ResidentSetSize of job (KB)
...
005 (3866154.000.000) 04/29 10:39:35 Job terminated.
	(1) Normal termination (return value 0)
		Usr 0 00:35:24, Sys 0 00:01:30  -  Run Remote Usage
		Usr 0 00:00:00, Sys 0 00:00:00  -  Run Local Usage
		Usr 0 00:35:24, Sys 0 00:01:30  -  Total Remote Usage
		Usr 0 00:00:00, Sys 0 00:00:00  -  Total Local Usage
	1022554368  -  Run Bytes Sent By Job
	218262  -  Run Bytes Received By Job
	1022554368  -  Total Bytes Sent By Job
	218262  -  Total Bytes Received By Job
	Partitionable Resources :     Usage  Request Allocated 
	   Cpus                 :      0.02        1         1 
	   Disk (KB)            : 998862     2048000  18994644 
	   Memory (MB)          :    391        1992      2048 
...
