000 (3866135.000.000) 04/29 07:37:33 Job submitted from host: <144.92.180.29:9618?addrs=144.92.180.29-9618+[2607-f388-101c-1000--369]-9618&noUDP&sock=1964097_c0ff_3>
...
001 (3866135.000.000) 04/29 07:37:59 Job executing on host: <144.92.181.71:9618?addrs=144.92.181.71-9618+[2607-f388-101c-1000--629]-9618&noUDP&sock=3697_69b8_3>
...
006 (3866135.000.000) 04/29 07:38:08 Image size of job updated: 36652
	7  -  MemoryUsage of job (MB)
	6944  -  ResidentSetSize of job (KB)
...
006 (3866135.000.000) 04/29 07:58:08 Image size of job updated: 390884
	379  -  MemoryUsage of job (MB)
	387392  -  ResidentSetSize of job (KB)
...
006 (3866135.000.000) 04/29 08:18:08 Image size of job updated: 390884
	381  -  MemoryUsage of job (MB)
	389404  -  ResidentSetSize of job (KB)
...
006 (3866135.000.000) 04/29 08:38:08 Image size of job updated: 392048
	382  -  MemoryUsage of job (MB)
	390680  -  ResidentSetSize of job (KB)
...
006 (3866135.000.000) 04/29 08:58:09 Image size of job updated: 393420
	383  -  MemoryUsage of job (MB)
	392052  -  ResidentSetSize of job (KB)
...
006 (3866135.000.000) 04/29 09:18:10 Image size of job updated: 395232
	384  -  MemoryUsage of job (MB)
	392680  -  ResidentSetSize of job (KB)
...
006 (3866135.000.000) 04/29 09:38:10 Image size of job updated: 395796
	385  -  MemoryUsage of job (MB)
	393256  -  ResidentSetSize of job (KB)
...
006 (3866135.000.000) 04/29 09:58:10 Image size of job updated: 396768
	385  -  MemoryUsage of job (MB)
	394228  -  ResidentSetSize of job (KB)
...
006 (3866135.000.000) 04/29 10:18:10 Image size of job updated: 396768
	386  -  MemoryUsage of job (MB)
	394708  -  ResidentSetSize of job (KB)
...
006 (3866135.000.000) 04/29 10:38:11 Image size of job updated: 397420
	387  -  MemoryUsage of job (MB)
	395492  -  ResidentSetSize of job (KB)
...
006 (3866135.000.000) 04/29 10:58:12 Image size of job updated: 398312
	388  -  MemoryUsage of job (MB)
	396404  -  ResidentSetSize of job (KB)
...
005 (3866135.000.000) 04/29 11:05:52 Job terminated.
	(1) Normal termination (return value 0)
		Usr 0 00:57:37, Sys 0 00:03:40  -  Run Remote Usage
		Usr 0 00:00:00, Sys 0 00:00:00  -  Run Local Usage
		Usr 0 00:57:37, Sys 0 00:03:40  -  Total Remote Usage
		Usr 0 00:00:00, Sys 0 00:00:00  -  Total Local Usage
	2677946112  -  Run Bytes Sent By Job
	218257  -  Run Bytes Received By Job
	2677946112  -  Total Bytes Sent By Job
	218257  -  Total Bytes Received By Job
	Partitionable Resources :      Usage  Request Allocated 
	   Cpus                 :       0.15        1         1 
	   Disk (KB)            : 2615457     2048000  18513208 
	   Memory (MB)          :     388        1992      2048 
...
