000 (3866206.000.000) 04/29 07:37:56 Job submitted from host: <144.92.180.29:9618?addrs=144.92.180.29-9618+[2607-f388-101c-1000--369]-9618&noUDP&sock=1964097_c0ff_3>
...
001 (3866206.000.000) 04/29 07:58:27 Job executing on host: <144.92.180.160:9618?addrs=144.92.180.160-9618+[2607-f388-101c-1000--629]-9618&noUDP&sock=2637_5754_3>
...
006 (3866206.000.000) 04/29 07:58:36 Image size of job updated: 153220
	53  -  MemoryUsage of job (MB)
	53788  -  ResidentSetSize of job (KB)
...
006 (3866206.000.000) 04/29 08:18:37 Image size of job updated: 503028
	473  -  MemoryUsage of job (MB)
	484240  -  ResidentSetSize of job (KB)
...
006 (3866206.000.000) 04/29 08:38:37 Image size of job updated: 510216
	475  -  MemoryUsage of job (MB)
	485980  -  ResidentSetSize of job (KB)
...
006 (3866206.000.000) 04/29 08:58:37 Image size of job updated: 510496
	475  -  MemoryUsage of job (MB)
	486264  -  ResidentSetSize of job (KB)
...
006 (3866206.000.000) 04/29 09:18:38 Image size of job updated: 510496
	477  -  MemoryUsage of job (MB)
	487888  -  ResidentSetSize of job (KB)
...
005 (3866206.000.000) 04/29 09:19:44 Job terminated.
	(1) Normal termination (return value 0)
		Usr 0 00:13:23, Sys 0 00:00:43  -  Run Remote Usage
		Usr 0 00:00:00, Sys 0 00:00:00  -  Run Local Usage
		Usr 0 00:13:23, Sys 0 00:00:43  -  Total Remote Usage
		Usr 0 00:00:00, Sys 0 00:00:00  -  Total Local Usage
	280366080  -  Run Bytes Sent By Job
	218189  -  Run Bytes Received By Job
	280366080  -  Total Bytes Sent By Job
	218189  -  Total Bytes Received By Job
	Partitionable Resources :     Usage  Request Allocated 
	   Cpus                 :      0.21        1         1 
	   Disk (KB)            : 274070     2048000  18989253 
	   Memory (MB)          :    477        1992      2048 
...
