000 (3866195.000.000) 04/29 07:37:52 Job submitted from host: <144.92.180.29:9618?addrs=144.92.180.29-9618+[2607-f388-101c-1000--369]-9618&noUDP&sock=1964097_c0ff_3>
...
001 (3866195.000.000) 04/29 07:55:39 Job executing on host: <144.92.180.101:9618?addrs=144.92.180.101-9618+[2607-f388-101c-1000--629]-9618&noUDP&sock=2752_38b9_3>
...
006 (3866195.000.000) 04/29 07:55:48 Image size of job updated: 85476
	25  -  MemoryUsage of job (MB)
	24776  -  ResidentSetSize of job (KB)
...
006 (3866195.000.000) 04/29 08:15:49 Image size of job updated: 432068
	402  -  MemoryUsage of job (MB)
	410668  -  ResidentSetSize of job (KB)
...
006 (3866195.000.000) 04/29 08:35:50 Image size of job updated: 434900
	404  -  MemoryUsage of job (MB)
	413372  -  ResidentSetSize of job (KB)
...
006 (3866195.000.000) 04/29 08:55:50 Image size of job updated: 435440
	405  -  MemoryUsage of job (MB)
	413912  -  ResidentSetSize of job (KB)
...
006 (3866195.000.000) 04/29 09:15:50 Image size of job updated: 435440
	405  -  MemoryUsage of job (MB)
	414040  -  ResidentSetSize of job (KB)
...
006 (3866195.000.000) 04/29 09:35:51 Image size of job updated: 435440
	405  -  MemoryUsage of job (MB)
	414384  -  ResidentSetSize of job (KB)
...
006 (3866195.000.000) 04/29 09:55:52 Image size of job updated: 435440
	406  -  MemoryUsage of job (MB)
	414932  -  ResidentSetSize of job (KB)
...
006 (3866195.000.000) 04/29 10:15:52 Image size of job updated: 435440
	406  -  MemoryUsage of job (MB)
	414992  -  ResidentSetSize of job (KB)
...
006 (3866195.000.000) 04/29 10:35:52 Image size of job updated: 435440
	406  -  MemoryUsage of job (MB)
	415064  -  ResidentSetSize of job (KB)
...
006 (3866195.000.000) 04/29 10:55:52 Image size of job updated: 435440
	406  -  MemoryUsage of job (MB)
	415340  -  ResidentSetSize of job (KB)
...
005 (3866195.000.000) 04/29 10:57:31 Job terminated.
	(1) Normal termination (return value 0)
		Usr 0 00:31:58, Sys 0 00:01:54  -  Run Remote Usage
		Usr 0 00:00:00, Sys 0 00:00:00  -  Run Local Usage
		Usr 0 00:31:58, Sys 0 00:01:54  -  Total Remote Usage
		Usr 0 00:00:00, Sys 0 00:00:00  -  Total Local Usage
	389758336  -  Run Bytes Sent By Job
	218233  -  Run Bytes Received By Job
	389758336  -  Total Bytes Sent By Job
	218233  -  Total Bytes Received By Job
	Partitionable Resources :     Usage  Request Allocated 
	   Cpus                 :      0.25        1         1 
	   Disk (KB)            : 380897     2048000  18988010 
	   Memory (MB)          :    406        1992      2048 
...
