000 (3866152.000.000) 04/29 07:37:38 Job submitted from host: <144.92.180.29:9618?addrs=144.92.180.29-9618+[2607-f388-101c-1000--369]-9618&noUDP&sock=1964097_c0ff_3>
...
001 (3866152.000.000) 04/29 07:41:22 Job executing on host: <144.92.181.86:9618?addrs=144.92.181.86-9618+[2607-f388-101c-1000--629]-9618&noUDP&sock=3537_aa91_3>
...
006 (3866152.000.000) 04/29 07:41:31 Image size of job updated: 225100
	106  -  MemoryUsage of job (MB)
	108380  -  ResidentSetSize of job (KB)
...
006 (3866152.000.000) 04/29 08:01:31 Image size of job updated: 415292
	403  -  MemoryUsage of job (MB)
	411660  -  ResidentSetSize of job (KB)
...
006 (3866152.000.000) 04/29 08:21:31 Image size of job updated: 417680
	406  -  MemoryUsage of job (MB)
	415004  -  ResidentSetSize of job (KB)
...
006 (3866152.000.000) 04/29 08:41:32 Image size of job updated: 418112
	406  -  MemoryUsage of job (MB)
	415436  -  ResidentSetSize of job (KB)
...
006 (3866152.000.000) 04/29 09:01:33 Image size of job updated: 419192
	407  -  MemoryUsage of job (MB)
	416548  -  ResidentSetSize of job (KB)
...
006 (3866152.000.000) 04/29 09:21:34 Image size of job updated: 419192
	408  -  MemoryUsage of job (MB)
	417572  -  ResidentSetSize of job (KB)
...
006 (3866152.000.000) 04/29 09:41:34 Image size of job updated: 419204
	408  -  MemoryUsage of job (MB)
	417772  -  ResidentSetSize of job (KB)
...
006 (3866152.000.000) 04/29 10:01:34 Image size of job updated: 419304
	409  -  MemoryUsage of job (MB)
	417872  -  ResidentSetSize of job (KB)
...
006 (3866152.000.000) 04/29 10:21:34 Image size of job updated: 419304
	409  -  MemoryUsage of job (MB)
	417884  -  ResidentSetSize of job (KB)
...
006 (3866152.000.000) 04/29 10:35:57 Image size of job updated: 706664
	409  -  MemoryUsage of job (MB)
	417884  -  ResidentSetSize of job (KB)
...
005 (3866152.000.000) 04/29 10:36:16 Job terminated.
	(1) Normal termination (return value 0)
		Usr 0 00:54:26, Sys 0 00:03:36  -  Run Remote Usage
		Usr 0 00:00:00, Sys 0 00:00:00  -  Run Local Usage
		Usr 0 00:54:26, Sys 0 00:03:36  -  Total Remote Usage
		Usr 0 00:00:00, Sys 0 00:00:00  -  Total Local Usage
	1056099008  -  Run Bytes Sent By Job
	218262  -  Run Bytes Received By Job
	1056099008  -  Total Bytes Sent By Job
	218262  -  Total Bytes Received By Job
	Partitionable Resources :      Usage  Request Allocated 
	   Cpus                 :       0.43        1         1 
	   Disk (KB)            : 1031622     2048000  18498388 
	   Memory (MB)          :     409        1992      2048 
...
