000 (3866174.000.000) 04/29 07:37:45 Job submitted from host: <144.92.180.29:9618?addrs=144.92.180.29-9618+[2607-f388-101c-1000--369]-9618&noUDP&sock=1964097_c0ff_3>
...
001 (3866174.000.000) 04/29 07:48:58 Job executing on host: <144.92.180.165:9618?addrs=144.92.180.165-9618+[2607-f388-101c-1000--629]-9618&noUDP&sock=2749_29f0_3>
...
006 (3866174.000.000) 04/29 07:49:07 Image size of job updated: 140704
	54  -  MemoryUsage of job (MB)
	54300  -  ResidentSetSize of job (KB)
...
006 (3866174.000.000) 04/29 08:09:08 Image size of job updated: 405220
	395  -  MemoryUsage of job (MB)
	403924  -  ResidentSetSize of job (KB)
...
006 (3866174.000.000) 04/29 08:29:09 Image size of job updated: 406340
	396  -  MemoryUsage of job (MB)
	405044  -  ResidentSetSize of job (KB)
...
006 (3866174.000.000) 04/29 08:49:09 Image size of job updated: 408016
	398  -  MemoryUsage of job (MB)
	406768  -  ResidentSetSize of job (KB)
...
006 (3866174.000.000) 04/29 09:09:09 Image size of job updated: 408600
	398  -  MemoryUsage of job (MB)
	407240  -  ResidentSetSize of job (KB)
...
006 (3866174.000.000) 04/29 09:29:10 Image size of job updated: 408600
	398  -  MemoryUsage of job (MB)
	407424  -  ResidentSetSize of job (KB)
...
006 (3866174.000.000) 04/29 09:49:11 Image size of job updated: 408600
	399  -  MemoryUsage of job (MB)
	407660  -  ResidentSetSize of job (KB)
...
006 (3866174.000.000) 04/29 10:09:12 Image size of job updated: 409748
	399  -  MemoryUsage of job (MB)
	407796  -  ResidentSetSize of job (KB)
...
006 (3866174.000.000) 04/29 10:29:12 Image size of job updated: 409748
	399  -  MemoryUsage of job (MB)
	407836  -  ResidentSetSize of job (KB)
...
006 (3866174.000.000) 04/29 11:09:13 Image size of job updated: 409748
	399  -  MemoryUsage of job (MB)
	407856  -  ResidentSetSize of job (KB)
...
005 (3866174.000.000) 04/29 11:30:21 Job terminated.
	(1) Normal termination (return value 0)
		Usr 0 00:56:48, Sys 0 00:03:06  -  Run Remote Usage
		Usr 0 00:00:00, Sys 0 00:00:00  -  Run Local Usage
		Usr 0 00:56:48, Sys 0 00:03:06  -  Total Remote Usage
		Usr 0 00:00:00, Sys 0 00:00:00  -  Total Local Usage
	5797294080  -  Run Bytes Sent By Job
	218252  -  Run Bytes Received By Job
	5797294080  -  Total Bytes Sent By Job
	218252  -  Total Bytes Received By Job
	Partitionable Resources :      Usage  Request Allocated 
	   Cpus                 :       0.10        1         1 
	   Disk (KB)            : 5661695     2048000  18986969 
	   Memory (MB)          :     399        1992      2048 
...
