000 (3866149.000.000) 04/29 07:37:37 Job submitted from host: <144.92.180.29:9618?addrs=144.92.180.29-9618+[2607-f388-101c-1000--369]-9618&noUDP&sock=1964097_c0ff_3>
...
001 (3866149.000.000) 04/29 07:39:31 Job executing on host: <144.92.180.94:9618?addrs=144.92.180.94-9618+[2607-f388-101c-1000--629]-9618&noUDP&sock=3209_af81_3>
...
006 (3866149.000.000) 04/29 07:39:39 Image size of job updated: 37688
	7  -  MemoryUsage of job (MB)
	7076  -  ResidentSetSize of job (KB)
...
006 (3866149.000.000) 04/29 07:59:39 Image size of job updated: 490396
	400  -  MemoryUsage of job (MB)
	409440  -  ResidentSetSize of job (KB)
...
006 (3866149.000.000) 04/29 08:19:40 Image size of job updated: 490396
	401  -  MemoryUsage of job (MB)
	410592  -  ResidentSetSize of job (KB)
...
006 (3866149.000.000) 04/29 08:39:41 Image size of job updated: 490396
	403  -  MemoryUsage of job (MB)
	411660  -  ResidentSetSize of job (KB)
...
006 (3866149.000.000) 04/29 08:59:42 Image size of job updated: 490396
	405  -  MemoryUsage of job (MB)
	413864  -  ResidentSetSize of job (KB)
...
006 (3866149.000.000) 04/29 09:19:42 Image size of job updated: 490396
	405  -  MemoryUsage of job (MB)
	414584  -  ResidentSetSize of job (KB)
...
006 (3866149.000.000) 04/29 09:39:42 Image size of job updated: 490396
	406  -  MemoryUsage of job (MB)
	415264  -  ResidentSetSize of job (KB)
...
006 (3866149.000.000) 04/29 09:59:43 Image size of job updated: 490396
	406  -  MemoryUsage of job (MB)
	415496  -  ResidentSetSize of job (KB)
...
006 (3866149.000.000) 04/29 10:19:44 Image size of job updated: 490396
	407  -  MemoryUsage of job (MB)
	415848  -  ResidentSetSize of job (KB)
...
006 (3866149.000.000) 04/29 10:39:45 Image size of job updated: 490396
	407  -  MemoryUsage of job (MB)
	416212  -  ResidentSetSize of job (KB)
...
005 (3866149.000.000) 04/29 10:50:14 Job terminated.
	(1) Normal termination (return value 0)
		Usr 0 00:48:10, Sys 0 00:02:43  -  Run Remote Usage
		Usr 0 00:00:00, Sys 0 00:00:00  -  Run Local Usage
		Usr 0 00:48:10, Sys 0 00:02:43  -  Total Remote Usage
		Usr 0 00:00:00, Sys 0 00:00:00  -  Total Local Usage
	1043944960  -  Run Bytes Sent By Job
	218277  -  Run Bytes Received By Job
	1043944960  -  Total Bytes Sent By Job
	218277  -  Total Bytes Received By Job
	Partitionable Resources :      Usage  Request Allocated 
	   Cpus                 :       0.43        1         1 
	   Disk (KB)            : 1019753     2048000  18496981 
	   Memory (MB)          :     407        1992      2048 
...
