000 (3866177.000.000) 04/29 07:37:46 Job submitted from host: <144.92.180.29:9618?addrs=144.92.180.29-9618+[2607-f388-101c-1000--369]-9618&noUDP&sock=1964097_c0ff_3>
...
001 (3866177.000.000) 04/29 07:49:31 Job executing on host: <128.104.227.36:9618?addrs=128.104.227.36-9618+[2607-f388-101c-1000--629]-9618&noUDP&sock=2838_35de_3>
...
006 (3866177.000.000) 04/29 07:49:40 Image size of job updated: 225016
	106  -  MemoryUsage of job (MB)
	107976  -  ResidentSetSize of job (KB)
...
006 (3866177.000.000) 04/29 08:09:41 Image size of job updated: 403396
	391  -  MemoryUsage of job (MB)
	400112  -  ResidentSetSize of job (KB)
...
006 (3866177.000.000) 04/29 08:29:41 Image size of job updated: 404936
	393  -  MemoryUsage of job (MB)
	401444  -  ResidentSetSize of job (KB)
...
006 (3866177.000.000) 04/29 08:49:41 Image size of job updated: 405256
	394  -  MemoryUsage of job (MB)
	402664  -  ResidentSetSize of job (KB)
...
006 (3866177.000.000) 04/29 09:09:42 Image size of job updated: 405568
	394  -  MemoryUsage of job (MB)
	402976  -  ResidentSetSize of job (KB)
...
006 (3866177.000.000) 04/29 09:29:43 Image size of job updated: 405568
	394  -  MemoryUsage of job (MB)
	403112  -  ResidentSetSize of job (KB)
...
005 (3866177.000.000) 04/29 09:44:14 Job terminated.
	(1) Normal termination (return value 0)
		Usr 0 00:26:05, Sys 0 00:01:22  -  Run Remote Usage
		Usr 0 00:00:00, Sys 0 00:00:00  -  Run Local Usage
		Usr 0 00:26:05, Sys 0 00:01:22  -  Total Remote Usage
		Usr 0 00:00:00, Sys 0 00:00:00  -  Total Local Usage
	2904601344  -  Run Bytes Sent By Job
	218252  -  Run Bytes Received By Job
	2904601344  -  Total Bytes Sent By Job
	218252  -  Total Bytes Received By Job
	Partitionable Resources :      Usage  Request Allocated 
	   Cpus                 :       0.05        1         1 
	   Disk (KB)            : 2836800     2048000  18996973 
	   Memory (MB)          :     394        1992      2048 
...
