********** for MC *********
All files added.
Initializing chain.
from Init MC
.... MC file ..... 
Coming in: 
nentries:9581844
Running over 9581844 events.
Finished entry 0/9581843
Finished entry 400000/9581843
Finished entry 800000/9581843
Finished entry 1200000/9581843
Finished entry 1600000/9581843
Finished entry 2000000/9581843
Finished entry 2400000/9581843
Finished entry 2800000/9581843
Finished entry 3200000/9581843
Finished entry 3600000/9581843
Finished entry 4000000/9581843
Finished entry 4400000/9581843
Finished entry 4800000/9581843
Finished entry 5200000/9581843
Finished entry 5600000/9581843
Finished entry 6000000/9581843
Finished entry 6400000/9581843
Finished entry 6800000/9581843
Finished entry 7200000/9581843
Finished entry 7600000/9581843
Finished entry 8000000/9581843
Finished entry 8400000/9581843
Finished entry 8800000/9581843
Finished entry 9200000/9581843
nPassedSkimmed = 1.63453e+06
Real time 5:22:09, CP time 7201.500
