000 (3866184.000.000) 04/29 07:37:49 Job submitted from host: <144.92.180.29:9618?addrs=144.92.180.29-9618+[2607-f388-101c-1000--369]-9618&noUDP&sock=1964097_c0ff_3>
...
001 (3866184.000.000) 04/29 07:52:22 Job executing on host: <144.92.180.165:9618?addrs=144.92.180.165-9618+[2607-f388-101c-1000--629]-9618&noUDP&sock=2749_29f0_3>
...
006 (3866184.000.000) 04/29 07:52:31 Image size of job updated: 225984
	106  -  MemoryUsage of job (MB)
	108424  -  ResidentSetSize of job (KB)
...
006 (3866184.000.000) 04/29 08:12:32 Image size of job updated: 412180
	402  -  MemoryUsage of job (MB)
	411188  -  ResidentSetSize of job (KB)
...
006 (3866184.000.000) 04/29 08:32:33 Image size of job updated: 413428
	403  -  MemoryUsage of job (MB)
	412440  -  ResidentSetSize of job (KB)
...
006 (3866184.000.000) 04/29 08:52:33 Image size of job updated: 413428
	404  -  MemoryUsage of job (MB)
	412752  -  ResidentSetSize of job (KB)
...
006 (3866184.000.000) 04/29 09:12:33 Image size of job updated: 413428
	404  -  MemoryUsage of job (MB)
	413000  -  ResidentSetSize of job (KB)
...
006 (3866184.000.000) 04/29 09:32:34 Image size of job updated: 415620
	404  -  MemoryUsage of job (MB)
	413092  -  ResidentSetSize of job (KB)
...
006 (3866184.000.000) 04/29 09:52:35 Image size of job updated: 415620
	405  -  MemoryUsage of job (MB)
	413732  -  ResidentSetSize of job (KB)
...
006 (3866184.000.000) 04/29 10:12:35 Image size of job updated: 415620
	405  -  MemoryUsage of job (MB)
	413900  -  ResidentSetSize of job (KB)
...
005 (3866184.000.000) 04/29 10:20:54 Job terminated.
	(1) Normal termination (return value 0)
		Usr 0 00:34:50, Sys 0 00:01:51  -  Run Remote Usage
		Usr 0 00:00:00, Sys 0 00:00:00  -  Run Local Usage
		Usr 0 00:34:50, Sys 0 00:01:51  -  Total Remote Usage
		Usr 0 00:00:00, Sys 0 00:00:00  -  Total Local Usage
	745219264  -  Run Bytes Sent By Job
	218237  -  Run Bytes Received By Job
	745219264  -  Total Bytes Sent By Job
	218237  -  Total Bytes Received By Job
	Partitionable Resources :     Usage  Request Allocated 
	   Cpus                 :      0.31        1         1 
	   Disk (KB)            : 728029     2048000  18986969 
	   Memory (MB)          :    405        1992      2048 
...
