000 (5990612.000.000) 06/26 02:23:27 Job submitted from host: <144.92.181.245:9618?addrs=144.92.181.245-9618+[2607-f388-101c-1000--372]-9618&noUDP&sock=3375869_eb73_3>
...
001 (5990612.000.000) 06/26 02:28:09 Job executing on host: <144.92.181.232:9618?addrs=144.92.181.232-9618+[2607-f388-101c-1000--629]-9618&noUDP&sock=2463_fdda_3>
...
006 (5990612.000.000) 06/26 02:28:18 Image size of job updated: 324568
	234  -  MemoryUsage of job (MB)
	239056  -  ResidentSetSize of job (KB)
...
005 (5990612.000.000) 06/26 02:33:24 Job terminated.
	(1) Normal termination (return value 0)
		Usr 0 00:04:19, Sys 0 00:00:09  -  Run Remote Usage
		Usr 0 00:00:00, Sys 0 00:00:00  -  Run Local Usage
		Usr 0 00:04:19, Sys 0 00:00:09  -  Total Remote Usage
		Usr 0 00:00:00, Sys 0 00:00:00  -  Total Local Usage
	59338  -  Run Bytes Sent By Job
	8650365  -  Run Bytes Received By Job
	59338  -  Total Bytes Sent By Job
	8650365  -  Total Bytes Received By Job
	Partitionable Resources :    Usage  Request Allocated 
	   Cpus                 :     0.86        1         1 
	   Disk (KB)            :  8566     2048000  18504861 
	   Memory (MB)          :   234        1992      2048 
...
