000 (5990580.000.000) 06/26 02:22:56 Job submitted from host: <144.92.181.245:9618?addrs=144.92.181.245-9618+[2607-f388-101c-1000--372]-9618&noUDP&sock=3375869_eb73_3>
...
001 (5990580.000.000) 06/26 02:25:39 Job executing on host: <144.92.181.232:9618?addrs=144.92.181.232-9618+[2607-f388-101c-1000--629]-9618&noUDP&sock=2463_fdda_3>
...
006 (5990580.000.000) 06/26 02:25:48 Image size of job updated: 204160
	198  -  MemoryUsage of job (MB)
	202244  -  ResidentSetSize of job (KB)
...
005 (5990580.000.000) 06/26 02:29:21 Job terminated.
	(1) Normal termination (return value 0)
		Usr 0 00:02:44, Sys 0 00:00:07  -  Run Remote Usage
		Usr 0 00:00:00, Sys 0 00:00:00  -  Run Local Usage
		Usr 0 00:02:44, Sys 0 00:00:07  -  Total Remote Usage
		Usr 0 00:00:00, Sys 0 00:00:00  -  Total Local Usage
	65304  -  Run Bytes Sent By Job
	8650342  -  Run Bytes Received By Job
	65304  -  Total Bytes Sent By Job
	8650342  -  Total Bytes Received By Job
	Partitionable Resources :    Usage  Request Allocated 
	   Cpus                 :     0.80        1         1 
	   Disk (KB)            :  8573     2048000  18504861 
	   Memory (MB)          :   198        1992      2048 
...
