000 (5990564.000.000) 06/26 02:22:46 Job submitted from host: <144.92.181.245:9618?addrs=144.92.181.245-9618+[2607-f388-101c-1000--372]-9618&noUDP&sock=3375869_eb73_3>
...
001 (5990564.000.000) 06/26 02:25:19 Job executing on host: <144.92.181.241:9618?addrs=144.92.181.241-9618+[2607-f388-101c-1000--217]-9618&noUDP&sock=2417_707f_3>
...
006 (5990564.000.000) 06/26 02:25:27 Image size of job updated: 2264
	1  -  MemoryUsage of job (MB)
	12  -  ResidentSetSize of job (KB)
...
005 (5990564.000.000) 06/26 02:25:27 Job terminated.
	(1) Normal termination (return value 0)
		Usr 0 00:00:04, Sys 0 00:00:00  -  Run Remote Usage
		Usr 0 00:00:00, Sys 0 00:00:00  -  Run Local Usage
		Usr 0 00:00:04, Sys 0 00:00:00  -  Total Remote Usage
		Usr 0 00:00:00, Sys 0 00:00:00  -  Total Local Usage
	62646  -  Run Bytes Sent By Job
	8650351  -  Run Bytes Received By Job
	62646  -  Total Bytes Sent By Job
	8650351  -  Total Bytes Received By Job
	Partitionable Resources :    Usage  Request Allocated 
	   Cpus                 :     0.86        1         1 
	   Disk (KB)            :  8571     2048000  18507741 
	   Memory (MB)          :     1        1992      2048 
...
