000 (5990540.000.000) 06/26 02:22:28 Job submitted from host: <144.92.181.245:9618?addrs=144.92.181.245-9618+[2607-f388-101c-1000--372]-9618&noUDP&sock=3375869_eb73_3>
...
001 (5990540.000.000) 06/26 02:24:26 Job executing on host: <144.92.180.39:9618?addrs=144.92.180.39-9618+[2607-f388-101c-1000--629]-9618&noUDP&sock=2460_ef11_3>
...
006 (5990540.000.000) 06/26 02:24:34 Image size of job updated: 298692
	188  -  MemoryUsage of job (MB)
	192096  -  ResidentSetSize of job (KB)
...
005 (5990540.000.000) 06/26 02:25:10 Job terminated.
	(1) Normal termination (return value 0)
		Usr 0 00:00:27, Sys 0 00:00:01  -  Run Remote Usage
		Usr 0 00:00:00, Sys 0 00:00:00  -  Run Local Usage
		Usr 0 00:00:27, Sys 0 00:00:01  -  Total Remote Usage
		Usr 0 00:00:00, Sys 0 00:00:00  -  Total Local Usage
	62100  -  Run Bytes Sent By Job
	8650375  -  Run Bytes Received By Job
	62100  -  Total Bytes Sent By Job
	8650375  -  Total Bytes Received By Job
	Partitionable Resources :    Usage  Request Allocated 
	   Cpus                 :     0.64        1         1 
	   Disk (KB)            :  8571     2048000  18345259 
	   Memory (MB)          :   188        1992      2048 
...
