000 (5990602.000.000) 06/26 02:23:21 Job submitted from host: <144.92.181.245:9618?addrs=144.92.181.245-9618+[2607-f388-101c-1000--372]-9618&noUDP&sock=3375869_eb73_3>
...
001 (5990602.000.000) 06/26 02:27:03 Job executing on host: <128.104.227.90:9618?addrs=128.104.227.90-9618+[2607-f388-101c-1000--629]-9618&noUDP&sock=4105_445c_3>
...
006 (5990602.000.000) 06/26 02:27:12 Image size of job updated: 357308
	244  -  MemoryUsage of job (MB)
	249584  -  ResidentSetSize of job (KB)
...
005 (5990602.000.000) 06/26 02:29:03 Job terminated.
	(1) Normal termination (return value 0)
		Usr 0 00:01:27, Sys 0 00:00:03  -  Run Remote Usage
		Usr 0 00:00:00, Sys 0 00:00:00  -  Run Local Usage
		Usr 0 00:01:27, Sys 0 00:00:03  -  Total Remote Usage
		Usr 0 00:00:00, Sys 0 00:00:00  -  Total Local Usage
	55088  -  Run Bytes Sent By Job
	8650365  -  Run Bytes Received By Job
	55088  -  Total Bytes Sent By Job
	8650365  -  Total Bytes Received By Job
	Partitionable Resources :    Usage  Request Allocated 
	   Cpus                 :     0.72        1         1 
	   Disk (KB)            :  8564     2048000  18986916 
	   Memory (MB)          :   244        1992      2048 
...
