000 (5990596.000.000) 06/26 02:23:17 Job submitted from host: <144.92.181.245:9618?addrs=144.92.181.245-9618+[2607-f388-101c-1000--372]-9618&noUDP&sock=3375869_eb73_3>
...
001 (5990596.000.000) 06/26 02:26:16 Job executing on host: <144.92.180.69:9618?addrs=144.92.180.69-9618+[2607-f388-101c-1000--629]-9618&noUDP&sock=3036_059e_3>
...
006 (5990596.000.000) 06/26 02:26:24 Image size of job updated: 352740
	241  -  MemoryUsage of job (MB)
	246180  -  ResidentSetSize of job (KB)
...
005 (5990596.000.000) 06/26 02:27:26 Job terminated.
	(1) Normal termination (return value 0)
		Usr 0 00:00:51, Sys 0 00:00:02  -  Run Remote Usage
		Usr 0 00:00:00, Sys 0 00:00:00  -  Run Local Usage
		Usr 0 00:00:51, Sys 0 00:00:02  -  Total Remote Usage
		Usr 0 00:00:00, Sys 0 00:00:00  -  Total Local Usage
	55374  -  Run Bytes Sent By Job
	8650365  -  Run Bytes Received By Job
	55374  -  Total Bytes Sent By Job
	8650365  -  Total Bytes Received By Job
	Partitionable Resources :    Usage  Request Allocated 
	   Cpus                 :     0.81        1         1 
	   Disk (KB)            :  8564     2048000  18982061 
	   Memory (MB)          :   241        1992      2048 
...
