000 (5990556.000.000) 06/26 02:22:40 Job submitted from host: <144.92.181.245:9618?addrs=144.92.181.245-9618+[2607-f388-101c-1000--372]-9618&noUDP&sock=3375869_eb73_3>
...
001 (5990556.000.000) 06/26 02:25:03 Job executing on host: <144.92.180.39:9618?addrs=144.92.180.39-9618+[2607-f388-101c-1000--629]-9618&noUDP&sock=2460_ef11_3>
...
006 (5990556.000.000) 06/26 02:25:12 Image size of job updated: 301932
	191  -  MemoryUsage of job (MB)
	195476  -  ResidentSetSize of job (KB)
...
005 (5990556.000.000) 06/26 02:25:24 Job terminated.
	(1) Normal termination (return value 0)
		Usr 0 00:00:11, Sys 0 00:00:01  -  Run Remote Usage
		Usr 0 00:00:00, Sys 0 00:00:00  -  Run Local Usage
		Usr 0 00:00:11, Sys 0 00:00:01  -  Total Remote Usage
		Usr 0 00:00:00, Sys 0 00:00:00  -  Total Local Usage
	61987  -  Run Bytes Sent By Job
	8650372  -  Run Bytes Received By Job
	61987  -  Total Bytes Sent By Job
	8650372  -  Total Bytes Received By Job
	Partitionable Resources :    Usage  Request Allocated 
	   Cpus                 :     0.62        1         1 
	   Disk (KB)            :  8570     2048000  18345259 
	   Memory (MB)          :   191        1992      2048 
...
