000 (5990609.000.000) 06/26 02:23:25 Job submitted from host: <144.92.181.245:9618?addrs=144.92.181.245-9618+[2607-f388-101c-1000--372]-9618&noUDP&sock=3375869_eb73_3>
...
001 (5990609.000.000) 06/26 02:27:54 Job executing on host: <144.92.180.80:9618?addrs=144.92.180.80-9618+[2607-f388-101c-1000--629]-9618&noUDP&sock=3101_9b46_3>
...
006 (5990609.000.000) 06/26 02:28:03 Image size of job updated: 330560
	220  -  MemoryUsage of job (MB)
	224472  -  ResidentSetSize of job (KB)
...
005 (5990609.000.000) 06/26 02:31:30 Job terminated.
	(1) Normal termination (return value 0)
		Usr 0 00:02:39, Sys 0 00:00:05  -  Run Remote Usage
		Usr 0 00:00:00, Sys 0 00:00:00  -  Run Local Usage
		Usr 0 00:02:39, Sys 0 00:00:05  -  Total Remote Usage
		Usr 0 00:00:00, Sys 0 00:00:00  -  Total Local Usage
	55293  -  Run Bytes Sent By Job
	8650365  -  Run Bytes Received By Job
	55293  -  Total Bytes Sent By Job
	8650365  -  Total Bytes Received By Job
	Partitionable Resources :    Usage  Request Allocated 
	   Cpus                 :     0.80        1         1 
	   Disk (KB)            :  8564     2048000  18997074 
	   Memory (MB)          :   220        1992      2048 
...
