000 (5990486.000.000) 06/26 02:21:54 Job submitted from host: <144.92.181.245:9618?addrs=144.92.181.245-9618+[2607-f388-101c-1000--372]-9618&noUDP&sock=3375869_eb73_3>
...
001 (5990486.000.000) 06/26 02:22:39 Job executing on host: <144.92.180.39:9618?addrs=144.92.180.39-9618+[2607-f388-101c-1000--629]-9618&noUDP&sock=2460_ef11_3>
...
006 (5990486.000.000) 06/26 02:22:48 Image size of job updated: 142988
	38  -  MemoryUsage of job (MB)
	37924  -  ResidentSetSize of job (KB)
...
006 (5990486.000.000) 06/26 02:24:24 Image size of job updated: 520204
	38  -  MemoryUsage of job (MB)
	37924  -  ResidentSetSize of job (KB)
...
005 (5990486.000.000) 06/26 02:24:24 Job terminated.
	(1) Normal termination (return value 0)
		Usr 0 00:00:58, Sys 0 00:00:02  -  Run Remote Usage
		Usr 0 00:00:00, Sys 0 00:00:00  -  Run Local Usage
		Usr 0 00:00:58, Sys 0 00:00:02  -  Total Remote Usage
		Usr 0 00:00:00, Sys 0 00:00:00  -  Total Local Usage
	119327  -  Run Bytes Sent By Job
	8650390  -  Run Bytes Received By Job
	119327  -  Total Bytes Sent By Job
	8650390  -  Total Bytes Received By Job
	Partitionable Resources :    Usage  Request Allocated 
	   Cpus                 :     0.64        1         1 
	   Disk (KB)            :  8624     2048000  18345259 
	   Memory (MB)          :    38        1992      2048 
...
