000 (5990571.000.000) 06/26 02:22:50 Job submitted from host: <144.92.181.245:9618?addrs=144.92.181.245-9618+[2607-f388-101c-1000--372]-9618&noUDP&sock=3375869_eb73_3>
...
001 (5990571.000.000) 06/26 02:25:29 Job executing on host: <144.92.181.87:9618?addrs=144.92.181.87-9618+[2607-f388-101c-1000--629]-9618&noUDP&sock=2451_c2b7_3>
...
006 (5990571.000.000) 06/26 02:25:33 Image size of job updated: 2228
	1  -  MemoryUsage of job (MB)
	32  -  ResidentSetSize of job (KB)
...
005 (5990571.000.000) 06/26 02:25:34 Job terminated.
	(1) Normal termination (return value 0)
		Usr 0 00:00:01, Sys 0 00:00:00  -  Run Remote Usage
		Usr 0 00:00:00, Sys 0 00:00:00  -  Run Local Usage
		Usr 0 00:00:01, Sys 0 00:00:00  -  Total Remote Usage
		Usr 0 00:00:00, Sys 0 00:00:00  -  Total Local Usage
	8846  -  Run Bytes Sent By Job
	8650387  -  Run Bytes Received By Job
	8846  -  Total Bytes Sent By Job
	8650387  -  Total Bytes Received By Job
	Partitionable Resources :    Usage  Request Allocated 
	   Cpus                 :     0.09        1         1 
	   Disk (KB)            :  8518     2048000  18514405 
	   Memory (MB)          :     1        1992      2048 
...
