000 (5990521.000.000) 06/26 02:22:16 Job submitted from host: <144.92.181.245:9618?addrs=144.92.181.245-9618+[2607-f388-101c-1000--372]-9618&noUDP&sock=3375869_eb73_3>
...
001 (5990521.000.000) 06/26 02:24:00 Job executing on host: <144.92.181.74:9618?addrs=144.92.181.74-9618+[2607-f388-101c-1000--629]-9618&noUDP&sock=2458_8fe1_3>
...
006 (5990521.000.000) 06/26 02:24:08 Image size of job updated: 309832
	199  -  MemoryUsage of job (MB)
	203496  -  ResidentSetSize of job (KB)
...
005 (5990521.000.000) 06/26 02:27:36 Job terminated.
	(1) Normal termination (return value 0)
		Usr 0 00:02:11, Sys 0 00:00:06  -  Run Remote Usage
		Usr 0 00:00:00, Sys 0 00:00:00  -  Run Local Usage
		Usr 0 00:02:11, Sys 0 00:00:06  -  Total Remote Usage
		Usr 0 00:00:00, Sys 0 00:00:00  -  Total Local Usage
	72034  -  Run Bytes Sent By Job
	8650426  -  Run Bytes Received By Job
	72034  -  Total Bytes Sent By Job
	8650426  -  Total Bytes Received By Job
	Partitionable Resources :    Usage  Request Allocated 
	   Cpus                 :     0.65        1         1 
	   Disk (KB)            :  8580     2048000  18508396 
	   Memory (MB)          :   199        1992      2048 
...
