000 (5990494.000.000) 06/26 02:21:58 Job submitted from host: <144.92.181.245:9618?addrs=144.92.181.245-9618+[2607-f388-101c-1000--372]-9618&noUDP&sock=3375869_eb73_3>
...
001 (5990494.000.000) 06/26 02:22:40 Job executing on host: <144.92.181.86:9618?addrs=144.92.181.86-9618+[2607-f388-101c-1000--629]-9618&noUDP&sock=2458_8fe1_3>
...
006 (5990494.000.000) 06/26 02:22:48 Image size of job updated: 307100
	195  -  MemoryUsage of job (MB)
	198672  -  ResidentSetSize of job (KB)
...
005 (5990494.000.000) 06/26 02:25:16 Job terminated.
	(1) Normal termination (return value 0)
		Usr 0 00:01:54, Sys 0 00:00:04  -  Run Remote Usage
		Usr 0 00:00:00, Sys 0 00:00:00  -  Run Local Usage
		Usr 0 00:01:54, Sys 0 00:00:04  -  Total Remote Usage
		Usr 0 00:00:00, Sys 0 00:00:00  -  Total Local Usage
	132186  -  Run Bytes Sent By Job
	8650390  -  Run Bytes Received By Job
	132186  -  Total Bytes Sent By Job
	8650390  -  Total Bytes Received By Job
	Partitionable Resources :    Usage  Request Allocated 
	   Cpus                 :     0.82        1         1 
	   Disk (KB)            :  8639     2048000  18498388 
	   Memory (MB)          :   195        1992      2048 
...
