000 (5990504.000.000) 06/26 02:22:05 Job submitted from host: <144.92.181.245:9618?addrs=144.92.181.245-9618+[2607-f388-101c-1000--372]-9618&noUDP&sock=3375869_eb73_3>
...
001 (5990504.000.000) 06/26 02:23:08 Job executing on host: <144.92.181.241:9618?addrs=144.92.181.241-9618+[2607-f388-101c-1000--217]-9618&noUDP&sock=2417_707f_3>
...
006 (5990504.000.000) 06/26 02:23:16 Image size of job updated: 247368
	192  -  MemoryUsage of job (MB)
	195708  -  ResidentSetSize of job (KB)
...
005 (5990504.000.000) 06/26 02:24:10 Job terminated.
	(1) Normal termination (return value 0)
		Usr 0 00:00:42, Sys 0 00:00:02  -  Run Remote Usage
		Usr 0 00:00:00, Sys 0 00:00:00  -  Run Local Usage
		Usr 0 00:00:42, Sys 0 00:00:02  -  Total Remote Usage
		Usr 0 00:00:00, Sys 0 00:00:00  -  Total Local Usage
	131682  -  Run Bytes Sent By Job
	8650411  -  Run Bytes Received By Job
	131682  -  Total Bytes Sent By Job
	8650411  -  Total Bytes Received By Job
	Partitionable Resources :    Usage  Request Allocated 
	   Cpus                 :     0.75        1         1 
	   Disk (KB)            :  8638     2048000  18507741 
	   Memory (MB)          :   192        1992      2048 
...
