000 (5990573.000.000) 06/26 02:22:52 Job submitted from host: <144.92.181.245:9618?addrs=144.92.181.245-9618+[2607-f388-101c-1000--372]-9618&noUDP&sock=3375869_eb73_3>
...
001 (5990573.000.000) 06/26 02:25:33 Job executing on host: <144.92.180.81:9618?addrs=144.92.180.81-9618+[2607-f388-101c-1000--629]-9618&noUDP&sock=3120_a393_3>
...
006 (5990573.000.000) 06/26 02:25:40 Image size of job updated: 1824
	1  -  MemoryUsage of job (MB)
	16  -  ResidentSetSize of job (KB)
...
005 (5990573.000.000) 06/26 02:25:40 Job terminated.
	(1) Normal termination (return value 0)
		Usr 0 00:00:03, Sys 0 00:00:01  -  Run Remote Usage
		Usr 0 00:00:00, Sys 0 00:00:00  -  Run Local Usage
		Usr 0 00:00:03, Sys 0 00:00:01  -  Total Remote Usage
		Usr 0 00:00:00, Sys 0 00:00:00  -  Total Local Usage
	38430  -  Run Bytes Sent By Job
	8650387  -  Run Bytes Received By Job
	38430  -  Total Bytes Sent By Job
	8650387  -  Total Bytes Received By Job
	Partitionable Resources :    Usage  Request Allocated 
	   Cpus                 :        0        1         1 
	   Disk (KB)            :     8545  2048000  18516915 
	   Memory (MB)          :        1     1992      2048 
...
