000 (5990490.000.000) 06/26 02:21:56 Job submitted from host: <144.92.181.245:9618?addrs=144.92.181.245-9618+[2607-f388-101c-1000--372]-9618&noUDP&sock=3375869_eb73_3>
...
001 (5990490.000.000) 06/26 02:22:39 Job executing on host: <144.92.181.69:9618?addrs=144.92.181.69-9618+[2607-f388-101c-1000--629]-9618&noUDP&sock=2424_3da8_3>
...
006 (5990490.000.000) 06/26 02:22:48 Image size of job updated: 279760
	168  -  MemoryUsage of job (MB)
	171336  -  ResidentSetSize of job (KB)
...
006 (5990490.000.000) 06/26 02:24:41 Image size of job updated: 279760
	169  -  MemoryUsage of job (MB)
	172160  -  ResidentSetSize of job (KB)
...
005 (5990490.000.000) 06/26 02:24:42 Job terminated.
	(1) Normal termination (return value 0)
		Usr 0 00:01:25, Sys 0 00:00:04  -  Run Remote Usage
		Usr 0 00:00:00, Sys 0 00:00:00  -  Run Local Usage
		Usr 0 00:01:25, Sys 0 00:00:04  -  Total Remote Usage
		Usr 0 00:00:00, Sys 0 00:00:00  -  Total Local Usage
	122621  -  Run Bytes Sent By Job
	8650390  -  Run Bytes Received By Job
	122621  -  Total Bytes Sent By Job
	8650390  -  Total Bytes Received By Job
	Partitionable Resources :    Usage  Request Allocated 
	   Cpus                 :     0.75        1         1 
	   Disk (KB)            :  8627     2048000  18505026 
	   Memory (MB)          :   169        1992      2048 
...
