000 (5990584.000.000) 06/26 02:22:59 Job submitted from host: <144.92.181.245:9618?addrs=144.92.181.245-9618+[2607-f388-101c-1000--372]-9618&noUDP&sock=3375869_eb73_3>
...
001 (5990584.000.000) 06/26 02:25:42 Job executing on host: <144.92.181.71:9618?addrs=144.92.181.71-9618+[2607-f388-101c-1000--629]-9618&noUDP&sock=2519_6728_3>
...
006 (5990584.000.000) 06/26 02:25:51 Image size of job updated: 308320
	198  -  MemoryUsage of job (MB)
	201860  -  ResidentSetSize of job (KB)
...
005 (5990584.000.000) 06/26 02:29:28 Job terminated.
	(1) Normal termination (return value 0)
		Usr 0 00:02:40, Sys 0 00:00:06  -  Run Remote Usage
		Usr 0 00:00:00, Sys 0 00:00:00  -  Run Local Usage
		Usr 0 00:02:40, Sys 0 00:00:06  -  Total Remote Usage
		Usr 0 00:00:00, Sys 0 00:00:00  -  Total Local Usage
	66940  -  Run Bytes Sent By Job
	8650360  -  Run Bytes Received By Job
	66940  -  Total Bytes Sent By Job
	8650360  -  Total Bytes Received By Job
	Partitionable Resources :    Usage  Request Allocated 
	   Cpus                 :     0.73        1         1 
	   Disk (KB)            :  8575     2048000  18513208 
	   Memory (MB)          :   198        1992      2048 
...
