000 (5990512.000.000) 06/26 02:22:10 Job submitted from host: <144.92.181.245:9618?addrs=144.92.181.245-9618+[2607-f388-101c-1000--372]-9618&noUDP&sock=3375869_eb73_3>
...
001 (5990512.000.000) 06/26 02:23:11 Job executing on host: <144.92.181.74:9618?addrs=144.92.181.74-9618+[2607-f388-101c-1000--629]-9618&noUDP&sock=2458_8fe1_3>
...
006 (5990512.000.000) 06/26 02:23:12 Image size of job updated: 180
	1  -  MemoryUsage of job (MB)
	12  -  ResidentSetSize of job (KB)
...
004 (5990512.000.000) 06/26 02:23:12 Job was evicted.
	(0) Job terminated and was requeued
		Usr 0 00:00:00, Sys 0 00:00:00  -  Run Remote Usage
		Usr 0 00:00:00, Sys 0 00:00:00  -  Run Local Usage
	104  -  Run Bytes Sent By Job
	7828884  -  Run Bytes Received By Job
	(1) Normal termination (return value 126)
	The job attribute OnExitRemove expression '(ExitBySignal == false && (ExitCode == 0 || ExitCode == 42 || NumJobStarts > 3))' evaluated to FALSE
...
001 (5990512.000.000) 06/26 02:23:21 Job executing on host: <144.92.181.241:9618?addrs=144.92.181.241-9618+[2607-f388-101c-1000--217]-9618&noUDP&sock=2417_707f_3>
...
006 (5990512.000.000) 06/26 02:23:30 Image size of job updated: 301192
	188  -  MemoryUsage of job (MB)
	192308  -  ResidentSetSize of job (KB)
...
005 (5990512.000.000) 06/26 02:24:56 Job terminated.
	(1) Normal termination (return value 0)
		Usr 0 00:01:02, Sys 0 00:00:03  -  Run Remote Usage
		Usr 0 00:00:00, Sys 0 00:00:00  -  Run Local Usage
		Usr 0 00:01:02, Sys 0 00:00:03  -  Total Remote Usage
		Usr 0 00:00:00, Sys 0 00:00:00  -  Total Local Usage
	67236  -  Run Bytes Sent By Job
	8650420  -  Run Bytes Received By Job
	67340  -  Total Bytes Sent By Job
	16479304  -  Total Bytes Received By Job
	Partitionable Resources :    Usage  Request Allocated 
	   Cpus                 :     0.71        1         1 
	   Disk (KB)            :  8576     2048000  18507741 
	   Memory (MB)          :   188        1992      2048 
...
