000 (5990501.000.000) 06/26 02:22:03 Job submitted from host: <144.92.181.245:9618?addrs=144.92.181.245-9618+[2607-f388-101c-1000--372]-9618&noUDP&sock=3375869_eb73_3>
...
001 (5990501.000.000) 06/26 02:23:07 Job executing on host: <128.104.227.72:9618?addrs=128.104.227.72-9618+[2607-f388-101c-1000--629]-9618&noUDP&sock=3282_c1ea_3>
...
006 (5990501.000.000) 06/26 02:23:16 Image size of job updated: 306988
	197  -  MemoryUsage of job (MB)
	201308  -  ResidentSetSize of job (KB)
...
005 (5990501.000.000) 06/26 02:23:59 Job terminated.
	(1) Normal termination (return value 0)
		Usr 0 00:00:30, Sys 0 00:00:01  -  Run Remote Usage
		Usr 0 00:00:00, Sys 0 00:00:00  -  Run Local Usage
		Usr 0 00:00:30, Sys 0 00:00:01  -  Total Remote Usage
		Usr 0 00:00:00, Sys 0 00:00:00  -  Total Local Usage
	119369  -  Run Bytes Sent By Job
	8650411  -  Run Bytes Received By Job
	119369  -  Total Bytes Sent By Job
	8650411  -  Total Bytes Received By Job
	Partitionable Resources :    Usage  Request Allocated 
	   Cpus                 :     0.69        1         1 
	   Disk (KB)            :  8627     2048000  18990454 
	   Memory (MB)          :   197        1992      2048 
...
