000 (5990558.000.000) 06/26 02:22:42 Job submitted from host: <144.92.181.245:9618?addrs=144.92.181.245-9618+[2607-f388-101c-1000--372]-9618&noUDP&sock=3375869_eb73_3>
...
001 (5990558.000.000) 06/26 02:25:06 Job executing on host: <128.104.227.90:9618?addrs=128.104.227.90-9618+[2607-f388-101c-1000--629]-9618&noUDP&sock=4105_445c_3>
...
006 (5990558.000.000) 06/26 02:25:15 Image size of job updated: 305160
	194  -  MemoryUsage of job (MB)
	197912  -  ResidentSetSize of job (KB)
...
005 (5990558.000.000) 06/26 02:27:02 Job terminated.
	(1) Normal termination (return value 0)
		Usr 0 00:01:11, Sys 0 00:00:02  -  Run Remote Usage
		Usr 0 00:00:00, Sys 0 00:00:00  -  Run Local Usage
		Usr 0 00:01:11, Sys 0 00:00:02  -  Total Remote Usage
		Usr 0 00:00:00, Sys 0 00:00:00  -  Total Local Usage
	64519  -  Run Bytes Sent By Job
	8650393  -  Run Bytes Received By Job
	64519  -  Total Bytes Sent By Job
	8650393  -  Total Bytes Received By Job
	Partitionable Resources :    Usage  Request Allocated 
	   Cpus                 :     0.62        1         1 
	   Disk (KB)            :  8573     2048000  18986916 
	   Memory (MB)          :   194        1992      2048 
...
