000 (5990589.000.000) 06/26 02:23:12 Job submitted from host: <144.92.181.245:9618?addrs=144.92.181.245-9618+[2607-f388-101c-1000--372]-9618&noUDP&sock=3375869_eb73_3>
...
001 (5990589.000.000) 06/26 02:25:50 Job executing on host: <144.92.181.74:9618?addrs=144.92.181.74-9618+[2607-f388-101c-1000--629]-9618&noUDP&sock=2458_8fe1_3>
...
006 (5990589.000.000) 06/26 02:25:59 Image size of job updated: 243604
	237  -  MemoryUsage of job (MB)
	242232  -  ResidentSetSize of job (KB)
...
005 (5990589.000.000) 06/26 02:30:52 Job terminated.
	(1) Normal termination (return value 0)
		Usr 0 00:03:38, Sys 0 00:00:09  -  Run Remote Usage
		Usr 0 00:00:00, Sys 0 00:00:00  -  Run Local Usage
		Usr 0 00:03:38, Sys 0 00:00:09  -  Total Remote Usage
		Usr 0 00:00:00, Sys 0 00:00:00  -  Total Local Usage
	57391  -  Run Bytes Sent By Job
	8650365  -  Run Bytes Received By Job
	57391  -  Total Bytes Sent By Job
	8650365  -  Total Bytes Received By Job
	Partitionable Resources :    Usage  Request Allocated 
	   Cpus                 :     0.81        1         1 
	   Disk (KB)            :  8564     2048000  18508396 
	   Memory (MB)          :   237        1992      2048 
...
