000 (5990614.000.000) 06/26 02:23:28 Job submitted from host: <144.92.181.245:9618?addrs=144.92.181.245-9618+[2607-f388-101c-1000--372]-9618&noUDP&sock=3375869_eb73_3>
...
001 (5990614.000.000) 06/26 02:28:51 Job executing on host: <144.92.180.39:9618?addrs=144.92.180.39-9618+[2607-f388-101c-1000--629]-9618&noUDP&sock=2460_ef11_3>
...
006 (5990614.000.000) 06/26 02:29:00 Image size of job updated: 333204
	221  -  MemoryUsage of job (MB)
	225876  -  ResidentSetSize of job (KB)
...
005 (5990614.000.000) 06/26 02:32:46 Job terminated.
	(1) Normal termination (return value 0)
		Usr 0 00:02:55, Sys 0 00:00:05  -  Run Remote Usage
		Usr 0 00:00:00, Sys 0 00:00:00  -  Run Local Usage
		Usr 0 00:02:55, Sys 0 00:00:05  -  Total Remote Usage
		Usr 0 00:00:00, Sys 0 00:00:00  -  Total Local Usage
	55102  -  Run Bytes Sent By Job
	8650365  -  Run Bytes Received By Job
	55102  -  Total Bytes Sent By Job
	8650365  -  Total Bytes Received By Job
	Partitionable Resources :    Usage  Request Allocated 
	   Cpus                 :     0.80        1         1 
	   Disk (KB)            :  8562     2048000  18345259 
	   Memory (MB)          :   221        1992      2048 
...
