000 (5990597.000.000) 06/26 02:23:17 Job submitted from host: <144.92.181.245:9618?addrs=144.92.181.245-9618+[2607-f388-101c-1000--372]-9618&noUDP&sock=3375869_eb73_3>
...
001 (5990597.000.000) 06/26 02:26:16 Job executing on host: <144.92.181.65:9618?addrs=144.92.181.65-9618+[2607-f388-101c-1000--629]-9618&noUDP&sock=3116_e532_3>
...
006 (5990597.000.000) 06/26 02:26:24 Image size of job updated: 373068
	261  -  MemoryUsage of job (MB)
	266788  -  ResidentSetSize of job (KB)
...
005 (5990597.000.000) 06/26 02:28:05 Job terminated.
	(1) Normal termination (return value 0)
		Usr 0 00:01:17, Sys 0 00:00:04  -  Run Remote Usage
		Usr 0 00:00:00, Sys 0 00:00:00  -  Run Local Usage
		Usr 0 00:01:17, Sys 0 00:00:04  -  Total Remote Usage
		Usr 0 00:00:00, Sys 0 00:00:00  -  Total Local Usage
	55211  -  Run Bytes Sent By Job
	8650365  -  Run Bytes Received By Job
	55211  -  Total Bytes Sent By Job
	8650365  -  Total Bytes Received By Job
	Partitionable Resources :    Usage  Request Allocated 
	   Cpus                 :     0.85        1         1 
	   Disk (KB)            :  8562     2048000  18996674 
	   Memory (MB)          :   261        1992      2048 
...
