000 (5990608.000.000) 06/26 02:23:24 Job submitted from host: <144.92.181.245:9618?addrs=144.92.181.245-9618+[2607-f388-101c-1000--372]-9618&noUDP&sock=3375869_eb73_3>
...
001 (5990608.000.000) 06/26 02:27:54 Job executing on host: <128.104.227.114:9618?addrs=128.104.227.114-9618+[2607-f388-101c-1000--63]-9618&noUDP&sock=3942_766c_3>
...
006 (5990608.000.000) 06/26 02:28:03 Image size of job updated: 345008
	233  -  MemoryUsage of job (MB)
	238376  -  ResidentSetSize of job (KB)
...
005 (5990608.000.000) 06/26 02:31:55 Job terminated.
	(1) Normal termination (return value 0)
		Usr 0 00:02:43, Sys 0 00:00:09  -  Run Remote Usage
		Usr 0 00:00:00, Sys 0 00:00:00  -  Run Local Usage
		Usr 0 00:02:43, Sys 0 00:00:09  -  Total Remote Usage
		Usr 0 00:00:00, Sys 0 00:00:00  -  Total Local Usage
	55266  -  Run Bytes Sent By Job
	8650365  -  Run Bytes Received By Job
	55266  -  Total Bytes Sent By Job
	8650365  -  Total Bytes Received By Job
	Partitionable Resources :    Usage  Request Allocated 
	   Cpus                 :     0.68        1         1 
	   Disk (KB)            :  8564     2048000  18990104 
	   Memory (MB)          :   233        1992      2048 
...
