000 (5990583.000.000) 06/26 02:22:58 Job submitted from host: <144.92.181.245:9618?addrs=144.92.181.245-9618+[2607-f388-101c-1000--372]-9618&noUDP&sock=3375869_eb73_3>
...
001 (5990583.000.000) 06/26 02:25:41 Job executing on host: <144.92.180.81:9618?addrs=144.92.180.81-9618+[2607-f388-101c-1000--629]-9618&noUDP&sock=3120_a393_3>
...
006 (5990583.000.000) 06/26 02:25:51 Image size of job updated: 312420
	201  -  MemoryUsage of job (MB)
	205740  -  ResidentSetSize of job (KB)
...
005 (5990583.000.000) 06/26 02:29:18 Job terminated.
	(1) Normal termination (return value 0)
		Usr 0 00:02:37, Sys 0 00:00:07  -  Run Remote Usage
		Usr 0 00:00:00, Sys 0 00:00:00  -  Run Local Usage
		Usr 0 00:02:37, Sys 0 00:00:07  -  Total Remote Usage
		Usr 0 00:00:00, Sys 0 00:00:00  -  Total Local Usage
	67119  -  Run Bytes Sent By Job
	8650360  -  Run Bytes Received By Job
	67119  -  Total Bytes Sent By Job
	8650360  -  Total Bytes Received By Job
	Partitionable Resources :    Usage  Request Allocated 
	   Cpus                 :     0.84        1         1 
	   Disk (KB)            :  8573     2048000  18516915 
	   Memory (MB)          :   201        1992      2048 
...
