000 (5990561.000.000) 06/26 02:22:44 Job submitted from host: <144.92.181.245:9618?addrs=144.92.181.245-9618+[2607-f388-101c-1000--372]-9618&noUDP&sock=3375869_eb73_3>
...
001 (5990561.000.000) 06/26 02:25:12 Job executing on host: <144.92.180.39:9618?addrs=144.92.180.39-9618+[2607-f388-101c-1000--629]-9618&noUDP&sock=2460_ef11_3>
...
006 (5990561.000.000) 06/26 02:25:21 Image size of job updated: 339892
	227  -  MemoryUsage of job (MB)
	231744  -  ResidentSetSize of job (KB)
...
005 (5990561.000.000) 06/26 02:26:10 Job terminated.
	(1) Normal termination (return value 0)
		Usr 0 00:00:38, Sys 0 00:00:02  -  Run Remote Usage
		Usr 0 00:00:00, Sys 0 00:00:00  -  Run Local Usage
		Usr 0 00:00:38, Sys 0 00:00:02  -  Total Remote Usage
		Usr 0 00:00:00, Sys 0 00:00:00  -  Total Local Usage
	64103  -  Run Bytes Sent By Job
	8650348  -  Run Bytes Received By Job
	64103  -  Total Bytes Sent By Job
	8650348  -  Total Bytes Received By Job
	Partitionable Resources :    Usage  Request Allocated 
	   Cpus                 :     0.70        1         1 
	   Disk (KB)            :  8572     2048000  18345259 
	   Memory (MB)          :   227        1992      2048 
...
