000 (5990591.000.000) 06/26 02:23:13 Job submitted from host: <144.92.181.245:9618?addrs=144.92.181.245-9618+[2607-f388-101c-1000--372]-9618&noUDP&sock=3375869_eb73_3>
...
001 (5990591.000.000) 06/26 02:26:02 Job executing on host: <144.92.181.236:9618?addrs=144.92.181.236-9618+[2607-f388-101c-1000--629]-9618&noUDP&sock=2430_5b3a_3>
...
006 (5990591.000.000) 06/26 02:26:11 Image size of job updated: 364564
	252  -  MemoryUsage of job (MB)
	257180  -  ResidentSetSize of job (KB)
...
005 (5990591.000.000) 06/26 02:29:35 Job terminated.
	(1) Normal termination (return value 0)
		Usr 0 00:02:42, Sys 0 00:00:07  -  Run Remote Usage
		Usr 0 00:00:00, Sys 0 00:00:00  -  Run Local Usage
		Usr 0 00:02:42, Sys 0 00:00:07  -  Total Remote Usage
		Usr 0 00:00:00, Sys 0 00:00:00  -  Total Local Usage
	58588  -  Run Bytes Sent By Job
	8650365  -  Run Bytes Received By Job
	58588  -  Total Bytes Sent By Job
	8650365  -  Total Bytes Received By Job
	Partitionable Resources :    Usage  Request Allocated 
	   Cpus                 :     0.75        1         1 
	   Disk (KB)            :  8565     2048000  18510640 
	   Memory (MB)          :   252        1992      2048 
...
