000 (5990599.000.000) 06/26 02:23:19 Job submitted from host: <144.92.181.245:9618?addrs=144.92.181.245-9618+[2607-f388-101c-1000--372]-9618&noUDP&sock=3375869_eb73_3>
...
001 (5990599.000.000) 06/26 02:26:37 Job executing on host: <144.92.180.34:9618?addrs=144.92.180.34-9618+[2607-f388-101c-1000--629]-9618&noUDP&sock=2306_4d7b_3>
...
006 (5990599.000.000) 06/26 02:26:45 Image size of job updated: 357744
	245  -  MemoryUsage of job (MB)
	250488  -  ResidentSetSize of job (KB)
...
005 (5990599.000.000) 06/26 02:30:58 Job terminated.
	(1) Normal termination (return value 0)
		Usr 0 00:03:07, Sys 0 00:00:08  -  Run Remote Usage
		Usr 0 00:00:00, Sys 0 00:00:00  -  Run Local Usage
		Usr 0 00:03:07, Sys 0 00:00:08  -  Total Remote Usage
		Usr 0 00:00:00, Sys 0 00:00:00  -  Total Local Usage
	55293  -  Run Bytes Sent By Job
	8650365  -  Run Bytes Received By Job
	55293  -  Total Bytes Sent By Job
	8650365  -  Total Bytes Received By Job
	Partitionable Resources :    Usage  Request Allocated 
	   Cpus                 :     0.79        1         1 
	   Disk (KB)            :  8562     2048000  18354075 
	   Memory (MB)          :   245        1992      2048 
...
