000 (5990546.000.000) 06/26 02:22:32 Job submitted from host: <144.92.181.245:9618?addrs=144.92.181.245-9618+[2607-f388-101c-1000--372]-9618&noUDP&sock=3375869_eb73_3>
...
001 (5990546.000.000) 06/26 02:24:48 Job executing on host: <144.92.180.81:9618?addrs=144.92.180.81-9618+[2607-f388-101c-1000--629]-9618&noUDP&sock=3120_a393_3>
...
006 (5990546.000.000) 06/26 02:24:57 Image size of job updated: 301712
	176  -  MemoryUsage of job (MB)
	180056  -  ResidentSetSize of job (KB)
...
006 (5990546.000.000) 06/26 02:25:01 Image size of job updated: 301712
	177  -  MemoryUsage of job (MB)
	180744  -  ResidentSetSize of job (KB)
...
005 (5990546.000.000) 06/26 02:25:02 Job terminated.
	(1) Normal termination (return value 0)
		Usr 0 00:00:06, Sys 0 00:00:02  -  Run Remote Usage
		Usr 0 00:00:00, Sys 0 00:00:00  -  Run Local Usage
		Usr 0 00:00:06, Sys 0 00:00:02  -  Total Remote Usage
		Usr 0 00:00:00, Sys 0 00:00:00  -  Total Local Usage
	62304  -  Run Bytes Sent By Job
	8650375  -  Run Bytes Received By Job
	62304  -  Total Bytes Sent By Job
	8650375  -  Total Bytes Received By Job
	Partitionable Resources :    Usage  Request Allocated 
	   Cpus                 :        0        1         1 
	   Disk (KB)            :     8568  2048000  18516915 
	   Memory (MB)          :      177     1992      2048 
...
