000 (5990511.000.000) 06/26 02:22:09 Job submitted from host: <144.92.181.245:9618?addrs=144.92.181.245-9618+[2607-f388-101c-1000--372]-9618&noUDP&sock=3375869_eb73_3>
...
001 (5990511.000.000) 06/26 02:23:09 Job executing on host: <144.92.181.74:9618?addrs=144.92.181.74-9618+[2607-f388-101c-1000--629]-9618&noUDP&sock=2458_8fe1_3>
...
006 (5990511.000.000) 06/26 02:23:17 Image size of job updated: 255180
	191  -  MemoryUsage of job (MB)
	195004  -  ResidentSetSize of job (KB)
...
005 (5990511.000.000) 06/26 02:23:22 Job terminated.
	(1) Normal termination (return value 0)
		Usr 0 00:00:08, Sys 0 00:00:01  -  Run Remote Usage
		Usr 0 00:00:00, Sys 0 00:00:00  -  Run Local Usage
		Usr 0 00:00:08, Sys 0 00:00:01  -  Total Remote Usage
		Usr 0 00:00:00, Sys 0 00:00:00  -  Total Local Usage
	114554  -  Run Bytes Sent By Job
	8650396  -  Run Bytes Received By Job
	114554  -  Total Bytes Sent By Job
	8650396  -  Total Bytes Received By Job
	Partitionable Resources :    Usage  Request Allocated 
	   Cpus                 :     0.75        1         1 
	   Disk (KB)            :  8619     2048000  18508396 
	   Memory (MB)          :   191        1992      2048 
...
