000 (5990505.000.000) 06/26 02:22:06 Job submitted from host: <144.92.181.245:9618?addrs=144.92.181.245-9618+[2607-f388-101c-1000--372]-9618&noUDP&sock=3375869_eb73_3>
...
001 (5990505.000.000) 06/26 02:23:08 Job executing on host: <144.92.181.87:9618?addrs=144.92.181.87-9618+[2607-f388-101c-1000--629]-9618&noUDP&sock=2451_c2b7_3>
...
006 (5990505.000.000) 06/26 02:23:17 Image size of job updated: 276360
	191  -  MemoryUsage of job (MB)
	194844  -  ResidentSetSize of job (KB)
...
005 (5990505.000.000) 06/26 02:23:25 Job terminated.
	(1) Normal termination (return value 0)
		Usr 0 00:00:10, Sys 0 00:00:01  -  Run Remote Usage
		Usr 0 00:00:00, Sys 0 00:00:00  -  Run Local Usage
		Usr 0 00:00:10, Sys 0 00:00:01  -  Total Remote Usage
		Usr 0 00:00:00, Sys 0 00:00:00  -  Total Local Usage
	116242  -  Run Bytes Sent By Job
	8650411  -  Run Bytes Received By Job
	116242  -  Total Bytes Sent By Job
	8650411  -  Total Bytes Received By Job
	Partitionable Resources :    Usage  Request Allocated 
	   Cpus                 :        0        1         1 
	   Disk (KB)            :     8621  2048000  18514405 
	   Memory (MB)          :      191     1992      2048 
...
