000 (5990518.000.000) 06/26 02:22:14 Job submitted from host: <144.92.181.245:9618?addrs=144.92.181.245-9618+[2607-f388-101c-1000--372]-9618&noUDP&sock=3375869_eb73_3>
...
001 (5990518.000.000) 06/26 02:23:51 Job executing on host: <144.92.181.232:9618?addrs=144.92.181.232-9618+[2607-f388-101c-1000--629]-9618&noUDP&sock=2463_fdda_3>
...
006 (5990518.000.000) 06/26 02:24:00 Image size of job updated: 311212
	199  -  MemoryUsage of job (MB)
	203164  -  ResidentSetSize of job (KB)
...
005 (5990518.000.000) 06/26 02:24:34 Job terminated.
	(1) Normal termination (return value 0)
		Usr 0 00:00:30, Sys 0 00:00:02  -  Run Remote Usage
		Usr 0 00:00:00, Sys 0 00:00:00  -  Run Local Usage
		Usr 0 00:00:30, Sys 0 00:00:02  -  Total Remote Usage
		Usr 0 00:00:00, Sys 0 00:00:00  -  Total Local Usage
	64420  -  Run Bytes Sent By Job
	8650459  -  Run Bytes Received By Job
	64420  -  Total Bytes Sent By Job
	8650459  -  Total Bytes Received By Job
	Partitionable Resources :    Usage  Request Allocated 
	   Cpus                 :     0.77        1         1 
	   Disk (KB)            :  8573     2048000  18504861 
	   Memory (MB)          :   199        1992      2048 
...
