000 (5990566.000.000) 06/26 02:22:47 Job submitted from host: <144.92.181.245:9618?addrs=144.92.181.245-9618+[2607-f388-101c-1000--372]-9618&noUDP&sock=3375869_eb73_3>
...
001 (5990566.000.000) 06/26 02:25:21 Job executing on host: <144.92.180.34:9618?addrs=144.92.180.34-9618+[2607-f388-101c-1000--629]-9618&noUDP&sock=2306_4d7b_3>
...
006 (5990566.000.000) 06/26 02:25:30 Image size of job updated: 303304
	192  -  MemoryUsage of job (MB)
	196484  -  ResidentSetSize of job (KB)
...
005 (5990566.000.000) 06/26 02:28:32 Job terminated.
	(1) Normal termination (return value 0)
		Usr 0 00:01:56, Sys 0 00:00:05  -  Run Remote Usage
		Usr 0 00:00:00, Sys 0 00:00:00  -  Run Local Usage
		Usr 0 00:01:56, Sys 0 00:00:05  -  Total Remote Usage
		Usr 0 00:00:00, Sys 0 00:00:00  -  Total Local Usage
	65084  -  Run Bytes Sent By Job
	8650378  -  Run Bytes Received By Job
	65084  -  Total Bytes Sent By Job
	8650378  -  Total Bytes Received By Job
	Partitionable Resources :    Usage  Request Allocated 
	   Cpus                 :     0.64        1         1 
	   Disk (KB)            :  8573     2048000  18354075 
	   Memory (MB)          :   192        1992      2048 
...
