000 (5990598.000.000) 06/26 02:23:18 Job submitted from host: <144.92.181.245:9618?addrs=144.92.181.245-9618+[2607-f388-101c-1000--372]-9618&noUDP&sock=3375869_eb73_3>
...
001 (5990598.000.000) 06/26 02:26:17 Job executing on host: <128.104.227.50:9618?addrs=128.104.227.50-9618+[2607-f388-101c-1000--629]-9618&noUDP&sock=3439_7249_3>
...
006 (5990598.000.000) 06/26 02:26:26 Image size of job updated: 356984
	243  -  MemoryUsage of job (MB)
	248380  -  ResidentSetSize of job (KB)
...
005 (5990598.000.000) 06/26 02:29:57 Job terminated.
	(1) Normal termination (return value 0)
		Usr 0 00:02:46, Sys 0 00:00:05  -  Run Remote Usage
		Usr 0 00:00:00, Sys 0 00:00:00  -  Run Local Usage
		Usr 0 00:02:46, Sys 0 00:00:05  -  Total Remote Usage
		Usr 0 00:00:00, Sys 0 00:00:00  -  Total Local Usage
	55334  -  Run Bytes Sent By Job
	8650365  -  Run Bytes Received By Job
	55334  -  Total Bytes Sent By Job
	8650365  -  Total Bytes Received By Job
	Partitionable Resources :    Usage  Request Allocated 
	   Cpus                 :     0.79        1         1 
	   Disk (KB)            :  8564     2048000  18983509 
	   Memory (MB)          :   243        1992      2048 
...
