000 (5990548.000.000) 06/26 02:22:33 Job submitted from host: <144.92.181.245:9618?addrs=144.92.181.245-9618+[2607-f388-101c-1000--372]-9618&noUDP&sock=3375869_eb73_3>
...
001 (5990548.000.000) 06/26 02:24:53 Job executing on host: <144.92.181.87:9618?addrs=144.92.181.87-9618+[2607-f388-101c-1000--629]-9618&noUDP&sock=2451_c2b7_3>
...
006 (5990548.000.000) 06/26 02:25:02 Image size of job updated: 195176
	191  -  MemoryUsage of job (MB)
	194696  -  ResidentSetSize of job (KB)
...
005 (5990548.000.000) 06/26 02:27:11 Job terminated.
	(1) Normal termination (return value 0)
		Usr 0 00:01:26, Sys 0 00:00:04  -  Run Remote Usage
		Usr 0 00:00:00, Sys 0 00:00:00  -  Run Local Usage
		Usr 0 00:01:26, Sys 0 00:00:04  -  Total Remote Usage
		Usr 0 00:00:00, Sys 0 00:00:00  -  Total Local Usage
	67512  -  Run Bytes Sent By Job
	8650375  -  Run Bytes Received By Job
	67512  -  Total Bytes Sent By Job
	8650375  -  Total Bytes Received By Job
	Partitionable Resources :    Usage  Request Allocated 
	   Cpus                 :     0.62        1         1 
	   Disk (KB)            :  8576     2048000  18514405 
	   Memory (MB)          :   191        1992      2048 
...
