000 (5990588.000.000) 06/26 02:23:11 Job submitted from host: <144.92.181.245:9618?addrs=144.92.181.245-9618+[2607-f388-101c-1000--372]-9618&noUDP&sock=3375869_eb73_3>
...
001 (5990588.000.000) 06/26 02:25:49 Job executing on host: <144.92.181.69:9618?addrs=144.92.181.69-9618+[2607-f388-101c-1000--629]-9618&noUDP&sock=2424_3da8_3>
...
006 (5990588.000.000) 06/26 02:25:58 Image size of job updated: 370692
	257  -  MemoryUsage of job (MB)
	262436  -  ResidentSetSize of job (KB)
...
005 (5990588.000.000) 06/26 02:29:48 Job terminated.
	(1) Normal termination (return value 0)
		Usr 0 00:03:20, Sys 0 00:00:07  -  Run Remote Usage
		Usr 0 00:00:00, Sys 0 00:00:00  -  Run Local Usage
		Usr 0 00:03:20, Sys 0 00:00:07  -  Total Remote Usage
		Usr 0 00:00:00, Sys 0 00:00:00  -  Total Local Usage
	59537  -  Run Bytes Sent By Job
	8650365  -  Run Bytes Received By Job
	59537  -  Total Bytes Sent By Job
	8650365  -  Total Bytes Received By Job
	Partitionable Resources :    Usage  Request Allocated 
	   Cpus                 :     0.88        1         1 
	   Disk (KB)            :  8566     2048000  18505026 
	   Memory (MB)          :   257        1992      2048 
...
