000 (5991845.000.000) 06/26 08:41:16 Job submitted from host: <144.92.181.245:9618?addrs=144.92.181.245-9618+[2607-f388-101c-1000--372]-9618&noUDP&sock=3375869_eb73_3>
...
001 (5991845.000.000) 06/26 08:42:03 Job executing on host: <144.92.181.236:9618?addrs=144.92.181.236-9618+[2607-f388-101c-1000--629]-9618&noUDP&sock=2430_5b3a_3>
...
006 (5991845.000.000) 06/26 08:42:12 Image size of job updated: 299660
	189  -  MemoryUsage of job (MB)
	192692  -  ResidentSetSize of job (KB)
...
005 (5991845.000.000) 06/26 08:43:41 Job terminated.
	(1) Normal termination (return value 0)
		Usr 0 00:01:12, Sys 0 00:00:04  -  Run Remote Usage
		Usr 0 00:00:00, Sys 0 00:00:00  -  Run Local Usage
		Usr 0 00:01:12, Sys 0 00:00:04  -  Total Remote Usage
		Usr 0 00:00:00, Sys 0 00:00:00  -  Total Local Usage
	66254  -  Run Bytes Sent By Job
	8650417  -  Run Bytes Received By Job
	66254  -  Total Bytes Sent By Job
	8650417  -  Total Bytes Received By Job
	Partitionable Resources :    Usage  Request Allocated 
	   Cpus                 :     0.83        1         1 
	   Disk (KB)            :  8574     2048000  18510640 
	   Memory (MB)          :   189        1992      2048 
...
