000 (5991917.000.000) 06/26 08:42:04 Job submitted from host: <144.92.181.245:9618?addrs=144.92.181.245-9618+[2607-f388-101c-1000--372]-9618&noUDP&sock=3375869_eb73_3>
...
001 (5991917.000.000) 06/26 08:43:45 Job executing on host: <128.104.227.103:9618?addrs=128.104.227.103-9618+[2607-f388-101c-1000--52]-9618&noUDP&sock=3904_65d3_3>
...
006 (5991917.000.000) 06/26 08:43:55 Image size of job updated: 313964
	203  -  MemoryUsage of job (MB)
	207844  -  ResidentSetSize of job (KB)
...
005 (5991917.000.000) 06/26 08:45:35 Job terminated.
	(1) Normal termination (return value 0)
		Usr 0 00:01:08, Sys 0 00:00:03  -  Run Remote Usage
		Usr 0 00:00:00, Sys 0 00:00:00  -  Run Local Usage
		Usr 0 00:01:08, Sys 0 00:00:03  -  Total Remote Usage
		Usr 0 00:00:00, Sys 0 00:00:00  -  Total Local Usage
	64917  -  Run Bytes Sent By Job
	8650360  -  Run Bytes Received By Job
	64917  -  Total Bytes Sent By Job
	8650360  -  Total Bytes Received By Job
	Partitionable Resources :    Usage  Request Allocated 
	   Cpus                 :     0.62        1         1 
	   Disk (KB)            :  8573     2048000  18994846 
	   Memory (MB)          :   203        1992      2048 
...
