000 (5991935.000.000) 06/26 08:42:27 Job submitted from host: <144.92.181.245:9618?addrs=144.92.181.245-9618+[2607-f388-101c-1000--372]-9618&noUDP&sock=3375869_eb73_3>
...
001 (5991935.000.000) 06/26 08:44:32 Job executing on host: <144.92.180.34:9618?addrs=144.92.180.34-9618+[2607-f388-101c-1000--629]-9618&noUDP&sock=2306_4d7b_3>
...
006 (5991935.000.000) 06/26 08:44:41 Image size of job updated: 342624
	230  -  MemoryUsage of job (MB)
	235180  -  ResidentSetSize of job (KB)
...
005 (5991935.000.000) 06/26 08:49:39 Job terminated.
	(1) Normal termination (return value 0)
		Usr 0 00:03:28, Sys 0 00:00:07  -  Run Remote Usage
		Usr 0 00:00:00, Sys 0 00:00:00  -  Run Local Usage
		Usr 0 00:03:28, Sys 0 00:00:07  -  Total Remote Usage
		Usr 0 00:00:00, Sys 0 00:00:00  -  Total Local Usage
	55379  -  Run Bytes Sent By Job
	8650365  -  Run Bytes Received By Job
	55379  -  Total Bytes Sent By Job
	8650365  -  Total Bytes Received By Job
	Partitionable Resources :    Usage  Request Allocated 
	   Cpus                 :     0.81        1         1 
	   Disk (KB)            :  8564     2048000  18354075 
	   Memory (MB)          :   230        1992      2048 
...
