000 (5991889.000.000) 06/26 08:41:45 Job submitted from host: <144.92.181.245:9618?addrs=144.92.181.245-9618+[2607-f388-101c-1000--372]-9618&noUDP&sock=3375869_eb73_3>
...
001 (5991889.000.000) 06/26 08:43:16 Job executing on host: <144.92.181.241:9618?addrs=144.92.181.241-9618+[2607-f388-101c-1000--217]-9618&noUDP&sock=2417_707f_3>
...
006 (5991889.000.000) 06/26 08:43:24 Image size of job updated: 313752
	202  -  MemoryUsage of job (MB)
	206416  -  ResidentSetSize of job (KB)
...
005 (5991889.000.000) 06/26 08:45:05 Job terminated.
	(1) Normal termination (return value 0)
		Usr 0 00:01:17, Sys 0 00:00:02  -  Run Remote Usage
		Usr 0 00:00:00, Sys 0 00:00:00  -  Run Local Usage
		Usr 0 00:01:17, Sys 0 00:00:02  -  Total Remote Usage
		Usr 0 00:00:00, Sys 0 00:00:00  -  Total Local Usage
	66670  -  Run Bytes Sent By Job
	8650351  -  Run Bytes Received By Job
	66670  -  Total Bytes Sent By Job
	8650351  -  Total Bytes Received By Job
	Partitionable Resources :    Usage  Request Allocated 
	   Cpus                 :     0.75        1         1 
	   Disk (KB)            :  8573     2048000  18507741 
	   Memory (MB)          :   202        1992      2048 
...
