000 (5991850.000.000) 06/26 08:41:19 Job submitted from host: <144.92.181.245:9618?addrs=144.92.181.245-9618+[2607-f388-101c-1000--372]-9618&noUDP&sock=3375869_eb73_3>
...
001 (5991850.000.000) 06/26 08:42:03 Job executing on host: <144.92.180.219:9618?addrs=144.92.180.219-9618+[2607-f388-101c-1000--629]-9618&noUDP&sock=3129_cfed_3>
...
006 (5991850.000.000) 06/26 08:42:12 Image size of job updated: 311244
	199  -  MemoryUsage of job (MB)
	203412  -  ResidentSetSize of job (KB)
...
005 (5991850.000.000) 06/26 08:42:28 Job terminated.
	(1) Normal termination (return value 0)
		Usr 0 00:00:16, Sys 0 00:00:01  -  Run Remote Usage
		Usr 0 00:00:00, Sys 0 00:00:00  -  Run Local Usage
		Usr 0 00:00:16, Sys 0 00:00:01  -  Total Remote Usage
		Usr 0 00:00:00, Sys 0 00:00:00  -  Total Local Usage
	62409  -  Run Bytes Sent By Job
	8650459  -  Run Bytes Received By Job
	62409  -  Total Bytes Sent By Job
	8650459  -  Total Bytes Received By Job
	Partitionable Resources :    Usage  Request Allocated 
	   Cpus                 :     0.04        1         1 
	   Disk (KB)            :  8569     2048000  18989361 
	   Memory (MB)          :   199        1992      2048 
...
