000 (5991841.000.000) 06/26 08:41:14 Job submitted from host: <144.92.181.245:9618?addrs=144.92.181.245-9618+[2607-f388-101c-1000--372]-9618&noUDP&sock=3375869_eb73_3>
...
001 (5991841.000.000) 06/26 08:42:03 Job executing on host: <144.92.181.241:9618?addrs=144.92.181.241-9618+[2607-f388-101c-1000--217]-9618&noUDP&sock=2417_707f_3>
...
006 (5991841.000.000) 06/26 08:42:11 Image size of job updated: 305092
	195  -  MemoryUsage of job (MB)
	198692  -  ResidentSetSize of job (KB)
...
005 (5991841.000.000) 06/26 08:43:13 Job terminated.
	(1) Normal termination (return value 0)
		Usr 0 00:00:45, Sys 0 00:00:02  -  Run Remote Usage
		Usr 0 00:00:00, Sys 0 00:00:00  -  Run Local Usage
		Usr 0 00:00:45, Sys 0 00:00:02  -  Total Remote Usage
		Usr 0 00:00:00, Sys 0 00:00:00  -  Total Local Usage
	123628  -  Run Bytes Sent By Job
	8650396  -  Run Bytes Received By Job
	123628  -  Total Bytes Sent By Job
	8650396  -  Total Bytes Received By Job
	Partitionable Resources :    Usage  Request Allocated 
	   Cpus                 :     0.58        1         1 
	   Disk (KB)            :  8630     2048000  18507741 
	   Memory (MB)          :   195        1992      2048 
...
