000 (5991865.000.000) 06/26 08:41:27 Job submitted from host: <144.92.181.245:9618?addrs=144.92.181.245-9618+[2607-f388-101c-1000--372]-9618&noUDP&sock=3375869_eb73_3>
...
001 (5991865.000.000) 06/26 08:42:35 Job executing on host: <144.92.181.232:9618?addrs=144.92.181.232-9618+[2607-f388-101c-1000--629]-9618&noUDP&sock=2463_fdda_3>
...
006 (5991865.000.000) 06/26 08:42:44 Image size of job updated: 319820
	207  -  MemoryUsage of job (MB)
	211568  -  ResidentSetSize of job (KB)
...
005 (5991865.000.000) 06/26 08:50:11 Job terminated.
	(1) Normal termination (return value 0)
		Usr 0 00:05:07, Sys 0 00:00:14  -  Run Remote Usage
		Usr 0 00:00:00, Sys 0 00:00:00  -  Run Local Usage
		Usr 0 00:05:07, Sys 0 00:00:14  -  Total Remote Usage
		Usr 0 00:00:00, Sys 0 00:00:00  -  Total Local Usage
	66048  -  Run Bytes Sent By Job
	8650390  -  Run Bytes Received By Job
	66048  -  Total Bytes Sent By Job
	8650390  -  Total Bytes Received By Job
	Partitionable Resources :    Usage  Request Allocated 
	   Cpus                 :     0.79        1         1 
	   Disk (KB)            :  8574     2048000  18504861 
	   Memory (MB)          :   207        1992      2048 
...
