000 (5991914.000.000) 06/26 08:42:02 Job submitted from host: <144.92.181.245:9618?addrs=144.92.181.245-9618+[2607-f388-101c-1000--372]-9618&noUDP&sock=3375869_eb73_3>
...
001 (5991914.000.000) 06/26 08:43:44 Job executing on host: <144.92.181.87:9618?addrs=144.92.181.87-9618+[2607-f388-101c-1000--629]-9618&noUDP&sock=2451_c2b7_3>
...
006 (5991914.000.000) 06/26 08:43:52 Image size of job updated: 308452
	198  -  MemoryUsage of job (MB)
	201920  -  ResidentSetSize of job (KB)
...
005 (5991914.000.000) 06/26 08:47:15 Job terminated.
	(1) Normal termination (return value 0)
		Usr 0 00:02:12, Sys 0 00:00:07  -  Run Remote Usage
		Usr 0 00:00:00, Sys 0 00:00:00  -  Run Local Usage
		Usr 0 00:02:12, Sys 0 00:00:07  -  Total Remote Usage
		Usr 0 00:00:00, Sys 0 00:00:00  -  Total Local Usage
	67547  -  Run Bytes Sent By Job
	8650342  -  Run Bytes Received By Job
	67547  -  Total Bytes Sent By Job
	8650342  -  Total Bytes Received By Job
	Partitionable Resources :    Usage  Request Allocated 
	   Cpus                 :     0.66        1         1 
	   Disk (KB)            :  8574     2048000  18514405 
	   Memory (MB)          :   198        1992      2048 
...
