All files added.
Initializing chain.
.... MC file ..... 
Coming in: 
nentries:86317
Running over 86317 events.
Finished entry 0/86316
Finished entry 4000/86316
Finished entry 8000/86316
Finished entry 12000/86316
Finished entry 16000/86316
Finished entry 20000/86316
Finished entry 24000/86316
Finished entry 28000/86316
Finished entry 32000/86316
Finished entry 36000/86316
Finished entry 40000/86316
Finished entry 44000/86316
Finished entry 48000/86316
Finished entry 52000/86316
Finished entry 56000/86316
Finished entry 60000/86316
Finished entry 64000/86316
Finished entry 68000/86316
Finished entry 72000/86316
Finished entry 76000/86316
Finished entry 80000/86316
Finished entry 84000/86316
Finished entry 86316/86316
All events checked.
*******************************************
******************Jithin's original*************************
    Initial entries 86317.000000
   Passing smikking 0.000000
Inspected genWeightd 86317.000000   % change= 0.000000
   METFiltersPassed 84213.562595   % change= 2.436875
    SingleTrgPassed 2111.405432   % change= 97.492796
     GoodMuonPassed 723.883089   % change= 65.715581
      GoodTauPassed 24.755045   % change= 96.580243
         opp charge 13.213078   % change= 46.624706
         after sf 1 0.000000   % change= 46.624706
         after sf 2 0.000000   % change= 46.624706
         after sf 3 0.000000   % change= 46.624706
         after sf 4 11.042227   % change= 46.624706
 PassedThirdLepVeto 11.042227   % change= 16.429559
     PassedBjetVeto 7.423340   % change= 32.773160
       DeltaRPassed 7.423340   % change= 0.000000
      Total change :99.991400
*******************************************
*******************************************
Number of events inspected: 86317
Number of events inspected (minus negative gen. weights): 86317.000000
 Outpt written to TTToHadronic_TuneCP5_08.root
Real time 0:00:51, CP time 35.750
