000 (5991927.000.000) 06/26 08:42:22 Job submitted from host: <144.92.181.245:9618?addrs=144.92.181.245-9618+[2607-f388-101c-1000--372]-9618&noUDP&sock=3375869_eb73_3>
...
001 (5991927.000.000) 06/26 08:43:55 Job executing on host: <144.92.181.86:9618?addrs=144.92.181.86-9618+[2607-f388-101c-1000--629]-9618&noUDP&sock=2458_8fe1_3>
...
006 (5991927.000.000) 06/26 08:44:04 Image size of job updated: 349740
	237  -  MemoryUsage of job (MB)
	241696  -  ResidentSetSize of job (KB)
...
005 (5991927.000.000) 06/26 08:48:48 Job terminated.
	(1) Normal termination (return value 0)
		Usr 0 00:04:06, Sys 0 00:00:09  -  Run Remote Usage
		Usr 0 00:00:00, Sys 0 00:00:00  -  Run Local Usage
		Usr 0 00:04:06, Sys 0 00:00:09  -  Total Remote Usage
		Usr 0 00:00:00, Sys 0 00:00:00  -  Total Local Usage
	57420  -  Run Bytes Sent By Job
	8650365  -  Run Bytes Received By Job
	57420  -  Total Bytes Sent By Job
	8650365  -  Total Bytes Received By Job
	Partitionable Resources :    Usage  Request Allocated 
	   Cpus                 :     0.89        1         1 
	   Disk (KB)            :  8564     2048000  18498388 
	   Memory (MB)          :   237        1992      2048 
...
