000 (5991900.000.000) 06/26 08:41:51 Job submitted from host: <144.92.181.245:9618?addrs=144.92.181.245-9618+[2607-f388-101c-1000--372]-9618&noUDP&sock=3375869_eb73_3>
...
001 (5991900.000.000) 06/26 08:43:33 Job executing on host: <144.92.180.34:9618?addrs=144.92.180.34-9618+[2607-f388-101c-1000--629]-9618&noUDP&sock=2306_4d7b_3>
...
006 (5991900.000.000) 06/26 08:43:42 Image size of job updated: 307120
	195  -  MemoryUsage of job (MB)
	199452  -  ResidentSetSize of job (KB)
...
005 (5991900.000.000) 06/26 08:47:20 Job terminated.
	(1) Normal termination (return value 0)
		Usr 0 00:02:02, Sys 0 00:00:06  -  Run Remote Usage
		Usr 0 00:00:00, Sys 0 00:00:00  -  Run Local Usage
		Usr 0 00:02:02, Sys 0 00:00:06  -  Total Remote Usage
		Usr 0 00:00:00, Sys 0 00:00:00  -  Total Local Usage
	65476  -  Run Bytes Sent By Job
	8650363  -  Run Bytes Received By Job
	65476  -  Total Bytes Sent By Job
	8650363  -  Total Bytes Received By Job
	Partitionable Resources :    Usage  Request Allocated 
	   Cpus                 :     0.54        1         1 
	   Disk (KB)            :  8572     2048000  18354075 
	   Memory (MB)          :   195        1992      2048 
...
