All files added.
Initializing chain.
.... DATA file ..... 
Coming in: 
nentries:1009666
Running over 1009666 events.
Finished entry 0/1009665
Finished entry 50000/1009665
Finished entry 100000/1009665
Finished entry 150000/1009665
Finished entry 200000/1009665
Finished entry 250000/1009665
Finished entry 300000/1009665
Finished entry 350000/1009665
Finished entry 400000/1009665
Finished entry 450000/1009665
Finished entry 500000/1009665
Finished entry 550000/1009665
Finished entry 600000/1009665
Finished entry 650000/1009665
Finished entry 700000/1009665
Finished entry 750000/1009665
Finished entry 800000/1009665
Finished entry 850000/1009665
Finished entry 900000/1009665
Finished entry 950000/1009665
Finished entry 1000000/1009665
Finished entry 1009665/1009665
All events checked.
*******************************************
******************Jithin's original*************************
    Initial entries 1009666.000000
   Passing smikking 0.000000
Inspected genWeightd 1009666.000000   % change= 0.000000
   METFiltersPassed 1002199.000000   % change= 0.739551
    SingleTrgPassed 824211.000000   % change= 17.759746
     GoodMuonPassed 580656.000000   % change= 29.550079
      GoodTauPassed 22450.000000   % change= 96.133683
         opp charge 18250.000000   % change= 18.708241
         after sf 1 0.000000   % change= 18.708241
         after sf 2 0.000000   % change= 18.708241
         after sf 3 0.000000   % change= 18.708241
         after sf 4 18250.000000   % change= 18.708241
 PassedThirdLepVeto 18106.000000   % change= 0.789041
     PassedBjetVeto 16959.000000   % change= 6.334917
       DeltaRPassed 16915.000000   % change= 0.259449
      Total change :98.324694
*******************************************
*******************************************
Number of events inspected: 1009666
Number of events inspected (minus negative gen. weights): 1009666.000000
 Outpt written to SingleMuon_EraE_05.root
Real time 0:03:04, CP time 151.350
