000 (5991919.000.000) 06/26 08:42:05 Job submitted from host: <144.92.181.245:9618?addrs=144.92.181.245-9618+[2607-f388-101c-1000--372]-9618&noUDP&sock=3375869_eb73_3>
...
001 (5991919.000.000) 06/26 08:43:46 Job executing on host: <144.92.180.39:9618?addrs=144.92.180.39-9618+[2607-f388-101c-1000--629]-9618&noUDP&sock=2460_ef11_3>
...
006 (5991919.000.000) 06/26 08:43:55 Image size of job updated: 287056
	234  -  MemoryUsage of job (MB)
	239144  -  ResidentSetSize of job (KB)
...
005 (5991919.000.000) 06/26 08:43:57 Job terminated.
	(1) Normal termination (return value 0)
		Usr 0 00:00:06, Sys 0 00:00:00  -  Run Remote Usage
		Usr 0 00:00:00, Sys 0 00:00:00  -  Run Local Usage
		Usr 0 00:00:06, Sys 0 00:00:00  -  Total Remote Usage
		Usr 0 00:00:00, Sys 0 00:00:00  -  Total Local Usage
	63126  -  Run Bytes Sent By Job
	8650348  -  Run Bytes Received By Job
	63126  -  Total Bytes Sent By Job
	8650348  -  Total Bytes Received By Job
	Partitionable Resources :    Usage  Request Allocated 
	   Cpus                 :     0.67        1         1 
	   Disk (KB)            :  8571     2048000  18345259 
	   Memory (MB)          :   234        1992      2048 
...
