000 (5991874.000.000) 06/26 08:41:35 Job submitted from host: <144.92.181.245:9618?addrs=144.92.181.245-9618+[2607-f388-101c-1000--372]-9618&noUDP&sock=3375869_eb73_3>
...
001 (5991874.000.000) 06/26 08:42:56 Job executing on host: <144.92.181.71:9618?addrs=144.92.181.71-9618+[2607-f388-101c-1000--629]-9618&noUDP&sock=2519_6728_3>
...
006 (5991874.000.000) 06/26 08:43:05 Image size of job updated: 299272
	188  -  MemoryUsage of job (MB)
	192280  -  ResidentSetSize of job (KB)
...
005 (5991874.000.000) 06/26 08:43:47 Job terminated.
	(1) Normal termination (return value 0)
		Usr 0 00:00:36, Sys 0 00:00:02  -  Run Remote Usage
		Usr 0 00:00:00, Sys 0 00:00:00  -  Run Local Usage
		Usr 0 00:00:36, Sys 0 00:00:02  -  Total Remote Usage
		Usr 0 00:00:00, Sys 0 00:00:00  -  Total Local Usage
	64204  -  Run Bytes Sent By Job
	8650375  -  Run Bytes Received By Job
	64204  -  Total Bytes Sent By Job
	8650375  -  Total Bytes Received By Job
	Partitionable Resources :    Usage  Request Allocated 
	   Cpus                 :     0.76        1         1 
	   Disk (KB)            :  8572     2048000  18513208 
	   Memory (MB)          :   188        1992      2048 
...
