000 (5991817.000.000) 06/26 08:40:59 Job submitted from host: <144.92.181.245:9618?addrs=144.92.181.245-9618+[2607-f388-101c-1000--372]-9618&noUDP&sock=3375869_eb73_3>
...
001 (5991817.000.000) 06/26 08:41:32 Job executing on host: <128.104.227.129:9618?addrs=128.104.227.129-9618+[2607-f388-101c-1000--76]-9618&noUDP&sock=2591_c9f9_3>
...
006 (5991817.000.000) 06/26 08:41:41 Image size of job updated: 219948
	187  -  MemoryUsage of job (MB)
	191444  -  ResidentSetSize of job (KB)
...
005 (5991817.000.000) 06/26 08:42:29 Job terminated.
	(1) Normal termination (return value 0)
		Usr 0 00:00:32, Sys 0 00:00:01  -  Run Remote Usage
		Usr 0 00:00:00, Sys 0 00:00:00  -  Run Local Usage
		Usr 0 00:00:32, Sys 0 00:00:01  -  Total Remote Usage
		Usr 0 00:00:00, Sys 0 00:00:00  -  Total Local Usage
	119841  -  Run Bytes Sent By Job
	8650390  -  Run Bytes Received By Job
	119841  -  Total Bytes Sent By Job
	8650390  -  Total Bytes Received By Job
	Partitionable Resources :    Usage  Request Allocated 
	   Cpus                 :     0.02        1         1 
	   Disk (KB)            :  8625     2048000  18984037 
	   Memory (MB)          :   187        1992      2048 
...
