000 (5991825.000.000) 06/26 08:41:04 Job submitted from host: <144.92.181.245:9618?addrs=144.92.181.245-9618+[2607-f388-101c-1000--372]-9618&noUDP&sock=3375869_eb73_3>
...
001 (5991825.000.000) 06/26 08:41:32 Job executing on host: <144.92.181.241:9618?addrs=144.92.181.241-9618+[2607-f388-101c-1000--217]-9618&noUDP&sock=2417_707f_3>
...
006 (5991825.000.000) 06/26 08:41:41 Image size of job updated: 303908
	192  -  MemoryUsage of job (MB)
	196552  -  ResidentSetSize of job (KB)
...
005 (5991825.000.000) 06/26 08:43:51 Job terminated.
	(1) Normal termination (return value 0)
		Usr 0 00:01:29, Sys 0 00:00:03  -  Run Remote Usage
		Usr 0 00:00:00, Sys 0 00:00:00  -  Run Local Usage
		Usr 0 00:01:29, Sys 0 00:00:03  -  Total Remote Usage
		Usr 0 00:00:00, Sys 0 00:00:00  -  Total Local Usage
	133202  -  Run Bytes Sent By Job
	8650399  -  Run Bytes Received By Job
	133202  -  Total Bytes Sent By Job
	8650399  -  Total Bytes Received By Job
	Partitionable Resources :    Usage  Request Allocated 
	   Cpus                 :     0.70        1         1 
	   Disk (KB)            :  8640     2048000  18507741 
	   Memory (MB)          :   192        1992      2048 
...
