000 (5991895.000.000) 06/26 08:41:49 Job submitted from host: <144.92.181.245:9618?addrs=144.92.181.245-9618+[2607-f388-101c-1000--372]-9618&noUDP&sock=3375869_eb73_3>
...
001 (5991895.000.000) 06/26 08:43:26 Job executing on host: <144.92.181.71:9618?addrs=144.92.181.71-9618+[2607-f388-101c-1000--629]-9618&noUDP&sock=2519_6728_3>
...
006 (5991895.000.000) 06/26 08:43:34 Image size of job updated: 311368
	200  -  MemoryUsage of job (MB)
	204340  -  ResidentSetSize of job (KB)
...
005 (5991895.000.000) 06/26 08:44:14 Job terminated.
	(1) Normal termination (return value 0)
		Usr 0 00:00:33, Sys 0 00:00:02  -  Run Remote Usage
		Usr 0 00:00:00, Sys 0 00:00:00  -  Run Local Usage
		Usr 0 00:00:33, Sys 0 00:00:02  -  Total Remote Usage
		Usr 0 00:00:00, Sys 0 00:00:00  -  Total Local Usage
	64252  -  Run Bytes Sent By Job
	8650366  -  Run Bytes Received By Job
	64252  -  Total Bytes Sent By Job
	8650366  -  Total Bytes Received By Job
	Partitionable Resources :    Usage  Request Allocated 
	   Cpus                 :     0.76        1         1 
	   Disk (KB)            :  8573     2048000  18513208 
	   Memory (MB)          :   200        1992      2048 
...
