000 (5991922.000.000) 06/26 08:42:18 Job submitted from host: <144.92.181.245:9618?addrs=144.92.181.245-9618+[2607-f388-101c-1000--372]-9618&noUDP&sock=3375869_eb73_3>
...
001 (5991922.000.000) 06/26 08:43:49 Job executing on host: <144.92.181.71:9618?addrs=144.92.181.71-9618+[2607-f388-101c-1000--629]-9618&noUDP&sock=2519_6728_3>
...
006 (5991922.000.000) 06/26 08:43:58 Image size of job updated: 372504
	259  -  MemoryUsage of job (MB)
	264616  -  ResidentSetSize of job (KB)
...
005 (5991922.000.000) 06/26 08:49:33 Job terminated.
	(1) Normal termination (return value 0)
		Usr 0 00:04:26, Sys 0 00:00:11  -  Run Remote Usage
		Usr 0 00:00:00, Sys 0 00:00:00  -  Run Local Usage
		Usr 0 00:04:26, Sys 0 00:00:11  -  Total Remote Usage
		Usr 0 00:00:00, Sys 0 00:00:00  -  Total Local Usage
	57258  -  Run Bytes Sent By Job
	8650365  -  Run Bytes Received By Job
	57258  -  Total Bytes Sent By Job
	8650365  -  Total Bytes Received By Job
	Partitionable Resources :    Usage  Request Allocated 
	   Cpus                 :     0.81        1         1 
	   Disk (KB)            :  8564     2048000  18513208 
	   Memory (MB)          :   259        1992      2048 
...
