000 (5991940.000.000) 06/26 08:42:29 Job submitted from host: <144.92.181.245:9618?addrs=144.92.181.245-9618+[2607-f388-101c-1000--372]-9618&noUDP&sock=3375869_eb73_3>
...
001 (5991940.000.000) 06/26 08:45:07 Job executing on host: <144.92.181.241:9618?addrs=144.92.181.241-9618+[2607-f388-101c-1000--217]-9618&noUDP&sock=2417_707f_3>
...
006 (5991940.000.000) 06/26 08:45:15 Image size of job updated: 346180
	233  -  MemoryUsage of job (MB)
	238244  -  ResidentSetSize of job (KB)
...
005 (5991940.000.000) 06/26 08:50:09 Job terminated.
	(1) Normal termination (return value 0)
		Usr 0 00:03:57, Sys 0 00:00:06  -  Run Remote Usage
		Usr 0 00:00:00, Sys 0 00:00:00  -  Run Local Usage
		Usr 0 00:03:57, Sys 0 00:00:06  -  Total Remote Usage
		Usr 0 00:00:00, Sys 0 00:00:00  -  Total Local Usage
	60165  -  Run Bytes Sent By Job
	8650365  -  Run Bytes Received By Job
	60165  -  Total Bytes Sent By Job
	8650365  -  Total Bytes Received By Job
	Partitionable Resources :    Usage  Request Allocated 
	   Cpus                 :     0.81        1         1 
	   Disk (KB)            :  8569     2048000  18507741 
	   Memory (MB)          :   233        1992      2048 
...
