000 (5991849.000.000) 06/26 08:41:18 Job submitted from host: <144.92.181.245:9618?addrs=144.92.181.245-9618+[2607-f388-101c-1000--372]-9618&noUDP&sock=3375869_eb73_3>
...
001 (5991849.000.000) 06/26 08:42:04 Job executing on host: <144.92.181.86:9618?addrs=144.92.181.86-9618+[2607-f388-101c-1000--629]-9618&noUDP&sock=2458_8fe1_3>
...
006 (5991849.000.000) 06/26 08:42:13 Image size of job updated: 234400
	197  -  MemoryUsage of job (MB)
	201116  -  ResidentSetSize of job (KB)
...
005 (5991849.000.000) 06/26 08:42:23 Job terminated.
	(1) Normal termination (return value 0)
		Usr 0 00:00:13, Sys 0 00:00:01  -  Run Remote Usage
		Usr 0 00:00:00, Sys 0 00:00:00  -  Run Local Usage
		Usr 0 00:00:13, Sys 0 00:00:01  -  Total Remote Usage
		Usr 0 00:00:00, Sys 0 00:00:00  -  Total Local Usage
	64721  -  Run Bytes Sent By Job
	8650387  -  Run Bytes Received By Job
	64721  -  Total Bytes Sent By Job
	8650387  -  Total Bytes Received By Job
	Partitionable Resources :    Usage  Request Allocated 
	   Cpus                 :        0        1         1 
	   Disk (KB)            :     8571  2048000  18498388 
	   Memory (MB)          :      197     1992      2048 
...
