000 (5991890.000.000) 06/26 08:41:46 Job submitted from host: <144.92.181.245:9618?addrs=144.92.181.245-9618+[2607-f388-101c-1000--372]-9618&noUDP&sock=3375869_eb73_3>
...
001 (5991890.000.000) 06/26 08:43:17 Job executing on host: <144.92.181.236:9618?addrs=144.92.181.236-9618+[2607-f388-101c-1000--629]-9618&noUDP&sock=2430_5b3a_3>
...
006 (5991890.000.000) 06/26 08:43:26 Image size of job updated: 305796
	194  -  MemoryUsage of job (MB)
	197840  -  ResidentSetSize of job (KB)
...
005 (5991890.000.000) 06/26 08:46:20 Job terminated.
	(1) Normal termination (return value 0)
		Usr 0 00:02:14, Sys 0 00:00:06  -  Run Remote Usage
		Usr 0 00:00:00, Sys 0 00:00:00  -  Run Local Usage
		Usr 0 00:02:14, Sys 0 00:00:06  -  Total Remote Usage
		Usr 0 00:00:00, Sys 0 00:00:00  -  Total Local Usage
	66994  -  Run Bytes Sent By Job
	8650393  -  Run Bytes Received By Job
	66994  -  Total Bytes Sent By Job
	8650393  -  Total Bytes Received By Job
	Partitionable Resources :    Usage  Request Allocated 
	   Cpus                 :     0.84        1         1 
	   Disk (KB)            :  8575     2048000  18510640 
	   Memory (MB)          :   194        1992      2048 
...
