000 (5991943.000.000) 06/26 08:42:31 Job submitted from host: <144.92.181.245:9618?addrs=144.92.181.245-9618+[2607-f388-101c-1000--372]-9618&noUDP&sock=3375869_eb73_3>
...
001 (5991943.000.000) 06/26 08:45:26 Job executing on host: <144.92.181.74:9618?addrs=144.92.181.74-9618+[2607-f388-101c-1000--629]-9618&noUDP&sock=2458_8fe1_3>
...
006 (5991943.000.000) 06/26 08:45:35 Image size of job updated: 334412
	224  -  MemoryUsage of job (MB)
	228780  -  ResidentSetSize of job (KB)
...
005 (5991943.000.000) 06/26 08:49:28 Job terminated.
	(1) Normal termination (return value 0)
		Usr 0 00:03:05, Sys 0 00:00:06  -  Run Remote Usage
		Usr 0 00:00:00, Sys 0 00:00:00  -  Run Local Usage
		Usr 0 00:03:05, Sys 0 00:00:06  -  Total Remote Usage
		Usr 0 00:00:00, Sys 0 00:00:00  -  Total Local Usage
	59717  -  Run Bytes Sent By Job
	8650365  -  Run Bytes Received By Job
	59717  -  Total Bytes Sent By Job
	8650365  -  Total Bytes Received By Job
	Partitionable Resources :    Usage  Request Allocated 
	   Cpus                 :     0.81        1         1 
	   Disk (KB)            :  8566     2048000  18508396 
	   Memory (MB)          :   224        1992      2048 
...
