000 (5991947.000.000) 06/26 08:42:35 Job submitted from host: <144.92.181.245:9618?addrs=144.92.181.245-9618+[2607-f388-101c-1000--372]-9618&noUDP&sock=3375869_eb73_3>
...
001 (5991947.000.000) 06/26 08:45:59 Job executing on host: <128.104.227.116:9618?addrs=128.104.227.116-9618+[2607-f388-101c-1000--65]-9618&noUDP&sock=3863_4671_3>
...
006 (5991947.000.000) 06/26 08:46:07 Image size of job updated: 371264
	260  -  MemoryUsage of job (MB)
	265580  -  ResidentSetSize of job (KB)
...
005 (5991947.000.000) 06/26 08:49:27 Job terminated.
	(1) Normal termination (return value 0)
		Usr 0 00:02:35, Sys 0 00:00:05  -  Run Remote Usage
		Usr 0 00:00:00, Sys 0 00:00:00  -  Run Local Usage
		Usr 0 00:02:35, Sys 0 00:00:05  -  Total Remote Usage
		Usr 0 00:00:00, Sys 0 00:00:00  -  Total Local Usage
	55233  -  Run Bytes Sent By Job
	8650365  -  Run Bytes Received By Job
	55233  -  Total Bytes Sent By Job
	8650365  -  Total Bytes Received By Job
	Partitionable Resources :    Usage  Request Allocated 
	   Cpus                 :     0.66        1         1 
	   Disk (KB)            :  8562     2048000  18998868 
	   Memory (MB)          :   260        1992      2048 
...
