000 (5991855.000.000) 06/26 08:41:22 Job submitted from host: <144.92.181.245:9618?addrs=144.92.181.245-9618+[2607-f388-101c-1000--372]-9618&noUDP&sock=3375869_eb73_3>
...
001 (5991855.000.000) 06/26 08:42:24 Job executing on host: <144.92.181.86:9618?addrs=144.92.181.86-9618+[2607-f388-101c-1000--629]-9618&noUDP&sock=2458_8fe1_3>
...
006 (5991855.000.000) 06/26 08:42:33 Image size of job updated: 312236
	201  -  MemoryUsage of job (MB)
	205452  -  ResidentSetSize of job (KB)
...
005 (5991855.000.000) 06/26 08:43:40 Job terminated.
	(1) Normal termination (return value 0)
		Usr 0 00:00:48, Sys 0 00:00:02  -  Run Remote Usage
		Usr 0 00:00:00, Sys 0 00:00:00  -  Run Local Usage
		Usr 0 00:00:48, Sys 0 00:00:02  -  Total Remote Usage
		Usr 0 00:00:00, Sys 0 00:00:00  -  Total Local Usage
	57575  -  Run Bytes Sent By Job
	8650378  -  Run Bytes Received By Job
	57575  -  Total Bytes Sent By Job
	8650378  -  Total Bytes Received By Job
	Partitionable Resources :    Usage  Request Allocated 
	   Cpus                 :     0.56        1         1 
	   Disk (KB)            :  8564     2048000  18498388 
	   Memory (MB)          :   201        1992      2048 
...
