000 (5991870.000.000) 06/26 08:41:33 Job submitted from host: <144.92.181.245:9618?addrs=144.92.181.245-9618+[2607-f388-101c-1000--372]-9618&noUDP&sock=3375869_eb73_3>
...
001 (5991870.000.000) 06/26 08:42:51 Job executing on host: <144.92.181.74:9618?addrs=144.92.181.74-9618+[2607-f388-101c-1000--629]-9618&noUDP&sock=2458_8fe1_3>
...
006 (5991870.000.000) 06/26 08:42:59 Image size of job updated: 329212
	218  -  MemoryUsage of job (MB)
	222684  -  ResidentSetSize of job (KB)
...
005 (5991870.000.000) 06/26 08:43:08 Job terminated.
	(1) Normal termination (return value 0)
		Usr 0 00:00:11, Sys 0 00:00:01  -  Run Remote Usage
		Usr 0 00:00:00, Sys 0 00:00:00  -  Run Local Usage
		Usr 0 00:00:11, Sys 0 00:00:01  -  Total Remote Usage
		Usr 0 00:00:00, Sys 0 00:00:00  -  Total Local Usage
	67824  -  Run Bytes Sent By Job
	8650378  -  Run Bytes Received By Job
	67824  -  Total Bytes Sent By Job
	8650378  -  Total Bytes Received By Job
	Partitionable Resources :    Usage  Request Allocated 
	   Cpus                 :        0        1         1 
	   Disk (KB)            :     8574  2048000  18508396 
	   Memory (MB)          :      218     1992      2048 
...
