000 (5991848.000.000) 06/26 08:41:18 Job submitted from host: <144.92.181.245:9618?addrs=144.92.181.245-9618+[2607-f388-101c-1000--372]-9618&noUDP&sock=3375869_eb73_3>
...
001 (5991848.000.000) 06/26 08:42:04 Job executing on host: <144.92.181.71:9618?addrs=144.92.181.71-9618+[2607-f388-101c-1000--629]-9618&noUDP&sock=2519_6728_3>
...
006 (5991848.000.000) 06/26 08:42:12 Image size of job updated: 316088
	204  -  MemoryUsage of job (MB)
	208584  -  ResidentSetSize of job (KB)
...
005 (5991848.000.000) 06/26 08:43:24 Job terminated.
	(1) Normal termination (return value 0)
		Usr 0 00:00:58, Sys 0 00:00:03  -  Run Remote Usage
		Usr 0 00:00:00, Sys 0 00:00:00  -  Run Local Usage
		Usr 0 00:00:58, Sys 0 00:00:03  -  Total Remote Usage
		Usr 0 00:00:00, Sys 0 00:00:00  -  Total Local Usage
	65985  -  Run Bytes Sent By Job
	8650378  -  Run Bytes Received By Job
	65985  -  Total Bytes Sent By Job
	8650378  -  Total Bytes Received By Job
	Partitionable Resources :    Usage  Request Allocated 
	   Cpus                 :     0.72        1         1 
	   Disk (KB)            :  8574     2048000  18513208 
	   Memory (MB)          :   204        1992      2048 
...
