000 (5991861.000.000) 06/26 08:41:25 Job submitted from host: <144.92.181.245:9618?addrs=144.92.181.245-9618+[2607-f388-101c-1000--372]-9618&noUDP&sock=3375869_eb73_3>
...
001 (5991861.000.000) 06/26 08:42:35 Job executing on host: <144.92.180.34:9618?addrs=144.92.180.34-9618+[2607-f388-101c-1000--629]-9618&noUDP&sock=2306_4d7b_3>
...
006 (5991861.000.000) 06/26 08:42:43 Image size of job updated: 213856
	106  -  MemoryUsage of job (MB)
	108180  -  ResidentSetSize of job (KB)
...
006 (5991861.000.000) 06/26 08:43:23 Image size of job updated: 213856
	107  -  MemoryUsage of job (MB)
	108592  -  ResidentSetSize of job (KB)
...
005 (5991861.000.000) 06/26 08:43:23 Job terminated.
	(1) Normal termination (return value 0)
		Usr 0 00:00:23, Sys 0 00:00:01  -  Run Remote Usage
		Usr 0 00:00:00, Sys 0 00:00:00  -  Run Local Usage
		Usr 0 00:00:23, Sys 0 00:00:01  -  Total Remote Usage
		Usr 0 00:00:00, Sys 0 00:00:00  -  Total Local Usage
	52959  -  Run Bytes Sent By Job
	8650378  -  Run Bytes Received By Job
	52959  -  Total Bytes Sent By Job
	8650378  -  Total Bytes Received By Job
	Partitionable Resources :    Usage  Request Allocated 
	   Cpus                 :     0.60        1         1 
	   Disk (KB)            :  8561     2048000  18354075 
	   Memory (MB)          :   107        1992      2048 
...
