000 (5991928.000.000) 06/26 08:42:23 Job submitted from host: <144.92.181.245:9618?addrs=144.92.181.245-9618+[2607-f388-101c-1000--372]-9618&noUDP&sock=3375869_eb73_3>
...
001 (5991928.000.000) 06/26 08:43:56 Job executing on host: <144.92.181.69:9618?addrs=144.92.181.69-9618+[2607-f388-101c-1000--629]-9618&noUDP&sock=2424_3da8_3>
...
006 (5991928.000.000) 06/26 08:44:04 Image size of job updated: 353056
	241  -  MemoryUsage of job (MB)
	246192  -  ResidentSetSize of job (KB)
...
005 (5991928.000.000) 06/26 08:45:31 Job terminated.
	(1) Normal termination (return value 0)
		Usr 0 00:01:16, Sys 0 00:00:02  -  Run Remote Usage
		Usr 0 00:00:00, Sys 0 00:00:00  -  Run Local Usage
		Usr 0 00:01:16, Sys 0 00:00:02  -  Total Remote Usage
		Usr 0 00:00:00, Sys 0 00:00:00  -  Total Local Usage
	57192  -  Run Bytes Sent By Job
	8650365  -  Run Bytes Received By Job
	57192  -  Total Bytes Sent By Job
	8650365  -  Total Bytes Received By Job
	Partitionable Resources :    Usage  Request Allocated 
	   Cpus                 :     0.81        1         1 
	   Disk (KB)            :  8566     2048000  18505026 
	   Memory (MB)          :   241        1992      2048 
...
