000 (5991869.000.000) 06/26 08:41:33 Job submitted from host: <144.92.181.245:9618?addrs=144.92.181.245-9618+[2607-f388-101c-1000--372]-9618&noUDP&sock=3375869_eb73_3>
...
001 (5991869.000.000) 06/26 08:42:42 Job executing on host: <144.92.181.86:9618?addrs=144.92.181.86-9618+[2607-f388-101c-1000--629]-9618&noUDP&sock=2458_8fe1_3>
...
006 (5991869.000.000) 06/26 08:42:50 Image size of job updated: 304984
	192  -  MemoryUsage of job (MB)
	196288  -  ResidentSetSize of job (KB)
...
005 (5991869.000.000) 06/26 08:44:34 Job terminated.
	(1) Normal termination (return value 0)
		Usr 0 00:01:23, Sys 0 00:00:03  -  Run Remote Usage
		Usr 0 00:00:00, Sys 0 00:00:00  -  Run Local Usage
		Usr 0 00:01:23, Sys 0 00:00:03  -  Total Remote Usage
		Usr 0 00:00:00, Sys 0 00:00:00  -  Total Local Usage
	68036  -  Run Bytes Sent By Job
	8650369  -  Run Bytes Received By Job
	68036  -  Total Bytes Sent By Job
	8650369  -  Total Bytes Received By Job
	Partitionable Resources :    Usage  Request Allocated 
	   Cpus                 :     0.78        1         1 
	   Disk (KB)            :  8576     2048000  18498388 
	   Memory (MB)          :   192        1992      2048 
...
