000 (5991824.000.000) 06/26 08:41:04 Job submitted from host: <144.92.181.245:9618?addrs=144.92.181.245-9618+[2607-f388-101c-1000--372]-9618&noUDP&sock=3375869_eb73_3>
...
001 (5991824.000.000) 06/26 08:41:33 Job executing on host: <144.92.180.193:9618?addrs=144.92.180.193-9618+[2607-f388-101c-1000--629]-9618&noUDP&sock=3176_0ce0_3>
...
006 (5991824.000.000) 06/26 08:41:42 Image size of job updated: 66220
	24  -  MemoryUsage of job (MB)
	23576  -  ResidentSetSize of job (KB)
...
005 (5991824.000.000) 06/26 08:42:12 Job terminated.
	(1) Normal termination (return value 0)
		Usr 0 00:00:14, Sys 0 00:00:01  -  Run Remote Usage
		Usr 0 00:00:00, Sys 0 00:00:00  -  Run Local Usage
		Usr 0 00:00:14, Sys 0 00:00:01  -  Total Remote Usage
		Usr 0 00:00:00, Sys 0 00:00:00  -  Total Local Usage
	118396  -  Run Bytes Sent By Job
	8650405  -  Run Bytes Received By Job
	118396  -  Total Bytes Sent By Job
	8650405  -  Total Bytes Received By Job
	Partitionable Resources :    Usage  Request Allocated 
	   Cpus                 :     0.06        1         1 
	   Disk (KB)            :  8623     2048000  18506826 
	   Memory (MB)          :    24        1992      2048 
...
