000 (5991931.000.000) 06/26 08:42:25 Job submitted from host: <144.92.181.245:9618?addrs=144.92.181.245-9618+[2607-f388-101c-1000--372]-9618&noUDP&sock=3375869_eb73_3>
...
001 (5991931.000.000) 06/26 08:43:59 Job executing on host: <144.92.180.39:9618?addrs=144.92.180.39-9618+[2607-f388-101c-1000--629]-9618&noUDP&sock=2460_ef11_3>
...
006 (5991931.000.000) 06/26 08:44:07 Image size of job updated: 356932
	245  -  MemoryUsage of job (MB)
	250464  -  ResidentSetSize of job (KB)
...
005 (5991931.000.000) 06/26 08:48:33 Job terminated.
	(1) Normal termination (return value 0)
		Usr 0 00:03:20, Sys 0 00:00:06  -  Run Remote Usage
		Usr 0 00:00:00, Sys 0 00:00:00  -  Run Local Usage
		Usr 0 00:03:20, Sys 0 00:00:06  -  Total Remote Usage
		Usr 0 00:00:00, Sys 0 00:00:00  -  Total Local Usage
	55293  -  Run Bytes Sent By Job
	8650365  -  Run Bytes Received By Job
	55293  -  Total Bytes Sent By Job
	8650365  -  Total Bytes Received By Job
	Partitionable Resources :    Usage  Request Allocated 
	   Cpus                 :     0.74        1         1 
	   Disk (KB)            :  8562     2048000  18345259 
	   Memory (MB)          :   245        1992      2048 
...
