000 (5991860.000.000) 06/26 08:41:24 Job submitted from host: <144.92.181.245:9618?addrs=144.92.181.245-9618+[2607-f388-101c-1000--372]-9618&noUDP&sock=3375869_eb73_3>
...
001 (5991860.000.000) 06/26 08:42:34 Job executing on host: <144.92.180.39:9618?addrs=144.92.180.39-9618+[2607-f388-101c-1000--629]-9618&noUDP&sock=2460_ef11_3>
...
006 (5991860.000.000) 06/26 08:42:43 Image size of job updated: 310624
	199  -  MemoryUsage of job (MB)
	203540  -  ResidentSetSize of job (KB)
...
005 (5991860.000.000) 06/26 08:43:09 Job terminated.
	(1) Normal termination (return value 0)
		Usr 0 00:00:19, Sys 0 00:00:01  -  Run Remote Usage
		Usr 0 00:00:00, Sys 0 00:00:00  -  Run Local Usage
		Usr 0 00:00:19, Sys 0 00:00:01  -  Total Remote Usage
		Usr 0 00:00:00, Sys 0 00:00:00  -  Total Local Usage
	53149  -  Run Bytes Sent By Job
	8650378  -  Run Bytes Received By Job
	53149  -  Total Bytes Sent By Job
	8650378  -  Total Bytes Received By Job
	Partitionable Resources :    Usage  Request Allocated 
	   Cpus                 :     0.58        1         1 
	   Disk (KB)            :  8562     2048000  18345259 
	   Memory (MB)          :   199        1992      2048 
...
