000 (5991910.000.000) 06/26 08:41:58 Job submitted from host: <144.92.181.245:9618?addrs=144.92.181.245-9618+[2607-f388-101c-1000--372]-9618&noUDP&sock=3375869_eb73_3>
...
001 (5991910.000.000) 06/26 08:43:43 Job executing on host: <144.92.181.86:9618?addrs=144.92.181.86-9618+[2607-f388-101c-1000--629]-9618&noUDP&sock=2458_8fe1_3>
...
006 (5991910.000.000) 06/26 08:43:51 Image size of job updated: 206344
	200  -  MemoryUsage of job (MB)
	204460  -  ResidentSetSize of job (KB)
...
005 (5991910.000.000) 06/26 08:43:54 Job terminated.
	(1) Normal termination (return value 0)
		Usr 0 00:00:05, Sys 0 00:00:00  -  Run Remote Usage
		Usr 0 00:00:00, Sys 0 00:00:00  -  Run Local Usage
		Usr 0 00:00:05, Sys 0 00:00:00  -  Total Remote Usage
		Usr 0 00:00:00, Sys 0 00:00:00  -  Total Local Usage
	41373  -  Run Bytes Sent By Job
	8650387  -  Run Bytes Received By Job
	41373  -  Total Bytes Sent By Job
	8650387  -  Total Bytes Received By Job
	Partitionable Resources :    Usage  Request Allocated 
	   Cpus                 :     0.53        1         1 
	   Disk (KB)            :  8550     2048000  18498388 
	   Memory (MB)          :   200        1992      2048 
...
