000 (5991882.000.000) 06/26 08:41:40 Job submitted from host: <144.92.181.245:9618?addrs=144.92.181.245-9618+[2607-f388-101c-1000--372]-9618&noUDP&sock=3375869_eb73_3>
...
001 (5991882.000.000) 06/26 08:43:07 Job executing on host: <144.92.180.113:9618?addrs=144.92.180.113-9618+[2607-f388-101c-1000--629]-9618&noUDP&sock=3582_8854_3>
...
006 (5991882.000.000) 06/26 08:43:15 Image size of job updated: 200748
	194  -  MemoryUsage of job (MB)
	198592  -  ResidentSetSize of job (KB)
...
005 (5991882.000.000) 06/26 08:45:11 Job terminated.
	(1) Normal termination (return value 0)
		Usr 0 00:01:21, Sys 0 00:00:04  -  Run Remote Usage
		Usr 0 00:00:00, Sys 0 00:00:00  -  Run Local Usage
		Usr 0 00:01:21, Sys 0 00:00:04  -  Total Remote Usage
		Usr 0 00:00:00, Sys 0 00:00:00  -  Total Local Usage
	64575  -  Run Bytes Sent By Job
	8650375  -  Run Bytes Received By Job
	64575  -  Total Bytes Sent By Job
	8650375  -  Total Bytes Received By Job
	Partitionable Resources :    Usage  Request Allocated 
	   Cpus                 :     0.71        1         1 
	   Disk (KB)            :  8571     2048000  18351582 
	   Memory (MB)          :   194        1992      2048 
...
