000 (5991892.000.000) 06/26 08:41:47 Job submitted from host: <144.92.181.245:9618?addrs=144.92.181.245-9618+[2607-f388-101c-1000--372]-9618&noUDP&sock=3375869_eb73_3>
...
001 (5991892.000.000) 06/26 08:43:21 Job executing on host: <144.92.180.34:9618?addrs=144.92.180.34-9618+[2607-f388-101c-1000--629]-9618&noUDP&sock=2306_4d7b_3>
...
006 (5991892.000.000) 06/26 08:43:30 Image size of job updated: 201400
	197  -  MemoryUsage of job (MB)
	200920  -  ResidentSetSize of job (KB)
...
005 (5991892.000.000) 06/26 08:43:32 Job terminated.
	(1) Normal termination (return value 0)
		Usr 0 00:00:05, Sys 0 00:00:00  -  Run Remote Usage
		Usr 0 00:00:00, Sys 0 00:00:00  -  Run Local Usage
		Usr 0 00:00:05, Sys 0 00:00:00  -  Total Remote Usage
		Usr 0 00:00:00, Sys 0 00:00:00  -  Total Local Usage
	62937  -  Run Bytes Sent By Job
	8650360  -  Run Bytes Received By Job
	62937  -  Total Bytes Sent By Job
	8650360  -  Total Bytes Received By Job
	Partitionable Resources :    Usage  Request Allocated 
	   Cpus                 :     0.33        1         1 
	   Disk (KB)            :  8571     2048000  18354075 
	   Memory (MB)          :   197        1992      2048 
...
