000 (5991877.000.000) 06/26 08:41:37 Job submitted from host: <144.92.181.245:9618?addrs=144.92.181.245-9618+[2607-f388-101c-1000--372]-9618&noUDP&sock=3375869_eb73_3>
...
001 (5991877.000.000) 06/26 08:43:04 Job executing on host: <144.92.180.34:9618?addrs=144.92.180.34-9618+[2607-f388-101c-1000--629]-9618&noUDP&sock=2306_4d7b_3>
...
006 (5991877.000.000) 06/26 08:43:13 Image size of job updated: 300224
	188  -  MemoryUsage of job (MB)
	192480  -  ResidentSetSize of job (KB)
...
005 (5991877.000.000) 06/26 08:43:57 Job terminated.
	(1) Normal termination (return value 0)
		Usr 0 00:00:27, Sys 0 00:00:02  -  Run Remote Usage
		Usr 0 00:00:00, Sys 0 00:00:00  -  Run Local Usage
		Usr 0 00:00:27, Sys 0 00:00:02  -  Total Remote Usage
		Usr 0 00:00:00, Sys 0 00:00:00  -  Total Local Usage
	62041  -  Run Bytes Sent By Job
	8650375  -  Run Bytes Received By Job
	62041  -  Total Bytes Sent By Job
	8650375  -  Total Bytes Received By Job
	Partitionable Resources :    Usage  Request Allocated 
	   Cpus                 :     0.64        1         1 
	   Disk (KB)            :  8570     2048000  18354075 
	   Memory (MB)          :   188        1992      2048 
...
