000 (5991901.000.000) 06/26 08:41:52 Job submitted from host: <144.92.181.245:9618?addrs=144.92.181.245-9618+[2607-f388-101c-1000--372]-9618&noUDP&sock=3375869_eb73_3>
...
001 (5991901.000.000) 06/26 08:43:35 Job executing on host: <128.104.227.103:9618?addrs=128.104.227.103-9618+[2607-f388-101c-1000--52]-9618&noUDP&sock=3904_65d3_3>
...
006 (5991901.000.000) 06/26 08:43:38 Image size of job updated: 1616
	0  -  MemoryUsage of job (MB)
	0  -  ResidentSetSize of job (KB)
...
005 (5991901.000.000) 06/26 08:43:38 Job terminated.
	(1) Normal termination (return value 0)
		Usr 0 00:00:01, Sys 0 00:00:00  -  Run Remote Usage
		Usr 0 00:00:00, Sys 0 00:00:00  -  Run Local Usage
		Usr 0 00:00:01, Sys 0 00:00:00  -  Total Remote Usage
		Usr 0 00:00:00, Sys 0 00:00:00  -  Total Local Usage
	26863  -  Run Bytes Sent By Job
	8650387  -  Run Bytes Received By Job
	26863  -  Total Bytes Sent By Job
	8650387  -  Total Bytes Received By Job
	Partitionable Resources :    Usage  Request Allocated 
	   Cpus                 :        0        1         1 
	   Disk (KB)            :     8534  2048000  18994846 
	   Memory (MB)          :        0     1992      2048 
...
