000 (5991871.000.000) 06/26 08:41:34 Job submitted from host: <144.92.181.245:9618?addrs=144.92.181.245-9618+[2607-f388-101c-1000--372]-9618&noUDP&sock=3375869_eb73_3>
...
001 (5991871.000.000) 06/26 08:42:51 Job executing on host: <144.92.181.232:9618?addrs=144.92.181.232-9618+[2607-f388-101c-1000--629]-9618&noUDP&sock=2463_fdda_3>
...
006 (5991871.000.000) 06/26 08:43:00 Image size of job updated: 311472
	200  -  MemoryUsage of job (MB)
	203912  -  ResidentSetSize of job (KB)
...
005 (5991871.000.000) 06/26 08:47:33 Job terminated.
	(1) Normal termination (return value 0)
		Usr 0 00:03:14, Sys 0 00:00:08  -  Run Remote Usage
		Usr 0 00:00:00, Sys 0 00:00:00  -  Run Local Usage
		Usr 0 00:03:14, Sys 0 00:00:08  -  Total Remote Usage
		Usr 0 00:00:00, Sys 0 00:00:00  -  Total Local Usage
	67577  -  Run Bytes Sent By Job
	8650345  -  Run Bytes Received By Job
	67577  -  Total Bytes Sent By Job
	8650345  -  Total Bytes Received By Job
	Partitionable Resources :    Usage  Request Allocated 
	   Cpus                 :     0.57        1         1 
	   Disk (KB)            :  8574     2048000  18504861 
	   Memory (MB)          :   200        1992      2048 
...
