000 (5991854.000.000) 06/26 08:41:21 Job submitted from host: <144.92.181.245:9618?addrs=144.92.181.245-9618+[2607-f388-101c-1000--372]-9618&noUDP&sock=3375869_eb73_3>
...
001 (5991854.000.000) 06/26 08:42:19 Job executing on host: <144.92.181.87:9618?addrs=144.92.181.87-9618+[2607-f388-101c-1000--629]-9618&noUDP&sock=2451_c2b7_3>
...
006 (5991854.000.000) 06/26 08:42:28 Image size of job updated: 310780
	201  -  MemoryUsage of job (MB)
	205168  -  ResidentSetSize of job (KB)
...
005 (5991854.000.000) 06/26 08:53:21 Job terminated.
	(1) Normal termination (return value 0)
		Usr 0 00:07:16, Sys 0 00:00:16  -  Run Remote Usage
		Usr 0 00:00:00, Sys 0 00:00:00  -  Run Local Usage
		Usr 0 00:07:16, Sys 0 00:00:16  -  Total Remote Usage
		Usr 0 00:00:00, Sys 0 00:00:00  -  Total Local Usage
	65348  -  Run Bytes Sent By Job
	8650369  -  Run Bytes Received By Job
	65348  -  Total Bytes Sent By Job
	8650369  -  Total Bytes Received By Job
	Partitionable Resources :    Usage  Request Allocated 
	   Cpus                 :     0.70        1         1 
	   Disk (KB)            :  8574     2048000  18514405 
	   Memory (MB)          :   201        1992      2048 
...
