000 (5991923.000.000) 06/26 08:42:20 Job submitted from host: <144.92.181.245:9618?addrs=144.92.181.245-9618+[2607-f388-101c-1000--372]-9618&noUDP&sock=3375869_eb73_3>
...
001 (5991923.000.000) 06/26 08:43:50 Job executing on host: <144.92.181.86:9618?addrs=144.92.181.86-9618+[2607-f388-101c-1000--629]-9618&noUDP&sock=2458_8fe1_3>
...
006 (5991923.000.000) 06/26 08:43:58 Image size of job updated: 259204
	252  -  MemoryUsage of job (MB)
	257192  -  ResidentSetSize of job (KB)
...
005 (5991923.000.000) 06/26 08:47:32 Job terminated.
	(1) Normal termination (return value 0)
		Usr 0 00:03:01, Sys 0 00:00:08  -  Run Remote Usage
		Usr 0 00:00:00, Sys 0 00:00:00  -  Run Local Usage
		Usr 0 00:03:01, Sys 0 00:00:08  -  Total Remote Usage
		Usr 0 00:00:00, Sys 0 00:00:00  -  Total Local Usage
	58588  -  Run Bytes Sent By Job
	8650365  -  Run Bytes Received By Job
	58588  -  Total Bytes Sent By Job
	8650365  -  Total Bytes Received By Job
	Partitionable Resources :    Usage  Request Allocated 
	   Cpus                 :     0.30        1         1 
	   Disk (KB)            :  8565     2048000  18498388 
	   Memory (MB)          :   252        1992      2048 
...
