000 (5991945.000.000) 06/26 08:42:34 Job submitted from host: <144.92.181.245:9618?addrs=144.92.181.245-9618+[2607-f388-101c-1000--372]-9618&noUDP&sock=3375869_eb73_3>
...
001 (5991945.000.000) 06/26 08:45:37 Job executing on host: <128.104.227.103:9618?addrs=128.104.227.103-9618+[2607-f388-101c-1000--52]-9618&noUDP&sock=3904_65d3_3>
...
006 (5991945.000.000) 06/26 08:45:46 Image size of job updated: 331372
	220  -  MemoryUsage of job (MB)
	225192  -  ResidentSetSize of job (KB)
...
005 (5991945.000.000) 06/26 08:49:02 Job terminated.
	(1) Normal termination (return value 0)
		Usr 0 00:02:32, Sys 0 00:00:05  -  Run Remote Usage
		Usr 0 00:00:00, Sys 0 00:00:00  -  Run Local Usage
		Usr 0 00:02:32, Sys 0 00:00:05  -  Total Remote Usage
		Usr 0 00:00:00, Sys 0 00:00:00  -  Total Local Usage
	55190  -  Run Bytes Sent By Job
	8650365  -  Run Bytes Received By Job
	55190  -  Total Bytes Sent By Job
	8650365  -  Total Bytes Received By Job
	Partitionable Resources :    Usage  Request Allocated 
	   Cpus                 :     0.80        1         1 
	   Disk (KB)            :  8562     2048000  18994846 
	   Memory (MB)          :   220        1992      2048 
...
