000 (5991828.000.000) 06/26 08:41:06 Job submitted from host: <144.92.181.245:9618?addrs=144.92.181.245-9618+[2607-f388-101c-1000--372]-9618&noUDP&sock=3375869_eb73_3>
...
001 (5991828.000.000) 06/26 08:41:33 Job executing on host: <144.92.181.232:9618?addrs=144.92.181.232-9618+[2607-f388-101c-1000--629]-9618&noUDP&sock=2463_fdda_3>
...
006 (5991828.000.000) 06/26 08:41:42 Image size of job updated: 155676
	63  -  MemoryUsage of job (MB)
	63524  -  ResidentSetSize of job (KB)
...
005 (5991828.000.000) 06/26 08:41:46 Job terminated.
	(1) Normal termination (return value 0)
		Usr 0 00:00:04, Sys 0 00:00:01  -  Run Remote Usage
		Usr 0 00:00:00, Sys 0 00:00:00  -  Run Local Usage
		Usr 0 00:00:04, Sys 0 00:00:01  -  Total Remote Usage
		Usr 0 00:00:00, Sys 0 00:00:00  -  Total Local Usage
	94418  -  Run Bytes Sent By Job
	8650399  -  Run Bytes Received By Job
	94418  -  Total Bytes Sent By Job
	8650399  -  Total Bytes Received By Job
	Partitionable Resources :    Usage  Request Allocated 
	   Cpus                 :        0        1         1 
	   Disk (KB)            :     8602  2048000  18504861 
	   Memory (MB)          :       63     1992      2048 
...
