000 (5991897.000.000) 06/26 08:41:50 Job submitted from host: <144.92.181.245:9618?addrs=144.92.181.245-9618+[2607-f388-101c-1000--372]-9618&noUDP&sock=3375869_eb73_3>
...
001 (5991897.000.000) 06/26 08:43:29 Job executing on host: <144.92.181.69:9618?addrs=144.92.181.69-9618+[2607-f388-101c-1000--629]-9618&noUDP&sock=2424_3da8_3>
...
006 (5991897.000.000) 06/26 08:43:38 Image size of job updated: 339376
	228  -  MemoryUsage of job (MB)
	232564  -  ResidentSetSize of job (KB)
...
005 (5991897.000.000) 06/26 08:43:54 Job terminated.
	(1) Normal termination (return value 0)
		Usr 0 00:00:17, Sys 0 00:00:01  -  Run Remote Usage
		Usr 0 00:00:00, Sys 0 00:00:00  -  Run Local Usage
		Usr 0 00:00:17, Sys 0 00:00:01  -  Total Remote Usage
		Usr 0 00:00:00, Sys 0 00:00:00  -  Total Local Usage
	66011  -  Run Bytes Sent By Job
	8650348  -  Run Bytes Received By Job
	66011  -  Total Bytes Sent By Job
	8650348  -  Total Bytes Received By Job
	Partitionable Resources :    Usage  Request Allocated 
	   Cpus                 :     0.83        1         1 
	   Disk (KB)            :  8574     2048000  18505026 
	   Memory (MB)          :   228        1992      2048 
...
