000 (5991847.000.000) 06/26 08:41:17 Job submitted from host: <144.92.181.245:9618?addrs=144.92.181.245-9618+[2607-f388-101c-1000--372]-9618&noUDP&sock=3375869_eb73_3>
...
001 (5991847.000.000) 06/26 08:42:04 Job executing on host: <144.92.181.74:9618?addrs=144.92.181.74-9618+[2607-f388-101c-1000--629]-9618&noUDP&sock=2458_8fe1_3>
...
006 (5991847.000.000) 06/26 08:42:10 Image size of job updated: 1792
	0  -  MemoryUsage of job (MB)
	0  -  ResidentSetSize of job (KB)
...
005 (5991847.000.000) 06/26 08:42:10 Job terminated.
	(1) Normal termination (return value 0)
		Usr 0 00:00:02, Sys 0 00:00:00  -  Run Remote Usage
		Usr 0 00:00:00, Sys 0 00:00:00  -  Run Local Usage
		Usr 0 00:00:02, Sys 0 00:00:00  -  Total Remote Usage
		Usr 0 00:00:00, Sys 0 00:00:00  -  Total Local Usage
	31047  -  Run Bytes Sent By Job
	8650393  -  Run Bytes Received By Job
	31047  -  Total Bytes Sent By Job
	8650393  -  Total Bytes Received By Job
	Partitionable Resources :    Usage  Request Allocated 
	   Cpus                 :     0.05        1         1 
	   Disk (KB)            :  8540     2048000  18508396 
	   Memory (MB)          :     0        1992      2048 
...
