000 (5991872.000.000) 06/26 08:41:34 Job submitted from host: <144.92.181.245:9618?addrs=144.92.181.245-9618+[2607-f388-101c-1000--372]-9618&noUDP&sock=3375869_eb73_3>
...
001 (5991872.000.000) 06/26 08:42:55 Job executing on host: <128.104.227.103:9618?addrs=128.104.227.103-9618+[2607-f388-101c-1000--52]-9618&noUDP&sock=3904_65d3_3>
...
006 (5991872.000.000) 06/26 08:43:03 Image size of job updated: 298148
	188  -  MemoryUsage of job (MB)
	192144  -  ResidentSetSize of job (KB)
...
005 (5991872.000.000) 06/26 08:43:33 Job terminated.
	(1) Normal termination (return value 0)
		Usr 0 00:00:24, Sys 0 00:00:02  -  Run Remote Usage
		Usr 0 00:00:00, Sys 0 00:00:00  -  Run Local Usage
		Usr 0 00:00:24, Sys 0 00:00:02  -  Total Remote Usage
		Usr 0 00:00:00, Sys 0 00:00:00  -  Total Local Usage
	62100  -  Run Bytes Sent By Job
	8650375  -  Run Bytes Received By Job
	62100  -  Total Bytes Sent By Job
	8650375  -  Total Bytes Received By Job
	Partitionable Resources :    Usage  Request Allocated 
	   Cpus                 :        0        1         1 
	   Disk (KB)            :     8569  2048000  18994846 
	   Memory (MB)          :      188     1992      2048 
...
