000 (5991941.000.000) 06/26 08:42:30 Job submitted from host: <144.92.181.245:9618?addrs=144.92.181.245-9618+[2607-f388-101c-1000--372]-9618&noUDP&sock=3375869_eb73_3>
...
001 (5991941.000.000) 06/26 08:45:13 Job executing on host: <144.92.180.113:9618?addrs=144.92.180.113-9618+[2607-f388-101c-1000--629]-9618&noUDP&sock=3582_8854_3>
...
006 (5991941.000.000) 06/26 08:45:21 Image size of job updated: 332660
	221  -  MemoryUsage of job (MB)
	225608  -  ResidentSetSize of job (KB)
...
005 (5991941.000.000) 06/26 08:48:52 Job terminated.
	(1) Normal termination (return value 0)
		Usr 0 00:02:49, Sys 0 00:00:09  -  Run Remote Usage
		Usr 0 00:00:00, Sys 0 00:00:00  -  Run Local Usage
		Usr 0 00:02:49, Sys 0 00:00:09  -  Total Remote Usage
		Usr 0 00:00:00, Sys 0 00:00:00  -  Total Local Usage
	55293  -  Run Bytes Sent By Job
	8650365  -  Run Bytes Received By Job
	55293  -  Total Bytes Sent By Job
	8650365  -  Total Bytes Received By Job
	Partitionable Resources :    Usage  Request Allocated 
	   Cpus                 :     0.82        1         1 
	   Disk (KB)            :  8564     2048000  18351582 
	   Memory (MB)          :   221        1992      2048 
...
