000 (5991934.000.000) 06/26 08:42:26 Job submitted from host: <144.92.181.245:9618?addrs=144.92.181.245-9618+[2607-f388-101c-1000--372]-9618&noUDP&sock=3375869_eb73_3>
...
001 (5991934.000.000) 06/26 08:44:30 Job executing on host: <128.104.227.129:9618?addrs=128.104.227.129-9618+[2607-f388-101c-1000--76]-9618&noUDP&sock=2591_c9f9_3>
...
006 (5991934.000.000) 06/26 08:44:39 Image size of job updated: 355700
	244  -  MemoryUsage of job (MB)
	249628  -  ResidentSetSize of job (KB)
...
005 (5991934.000.000) 06/26 08:45:59 Job terminated.
	(1) Normal termination (return value 0)
		Usr 0 00:00:57, Sys 0 00:00:01  -  Run Remote Usage
		Usr 0 00:00:00, Sys 0 00:00:00  -  Run Local Usage
		Usr 0 00:00:57, Sys 0 00:00:01  -  Total Remote Usage
		Usr 0 00:00:00, Sys 0 00:00:00  -  Total Local Usage
	55088  -  Run Bytes Sent By Job
	8650365  -  Run Bytes Received By Job
	55088  -  Total Bytes Sent By Job
	8650365  -  Total Bytes Received By Job
	Partitionable Resources :    Usage  Request Allocated 
	   Cpus                 :        0        1         1 
	   Disk (KB)            :     8562  2048000  18984037 
	   Memory (MB)          :      244     1992      2048 
...
