000 (5991838.000.000) 06/26 08:41:12 Job submitted from host: <144.92.181.245:9618?addrs=144.92.181.245-9618+[2607-f388-101c-1000--372]-9618&noUDP&sock=3375869_eb73_3>
...
001 (5991838.000.000) 06/26 08:41:55 Job executing on host: <144.92.181.236:9618?addrs=144.92.181.236-9618+[2607-f388-101c-1000--629]-9618&noUDP&sock=2430_5b3a_3>
...
006 (5991838.000.000) 06/26 08:42:04 Image size of job updated: 198128
	191  -  MemoryUsage of job (MB)
	195200  -  ResidentSetSize of job (KB)
...
005 (5991838.000.000) 06/26 08:43:15 Job terminated.
	(1) Normal termination (return value 0)
		Usr 0 00:00:56, Sys 0 00:00:03  -  Run Remote Usage
		Usr 0 00:00:00, Sys 0 00:00:00  -  Run Local Usage
		Usr 0 00:00:56, Sys 0 00:00:03  -  Total Remote Usage
		Usr 0 00:00:00, Sys 0 00:00:00  -  Total Local Usage
	123283  -  Run Bytes Sent By Job
	8650396  -  Run Bytes Received By Job
	123283  -  Total Bytes Sent By Job
	8650396  -  Total Bytes Received By Job
	Partitionable Resources :    Usage  Request Allocated 
	   Cpus                 :     0.78        1         1 
	   Disk (KB)            :  8628     2048000  18510640 
	   Memory (MB)          :   191        1992      2048 
...
