000 (5991835.000.000) 06/26 08:41:10 Job submitted from host: <144.92.181.245:9618?addrs=144.92.181.245-9618+[2607-f388-101c-1000--372]-9618&noUDP&sock=3375869_eb73_3>
...
001 (5991835.000.000) 06/26 08:41:46 Job executing on host: <144.92.181.86:9618?addrs=144.92.181.86-9618+[2607-f388-101c-1000--629]-9618&noUDP&sock=2458_8fe1_3>
...
006 (5991835.000.000) 06/26 08:41:55 Image size of job updated: 303504
	191  -  MemoryUsage of job (MB)
	194944  -  ResidentSetSize of job (KB)
...
005 (5991835.000.000) 06/26 08:42:54 Job terminated.
	(1) Normal termination (return value 0)
		Usr 0 00:00:51, Sys 0 00:00:02  -  Run Remote Usage
		Usr 0 00:00:00, Sys 0 00:00:00  -  Run Local Usage
		Usr 0 00:00:51, Sys 0 00:00:02  -  Total Remote Usage
		Usr 0 00:00:00, Sys 0 00:00:00  -  Total Local Usage
	127104  -  Run Bytes Sent By Job
	8650411  -  Run Bytes Received By Job
	127104  -  Total Bytes Sent By Job
	8650411  -  Total Bytes Received By Job
	Partitionable Resources :    Usage  Request Allocated 
	   Cpus                 :     0.81        1         1 
	   Disk (KB)            :  8634     2048000  18498388 
	   Memory (MB)          :   191        1992      2048 
...
