000 (5991883.000.000) 06/26 08:41:41 Job submitted from host: <144.92.181.245:9618?addrs=144.92.181.245-9618+[2607-f388-101c-1000--372]-9618&noUDP&sock=3375869_eb73_3>
...
001 (5991883.000.000) 06/26 08:43:10 Job executing on host: <144.92.181.74:9618?addrs=144.92.181.74-9618+[2607-f388-101c-1000--629]-9618&noUDP&sock=2458_8fe1_3>
...
006 (5991883.000.000) 06/26 08:43:18 Image size of job updated: 303084
	193  -  MemoryUsage of job (MB)
	197368  -  ResidentSetSize of job (KB)
...
005 (5991883.000.000) 06/26 08:43:33 Job terminated.
	(1) Normal termination (return value 0)
		Usr 0 00:00:17, Sys 0 00:00:01  -  Run Remote Usage
		Usr 0 00:00:00, Sys 0 00:00:00  -  Run Local Usage
		Usr 0 00:00:17, Sys 0 00:00:01  -  Total Remote Usage
		Usr 0 00:00:00, Sys 0 00:00:00  -  Total Local Usage
	64004  -  Run Bytes Sent By Job
	8650375  -  Run Bytes Received By Job
	64004  -  Total Bytes Sent By Job
	8650375  -  Total Bytes Received By Job
	Partitionable Resources :    Usage  Request Allocated 
	   Cpus                 :        0        1         1 
	   Disk (KB)            :     8570  2048000  18508396 
	   Memory (MB)          :      193     1992      2048 
...
