000 (5991821.000.000) 06/26 08:41:01 Job submitted from host: <144.92.181.245:9618?addrs=144.92.181.245-9618+[2607-f388-101c-1000--372]-9618&noUDP&sock=3375869_eb73_3>
...
001 (5991821.000.000) 06/26 08:41:32 Job executing on host: <144.92.180.219:9618?addrs=144.92.180.219-9618+[2607-f388-101c-1000--629]-9618&noUDP&sock=3129_cfed_3>
...
006 (5991821.000.000) 06/26 08:41:41 Image size of job updated: 298616
	187  -  MemoryUsage of job (MB)
	191080  -  ResidentSetSize of job (KB)
...
005 (5991821.000.000) 06/26 08:42:01 Job terminated.
	(1) Normal termination (return value 0)
		Usr 0 00:00:19, Sys 0 00:00:01  -  Run Remote Usage
		Usr 0 00:00:00, Sys 0 00:00:00  -  Run Local Usage
		Usr 0 00:00:19, Sys 0 00:00:01  -  Total Remote Usage
		Usr 0 00:00:00, Sys 0 00:00:00  -  Total Local Usage
	117646  -  Run Bytes Sent By Job
	8650390  -  Run Bytes Received By Job
	117646  -  Total Bytes Sent By Job
	8650390  -  Total Bytes Received By Job
	Partitionable Resources :    Usage  Request Allocated 
	   Cpus                 :        0        1         1 
	   Disk (KB)            :     8623  2048000  18989361 
	   Memory (MB)          :      187     1992      2048 
...
