********** for data *********
All files added.
Initializing chain.
Output 40_SingleMuon_21-05-2020_16-08.root
Coming in: 
nentries:50468216
Running over 50468216 events.
Finished entry 0/50468215
Finished entry 1000000/50468215
Finished entry 2000000/50468215
Finished entry 3000000/50468215
Finished entry 4000000/50468215
Finished entry 5000000/50468215
Finished entry 6000000/50468215
Finished entry 7000000/50468215
Finished entry 8000000/50468215
Finished entry 9000000/50468215
Finished entry 10000000/50468215
Finished entry 11000000/50468215
Finished entry 12000000/50468215
Finished entry 13000000/50468215
Finished entry 14000000/50468215
Finished entry 15000000/50468215
Finished entry 16000000/50468215
Finished entry 17000000/50468215
Finished entry 18000000/50468215
Finished entry 19000000/50468215
Finished entry 20000000/50468215
Finished entry 21000000/50468215
Finished entry 22000000/50468215
Finished entry 23000000/50468215
Finished entry 24000000/50468215
Finished entry 25000000/50468215
Finished entry 26000000/50468215
Finished entry 27000000/50468215
Finished entry 28000000/50468215
Finished entry 29000000/50468215
Finished entry 30000000/50468215
Finished entry 31000000/50468215
Finished entry 32000000/50468215
Finished entry 33000000/50468215
Finished entry 34000000/50468215
Finished entry 35000000/50468215
Finished entry 36000000/50468215
Finished entry 37000000/50468215
Finished entry 38000000/50468215
Finished entry 39000000/50468215
Finished entry 40000000/50468215
Finished entry 41000000/50468215
Finished entry 42000000/50468215
Finished entry 43000000/50468215
Finished entry 44000000/50468215
Finished entry 45000000/50468215
Finished entry 46000000/50468215
Finished entry 47000000/50468215
Finished entry 48000000/50468215
Finished entry 49000000/50468215
Finished entry 50000000/50468215
Finished entry 50468215/50468215
All events checked.
*******************************************
******************Jithin's original*************************
    Initial entries 50468216.000000
Inspected genWeightd 0.000000
   METFiltersPassed 50405839.000000
    SingleTrgPassed 34946615.000000
     GoodMuonPassed 24654021.000000
 Good Muon 2 Passed 1673791.000000
         opp charge 1673263.000000
       DeltaRPassed 1658354.000000
     PassedBjetVeto 1614700.000000
PassedVisibleMasscut 1470695.000000
     nGoodTauPassed 105618.000000
    nTightTauPassed 1122.000000
   nVLooseTauPassed 6010.000000
*******************************************
*******************************************
Number of events inspected: 0
Number of events inspected (minus negative gen. weights): 0.000000
 (net weight with SF): 1.000000
*******************************************
  Real Time = 8643.327,    Cpu Time = 5611.900
***************************
Output written to  40_SingleMuon_21-05-2020_16-08.root
