000 (5504883.000.000) 05/21 16:08:56 Job submitted from host: <144.92.181.245:9618?addrs=144.92.181.245-9618+[2607-f388-101c-1000--372]-9618&noUDP&sock=2820_dd29_3>
...
001 (5504883.000.000) 05/21 16:19:15 Job executing on host: <144.92.181.209:9618?addrs=144.92.181.209-9618+[2607-f388-101c-1000--629]-9618&noUDP&sock=3525_6f6e_3>
...
006 (5504883.000.000) 05/21 16:19:24 Image size of job updated: 39232
	14  -  MemoryUsage of job (MB)
	14020  -  ResidentSetSize of job (KB)
...
006 (5504883.000.000) 05/21 16:39:25 Image size of job updated: 408324
	363  -  MemoryUsage of job (MB)
	371196  -  ResidentSetSize of job (KB)
...
006 (5504883.000.000) 05/21 16:59:25 Image size of job updated: 496604
	481  -  MemoryUsage of job (MB)
	492364  -  ResidentSetSize of job (KB)
...
006 (5504883.000.000) 05/21 17:19:25 Image size of job updated: 522000
	505  -  MemoryUsage of job (MB)
	516996  -  ResidentSetSize of job (KB)
...
006 (5504883.000.000) 05/21 17:39:25 Image size of job updated: 527372
	511  -  MemoryUsage of job (MB)
	522308  -  ResidentSetSize of job (KB)
...
006 (5504883.000.000) 05/21 17:59:27 Image size of job updated: 532164
	517  -  MemoryUsage of job (MB)
	529272  -  ResidentSetSize of job (KB)
...
005 (5504883.000.000) 05/21 19:54:30 Job terminated.
	(1) Normal termination (return value 0)
		Usr 0 02:20:48, Sys 0 00:04:52  -  Run Remote Usage
		Usr 0 00:00:00, Sys 0 00:00:00  -  Run Local Usage
		Usr 0 02:20:48, Sys 0 00:04:52  -  Total Remote Usage
		Usr 0 00:00:00, Sys 0 00:00:00  -  Total Local Usage
	330018880  -  Run Bytes Sent By Job
	180487  -  Run Bytes Received By Job
	330018880  -  Total Bytes Sent By Job
	180487  -  Total Bytes Received By Job
	Partitionable Resources :     Usage  Request Allocated 
	   Cpus                 :      0.72        1         1 
	   Disk (KB)            : 322520     2048000  18357564 
	   Memory (MB)          :    517        1992      2048 
...
