000 (5504885.000.000) 05/21 16:08:57 Job submitted from host: <144.92.181.245:9618?addrs=144.92.181.245-9618+[2607-f388-101c-1000--372]-9618&noUDP&sock=2820_dd29_3>
...
001 (5504885.000.000) 05/21 16:19:48 Job executing on host: <144.92.180.101:9618?addrs=144.92.180.101-9618+[2607-f388-101c-1000--629]-9618&noUDP&sock=2752_38b9_3>
...
006 (5504885.000.000) 05/21 16:19:57 Image size of job updated: 225744
	107  -  MemoryUsage of job (MB)
	109328  -  ResidentSetSize of job (KB)
...
006 (5504885.000.000) 05/21 16:39:58 Image size of job updated: 455232
	351  -  MemoryUsage of job (MB)
	358684  -  ResidentSetSize of job (KB)
...
006 (5504885.000.000) 05/21 16:59:59 Image size of job updated: 517188
	504  -  MemoryUsage of job (MB)
	515344  -  ResidentSetSize of job (KB)
...
006 (5504885.000.000) 05/21 17:39:59 Image size of job updated: 523392
	510  -  MemoryUsage of job (MB)
	521500  -  ResidentSetSize of job (KB)
...
006 (5504885.000.000) 05/21 17:59:59 Image size of job updated: 525540
	510  -  MemoryUsage of job (MB)
	521908  -  ResidentSetSize of job (KB)
...
006 (5504885.000.000) 05/21 18:20:00 Image size of job updated: 525540
	510  -  MemoryUsage of job (MB)
	521924  -  ResidentSetSize of job (KB)
...
005 (5504885.000.000) 05/21 19:22:22 Job terminated.
	(1) Normal termination (return value 0)
		Usr 0 01:57:12, Sys 0 00:03:35  -  Run Remote Usage
		Usr 0 00:00:00, Sys 0 00:00:00  -  Run Local Usage
		Usr 0 01:57:12, Sys 0 00:03:35  -  Total Remote Usage
		Usr 0 00:00:00, Sys 0 00:00:00  -  Total Local Usage
	303528544  -  Run Bytes Sent By Job
	180487  -  Run Bytes Received By Job
	303528544  -  Total Bytes Sent By Job
	180487  -  Total Bytes Received By Job
	Partitionable Resources :     Usage  Request Allocated 
	   Cpus                 :      0.82        1         1 
	   Disk (KB)            : 296653     2048000  18988010 
	   Memory (MB)          :    510        1992      2048 
...
