********** for MC *********
All files added.
Initializing chain.
from Init DATA
Coming in: 
nentries:17432110
Running over 17432110 events.
Finished entry 0/17432109
Finished entry 800000/17432109
Finished entry 1600000/17432109
Finished entry 2400000/17432109
Finished entry 3200000/17432109
Finished entry 4000000/17432109
Finished entry 4800000/17432109
Finished entry 5600000/17432109
Finished entry 6400000/17432109
Finished entry 7200000/17432109
Finished entry 8000000/17432109
Finished entry 8800000/17432109
Finished entry 9600000/17432109
Finished entry 10400000/17432109
Finished entry 11200000/17432109
Finished entry 12000000/17432109
Finished entry 12800000/17432109
Finished entry 13600000/17432109
Finished entry 14400000/17432109
Finished entry 15200000/17432109
Finished entry 16000000/17432109
Finished entry 16800000/17432109
nPassedSkimmed = 1.19774e+06
nEvents = 17432110
Real time 2:38:51, CP time 5088.920
