000 (2933601.000.000) 07/19 17:02:18 Job submitted from host: <144.92.180.28:9618?addrs=144.92.180.28-9618+[2607-f388-101c-1000--370]-9618&noUDP&sock=4165887_8e8e_6>
...
001 (2933601.000.000) 07/19 17:02:25 Job executing on host: <128.104.227.55:9618?addrs=128.104.227.55-9618+[2607-f388-101c-1000--629]-9618&noUDP&sock=3262_0a06_3>
...
006 (2933601.000.000) 07/19 17:02:34 Image size of job updated: 229624
	106  -  MemoryUsage of job (MB)
	107580  -  ResidentSetSize of job (KB)
...
006 (2933601.000.000) 07/19 17:22:34 Image size of job updated: 490888
	480  -  MemoryUsage of job (MB)
	490588  -  ResidentSetSize of job (KB)
...
006 (2933601.000.000) 07/19 17:42:34 Image size of job updated: 491352
	480  -  MemoryUsage of job (MB)
	491240  -  ResidentSetSize of job (KB)
...
006 (2933601.000.000) 07/19 18:02:34 Image size of job updated: 492432
	480  -  MemoryUsage of job (MB)
	491380  -  ResidentSetSize of job (KB)
...
005 (2933601.000.000) 07/19 18:06:22 Job terminated.
	(1) Normal termination (return value 0)
		Usr 0 00:21:25, Sys 0 00:00:46  -  Run Remote Usage
		Usr 0 00:00:00, Sys 0 00:00:00  -  Run Local Usage
		Usr 0 00:21:25, Sys 0 00:00:46  -  Total Remote Usage
		Usr 0 00:00:00, Sys 0 00:00:00  -  Total Local Usage
	2388478976  -  Run Bytes Sent By Job
	218142  -  Run Bytes Received By Job
	2388478976  -  Total Bytes Sent By Job
	218142  -  Total Bytes Received By Job
	Partitionable Resources :      Usage  Request Allocated 
	   Cpus                 :       0.34        1         1 
	   Disk (KB)            : 2332772     2048000  18998291 
	   Memory (MB)          :     480        1992      2048 
...
