000 (2933588.000.000) 07/19 17:02:14 Job submitted from host: <144.92.180.28:9618?addrs=144.92.180.28-9618+[2607-f388-101c-1000--370]-9618&noUDP&sock=4165887_8e8e_6>
...
001 (2933588.000.000) 07/19 17:02:25 Job executing on host: <128.104.227.127:9618?addrs=128.104.227.127-9618+[2607-f388-101c-1000--74]-9618&noUDP&sock=8341_cf8a_3>
...
006 (2933588.000.000) 07/19 17:02:25 Image size of job updated: 140
	1  -  MemoryUsage of job (MB)
	56  -  ResidentSetSize of job (KB)
...
004 (2933588.000.000) 07/19 17:02:25 Job was evicted.
	(0) Job terminated and was requeued
		Usr 0 00:00:00, Sys 0 00:00:00  -  Run Remote Usage
		Usr 0 00:00:00, Sys 0 00:00:00  -  Run Local Usage
	109  -  Run Bytes Sent By Job
	11366  -  Run Bytes Received By Job
	(1) Normal termination (return value 126)
	The job attribute OnExitRemove expression '(ExitBySignal == false && (ExitCode == 0 || ExitCode == 42 || NumJobStarts > 3))' evaluated to FALSE
...
001 (2933588.000.000) 07/19 17:02:52 Job executing on host: <128.104.227.127:9618?addrs=128.104.227.127-9618+[2607-f388-101c-1000--74]-9618&noUDP&sock=8341_cf8a_3>
...
006 (2933588.000.000) 07/19 17:03:00 Image size of job updated: 150092
	106  -  MemoryUsage of job (MB)
	108180  -  ResidentSetSize of job (KB)
...
006 (2933588.000.000) 07/19 17:23:00 Image size of job updated: 550392
	536  -  MemoryUsage of job (MB)
	548256  -  ResidentSetSize of job (KB)
...
006 (2933588.000.000) 07/19 17:43:01 Image size of job updated: 550392
	536  -  MemoryUsage of job (MB)
	548460  -  ResidentSetSize of job (KB)
...
006 (2933588.000.000) 07/19 18:03:02 Image size of job updated: 550392
	536  -  MemoryUsage of job (MB)
	548672  -  ResidentSetSize of job (KB)
...
006 (2933588.000.000) 07/19 18:43:04 Image size of job updated: 550424
	536  -  MemoryUsage of job (MB)
	548672  -  ResidentSetSize of job (KB)
...
006 (2933588.000.000) 07/19 19:03:04 Image size of job updated: 615324
	600  -  MemoryUsage of job (MB)
	613592  -  ResidentSetSize of job (KB)
...
005 (2933588.000.000) 07/19 19:06:36 Job terminated.
	(1) Normal termination (return value 0)
		Usr 0 00:35:28, Sys 0 00:01:08  -  Run Remote Usage
		Usr 0 00:00:00, Sys 0 00:00:00  -  Run Local Usage
		Usr 0 00:35:28, Sys 0 00:01:08  -  Total Remote Usage
		Usr 0 00:00:00, Sys 0 00:00:00  -  Total Local Usage
	4463984640  -  Run Bytes Sent By Job
	218142  -  Run Bytes Received By Job
	4463984640  -  Total Bytes Sent By Job
	229508  -  Total Bytes Received By Job
	Partitionable Resources :      Usage  Request Allocated 
	   Cpus                 :       0.01        1         1 
	   Disk (KB)            : 4359636     2048000  19010182 
	   Memory (MB)          :     600        1992      2048 
...
