000 (2933592.000.000) 07/19 17:02:15 Job submitted from host: <144.92.180.28:9618?addrs=144.92.180.28-9618+[2607-f388-101c-1000--370]-9618&noUDP&sock=4165887_8e8e_6>
...
001 (2933592.000.000) 07/19 17:02:25 Job executing on host: <144.92.181.196:9618?addrs=144.92.181.196-9618+[2607-f388-101c-1000--629]-9618&noUDP&sock=3109_1808_3>
...
006 (2933592.000.000) 07/19 17:02:25 Image size of job updated: 84
	1  -  MemoryUsage of job (MB)
	68  -  ResidentSetSize of job (KB)
...
004 (2933592.000.000) 07/19 17:02:25 Job was evicted.
	(0) Job terminated and was requeued
		Usr 0 00:00:00, Sys 0 00:00:00  -  Run Remote Usage
		Usr 0 00:00:00, Sys 0 00:00:00  -  Run Local Usage
	107  -  Run Bytes Sent By Job
	11366  -  Run Bytes Received By Job
	(1) Normal termination (return value 126)
	The job attribute OnExitRemove expression '(ExitBySignal == false && (ExitCode == 0 || ExitCode == 42 || NumJobStarts > 3))' evaluated to FALSE
...
001 (2933592.000.000) 07/19 17:02:52 Job executing on host: <144.92.180.142:9618?addrs=144.92.180.142-9618+[2607-f388-101c-1000--629]-9618&noUDP&sock=3208_ffe8_3>
...
006 (2933592.000.000) 07/19 17:03:01 Image size of job updated: 228308
	106  -  MemoryUsage of job (MB)
	107908  -  ResidentSetSize of job (KB)
...
006 (2933592.000.000) 07/19 17:23:02 Image size of job updated: 564464
	551  -  MemoryUsage of job (MB)
	563280  -  ResidentSetSize of job (KB)
...
006 (2933592.000.000) 07/19 17:43:02 Image size of job updated: 565272
	551  -  MemoryUsage of job (MB)
	564016  -  ResidentSetSize of job (KB)
...
006 (2933592.000.000) 07/19 18:03:02 Image size of job updated: 565272
	551  -  MemoryUsage of job (MB)
	564036  -  ResidentSetSize of job (KB)
...
006 (2933592.000.000) 07/19 18:43:04 Image size of job updated: 565272
	551  -  MemoryUsage of job (MB)
	564044  -  ResidentSetSize of job (KB)
...
006 (2933592.000.000) 07/19 19:03:05 Image size of job updated: 565272
	551  -  MemoryUsage of job (MB)
	564072  -  ResidentSetSize of job (KB)
...
006 (2933592.000.000) 07/19 19:43:06 Image size of job updated: 565480
	552  -  MemoryUsage of job (MB)
	564696  -  ResidentSetSize of job (KB)
...
022 (2933592.000.000) 07/19 20:03:19 Job disconnected, attempting to reconnect
    Socket between submit and execute hosts closed unexpectedly
    Trying to reconnect to slot1_10@g28n14.hep.wisc.edu <144.92.180.142:9618?addrs=144.92.180.142-9618+[2607-f388-101c-1000--629]-9618&noUDP&sock=3208_ffe8_3>
...
023 (2933592.000.000) 07/19 20:03:20 Job reconnected to slot1_10@g28n14.hep.wisc.edu
    startd address: <144.92.180.142:9618?addrs=144.92.180.142-9618+[2607-f388-101c-1000--629]-9618&noUDP&sock=3208_ffe8_3>
    starter address: <144.92.180.142:9618?addrs=144.92.180.142-9618+[2607-f388-101c-1000--629]-9618&noUDP&sock=3879_db37_78559>
...
005 (2933592.000.000) 07/19 20:51:42 Job terminated.
	(1) Normal termination (return value 0)
		Usr 0 01:04:19, Sys 0 00:03:17  -  Run Remote Usage
		Usr 0 00:00:00, Sys 0 00:00:00  -  Run Local Usage
		Usr 0 01:04:19, Sys 0 00:03:17  -  Total Remote Usage
		Usr 0 00:00:00, Sys 0 00:00:00  -  Total Local Usage
	4542627328  -  Run Bytes Sent By Job
	218142  -  Run Bytes Received By Job
	4542627328  -  Total Bytes Sent By Job
	229508  -  Total Bytes Received By Job
	Partitionable Resources :    Usage  Request Allocated 
	   Cpus                 :        0        1         1 
	   Disk (KB)            :  4436433  2048000  18986753 
	   Memory (MB)          :      552     1992      2048 
...
