000 (2933593.000.000) 07/19 17:02:15 Job submitted from host: <144.92.180.28:9618?addrs=144.92.180.28-9618+[2607-f388-101c-1000--370]-9618&noUDP&sock=4165887_8e8e_6>
...
001 (2933593.000.000) 07/19 17:02:25 Job executing on host: <128.104.227.62:9618?addrs=128.104.227.62-9618+[2607-f388-101c-1000--629]-9618&noUDP&sock=3257_9c0c_3>
...
006 (2933593.000.000) 07/19 17:02:25 Image size of job updated: 64
	1  -  MemoryUsage of job (MB)
	32  -  ResidentSetSize of job (KB)
...
004 (2933593.000.000) 07/19 17:02:25 Job was evicted.
	(0) Job terminated and was requeued
		Usr 0 00:00:00, Sys 0 00:00:00  -  Run Remote Usage
		Usr 0 00:00:00, Sys 0 00:00:00  -  Run Local Usage
	108  -  Run Bytes Sent By Job
	11366  -  Run Bytes Received By Job
	(1) Normal termination (return value 126)
	The job attribute OnExitRemove expression '(ExitBySignal == false && (ExitCode == 0 || ExitCode == 42 || NumJobStarts > 3))' evaluated to FALSE
...
001 (2933593.000.000) 07/19 17:02:52 Job executing on host: <144.92.181.196:9618?addrs=144.92.181.196-9618+[2607-f388-101c-1000--629]-9618&noUDP&sock=3109_1808_3>
...
006 (2933593.000.000) 07/19 17:03:01 Image size of job updated: 170968
	53  -  MemoryUsage of job (MB)
	53504  -  ResidentSetSize of job (KB)
...
006 (2933593.000.000) 07/19 17:23:02 Image size of job updated: 533600
	521  -  MemoryUsage of job (MB)
	532756  -  ResidentSetSize of job (KB)
...
006 (2933593.000.000) 07/19 17:43:03 Image size of job updated: 533600
	521  -  MemoryUsage of job (MB)
	533016  -  ResidentSetSize of job (KB)
...
006 (2933593.000.000) 07/19 18:03:03 Image size of job updated: 535676
	521  -  MemoryUsage of job (MB)
	533080  -  ResidentSetSize of job (KB)
...
006 (2933593.000.000) 07/19 18:23:03 Image size of job updated: 535676
	521  -  MemoryUsage of job (MB)
	533096  -  ResidentSetSize of job (KB)
...
006 (2933593.000.000) 07/19 18:43:04 Image size of job updated: 535676
	521  -  MemoryUsage of job (MB)
	533100  -  ResidentSetSize of job (KB)
...
006 (2933593.000.000) 07/19 19:03:04 Image size of job updated: 535676
	521  -  MemoryUsage of job (MB)
	533128  -  ResidentSetSize of job (KB)
...
006 (2933593.000.000) 07/19 19:43:05 Image size of job updated: 535676
	521  -  MemoryUsage of job (MB)
	533136  -  ResidentSetSize of job (KB)
...
006 (2933593.000.000) 07/19 20:03:06 Image size of job updated: 536384
	521  -  MemoryUsage of job (MB)
	533144  -  ResidentSetSize of job (KB)
...
022 (2933593.000.000) 07/19 21:02:15 Job disconnected, attempting to reconnect
    Socket between submit and execute hosts closed unexpectedly
    Trying to reconnect to slot1_10@g30n28.hep.wisc.edu <144.92.181.196:9618?addrs=144.92.181.196-9618+[2607-f388-101c-1000--629]-9618&noUDP&sock=3109_1808_3>
...
023 (2933593.000.000) 07/19 21:02:15 Job reconnected to slot1_10@g30n28.hep.wisc.edu
    startd address: <144.92.181.196:9618?addrs=144.92.181.196-9618+[2607-f388-101c-1000--629]-9618&noUDP&sock=3109_1808_3>
    starter address: <144.92.181.196:9618?addrs=144.92.181.196-9618+[2607-f388-101c-1000--629]-9618&noUDP&sock=3449_e1e5_79101>
...
005 (2933593.000.000) 07/19 22:00:20 Job terminated.
	(1) Normal termination (return value 0)
		Usr 0 01:09:09, Sys 0 00:03:43  -  Run Remote Usage
		Usr 0 00:00:00, Sys 0 00:00:00  -  Run Local Usage
		Usr 0 01:09:09, Sys 0 00:03:43  -  Total Remote Usage
		Usr 0 00:00:00, Sys 0 00:00:00  -  Total Local Usage
	5283345408  -  Run Bytes Sent By Job
	218142  -  Run Bytes Received By Job
	5283345408  -  Total Bytes Sent By Job
	229508  -  Total Bytes Received By Job
	Partitionable Resources :      Usage  Request Allocated 
	   Cpus                 :       0.02        1         1 
	   Disk (KB)            : 5159792     2048000  18993744 
	   Memory (MB)          :     521        1992      2048 
...
