000 (2933591.000.000) 07/19 17:02:14 Job submitted from host: <144.92.180.28:9618?addrs=144.92.180.28-9618+[2607-f388-101c-1000--370]-9618&noUDP&sock=4165887_8e8e_6>
...
001 (2933591.000.000) 07/19 17:02:25 Job executing on host: <144.92.180.142:9618?addrs=144.92.180.142-9618+[2607-f388-101c-1000--629]-9618&noUDP&sock=3208_ffe8_3>
...
006 (2933591.000.000) 07/19 17:02:26 Image size of job updated: 44
	1  -  MemoryUsage of job (MB)
	28  -  ResidentSetSize of job (KB)
...
004 (2933591.000.000) 07/19 17:02:26 Job was evicted.
	(0) Job terminated and was requeued
		Usr 0 00:00:00, Sys 0 00:00:00  -  Run Remote Usage
		Usr 0 00:00:00, Sys 0 00:00:00  -  Run Local Usage
	108  -  Run Bytes Sent By Job
	11366  -  Run Bytes Received By Job
	(1) Normal termination (return value 126)
	The job attribute OnExitRemove expression '(ExitBySignal == false && (ExitCode == 0 || ExitCode == 42 || NumJobStarts > 3))' evaluated to FALSE
...
001 (2933591.000.000) 07/19 17:02:52 Job executing on host: <128.104.227.120:9618?addrs=128.104.227.120-9618+[2607-f388-101c-1000--96]-9618&noUDP&sock=3574_0b92_3>
...
006 (2933591.000.000) 07/19 17:03:01 Image size of job updated: 120168
	106  -  MemoryUsage of job (MB)
	107916  -  ResidentSetSize of job (KB)
...
006 (2933591.000.000) 07/19 17:23:01 Image size of job updated: 551344
	538  -  MemoryUsage of job (MB)
	550192  -  ResidentSetSize of job (KB)
...
006 (2933591.000.000) 07/19 17:43:01 Image size of job updated: 551344
	538  -  MemoryUsage of job (MB)
	550496  -  ResidentSetSize of job (KB)
...
006 (2933591.000.000) 07/19 18:03:01 Image size of job updated: 551344
	538  -  MemoryUsage of job (MB)
	550648  -  ResidentSetSize of job (KB)
...
006 (2933591.000.000) 07/19 18:23:02 Image size of job updated: 553316
	538  -  MemoryUsage of job (MB)
	550712  -  ResidentSetSize of job (KB)
...
006 (2933591.000.000) 07/19 18:43:03 Image size of job updated: 553316
	538  -  MemoryUsage of job (MB)
	550768  -  ResidentSetSize of job (KB)
...
006 (2933591.000.000) 07/19 19:03:03 Image size of job updated: 553316
	538  -  MemoryUsage of job (MB)
	550784  -  ResidentSetSize of job (KB)
...
005 (2933591.000.000) 07/19 19:34:42 Job terminated.
	(1) Normal termination (return value 0)
		Usr 0 00:45:25, Sys 0 00:01:47  -  Run Remote Usage
		Usr 0 00:00:00, Sys 0 00:00:00  -  Run Local Usage
		Usr 0 00:45:25, Sys 0 00:01:47  -  Total Remote Usage
		Usr 0 00:00:00, Sys 0 00:00:00  -  Total Local Usage
	4863714816  -  Run Bytes Sent By Job
	218142  -  Run Bytes Received By Job
	4863714816  -  Total Bytes Sent By Job
	229508  -  Total Bytes Received By Job
	Partitionable Resources :    Usage  Request Allocated 
	   Cpus                 :        0        1         1 
	   Disk (KB)            :  4749997  2048000  19002555 
	   Memory (MB)          :      538     1992      2048 
...
