********** for MC *********
All files added.
Initializing chain.
from Init DATA
Coming in: 
nentries:32302176
Running over 32302176 events.
Finished entry 0/32302175
Finished entry 1000000/32302175
Finished entry 2000000/32302175
Finished entry 3000000/32302175
Finished entry 4000000/32302175
Finished entry 5000000/32302175
Finished entry 6000000/32302175
Finished entry 7000000/32302175
Finished entry 8000000/32302175
Finished entry 9000000/32302175
Finished entry 10000000/32302175
Finished entry 11000000/32302175
Finished entry 12000000/32302175
Finished entry 13000000/32302175
Finished entry 14000000/32302175
Finished entry 15000000/32302175
Finished entry 16000000/32302175
Finished entry 17000000/32302175
Finished entry 18000000/32302175
Finished entry 19000000/32302175
Finished entry 20000000/32302175
Finished entry 21000000/32302175
Finished entry 22000000/32302175
Finished entry 23000000/32302175
Finished entry 24000000/32302175
Finished entry 25000000/32302175
Finished entry 26000000/32302175
Finished entry 27000000/32302175
Finished entry 28000000/32302175
Finished entry 29000000/32302175
Finished entry 30000000/32302175
Finished entry 31000000/32302175
Finished entry 32000000/32302175
nPassedSkimmed = 1.64528e+06
nEvents = 32302176
Real time 2:29:50, CP time 2883.760
