000 (2933595.000.000) 07/19 17:02:16 Job submitted from host: <144.92.180.28:9618?addrs=144.92.180.28-9618+[2607-f388-101c-1000--370]-9618&noUDP&sock=4165887_8e8e_6>
...
001 (2933595.000.000) 07/19 17:02:25 Job executing on host: <128.104.227.53:9618?addrs=128.104.227.53-9618+[2607-f388-101c-1000--629]-9618&noUDP&sock=3295_aca6_3>
...
006 (2933595.000.000) 07/19 17:02:25 Image size of job updated: 88
	1  -  MemoryUsage of job (MB)
	4  -  ResidentSetSize of job (KB)
...
004 (2933595.000.000) 07/19 17:02:26 Job was evicted.
	(0) Job terminated and was requeued
		Usr 0 00:00:00, Sys 0 00:00:00  -  Run Remote Usage
		Usr 0 00:00:00, Sys 0 00:00:00  -  Run Local Usage
	108  -  Run Bytes Sent By Job
	11366  -  Run Bytes Received By Job
	(1) Normal termination (return value 126)
	The job attribute OnExitRemove expression '(ExitBySignal == false && (ExitCode == 0 || ExitCode == 42 || NumJobStarts > 3))' evaluated to FALSE
...
001 (2933595.000.000) 07/19 17:02:52 Job executing on host: <128.104.227.127:9618?addrs=128.104.227.127-9618+[2607-f388-101c-1000--74]-9618&noUDP&sock=8341_cf8a_3>
...
006 (2933595.000.000) 07/19 17:03:01 Image size of job updated: 192716
	106  -  MemoryUsage of job (MB)
	108136  -  ResidentSetSize of job (KB)
...
006 (2933595.000.000) 07/19 17:23:01 Image size of job updated: 555408
	542  -  MemoryUsage of job (MB)
	554904  -  ResidentSetSize of job (KB)
...
006 (2933595.000.000) 07/19 17:43:01 Image size of job updated: 559812
	543  -  MemoryUsage of job (MB)
	555372  -  ResidentSetSize of job (KB)
...
006 (2933595.000.000) 07/19 18:03:01 Image size of job updated: 559812
	543  -  MemoryUsage of job (MB)
	555764  -  ResidentSetSize of job (KB)
...
006 (2933595.000.000) 07/19 18:23:02 Image size of job updated: 559812
	543  -  MemoryUsage of job (MB)
	556032  -  ResidentSetSize of job (KB)
...
006 (2933595.000.000) 07/19 18:43:04 Image size of job updated: 559812
	544  -  MemoryUsage of job (MB)
	556096  -  ResidentSetSize of job (KB)
...
005 (2933595.000.000) 07/19 19:05:32 Job terminated.
	(1) Normal termination (return value 0)
		Usr 0 00:35:04, Sys 0 00:01:09  -  Run Remote Usage
		Usr 0 00:00:00, Sys 0 00:00:00  -  Run Local Usage
		Usr 0 00:35:04, Sys 0 00:01:09  -  Total Remote Usage
		Usr 0 00:00:00, Sys 0 00:00:00  -  Total Local Usage
	4704050688  -  Run Bytes Sent By Job
	218142  -  Run Bytes Received By Job
	4704050688  -  Total Bytes Sent By Job
	229508  -  Total Bytes Received By Job
	Partitionable Resources :      Usage  Request Allocated 
	   Cpus                 :       0.01        1         1 
	   Disk (KB)            : 4594073     2048000  19010182 
	   Memory (MB)          :     544        1992      2048 
...
