000 (2933598.000.000) 07/19 17:02:17 Job submitted from host: <144.92.180.28:9618?addrs=144.92.180.28-9618+[2607-f388-101c-1000--370]-9618&noUDP&sock=4165887_8e8e_6>
...
001 (2933598.000.000) 07/19 17:02:25 Job executing on host: <128.104.227.48:9618?addrs=128.104.227.48-9618+[2607-f388-101c-1000--629]-9618&noUDP&sock=3340_8a69_3>
...
006 (2933598.000.000) 07/19 17:02:25 Image size of job updated: 28
	1  -  MemoryUsage of job (MB)
	28  -  ResidentSetSize of job (KB)
...
004 (2933598.000.000) 07/19 17:02:25 Job was evicted.
	(0) Job terminated and was requeued
		Usr 0 00:00:00, Sys 0 00:00:00  -  Run Remote Usage
		Usr 0 00:00:00, Sys 0 00:00:00  -  Run Local Usage
	108  -  Run Bytes Sent By Job
	11366  -  Run Bytes Received By Job
	(1) Normal termination (return value 126)
	The job attribute OnExitRemove expression '(ExitBySignal == false && (ExitCode == 0 || ExitCode == 42 || NumJobStarts > 3))' evaluated to FALSE
...
001 (2933598.000.000) 07/19 17:02:53 Job executing on host: <144.92.180.139:9618?addrs=144.92.180.139-9618+[2607-f388-101c-1000--629]-9618&noUDP&sock=2985_0a4a_3>
...
006 (2933598.000.000) 07/19 17:03:01 Image size of job updated: 157012
	41  -  MemoryUsage of job (MB)
	41728  -  ResidentSetSize of job (KB)
...
006 (2933598.000.000) 07/19 17:23:01 Image size of job updated: 547388
	533  -  MemoryUsage of job (MB)
	544956  -  ResidentSetSize of job (KB)
...
006 (2933598.000.000) 07/19 17:43:01 Image size of job updated: 547388
	533  -  MemoryUsage of job (MB)
	545108  -  ResidentSetSize of job (KB)
...
006 (2933598.000.000) 07/19 18:03:02 Image size of job updated: 547388
	533  -  MemoryUsage of job (MB)
	545272  -  ResidentSetSize of job (KB)
...
006 (2933598.000.000) 07/19 18:23:03 Image size of job updated: 547388
	533  -  MemoryUsage of job (MB)
	545476  -  ResidentSetSize of job (KB)
...
006 (2933598.000.000) 07/19 19:03:04 Image size of job updated: 547388
	533  -  MemoryUsage of job (MB)
	545500  -  ResidentSetSize of job (KB)
...
006 (2933598.000.000) 07/19 19:23:04 Image size of job updated: 547388
	533  -  MemoryUsage of job (MB)
	545596  -  ResidentSetSize of job (KB)
...
006 (2933598.000.000) 07/19 19:43:05 Image size of job updated: 547388
	533  -  MemoryUsage of job (MB)
	545600  -  ResidentSetSize of job (KB)
...
006 (2933598.000.000) 07/19 20:03:05 Image size of job updated: 550100
	533  -  MemoryUsage of job (MB)
	545632  -  ResidentSetSize of job (KB)
...
006 (2933598.000.000) 07/19 20:23:06 Image size of job updated: 550100
	533  -  MemoryUsage of job (MB)
	545688  -  ResidentSetSize of job (KB)
...
006 (2933598.000.000) 07/19 20:40:01 Image size of job updated: 578360
	533  -  MemoryUsage of job (MB)
	545688  -  ResidentSetSize of job (KB)
...
005 (2933598.000.000) 07/19 21:53:38 Job terminated.
	(1) Normal termination (return value 0)
		Usr 0 01:21:42, Sys 0 00:03:29  -  Run Remote Usage
		Usr 0 00:00:00, Sys 0 00:00:00  -  Run Local Usage
		Usr 0 01:21:42, Sys 0 00:03:29  -  Total Remote Usage
		Usr 0 00:00:00, Sys 0 00:00:00  -  Total Local Usage
	6700187648  -  Run Bytes Sent By Job
	218142  -  Run Bytes Received By Job
	6700187648  -  Total Bytes Sent By Job
	229508  -  Total Bytes Received By Job
	Partitionable Resources :      Usage  Request Allocated 
	   Cpus                 :       0.10        1         1 
	   Disk (KB)            : 6543426     2048000  18986296 
	   Memory (MB)          :     533        1992      2048 
...
