000 (2933599.000.000) 07/19 17:02:17 Job submitted from host: <144.92.180.28:9618?addrs=144.92.180.28-9618+[2607-f388-101c-1000--370]-9618&noUDP&sock=4165887_8e8e_6>
...
001 (2933599.000.000) 07/19 17:02:26 Job executing on host: <144.92.180.240:9618?addrs=144.92.180.240-9618+[2607-f388-101c-1000--629]-9618&noUDP&sock=3082_92f9_3>
...
006 (2933599.000.000) 07/19 17:02:34 Image size of job updated: 229404
	106  -  MemoryUsage of job (MB)
	108148  -  ResidentSetSize of job (KB)
...
006 (2933599.000.000) 07/19 17:22:34 Image size of job updated: 501496
	489  -  MemoryUsage of job (MB)
	500496  -  ResidentSetSize of job (KB)
...
006 (2933599.000.000) 07/19 17:42:35 Image size of job updated: 501496
	490  -  MemoryUsage of job (MB)
	500852  -  ResidentSetSize of job (KB)
...
006 (2933599.000.000) 07/19 18:02:36 Image size of job updated: 501572
	490  -  MemoryUsage of job (MB)
	501024  -  ResidentSetSize of job (KB)
...
006 (2933599.000.000) 07/19 18:22:37 Image size of job updated: 501572
	490  -  MemoryUsage of job (MB)
	501028  -  ResidentSetSize of job (KB)
...
006 (2933599.000.000) 07/19 18:42:37 Image size of job updated: 501744
	490  -  MemoryUsage of job (MB)
	501028  -  ResidentSetSize of job (KB)
...
006 (2933599.000.000) 07/19 19:02:37 Image size of job updated: 501744
	490  -  MemoryUsage of job (MB)
	501040  -  ResidentSetSize of job (KB)
...
006 (2933599.000.000) 07/19 19:22:38 Image size of job updated: 502328
	490  -  MemoryUsage of job (MB)
	501628  -  ResidentSetSize of job (KB)
...
006 (2933599.000.000) 07/19 19:42:39 Image size of job updated: 526408
	514  -  MemoryUsage of job (MB)
	525656  -  ResidentSetSize of job (KB)
...
006 (2933599.000.000) 07/19 20:02:40 Image size of job updated: 539924
	526  -  MemoryUsage of job (MB)
	538056  -  ResidentSetSize of job (KB)
...
006 (2933599.000.000) 07/19 20:41:33 Image size of job updated: 540764
	526  -  MemoryUsage of job (MB)
	538056  -  ResidentSetSize of job (KB)
...
005 (2933599.000.000) 07/19 22:03:15 Job terminated.
	(1) Normal termination (return value 0)
		Usr 0 01:17:35, Sys 0 00:03:42  -  Run Remote Usage
		Usr 0 00:00:00, Sys 0 00:00:00  -  Run Local Usage
		Usr 0 01:17:35, Sys 0 00:03:42  -  Total Remote Usage
		Usr 0 00:00:00, Sys 0 00:00:00  -  Total Local Usage
	7181731840  -  Run Bytes Sent By Job
	218142  -  Run Bytes Received By Job
	7181731840  -  Total Bytes Sent By Job
	218142  -  Total Bytes Received By Job
	Partitionable Resources :      Usage  Request Allocated 
	   Cpus                 :       0.02        1         1 
	   Disk (KB)            : 7013685     2048000  18990778 
	   Memory (MB)          :     526        1992      2048 
...
